#
# A fatal error has been detected by the Java Runtime Environment:
#
#  SIGSEGV (0xb) at pc=0x000000010dc0a389, pid=2553, tid=0x0000000000000307
#
# JRE version: Java(TM) 2 Runtime Environment, Standard Edition (8.0_121-b13) (build 1.8.0_121-b13 14_Feb_2017_06_58 Mac OS X x64(SR4 FP1))
# Java VM: Java HotSpot(TM) 64-Bit Server VM (25.121-b13 mixed mode bsd-amd64 compressed oops)
# Problematic frame:
# C  [StartXD+0x10389]  DoubleData::ParseData(void*, int&)+0x5f
#
# Failed to write core dump. Core dumps have been disabled. To enable core dumping, try "ulimit -c unlimited" before starting Java again
#
# If you would like to submit a bug report, please visit:
#   http://bugreport.java.com/bugreport/crash.jsp
#

---------------  T H R E A D  ---------------

Current thread is native thread

siginfo: si_signo: 11 (SIGSEGV), si_code: 1 (SEGV_MAPERR), si_addr: 0x00007f9da6300000

Registers:
RAX=0x00000000000e3e54, RBX=0x00007f9da62ffffc, RCX=0x0000000000000000, RDX=0x0000000000080000
RSP=0x00007ffee2002b20, RBP=0x00007ffee2002b60, RSI=0x000000011921de48, RDI=0x00007ffee2005450
R8 =0x00000000000002a7, R9 =0x0000000000000136, R10=0x000000013398a000, R11=0x0000000000000000
R12=0x00007ffee2005450, R13=0x00007ffee2002b30, R14=0x00000000112270a6, R15=0x00007ffee2005438
RIP=0x000000010dc0a389, EFLAGS=0x0000000000010212, ERR=0x0000000000000004
  TRAPNO=0x000000000000000e

Top of Stack: (sp=0x00007ffee2002b20)
0x00007ffee2002b20:   0000000000000002 00007ffee2002c40
0x00007ffee2002b30:   0000000000000000 0000000000000004
0x00007ffee2002b40:   00007ffee20053e0 0000000000000000
0x00007ffee2002b50:   00007f9da621c1a0 00007f9da621c1a0
0x00007ffee2002b60:   00007ffee2002c70 000000010df085bd
0x00007ffee2002b70:   fd00000070001000 000000010df3ffff
0x00007ffee2002b80:   00007ffee2002c10 00007fff5de59758
0x00007ffee2002b90:   0000000000000000 0000000000000002
0x00007ffee2002ba0:   0000000000000000 0000000111581a00
0x00007ffee2002bb0:   0000000000000000 0000000000000010
0x00007ffee2002bc0:   0000000000000001 000000010df3f080
0x00007ffee2002bd0:   000000010df3f080 0000000111581a00
0x00007ffee2002be0:   000000010df3e000 0000000000000002
0x00007ffee2002bf0:   0000000011582e00 0000000000000000
0x00007ffee2002c00:   00007ffee2002cb0 0000000000000000
0x00007ffee2002c10:   00007fff96d8b000 0000000000000000
0x00007ffee2002c20:   00007ffee2002c50 00007fff5de42201
0x00007ffee2002c30:   0000000000000000 0000000000000000
0x00007ffee2002c40:   0000000400000000 00007ffee20053e0
0x00007ffee2002c50:   00007ffee2002cb0 0000000000000000
0x00007ffee2002c60:   00007f9da621c1a0 0000000000000000
0x00007ffee2002c70:   00007ffee2004ce0 000000010df019e9
0x00007ffee2002c80:   0000000000000000 00007ffee20053e0
0x00007ffee2002c90:   00007f9d9cc17410 00007f9da621c1a0
0x00007ffee2002ca0:   0000000000000000 0000000000000000
0x00007ffee2002cb0:   0000000000000000 0000000000000000
0x00007ffee2002cc0:   0000000000000000 0000000000000000
0x00007ffee2002cd0:   0000000000000000 0000000000000000
0x00007ffee2002ce0:   0000000000000000 0000000000000000
0x00007ffee2002cf0:   0000000000000000 0000000000000000
0x00007ffee2002d00:   0000000000000000 0000000000000000
0x00007ffee2002d10:   0000000000000000 0000000000000000 

Instructions: (pc=0x000000010dc0a389)
0x000000010dc0a369:   8d 67 18 48 83 c3 04 b8 0c 00 00 00 4c 8d 6d d0
0x000000010dc0a379:   eb 0e 41 ff ce 48 83 c3 08 41 8b 47 10 83 c0 08
0x000000010dc0a389:   f2 0f 10 03 f2 0f 11 45 d0 41 89 47 10 4c 89 e7
0x000000010dc0a399:   4c 89 ee e8 eb 23 00 00 45 85 f6 75 d5 41 8b 47 

Register to memory mapping:

RAX=0x00000000000e3e54 is an unknown value
RBX=0x00007f9da62ffffc is an unknown value
RCX=0x0000000000000000 is an unknown value
RDX=0x0000000000080000 is an unknown value
RSP=0x00007ffee2002b20 is an unknown value
RBP=0x00007ffee2002b60 is an unknown value
RSI=0x000000011921de48 is an unknown value
RDI=0x00007ffee2005450 is an unknown value
R8 =0x00000000000002a7 is an unknown value
R9 =0x0000000000000136 is an unknown value
R10=0x000000013398a000 is an unknown value
R11=0x0000000000000000 is an unknown value
R12=0x00007ffee2005450 is an unknown value
R13=0x00007ffee2002b30 is an unknown value
R14=0x00000000112270a6 is an unknown value
R15=0x00007ffee2005438 is an unknown value


Stack: [0x00007ffee1806000,0x00007ffee2006000],  sp=0x00007ffee2002b20,  free space=8178k
Native frames: (J=compiled Java code, j=interpreted, Vv=VM code, C=native code)
C  [StartXD+0x10389]  DoubleData::ParseData(void*, int&)+0x5f
C  [libspssdxcom.dylib+0x125bd]  CleXDSmb::ParseBuf(void*)+0x6b
C  [libspssdxcom.dylib+0xb9e9]  ReceiveData(JavaPlugInSocket*, CleXDSmb&)+0xfa
C  [StartXD+0x25fe]  main+0xa6b
C  [libdyld.dylib+0x1115]  start+0x1


---------------  P R O C E S S  ---------------

VM state:not at safepoint (normal execution)

VM Mutex/Monitor currently owned by a thread: None

Heap:
 PSYoungGen      total 175104K, used 3452K [0x0000000795580000, 0x00000007ae100000, 0x00000007c0000000)
  eden space 174080K, 1% used [0x0000000795580000,0x00000007958df228,0x000000079ff80000)
  from space 1024K, 0% used [0x00000007ae000000,0x00000007ae000000,0x00000007ae100000)
  to   space 2560K, 0% used [0x00000007adc00000,0x00000007adc00000,0x00000007ade80000)
 ParOldGen       total 175104K, used 20607K [0x0000000740000000, 0x000000074ab00000, 0x0000000795580000)
  object space 175104K, 11% used [0x0000000740000000,0x000000074141ff68,0x000000074ab00000)
 Metaspace       used 20723K, capacity 21138K, committed 21248K, reserved 1069056K
  class space    used 2402K, capacity 2516K, committed 2560K, reserved 1048576K

Card table byte_map: [0x000000012b2e6000,0x000000012b6e7000] byte_map_base: 0x00000001278e6000

Marking Bits: (ParMarkBitMap*) 0x000000011b828d30
 Begin Bits: [0x000000012b992000, 0x000000012d992000)
 End Bits:   [0x000000012d992000, 0x000000012f992000)

Polling page: 0x000000010e260000

CodeCache: size=245760Kb used=14611Kb max_used=16045Kb free=231148Kb
 bounds [0x000000011bf26000, 0x000000011cef6000, 0x000000012af26000]
 total_blobs=4580 nmethods=4070 adapters=423
 compilation: enabled

Compilation events (10 events):
Event: 207.623 Thread 0x00007f9d9f0be000 5263   !   4       org.apache.xml.serialize.Printer::flush (47 bytes)
Event: 207.625 Thread 0x00007f9d9f0be000 nmethod 5263 0x000000011cbbddd0 code [0x000000011cbbdf40, 0x000000011cbbe138]
Event: 207.791 Thread 0x00007f9d9f831000 5264   !   4       org.exolab.castor.xml.validators.BooleanValidator::validate (79 bytes)
Event: 207.792 Thread 0x00007f9d9f831000 nmethod 5264 0x000000011c9a7110 code [0x000000011c9a7260, 0x000000011c9a7378]
Event: 207.796 Thread 0x00007f9d9e05e800 5265       4       java.lang.Boolean::toString (15 bytes)
Event: 207.796 Thread 0x00007f9d9e05e800 nmethod 5265 0x000000011c2ccd90 code [0x000000011c2ccee0, 0x000000011c2ccf58]
Event: 207.812 Thread 0x00007f9d9f0be000 5266   !   4       org.exolab.castor.xml.validators.DoubleValidator::validate (86 bytes)
Event: 207.814 Thread 0x00007f9d9f831000 5267       4       org.exolab.castor.xml.validators.DoubleValidator::validate (312 bytes)
Event: 207.815 Thread 0x00007f9d9f831000 nmethod 5267 0x000000011cbbbf50 code [0x000000011cbbc0c0, 0x000000011cbbc2d8]
Event: 207.822 Thread 0x00007f9d9f0be000 nmethod 5266 0x000000011c5e0110 code [0x000000011c5e0340, 0x000000011c5e0dd0]

GC Heap History (10 events):
Event: 207.217 GC heap before
{Heap before GC invocations=162 (full 11):
 PSYoungGen      total 195584K, used 195584K [0x0000000795580000, 0x00000007ae500000, 0x00000007c0000000)
  eden space 194048K, 100% used [0x0000000795580000,0x00000007a1300000,0x00000007a1300000)
  from space 1536K, 100% used [0x00000007ae380000,0x00000007ae500000,0x00000007ae500000)
  to   space 2560K, 0% used [0x00000007ae000000,0x00000007ae000000,0x00000007ae280000)
 ParOldGen       total 175104K, used 25551K [0x0000000740000000, 0x000000074ab00000, 0x0000000795580000)
  object space 175104K, 14% used [0x0000000740000000,0x00000007418f3df0,0x000000074ab00000)
 Metaspace       used 20723K, capacity 21138K, committed 21248K, reserved 1069056K
  class space    used 2402K, capacity 2516K, committed 2560K, reserved 1048576K
Event: 207.218 GC heap after
Heap after GC invocations=162 (full 11):
 PSYoungGen      total 188928K, used 1632K [0x0000000795580000, 0x00000007ae400000, 0x00000007c0000000)
  eden space 186880K, 0% used [0x0000000795580000,0x0000000795580000,0x00000007a0c00000)
  from space 2048K, 79% used [0x00000007ae000000,0x00000007ae198000,0x00000007ae200000)
  to   space 2048K, 0% used [0x00000007ae200000,0x00000007ae200000,0x00000007ae400000)
 ParOldGen       total 175104K, used 25631K [0x0000000740000000, 0x000000074ab00000, 0x0000000795580000)
  object space 175104K, 14% used [0x0000000740000000,0x0000000741907df0,0x000000074ab00000)
 Metaspace       used 20723K, capacity 21138K, committed 21248K, reserved 1069056K
  class space    used 2402K, capacity 2516K, committed 2560K, reserved 1048576K
}
Event: 207.436 GC heap before
{Heap before GC invocations=163 (full 11):
 PSYoungGen      total 188928K, used 188512K [0x0000000795580000, 0x00000007ae400000, 0x00000007c0000000)
  eden space 186880K, 100% used [0x0000000795580000,0x00000007a0c00000,0x00000007a0c00000)
  from space 2048K, 79% used [0x00000007ae000000,0x00000007ae198000,0x00000007ae200000)
  to   space 2048K, 0% used [0x00000007ae200000,0x00000007ae200000,0x00000007ae400000)
 ParOldGen       total 175104K, used 25631K [0x0000000740000000, 0x000000074ab00000, 0x0000000795580000)
  object space 175104K, 14% used [0x0000000740000000,0x0000000741907df0,0x000000074ab00000)
 Metaspace       used 20723K, capacity 21138K, committed 21248K, reserved 1069056K
  class space    used 2402K, capacity 2516K, committed 2560K, reserved 1048576K
Event: 207.437 GC heap after
Heap after GC invocations=163 (full 11):
 PSYoungGen      total 181760K, used 1536K [0x0000000795580000, 0x00000007ae380000, 0x00000007c0000000)
  eden space 180224K, 0% used [0x0000000795580000,0x0000000795580000,0x00000007a0580000)
  from space 1536K, 100% used [0x00000007ae200000,0x00000007ae380000,0x00000007ae380000)
  to   space 2560K, 0% used [0x00000007ade80000,0x00000007ade80000,0x00000007ae100000)
 ParOldGen       total 175104K, used 25679K [0x0000000740000000, 0x000000074ab00000, 0x0000000795580000)
  object space 175104K, 14% used [0x0000000740000000,0x0000000741913df0,0x000000074ab00000)
 Metaspace       used 20723K, capacity 21138K, committed 21248K, reserved 1069056K
  class space    used 2402K, capacity 2516K, committed 2560K, reserved 1048576K
}
Event: 207.648 GC heap before
{Heap before GC invocations=164 (full 11):
 PSYoungGen      total 181760K, used 181760K [0x0000000795580000, 0x00000007ae380000, 0x00000007c0000000)
  eden space 180224K, 100% used [0x0000000795580000,0x00000007a0580000,0x00000007a0580000)
  from space 1536K, 100% used [0x00000007ae200000,0x00000007ae380000,0x00000007ae380000)
  to   space 2560K, 0% used [0x00000007ade80000,0x00000007ade80000,0x00000007ae100000)
 ParOldGen       total 175104K, used 25679K [0x0000000740000000, 0x000000074ab00000, 0x0000000795580000)
  object space 175104K, 14% used [0x0000000740000000,0x0000000741913df0,0x000000074ab00000)
 Metaspace       used 20723K, capacity 21138K, committed 21248K, reserved 1069056K
  class space    used 2402K, capacity 2516K, committed 2560K, reserved 1048576K
Event: 207.650 GC heap after
Heap after GC invocations=164 (full 11):
 PSYoungGen      total 175616K, used 1376K [0x0000000795580000, 0x00000007ae280000, 0x00000007c0000000)
  eden space 174080K, 0% used [0x0000000795580000,0x0000000795580000,0x000000079ff80000)
  from space 1536K, 89% used [0x00000007ade80000,0x00000007adfd8000,0x00000007ae000000)
  to   space 2560K, 0% used [0x00000007ae000000,0x00000007ae000000,0x00000007ae280000)
 ParOldGen       total 175104K, used 25727K [0x0000000740000000, 0x000000074ab00000, 0x0000000795580000)
  object space 175104K, 14% used [0x0000000740000000,0x000000074191fdf0,0x000000074ab00000)
 Metaspace       used 20723K, capacity 21138K, committed 21248K, reserved 1069056K
  class space    used 2402K, capacity 2516K, committed 2560K, reserved 1048576K
}
Event: 207.847 GC heap before
{Heap before GC invocations=165 (full 11):
 PSYoungGen      total 175616K, used 164784K [0x0000000795580000, 0x00000007ae280000, 0x00000007c0000000)
  eden space 174080K, 93% used [0x0000000795580000,0x000000079f5140a0,0x000000079ff80000)
  from space 1536K, 89% used [0x00000007ade80000,0x00000007adfd8000,0x00000007ae000000)
  to   space 2560K, 0% used [0x00000007ae000000,0x00000007ae000000,0x00000007ae280000)
 ParOldGen       total 175104K, used 25727K [0x0000000740000000, 0x000000074ab00000, 0x0000000795580000)
  object space 175104K, 14% used [0x0000000740000000,0x000000074191fdf0,0x000000074ab00000)
 Metaspace       used 20723K, capacity 21138K, committed 21248K, reserved 1069056K
  class space    used 2402K, capacity 2516K, committed 2560K, reserved 1048576K
Event: 207.849 GC heap after
Heap after GC invocations=165 (full 11):
 PSYoungGen      total 175104K, used 1024K [0x0000000795580000, 0x00000007ae100000, 0x00000007c0000000)
  eden space 174080K, 0% used [0x0000000795580000,0x0000000795580000,0x000000079ff80000)
  from space 1024K, 100% used [0x00000007ae000000,0x00000007ae100000,0x00000007ae100000)
  to   space 2560K, 0% used [0x00000007adc00000,0x00000007adc00000,0x00000007ade80000)
 ParOldGen       total 175104K, used 25815K [0x0000000740000000, 0x000000074ab00000, 0x0000000795580000)
  object space 175104K, 14% used [0x0000000740000000,0x0000000741935df0,0x000000074ab00000)
 Metaspace       used 20723K, capacity 21138K, committed 21248K, reserved 1069056K
  class space    used 2402K, capacity 2516K, committed 2560K, reserved 1048576K
}
Event: 207.849 GC heap before
{Heap before GC invocations=166 (full 12):
 PSYoungGen      total 175104K, used 1024K [0x0000000795580000, 0x00000007ae100000, 0x00000007c0000000)
  eden space 174080K, 0% used [0x0000000795580000,0x0000000795580000,0x000000079ff80000)
  from space 1024K, 100% used [0x00000007ae000000,0x00000007ae100000,0x00000007ae100000)
  to   space 2560K, 0% used [0x00000007adc00000,0x00000007adc00000,0x00000007ade80000)
 ParOldGen       total 175104K, used 25815K [0x0000000740000000, 0x000000074ab00000, 0x0000000795580000)
  object space 175104K, 14% used [0x0000000740000000,0x0000000741935df0,0x000000074ab00000)
 Metaspace       used 20723K, capacity 21138K, committed 21248K, reserved 1069056K
  class space    used 2402K, capacity 2516K, committed 2560K, reserved 1048576K
Event: 207.895 GC heap after
Heap after GC invocations=166 (full 12):
 PSYoungGen      total 175104K, used 0K [0x0000000795580000, 0x00000007ae100000, 0x00000007c0000000)
  eden space 174080K, 0% used [0x0000000795580000,0x0000000795580000,0x000000079ff80000)
  from space 1024K, 0% used [0x00000007ae000000,0x00000007ae000000,0x00000007ae100000)
  to   space 2560K, 0% used [0x00000007adc00000,0x00000007adc00000,0x00000007ade80000)
 ParOldGen       total 175104K, used 20607K [0x0000000740000000, 0x000000074ab00000, 0x0000000795580000)
  object space 175104K, 11% used [0x0000000740000000,0x000000074141ff68,0x000000074ab00000)
 Metaspace       used 20723K, capacity 21138K, committed 21248K, reserved 1069056K
  class space    used 2402K, capacity 2516K, committed 2560K, reserved 1048576K
}

Deoptimization events (10 events):
Event: 63.749 Thread 0x00007f9d9f072000 Uncommon trap: reason=unstable_if action=reinterpret pc=0x000000011c50bf10 method=java.lang.Character.isHighSurrogate(C)Z @ 3
Event: 63.749 Thread 0x00007f9d9f072000 Uncommon trap: reason=unstable_if action=reinterpret pc=0x000000011c6d28f4 method=java.nio.charset.CharsetDecoder.decode(Ljava/nio/ByteBuffer;Ljava/nio/CharBuffer;Z)Ljava/nio/charset/CoderResult; @ 105
Event: 70.067 Thread 0x00007f9d9f072000 Uncommon trap: reason=unstable_if action=reinterpret pc=0x000000011c5b62f0 method=sun.misc.FloatingDecimal$BinaryToASCIIBuffer.dtoa(IJIZ)V @ 272
Event: 104.644 Thread 0x00007f9d9f072000 Uncommon trap: reason=unstable_if action=reinterpret pc=0x000000011c68b374 method=sun.misc.FloatingDecimal$BinaryToASCIIBuffer.dtoa(IJIZ)V @ 1213
Event: 104.647 Thread 0x00007f9d9f072000 Uncommon trap: reason=unstable_if action=reinterpret pc=0x000000011ceb9230 method=java.math.BigDecimal.<init>([CIILjava/math/MathContext;)V @ 169
Event: 107.995 Thread 0x00007f9d9f072000 Uncommon trap: reason=null_check action=make_not_entrant pc=0x000000011c2d44ec method=org.exolab.castor.xml.UnmarshalHandler.startElement(Ljava/lang/String;Ljava/lang/String;Lorg/exolab/castor/xml/AttributeSet;)V @ 4368
Event: 120.598 Thread 0x00007f9d9f072000 Uncommon trap: reason=unstable_if action=reinterpret pc=0x000000011c2f3e14 method=com.spss.shared.core_tools.format.GeneralNumberFormat.stripLeadingZeros(Ljava/lang/StringBuffer;)V @ 49
Event: 156.002 Thread 0x00007f9d9f072000 Uncommon trap: reason=unstable_if action=reinterpret pc=0x000000011cd7ea24 method=java.math.BigDecimal.longCompareMagnitude(JJ)I @ 31
Event: 156.003 Thread 0x00007f9d9f072000 Uncommon trap: reason=unstable_if action=reinterpret pc=0x000000011ca1db18 method=java.math.BigDecimal.longCompareMagnitude(JJ)I @ 31
Event: 158.984 Thread 0x00007f9d9f072000 Uncommon trap: reason=unstable_if action=reinterpret pc=0x000000011cd8aedc method=java.io.BufferedWriter.write(I)V @ 19

Internal exceptions (10 events):
Event: 69.877 Thread 0x00007f9d9f072000 Exception <a 'java/io/FileNotFoundException'> (0x000000079b4602b0) thrown at [/Users/java_re/workspace/8-2-build-macosx-x86_64/jdk8u121/8372/hotspot/src/share/vm/prims/jni.cpp, line 709]
Event: 104.466 Thread 0x00007f9d9f072000 Exception <a 'java/io/FileNotFoundException'> (0x000000079d3c0f98) thrown at [/Users/java_re/workspace/8-2-build-macosx-x86_64/jdk8u121/8372/hotspot/src/share/vm/prims/jni.cpp, line 709]
Event: 107.995 Thread 0x00007f9d9f072000 Implicit null exception at 0x000000011c2d0ec7 to 0x000000011c2d44e1
Event: 120.406 Thread 0x00007f9d9f072000 Exception <a 'java/io/FileNotFoundException'> (0x000000079c9eef28) thrown at [/Users/java_re/workspace/8-2-build-macosx-x86_64/jdk8u121/8372/hotspot/src/share/vm/prims/jni.cpp, line 709]
Event: 135.825 Thread 0x00007f9d9f072000 Exception <a 'java/io/FileNotFoundException'> (0x00000007969d4e60) thrown at [/Users/java_re/workspace/8-2-build-macosx-x86_64/jdk8u121/8372/hotspot/src/share/vm/prims/jni.cpp, line 709]
Event: 146.313 Thread 0x00007f9d9f072000 Exception <a 'java/io/FileNotFoundException'> (0x000000079f118df0) thrown at [/Users/java_re/workspace/8-2-build-macosx-x86_64/jdk8u121/8372/hotspot/src/share/vm/prims/jni.cpp, line 709]
Event: 155.838 Thread 0x00007f9d9f072000 Exception <a 'java/io/FileNotFoundException'> (0x00000007965518b8) thrown at [/Users/java_re/workspace/8-2-build-macosx-x86_64/jdk8u121/8372/hotspot/src/share/vm/prims/jni.cpp, line 709]
Event: 186.032 Thread 0x00007f9d9f072000 Exception <a 'java/io/FileNotFoundException'> (0x000000079990ff98) thrown at [/Users/java_re/workspace/8-2-build-macosx-x86_64/jdk8u121/8372/hotspot/src/share/vm/prims/jni.cpp, line 709]
Event: 195.312 Thread 0x00007f9d9f072000 Exception <a 'java/io/FileNotFoundException'> (0x000000079cb23608) thrown at [/Users/java_re/workspace/8-2-build-macosx-x86_64/jdk8u121/8372/hotspot/src/share/vm/prims/jni.cpp, line 709]
Event: 205.191 Thread 0x00007f9d9f072000 Exception <a 'java/io/FileNotFoundException'> (0x00000007961be448) thrown at [/Users/java_re/workspace/8-2-build-macosx-x86_64/jdk8u121/8372/hotspot/src/share/vm/prims/jni.cpp, line 709]

Events (10 events):
Event: 207.896 Executing VM operation: RevokeBias
Event: 207.896 Executing VM operation: RevokeBias done
Event: 207.896 Executing VM operation: RevokeBias
Event: 207.896 Executing VM operation: RevokeBias done
Event: 207.896 Executing VM operation: RevokeBias
Event: 207.896 Executing VM operation: RevokeBias done
Event: 207.896 Executing VM operation: RevokeBias
Event: 207.896 Executing VM operation: RevokeBias done
Event: 207.896 Executing VM operation: RevokeBias
Event: 207.896 Executing VM operation: RevokeBias done


Dynamic libraries:
0x000000000ea03000 	/System/Library/Frameworks/CoreFoundation.framework/Versions/A/CoreFoundation
0x000000000ea03000 	/System/Library/Frameworks/IOKit.framework/Versions/A/IOKit
0x000000000ea03000 	/usr/lib/libstdc++.6.0.9.dylib
0x000000010dc23000 	/Applications/IBM/SPSS/Statistics/25/SPSSStatistics.app/Contents/lib/libtempdir.dylib
0x000000010dc45000 	/Applications/IBM/SPSS/Statistics/25/SPSSStatistics.app/Contents/lib/libspssxd.dylib
0x000000010def6000 	/Applications/IBM/SPSS/Statistics/25/SPSSStatistics.app/Contents/lib/libspssdxcom.dylib
0x000000010df40000 	/Applications/IBM/SPSS/Statistics/25/SPSSStatistics.app/Contents/common/ext/bin/spss.common/libscorelib850r.dylib
0x000000010e047000 	/Applications/IBM/SPSS/Statistics/25/SPSSStatistics.app/Contents/common/ext/bin/spss.common/libGeneralRegressionModel850r.dylib
0x000000010e0c0000 	/Applications/IBM/SPSS/Statistics/25/SPSSStatistics.app/Contents/common/ext/bin/spss.common/libdiscriminant-model850r.dylib
0x000000000ea03000 	/usr/lib/libSystem.B.dylib
0x000000000ea03000 	/usr/lib/libDiagnosticMessagesClient.dylib
0x000000000ea03000 	/usr/lib/libicucore.A.dylib
0x000000000ea03000 	/usr/lib/libobjc.A.dylib
0x000000000ea03000 	/usr/lib/libz.1.dylib
0x000000000ea03000 	/usr/lib/system/libcache.dylib
0x000000000ea03000 	/usr/lib/system/libcommonCrypto.dylib
0x000000000ea03000 	/usr/lib/system/libcompiler_rt.dylib
0x000000000ea03000 	/usr/lib/system/libcopyfile.dylib
0x000000000ea03000 	/usr/lib/system/libcorecrypto.dylib
0x000000000ea03000 	/usr/lib/system/libdispatch.dylib
0x000000000ea03000 	/usr/lib/system/libdyld.dylib
0x000000000ea03000 	/usr/lib/system/libkeymgr.dylib
0x000000000ea03000 	/usr/lib/system/liblaunch.dylib
0x000000000ea03000 	/usr/lib/system/libmacho.dylib
0x000000000ea03000 	/usr/lib/system/libquarantine.dylib
0x000000000ea03000 	/usr/lib/system/libremovefile.dylib
0x000000000ea03000 	/usr/lib/system/libsystem_asl.dylib
0x000000000ea03000 	/usr/lib/system/libsystem_blocks.dylib
0x000000000ea03000 	/usr/lib/system/libsystem_c.dylib
0x000000000ea03000 	/usr/lib/system/libsystem_configuration.dylib
0x000000000ea03000 	/usr/lib/system/libsystem_coreservices.dylib
0x000000000ea03000 	/usr/lib/system/libsystem_darwin.dylib
0x000000000ea03000 	/usr/lib/system/libsystem_dnssd.dylib
0x000000000ea03000 	/usr/lib/system/libsystem_info.dylib
0x000000000ea03000 	/usr/lib/system/libsystem_m.dylib
0x000000000ea03000 	/usr/lib/system/libsystem_malloc.dylib
0x000000000ea03000 	/usr/lib/system/libsystem_network.dylib
0x000000000ea03000 	/usr/lib/system/libsystem_networkextension.dylib
0x000000000ea03000 	/usr/lib/system/libsystem_notify.dylib
0x000000000ea03000 	/usr/lib/system/libsystem_sandbox.dylib
0x000000000ea03000 	/usr/lib/system/libsystem_secinit.dylib
0x000000000ea03000 	/usr/lib/system/libsystem_kernel.dylib
0x000000000ea03000 	/usr/lib/system/libsystem_platform.dylib
0x000000000ea03000 	/usr/lib/system/libsystem_pthread.dylib
0x000000000ea03000 	/usr/lib/system/libsystem_symptoms.dylib
0x000000000ea03000 	/usr/lib/system/libsystem_trace.dylib
0x000000000ea03000 	/usr/lib/system/libunwind.dylib
0x000000000ea03000 	/usr/lib/system/libxpc.dylib
0x000000000ea03000 	/usr/lib/closure/libclosured.dylib
0x000000000ea03000 	/usr/lib/libc++abi.dylib
0x000000000ea03000 	/usr/lib/libc++.1.dylib
0x000000000ea03000 	/usr/lib/libenergytrace.dylib
0x000000000ea03000 	/usr/lib/libbsm.0.dylib
0x000000000ea03000 	/usr/lib/system/libkxld.dylib
0x000000010e0e6000 	/Applications/IBM/SPSS/Statistics/25/SPSSStatistics.app/Contents/lib/libifcoremt.dylib
0x000000010e261000 	/Applications/IBM/SPSS/Statistics/25/SPSSStatistics.app/Contents/lib/libimf.dylib
0x000000010e582000 	/Applications/IBM/SPSS/Statistics/25/SPSSStatistics.app/Contents/lib/libsvml.dylib
0x000000010f07b000 	/Applications/IBM/SPSS/Statistics/25/SPSSStatistics.app/Contents/lib/libintlc.dylib
0x000000010f0ca000 	/Applications/IBM/SPSS/Statistics/25/SPSSStatistics.app/Contents/lib/libplatdep.dylib
0x000000010f117000 	/Applications/IBM/SPSS/Statistics/25/SPSSStatistics.app/Contents/lib/libgsk8iccs.dylib
0x000000010f18f000 	/Applications/IBM/SPSS/Statistics/25/SPSSStatistics.app/Contents/lib/libsockbsd.dylib
0x000000010f19c000 	/Applications/IBM/SPSS/Statistics/25/SPSSStatistics.app/Contents/lib/libsfthread.dylib
0x000000010f1af000 	/Applications/IBM/SPSS/Statistics/25/SPSSStatistics.app/Contents/lib/libvserial.dylib
0x000000010f1cb000 	/Applications/IBM/SPSS/Statistics/25/SPSSStatistics.app/Contents/lib/libvutility.dylib
0x000000010f1d5000 	/Applications/IBM/SPSS/Statistics/25/SPSSStatistics.app/Contents/lib/libicuuc.51.2.dylib
0x000000010f3b0000 	/Applications/IBM/SPSS/Statistics/25/SPSSStatistics.app/Contents/lib/libicui18n.51.2.dylib
0x000000010f680000 	/Applications/IBM/SPSS/Statistics/25/SPSSStatistics.app/Contents/lib/libxerces-c-3.1.dylib
0x000000010fa5d000 	/Applications/IBM/SPSS/Statistics/25/SPSSStatistics.app/Contents/lib/libicudata.51.2.dylib
0x0000000111663000 	/Applications/IBM/SPSS/Statistics/25/SPSSStatistics.app/Contents/lib/libspsswlib.dylib
0x000000010dc1e000 	/Applications/IBM/SPSS/Statistics/25/SPSSStatistics.app/Contents/lib/libcpuinfo.dylib
0x0000000110fa9000 	/Applications/IBM/SPSS/Statistics/25/SPSSStatistics.app/Contents/lib/libomcell.dylib
0x0000000110fcc000 	/Applications/IBM/SPSS/Statistics/25/SPSSStatistics.app/Contents/lib/libomfactry.dylib
0x0000000111072000 	/Applications/IBM/SPSS/Statistics/25/SPSSStatistics.app/Contents/lib/libomtree.dylib
0x00000001110ad000 	/Applications/IBM/SPSS/Statistics/25/SPSSStatistics.app/Contents/lib/libomxxml.dylib
0x00000001110e7000 	/Applications/IBM/SPSS/Statistics/25/SPSSStatistics.app/Contents/lib/libomxsav.dylib
0x00000001110f9000 	/Applications/IBM/SPSS/Statistics/25/SPSSStatistics.app/Contents/lib/libomxhtml.dylib
0x000000011111e000 	/Applications/IBM/SPSS/Statistics/25/SPSSStatistics.app/Contents/lib/libomxtext.dylib
0x0000000111141000 	/Applications/IBM/SPSS/Statistics/25/SPSSStatistics.app/Contents/lib/libomxspv.dylib
0x000000010deef000 	/Applications/IBM/SPSS/Statistics/25/SPSSStatistics.app/Contents/lib/libspssjni.dylib
0x0000000111149000 	/Applications/IBM/SPSS/Statistics/25/SPSSStatistics.app/Contents/lib/libspssjvm.dylib
0x0000000111156000 	/Applications/IBM/SPSS/Statistics/25/SPSSStatistics.app/Contents/lib/libvizedit.dylib
0x0000000111175000 	/Applications/IBM/SPSS/Statistics/25/SPSSStatistics.app/Contents/lib/libtransspc.dylib
0x00000001111a2000 	/Applications/IBM/SPSS/Statistics/25/SPSSStatistics.app/Contents/lib/libdedstore.dylib
0x00000001111bd000 	/Applications/IBM/SPSS/Statistics/25/SPSSStatistics.app/Contents/lib/libsvrdmgr.dylib
0x00000001111de000 	/Applications/IBM/SPSS/Statistics/25/SPSSStatistics.app/Contents/lib/libdatasrc.dylib
0x0000000111282000 	/Applications/IBM/SPSS/Statistics/25/SPSSStatistics.app/Contents/lib/libsvrerrs.dylib
0x000000011128a000 	/Applications/IBM/SPSS/Statistics/25/SPSSStatistics.app/Contents/lib/libspssdemg.dylib
0x00000001112d0000 	/Applications/IBM/SPSS/Statistics/25/SPSSStatistics.app/Contents/lib/libcpputil.dylib
0x000000011130b000 	/Applications/IBM/SPSS/Statistics/25/SPSSStatistics.app/Contents/lib/libstrtable.dylib
0x00000000dba27000 	/Applications/IBM/SPSS/Statistics/25/SPSSStatistics.app/Contents/lib/libxalan-c.111.0.dylib
0x000000011131b000 	/Applications/IBM/SPSS/Statistics/25/SPSSStatistics.app/Contents/lib/libchartutl.dylib
0x000000010df39000 	/Applications/IBM/SPSS/Statistics/25/SPSSStatistics.app/Contents/lib/libspssmsgs.dylib
0x0000000114071000 	/Applications/IBM/SPSS/Statistics/25/SPSSStatistics.app/Contents/lib/libvizchart.dylib
0x0000000111426000 	/Applications/IBM/SPSS/Statistics/25/SPSSStatistics.app/Contents/lib/libzlib1211spss.dylib
0x0000000111458000 	/Applications/IBM/SPSS/Statistics/25/SPSSStatistics.app/Contents/lib/libindutil.dylib
0x00000000d1464000 	/Applications/IBM/SPSS/Statistics/25/SPSSStatistics.app/Contents/lib/libxalanMsg.111.0.dylib
0x0000000111471000 	/Applications/IBM/SPSS/Statistics/25/SPSSStatistics.app/Contents/lib/libspssiocv.dylib
0x000000010dc42000 	/Applications/IBM/SPSS/Statistics/25/SPSSStatistics.app/Contents/lib/libreadonly.dylib
0x000000010e041000 	/Applications/IBM/SPSS/Statistics/25/SPSSStatistics.app/Contents/lib/libtmsutil.dylib
0x00000001114a6000 	/Applications/IBM/SPSS/Statistics/25/SPSSStatistics.app/Contents/lib/libcvtrans.dylib
0x00000000714e7000 	/Applications/IBM/SPSS/Statistics/25/SPSSStatistics.app/Contents/Library/Frameworks/Sentinel.framework/Versions/A/Sentinel
0x00000001114ff000 	/Applications/IBM/SPSS/Statistics/25/SPSSStatistics.app/Contents/Library/Frameworks/SuperPro.framework/Versions/A/SuperPro
0x000000010e0bb000 	/Applications/IBM/SPSS/Statistics/25/SPSSStatistics.app/Contents/lib/libcmddata.dylib
0x0000000111515000 	/Applications/IBM/SPSS/Statistics/25/SPSSStatistics.app/Contents/lib/libmcbstsps.dylib
0x000000000ea03000 	/usr/lib/libiconv.2.dylib
0x000000000ea03000 	/System/Library/Frameworks/CoreServices.framework/Versions/A/CoreServices
0x000000000ea03000 	/System/Library/Frameworks/CFNetwork.framework/Versions/A/CFNetwork
0x000000000ea03000 	/System/Library/Frameworks/CoreServices.framework/Versions/A/Frameworks/FSEvents.framework/Versions/A/FSEvents
0x000000000ea03000 	/System/Library/Frameworks/CoreServices.framework/Versions/A/Frameworks/CarbonCore.framework/Versions/A/CarbonCore
0x000000000ea03000 	/System/Library/Frameworks/CoreServices.framework/Versions/A/Frameworks/Metadata.framework/Versions/A/Metadata
0x000000000ea03000 	/System/Library/Frameworks/CoreServices.framework/Versions/A/Frameworks/OSServices.framework/Versions/A/OSServices
0x000000000ea03000 	/System/Library/Frameworks/CoreServices.framework/Versions/A/Frameworks/SearchKit.framework/Versions/A/SearchKit
0x000000000ea03000 	/System/Library/Frameworks/CoreServices.framework/Versions/A/Frameworks/AE.framework/Versions/A/AE
0x000000000ea03000 	/System/Library/Frameworks/CoreServices.framework/Versions/A/Frameworks/LaunchServices.framework/Versions/A/LaunchServices
0x000000000ea03000 	/System/Library/Frameworks/CoreServices.framework/Versions/A/Frameworks/DictionaryServices.framework/Versions/A/DictionaryServices
0x000000000ea03000 	/System/Library/Frameworks/CoreServices.framework/Versions/A/Frameworks/SharedFileList.framework/Versions/A/SharedFileList
0x000000000ea03000 	/usr/lib/libauto.dylib
0x000000000ea03000 	/System/Library/Frameworks/SystemConfiguration.framework/Versions/A/SystemConfiguration
0x000000000ea03000 	/System/Library/Frameworks/Security.framework/Versions/A/Security
0x000000000ea03000 	/usr/lib/libsqlite3.dylib
0x000000000ea03000 	/usr/lib/libxml2.2.dylib
0x000000000ea03000 	/usr/lib/libnetwork.dylib
0x000000000ea03000 	/usr/lib/libapple_nghttp2.dylib
0x000000000ea03000 	/usr/lib/libpcap.A.dylib
0x000000000ea03000 	/usr/lib/libboringssl.dylib
0x000000000ea03000 	/usr/lib/libusrtcp.dylib
0x000000000ea03000 	/usr/lib/libcoretls.dylib
0x000000000ea03000 	/usr/lib/libcoretls_cfhelpers.dylib
0x000000000ea03000 	/usr/lib/libapple_crypto.dylib
0x000000000ea03000 	/System/Library/Frameworks/Foundation.framework/Versions/C/Foundation
0x000000000ea03000 	/usr/lib/libOpenScriptingUtil.dylib
0x000000000ea03000 	/usr/lib/libpam.2.dylib
0x000000000ea03000 	/usr/lib/libxar.1.dylib
0x000000000ea03000 	/System/Library/Frameworks/DiskArbitration.framework/Versions/A/DiskArbitration
0x000000000ea03000 	/usr/lib/libarchive.2.dylib
0x000000000ea03000 	/usr/lib/liblangid.dylib
0x000000000ea03000 	/usr/lib/libCRFSuite.dylib
0x000000000ea03000 	/usr/lib/libbz2.1.0.dylib
0x000000000ea03000 	/usr/lib/liblzma.5.dylib
0x000000000ea03000 	/System/Library/Frameworks/NetFS.framework/Versions/A/NetFS
0x000000000ea03000 	/System/Library/PrivateFrameworks/NetAuth.framework/Versions/A/NetAuth
0x000000000ea03000 	/System/Library/PrivateFrameworks/login.framework/Versions/A/Frameworks/loginsupport.framework/Versions/A/loginsupport
0x000000000ea03000 	/System/Library/PrivateFrameworks/TCC.framework/Versions/A/TCC
0x000000000ea03000 	/usr/lib/libmecabra.dylib
0x000000000ea03000 	/System/Library/Frameworks/ApplicationServices.framework/Versions/A/ApplicationServices
0x000000000ea03000 	/System/Library/Frameworks/CoreGraphics.framework/Versions/A/CoreGraphics
0x000000000ea03000 	/System/Library/Frameworks/CoreText.framework/Versions/A/CoreText
0x000000000ea03000 	/System/Library/Frameworks/ImageIO.framework/Versions/A/ImageIO
0x000000000ea03000 	/System/Library/Frameworks/ColorSync.framework/Versions/A/ColorSync
0x000000000ea03000 	/System/Library/Frameworks/ApplicationServices.framework/Versions/A/Frameworks/ATS.framework/Versions/A/ATS
0x000000000ea03000 	/System/Library/Frameworks/ApplicationServices.framework/Versions/A/Frameworks/ColorSyncLegacy.framework/Versions/A/ColorSyncLegacy
0x000000000ea03000 	/System/Library/Frameworks/ApplicationServices.framework/Versions/A/Frameworks/HIServices.framework/Versions/A/HIServices
0x000000000ea03000 	/System/Library/Frameworks/ApplicationServices.framework/Versions/A/Frameworks/LangAnalysis.framework/Versions/A/LangAnalysis
0x000000000ea03000 	/System/Library/Frameworks/ApplicationServices.framework/Versions/A/Frameworks/PrintCore.framework/Versions/A/PrintCore
0x000000000ea03000 	/System/Library/Frameworks/ApplicationServices.framework/Versions/A/Frameworks/QD.framework/Versions/A/QD
0x000000000ea03000 	/System/Library/Frameworks/ApplicationServices.framework/Versions/A/Frameworks/SpeechSynthesis.framework/Versions/A/SpeechSynthesis
0x000000000ea03000 	/System/Library/PrivateFrameworks/SkyLight.framework/Versions/A/SkyLight
0x000000000ea03000 	/System/Library/Frameworks/Accelerate.framework/Versions/A/Accelerate
0x000000000ea03000 	/System/Library/Frameworks/CoreDisplay.framework/Versions/A/CoreDisplay
0x000000000ea03000 	/System/Library/Frameworks/IOSurface.framework/Versions/A/IOSurface
0x000000000ea03000 	/System/Library/Frameworks/Metal.framework/Versions/A/Metal
0x000000000ea03000 	/System/Library/PrivateFrameworks/MultitouchSupport.framework/Versions/A/MultitouchSupport
0x000000000ea03000 	/System/Library/Frameworks/QuartzCore.framework/Versions/A/QuartzCore
0x000000000ea03000 	/System/Library/Frameworks/Accelerate.framework/Versions/A/Frameworks/vImage.framework/Versions/A/vImage
0x000000000ea03000 	/System/Library/Frameworks/Accelerate.framework/Versions/A/Frameworks/vecLib.framework/Versions/A/vecLib
0x000000000ea03000 	/System/Library/Frameworks/Accelerate.framework/Versions/A/Frameworks/vecLib.framework/Versions/A/libvDSP.dylib
0x000000000ea03000 	/System/Library/Frameworks/Accelerate.framework/Versions/A/Frameworks/vecLib.framework/Versions/A/libBNNS.dylib
0x000000000ea03000 	/System/Library/Frameworks/Accelerate.framework/Versions/A/Frameworks/vecLib.framework/Versions/A/libQuadrature.dylib
0x000000000ea03000 	/System/Library/Frameworks/Accelerate.framework/Versions/A/Frameworks/vecLib.framework/Versions/A/libvMisc.dylib
0x000000000ea03000 	/System/Library/Frameworks/Accelerate.framework/Versions/A/Frameworks/vecLib.framework/Versions/A/libLAPACK.dylib
0x000000000ea03000 	/System/Library/Frameworks/Accelerate.framework/Versions/A/Frameworks/vecLib.framework/Versions/A/libBLAS.dylib
0x000000000ea03000 	/System/Library/Frameworks/Accelerate.framework/Versions/A/Frameworks/vecLib.framework/Versions/A/libLinearAlgebra.dylib
0x000000000ea03000 	/System/Library/Frameworks/Accelerate.framework/Versions/A/Frameworks/vecLib.framework/Versions/A/libSparse.dylib
0x000000000ea03000 	/System/Library/Frameworks/Accelerate.framework/Versions/A/Frameworks/vecLib.framework/Versions/A/libSparseBLAS.dylib
0x000000000ea03000 	/System/Library/PrivateFrameworks/IOAccelerator.framework/Versions/A/IOAccelerator
0x000000000ea03000 	/System/Library/PrivateFrameworks/IOPresentment.framework/Versions/A/IOPresentment
0x000000000ea03000 	/System/Library/PrivateFrameworks/DSExternalDisplay.framework/Versions/A/DSExternalDisplay
0x000000000ea03000 	/System/Library/Frameworks/OpenGL.framework/Versions/A/Libraries/libCoreFSCache.dylib
0x000000000ea03000 	/System/Library/Frameworks/CoreImage.framework/Versions/A/CoreImage
0x000000000ea03000 	/System/Library/Frameworks/CoreVideo.framework/Versions/A/CoreVideo
0x000000000ea03000 	/System/Library/Frameworks/OpenGL.framework/Versions/A/OpenGL
0x000000000ea03000 	/System/Library/PrivateFrameworks/GraphVisualizer.framework/Versions/A/GraphVisualizer
0x000000000ea03000 	/System/Library/Frameworks/MetalPerformanceShaders.framework/Versions/A/MetalPerformanceShaders
0x000000000ea03000 	/usr/lib/libFosl_dynamic.dylib
0x000000000ea03000 	/System/Library/PrivateFrameworks/FaceCore.framework/Versions/A/FaceCore
0x000000000ea03000 	/System/Library/Frameworks/OpenCL.framework/Versions/A/OpenCL
0x000000000ea03000 	/usr/lib/libcompression.dylib
0x000000000ea03000 	/System/Library/Frameworks/ApplicationServices.framework/Versions/A/Frameworks/ATS.framework/Versions/A/Resources/libFontParser.dylib
0x000000000ea03000 	/System/Library/Frameworks/ApplicationServices.framework/Versions/A/Frameworks/ATS.framework/Versions/A/Resources/libFontRegistry.dylib
0x000000000ea03000 	/System/Library/Frameworks/ImageIO.framework/Versions/A/Resources/libJPEG.dylib
0x000000000ea03000 	/System/Library/Frameworks/ImageIO.framework/Versions/A/Resources/libTIFF.dylib
0x000000000ea03000 	/System/Library/Frameworks/ImageIO.framework/Versions/A/Resources/libPng.dylib
0x000000000ea03000 	/System/Library/Frameworks/ImageIO.framework/Versions/A/Resources/libGIF.dylib
0x000000000ea03000 	/System/Library/Frameworks/ImageIO.framework/Versions/A/Resources/libJP2.dylib
0x000000000ea03000 	/System/Library/Frameworks/ImageIO.framework/Versions/A/Resources/libRadiance.dylib
0x000000000ea03000 	/System/Library/PrivateFrameworks/AppleJPEG.framework/Versions/A/AppleJPEG
0x000000000ea03000 	/System/Library/PrivateFrameworks/MetalTools.framework/Versions/A/MetalTools
0x000000000ea03000 	/System/Library/Frameworks/MetalPerformanceShaders.framework/Frameworks/MPSCore.framework/Versions/A/MPSCore
0x000000000ea03000 	/System/Library/Frameworks/MetalPerformanceShaders.framework/Frameworks/MPSImage.framework/Versions/A/MPSImage
0x000000000ea03000 	/System/Library/Frameworks/MetalPerformanceShaders.framework/Frameworks/MPSMatrix.framework/Versions/A/MPSMatrix
0x000000000ea03000 	/System/Library/Frameworks/MetalPerformanceShaders.framework/Frameworks/MPSNeuralNetwork.framework/Versions/A/MPSNeuralNetwork
0x000000000ea03000 	/System/Library/Frameworks/OpenGL.framework/Versions/A/Libraries/libGLU.dylib
0x000000000ea03000 	/System/Library/Frameworks/OpenGL.framework/Versions/A/Libraries/libGFXShared.dylib
0x000000000ea03000 	/System/Library/Frameworks/OpenGL.framework/Versions/A/Libraries/libGL.dylib
0x000000000ea03000 	/System/Library/Frameworks/OpenGL.framework/Versions/A/Libraries/libGLImage.dylib
0x000000000ea03000 	/System/Library/Frameworks/OpenGL.framework/Versions/A/Libraries/libCVMSPluginSupport.dylib
0x000000000ea03000 	/System/Library/Frameworks/OpenGL.framework/Versions/A/Libraries/libCoreVMClient.dylib
0x000000000ea03000 	/usr/lib/libcups.2.dylib
0x000000000ea03000 	/System/Library/Frameworks/Kerberos.framework/Versions/A/Kerberos
0x000000000ea03000 	/System/Library/Frameworks/GSS.framework/Versions/A/GSS
0x000000000ea03000 	/usr/lib/libresolv.9.dylib
0x000000000ea03000 	/System/Library/PrivateFrameworks/Heimdal.framework/Versions/A/Heimdal
0x000000000ea03000 	/usr/lib/libheimdal-asn1.dylib
0x000000000ea03000 	/System/Library/Frameworks/OpenDirectory.framework/Versions/A/OpenDirectory
0x000000000ea03000 	/System/Library/PrivateFrameworks/CommonAuth.framework/Versions/A/CommonAuth
0x000000000ea03000 	/System/Library/Frameworks/OpenDirectory.framework/Versions/A/Frameworks/CFOpenDirectory.framework/Versions/A/CFOpenDirectory
0x000000000ea03000 	/System/Library/Frameworks/SecurityFoundation.framework/Versions/A/SecurityFoundation
0x000000000ea03000 	/System/Library/PrivateFrameworks/APFS.framework/Versions/A/APFS
0x000000000ea03000 	/usr/lib/libutil.dylib
0x000000000ea03000 	/System/Library/Frameworks/CoreAudio.framework/Versions/A/CoreAudio
0x000000000ea03000 	/System/Library/Frameworks/AudioToolbox.framework/Versions/A/AudioToolbox
0x000000000ea03000 	/System/Library/PrivateFrameworks/AppleSauce.framework/Versions/A/AppleSauce
0x000000000ea03000 	/System/Library/PrivateFrameworks/LinguisticData.framework/Versions/A/LinguisticData
0x000000000ea03000 	/usr/lib/libmarisa.dylib
0x000000000ea03000 	/System/Library/PrivateFrameworks/Lexicon.framework/Versions/A/Lexicon
0x000000000ea03000 	/usr/lib/libChineseTokenizer.dylib
0x000000000ea03000 	/usr/lib/libcmph.dylib
0x000000000ea03000 	/System/Library/PrivateFrameworks/LanguageModeling.framework/Versions/A/LanguageModeling
0x000000000ea03000 	/System/Library/Frameworks/CoreData.framework/Versions/A/CoreData
0x000000000ea03000 	/System/Library/PrivateFrameworks/CoreEmoji.framework/Versions/A/CoreEmoji
0x000000000ea03000 	/System/Library/Frameworks/ServiceManagement.framework/Versions/A/ServiceManagement
0x000000000ea03000 	/System/Library/PrivateFrameworks/BackgroundTaskManagement.framework/Versions/A/BackgroundTaskManagement
0x000000000ea03000 	/usr/lib/libxslt.1.dylib
0x000000011151d000 	/Applications/IBM/SPSS/Statistics/25/SPSSStatistics.app/Contents/lib/libdatastr.dylib
0x0000000111539000 	/Applications/IBM/SPSS/Statistics/25/SPSSStatistics.app/Contents/lib/libstacrypt.dylib
0x0000000114294000 	/Applications/IBM/SPSS/Statistics/25/SPSSStatistics.app/Contents/lib/libmccomsps.dylib
0x0000000111546000 	/Applications/IBM/SPSS/Statistics/25/SPSSStatistics.app/Contents/lib/libspsspool.dylib
0x0000000114397000 	/Applications/IBM/SPSS/Statistics/25/SPSSStatistics.app/Contents/lib/libxchart.dylib
0x000000011441b000 	/Applications/IBM/SPSS/Statistics/25/SPSSStatistics.app/Contents/lib/libviewerxml.dylib
0x0000000116f87000 	/Applications/IBM/SPSS/Statistics/25/SPSSStatistics.app/Contents/lib/libspsswctl.dylib
0x0000000114500000 	/Applications/IBM/SPSS/Statistics/25/SPSSStatistics.app/Contents/lib/libuparser.dylib
0x000000011456d000 	/Applications/IBM/SPSS/Statistics/25/SPSSStatistics.app/Contents/lib/libspssdx.dylib
0x0000000114599000 	/Applications/IBM/SPSS/Statistics/25/SPSSStatistics.app/Contents/lib/libomsopmgr.dylib
0x000000011709b000 	/Applications/IBM/SPSS/Statistics/25/SPSSStatistics.app/Contents/lib/libspsswcis.dylib
0x00000001145c0000 	/Applications/IBM/SPSS/Statistics/25/SPSSStatistics.app/Contents/lib/libspsswmsg.dylib
0x00000001171cc000 	/Applications/IBM/SPSS/Statistics/25/SPSSStatistics.app/Contents/lib/libuadapter.dylib
0x0000000117201000 	/Applications/IBM/SPSS/Statistics/25/SPSSStatistics.app/Contents/lib/libspssclef.dylib
0x0000000117245000 	/Applications/IBM/SPSS/Statistics/25/SPSSStatistics.app/Contents/ext/bin/spss.common/libcfcore.dylib
0x000000011732a000 	/Applications/IBM/SPSS/Statistics/25/SPSSStatistics.app/Contents/ext/bin/spss.common/libcfcommon.dylib
0x00000001173a3000 	/Applications/IBM/SPSS/Statistics/25/SPSSStatistics.app/Contents/lib/libfmsgs.dylib
0x00000001173d7000 	/Applications/IBM/SPSS/Statistics/25/SPSSStatistics.app/Contents/lib/libnetcom.dylib
0x00000001115a0000 	/Applications/IBM/SPSS/Statistics/25/SPSSStatistics.app/Contents/lib/libfwutility.dylib
0x00000001115a8000 	/Applications/IBM/SPSS/Statistics/25/SPSSStatistics.app/Contents/lib/libfilesort.dylib
0x00000001173ff000 	/Applications/IBM/SPSS/Statistics/25/SPSSStatistics.app/Contents/lib/libmtxp.dylib
0x00000001145e8000 	/Applications/IBM/SPSS/Statistics/25/SPSSStatistics.app/Contents/ext/bin/spss.common/libcorethread.dylib
0x00000001115bc000 	/Applications/IBM/SPSS/Statistics/25/SPSSStatistics.app/Contents/ext/bin/spss.common/libcfthread.dylib
0x000000011741b000 	/Applications/IBM/SPSS/Statistics/25/SPSSStatistics.app/Contents/common/ext/bin/spss.common/libcfcomserv.dylib
0x0000000117433000 	/Applications/IBM/SPSS/Statistics/25/SPSSStatistics.app/Contents/ext/bin/spss.common/libcfextension.dylib
0x000000011746b000 	/Applications/IBM/SPSS/Statistics/25/SPSSStatistics.app/Contents/ext/bin/spss.common/libcffilter.dylib
0x000000011747a000 	/Applications/IBM/SPSS/Statistics/25/SPSSStatistics.app/Contents/ext/bin/spss.common/libcfcatencode.dylib
0x000000010f0c6000 	/Applications/IBM/SPSS/Statistics/25/SPSSStatistics.app/Contents/ext/bin/spss.common/libcfcomstatistic.dylib
0x0000000117499000 	/Applications/IBM/SPSS/Statistics/25/SPSSStatistics.app/Contents/ext/bin/spss.common/libtempfiles.dylib
0x000000011a4bf000 	/Applications/IBM/SPSS/Statistics/25/SPSSStatistics.app/Contents/lib/libpesrepo.dylib
0x000000011addb000 	/Applications/IBM/SPSS/Statistics/25/SPSSStatistics.app/Contents/lib/libspsswfil.dylib
0x000000011ae7b000 	/Applications/IBM/SPSS/Statistics/25/SPSSStatistics.app/Contents/lib/libchartxml.dylib
0x000000011aedb000 	/Applications/IBM/SPSS/Statistics/25/SPSSStatistics.app/Contents/lib/libxlsxdac.dylib
0x000000011af13000 	/Applications/IBM/SPSS/Statistics/25/SPSSStatistics.app/Contents/lib/libpkginpr.dylib
0x000000011af1c000 	/Applications/IBM/SPSS/Statistics/25/SPSSStatistics.app/Contents/lib/libdacmmsgs.dylib
0x00000001145f8000 	/Applications/IBM/SPSS/Statistics/25/SPSSStatistics.app/Contents/lib/libtxtwdmsg.dylib
0x000000011af28000 	/Applications/IBM/SPSS/Statistics/25/SPSSStatistics.app/Contents/JRE/lib/jli/libjli.dylib
0x000000000ea03000 	/System/Library/Frameworks/Cocoa.framework/Versions/A/Cocoa
0x000000000ea03000 	/System/Library/Frameworks/AppKit.framework/Versions/C/AppKit
0x000000000ea03000 	/System/Library/PrivateFrameworks/RemoteViewServices.framework/Versions/A/RemoteViewServices
0x000000000ea03000 	/System/Library/PrivateFrameworks/UIFoundation.framework/Versions/A/UIFoundation
0x000000000ea03000 	/System/Library/PrivateFrameworks/DFRFoundation.framework/Versions/A/DFRFoundation
0x000000000ea03000 	/System/Library/PrivateFrameworks/DesktopServicesPriv.framework/Versions/A/DesktopServicesPriv
0x000000000ea03000 	/usr/lib/libScreenReader.dylib
0x000000000ea03000 	/System/Library/Frameworks/AudioUnit.framework/Versions/A/AudioUnit
0x000000000ea03000 	/System/Library/PrivateFrameworks/DataDetectorsCore.framework/Versions/A/DataDetectorsCore
0x000000000ea03000 	/System/Library/Frameworks/Carbon.framework/Versions/A/Frameworks/HIToolbox.framework/Versions/A/HIToolbox
0x000000000ea03000 	/System/Library/Frameworks/Carbon.framework/Versions/A/Frameworks/SpeechRecognition.framework/Versions/A/SpeechRecognition
0x000000000ea03000 	/System/Library/PrivateFrameworks/CoreUI.framework/Versions/A/CoreUI
0x000000000ea03000 	/System/Library/PrivateFrameworks/PerformanceAnalysis.framework/Versions/A/PerformanceAnalysis
0x000000000ea03000 	/System/Library/PrivateFrameworks/Backup.framework/Versions/A/Backup
0x000000000ea03000 	/System/Library/Frameworks/Carbon.framework/Versions/A/Frameworks/Ink.framework/Versions/A/Ink
0x000000000ea03000 	/System/Library/PrivateFrameworks/TextureIO.framework/Versions/A/TextureIO
0x000000000ea03000 	/usr/lib/libate.dylib
0x000000000ea03000 	/System/Library/PrivateFrameworks/CrashReporterSupport.framework/Versions/A/CrashReporterSupport
0x000000000ea03000 	/System/Library/PrivateFrameworks/Sharing.framework/Versions/A/Sharing
0x000000000ea03000 	/System/Library/PrivateFrameworks/IconServices.framework/Versions/A/IconServices
0x000000000ea03000 	/System/Library/PrivateFrameworks/ProtocolBuffer.framework/Versions/A/ProtocolBuffer
0x000000000ea03000 	/System/Library/PrivateFrameworks/Apple80211.framework/Versions/A/Apple80211
0x000000000ea03000 	/System/Library/Frameworks/CoreWLAN.framework/Versions/A/CoreWLAN
0x000000000ea03000 	/System/Library/PrivateFrameworks/CoreUtils.framework/Versions/A/CoreUtils
0x000000000ea03000 	/System/Library/Frameworks/IOBluetooth.framework/Versions/A/IOBluetooth
0x000000000ea03000 	/System/Library/PrivateFrameworks/CoreWiFi.framework/Versions/A/CoreWiFi
0x000000000ea03000 	/System/Library/Frameworks/CoreBluetooth.framework/Versions/A/CoreBluetooth
0x000000000ea03000 	/System/Library/PrivateFrameworks/SignpostNotification.framework/Versions/A/SignpostNotification
0x000000000ea03000 	/System/Library/PrivateFrameworks/DebugSymbols.framework/Versions/A/DebugSymbols
0x000000000ea03000 	/System/Library/PrivateFrameworks/CoreSymbolication.framework/Versions/A/CoreSymbolication
0x000000000ea03000 	/System/Library/PrivateFrameworks/Symbolication.framework/Versions/A/Symbolication
0x000000000ea03000 	/System/Library/PrivateFrameworks/AppleFSCompression.framework/Versions/A/AppleFSCompression
0x000000000ea03000 	/System/Library/PrivateFrameworks/SpeechRecognitionCore.framework/Versions/A/SpeechRecognitionCore
0x000000011af38000 	/Applications/IBM/SPSS/Statistics/25/SPSSStatistics.app/Contents/JRE//lib/server/libjvm.dylib
0x000000011beda000 	/Applications/IBM/SPSS/Statistics/25/SPSSStatistics.app/Contents/JRE/lib/libverify.dylib
0x000000011bee8000 	/Applications/IBM/SPSS/Statistics/25/SPSSStatistics.app/Contents/JRE/lib/libjava.dylib
0x000000011bf1d000 	/Applications/IBM/SPSS/Statistics/25/SPSSStatistics.app/Contents/JRE/lib/libzip.dylib
0x000000000ea03000 	/System/Library/Frameworks/JavaVM.framework/Versions/A/Frameworks/JavaRuntimeSupport.framework/Versions/A/JavaRuntimeSupport
0x000000000ea03000 	/System/Library/Frameworks/JavaVM.framework/Versions/A/Frameworks/JavaNativeFoundation.framework/Versions/A/JavaNativeFoundation
0x000000000ea03000 	/System/Library/Frameworks/JavaVM.framework/Versions/A/JavaVM
0x000000000ea03000 	/System/Library/Frameworks/Carbon.framework/Versions/A/Carbon
0x000000000ea03000 	/System/Library/PrivateFrameworks/JavaLaunching.framework/Versions/A/JavaLaunching
0x000000000ea03000 	/System/Library/Frameworks/Carbon.framework/Versions/A/Frameworks/CommonPanels.framework/Versions/A/CommonPanels
0x000000000ea03000 	/System/Library/Frameworks/Carbon.framework/Versions/A/Frameworks/Help.framework/Versions/A/Help
0x000000000ea03000 	/System/Library/Frameworks/Carbon.framework/Versions/A/Frameworks/ImageCapture.framework/Versions/A/ImageCapture
0x000000000ea03000 	/System/Library/Frameworks/Carbon.framework/Versions/A/Frameworks/OpenScripting.framework/Versions/A/OpenScripting
0x000000000ea03000 	/System/Library/Frameworks/Carbon.framework/Versions/A/Frameworks/Print.framework/Versions/A/Print
0x000000000ea03000 	/System/Library/Frameworks/Carbon.framework/Versions/A/Frameworks/SecurityHI.framework/Versions/A/SecurityHI
0x0000000133cc0000 	/Applications/IBM/SPSS/Statistics/25/SPSSStatistics.app/Contents/JRE/lib/libnet.dylib
0x00000001194c0000 	/Applications/IBM/SPSS/Statistics/25/SPSSStatistics.app/Contents/lib/libspsswarc.dylib
0x000000011a0e2000 	/Applications/IBM/SPSS/Statistics/25/SPSSStatistics.app/Contents/lib/libspsswalt.dylib
0x000000011a0fa000 	/Applications/IBM/SPSS/Statistics/25/SPSSStatistics.app/Contents/lib/libspsswoms.dylib
0x000000011a129000 	/Applications/IBM/SPSS/Statistics/25/SPSSStatistics.app/Contents/lib/libspsswbst.dylib
0x000000011a139000 	/Applications/IBM/SPSS/Statistics/25/SPSSStatistics.app/Contents/lib/libspsswone.dylib
0x000000011a16c000 	/Applications/IBM/SPSS/Statistics/25/SPSSStatistics.app/Contents/lib/libspssweda.dylib
0x000000011a1ef000 	/Applications/IBM/SPSS/Statistics/25/SPSSStatistics.app/Contents/JRE/lib/libmanagement.dylib
0x000000011a1fd000 	/Applications/IBM/SPSS/Statistics/25/SPSSStatistics.app/Contents/JRE/lib/libosx.dylib
0x000000011a20b000 	/Applications/IBM/SPSS/Statistics/25/SPSSStatistics.app/Contents/JRE/lib/./libosxapp.dylib
0x000000000ea03000 	/System/Library/Frameworks/ExceptionHandling.framework/Versions/A/ExceptionHandling
0x0000000133a90000 	/Applications/IBM/SPSS/Statistics/25/SPSSStatistics.app/Contents/JRE/lib/libawt.dylib
0x0000000133b38000 	/Applications/IBM/SPSS/Statistics/25/SPSSStatistics.app/Contents/JRE/lib/./libmlib_image.dylib
0x0000000133d8b000 	/Applications/IBM/SPSS/Statistics/25/SPSSStatistics.app/Contents/JRE/lib/libawt_lwawt.dylib
0x000000013399d000 	/Applications/IBM/SPSS/Statistics/25/SPSSStatistics.app/Contents/lib/libjniviewer.dylib
0x000000011a427000 	/Applications/IBM/SPSS/Statistics/25/SPSSStatistics.app/Contents/JRE/lib/libfontmanager.dylib
0x000000000ea03000 	/System/Library/PrivateFrameworks/CoreServicesInternal.framework/Versions/A/CoreServicesInternal
0x000000011a4ad000 	/Applications/IBM/SPSS/Statistics/25/SPSSStatistics.app/Contents/JRE/lib/libnio.dylib
0x000000000ea03000 	/System/Library/Frameworks/ApplicationServices.framework/Versions/A/Frameworks/ATS.framework/Versions/A/Resources/libTrueTypeScaler.dylib

VM Arguments:
jvm_args: -Djava.library.path=/Applications/IBM/SPSS/Statistics/25/SPSSStatistics.app/Contents/bin/../JRE/lib/jli/:/Applications/IBM/SPSS/Statistics/25/SPSSStatistics.app/Contents/bin/../JRE/lib/:/Applications/IBM/SPSS/Statistics/25/SPSSStatistics.app/Contents/bin/../lib/:/Applications/IBM/SPSS/Statistics/25/SPSSStatistics.app/Contents/bin/ -Dapplication.home=/Applications/IBM/SPSS/Statistics/25/SPSSStatistics.app/Contents/bin -Dstatistics.home=/Applications/IBM/SPSS/Statistics/25/SPSSStatistics.app/Contents/bin -Djava.awt.headless=true -Dcom.sun.media.jai.disableMediaLib=true -Xms256M -Xmx2048M -XX:-UsePerfData -Dcom.ibm.jsse2.overrideDefaultProtocol=TLSv12 -Djava.io.tmpdir=/tmp/spssYaNnQ7/ 
java_command: <unknown>
java_class_path (initial): :/Applications/IBM/SPSS/Statistics/25/SPSSStatistics.app/Contents/bin/ChartEditor.jar:/Applications/IBM/SPSS/Statistics/25/SPSSStatistics.app/Contents/bin/ChartEditorRes.jar:/Applications/IBM/SPSS/Statistics/25/SPSSStatistics.app/Contents/bin/CoreTools.jar:/Applications/IBM/SPSS/Statistics/25/SPSSStatistics.app/Contents/bin/CustomDialogBuilder.jar:/Applications/IBM/SPSS/Statistics/25/SPSSStatistics.app/Contents/bin/CustomDialogBuilderRes.jar:/Applications/IBM/SPSS/Statistics/25/SPSSStatistics.app/Contents/bin/ExViewerDialogDemo.jar:/Applications/IBM/SPSS/Statistics/25/SPSSStatistics.app/Contents/bin/ExViewerFrameDemo.jar:/Applications/IBM/SPSS/Statistics/25/SPSSStatistics.app/Contents/bin/ExportTools.jar:/Applications/IBM/SPSS/Statistics/25/SPSSStatistics.app/Contents/bin/ExtensionManager.jar:/Applications/IBM/SPSS/Statistics/25/SPSSStatistics.app/Contents/bin/ExtensionManagerRes.jar:/Applications/IBM/SPSS/Statistics/25/SPSSStatistics.app/Contents/bin/FieldChooser.jar:/Applications/IBM/SPSS/Statistics/25/SPSSStatistics.app/Contents/bin/InstallExtBundles.jar:/Applications/IBM/SPSS/Statistics/25/SPSSStatistics.app/Contents/bin/InstallExtBundlesRes.jar:/Applications/IBM/SPSS/Statistics/25/SPSSStatistics.app/Contents/bin/JRegEdit.jar:/Applications/IBM/SPSS/Statistics/25/SPSSStatistics.app/Contents/bin/JimiProClasses.jar:/Applications/IBM/SPSS/Statistics/25/SPSSStatistics.app/Contents/bin/LightTable.jar:/Applications/IBM/SPSS/Statistics/25/SPSSStatistics.app/Contents/bin/ModelViewer.jar:/Applications/IBM/SPSS/Statistics/25/SPSSStatistics.app/Contents/bin/PivotTableEditor.jar:/Applications/IBM/SPSS/Statistics/25/SPSSStatistics.app/Contents/bin/PivotTableEditorRes.jar:/Applications/IBM/SPSS/Statistics/25/SPSSStatistics.app/Contents/bin/RConfig.jar:/Applications/IBM/SPSS/Statistics/25/SPSSStatistics.app/Contents/bin/RapidSpell.jar:/Applications/IBM/SPSS/Statistics/25/SPSSStatistics.app/Contents/bin/RapidSpellMDict.jar:/Applications/IBM/SPSS/Stat
Launcher Type: generic

Environment Variables:
PATH=/Applications/IBM/SPSS/Statistics/25/SPSSStatistics.app/Contents/bin:/usr/bin:/bin:/usr/sbin:/sbin
SHELL=/bin/bash
DISPLAY=/private/tmp/com.apple.launchd.8OSSK3mkL0/org.macosforge.xquartz:0
DYLD_LIBRARY_PATH=/Applications/IBM/SPSS/Statistics/25/SPSSStatistics.app/Contents/lib:/Applications/IBM/SPSS/Statistics/25/SPSSStatistics.app/Contents/common/ext/bin/spss.common:/Applications/IBM/SPSS/Statistics/25/SPSSStatistics.app/Contents/ext/bin/spss.common:/Applications/IBM/SPSS/Statistics/25/SPSSStatistics.app/Contents/lib:/Applications/IBM/SPSS/Statistics/25/SPSSStatistics.app/Contents/Library/Frameworks/Sentinel.framework:/Applications/IBM/SPSS/Statistics/25/SPSSStatistics.app/Contents/Library/Frameworks/SuperPro.framework:/Applications/IBM/SPSS/Statistics/25/SPSSStatistics.app/Contents/JRE/lib/jli

Signal Handlers:
SIGSEGV: [libjvm.dylib+0x5b1141], sa_mask[0]=11111111011111110111111111111111, sa_flags=SA_ONSTACK|SA_RESTART|SA_SIGINFO
SIGBUS: [libjvm.dylib+0x5b1141], sa_mask[0]=11111111011111110111111111111111, sa_flags=SA_RESTART|SA_SIGINFO
SIGFPE: [libjvm.dylib+0x487bc4], sa_mask[0]=11111111011111110111111111111111, sa_flags=SA_RESTART|SA_SIGINFO
SIGPIPE: [libjvm.dylib+0x487bc4], sa_mask[0]=11111111011111110111111111111111, sa_flags=SA_RESTART|SA_SIGINFO
SIGXFSZ: [libjvm.dylib+0x487bc4], sa_mask[0]=11111111011111110111111111111111, sa_flags=SA_RESTART|SA_SIGINFO
SIGILL: [libjvm.dylib+0x487bc4], sa_mask[0]=11111111011111110111111111111111, sa_flags=SA_RESTART|SA_SIGINFO
SIGUSR1: SIG_DFL, sa_mask[0]=00000000000000000000000000000000, sa_flags=none
SIGUSR2: [libjvm.dylib+0x4876e2], sa_mask[0]=00100000000000000000000000000000, sa_flags=SA_RESTART|SA_SIGINFO
SIGHUP: [libjvm.dylib+0x485cb9], sa_mask[0]=11111111011111110111111111111111, sa_flags=SA_RESTART|SA_SIGINFO
SIGINT: [libjvm.dylib+0x485cb9], sa_mask[0]=11111111011111110111111111111111, sa_flags=SA_RESTART|SA_SIGINFO
SIGTERM: [libjvm.dylib+0x485cb9], sa_mask[0]=11111111011111110111111111111111, sa_flags=SA_RESTART|SA_SIGINFO
SIGQUIT: [libjvm.dylib+0x485cb9], sa_mask[0]=11111111011111110111111111111111, sa_flags=SA_RESTART|SA_SIGINFO


---------------  S Y S T E M  ---------------

OS:Bsduname:Darwin 17.3.0 Darwin Kernel Version 17.3.0: Thu Nov  9 18:09:22 PST 2017; root:xnu-4570.31.3~1/RELEASE_X86_64 x86_64
rlimit: STACK 8192k, CORE 0k, NPROC 1418, NOFILE 10240, AS infinity
load average:3.32 2.79 2.40

CPU:total 8 (4 cores per cpu, 2 threads per core) family 6 model 70 stepping 1, cmov, cx8, fxsr, mmx, sse, sse2, sse3, ssse3, sse4.1, sse4.2, popcnt, avx, avx2, aes, clmul, erms, lzcnt, ht, tsc, tscinvbit, bmi1, bmi2

Memory: 4k page, physical 16777216k(364136k free)

/proc/meminfo:


vm_info: Java HotSpot(TM) 64-Bit Server VM (25.121-b13) for bsd-amd64 JRE (1.8.0_121-b13), built on Dec 12 2016 20:39:32 by "java_re" with gcc 4.2.1 (Based on Apple Inc. build 5658) (LLVM build 2336.11.00)

time: Sun Jun 10 01:44:13 2018
elapsed time: 208 seconds (0d 0h 3m 28s)

