#
# A fatal error has been detected by the Java Runtime Environment:
#
#  SIGSEGV (0xb) at pc=0x00007fff7438ef49, pid=69415, tid=0x0000000000000307
#
# JRE version: Java(TM) 2 Runtime Environment, Standard Edition (8.0_121-b13) (build 1.8.0_121-b13 14_Feb_2017_06_58 Mac OS X x64(SR4 FP1))
# Java VM: Java HotSpot(TM) 64-Bit Server VM (25.121-b13 mixed mode bsd-amd64 compressed oops)
# Problematic frame:
# C  [libsystem_platform.dylib+0x4f49]  _platform_memmove$VARIANT$Haswell+0x29
#
# Failed to write core dump. Core dumps have been disabled. To enable core dumping, try "ulimit -c unlimited" before starting Java again
#
# If you would like to submit a bug report, please visit:
#   http://bugreport.java.com/bugreport/crash.jsp
#

---------------  T H R E A D  ---------------

Current thread is native thread

siginfo: si_signo: 11 (SIGSEGV), si_code: 1 (SEGV_MAPERR), si_addr: 0x00007fbef1300000

Registers:
RAX=0x0000000165879000, RBX=0x00007ffee125e478, RCX=0x000000006d998972, RDX=0x0000000074706972
RSP=0x00007ffee125bac0, RBP=0x00007ffee125bac0, RSI=0x00007fbef1300000, RDI=0x000000016c5e7000
R8 =0x0000000003000001, R9 =0x0000000000000003, R10=0x0000000000000000, R11=0xffff80427b2e7000
R12=0x00007fbeea592000, R13=0x0000000000000008, R14=0x0000000074706972, R15=0x0000000165879000
RIP=0x00007fff7438ef49, EFLAGS=0x0000000000010206, ERR=0x0000000000000004
  TRAPNO=0x000000000000000e

Top of Stack: (sp=0x00007ffee125bac0)
0x00007ffee125bac0:   00007ffee125bb70 000000010e9b32d8
0x00007ffee125bad0:   00007ffee125bb20 000000010e9b1516
0x00007ffee125bae0:   00007ffee125bc4c 6373654400040000
0x00007ffee125baf0:   00007fbeea591ffc 00000000ea50e020
0x00007ffee125bb00:   00007ffee125e490 00007ffee125bb40
0x00007ffee125bb10:   00000000000107fa 00007ffee125e448
0x00007ffee125bb20:   00007ffee125bb70 000000010e9b13a1
0x00007ffee125bb30:   0000000000000003 00007ffee125bc50
0x00007ffee125bb40:   746e656d6e67696c 0000000000001ff0
0x00007ffee125bb50:   00007ffee125e3f0 0000000000000000
0x00007ffee125bb60:   0000000000185fd8 00007fbeea40c020
0x00007ffee125bb70:   00007ffee125bc80 000000010ecaa5e2
0x00007ffee125bb80:   fd00000070001000 000000010e9effff
0x00007ffee125bb90:   00007ffee125bc20 00007fff742c9758
0x00007ffee125bba0:   0000000000000000 0000000000000004
0x00007ffee125bbb0:   00007fbee8740b30 000000011522fa00
0x00007ffee125bbc0:   0000000000000000 0000000000000010
0x00007ffee125bbd0:   0000000000000001 000000010e9e8080
0x00007ffee125bbe0:   000000010e9e8080 000000011522fa00
0x00007ffee125bbf0:   000000010e9e7000 0000000000000004
0x00007ffee125bc00:   0000000015232200 0000000000000000
0x00007ffee125bc10:   00007ffee125bcc0 0000000000000000
0x00007ffee125bc20:   00007fffad1fb000 0000000000000000
0x00007ffee125bc30:   00007ffee125bc60 00007fff742b2201
0x00007ffee125bc40:   0000000000000000 0000000000000000
0x00007ffee125bc50:   00001ff000183fdc 00007ffee125e3f0
0x00007ffee125bc60:   00007ffee125bcc0 0000000000000000
0x00007ffee125bc70:   00007fbeea40c020 0000000000000000
0x00007ffee125bc80:   00007ffee125dcf0 000000010eca39e9
0x00007ffee125bc90:   0000000000000000 00007ffee125e3f0
0x00007ffee125bca0:   00007fbee851eff0 00007fbeea40c020
0x00007ffee125bcb0:   0000000000000000 0000000000000000 

Instructions: (pc=0x00007fff7438ef49)
0x00007fff7438ef29:   f3 48 89 f8 49 39 d3 72 1b 48 83 fa 60 76 2f 48
0x00007fff7438ef39:   81 fa 00 40 00 00 0f 82 cb 00 00 00 48 89 d1 fc
0x00007fff7438ef49:   f3 a4 5d c3 48 39 fe 74 f9 48 01 d6 48 01 d7 48
0x00007fff7438ef59:   83 fa 60 0f 82 8c 01 00 00 e9 a9 01 00 00 48 83 

Register to memory mapping:

RAX=0x0000000165879000 is an unknown value
RBX=0x00007ffee125e478 is an unknown value
RCX=0x000000006d998972 is an unknown value
RDX=0x0000000074706972 is an unknown value
RSP=0x00007ffee125bac0 is an unknown value
RBP=0x00007ffee125bac0 is an unknown value
RSI=0x00007fbef1300000 is an unknown value
RDI=0x000000016c5e7000 is an unknown value
R8 =0x0000000003000001 is an unknown value
R9 =0x0000000000000003 is an unknown value
R10=0x0000000000000000 is an unknown value
R11=0xffff80427b2e7000 is an unknown value
R12=0x00007fbeea592000 is an unknown value
R13=0x0000000000000008 is an unknown value
R14=0x0000000074706972 is an unknown value
R15=0x0000000165879000 is an unknown value


Stack: [0x00007ffee0a5f000,0x00007ffee125f000],  sp=0x00007ffee125bac0,  free space=8178k
Native frames: (J=compiled Java code, j=interpreted, Vv=VM code, C=native code)
C  [libsystem_platform.dylib+0x4f49]  _platform_memmove$VARIANT$Haswell+0x29
C  [StartXD+0x122d8]  StringData::ParseData(void*, int&)+0xe2
C  [libspssdxcom.dylib+0x125e2]  CleXDSmb::ParseBuf(void*)+0x90
C  [libspssdxcom.dylib+0xb9e9]  ReceiveData(JavaPlugInSocket*, CleXDSmb&)+0xfa
C  [StartXD+0x25fe]  main+0xa6b
C  [libdyld.dylib+0x1115]  start+0x1


---------------  P R O C E S S  ---------------

VM state:not at safepoint (normal execution)

VM Mutex/Monitor currently owned by a thread: None

Heap:
 PSYoungGen      total 689152K, used 13402K [0x0000000795580000, 0x00000007bff00000, 0x00000007c0000000)
  eden space 680448K, 1% used [0x0000000795580000,0x0000000796296b68,0x00000007bee00000)
  from space 8704K, 0% used [0x00000007bee00000,0x00000007bee00000,0x00000007bf680000)
  to   space 8704K, 0% used [0x00000007bf680000,0x00000007bf680000,0x00000007bff00000)
 ParOldGen       total 175104K, used 13067K [0x0000000740000000, 0x000000074ab00000, 0x0000000795580000)
  object space 175104K, 7% used [0x0000000740000000,0x0000000740cc2eb8,0x000000074ab00000)
 Metaspace       used 19833K, capacity 20116K, committed 20480K, reserved 1067008K
  class space    used 2369K, capacity 2463K, committed 2560K, reserved 1048576K

Card table byte_map: [0x000000012c47c000,0x000000012c87d000] byte_map_base: 0x0000000128a7c000

Marking Bits: (ParMarkBitMap*) 0x000000011cdcad30
 Begin Bits: [0x000000012c87d000, 0x000000012e87d000)
 End Bits:   [0x000000012e87d000, 0x000000013087d000)

Polling page: 0x000000010ec97000

CodeCache: size=245760Kb used=14856Kb max_used=14893Kb free=230903Kb
 bounds [0x000000011d47c000, 0x000000011e31c000, 0x000000012c47c000]
 total_blobs=3887 nmethods=3377 adapters=423
 compilation: enabled

Compilation events (10 events):
Event: 17.262 Thread 0x00007fbee90d8800 nmethod 3401 0x000000011d590550 code [0x000000011d5906a0, 0x000000011d5907b0]
Event: 17.262 Thread 0x00007fbee90d8800 3412       1       org.openxmlformats.schemas.spreadsheetml._2006.main.descriptors.MergeCellDescriptor::getNameSpacePrefix (5 bytes)
Event: 17.262 Thread 0x00007fbee90d8800 nmethod 3412 0x000000011d5ed3d0 code [0x000000011d5ed520, 0x000000011d5ed630]
Event: 17.262 Thread 0x00007fbee90d8800 3404       1       org.openxmlformats.schemas.spreadsheetml._2006.main.descriptors.RowDescriptor::getNameSpacePrefix (5 bytes)
Event: 17.262 Thread 0x00007fbee90d8800 nmethod 3404 0x000000011d5ed110 code [0x000000011d5ed260, 0x000000011d5ed370]
Event: 17.262 Thread 0x00007fbee90d8800 3387       1       org.openxmlformats.schemas.spreadsheetml._2006.main.CT_VerticalAlignFontProperty::getVal (5 bytes)
Event: 17.262 Thread 0x00007fbee90d8800 nmethod 3387 0x000000011d5ece50 code [0x000000011d5ecfa0, 0x000000011d5ed0b0]
Event: 17.262 Thread 0x00007fbee90d8800 3388       1       org.openxmlformats.schemas.spreadsheetml._2006.main.types.ST_VerticalAlignRun::toString (5 bytes)
Event: 17.262 Thread 0x00007fbee90d8800 nmethod 3388 0x000000011e27e690 code [0x000000011e27e7e0, 0x000000011e27e8f0]
Event: 17.414 Thread 0x00007fbeeb002000 nmethod 3281 0x000000011e303990 code [0x000000011e3044e0, 0x000000011e30aaa0]

GC Heap History (10 events):
Event: 14.804 GC heap before
{Heap before GC invocations=8 (full 0):
 PSYoungGen      total 268288K, used 263397K [0x0000000795580000, 0x00000007b6080000, 0x00000007c0000000)
  eden space 258048K, 100% used [0x0000000795580000,0x00000007a5180000,0x00000007a5180000)
  from space 10240K, 52% used [0x00000007a5180000,0x00000007a56b9500,0x00000007a5b80000)
  to   space 9728K, 0% used [0x00000007b5700000,0x00000007b5700000,0x00000007b6080000)
 ParOldGen       total 175104K, used 7895K [0x0000000740000000, 0x000000074ab00000, 0x0000000795580000)
  object space 175104K, 4% used [0x0000000740000000,0x00000007407b5ef8,0x000000074ab00000)
 Metaspace       used 18959K, capacity 19228K, committed 19584K, reserved 1067008K
  class space    used 2281K, capacity 2363K, committed 2432K, reserved 1048576K
Event: 14.809 GC heap after
Heap after GC invocations=8 (full 0):
 PSYoungGen      total 524800K, used 5202K [0x0000000795580000, 0x00000007b5f80000, 0x00000007c0000000)
  eden space 516096K, 0% used [0x0000000795580000,0x0000000795580000,0x00000007b4d80000)
  from space 8704K, 59% used [0x00000007b5700000,0x00000007b5c14aa0,0x00000007b5f80000)
  to   space 9216K, 0% used [0x00000007b4d80000,0x00000007b4d80000,0x00000007b5680000)
 ParOldGen       total 175104K, used 7935K [0x0000000740000000, 0x000000074ab00000, 0x0000000795580000)
  object space 175104K, 4% used [0x0000000740000000,0x00000007407bfef8,0x000000074ab00000)
 Metaspace       used 18959K, capacity 19228K, committed 19584K, reserved 1067008K
  class space    used 2281K, capacity 2363K, committed 2432K, reserved 1048576K
}
Event: 15.661 GC heap before
{Heap before GC invocations=9 (full 0):
 PSYoungGen      total 524800K, used 521298K [0x0000000795580000, 0x00000007b5f80000, 0x00000007c0000000)
  eden space 516096K, 100% used [0x0000000795580000,0x00000007b4d80000,0x00000007b4d80000)
  from space 8704K, 59% used [0x00000007b5700000,0x00000007b5c14aa0,0x00000007b5f80000)
  to   space 9216K, 0% used [0x00000007b4d80000,0x00000007b4d80000,0x00000007b5680000)
 ParOldGen       total 175104K, used 7935K [0x0000000740000000, 0x000000074ab00000, 0x0000000795580000)
  object space 175104K, 4% used [0x0000000740000000,0x00000007407bfef8,0x000000074ab00000)
 Metaspace       used 19144K, capacity 19458K, committed 19584K, reserved 1067008K
  class space    used 2288K, capacity 2396K, committed 2432K, reserved 1048576K
Event: 15.668 GC heap after
Heap after GC invocations=9 (full 0):
 PSYoungGen      total 525312K, used 3968K [0x0000000795580000, 0x00000007c0000000, 0x00000007c0000000)
  eden space 516096K, 0% used [0x0000000795580000,0x0000000795580000,0x00000007b4d80000)
  from space 9216K, 43% used [0x00000007b4d80000,0x00000007b5160000,0x00000007b5680000)
  to   space 9216K, 0% used [0x00000007bf700000,0x00000007bf700000,0x00000007c0000000)
 ParOldGen       total 175104K, used 11135K [0x0000000740000000, 0x000000074ab00000, 0x0000000795580000)
  object space 175104K, 6% used [0x0000000740000000,0x0000000740adfda0,0x000000074ab00000)
 Metaspace       used 19144K, capacity 19458K, committed 19584K, reserved 1067008K
  class space    used 2288K, capacity 2396K, committed 2432K, reserved 1048576K
}
Event: 16.445 GC heap before
{Heap before GC invocations=10 (full 0):
 PSYoungGen      total 525312K, used 520064K [0x0000000795580000, 0x00000007c0000000, 0x00000007c0000000)
  eden space 516096K, 100% used [0x0000000795580000,0x00000007b4d80000,0x00000007b4d80000)
  from space 9216K, 43% used [0x00000007b4d80000,0x00000007b5160000,0x00000007b5680000)
  to   space 9216K, 0% used [0x00000007bf700000,0x00000007bf700000,0x00000007c0000000)
 ParOldGen       total 175104K, used 11135K [0x0000000740000000, 0x000000074ab00000, 0x0000000795580000)
  object space 175104K, 6% used [0x0000000740000000,0x0000000740adfda0,0x000000074ab00000)
 Metaspace       used 19348K, capacity 19650K, committed 19840K, reserved 1067008K
  class space    used 2292K, capacity 2396K, committed 2432K, reserved 1048576K
Event: 16.450 GC heap after
Heap after GC invocations=10 (full 0):
 PSYoungGen      total 688640K, used 3936K [0x0000000795580000, 0x00000007bff00000, 0x00000007c0000000)
  eden space 680448K, 0% used [0x0000000795580000,0x0000000795580000,0x00000007bee00000)
  from space 8192K, 48% used [0x00000007bf700000,0x00000007bfad8000,0x00000007bff00000)
  to   space 8704K, 0% used [0x00000007bee00000,0x00000007bee00000,0x00000007bf680000)
 ParOldGen       total 175104K, used 11255K [0x0000000740000000, 0x000000074ab00000, 0x0000000795580000)
  object space 175104K, 6% used [0x0000000740000000,0x0000000740afdda0,0x000000074ab00000)
 Metaspace       used 19348K, capacity 19650K, committed 19840K, reserved 1067008K
  class space    used 2292K, capacity 2396K, committed 2432K, reserved 1048576K
}
Event: 17.204 GC heap before
{Heap before GC invocations=11 (full 0):
 PSYoungGen      total 688640K, used 529985K [0x0000000795580000, 0x00000007bff00000, 0x00000007c0000000)
  eden space 680448K, 77% used [0x0000000795580000,0x00000007b57384b8,0x00000007bee00000)
  from space 8192K, 48% used [0x00000007bf700000,0x00000007bfad8000,0x00000007bff00000)
  to   space 8704K, 0% used [0x00000007bee00000,0x00000007bee00000,0x00000007bf680000)
 ParOldGen       total 175104K, used 11255K [0x0000000740000000, 0x000000074ab00000, 0x0000000795580000)
  object space 175104K, 6% used [0x0000000740000000,0x0000000740afdda0,0x000000074ab00000)
 Metaspace       used 19805K, capacity 20116K, committed 20480K, reserved 1067008K
  class space    used 2365K, capacity 2463K, committed 2560K, reserved 1048576K
Event: 17.207 GC heap after
Heap after GC invocations=11 (full 0):
 PSYoungGen      total 689152K, used 3744K [0x0000000795580000, 0x00000007bff00000, 0x00000007c0000000)
  eden space 680448K, 0% used [0x0000000795580000,0x0000000795580000,0x00000007bee00000)
  from space 8704K, 43% used [0x00000007bee00000,0x00000007bf1a8000,0x00000007bf680000)
  to   space 8704K, 0% used [0x00000007bf680000,0x00000007bf680000,0x00000007bff00000)
 ParOldGen       total 175104K, used 11407K [0x0000000740000000, 0x000000074ab00000, 0x0000000795580000)
  object space 175104K, 6% used [0x0000000740000000,0x0000000740b23da0,0x000000074ab00000)
 Metaspace       used 19805K, capacity 20116K, committed 20480K, reserved 1067008K
  class space    used 2365K, capacity 2463K, committed 2560K, reserved 1048576K
}
Event: 17.207 GC heap before
{Heap before GC invocations=12 (full 1):
 PSYoungGen      total 689152K, used 3744K [0x0000000795580000, 0x00000007bff00000, 0x00000007c0000000)
  eden space 680448K, 0% used [0x0000000795580000,0x0000000795580000,0x00000007bee00000)
  from space 8704K, 43% used [0x00000007bee00000,0x00000007bf1a8000,0x00000007bf680000)
  to   space 8704K, 0% used [0x00000007bf680000,0x00000007bf680000,0x00000007bff00000)
 ParOldGen       total 175104K, used 11407K [0x0000000740000000, 0x000000074ab00000, 0x0000000795580000)
  object space 175104K, 6% used [0x0000000740000000,0x0000000740b23da0,0x000000074ab00000)
 Metaspace       used 19805K, capacity 20116K, committed 20480K, reserved 1067008K
  class space    used 2365K, capacity 2463K, committed 2560K, reserved 1048576K
Event: 17.244 GC heap after
Heap after GC invocations=12 (full 1):
 PSYoungGen      total 689152K, used 0K [0x0000000795580000, 0x00000007bff00000, 0x00000007c0000000)
  eden space 680448K, 0% used [0x0000000795580000,0x0000000795580000,0x00000007bee00000)
  from space 8704K, 0% used [0x00000007bee00000,0x00000007bee00000,0x00000007bf680000)
  to   space 8704K, 0% used [0x00000007bf680000,0x00000007bf680000,0x00000007bff00000)
 ParOldGen       total 175104K, used 13067K [0x0000000740000000, 0x000000074ab00000, 0x0000000795580000)
  object space 175104K, 7% used [0x0000000740000000,0x0000000740cc2eb8,0x000000074ab00000)
 Metaspace       used 19805K, capacity 20116K, committed 20480K, reserved 1067008K
  class space    used 2365K, capacity 2463K, committed 2560K, reserved 1048576K
}

Deoptimization events (10 events):
Event: 17.087 Thread 0x00007fbeeb014800 Uncommon trap: reason=class_check action=maybe_recompile pc=0x000000011d83ef78 method=java.io.Writer.write(Ljava/lang/String;)V @ 7
Event: 17.097 Thread 0x00007fbeeb014800 Uncommon trap: reason=unstable_if action=reinterpret pc=0x000000011e1b9584 method=sun.misc.FloatingDecimal$BinaryToASCIIBuffer.dtoa(IJIZ)V @ 116
Event: 17.103 Thread 0x00007fbeeb014800 Uncommon trap: reason=unstable_if action=reinterpret pc=0x000000011df46674 method=org.exolab.castor.xml.FieldValidator.validate(Ljava/lang/Object;Lorg/exolab/castor/xml/ValidationContext;)V @ 377
Event: 17.133 Thread 0x00007fbeeb014800 Uncommon trap: reason=unstable_if action=reinterpret pc=0x000000011e22a5fc method=org.exolab.castor.xml.Marshaller.marshal(Ljava/lang/Object;Lorg/exolab/castor/xml/XMLFieldDescriptor;Lorg/xml/sax/ContentHandler;Lorg/exolab/castor/xml/Marshaller$MarshalSta
Event: 17.133 Thread 0x00007fbeeb014800 Uncommon trap: reason=unstable_if action=reinterpret pc=0x000000011e1ab3fc method=org.exolab.castor.xml.util.XMLFieldDescriptorImpl.getProperty(Ljava/lang/String;)Ljava/lang/String; @ 4
Event: 17.137 Thread 0x00007fbeeb014800 Uncommon trap: reason=unstable_if action=reinterpret pc=0x000000011dfa36ac method=org.apache.xml.serialize.Printer.printText(C)V @ 7
Event: 17.152 Thread 0x00007fbeeb014800 Uncommon trap: reason=unstable_if action=reinterpret pc=0x000000011ddaf838 method=org.apache.xml.serialize.Printer.printText(C)V @ 7
Event: 17.191 Thread 0x00007fbeeb014800 Uncommon trap: reason=class_check action=maybe_recompile pc=0x000000011d83ef78 method=java.io.Writer.write(Ljava/lang/String;)V @ 7
Event: 17.202 Thread 0x00007fbeeb014800 Uncommon trap: reason=unstable_if action=reinterpret pc=0x000000011e28a418 method=org.exolab.castor.xml.Marshaller.processAttribute(Ljava/lang/Object;Lorg/exolab/castor/xml/XMLFieldDescriptor;Lorg/xml/sax/helpers/AttributesImpl;)V @ 145
Event: 17.203 Thread 0x00007fbeeb014800 Uncommon trap: reason=class_check action=maybe_recompile pc=0x000000011e0f503c method=java.util.HashMap.putMapEntries(Ljava/util/Map;Z)V @ 1

Internal exceptions (10 events):
Event: 12.189 Thread 0x00007fbeeb014800 Exception <a 'java/lang/NoSuchFieldError': method resolution failed> (0x000000079cfcc910) thrown at [/Users/java_re/workspace/8-2-build-macosx-x86_64/jdk8u121/8372/hotspot/src/share/vm/prims/methodHandles.cpp, line 1146]
Event: 12.202 Thread 0x00007fbeeb014800 Exception <a 'java/io/FileNotFoundException'> (0x000000079d045678) thrown at [/Users/java_re/workspace/8-2-build-macosx-x86_64/jdk8u121/8372/hotspot/src/share/vm/prims/jni.cpp, line 709]
Event: 12.203 Thread 0x00007fbeeb014800 Exception <a 'java/io/FileNotFoundException'> (0x000000079d0461d8) thrown at [/Users/java_re/workspace/8-2-build-macosx-x86_64/jdk8u121/8372/hotspot/src/share/vm/prims/jni.cpp, line 709]
Event: 12.220 Thread 0x00007fbeeb014800 Exception <a 'java/io/FileNotFoundException'> (0x000000079d0531d8) thrown at [/Users/java_re/workspace/8-2-build-macosx-x86_64/jdk8u121/8372/hotspot/src/share/vm/prims/jni.cpp, line 709]
Event: 12.527 Thread 0x00007fbeeb014800 Implicit null exception at 0x000000011d722ef5 to 0x000000011d723149
Event: 12.528 Thread 0x00007fbeeb014800 Implicit null exception at 0x000000011d8f3b7b to 0x000000011d8f4425
Event: 12.528 Thread 0x00007fbeeb014800 Implicit null exception at 0x000000011d76cd6f to 0x000000011d76cdd9
Event: 14.912 Thread 0x00007fbeeb014800 Implicit null exception at 0x000000011dec3c41 to 0x000000011dec3d65
Event: 16.882 Thread 0x00007fbeeb014800 Implicit null exception at 0x000000011e1ca9d3 to 0x000000011e1cfb6d
Event: 16.932 Thread 0x00007fbeeb014800 Implicit null exception at 0x000000011e1e18b0 to 0x000000011e1e2405

Events (10 events):
Event: 17.247 loading class com/spss/repository/client/application/RepositoryServerResourceAuthorizationException
Event: 17.247 loading class com/spss/repository/client/application/RepositoryServerResourceAuthorizationException done
Event: 17.247 loading class com/spss/repository/client/application/RepositoryServerLockException
Event: 17.247 loading class com/spss/repository/client/application/RepositoryServerLockException done
Event: 17.247 loading class java/net/URISyntaxException
Event: 17.247 loading class java/net/URISyntaxException done
Event: 17.247 loading class com/spss/repository/client/application/RepositoryServerDuplicateObjectNameException
Event: 17.247 loading class com/spss/repository/client/application/RepositoryServerDuplicateObjectNameException done
Event: 17.247 loading class javax/activation/MimeTypeParseException
Event: 17.247 loading class javax/activation/MimeTypeParseException done


Dynamic libraries:
0x0000000024e73000 	/System/Library/Frameworks/CoreFoundation.framework/Versions/A/CoreFoundation
0x0000000024e73000 	/System/Library/Frameworks/IOKit.framework/Versions/A/IOKit
0x0000000024e73000 	/usr/lib/libstdc++.6.0.9.dylib
0x000000010e9c6000 	/Applications/IBM/SPSS/Statistics/25/SPSSStatistics.app/Contents/lib/libtempdir.dylib
0x000000010e9eb000 	/Applications/IBM/SPSS/Statistics/25/SPSSStatistics.app/Contents/lib/libspssxd.dylib
0x000000010ec98000 	/Applications/IBM/SPSS/Statistics/25/SPSSStatistics.app/Contents/lib/libspssdxcom.dylib
0x000000010ece0000 	/Applications/IBM/SPSS/Statistics/25/SPSSStatistics.app/Contents/common/ext/bin/spss.common/libscorelib850r.dylib
0x000000010ede3000 	/Applications/IBM/SPSS/Statistics/25/SPSSStatistics.app/Contents/common/ext/bin/spss.common/libGeneralRegressionModel850r.dylib
0x000000010ee5a000 	/Applications/IBM/SPSS/Statistics/25/SPSSStatistics.app/Contents/common/ext/bin/spss.common/libdiscriminant-model850r.dylib
0x0000000024e73000 	/usr/lib/libSystem.B.dylib
0x0000000024e73000 	/usr/lib/libDiagnosticMessagesClient.dylib
0x0000000024e73000 	/usr/lib/libicucore.A.dylib
0x0000000024e73000 	/usr/lib/libobjc.A.dylib
0x0000000024e73000 	/usr/lib/libz.1.dylib
0x0000000024e73000 	/usr/lib/system/libcache.dylib
0x0000000024e73000 	/usr/lib/system/libcommonCrypto.dylib
0x0000000024e73000 	/usr/lib/system/libcompiler_rt.dylib
0x0000000024e73000 	/usr/lib/system/libcopyfile.dylib
0x0000000024e73000 	/usr/lib/system/libcorecrypto.dylib
0x0000000024e73000 	/usr/lib/system/libdispatch.dylib
0x0000000024e73000 	/usr/lib/system/libdyld.dylib
0x0000000024e73000 	/usr/lib/system/libkeymgr.dylib
0x0000000024e73000 	/usr/lib/system/liblaunch.dylib
0x0000000024e73000 	/usr/lib/system/libmacho.dylib
0x0000000024e73000 	/usr/lib/system/libquarantine.dylib
0x0000000024e73000 	/usr/lib/system/libremovefile.dylib
0x0000000024e73000 	/usr/lib/system/libsystem_asl.dylib
0x0000000024e73000 	/usr/lib/system/libsystem_blocks.dylib
0x0000000024e73000 	/usr/lib/system/libsystem_c.dylib
0x0000000024e73000 	/usr/lib/system/libsystem_configuration.dylib
0x0000000024e73000 	/usr/lib/system/libsystem_coreservices.dylib
0x0000000024e73000 	/usr/lib/system/libsystem_darwin.dylib
0x0000000024e73000 	/usr/lib/system/libsystem_dnssd.dylib
0x0000000024e73000 	/usr/lib/system/libsystem_info.dylib
0x0000000024e73000 	/usr/lib/system/libsystem_m.dylib
0x0000000024e73000 	/usr/lib/system/libsystem_malloc.dylib
0x0000000024e73000 	/usr/lib/system/libsystem_network.dylib
0x0000000024e73000 	/usr/lib/system/libsystem_networkextension.dylib
0x0000000024e73000 	/usr/lib/system/libsystem_notify.dylib
0x0000000024e73000 	/usr/lib/system/libsystem_sandbox.dylib
0x0000000024e73000 	/usr/lib/system/libsystem_secinit.dylib
0x0000000024e73000 	/usr/lib/system/libsystem_kernel.dylib
0x0000000024e73000 	/usr/lib/system/libsystem_platform.dylib
0x0000000024e73000 	/usr/lib/system/libsystem_pthread.dylib
0x0000000024e73000 	/usr/lib/system/libsystem_symptoms.dylib
0x0000000024e73000 	/usr/lib/system/libsystem_trace.dylib
0x0000000024e73000 	/usr/lib/system/libunwind.dylib
0x0000000024e73000 	/usr/lib/system/libxpc.dylib
0x0000000024e73000 	/usr/lib/closure/libclosured.dylib
0x0000000024e73000 	/usr/lib/libc++abi.dylib
0x0000000024e73000 	/usr/lib/libc++.1.dylib
0x0000000024e73000 	/usr/lib/libenergytrace.dylib
0x0000000024e73000 	/usr/lib/libbsm.0.dylib
0x0000000024e73000 	/usr/lib/system/libkxld.dylib
0x000000010ee81000 	/Applications/IBM/SPSS/Statistics/25/SPSSStatistics.app/Contents/lib/libifcoremt.dylib
0x000000010effa000 	/Applications/IBM/SPSS/Statistics/25/SPSSStatistics.app/Contents/lib/libimf.dylib
0x000000010f317000 	/Applications/IBM/SPSS/Statistics/25/SPSSStatistics.app/Contents/lib/libsvml.dylib
0x000000010fe11000 	/Applications/IBM/SPSS/Statistics/25/SPSSStatistics.app/Contents/lib/libintlc.dylib
0x000000010fe60000 	/Applications/IBM/SPSS/Statistics/25/SPSSStatistics.app/Contents/lib/libplatdep.dylib
0x000000010feab000 	/Applications/IBM/SPSS/Statistics/25/SPSSStatistics.app/Contents/lib/libgsk8iccs.dylib
0x000000010ff24000 	/Applications/IBM/SPSS/Statistics/25/SPSSStatistics.app/Contents/lib/libsockbsd.dylib
0x000000010ff35000 	/Applications/IBM/SPSS/Statistics/25/SPSSStatistics.app/Contents/lib/libsfthread.dylib
0x000000010ff47000 	/Applications/IBM/SPSS/Statistics/25/SPSSStatistics.app/Contents/lib/libvserial.dylib
0x000000010ff63000 	/Applications/IBM/SPSS/Statistics/25/SPSSStatistics.app/Contents/lib/libvutility.dylib
0x000000010ff71000 	/Applications/IBM/SPSS/Statistics/25/SPSSStatistics.app/Contents/lib/libicuuc.51.2.dylib
0x000000011014d000 	/Applications/IBM/SPSS/Statistics/25/SPSSStatistics.app/Contents/lib/libicui18n.51.2.dylib
0x0000000110424000 	/Applications/IBM/SPSS/Statistics/25/SPSSStatistics.app/Contents/lib/libxerces-c-3.1.dylib
0x0000000110801000 	/Applications/IBM/SPSS/Statistics/25/SPSSStatistics.app/Contents/lib/libicudata.51.2.dylib
0x0000000111d52000 	/Applications/IBM/SPSS/Statistics/25/SPSSStatistics.app/Contents/lib/libspsswlib.dylib
0x000000011411d000 	/Applications/IBM/SPSS/Statistics/25/SPSSStatistics.app/Contents/lib/libcpuinfo.dylib
0x0000000114121000 	/Applications/IBM/SPSS/Statistics/25/SPSSStatistics.app/Contents/lib/libomcell.dylib
0x0000000114146000 	/Applications/IBM/SPSS/Statistics/25/SPSSStatistics.app/Contents/lib/libomfactry.dylib
0x00000001141ef000 	/Applications/IBM/SPSS/Statistics/25/SPSSStatistics.app/Contents/lib/libomtree.dylib
0x000000011422b000 	/Applications/IBM/SPSS/Statistics/25/SPSSStatistics.app/Contents/lib/libomxxml.dylib
0x0000000114266000 	/Applications/IBM/SPSS/Statistics/25/SPSSStatistics.app/Contents/lib/libomxsav.dylib
0x0000000114278000 	/Applications/IBM/SPSS/Statistics/25/SPSSStatistics.app/Contents/lib/libomxhtml.dylib
0x000000011429f000 	/Applications/IBM/SPSS/Statistics/25/SPSSStatistics.app/Contents/lib/libomxtext.dylib
0x00000001142c5000 	/Applications/IBM/SPSS/Statistics/25/SPSSStatistics.app/Contents/lib/libomxspv.dylib
0x00000001142d1000 	/Applications/IBM/SPSS/Statistics/25/SPSSStatistics.app/Contents/lib/libspssjni.dylib
0x00000001142de000 	/Applications/IBM/SPSS/Statistics/25/SPSSStatistics.app/Contents/lib/libspssjvm.dylib
0x00000001142eb000 	/Applications/IBM/SPSS/Statistics/25/SPSSStatistics.app/Contents/lib/libvizedit.dylib
0x000000011430b000 	/Applications/IBM/SPSS/Statistics/25/SPSSStatistics.app/Contents/lib/libtransspc.dylib
0x000000011433b000 	/Applications/IBM/SPSS/Statistics/25/SPSSStatistics.app/Contents/lib/libdedstore.dylib
0x000000011435d000 	/Applications/IBM/SPSS/Statistics/25/SPSSStatistics.app/Contents/lib/libsvrdmgr.dylib
0x000000011437f000 	/Applications/IBM/SPSS/Statistics/25/SPSSStatistics.app/Contents/lib/libdatasrc.dylib
0x0000000114423000 	/Applications/IBM/SPSS/Statistics/25/SPSSStatistics.app/Contents/lib/libsvrerrs.dylib
0x0000000114430000 	/Applications/IBM/SPSS/Statistics/25/SPSSStatistics.app/Contents/lib/libspssdemg.dylib
0x0000000114478000 	/Applications/IBM/SPSS/Statistics/25/SPSSStatistics.app/Contents/lib/libcpputil.dylib
0x00000001144b7000 	/Applications/IBM/SPSS/Statistics/25/SPSSStatistics.app/Contents/lib/libstrtable.dylib
0x00000000dc4c7000 	/Applications/IBM/SPSS/Statistics/25/SPSSStatistics.app/Contents/lib/libxalan-c.111.0.dylib
0x0000000114b13000 	/Applications/IBM/SPSS/Statistics/25/SPSSStatistics.app/Contents/lib/libchartutl.dylib
0x0000000114c24000 	/Applications/IBM/SPSS/Statistics/25/SPSSStatistics.app/Contents/lib/libspssmsgs.dylib
0x0000000114c30000 	/Applications/IBM/SPSS/Statistics/25/SPSSStatistics.app/Contents/lib/libvizchart.dylib
0x0000000114e59000 	/Applications/IBM/SPSS/Statistics/25/SPSSStatistics.app/Contents/lib/libzlib1211spss.dylib
0x0000000114e91000 	/Applications/IBM/SPSS/Statistics/25/SPSSStatistics.app/Contents/lib/libindutil.dylib
0x00000000d4ea1000 	/Applications/IBM/SPSS/Statistics/25/SPSSStatistics.app/Contents/lib/libxalanMsg.111.0.dylib
0x0000000114eb1000 	/Applications/IBM/SPSS/Statistics/25/SPSSStatistics.app/Contents/lib/libspssiocv.dylib
0x0000000114eec000 	/Applications/IBM/SPSS/Statistics/25/SPSSStatistics.app/Contents/lib/libreadonly.dylib
0x0000000114ef4000 	/Applications/IBM/SPSS/Statistics/25/SPSSStatistics.app/Contents/lib/libtmsutil.dylib
0x0000000114efe000 	/Applications/IBM/SPSS/Statistics/25/SPSSStatistics.app/Contents/lib/libcvtrans.dylib
0x0000000074f40000 	/Applications/IBM/SPSS/Statistics/25/SPSSStatistics.app/Contents/Library/Frameworks/Sentinel.framework/Versions/A/Sentinel
0x0000000114f5d000 	/Applications/IBM/SPSS/Statistics/25/SPSSStatistics.app/Contents/Library/Frameworks/SuperPro.framework/Versions/A/SuperPro
0x0000000114f76000 	/Applications/IBM/SPSS/Statistics/25/SPSSStatistics.app/Contents/lib/libcmddata.dylib
0x0000000114f82000 	/Applications/IBM/SPSS/Statistics/25/SPSSStatistics.app/Contents/lib/libmcbstsps.dylib
0x0000000024e73000 	/usr/lib/libiconv.2.dylib
0x0000000024e73000 	/System/Library/Frameworks/CoreServices.framework/Versions/A/CoreServices
0x0000000024e73000 	/System/Library/Frameworks/CFNetwork.framework/Versions/A/CFNetwork
0x0000000024e73000 	/System/Library/Frameworks/CoreServices.framework/Versions/A/Frameworks/FSEvents.framework/Versions/A/FSEvents
0x0000000024e73000 	/System/Library/Frameworks/CoreServices.framework/Versions/A/Frameworks/CarbonCore.framework/Versions/A/CarbonCore
0x0000000024e73000 	/System/Library/Frameworks/CoreServices.framework/Versions/A/Frameworks/Metadata.framework/Versions/A/Metadata
0x0000000024e73000 	/System/Library/Frameworks/CoreServices.framework/Versions/A/Frameworks/OSServices.framework/Versions/A/OSServices
0x0000000024e73000 	/System/Library/Frameworks/CoreServices.framework/Versions/A/Frameworks/SearchKit.framework/Versions/A/SearchKit
0x0000000024e73000 	/System/Library/Frameworks/CoreServices.framework/Versions/A/Frameworks/AE.framework/Versions/A/AE
0x0000000024e73000 	/System/Library/Frameworks/CoreServices.framework/Versions/A/Frameworks/LaunchServices.framework/Versions/A/LaunchServices
0x0000000024e73000 	/System/Library/Frameworks/CoreServices.framework/Versions/A/Frameworks/DictionaryServices.framework/Versions/A/DictionaryServices
0x0000000024e73000 	/System/Library/Frameworks/CoreServices.framework/Versions/A/Frameworks/SharedFileList.framework/Versions/A/SharedFileList
0x0000000024e73000 	/usr/lib/libauto.dylib
0x0000000024e73000 	/System/Library/Frameworks/SystemConfiguration.framework/Versions/A/SystemConfiguration
0x0000000024e73000 	/System/Library/Frameworks/Security.framework/Versions/A/Security
0x0000000024e73000 	/usr/lib/libsqlite3.dylib
0x0000000024e73000 	/usr/lib/libxml2.2.dylib
0x0000000024e73000 	/usr/lib/libnetwork.dylib
0x0000000024e73000 	/usr/lib/libapple_nghttp2.dylib
0x0000000024e73000 	/usr/lib/libpcap.A.dylib
0x0000000024e73000 	/usr/lib/libboringssl.dylib
0x0000000024e73000 	/usr/lib/libusrtcp.dylib
0x0000000024e73000 	/usr/lib/libcoretls.dylib
0x0000000024e73000 	/usr/lib/libcoretls_cfhelpers.dylib
0x0000000024e73000 	/usr/lib/libapple_crypto.dylib
0x0000000024e73000 	/System/Library/Frameworks/Foundation.framework/Versions/C/Foundation
0x0000000024e73000 	/usr/lib/libOpenScriptingUtil.dylib
0x0000000024e73000 	/usr/lib/libpam.2.dylib
0x0000000024e73000 	/usr/lib/libxar.1.dylib
0x0000000024e73000 	/System/Library/Frameworks/DiskArbitration.framework/Versions/A/DiskArbitration
0x0000000024e73000 	/usr/lib/libarchive.2.dylib
0x0000000024e73000 	/usr/lib/liblangid.dylib
0x0000000024e73000 	/usr/lib/libCRFSuite.dylib
0x0000000024e73000 	/usr/lib/libbz2.1.0.dylib
0x0000000024e73000 	/usr/lib/liblzma.5.dylib
0x0000000024e73000 	/System/Library/Frameworks/NetFS.framework/Versions/A/NetFS
0x0000000024e73000 	/System/Library/PrivateFrameworks/NetAuth.framework/Versions/A/NetAuth
0x0000000024e73000 	/System/Library/PrivateFrameworks/login.framework/Versions/A/Frameworks/loginsupport.framework/Versions/A/loginsupport
0x0000000024e73000 	/System/Library/PrivateFrameworks/TCC.framework/Versions/A/TCC
0x0000000024e73000 	/usr/lib/libmecabra.dylib
0x0000000024e73000 	/System/Library/Frameworks/ApplicationServices.framework/Versions/A/ApplicationServices
0x0000000024e73000 	/System/Library/Frameworks/CoreGraphics.framework/Versions/A/CoreGraphics
0x0000000024e73000 	/System/Library/Frameworks/CoreText.framework/Versions/A/CoreText
0x0000000024e73000 	/System/Library/Frameworks/ImageIO.framework/Versions/A/ImageIO
0x0000000024e73000 	/System/Library/Frameworks/ColorSync.framework/Versions/A/ColorSync
0x0000000024e73000 	/System/Library/Frameworks/ApplicationServices.framework/Versions/A/Frameworks/ATS.framework/Versions/A/ATS
0x0000000024e73000 	/System/Library/Frameworks/ApplicationServices.framework/Versions/A/Frameworks/ColorSyncLegacy.framework/Versions/A/ColorSyncLegacy
0x0000000024e73000 	/System/Library/Frameworks/ApplicationServices.framework/Versions/A/Frameworks/HIServices.framework/Versions/A/HIServices
0x0000000024e73000 	/System/Library/Frameworks/ApplicationServices.framework/Versions/A/Frameworks/LangAnalysis.framework/Versions/A/LangAnalysis
0x0000000024e73000 	/System/Library/Frameworks/ApplicationServices.framework/Versions/A/Frameworks/PrintCore.framework/Versions/A/PrintCore
0x0000000024e73000 	/System/Library/Frameworks/ApplicationServices.framework/Versions/A/Frameworks/QD.framework/Versions/A/QD
0x0000000024e73000 	/System/Library/Frameworks/ApplicationServices.framework/Versions/A/Frameworks/SpeechSynthesis.framework/Versions/A/SpeechSynthesis
0x0000000024e73000 	/System/Library/PrivateFrameworks/SkyLight.framework/Versions/A/SkyLight
0x0000000024e73000 	/System/Library/Frameworks/Accelerate.framework/Versions/A/Accelerate
0x0000000024e73000 	/System/Library/Frameworks/CoreDisplay.framework/Versions/A/CoreDisplay
0x0000000024e73000 	/System/Library/Frameworks/IOSurface.framework/Versions/A/IOSurface
0x0000000024e73000 	/System/Library/Frameworks/Metal.framework/Versions/A/Metal
0x0000000024e73000 	/System/Library/PrivateFrameworks/MultitouchSupport.framework/Versions/A/MultitouchSupport
0x0000000024e73000 	/System/Library/Frameworks/QuartzCore.framework/Versions/A/QuartzCore
0x0000000024e73000 	/System/Library/Frameworks/Accelerate.framework/Versions/A/Frameworks/vImage.framework/Versions/A/vImage
0x0000000024e73000 	/System/Library/Frameworks/Accelerate.framework/Versions/A/Frameworks/vecLib.framework/Versions/A/vecLib
0x0000000024e73000 	/System/Library/Frameworks/Accelerate.framework/Versions/A/Frameworks/vecLib.framework/Versions/A/libvDSP.dylib
0x0000000024e73000 	/System/Library/Frameworks/Accelerate.framework/Versions/A/Frameworks/vecLib.framework/Versions/A/libBNNS.dylib
0x0000000024e73000 	/System/Library/Frameworks/Accelerate.framework/Versions/A/Frameworks/vecLib.framework/Versions/A/libQuadrature.dylib
0x0000000024e73000 	/System/Library/Frameworks/Accelerate.framework/Versions/A/Frameworks/vecLib.framework/Versions/A/libvMisc.dylib
0x0000000024e73000 	/System/Library/Frameworks/Accelerate.framework/Versions/A/Frameworks/vecLib.framework/Versions/A/libLAPACK.dylib
0x0000000024e73000 	/System/Library/Frameworks/Accelerate.framework/Versions/A/Frameworks/vecLib.framework/Versions/A/libBLAS.dylib
0x0000000024e73000 	/System/Library/Frameworks/Accelerate.framework/Versions/A/Frameworks/vecLib.framework/Versions/A/libLinearAlgebra.dylib
0x0000000024e73000 	/System/Library/Frameworks/Accelerate.framework/Versions/A/Frameworks/vecLib.framework/Versions/A/libSparse.dylib
0x0000000024e73000 	/System/Library/Frameworks/Accelerate.framework/Versions/A/Frameworks/vecLib.framework/Versions/A/libSparseBLAS.dylib
0x0000000024e73000 	/System/Library/PrivateFrameworks/IOAccelerator.framework/Versions/A/IOAccelerator
0x0000000024e73000 	/System/Library/PrivateFrameworks/IOPresentment.framework/Versions/A/IOPresentment
0x0000000024e73000 	/System/Library/PrivateFrameworks/DSExternalDisplay.framework/Versions/A/DSExternalDisplay
0x0000000024e73000 	/System/Library/Frameworks/OpenGL.framework/Versions/A/Libraries/libCoreFSCache.dylib
0x0000000024e73000 	/System/Library/Frameworks/CoreImage.framework/Versions/A/CoreImage
0x0000000024e73000 	/System/Library/Frameworks/CoreVideo.framework/Versions/A/CoreVideo
0x0000000024e73000 	/System/Library/Frameworks/OpenGL.framework/Versions/A/OpenGL
0x0000000024e73000 	/System/Library/PrivateFrameworks/GraphVisualizer.framework/Versions/A/GraphVisualizer
0x0000000024e73000 	/System/Library/Frameworks/MetalPerformanceShaders.framework/Versions/A/MetalPerformanceShaders
0x0000000024e73000 	/usr/lib/libFosl_dynamic.dylib
0x0000000024e73000 	/System/Library/PrivateFrameworks/FaceCore.framework/Versions/A/FaceCore
0x0000000024e73000 	/System/Library/Frameworks/OpenCL.framework/Versions/A/OpenCL
0x0000000024e73000 	/usr/lib/libcompression.dylib
0x0000000024e73000 	/System/Library/Frameworks/ApplicationServices.framework/Versions/A/Frameworks/ATS.framework/Versions/A/Resources/libFontParser.dylib
0x0000000024e73000 	/System/Library/Frameworks/ApplicationServices.framework/Versions/A/Frameworks/ATS.framework/Versions/A/Resources/libFontRegistry.dylib
0x0000000024e73000 	/System/Library/Frameworks/ImageIO.framework/Versions/A/Resources/libJPEG.dylib
0x0000000024e73000 	/System/Library/Frameworks/ImageIO.framework/Versions/A/Resources/libTIFF.dylib
0x0000000024e73000 	/System/Library/Frameworks/ImageIO.framework/Versions/A/Resources/libPng.dylib
0x0000000024e73000 	/System/Library/Frameworks/ImageIO.framework/Versions/A/Resources/libGIF.dylib
0x0000000024e73000 	/System/Library/Frameworks/ImageIO.framework/Versions/A/Resources/libJP2.dylib
0x0000000024e73000 	/System/Library/Frameworks/ImageIO.framework/Versions/A/Resources/libRadiance.dylib
0x0000000024e73000 	/System/Library/PrivateFrameworks/AppleJPEG.framework/Versions/A/AppleJPEG
0x0000000024e73000 	/System/Library/PrivateFrameworks/MetalTools.framework/Versions/A/MetalTools
0x0000000024e73000 	/System/Library/Frameworks/MetalPerformanceShaders.framework/Frameworks/MPSCore.framework/Versions/A/MPSCore
0x0000000024e73000 	/System/Library/Frameworks/MetalPerformanceShaders.framework/Frameworks/MPSImage.framework/Versions/A/MPSImage
0x0000000024e73000 	/System/Library/Frameworks/MetalPerformanceShaders.framework/Frameworks/MPSMatrix.framework/Versions/A/MPSMatrix
0x0000000024e73000 	/System/Library/Frameworks/MetalPerformanceShaders.framework/Frameworks/MPSNeuralNetwork.framework/Versions/A/MPSNeuralNetwork
0x0000000024e73000 	/System/Library/Frameworks/OpenGL.framework/Versions/A/Libraries/libGLU.dylib
0x0000000024e73000 	/System/Library/Frameworks/OpenGL.framework/Versions/A/Libraries/libGFXShared.dylib
0x0000000024e73000 	/System/Library/Frameworks/OpenGL.framework/Versions/A/Libraries/libGL.dylib
0x0000000024e73000 	/System/Library/Frameworks/OpenGL.framework/Versions/A/Libraries/libGLImage.dylib
0x0000000024e73000 	/System/Library/Frameworks/OpenGL.framework/Versions/A/Libraries/libCVMSPluginSupport.dylib
0x0000000024e73000 	/System/Library/Frameworks/OpenGL.framework/Versions/A/Libraries/libCoreVMClient.dylib
0x0000000024e73000 	/usr/lib/libcups.2.dylib
0x0000000024e73000 	/System/Library/Frameworks/Kerberos.framework/Versions/A/Kerberos
0x0000000024e73000 	/System/Library/Frameworks/GSS.framework/Versions/A/GSS
0x0000000024e73000 	/usr/lib/libresolv.9.dylib
0x0000000024e73000 	/System/Library/PrivateFrameworks/Heimdal.framework/Versions/A/Heimdal
0x0000000024e73000 	/usr/lib/libheimdal-asn1.dylib
0x0000000024e73000 	/System/Library/Frameworks/OpenDirectory.framework/Versions/A/OpenDirectory
0x0000000024e73000 	/System/Library/PrivateFrameworks/CommonAuth.framework/Versions/A/CommonAuth
0x0000000024e73000 	/System/Library/Frameworks/OpenDirectory.framework/Versions/A/Frameworks/CFOpenDirectory.framework/Versions/A/CFOpenDirectory
0x0000000024e73000 	/System/Library/Frameworks/SecurityFoundation.framework/Versions/A/SecurityFoundation
0x0000000024e73000 	/System/Library/PrivateFrameworks/APFS.framework/Versions/A/APFS
0x0000000024e73000 	/usr/lib/libutil.dylib
0x0000000024e73000 	/System/Library/Frameworks/CoreAudio.framework/Versions/A/CoreAudio
0x0000000024e73000 	/System/Library/Frameworks/AudioToolbox.framework/Versions/A/AudioToolbox
0x0000000024e73000 	/System/Library/PrivateFrameworks/AppleSauce.framework/Versions/A/AppleSauce
0x0000000024e73000 	/System/Library/PrivateFrameworks/LinguisticData.framework/Versions/A/LinguisticData
0x0000000024e73000 	/usr/lib/libmarisa.dylib
0x0000000024e73000 	/System/Library/PrivateFrameworks/Lexicon.framework/Versions/A/Lexicon
0x0000000024e73000 	/usr/lib/libChineseTokenizer.dylib
0x0000000024e73000 	/usr/lib/libcmph.dylib
0x0000000024e73000 	/System/Library/PrivateFrameworks/LanguageModeling.framework/Versions/A/LanguageModeling
0x0000000024e73000 	/System/Library/Frameworks/CoreData.framework/Versions/A/CoreData
0x0000000024e73000 	/System/Library/PrivateFrameworks/CoreEmoji.framework/Versions/A/CoreEmoji
0x0000000024e73000 	/System/Library/Frameworks/ServiceManagement.framework/Versions/A/ServiceManagement
0x0000000024e73000 	/System/Library/PrivateFrameworks/BackgroundTaskManagement.framework/Versions/A/BackgroundTaskManagement
0x0000000024e73000 	/usr/lib/libxslt.1.dylib
0x0000000114f90000 	/Applications/IBM/SPSS/Statistics/25/SPSSStatistics.app/Contents/lib/libdatastr.dylib
0x0000000114fb3000 	/Applications/IBM/SPSS/Statistics/25/SPSSStatistics.app/Contents/lib/libstacrypt.dylib
0x0000000114fc4000 	/Applications/IBM/SPSS/Statistics/25/SPSSStatistics.app/Contents/lib/libmccomsps.dylib
0x00000001150c7000 	/Applications/IBM/SPSS/Statistics/25/SPSSStatistics.app/Contents/lib/libspsspool.dylib
0x0000000115105000 	/Applications/IBM/SPSS/Statistics/25/SPSSStatistics.app/Contents/lib/libxchart.dylib
0x0000000115189000 	/Applications/IBM/SPSS/Statistics/25/SPSSStatistics.app/Contents/lib/libviewerxml.dylib
0x000000011528e000 	/Applications/IBM/SPSS/Statistics/25/SPSSStatistics.app/Contents/lib/libspsswctl.dylib
0x0000000117d87000 	/Applications/IBM/SPSS/Statistics/25/SPSSStatistics.app/Contents/lib/libuparser.dylib
0x00000001153a2000 	/Applications/IBM/SPSS/Statistics/25/SPSSStatistics.app/Contents/lib/libspssdx.dylib
0x00000001153ce000 	/Applications/IBM/SPSS/Statistics/25/SPSSStatistics.app/Contents/lib/libomsopmgr.dylib
0x0000000117df4000 	/Applications/IBM/SPSS/Statistics/25/SPSSStatistics.app/Contents/lib/libspsswcis.dylib
0x0000000117f25000 	/Applications/IBM/SPSS/Statistics/25/SPSSStatistics.app/Contents/lib/libspsswmsg.dylib
0x0000000117f4d000 	/Applications/IBM/SPSS/Statistics/25/SPSSStatistics.app/Contents/lib/libuadapter.dylib
0x0000000117f82000 	/Applications/IBM/SPSS/Statistics/25/SPSSStatistics.app/Contents/lib/libspssclef.dylib
0x0000000117fc6000 	/Applications/IBM/SPSS/Statistics/25/SPSSStatistics.app/Contents/ext/bin/spss.common/libcfcore.dylib
0x00000001180ab000 	/Applications/IBM/SPSS/Statistics/25/SPSSStatistics.app/Contents/ext/bin/spss.common/libcfcommon.dylib
0x0000000118124000 	/Applications/IBM/SPSS/Statistics/25/SPSSStatistics.app/Contents/lib/libfmsgs.dylib
0x0000000118158000 	/Applications/IBM/SPSS/Statistics/25/SPSSStatistics.app/Contents/lib/libnetcom.dylib
0x00000001153f5000 	/Applications/IBM/SPSS/Statistics/25/SPSSStatistics.app/Contents/lib/libfwutility.dylib
0x0000000118180000 	/Applications/IBM/SPSS/Statistics/25/SPSSStatistics.app/Contents/lib/libfilesort.dylib
0x0000000118194000 	/Applications/IBM/SPSS/Statistics/25/SPSSStatistics.app/Contents/lib/libmtxp.dylib
0x00000001181b0000 	/Applications/IBM/SPSS/Statistics/25/SPSSStatistics.app/Contents/ext/bin/spss.common/libcorethread.dylib
0x000000010ff1d000 	/Applications/IBM/SPSS/Statistics/25/SPSSStatistics.app/Contents/ext/bin/spss.common/libcfthread.dylib
0x00000001181c0000 	/Applications/IBM/SPSS/Statistics/25/SPSSStatistics.app/Contents/common/ext/bin/spss.common/libcfcomserv.dylib
0x00000001181d8000 	/Applications/IBM/SPSS/Statistics/25/SPSSStatistics.app/Contents/ext/bin/spss.common/libcfextension.dylib
0x0000000118210000 	/Applications/IBM/SPSS/Statistics/25/SPSSStatistics.app/Contents/ext/bin/spss.common/libcffilter.dylib
0x000000011821f000 	/Applications/IBM/SPSS/Statistics/25/SPSSStatistics.app/Contents/ext/bin/spss.common/libcfcatencode.dylib
0x000000010fe0d000 	/Applications/IBM/SPSS/Statistics/25/SPSSStatistics.app/Contents/ext/bin/spss.common/libcfcomstatistic.dylib
0x000000011823e000 	/Applications/IBM/SPSS/Statistics/25/SPSSStatistics.app/Contents/ext/bin/spss.common/libtempfiles.dylib
0x0000000119a64000 	/Applications/IBM/SPSS/Statistics/25/SPSSStatistics.app/Contents/lib/libpesrepo.dylib
0x000000011a380000 	/Applications/IBM/SPSS/Statistics/25/SPSSStatistics.app/Contents/lib/libspsswfil.dylib
0x000000011a420000 	/Applications/IBM/SPSS/Statistics/25/SPSSStatistics.app/Contents/lib/libchartxml.dylib
0x000000011a480000 	/Applications/IBM/SPSS/Statistics/25/SPSSStatistics.app/Contents/lib/libxlsxdac.dylib
0x000000011a4b8000 	/Applications/IBM/SPSS/Statistics/25/SPSSStatistics.app/Contents/lib/libpkginpr.dylib
0x000000011a4c1000 	/Applications/IBM/SPSS/Statistics/25/SPSSStatistics.app/Contents/lib/libdacmmsgs.dylib
0x000000011041d000 	/Applications/IBM/SPSS/Statistics/25/SPSSStatistics.app/Contents/lib/libtxtwdmsg.dylib
0x000000011a4cd000 	/Applications/IBM/SPSS/Statistics/25/SPSSStatistics.app/Contents/JRE/lib/jli/libjli.dylib
0x0000000024e73000 	/System/Library/Frameworks/Cocoa.framework/Versions/A/Cocoa
0x0000000024e73000 	/System/Library/Frameworks/AppKit.framework/Versions/C/AppKit
0x0000000024e73000 	/System/Library/PrivateFrameworks/RemoteViewServices.framework/Versions/A/RemoteViewServices
0x0000000024e73000 	/System/Library/PrivateFrameworks/UIFoundation.framework/Versions/A/UIFoundation
0x0000000024e73000 	/System/Library/PrivateFrameworks/DFRFoundation.framework/Versions/A/DFRFoundation
0x0000000024e73000 	/System/Library/PrivateFrameworks/DesktopServicesPriv.framework/Versions/A/DesktopServicesPriv
0x0000000024e73000 	/usr/lib/libScreenReader.dylib
0x0000000024e73000 	/System/Library/Frameworks/AudioUnit.framework/Versions/A/AudioUnit
0x0000000024e73000 	/System/Library/PrivateFrameworks/DataDetectorsCore.framework/Versions/A/DataDetectorsCore
0x0000000024e73000 	/System/Library/Frameworks/Carbon.framework/Versions/A/Frameworks/HIToolbox.framework/Versions/A/HIToolbox
0x0000000024e73000 	/System/Library/Frameworks/Carbon.framework/Versions/A/Frameworks/SpeechRecognition.framework/Versions/A/SpeechRecognition
0x0000000024e73000 	/System/Library/PrivateFrameworks/CoreUI.framework/Versions/A/CoreUI
0x0000000024e73000 	/System/Library/PrivateFrameworks/PerformanceAnalysis.framework/Versions/A/PerformanceAnalysis
0x0000000024e73000 	/System/Library/PrivateFrameworks/Backup.framework/Versions/A/Backup
0x0000000024e73000 	/System/Library/Frameworks/Carbon.framework/Versions/A/Frameworks/Ink.framework/Versions/A/Ink
0x0000000024e73000 	/System/Library/PrivateFrameworks/TextureIO.framework/Versions/A/TextureIO
0x0000000024e73000 	/usr/lib/libate.dylib
0x0000000024e73000 	/System/Library/PrivateFrameworks/CrashReporterSupport.framework/Versions/A/CrashReporterSupport
0x0000000024e73000 	/System/Library/PrivateFrameworks/Sharing.framework/Versions/A/Sharing
0x0000000024e73000 	/System/Library/PrivateFrameworks/IconServices.framework/Versions/A/IconServices
0x0000000024e73000 	/System/Library/PrivateFrameworks/ProtocolBuffer.framework/Versions/A/ProtocolBuffer
0x0000000024e73000 	/System/Library/PrivateFrameworks/Apple80211.framework/Versions/A/Apple80211
0x0000000024e73000 	/System/Library/Frameworks/CoreWLAN.framework/Versions/A/CoreWLAN
0x0000000024e73000 	/System/Library/PrivateFrameworks/CoreUtils.framework/Versions/A/CoreUtils
0x0000000024e73000 	/System/Library/Frameworks/IOBluetooth.framework/Versions/A/IOBluetooth
0x0000000024e73000 	/System/Library/PrivateFrameworks/CoreWiFi.framework/Versions/A/CoreWiFi
0x0000000024e73000 	/System/Library/Frameworks/CoreBluetooth.framework/Versions/A/CoreBluetooth
0x0000000024e73000 	/System/Library/PrivateFrameworks/SignpostNotification.framework/Versions/A/SignpostNotification
0x0000000024e73000 	/System/Library/PrivateFrameworks/DebugSymbols.framework/Versions/A/DebugSymbols
0x0000000024e73000 	/System/Library/PrivateFrameworks/CoreSymbolication.framework/Versions/A/CoreSymbolication
0x0000000024e73000 	/System/Library/PrivateFrameworks/Symbolication.framework/Versions/A/Symbolication
0x0000000024e73000 	/System/Library/PrivateFrameworks/AppleFSCompression.framework/Versions/A/AppleFSCompression
0x0000000024e73000 	/System/Library/PrivateFrameworks/SpeechRecognitionCore.framework/Versions/A/SpeechRecognitionCore
0x000000011c4da000 	/Applications/IBM/SPSS/Statistics/25/SPSSStatistics.app/Contents/JRE//lib/server/libjvm.dylib
0x000000011a4dd000 	/Applications/IBM/SPSS/Statistics/25/SPSSStatistics.app/Contents/JRE/lib/libverify.dylib
0x000000011a4eb000 	/Applications/IBM/SPSS/Statistics/25/SPSSStatistics.app/Contents/JRE/lib/libjava.dylib
0x000000011a520000 	/Applications/IBM/SPSS/Statistics/25/SPSSStatistics.app/Contents/JRE/lib/libzip.dylib
0x0000000024e73000 	/System/Library/Frameworks/JavaVM.framework/Versions/A/Frameworks/JavaRuntimeSupport.framework/Versions/A/JavaRuntimeSupport
0x0000000024e73000 	/System/Library/Frameworks/JavaVM.framework/Versions/A/Frameworks/JavaNativeFoundation.framework/Versions/A/JavaNativeFoundation
0x0000000024e73000 	/System/Library/Frameworks/JavaVM.framework/Versions/A/JavaVM
0x0000000024e73000 	/System/Library/Frameworks/Carbon.framework/Versions/A/Carbon
0x0000000024e73000 	/System/Library/PrivateFrameworks/JavaLaunching.framework/Versions/A/JavaLaunching
0x0000000024e73000 	/System/Library/Frameworks/Carbon.framework/Versions/A/Frameworks/CommonPanels.framework/Versions/A/CommonPanels
0x0000000024e73000 	/System/Library/Frameworks/Carbon.framework/Versions/A/Frameworks/Help.framework/Versions/A/Help
0x0000000024e73000 	/System/Library/Frameworks/Carbon.framework/Versions/A/Frameworks/ImageCapture.framework/Versions/A/ImageCapture
0x0000000024e73000 	/System/Library/Frameworks/Carbon.framework/Versions/A/Frameworks/OpenScripting.framework/Versions/A/OpenScripting
0x0000000024e73000 	/System/Library/Frameworks/Carbon.framework/Versions/A/Frameworks/Print.framework/Versions/A/Print
0x0000000024e73000 	/System/Library/Frameworks/Carbon.framework/Versions/A/Frameworks/SecurityHI.framework/Versions/A/SecurityHI
0x0000000134a4d000 	/Applications/IBM/SPSS/Statistics/25/SPSSStatistics.app/Contents/JRE/lib/libnet.dylib
0x000000011a1e7000 	/Applications/IBM/SPSS/Statistics/25/SPSSStatistics.app/Contents/lib/libspsswarc.dylib
0x000000011a209000 	/Applications/IBM/SPSS/Statistics/25/SPSSStatistics.app/Contents/lib/libspsswalt.dylib
0x000000011a221000 	/Applications/IBM/SPSS/Statistics/25/SPSSStatistics.app/Contents/lib/libspsswoms.dylib
0x0000000119ac8000 	/Applications/IBM/SPSS/Statistics/25/SPSSStatistics.app/Contents/lib/libspsswbst.dylib
0x0000000119ad8000 	/Applications/IBM/SPSS/Statistics/25/SPSSStatistics.app/Contents/lib/libspsswone.dylib
0x0000000119c66000 	/Applications/IBM/SPSS/Statistics/25/SPSSStatistics.app/Contents/lib/libspssweda.dylib
0x0000000119b0b000 	/Applications/IBM/SPSS/Statistics/25/SPSSStatistics.app/Contents/JRE/lib/libmanagement.dylib
0x0000000119b19000 	/Applications/IBM/SPSS/Statistics/25/SPSSStatistics.app/Contents/JRE/lib/libosx.dylib
0x0000000119b27000 	/Applications/IBM/SPSS/Statistics/25/SPSSStatistics.app/Contents/JRE/lib/./libosxapp.dylib
0x0000000024e73000 	/System/Library/Frameworks/ExceptionHandling.framework/Versions/A/ExceptionHandling
0x0000000119b43000 	/Applications/IBM/SPSS/Statistics/25/SPSSStatistics.app/Contents/JRE/lib/libawt.dylib
0x0000000119f53000 	/Applications/IBM/SPSS/Statistics/25/SPSSStatistics.app/Contents/JRE/lib/./libmlib_image.dylib
0x000000011a01f000 	/Applications/IBM/SPSS/Statistics/25/SPSSStatistics.app/Contents/JRE/lib/libawt_lwawt.dylib
0x000000011a0d6000 	/Applications/IBM/SPSS/Statistics/25/SPSSStatistics.app/Contents/lib/libjniviewer.dylib
0x0000000119beb000 	/Applications/IBM/SPSS/Statistics/25/SPSSStatistics.app/Contents/JRE/lib/libfontmanager.dylib
0x0000000024e73000 	/System/Library/PrivateFrameworks/CoreServicesInternal.framework/Versions/A/CoreServicesInternal
0x0000000135161000 	/Applications/IBM/SPSS/Statistics/25/SPSSStatistics.app/Contents/JRE/lib/libnio.dylib
0x0000000024e73000 	/System/Library/Frameworks/ApplicationServices.framework/Versions/A/Frameworks/ATS.framework/Versions/A/Resources/libTrueTypeScaler.dylib

VM Arguments:
jvm_args: -Djava.library.path=/Applications/IBM/SPSS/Statistics/25/SPSSStatistics.app/Contents/bin/../JRE/lib/jli/:/Applications/IBM/SPSS/Statistics/25/SPSSStatistics.app/Contents/bin/../JRE/lib/:/Applications/IBM/SPSS/Statistics/25/SPSSStatistics.app/Contents/bin/../lib/:/Applications/IBM/SPSS/Statistics/25/SPSSStatistics.app/Contents/bin/ -Dapplication.home=/Applications/IBM/SPSS/Statistics/25/SPSSStatistics.app/Contents/bin -Dstatistics.home=/Applications/IBM/SPSS/Statistics/25/SPSSStatistics.app/Contents/bin -Djava.awt.headless=true -Dcom.sun.media.jai.disableMediaLib=true -Xms256M -Xmx2048M -XX:-UsePerfData -Dcom.ibm.jsse2.overrideDefaultProtocol=TLSv12 -Djava.io.tmpdir=/tmp/spsssMLXG3/ 
java_command: <unknown>
java_class_path (initial): :/Applications/IBM/SPSS/Statistics/25/SPSSStatistics.app/Contents/bin/ChartEditor.jar:/Applications/IBM/SPSS/Statistics/25/SPSSStatistics.app/Contents/bin/ChartEditorRes.jar:/Applications/IBM/SPSS/Statistics/25/SPSSStatistics.app/Contents/bin/CoreTools.jar:/Applications/IBM/SPSS/Statistics/25/SPSSStatistics.app/Contents/bin/CustomDialogBuilder.jar:/Applications/IBM/SPSS/Statistics/25/SPSSStatistics.app/Contents/bin/CustomDialogBuilderRes.jar:/Applications/IBM/SPSS/Statistics/25/SPSSStatistics.app/Contents/bin/ExViewerDialogDemo.jar:/Applications/IBM/SPSS/Statistics/25/SPSSStatistics.app/Contents/bin/ExViewerFrameDemo.jar:/Applications/IBM/SPSS/Statistics/25/SPSSStatistics.app/Contents/bin/ExportTools.jar:/Applications/IBM/SPSS/Statistics/25/SPSSStatistics.app/Contents/bin/ExtensionManager.jar:/Applications/IBM/SPSS/Statistics/25/SPSSStatistics.app/Contents/bin/ExtensionManagerRes.jar:/Applications/IBM/SPSS/Statistics/25/SPSSStatistics.app/Contents/bin/FieldChooser.jar:/Applications/IBM/SPSS/Statistics/25/SPSSStatistics.app/Contents/bin/InstallExtBundles.jar:/Applications/IBM/SPSS/Statistics/25/SPSSStatistics.app/Contents/bin/InstallExtBundlesRes.jar:/Applications/IBM/SPSS/Statistics/25/SPSSStatistics.app/Contents/bin/JRegEdit.jar:/Applications/IBM/SPSS/Statistics/25/SPSSStatistics.app/Contents/bin/JimiProClasses.jar:/Applications/IBM/SPSS/Statistics/25/SPSSStatistics.app/Contents/bin/LightTable.jar:/Applications/IBM/SPSS/Statistics/25/SPSSStatistics.app/Contents/bin/ModelViewer.jar:/Applications/IBM/SPSS/Statistics/25/SPSSStatistics.app/Contents/bin/PivotTableEditor.jar:/Applications/IBM/SPSS/Statistics/25/SPSSStatistics.app/Contents/bin/PivotTableEditorRes.jar:/Applications/IBM/SPSS/Statistics/25/SPSSStatistics.app/Contents/bin/RConfig.jar:/Applications/IBM/SPSS/Statistics/25/SPSSStatistics.app/Contents/bin/RapidSpell.jar:/Applications/IBM/SPSS/Statistics/25/SPSSStatistics.app/Contents/bin/RapidSpellMDict.jar:/Applications/IBM/SPSS/Stat
Launcher Type: generic

Environment Variables:
PATH=/Applications/IBM/SPSS/Statistics/25/SPSSStatistics.app/Contents/bin:/usr/bin:/bin:/usr/sbin:/sbin
SHELL=/bin/bash
DISPLAY=/private/tmp/com.apple.launchd.N9vY7htsxO/org.macosforge.xquartz:0
DYLD_LIBRARY_PATH=/Applications/IBM/SPSS/Statistics/25/SPSSStatistics.app/Contents/lib:/Applications/IBM/SPSS/Statistics/25/SPSSStatistics.app/Contents/common/ext/bin/spss.common:/Applications/IBM/SPSS/Statistics/25/SPSSStatistics.app/Contents/ext/bin/spss.common:/Applications/IBM/SPSS/Statistics/25/SPSSStatistics.app/Contents/lib:/Applications/IBM/SPSS/Statistics/25/SPSSStatistics.app/Contents/Library/Frameworks/Sentinel.framework:/Applications/IBM/SPSS/Statistics/25/SPSSStatistics.app/Contents/Library/Frameworks/SuperPro.framework:/Applications/IBM/SPSS/Statistics/25/SPSSStatistics.app/Contents/JRE/lib/jli

Signal Handlers:
SIGSEGV: [libjvm.dylib+0x5b1141], sa_mask[0]=11111111011111110111111111111111, sa_flags=SA_ONSTACK|SA_RESTART|SA_SIGINFO
SIGBUS: [libjvm.dylib+0x5b1141], sa_mask[0]=11111111011111110111111111111111, sa_flags=SA_RESTART|SA_SIGINFO
SIGFPE: [libjvm.dylib+0x487bc4], sa_mask[0]=11111111011111110111111111111111, sa_flags=SA_RESTART|SA_SIGINFO
SIGPIPE: [libjvm.dylib+0x487bc4], sa_mask[0]=11111111011111110111111111111111, sa_flags=SA_RESTART|SA_SIGINFO
SIGXFSZ: [libjvm.dylib+0x487bc4], sa_mask[0]=11111111011111110111111111111111, sa_flags=SA_RESTART|SA_SIGINFO
SIGILL: [libjvm.dylib+0x487bc4], sa_mask[0]=11111111011111110111111111111111, sa_flags=SA_RESTART|SA_SIGINFO
SIGUSR1: SIG_DFL, sa_mask[0]=00000000000000000000000000000000, sa_flags=none
SIGUSR2: [libjvm.dylib+0x4876e2], sa_mask[0]=00100000000000000000000000000000, sa_flags=SA_RESTART|SA_SIGINFO
SIGHUP: [libjvm.dylib+0x485cb9], sa_mask[0]=11111111011111110111111111111111, sa_flags=SA_RESTART|SA_SIGINFO
SIGINT: [libjvm.dylib+0x485cb9], sa_mask[0]=11111111011111110111111111111111, sa_flags=SA_RESTART|SA_SIGINFO
SIGTERM: [libjvm.dylib+0x485cb9], sa_mask[0]=11111111011111110111111111111111, sa_flags=SA_RESTART|SA_SIGINFO
SIGQUIT: [libjvm.dylib+0x485cb9], sa_mask[0]=11111111011111110111111111111111, sa_flags=SA_RESTART|SA_SIGINFO


---------------  S Y S T E M  ---------------

OS:Bsduname:Darwin 17.3.0 Darwin Kernel Version 17.3.0: Thu Nov  9 18:09:22 PST 2017; root:xnu-4570.31.3~1/RELEASE_X86_64 x86_64
rlimit: STACK 8192k, CORE 0k, NPROC 1418, NOFILE 10240, AS infinity
load average:2.00 1.91 1.91

CPU:total 8 (4 cores per cpu, 2 threads per core) family 6 model 70 stepping 1, cmov, cx8, fxsr, mmx, sse, sse2, sse3, ssse3, sse4.1, sse4.2, popcnt, avx, avx2, aes, clmul, erms, lzcnt, ht, tsc, tscinvbit, bmi1, bmi2

Memory: 4k page, physical 16777216k(22620k free)

/proc/meminfo:


vm_info: Java HotSpot(TM) 64-Bit Server VM (25.121-b13) for bsd-amd64 JRE (1.8.0_121-b13), built on Dec 12 2016 20:39:32 by "java_re" with gcc 4.2.1 (Based on Apple Inc. build 5658) (LLVM build 2336.11.00)

time: Sat Jun 30 21:32:56 2018
elapsed time: 17 seconds (0d 0h 0m 17s)

