#
# A fatal error has been detected by the Java Runtime Environment:
#
#  SIGSEGV (0xb) at pc=0x00000001046b8d3b, pid=3675, tid=0x0000000000000307
#
# JRE version: Java(TM) 2 Runtime Environment, Standard Edition (8.0_121-b13) (build 1.8.0_121-b13 14_Feb_2017_06_58 Mac OS X x64(SR4 FP1))
# Java VM: Java HotSpot(TM) 64-Bit Server VM (25.121-b13 mixed mode bsd-amd64 compressed oops)
# Problematic frame:
# C  [StartXD+0x11d3b]  LongData::ParseData(void*, int&)+0x5b
#
# Failed to write core dump. Core dumps have been disabled. To enable core dumping, try "ulimit -c unlimited" before starting Java again
#
# If you would like to submit a bug report, please visit:
#   http://bugreport.java.com/bugreport/crash.jsp
#

---------------  T H R E A D  ---------------

Current thread is native thread

siginfo: si_signo: 11 (SIGSEGV), si_code: 1 (SEGV_MAPERR), si_addr: 0x00007fef3ec00000

Registers:
RAX=0x0000000000210878, RBX=0x00007fef3ec00000, RCX=0x0000000000000000, RDX=0x0000000000200000
RSP=0x00007ffeeb555b20, RBP=0x00007ffeeb555b60, RSI=0x000000015df44870, RDI=0x00007ffeeb558420
R8 =0x00000000000002a7, R9 =0x000000000000008a, R10=0x000000010f766000, R11=0x0000000000000000
R12=0x00007ffeeb558420, R13=0x00007ffeeb555b34, R14=0x000000003ff7c5e1, R15=0x00007ffeeb558408
RIP=0x00000001046b8d3b, EFLAGS=0x0000000000010206, ERR=0x0000000000000004
  TRAPNO=0x000000000000000e

Top of Stack: (sp=0x00007ffeeb555b20)
0x00007ffeeb555b20:   0000000000000002 00007ffeeb555c44
0x00007ffeeb555b30:   0000000000000001 00007ffeeb5583e0
0x00007ffeeb555b40:   00007ffeeb5583e0 0000000000000000
0x00007ffeeb555b50:   00007fef3e9ef780 00007fef3e9ef780
0x00007ffeeb555b60:   00007ffeeb555c70 00000001049b059f
0x00007ffeeb555b70:   fd00000070001000 00000001046effff
0x00007ffeeb555b80:   00007ffeeb555c10 00007fff5de59758
0x00007ffeeb555b90:   0000000000000000 0000000000000004
0x00007ffeeb555ba0:   0000000000000000 000000010af2da00
0x00007ffeeb555bb0:   0000000000000000 0000000000000010
0x00007ffeeb555bc0:   0000000000000001 00000001046ee080
0x00007ffeeb555bd0:   00000001046ee080 000000010af2da00
0x00007ffeeb555be0:   00000001046ed000 0000000000000004
0x00007ffeeb555bf0:   000000000af30200 0000000000000000
0x00007ffeeb555c00:   00007ffeeb555cb0 0000000000000000
0x00007ffeeb555c10:   00007fff96d8b000 0000000000000000
0x00007ffeeb555c20:   00007ffeeb555c50 00007fff5de42201
0x00007ffeeb555c30:   0000000000000000 0000000000000000
0x00007ffeeb555c40:   0000000000000000 00007ffeeb5583e0
0x00007ffeeb555c50:   00007ffeeb555cb0 0000000000000000
0x00007ffeeb555c60:   00007fef3e9ef780 0000000000000000
0x00007ffeeb555c70:   00007ffeeb557ce0 00000001049a99e9
0x00007ffeeb555c80:   0000000000000000 00007ffeeb5583e0
0x00007ffeeb555c90:   00007fef379660e0 00007fef3e9ef780
0x00007ffeeb555ca0:   0000000000000000 0000000000000000
0x00007ffeeb555cb0:   0000000000000000 0000000000000000
0x00007ffeeb555cc0:   0000000000000000 0000000000000000
0x00007ffeeb555cd0:   0000000000000000 0000000000000000
0x00007ffeeb555ce0:   0000000000000000 0000000000000000
0x00007ffeeb555cf0:   0000000000000000 0000000000000000
0x00007ffeeb555d00:   0000000000000000 0000000000000000
0x00007ffeeb555d10:   0000000000000000 0000000000000000 

Instructions: (pc=0x00000001046b8d3b)
0x00000001046b8d1b:   41 ff ce 48 83 c3 04 4d 8d 67 18 b8 08 00 00 00
0x00000001046b8d2b:   4c 8d 6d d4 eb 0a 41 ff ce 48 83 c3 04 83 c0 04
0x00000001046b8d3b:   8b 0b 89 4d d4 41 89 47 10 4c 89 e7 4c 89 ee e8
0x00000001046b8d4b:   4f 0a 00 00 41 8b 47 10 45 85 f6 75 d9 48 8b 55 

Register to memory mapping:

RAX=0x0000000000210878 is an unknown value
RBX=0x00007fef3ec00000 is an unknown value
RCX=0x0000000000000000 is an unknown value
RDX=0x0000000000200000 is an unknown value
RSP=0x00007ffeeb555b20 is an unknown value
RBP=0x00007ffeeb555b60 is an unknown value
RSI=0x000000015df44870 is an unknown value
RDI=0x00007ffeeb558420 is an unknown value
R8 =0x00000000000002a7 is an unknown value
R9 =0x000000000000008a is an unknown value
R10=0x000000010f766000 is an unknown value
R11=0x0000000000000000 is an unknown value
R12=0x00007ffeeb558420 is an unknown value
R13=0x00007ffeeb555b34 is an unknown value
R14=0x000000003ff7c5e1 is an unknown value
R15=0x00007ffeeb558408 is an unknown value


Stack: [0x00007ffeead59000,0x00007ffeeb559000],  sp=0x00007ffeeb555b20,  free space=8178k
Native frames: (J=compiled Java code, j=interpreted, Vv=VM code, C=native code)
C  [StartXD+0x11d3b]  LongData::ParseData(void*, int&)+0x5b
C  [libspssdxcom.dylib+0x1259f]  CleXDSmb::ParseBuf(void*)+0x4d
C  [libspssdxcom.dylib+0xb9e9]  ReceiveData(JavaPlugInSocket*, CleXDSmb&)+0xfa
C  [StartXD+0x25fe]  main+0xa6b
C  [libdyld.dylib+0x1115]  start+0x1


---------------  P R O C E S S  ---------------

VM state:not at safepoint (normal execution)

VM Mutex/Monitor currently owned by a thread: None

Heap:
 PSYoungGen      total 157184K, used 3094K [0x0000000795580000, 0x00000007ae600000, 0x00000007c0000000)
  eden space 156160K, 1% used [0x0000000795580000,0x0000000795885ab8,0x000000079ee00000)
  from space 1024K, 0% used [0x00000007ae500000,0x00000007ae500000,0x00000007ae600000)
  to   space 2048K, 0% used [0x00000007ae200000,0x00000007ae200000,0x00000007ae400000)
 ParOldGen       total 175104K, used 17867K [0x0000000740000000, 0x000000074ab00000, 0x0000000795580000)
  object space 175104K, 10% used [0x0000000740000000,0x0000000741172e90,0x000000074ab00000)
 Metaspace       used 20698K, capacity 21138K, committed 21248K, reserved 1069056K
  class space    used 2402K, capacity 2516K, committed 2560K, reserved 1048576K

Card table byte_map: [0x0000000112d8d000,0x000000011318e000] byte_map_base: 0x000000010f38d000

Marking Bits: (ParMarkBitMap*) 0x00000001122cfd30
 Begin Bits: [0x00000001236e0000, 0x00000001256e0000)
 End Bits:   [0x00000001256e0000, 0x00000001276e0000)

Polling page: 0x0000000104b81000

CodeCache: size=245760Kb used=14828Kb max_used=15410Kb free=230931Kb
 bounds [0x00000001146e0000, 0x0000000115630000, 0x00000001236e0000]
 total_blobs=4551 nmethods=4041 adapters=423
 compilation: enabled

Compilation events (10 events):
Event: 166.986 Thread 0x00007fef37082000 5179       4       com.spss.shared.export.table_export.ExcelXExporter::useScientificNotation (159 bytes)
Event: 166.987 Thread 0x00007fef39020000 5180       4       com.spss.shared.export.table_export.ExcelXExporter::setDataValue (158 bytes)
Event: 166.988 Thread 0x00007fef37082000 nmethod 5179 0x0000000114fed790 code [0x0000000114fed940, 0x0000000114fedb58]
Event: 167.003 Thread 0x00007fef39020000 nmethod 5180 0x0000000115065d10 code [0x0000000115065fc0, 0x0000000115066f30]
Event: 167.103 Thread 0x00007fef39020800 5181   !   4       org.apache.xml.serialize.Printer::flush (47 bytes)
Event: 167.105 Thread 0x00007fef39020800 nmethod 5181 0x0000000114fed250 code [0x0000000114fed3c0, 0x0000000114fed5b8]
Event: 167.296 Thread 0x00007fef37082000 5182       4       org.openxmlformats.schemas.spreadsheetml._2006.main.descriptors.CT_RstDescriptor$1::getValue (10 bytes)
Event: 167.297 Thread 0x00007fef37082000 nmethod 5182 0x0000000114fecf90 code [0x0000000114fed0e0, 0x0000000114fed178]
Event: 167.312 Thread 0x00007fef39021800 5183  s    3       java.io.BufferedOutputStream::write (35 bytes)
Event: 167.312 Thread 0x00007fef39021800 nmethod 5183 0x00000001150654d0 code [0x0000000115065660, 0x0000000115065b28]

GC Heap History (10 events):
Event: 166.805 GC heap before
{Heap before GC invocations=138 (full 11):
 PSYoungGen      total 175104K, used 175008K [0x0000000795580000, 0x00000007ae980000, 0x00000007c0000000)
  eden space 173568K, 100% used [0x0000000795580000,0x000000079ff00000,0x000000079ff00000)
  from space 1536K, 93% used [0x00000007ae800000,0x00000007ae968000,0x00000007ae980000)
  to   space 2560K, 0% used [0x00000007ae480000,0x00000007ae480000,0x00000007ae700000)
 ParOldGen       total 175104K, used 22643K [0x0000000740000000, 0x000000074ab00000, 0x0000000795580000)
  object space 175104K, 12% used [0x0000000740000000,0x000000074161cce8,0x000000074ab00000)
 Metaspace       used 20698K, capacity 21138K, committed 21248K, reserved 1069056K
  class space    used 2402K, capacity 2516K, committed 2560K, reserved 1048576K
Event: 166.806 GC heap after
Heap after GC invocations=138 (full 11):
 PSYoungGen      total 168960K, used 1472K [0x0000000795580000, 0x00000007ae880000, 0x00000007c0000000)
  eden space 167424K, 0% used [0x0000000795580000,0x0000000795580000,0x000000079f900000)
  from space 1536K, 95% used [0x00000007ae480000,0x00000007ae5f0000,0x00000007ae600000)
  to   space 2560K, 0% used [0x00000007ae600000,0x00000007ae600000,0x00000007ae880000)
 ParOldGen       total 175104K, used 22683K [0x0000000740000000, 0x000000074ab00000, 0x0000000795580000)
  object space 175104K, 12% used [0x0000000740000000,0x0000000741626ce8,0x000000074ab00000)
 Metaspace       used 20698K, capacity 21138K, committed 21248K, reserved 1069056K
  class space    used 2402K, capacity 2516K, committed 2560K, reserved 1048576K
}
Event: 166.993 GC heap before
{Heap before GC invocations=139 (full 11):
 PSYoungGen      total 168960K, used 168896K [0x0000000795580000, 0x00000007ae880000, 0x00000007c0000000)
  eden space 167424K, 100% used [0x0000000795580000,0x000000079f900000,0x000000079f900000)
  from space 1536K, 95% used [0x00000007ae480000,0x00000007ae5f0000,0x00000007ae600000)
  to   space 2560K, 0% used [0x00000007ae600000,0x00000007ae600000,0x00000007ae880000)
 ParOldGen       total 175104K, used 22683K [0x0000000740000000, 0x000000074ab00000, 0x0000000795580000)
  object space 175104K, 12% used [0x0000000740000000,0x0000000741626ce8,0x000000074ab00000)
 Metaspace       used 20698K, capacity 21138K, committed 21248K, reserved 1069056K
  class space    used 2402K, capacity 2516K, committed 2560K, reserved 1048576K
Event: 166.995 GC heap after
Heap after GC invocations=139 (full 11):
 PSYoungGen      total 163328K, used 1312K [0x0000000795580000, 0x00000007ae780000, 0x00000007c0000000)
  eden space 161792K, 0% used [0x0000000795580000,0x0000000795580000,0x000000079f380000)
  from space 1536K, 85% used [0x00000007ae600000,0x00000007ae748000,0x00000007ae780000)
  to   space 2048K, 0% used [0x00000007ae380000,0x00000007ae380000,0x00000007ae580000)
 ParOldGen       total 175104K, used 22731K [0x0000000740000000, 0x000000074ab00000, 0x0000000795580000)
  object space 175104K, 12% used [0x0000000740000000,0x0000000741632ce8,0x000000074ab00000)
 Metaspace       used 20698K, capacity 21138K, committed 21248K, reserved 1069056K
  class space    used 2402K, capacity 2516K, committed 2560K, reserved 1048576K
}
Event: 167.166 GC heap before
{Heap before GC invocations=140 (full 11):
 PSYoungGen      total 163328K, used 163104K [0x0000000795580000, 0x00000007ae780000, 0x00000007c0000000)
  eden space 161792K, 100% used [0x0000000795580000,0x000000079f380000,0x000000079f380000)
  from space 1536K, 85% used [0x00000007ae600000,0x00000007ae748000,0x00000007ae780000)
  to   space 2048K, 0% used [0x00000007ae380000,0x00000007ae380000,0x00000007ae580000)
 ParOldGen       total 175104K, used 22731K [0x0000000740000000, 0x000000074ab00000, 0x0000000795580000)
  object space 175104K, 12% used [0x0000000740000000,0x0000000741632ce8,0x000000074ab00000)
 Metaspace       used 20698K, capacity 21138K, committed 21248K, reserved 1069056K
  class space    used 2402K, capacity 2516K, committed 2560K, reserved 1048576K
Event: 167.168 GC heap after
Heap after GC invocations=140 (full 11):
 PSYoungGen      total 157696K, used 1376K [0x0000000795580000, 0x00000007ae680000, 0x00000007c0000000)
  eden space 156160K, 0% used [0x0000000795580000,0x0000000795580000,0x000000079ee00000)
  from space 1536K, 89% used [0x00000007ae380000,0x00000007ae4d8000,0x00000007ae500000)
  to   space 1536K, 0% used [0x00000007ae500000,0x00000007ae500000,0x00000007ae680000)
 ParOldGen       total 175104K, used 22795K [0x0000000740000000, 0x000000074ab00000, 0x0000000795580000)
  object space 175104K, 13% used [0x0000000740000000,0x0000000741642ce8,0x000000074ab00000)
 Metaspace       used 20698K, capacity 21138K, committed 21248K, reserved 1069056K
  class space    used 2402K, capacity 2516K, committed 2560K, reserved 1048576K
}
Event: 167.320 GC heap before
{Heap before GC invocations=141 (full 11):
 PSYoungGen      total 157696K, used 129308K [0x0000000795580000, 0x00000007ae680000, 0x00000007c0000000)
  eden space 156160K, 81% used [0x0000000795580000,0x000000079d26f340,0x000000079ee00000)
  from space 1536K, 89% used [0x00000007ae380000,0x00000007ae4d8000,0x00000007ae500000)
  to   space 1536K, 0% used [0x00000007ae500000,0x00000007ae500000,0x00000007ae680000)
 ParOldGen       total 175104K, used 22795K [0x0000000740000000, 0x000000074ab00000, 0x0000000795580000)
  object space 175104K, 13% used [0x0000000740000000,0x0000000741642ce8,0x000000074ab00000)
 Metaspace       used 20698K, capacity 21138K, committed 21248K, reserved 1069056K
  class space    used 2402K, capacity 2516K, committed 2560K, reserved 1048576K
Event: 167.321 GC heap after
Heap after GC invocations=141 (full 11):
 PSYoungGen      total 157184K, used 832K [0x0000000795580000, 0x00000007ae600000, 0x00000007c0000000)
  eden space 156160K, 0% used [0x0000000795580000,0x0000000795580000,0x000000079ee00000)
  from space 1024K, 81% used [0x00000007ae500000,0x00000007ae5d0000,0x00000007ae600000)
  to   space 2048K, 0% used [0x00000007ae200000,0x00000007ae200000,0x00000007ae400000)
 ParOldGen       total 175104K, used 22843K [0x0000000740000000, 0x000000074ab00000, 0x0000000795580000)
  object space 175104K, 13% used [0x0000000740000000,0x000000074164ece8,0x000000074ab00000)
 Metaspace       used 20698K, capacity 21138K, committed 21248K, reserved 1069056K
  class space    used 2402K, capacity 2516K, committed 2560K, reserved 1048576K
}
Event: 167.321 GC heap before
{Heap before GC invocations=142 (full 12):
 PSYoungGen      total 157184K, used 832K [0x0000000795580000, 0x00000007ae600000, 0x00000007c0000000)
  eden space 156160K, 0% used [0x0000000795580000,0x0000000795580000,0x000000079ee00000)
  from space 1024K, 81% used [0x00000007ae500000,0x00000007ae5d0000,0x00000007ae600000)
  to   space 2048K, 0% used [0x00000007ae200000,0x00000007ae200000,0x00000007ae400000)
 ParOldGen       total 175104K, used 22843K [0x0000000740000000, 0x000000074ab00000, 0x0000000795580000)
  object space 175104K, 13% used [0x0000000740000000,0x000000074164ece8,0x000000074ab00000)
 Metaspace       used 20698K, capacity 21138K, committed 21248K, reserved 1069056K
  class space    used 2402K, capacity 2516K, committed 2560K, reserved 1048576K
Event: 167.368 GC heap after
Heap after GC invocations=142 (full 12):
 PSYoungGen      total 157184K, used 0K [0x0000000795580000, 0x00000007ae600000, 0x00000007c0000000)
  eden space 156160K, 0% used [0x0000000795580000,0x0000000795580000,0x000000079ee00000)
  from space 1024K, 0% used [0x00000007ae500000,0x00000007ae500000,0x00000007ae600000)
  to   space 2048K, 0% used [0x00000007ae200000,0x00000007ae200000,0x00000007ae400000)
 ParOldGen       total 175104K, used 17867K [0x0000000740000000, 0x000000074ab00000, 0x0000000795580000)
  object space 175104K, 10% used [0x0000000740000000,0x0000000741172e90,0x000000074ab00000)
 Metaspace       used 20698K, capacity 21138K, committed 21248K, reserved 1069056K
  class space    used 2402K, capacity 2516K, committed 2560K, reserved 1048576K
}

Deoptimization events (10 events):
Event: 48.950 Thread 0x00007fef3900a800 Uncommon trap: reason=unstable_if action=reinterpret pc=0x00000001155c3dbc method=java.math.BigDecimal.<init>([CIILjava/math/MathContext;)V @ 169
Event: 56.553 Thread 0x00007fef3900a800 Uncommon trap: reason=unstable_if action=reinterpret pc=0x00000001155cd894 method=sun.misc.FloatingDecimal$BinaryToASCIIBuffer.dtoa(IJIZ)V @ 272
Event: 59.205 Thread 0x00007fef3900a800 Uncommon trap: reason=unstable_if action=reinterpret pc=0x000000011544ce78 method=org.apache.xml.serialize.Printer.printSpace()V @ 7
Event: 59.205 Thread 0x00007fef3900a800 Uncommon trap: reason=unstable_if action=reinterpret pc=0x0000000115401eb8 method=org.apache.xml.serialize.Printer.printSpace()V @ 7
Event: 87.007 Thread 0x00007fef3900a800 Uncommon trap: reason=null_check action=make_not_entrant pc=0x0000000114f7d9a0 method=org.exolab.castor.xml.UnmarshalHandler.startElement(Ljava/lang/String;Ljava/lang/String;Lorg/exolab/castor/xml/AttributeSet;)V @ 4368
Event: 96.177 Thread 0x00007fef3900a800 Uncommon trap: reason=unstable_if action=reinterpret pc=0x0000000114a97154 method=sun.misc.FloatingDecimal$BinaryToASCIIBuffer.dtoa(IJIZ)V @ 1213
Event: 127.417 Thread 0x00007fef3900a800 Uncommon trap: reason=unstable_if action=reinterpret pc=0x00000001154dbde4 method=java.io.BufferedWriter.write(I)V @ 19
Event: 127.501 Thread 0x00007fef3900a800 Uncommon trap: reason=unstable_if action=reinterpret pc=0x00000001149e9c14 method=java.io.BufferedWriter.write(I)V @ 19
Event: 159.276 Thread 0x00007fef3900a800 Uncommon trap: reason=bimorphic action=maybe_recompile pc=0x0000000114ad4484 method=java.util.HashMap.putVal(ILjava/lang/Object;Ljava/lang/Object;ZZ)Ljava/lang/Object; @ 91
Event: 167.311 Thread 0x00007fef3900a800 Uncommon trap: reason=unstable_if action=reinterpret pc=0x00000001148f8c24 method=java.io.BufferedOutputStream.write(I)V @ 9

Internal exceptions (10 events):
Event: 56.391 Thread 0x00007fef3900a800 Exception <a 'java/io/FileNotFoundException'> (0x000000079a9f7028) thrown at [/Users/java_re/workspace/8-2-build-macosx-x86_64/jdk8u121/8372/hotspot/src/share/vm/prims/jni.cpp, line 709]
Event: 83.853 Thread 0x00007fef3900a800 Exception <a 'java/io/FileNotFoundException'> (0x000000079ccb48f0) thrown at [/Users/java_re/workspace/8-2-build-macosx-x86_64/jdk8u121/8372/hotspot/src/share/vm/prims/jni.cpp, line 709]
Event: 87.007 Thread 0x00007fef3900a800 Implicit null exception at 0x0000000114f7a377 to 0x0000000114f7d995
Event: 96.010 Thread 0x00007fef3900a800 Exception <a 'java/io/FileNotFoundException'> (0x00000007a72cff38) thrown at [/Users/java_re/workspace/8-2-build-macosx-x86_64/jdk8u121/8372/hotspot/src/share/vm/prims/jni.cpp, line 709]
Event: 107.891 Thread 0x00007fef3900a800 Exception <a 'java/io/FileNotFoundException'> (0x0000000799964dd8) thrown at [/Users/java_re/workspace/8-2-build-macosx-x86_64/jdk8u121/8372/hotspot/src/share/vm/prims/jni.cpp, line 709]
Event: 116.307 Thread 0x00007fef3900a800 Exception <a 'java/io/FileNotFoundException'> (0x000000079ded2da8) thrown at [/Users/java_re/workspace/8-2-build-macosx-x86_64/jdk8u121/8372/hotspot/src/share/vm/prims/jni.cpp, line 709]
Event: 124.223 Thread 0x00007fef3900a800 Exception <a 'java/io/FileNotFoundException'> (0x000000079c502af0) thrown at [/Users/java_re/workspace/8-2-build-macosx-x86_64/jdk8u121/8372/hotspot/src/share/vm/prims/jni.cpp, line 709]
Event: 148.842 Thread 0x00007fef3900a800 Exception <a 'java/io/FileNotFoundException'> (0x000000079bc3bcd8) thrown at [/Users/java_re/workspace/8-2-build-macosx-x86_64/jdk8u121/8372/hotspot/src/share/vm/prims/jni.cpp, line 709]
Event: 156.570 Thread 0x00007fef3900a800 Exception <a 'java/io/FileNotFoundException'> (0x000000079c27fc50) thrown at [/Users/java_re/workspace/8-2-build-macosx-x86_64/jdk8u121/8372/hotspot/src/share/vm/prims/jni.cpp, line 709]
Event: 164.800 Thread 0x00007fef3900a800 Exception <a 'java/io/FileNotFoundException'> (0x0000000795c05be8) thrown at [/Users/java_re/workspace/8-2-build-macosx-x86_64/jdk8u121/8372/hotspot/src/share/vm/prims/jni.cpp, line 709]

Events (10 events):
Event: 167.317 loading class org/openxmlformats/schemas/spreadsheetml/_2006/main/WorkbookViewDescriptor
Event: 167.317 loading class org/openxmlformats/schemas/spreadsheetml/_2006/main/WorkbookViewDescriptor done
Event: 167.317 loading class org/openxmlformats/schemas/spreadsheetml/_2006/main/SheetsDescriptor
Event: 167.317 loading class org/openxmlformats/schemas/spreadsheetml/_2006/main/SheetsDescriptor done
Event: 167.318 loading class org/openxmlformats/schemas/spreadsheetml/_2006/main/SheetDescriptor
Event: 167.318 loading class org/openxmlformats/schemas/spreadsheetml/_2006/main/SheetDescriptor done
Event: 167.318 loading class org/openxmlformats/schemas/spreadsheetml/_2006/main/CalcPrDescriptor
Event: 167.318 loading class org/openxmlformats/schemas/spreadsheetml/_2006/main/CalcPrDescriptor done
Event: 167.320 Executing VM operation: ParallelGCSystemGC
Event: 167.368 Executing VM operation: ParallelGCSystemGC done


Dynamic libraries:
0x000000000ea03000 	/System/Library/Frameworks/CoreFoundation.framework/Versions/A/CoreFoundation
0x000000000ea03000 	/System/Library/Frameworks/IOKit.framework/Versions/A/IOKit
0x000000000ea03000 	/usr/lib/libstdc++.6.0.9.dylib
0x00000001046cc000 	/Applications/IBM/SPSS/Statistics/25/SPSSStatistics.app/Contents/lib/libtempdir.dylib
0x00000001046f0000 	/Applications/IBM/SPSS/Statistics/25/SPSSStatistics.app/Contents/lib/libspssxd.dylib
0x000000010499e000 	/Applications/IBM/SPSS/Statistics/25/SPSSStatistics.app/Contents/lib/libspssdxcom.dylib
0x00000001049e1000 	/Applications/IBM/SPSS/Statistics/25/SPSSStatistics.app/Contents/common/ext/bin/spss.common/libscorelib850r.dylib
0x0000000104ae8000 	/Applications/IBM/SPSS/Statistics/25/SPSSStatistics.app/Contents/common/ext/bin/spss.common/libGeneralRegressionModel850r.dylib
0x0000000104b61000 	/Applications/IBM/SPSS/Statistics/25/SPSSStatistics.app/Contents/common/ext/bin/spss.common/libdiscriminant-model850r.dylib
0x000000000ea03000 	/usr/lib/libSystem.B.dylib
0x000000000ea03000 	/usr/lib/libDiagnosticMessagesClient.dylib
0x000000000ea03000 	/usr/lib/libicucore.A.dylib
0x000000000ea03000 	/usr/lib/libobjc.A.dylib
0x000000000ea03000 	/usr/lib/libz.1.dylib
0x000000000ea03000 	/usr/lib/system/libcache.dylib
0x000000000ea03000 	/usr/lib/system/libcommonCrypto.dylib
0x000000000ea03000 	/usr/lib/system/libcompiler_rt.dylib
0x000000000ea03000 	/usr/lib/system/libcopyfile.dylib
0x000000000ea03000 	/usr/lib/system/libcorecrypto.dylib
0x000000000ea03000 	/usr/lib/system/libdispatch.dylib
0x000000000ea03000 	/usr/lib/system/libdyld.dylib
0x000000000ea03000 	/usr/lib/system/libkeymgr.dylib
0x000000000ea03000 	/usr/lib/system/liblaunch.dylib
0x000000000ea03000 	/usr/lib/system/libmacho.dylib
0x000000000ea03000 	/usr/lib/system/libquarantine.dylib
0x000000000ea03000 	/usr/lib/system/libremovefile.dylib
0x000000000ea03000 	/usr/lib/system/libsystem_asl.dylib
0x000000000ea03000 	/usr/lib/system/libsystem_blocks.dylib
0x000000000ea03000 	/usr/lib/system/libsystem_c.dylib
0x000000000ea03000 	/usr/lib/system/libsystem_configuration.dylib
0x000000000ea03000 	/usr/lib/system/libsystem_coreservices.dylib
0x000000000ea03000 	/usr/lib/system/libsystem_darwin.dylib
0x000000000ea03000 	/usr/lib/system/libsystem_dnssd.dylib
0x000000000ea03000 	/usr/lib/system/libsystem_info.dylib
0x000000000ea03000 	/usr/lib/system/libsystem_m.dylib
0x000000000ea03000 	/usr/lib/system/libsystem_malloc.dylib
0x000000000ea03000 	/usr/lib/system/libsystem_network.dylib
0x000000000ea03000 	/usr/lib/system/libsystem_networkextension.dylib
0x000000000ea03000 	/usr/lib/system/libsystem_notify.dylib
0x000000000ea03000 	/usr/lib/system/libsystem_sandbox.dylib
0x000000000ea03000 	/usr/lib/system/libsystem_secinit.dylib
0x000000000ea03000 	/usr/lib/system/libsystem_kernel.dylib
0x000000000ea03000 	/usr/lib/system/libsystem_platform.dylib
0x000000000ea03000 	/usr/lib/system/libsystem_pthread.dylib
0x000000000ea03000 	/usr/lib/system/libsystem_symptoms.dylib
0x000000000ea03000 	/usr/lib/system/libsystem_trace.dylib
0x000000000ea03000 	/usr/lib/system/libunwind.dylib
0x000000000ea03000 	/usr/lib/system/libxpc.dylib
0x000000000ea03000 	/usr/lib/closure/libclosured.dylib
0x000000000ea03000 	/usr/lib/libc++abi.dylib
0x000000000ea03000 	/usr/lib/libc++.1.dylib
0x000000000ea03000 	/usr/lib/libenergytrace.dylib
0x000000000ea03000 	/usr/lib/libbsm.0.dylib
0x000000000ea03000 	/usr/lib/system/libkxld.dylib
0x0000000104b82000 	/Applications/IBM/SPSS/Statistics/25/SPSSStatistics.app/Contents/lib/libifcoremt.dylib
0x0000000104cff000 	/Applications/IBM/SPSS/Statistics/25/SPSSStatistics.app/Contents/lib/libimf.dylib
0x0000000105021000 	/Applications/IBM/SPSS/Statistics/25/SPSSStatistics.app/Contents/lib/libsvml.dylib
0x0000000105b1e000 	/Applications/IBM/SPSS/Statistics/25/SPSSStatistics.app/Contents/lib/libintlc.dylib
0x0000000105b6d000 	/Applications/IBM/SPSS/Statistics/25/SPSSStatistics.app/Contents/lib/libplatdep.dylib
0x0000000105bb7000 	/Applications/IBM/SPSS/Statistics/25/SPSSStatistics.app/Contents/lib/libgsk8iccs.dylib
0x0000000105c29000 	/Applications/IBM/SPSS/Statistics/25/SPSSStatistics.app/Contents/lib/libsockbsd.dylib
0x0000000105c37000 	/Applications/IBM/SPSS/Statistics/25/SPSSStatistics.app/Contents/lib/libsfthread.dylib
0x0000000105c4c000 	/Applications/IBM/SPSS/Statistics/25/SPSSStatistics.app/Contents/lib/libvserial.dylib
0x0000000105c64000 	/Applications/IBM/SPSS/Statistics/25/SPSSStatistics.app/Contents/lib/libvutility.dylib
0x0000000105c71000 	/Applications/IBM/SPSS/Statistics/25/SPSSStatistics.app/Contents/lib/libicuuc.51.2.dylib
0x0000000105e51000 	/Applications/IBM/SPSS/Statistics/25/SPSSStatistics.app/Contents/lib/libicui18n.51.2.dylib
0x0000000106125000 	/Applications/IBM/SPSS/Statistics/25/SPSSStatistics.app/Contents/lib/libxerces-c-3.1.dylib
0x0000000106505000 	/Applications/IBM/SPSS/Statistics/25/SPSSStatistics.app/Contents/lib/libicudata.51.2.dylib
0x0000000107a57000 	/Applications/IBM/SPSS/Statistics/25/SPSSStatistics.app/Contents/lib/libspsswlib.dylib
0x0000000109e1c000 	/Applications/IBM/SPSS/Statistics/25/SPSSStatistics.app/Contents/lib/libcpuinfo.dylib
0x0000000109e1f000 	/Applications/IBM/SPSS/Statistics/25/SPSSStatistics.app/Contents/lib/libomcell.dylib
0x0000000109e46000 	/Applications/IBM/SPSS/Statistics/25/SPSSStatistics.app/Contents/lib/libomfactry.dylib
0x0000000109ef1000 	/Applications/IBM/SPSS/Statistics/25/SPSSStatistics.app/Contents/lib/libomtree.dylib
0x0000000109f2e000 	/Applications/IBM/SPSS/Statistics/25/SPSSStatistics.app/Contents/lib/libomxxml.dylib
0x0000000109f6a000 	/Applications/IBM/SPSS/Statistics/25/SPSSStatistics.app/Contents/lib/libomxsav.dylib
0x0000000109f81000 	/Applications/IBM/SPSS/Statistics/25/SPSSStatistics.app/Contents/lib/libomxhtml.dylib
0x0000000109fa8000 	/Applications/IBM/SPSS/Statistics/25/SPSSStatistics.app/Contents/lib/libomxtext.dylib
0x0000000109fcd000 	/Applications/IBM/SPSS/Statistics/25/SPSSStatistics.app/Contents/lib/libomxspv.dylib
0x0000000109fdc000 	/Applications/IBM/SPSS/Statistics/25/SPSSStatistics.app/Contents/lib/libspssjni.dylib
0x0000000109fe5000 	/Applications/IBM/SPSS/Statistics/25/SPSSStatistics.app/Contents/lib/libspssjvm.dylib
0x0000000109ff5000 	/Applications/IBM/SPSS/Statistics/25/SPSSStatistics.app/Contents/lib/libvizedit.dylib
0x000000010a019000 	/Applications/IBM/SPSS/Statistics/25/SPSSStatistics.app/Contents/lib/libtransspc.dylib
0x000000010a04c000 	/Applications/IBM/SPSS/Statistics/25/SPSSStatistics.app/Contents/lib/libdedstore.dylib
0x000000010a06c000 	/Applications/IBM/SPSS/Statistics/25/SPSSStatistics.app/Contents/lib/libsvrdmgr.dylib
0x000000010a092000 	/Applications/IBM/SPSS/Statistics/25/SPSSStatistics.app/Contents/lib/libdatasrc.dylib
0x000000010a138000 	/Applications/IBM/SPSS/Statistics/25/SPSSStatistics.app/Contents/lib/libsvrerrs.dylib
0x000000010a144000 	/Applications/IBM/SPSS/Statistics/25/SPSSStatistics.app/Contents/lib/libspssdemg.dylib
0x000000010a18b000 	/Applications/IBM/SPSS/Statistics/25/SPSSStatistics.app/Contents/lib/libcpputil.dylib
0x000000010a1cb000 	/Applications/IBM/SPSS/Statistics/25/SPSSStatistics.app/Contents/lib/libstrtable.dylib
0x00000000d21de000 	/Applications/IBM/SPSS/Statistics/25/SPSSStatistics.app/Contents/lib/libxalan-c.111.0.dylib
0x000000010a82a000 	/Applications/IBM/SPSS/Statistics/25/SPSSStatistics.app/Contents/lib/libchartutl.dylib
0x000000010a939000 	/Applications/IBM/SPSS/Statistics/25/SPSSStatistics.app/Contents/lib/libspssmsgs.dylib
0x000000010a940000 	/Applications/IBM/SPSS/Statistics/25/SPSSStatistics.app/Contents/lib/libvizchart.dylib
0x000000010ab69000 	/Applications/IBM/SPSS/Statistics/25/SPSSStatistics.app/Contents/lib/libzlib1211spss.dylib
0x000000010ab9f000 	/Applications/IBM/SPSS/Statistics/25/SPSSStatistics.app/Contents/lib/libindutil.dylib
0x00000000cabab000 	/Applications/IBM/SPSS/Statistics/25/SPSSStatistics.app/Contents/lib/libxalanMsg.111.0.dylib
0x000000010abbc000 	/Applications/IBM/SPSS/Statistics/25/SPSSStatistics.app/Contents/lib/libspssiocv.dylib
0x000000010abf5000 	/Applications/IBM/SPSS/Statistics/25/SPSSStatistics.app/Contents/lib/libreadonly.dylib
0x000000010abff000 	/Applications/IBM/SPSS/Statistics/25/SPSSStatistics.app/Contents/lib/libtmsutil.dylib
0x000000010ac0a000 	/Applications/IBM/SPSS/Statistics/25/SPSSStatistics.app/Contents/lib/libcvtrans.dylib
0x000000006ac52000 	/Applications/IBM/SPSS/Statistics/25/SPSSStatistics.app/Contents/Library/Frameworks/Sentinel.framework/Versions/A/Sentinel
0x000000010ac6f000 	/Applications/IBM/SPSS/Statistics/25/SPSSStatistics.app/Contents/Library/Frameworks/SuperPro.framework/Versions/A/SuperPro
0x000000010ac85000 	/Applications/IBM/SPSS/Statistics/25/SPSSStatistics.app/Contents/lib/libcmddata.dylib
0x000000010ac8f000 	/Applications/IBM/SPSS/Statistics/25/SPSSStatistics.app/Contents/lib/libmcbstsps.dylib
0x000000000ea03000 	/usr/lib/libiconv.2.dylib
0x000000000ea03000 	/System/Library/Frameworks/CoreServices.framework/Versions/A/CoreServices
0x000000000ea03000 	/System/Library/Frameworks/CFNetwork.framework/Versions/A/CFNetwork
0x000000000ea03000 	/System/Library/Frameworks/CoreServices.framework/Versions/A/Frameworks/FSEvents.framework/Versions/A/FSEvents
0x000000000ea03000 	/System/Library/Frameworks/CoreServices.framework/Versions/A/Frameworks/CarbonCore.framework/Versions/A/CarbonCore
0x000000000ea03000 	/System/Library/Frameworks/CoreServices.framework/Versions/A/Frameworks/Metadata.framework/Versions/A/Metadata
0x000000000ea03000 	/System/Library/Frameworks/CoreServices.framework/Versions/A/Frameworks/OSServices.framework/Versions/A/OSServices
0x000000000ea03000 	/System/Library/Frameworks/CoreServices.framework/Versions/A/Frameworks/SearchKit.framework/Versions/A/SearchKit
0x000000000ea03000 	/System/Library/Frameworks/CoreServices.framework/Versions/A/Frameworks/AE.framework/Versions/A/AE
0x000000000ea03000 	/System/Library/Frameworks/CoreServices.framework/Versions/A/Frameworks/LaunchServices.framework/Versions/A/LaunchServices
0x000000000ea03000 	/System/Library/Frameworks/CoreServices.framework/Versions/A/Frameworks/DictionaryServices.framework/Versions/A/DictionaryServices
0x000000000ea03000 	/System/Library/Frameworks/CoreServices.framework/Versions/A/Frameworks/SharedFileList.framework/Versions/A/SharedFileList
0x000000000ea03000 	/usr/lib/libauto.dylib
0x000000000ea03000 	/System/Library/Frameworks/SystemConfiguration.framework/Versions/A/SystemConfiguration
0x000000000ea03000 	/System/Library/Frameworks/Security.framework/Versions/A/Security
0x000000000ea03000 	/usr/lib/libsqlite3.dylib
0x000000000ea03000 	/usr/lib/libxml2.2.dylib
0x000000000ea03000 	/usr/lib/libnetwork.dylib
0x000000000ea03000 	/usr/lib/libapple_nghttp2.dylib
0x000000000ea03000 	/usr/lib/libpcap.A.dylib
0x000000000ea03000 	/usr/lib/libboringssl.dylib
0x000000000ea03000 	/usr/lib/libusrtcp.dylib
0x000000000ea03000 	/usr/lib/libcoretls.dylib
0x000000000ea03000 	/usr/lib/libcoretls_cfhelpers.dylib
0x000000000ea03000 	/usr/lib/libapple_crypto.dylib
0x000000000ea03000 	/System/Library/Frameworks/Foundation.framework/Versions/C/Foundation
0x000000000ea03000 	/usr/lib/libOpenScriptingUtil.dylib
0x000000000ea03000 	/usr/lib/libpam.2.dylib
0x000000000ea03000 	/usr/lib/libxar.1.dylib
0x000000000ea03000 	/System/Library/Frameworks/DiskArbitration.framework/Versions/A/DiskArbitration
0x000000000ea03000 	/usr/lib/libarchive.2.dylib
0x000000000ea03000 	/usr/lib/liblangid.dylib
0x000000000ea03000 	/usr/lib/libCRFSuite.dylib
0x000000000ea03000 	/usr/lib/libbz2.1.0.dylib
0x000000000ea03000 	/usr/lib/liblzma.5.dylib
0x000000000ea03000 	/System/Library/Frameworks/NetFS.framework/Versions/A/NetFS
0x000000000ea03000 	/System/Library/PrivateFrameworks/NetAuth.framework/Versions/A/NetAuth
0x000000000ea03000 	/System/Library/PrivateFrameworks/login.framework/Versions/A/Frameworks/loginsupport.framework/Versions/A/loginsupport
0x000000000ea03000 	/System/Library/PrivateFrameworks/TCC.framework/Versions/A/TCC
0x000000000ea03000 	/usr/lib/libmecabra.dylib
0x000000000ea03000 	/System/Library/Frameworks/ApplicationServices.framework/Versions/A/ApplicationServices
0x000000000ea03000 	/System/Library/Frameworks/CoreGraphics.framework/Versions/A/CoreGraphics
0x000000000ea03000 	/System/Library/Frameworks/CoreText.framework/Versions/A/CoreText
0x000000000ea03000 	/System/Library/Frameworks/ImageIO.framework/Versions/A/ImageIO
0x000000000ea03000 	/System/Library/Frameworks/ColorSync.framework/Versions/A/ColorSync
0x000000000ea03000 	/System/Library/Frameworks/ApplicationServices.framework/Versions/A/Frameworks/ATS.framework/Versions/A/ATS
0x000000000ea03000 	/System/Library/Frameworks/ApplicationServices.framework/Versions/A/Frameworks/ColorSyncLegacy.framework/Versions/A/ColorSyncLegacy
0x000000000ea03000 	/System/Library/Frameworks/ApplicationServices.framework/Versions/A/Frameworks/HIServices.framework/Versions/A/HIServices
0x000000000ea03000 	/System/Library/Frameworks/ApplicationServices.framework/Versions/A/Frameworks/LangAnalysis.framework/Versions/A/LangAnalysis
0x000000000ea03000 	/System/Library/Frameworks/ApplicationServices.framework/Versions/A/Frameworks/PrintCore.framework/Versions/A/PrintCore
0x000000000ea03000 	/System/Library/Frameworks/ApplicationServices.framework/Versions/A/Frameworks/QD.framework/Versions/A/QD
0x000000000ea03000 	/System/Library/Frameworks/ApplicationServices.framework/Versions/A/Frameworks/SpeechSynthesis.framework/Versions/A/SpeechSynthesis
0x000000000ea03000 	/System/Library/PrivateFrameworks/SkyLight.framework/Versions/A/SkyLight
0x000000000ea03000 	/System/Library/Frameworks/Accelerate.framework/Versions/A/Accelerate
0x000000000ea03000 	/System/Library/Frameworks/CoreDisplay.framework/Versions/A/CoreDisplay
0x000000000ea03000 	/System/Library/Frameworks/IOSurface.framework/Versions/A/IOSurface
0x000000000ea03000 	/System/Library/Frameworks/Metal.framework/Versions/A/Metal
0x000000000ea03000 	/System/Library/PrivateFrameworks/MultitouchSupport.framework/Versions/A/MultitouchSupport
0x000000000ea03000 	/System/Library/Frameworks/QuartzCore.framework/Versions/A/QuartzCore
0x000000000ea03000 	/System/Library/Frameworks/Accelerate.framework/Versions/A/Frameworks/vImage.framework/Versions/A/vImage
0x000000000ea03000 	/System/Library/Frameworks/Accelerate.framework/Versions/A/Frameworks/vecLib.framework/Versions/A/vecLib
0x000000000ea03000 	/System/Library/Frameworks/Accelerate.framework/Versions/A/Frameworks/vecLib.framework/Versions/A/libvDSP.dylib
0x000000000ea03000 	/System/Library/Frameworks/Accelerate.framework/Versions/A/Frameworks/vecLib.framework/Versions/A/libBNNS.dylib
0x000000000ea03000 	/System/Library/Frameworks/Accelerate.framework/Versions/A/Frameworks/vecLib.framework/Versions/A/libQuadrature.dylib
0x000000000ea03000 	/System/Library/Frameworks/Accelerate.framework/Versions/A/Frameworks/vecLib.framework/Versions/A/libvMisc.dylib
0x000000000ea03000 	/System/Library/Frameworks/Accelerate.framework/Versions/A/Frameworks/vecLib.framework/Versions/A/libLAPACK.dylib
0x000000000ea03000 	/System/Library/Frameworks/Accelerate.framework/Versions/A/Frameworks/vecLib.framework/Versions/A/libBLAS.dylib
0x000000000ea03000 	/System/Library/Frameworks/Accelerate.framework/Versions/A/Frameworks/vecLib.framework/Versions/A/libLinearAlgebra.dylib
0x000000000ea03000 	/System/Library/Frameworks/Accelerate.framework/Versions/A/Frameworks/vecLib.framework/Versions/A/libSparse.dylib
0x000000000ea03000 	/System/Library/Frameworks/Accelerate.framework/Versions/A/Frameworks/vecLib.framework/Versions/A/libSparseBLAS.dylib
0x000000000ea03000 	/System/Library/PrivateFrameworks/IOAccelerator.framework/Versions/A/IOAccelerator
0x000000000ea03000 	/System/Library/PrivateFrameworks/IOPresentment.framework/Versions/A/IOPresentment
0x000000000ea03000 	/System/Library/PrivateFrameworks/DSExternalDisplay.framework/Versions/A/DSExternalDisplay
0x000000000ea03000 	/System/Library/Frameworks/OpenGL.framework/Versions/A/Libraries/libCoreFSCache.dylib
0x000000000ea03000 	/System/Library/Frameworks/CoreImage.framework/Versions/A/CoreImage
0x000000000ea03000 	/System/Library/Frameworks/CoreVideo.framework/Versions/A/CoreVideo
0x000000000ea03000 	/System/Library/Frameworks/OpenGL.framework/Versions/A/OpenGL
0x000000000ea03000 	/System/Library/PrivateFrameworks/GraphVisualizer.framework/Versions/A/GraphVisualizer
0x000000000ea03000 	/System/Library/Frameworks/MetalPerformanceShaders.framework/Versions/A/MetalPerformanceShaders
0x000000000ea03000 	/usr/lib/libFosl_dynamic.dylib
0x000000000ea03000 	/System/Library/PrivateFrameworks/FaceCore.framework/Versions/A/FaceCore
0x000000000ea03000 	/System/Library/Frameworks/OpenCL.framework/Versions/A/OpenCL
0x000000000ea03000 	/usr/lib/libcompression.dylib
0x000000000ea03000 	/System/Library/Frameworks/ApplicationServices.framework/Versions/A/Frameworks/ATS.framework/Versions/A/Resources/libFontParser.dylib
0x000000000ea03000 	/System/Library/Frameworks/ApplicationServices.framework/Versions/A/Frameworks/ATS.framework/Versions/A/Resources/libFontRegistry.dylib
0x000000000ea03000 	/System/Library/Frameworks/ImageIO.framework/Versions/A/Resources/libJPEG.dylib
0x000000000ea03000 	/System/Library/Frameworks/ImageIO.framework/Versions/A/Resources/libTIFF.dylib
0x000000000ea03000 	/System/Library/Frameworks/ImageIO.framework/Versions/A/Resources/libPng.dylib
0x000000000ea03000 	/System/Library/Frameworks/ImageIO.framework/Versions/A/Resources/libGIF.dylib
0x000000000ea03000 	/System/Library/Frameworks/ImageIO.framework/Versions/A/Resources/libJP2.dylib
0x000000000ea03000 	/System/Library/Frameworks/ImageIO.framework/Versions/A/Resources/libRadiance.dylib
0x000000000ea03000 	/System/Library/PrivateFrameworks/AppleJPEG.framework/Versions/A/AppleJPEG
0x000000000ea03000 	/System/Library/PrivateFrameworks/MetalTools.framework/Versions/A/MetalTools
0x000000000ea03000 	/System/Library/Frameworks/MetalPerformanceShaders.framework/Frameworks/MPSCore.framework/Versions/A/MPSCore
0x000000000ea03000 	/System/Library/Frameworks/MetalPerformanceShaders.framework/Frameworks/MPSImage.framework/Versions/A/MPSImage
0x000000000ea03000 	/System/Library/Frameworks/MetalPerformanceShaders.framework/Frameworks/MPSMatrix.framework/Versions/A/MPSMatrix
0x000000000ea03000 	/System/Library/Frameworks/MetalPerformanceShaders.framework/Frameworks/MPSNeuralNetwork.framework/Versions/A/MPSNeuralNetwork
0x000000000ea03000 	/System/Library/Frameworks/OpenGL.framework/Versions/A/Libraries/libGLU.dylib
0x000000000ea03000 	/System/Library/Frameworks/OpenGL.framework/Versions/A/Libraries/libGFXShared.dylib
0x000000000ea03000 	/System/Library/Frameworks/OpenGL.framework/Versions/A/Libraries/libGL.dylib
0x000000000ea03000 	/System/Library/Frameworks/OpenGL.framework/Versions/A/Libraries/libGLImage.dylib
0x000000000ea03000 	/System/Library/Frameworks/OpenGL.framework/Versions/A/Libraries/libCVMSPluginSupport.dylib
0x000000000ea03000 	/System/Library/Frameworks/OpenGL.framework/Versions/A/Libraries/libCoreVMClient.dylib
0x000000000ea03000 	/usr/lib/libcups.2.dylib
0x000000000ea03000 	/System/Library/Frameworks/Kerberos.framework/Versions/A/Kerberos
0x000000000ea03000 	/System/Library/Frameworks/GSS.framework/Versions/A/GSS
0x000000000ea03000 	/usr/lib/libresolv.9.dylib
0x000000000ea03000 	/System/Library/PrivateFrameworks/Heimdal.framework/Versions/A/Heimdal
0x000000000ea03000 	/usr/lib/libheimdal-asn1.dylib
0x000000000ea03000 	/System/Library/Frameworks/OpenDirectory.framework/Versions/A/OpenDirectory
0x000000000ea03000 	/System/Library/PrivateFrameworks/CommonAuth.framework/Versions/A/CommonAuth
0x000000000ea03000 	/System/Library/Frameworks/OpenDirectory.framework/Versions/A/Frameworks/CFOpenDirectory.framework/Versions/A/CFOpenDirectory
0x000000000ea03000 	/System/Library/Frameworks/SecurityFoundation.framework/Versions/A/SecurityFoundation
0x000000000ea03000 	/System/Library/PrivateFrameworks/APFS.framework/Versions/A/APFS
0x000000000ea03000 	/usr/lib/libutil.dylib
0x000000000ea03000 	/System/Library/Frameworks/CoreAudio.framework/Versions/A/CoreAudio
0x000000000ea03000 	/System/Library/Frameworks/AudioToolbox.framework/Versions/A/AudioToolbox
0x000000000ea03000 	/System/Library/PrivateFrameworks/AppleSauce.framework/Versions/A/AppleSauce
0x000000000ea03000 	/System/Library/PrivateFrameworks/LinguisticData.framework/Versions/A/LinguisticData
0x000000000ea03000 	/usr/lib/libmarisa.dylib
0x000000000ea03000 	/System/Library/PrivateFrameworks/Lexicon.framework/Versions/A/Lexicon
0x000000000ea03000 	/usr/lib/libChineseTokenizer.dylib
0x000000000ea03000 	/usr/lib/libcmph.dylib
0x000000000ea03000 	/System/Library/PrivateFrameworks/LanguageModeling.framework/Versions/A/LanguageModeling
0x000000000ea03000 	/System/Library/Frameworks/CoreData.framework/Versions/A/CoreData
0x000000000ea03000 	/System/Library/PrivateFrameworks/CoreEmoji.framework/Versions/A/CoreEmoji
0x000000000ea03000 	/System/Library/Frameworks/ServiceManagement.framework/Versions/A/ServiceManagement
0x000000000ea03000 	/System/Library/PrivateFrameworks/BackgroundTaskManagement.framework/Versions/A/BackgroundTaskManagement
0x000000000ea03000 	/usr/lib/libxslt.1.dylib
0x000000010ac9a000 	/Applications/IBM/SPSS/Statistics/25/SPSSStatistics.app/Contents/lib/libdatastr.dylib
0x000000010acb6000 	/Applications/IBM/SPSS/Statistics/25/SPSSStatistics.app/Contents/lib/libstacrypt.dylib
0x000000010acc3000 	/Applications/IBM/SPSS/Statistics/25/SPSSStatistics.app/Contents/lib/libmccomsps.dylib
0x000000010adc9000 	/Applications/IBM/SPSS/Statistics/25/SPSSStatistics.app/Contents/lib/libspsspool.dylib
0x000000010ae03000 	/Applications/IBM/SPSS/Statistics/25/SPSSStatistics.app/Contents/lib/libxchart.dylib
0x000000010ae87000 	/Applications/IBM/SPSS/Statistics/25/SPSSStatistics.app/Contents/lib/libviewerxml.dylib
0x000000010d987000 	/Applications/IBM/SPSS/Statistics/25/SPSSStatistics.app/Contents/lib/libspsswctl.dylib
0x000000010af8c000 	/Applications/IBM/SPSS/Statistics/25/SPSSStatistics.app/Contents/lib/libuparser.dylib
0x000000010da9b000 	/Applications/IBM/SPSS/Statistics/25/SPSSStatistics.app/Contents/lib/libspssdx.dylib
0x000000010dac7000 	/Applications/IBM/SPSS/Statistics/25/SPSSStatistics.app/Contents/lib/libomsopmgr.dylib
0x000000010daee000 	/Applications/IBM/SPSS/Statistics/25/SPSSStatistics.app/Contents/lib/libspsswcis.dylib
0x000000010dc1f000 	/Applications/IBM/SPSS/Statistics/25/SPSSStatistics.app/Contents/lib/libspsswmsg.dylib
0x000000010dc47000 	/Applications/IBM/SPSS/Statistics/25/SPSSStatistics.app/Contents/lib/libuadapter.dylib
0x000000010dc7c000 	/Applications/IBM/SPSS/Statistics/25/SPSSStatistics.app/Contents/lib/libspssclef.dylib
0x000000010dcc0000 	/Applications/IBM/SPSS/Statistics/25/SPSSStatistics.app/Contents/ext/bin/spss.common/libcfcore.dylib
0x000000010dda5000 	/Applications/IBM/SPSS/Statistics/25/SPSSStatistics.app/Contents/ext/bin/spss.common/libcfcommon.dylib
0x000000010de1e000 	/Applications/IBM/SPSS/Statistics/25/SPSSStatistics.app/Contents/lib/libfmsgs.dylib
0x000000010de52000 	/Applications/IBM/SPSS/Statistics/25/SPSSStatistics.app/Contents/lib/libnetcom.dylib
0x000000010de7a000 	/Applications/IBM/SPSS/Statistics/25/SPSSStatistics.app/Contents/lib/libfwutility.dylib
0x000000010de82000 	/Applications/IBM/SPSS/Statistics/25/SPSSStatistics.app/Contents/lib/libfilesort.dylib
0x000000010de96000 	/Applications/IBM/SPSS/Statistics/25/SPSSStatistics.app/Contents/lib/libmtxp.dylib
0x000000010deb2000 	/Applications/IBM/SPSS/Statistics/25/SPSSStatistics.app/Contents/ext/bin/spss.common/libcorethread.dylib
0x0000000104cf8000 	/Applications/IBM/SPSS/Statistics/25/SPSSStatistics.app/Contents/ext/bin/spss.common/libcfthread.dylib
0x000000010dec2000 	/Applications/IBM/SPSS/Statistics/25/SPSSStatistics.app/Contents/common/ext/bin/spss.common/libcfcomserv.dylib
0x000000010deda000 	/Applications/IBM/SPSS/Statistics/25/SPSSStatistics.app/Contents/ext/bin/spss.common/libcfextension.dylib
0x000000010df12000 	/Applications/IBM/SPSS/Statistics/25/SPSSStatistics.app/Contents/ext/bin/spss.common/libcffilter.dylib
0x000000010df21000 	/Applications/IBM/SPSS/Statistics/25/SPSSStatistics.app/Contents/ext/bin/spss.common/libcfcatencode.dylib
0x0000000104b5c000 	/Applications/IBM/SPSS/Statistics/25/SPSSStatistics.app/Contents/ext/bin/spss.common/libcfcomstatistic.dylib
0x000000010df40000 	/Applications/IBM/SPSS/Statistics/25/SPSSStatistics.app/Contents/ext/bin/spss.common/libtempfiles.dylib
0x0000000110f66000 	/Applications/IBM/SPSS/Statistics/25/SPSSStatistics.app/Contents/lib/libpesrepo.dylib
0x0000000111882000 	/Applications/IBM/SPSS/Statistics/25/SPSSStatistics.app/Contents/lib/libspsswfil.dylib
0x0000000111922000 	/Applications/IBM/SPSS/Statistics/25/SPSSStatistics.app/Contents/lib/libchartxml.dylib
0x0000000111982000 	/Applications/IBM/SPSS/Statistics/25/SPSSStatistics.app/Contents/lib/libxlsxdac.dylib
0x00000001119ba000 	/Applications/IBM/SPSS/Statistics/25/SPSSStatistics.app/Contents/lib/libpkginpr.dylib
0x00000001119c3000 	/Applications/IBM/SPSS/Statistics/25/SPSSStatistics.app/Contents/lib/libdacmmsgs.dylib
0x0000000105b17000 	/Applications/IBM/SPSS/Statistics/25/SPSSStatistics.app/Contents/lib/libtxtwdmsg.dylib
0x00000001119cf000 	/Applications/IBM/SPSS/Statistics/25/SPSSStatistics.app/Contents/JRE/lib/jli/libjli.dylib
0x000000000ea03000 	/System/Library/Frameworks/Cocoa.framework/Versions/A/Cocoa
0x000000000ea03000 	/System/Library/Frameworks/AppKit.framework/Versions/C/AppKit
0x000000000ea03000 	/System/Library/PrivateFrameworks/RemoteViewServices.framework/Versions/A/RemoteViewServices
0x000000000ea03000 	/System/Library/PrivateFrameworks/UIFoundation.framework/Versions/A/UIFoundation
0x000000000ea03000 	/System/Library/PrivateFrameworks/DFRFoundation.framework/Versions/A/DFRFoundation
0x000000000ea03000 	/System/Library/PrivateFrameworks/DesktopServicesPriv.framework/Versions/A/DesktopServicesPriv
0x000000000ea03000 	/usr/lib/libScreenReader.dylib
0x000000000ea03000 	/System/Library/Frameworks/AudioUnit.framework/Versions/A/AudioUnit
0x000000000ea03000 	/System/Library/PrivateFrameworks/DataDetectorsCore.framework/Versions/A/DataDetectorsCore
0x000000000ea03000 	/System/Library/Frameworks/Carbon.framework/Versions/A/Frameworks/HIToolbox.framework/Versions/A/HIToolbox
0x000000000ea03000 	/System/Library/Frameworks/Carbon.framework/Versions/A/Frameworks/SpeechRecognition.framework/Versions/A/SpeechRecognition
0x000000000ea03000 	/System/Library/PrivateFrameworks/CoreUI.framework/Versions/A/CoreUI
0x000000000ea03000 	/System/Library/PrivateFrameworks/PerformanceAnalysis.framework/Versions/A/PerformanceAnalysis
0x000000000ea03000 	/System/Library/PrivateFrameworks/Backup.framework/Versions/A/Backup
0x000000000ea03000 	/System/Library/Frameworks/Carbon.framework/Versions/A/Frameworks/Ink.framework/Versions/A/Ink
0x000000000ea03000 	/System/Library/PrivateFrameworks/TextureIO.framework/Versions/A/TextureIO
0x000000000ea03000 	/usr/lib/libate.dylib
0x000000000ea03000 	/System/Library/PrivateFrameworks/CrashReporterSupport.framework/Versions/A/CrashReporterSupport
0x000000000ea03000 	/System/Library/PrivateFrameworks/Sharing.framework/Versions/A/Sharing
0x000000000ea03000 	/System/Library/PrivateFrameworks/IconServices.framework/Versions/A/IconServices
0x000000000ea03000 	/System/Library/PrivateFrameworks/ProtocolBuffer.framework/Versions/A/ProtocolBuffer
0x000000000ea03000 	/System/Library/PrivateFrameworks/Apple80211.framework/Versions/A/Apple80211
0x000000000ea03000 	/System/Library/Frameworks/CoreWLAN.framework/Versions/A/CoreWLAN
0x000000000ea03000 	/System/Library/PrivateFrameworks/CoreUtils.framework/Versions/A/CoreUtils
0x000000000ea03000 	/System/Library/Frameworks/IOBluetooth.framework/Versions/A/IOBluetooth
0x000000000ea03000 	/System/Library/PrivateFrameworks/CoreWiFi.framework/Versions/A/CoreWiFi
0x000000000ea03000 	/System/Library/Frameworks/CoreBluetooth.framework/Versions/A/CoreBluetooth
0x000000000ea03000 	/System/Library/PrivateFrameworks/SignpostNotification.framework/Versions/A/SignpostNotification
0x000000000ea03000 	/System/Library/PrivateFrameworks/DebugSymbols.framework/Versions/A/DebugSymbols
0x000000000ea03000 	/System/Library/PrivateFrameworks/CoreSymbolication.framework/Versions/A/CoreSymbolication
0x000000000ea03000 	/System/Library/PrivateFrameworks/Symbolication.framework/Versions/A/Symbolication
0x000000000ea03000 	/System/Library/PrivateFrameworks/AppleFSCompression.framework/Versions/A/AppleFSCompression
0x000000000ea03000 	/System/Library/PrivateFrameworks/SpeechRecognitionCore.framework/Versions/A/SpeechRecognitionCore
0x00000001119df000 	/Applications/IBM/SPSS/Statistics/25/SPSSStatistics.app/Contents/JRE//lib/server/libjvm.dylib
0x0000000112981000 	/Applications/IBM/SPSS/Statistics/25/SPSSStatistics.app/Contents/JRE/lib/libverify.dylib
0x000000011298f000 	/Applications/IBM/SPSS/Statistics/25/SPSSStatistics.app/Contents/JRE/lib/libjava.dylib
0x00000001129c4000 	/Applications/IBM/SPSS/Statistics/25/SPSSStatistics.app/Contents/JRE/lib/libzip.dylib
0x000000000ea03000 	/System/Library/Frameworks/JavaVM.framework/Versions/A/Frameworks/JavaRuntimeSupport.framework/Versions/A/JavaRuntimeSupport
0x000000000ea03000 	/System/Library/Frameworks/JavaVM.framework/Versions/A/Frameworks/JavaNativeFoundation.framework/Versions/A/JavaNativeFoundation
0x000000000ea03000 	/System/Library/Frameworks/JavaVM.framework/Versions/A/JavaVM
0x000000000ea03000 	/System/Library/Frameworks/Carbon.framework/Versions/A/Carbon
0x000000000ea03000 	/System/Library/PrivateFrameworks/JavaLaunching.framework/Versions/A/JavaLaunching
0x000000000ea03000 	/System/Library/Frameworks/Carbon.framework/Versions/A/Frameworks/CommonPanels.framework/Versions/A/CommonPanels
0x000000000ea03000 	/System/Library/Frameworks/Carbon.framework/Versions/A/Frameworks/Help.framework/Versions/A/Help
0x000000000ea03000 	/System/Library/Frameworks/Carbon.framework/Versions/A/Frameworks/ImageCapture.framework/Versions/A/ImageCapture
0x000000000ea03000 	/System/Library/Frameworks/Carbon.framework/Versions/A/Frameworks/OpenScripting.framework/Versions/A/OpenScripting
0x000000000ea03000 	/System/Library/Frameworks/Carbon.framework/Versions/A/Frameworks/Print.framework/Versions/A/Print
0x000000000ea03000 	/System/Library/Frameworks/Carbon.framework/Versions/A/Frameworks/SecurityHI.framework/Versions/A/SecurityHI
0x000000012a7fe000 	/Applications/IBM/SPSS/Statistics/25/SPSSStatistics.app/Contents/JRE/lib/libnet.dylib
0x000000010ff8a000 	/Applications/IBM/SPSS/Statistics/25/SPSSStatistics.app/Contents/lib/libspsswarc.dylib
0x0000000110bac000 	/Applications/IBM/SPSS/Statistics/25/SPSSStatistics.app/Contents/lib/libspsswalt.dylib
0x0000000110bc4000 	/Applications/IBM/SPSS/Statistics/25/SPSSStatistics.app/Contents/lib/libspsswoms.dylib
0x0000000110bf3000 	/Applications/IBM/SPSS/Statistics/25/SPSSStatistics.app/Contents/lib/libspsswbst.dylib
0x0000000110c03000 	/Applications/IBM/SPSS/Statistics/25/SPSSStatistics.app/Contents/lib/libspsswone.dylib
0x0000000110c36000 	/Applications/IBM/SPSS/Statistics/25/SPSSStatistics.app/Contents/lib/libspssweda.dylib
0x0000000110cb9000 	/Applications/IBM/SPSS/Statistics/25/SPSSStatistics.app/Contents/JRE/lib/libmanagement.dylib
0x0000000110cc7000 	/Applications/IBM/SPSS/Statistics/25/SPSSStatistics.app/Contents/JRE/lib/libosx.dylib
0x0000000110cd5000 	/Applications/IBM/SPSS/Statistics/25/SPSSStatistics.app/Contents/JRE/lib/./libosxapp.dylib
0x000000000ea03000 	/System/Library/Frameworks/ExceptionHandling.framework/Versions/A/ExceptionHandling
0x000000012a421000 	/Applications/IBM/SPSS/Statistics/25/SPSSStatistics.app/Contents/JRE/lib/libawt.dylib
0x000000012a5ac000 	/Applications/IBM/SPSS/Statistics/25/SPSSStatistics.app/Contents/JRE/lib/./libmlib_image.dylib
0x000000012a678000 	/Applications/IBM/SPSS/Statistics/25/SPSSStatistics.app/Contents/JRE/lib/libawt_lwawt.dylib
0x000000012a815000 	/Applications/IBM/SPSS/Statistics/25/SPSSStatistics.app/Contents/lib/libjniviewer.dylib
0x0000000110ef1000 	/Applications/IBM/SPSS/Statistics/25/SPSSStatistics.app/Contents/JRE/lib/libfontmanager.dylib
0x000000000ea03000 	/System/Library/PrivateFrameworks/CoreServicesInternal.framework/Versions/A/CoreServicesInternal
0x000000012abe0000 	/Applications/IBM/SPSS/Statistics/25/SPSSStatistics.app/Contents/JRE/lib/libnio.dylib
0x000000000ea03000 	/System/Library/Frameworks/ApplicationServices.framework/Versions/A/Frameworks/ATS.framework/Versions/A/Resources/libTrueTypeScaler.dylib

VM Arguments:
jvm_args: -Djava.library.path=/Applications/IBM/SPSS/Statistics/25/SPSSStatistics.app/Contents/bin/../JRE/lib/jli/:/Applications/IBM/SPSS/Statistics/25/SPSSStatistics.app/Contents/bin/../JRE/lib/:/Applications/IBM/SPSS/Statistics/25/SPSSStatistics.app/Contents/bin/../lib/:/Applications/IBM/SPSS/Statistics/25/SPSSStatistics.app/Contents/bin/ -Dapplication.home=/Applications/IBM/SPSS/Statistics/25/SPSSStatistics.app/Contents/bin -Dstatistics.home=/Applications/IBM/SPSS/Statistics/25/SPSSStatistics.app/Contents/bin -Djava.awt.headless=true -Dcom.sun.media.jai.disableMediaLib=true -Xms256M -Xmx2048M -XX:-UsePerfData -Dcom.ibm.jsse2.overrideDefaultProtocol=TLSv12 -Djava.io.tmpdir=/tmp/spssfX4pUn/ 
java_command: <unknown>
java_class_path (initial): :/Applications/IBM/SPSS/Statistics/25/SPSSStatistics.app/Contents/bin/ChartEditor.jar:/Applications/IBM/SPSS/Statistics/25/SPSSStatistics.app/Contents/bin/ChartEditorRes.jar:/Applications/IBM/SPSS/Statistics/25/SPSSStatistics.app/Contents/bin/CoreTools.jar:/Applications/IBM/SPSS/Statistics/25/SPSSStatistics.app/Contents/bin/CustomDialogBuilder.jar:/Applications/IBM/SPSS/Statistics/25/SPSSStatistics.app/Contents/bin/CustomDialogBuilderRes.jar:/Applications/IBM/SPSS/Statistics/25/SPSSStatistics.app/Contents/bin/ExViewerDialogDemo.jar:/Applications/IBM/SPSS/Statistics/25/SPSSStatistics.app/Contents/bin/ExViewerFrameDemo.jar:/Applications/IBM/SPSS/Statistics/25/SPSSStatistics.app/Contents/bin/ExportTools.jar:/Applications/IBM/SPSS/Statistics/25/SPSSStatistics.app/Contents/bin/ExtensionManager.jar:/Applications/IBM/SPSS/Statistics/25/SPSSStatistics.app/Contents/bin/ExtensionManagerRes.jar:/Applications/IBM/SPSS/Statistics/25/SPSSStatistics.app/Contents/bin/FieldChooser.jar:/Applications/IBM/SPSS/Statistics/25/SPSSStatistics.app/Contents/bin/InstallExtBundles.jar:/Applications/IBM/SPSS/Statistics/25/SPSSStatistics.app/Contents/bin/InstallExtBundlesRes.jar:/Applications/IBM/SPSS/Statistics/25/SPSSStatistics.app/Contents/bin/JRegEdit.jar:/Applications/IBM/SPSS/Statistics/25/SPSSStatistics.app/Contents/bin/JimiProClasses.jar:/Applications/IBM/SPSS/Statistics/25/SPSSStatistics.app/Contents/bin/LightTable.jar:/Applications/IBM/SPSS/Statistics/25/SPSSStatistics.app/Contents/bin/ModelViewer.jar:/Applications/IBM/SPSS/Statistics/25/SPSSStatistics.app/Contents/bin/PivotTableEditor.jar:/Applications/IBM/SPSS/Statistics/25/SPSSStatistics.app/Contents/bin/PivotTableEditorRes.jar:/Applications/IBM/SPSS/Statistics/25/SPSSStatistics.app/Contents/bin/RConfig.jar:/Applications/IBM/SPSS/Statistics/25/SPSSStatistics.app/Contents/bin/RapidSpell.jar:/Applications/IBM/SPSS/Statistics/25/SPSSStatistics.app/Contents/bin/RapidSpellMDict.jar:/Applications/IBM/SPSS/Stat
Launcher Type: generic

Environment Variables:
PATH=/Applications/IBM/SPSS/Statistics/25/SPSSStatistics.app/Contents/bin:/usr/bin:/bin:/usr/sbin:/sbin
SHELL=/bin/bash
DISPLAY=/private/tmp/com.apple.launchd.8OSSK3mkL0/org.macosforge.xquartz:0
DYLD_LIBRARY_PATH=/Applications/IBM/SPSS/Statistics/25/SPSSStatistics.app/Contents/lib:/Applications/IBM/SPSS/Statistics/25/SPSSStatistics.app/Contents/common/ext/bin/spss.common:/Applications/IBM/SPSS/Statistics/25/SPSSStatistics.app/Contents/ext/bin/spss.common:/Applications/IBM/SPSS/Statistics/25/SPSSStatistics.app/Contents/lib:/Applications/IBM/SPSS/Statistics/25/SPSSStatistics.app/Contents/Library/Frameworks/Sentinel.framework:/Applications/IBM/SPSS/Statistics/25/SPSSStatistics.app/Contents/Library/Frameworks/SuperPro.framework:/Applications/IBM/SPSS/Statistics/25/SPSSStatistics.app/Contents/JRE/lib/jli

Signal Handlers:
SIGSEGV: [libjvm.dylib+0x5b1141], sa_mask[0]=11111111011111110111111111111111, sa_flags=SA_ONSTACK|SA_RESTART|SA_SIGINFO
SIGBUS: [libjvm.dylib+0x5b1141], sa_mask[0]=11111111011111110111111111111111, sa_flags=SA_RESTART|SA_SIGINFO
SIGFPE: [libjvm.dylib+0x487bc4], sa_mask[0]=11111111011111110111111111111111, sa_flags=SA_RESTART|SA_SIGINFO
SIGPIPE: [libjvm.dylib+0x487bc4], sa_mask[0]=11111111011111110111111111111111, sa_flags=SA_RESTART|SA_SIGINFO
SIGXFSZ: [libjvm.dylib+0x487bc4], sa_mask[0]=11111111011111110111111111111111, sa_flags=SA_RESTART|SA_SIGINFO
SIGILL: [libjvm.dylib+0x487bc4], sa_mask[0]=11111111011111110111111111111111, sa_flags=SA_RESTART|SA_SIGINFO
SIGUSR1: SIG_DFL, sa_mask[0]=00000000000000000000000000000000, sa_flags=none
SIGUSR2: [libjvm.dylib+0x4876e2], sa_mask[0]=00100000000000000000000000000000, sa_flags=SA_RESTART|SA_SIGINFO
SIGHUP: [libjvm.dylib+0x485cb9], sa_mask[0]=11111111011111110111111111111111, sa_flags=SA_RESTART|SA_SIGINFO
SIGINT: [libjvm.dylib+0x485cb9], sa_mask[0]=11111111011111110111111111111111, sa_flags=SA_RESTART|SA_SIGINFO
SIGTERM: [libjvm.dylib+0x485cb9], sa_mask[0]=11111111011111110111111111111111, sa_flags=SA_RESTART|SA_SIGINFO
SIGQUIT: [libjvm.dylib+0x485cb9], sa_mask[0]=11111111011111110111111111111111, sa_flags=SA_RESTART|SA_SIGINFO


---------------  S Y S T E M  ---------------

OS:Bsduname:Darwin 17.3.0 Darwin Kernel Version 17.3.0: Thu Nov  9 18:09:22 PST 2017; root:xnu-4570.31.3~1/RELEASE_X86_64 x86_64
rlimit: STACK 8192k, CORE 0k, NPROC 1418, NOFILE 10240, AS infinity
load average:2.37 2.44 2.18

CPU:total 8 (4 cores per cpu, 2 threads per core) family 6 model 70 stepping 1, cmov, cx8, fxsr, mmx, sse, sse2, sse3, ssse3, sse4.1, sse4.2, popcnt, avx, avx2, aes, clmul, erms, lzcnt, ht, tsc, tscinvbit, bmi1, bmi2

Memory: 4k page, physical 16777216k(2292544k free)

/proc/meminfo:


vm_info: Java HotSpot(TM) 64-Bit Server VM (25.121-b13) for bsd-amd64 JRE (1.8.0_121-b13), built on Dec 12 2016 20:39:32 by "java_re" with gcc 4.2.1 (Based on Apple Inc. build 5658) (LLVM build 2336.11.00)

time: Sun Jun 10 07:34:06 2018
elapsed time: 168 seconds (0d 0h 2m 48s)

