#
# A fatal error has been detected by the Java Runtime Environment:
#
#  SIGSEGV (0xb) at pc=0x00007fff5116ff49, pid=1246, tid=0x0000000000000307
#
# JRE version: Java(TM) 2 Runtime Environment, Standard Edition (8.0_121-b13) (build 1.8.0_121-b13 14_Feb_2017_06_58 Mac OS X x64(SR4 FP1))
# Java VM: Java HotSpot(TM) 64-Bit Server VM (25.121-b13 mixed mode bsd-amd64 compressed oops)
# Problematic frame:
# C  [libsystem_platform.dylib+0x4f49]  _platform_memmove$VARIANT$Haswell+0x29
#
# Failed to write core dump. Core dumps have been disabled. To enable core dumping, try "ulimit -c unlimited" before starting Java again
#
# If you would like to submit a bug report, please visit:
#   http://bugreport.java.com/bugreport/crash.jsp
#

---------------  T H R E A D  ---------------

Current thread is native thread

siginfo: si_signo: 11 (SIGSEGV), si_code: 1 (SEGV_MAPERR), si_addr: 0x00007f93f6a00000

Registers:
RAX=0x0000000165e5b000, RBX=0x00007ffee04f3468, RCX=0x00000000679492e5, RDX=0x000000006f462f79
RSP=0x00007ffee04f0ab0, RBP=0x00007ffee04f0ab0, RSI=0x00007f93f6a00000, RDI=0x000000016d974c94
R8 =0x0000000003000001, R9 =0x0000000000000003, R10=0x0000000000000000, R11=0xffff806d76f74c94
R12=0x00007f93eeee636c, R13=0x0000000000000008, R14=0x000000006f462f79, R15=0x0000000165e5b000
RIP=0x00007fff5116ff49, EFLAGS=0x0000000000010202, ERR=0x0000000000000004
  TRAPNO=0x000000000000000e

Top of Stack: (sp=0x00007ffee04f0ab0)
0x00007ffee04f0ab0:   00007ffee04f0b60 000000010f71e2d8
0x00007ffee04f0ac0:   00007ffee04f0b10 000000010f71c516
0x00007ffee04f0ad0:   00007ffee04f0c3c 7261726200020000
0x00007ffee04f0ae0:   00007f93eeee6368 00000000eeee60e4
0x00007ffee04f0af0:   00007ffee04f3480 00007ffee04f0b30
0x00007ffee04f0b00:   000000000000004f 00007ffee04f3438
0x00007ffee04f0b10:   00007ffee04f0b60 000000010f71c3a1
0x00007ffee04f0b20:   0000000000000002 00007ffee04f0c40
0x00007ffee04f0b30:   694c2f1c00000001 0000000000000004
0x00007ffee04f0b40:   00007ffee04f33e0 0000000000000000
0x00007ffee04f0b50:   0000000000080294 00007f93eee660d0
0x00007ffee04f0b60:   00007ffee04f0c70 000000010fa185e2
0x00007ffee04f0b70:   fd00000070001004 000000010fa0ffff
0x00007ffee04f0b80:   00007ffee04f0c10 00007fff510aa758
0x00007ffee04f0b90:   000000010fa04000 0000000000000001
0x00007ffee04f0ba0:   0000000000002800 00000001154d1a00
0x00007ffee04f0bb0:   0000000000000004 0000000000000010
0x00007ffee04f0bc0:   0000000000000001 000000010fa05080
0x00007ffee04f0bd0:   000000010fa05080 00000001154d4200
0x00007ffee04f0be0:   000000010fa04000 0000000000000001
0x00007ffee04f0bf0:   00000000154d2400 0000000000000000
0x00007ffee04f0c00:   00007ffee04f0cb0 0000000000000000
0x00007ffee04f0c10:   00007fff89fdc000 0000000000000000
0x00007ffee04f0c20:   00007ffee04f0c50 00007fff51093201
0x00007ffee04f0c30:   0000000000000000 0000000000000000
0x00007ffee04f0c40:   0000000400080284 00007ffee04f33e0
0x00007ffee04f0c50:   00007ffee04f0cb0 0000000000000000
0x00007ffee04f0c60:   00007f93eee660d0 0000000000000000
0x00007ffee04f0c70:   00007ffee04f2ce0 000000010fa119e9
0x00007ffee04f0c80:   0000000000000000 00007ffee04f33e0
0x00007ffee04f0c90:   00007f93eec22b40 00007f93eee660d0
0x00007ffee04f0ca0:   0000000000000000 0000000000000000 

Instructions: (pc=0x00007fff5116ff49)
0x00007fff5116ff29:   f3 48 89 f8 49 39 d3 72 1b 48 83 fa 60 76 2f 48
0x00007fff5116ff39:   81 fa 00 40 00 00 0f 82 cb 00 00 00 48 89 d1 fc
0x00007fff5116ff49:   f3 a4 5d c3 48 39 fe 74 f9 48 01 d6 48 01 d7 48
0x00007fff5116ff59:   83 fa 60 0f 82 8c 01 00 00 e9 a9 01 00 00 48 83 

Register to memory mapping:

RAX=0x0000000165e5b000 is an unknown value
RBX=0x00007ffee04f3468 is an unknown value
RCX=0x00000000679492e5 is an unknown value
RDX=0x000000006f462f79 is an unknown value
RSP=0x00007ffee04f0ab0 is an unknown value
RBP=0x00007ffee04f0ab0 is an unknown value
RSI=0x00007f93f6a00000 is an unknown value
RDI=0x000000016d974c94 is an unknown value
R8 =0x0000000003000001 is an unknown value
R9 =0x0000000000000003 is an unknown value
R10=0x0000000000000000 is an unknown value
R11=0xffff806d76f74c94 is an unknown value
R12=0x00007f93eeee636c is an unknown value
R13=0x0000000000000008 is an unknown value
R14=0x000000006f462f79 is an unknown value
R15=0x0000000165e5b000 is an unknown value


Stack: [0x00007ffedfcf4000,0x00007ffee04f4000],  sp=0x00007ffee04f0ab0,  free space=8178k
Native frames: (J=compiled Java code, j=interpreted, Vv=VM code, C=native code)
C  [libsystem_platform.dylib+0x4f49]  _platform_memmove$VARIANT$Haswell+0x29
C  [StartXD+0x122d8]  _ZN10StringData9ParseDataEPvRi+0xe2
C  [libspssdxcom.dylib+0x125e2]  _ZN8CleXDSmb8ParseBufEPv+0x90
C  [libspssdxcom.dylib+0xb9e9]  _Z11ReceiveDataP16JavaPlugInSocketR8CleXDSmb+0xfa
C  [StartXD+0x25fe]  main+0xa6b
C  [libdyld.dylib+0x1115]  start+0x1


---------------  P R O C E S S  ---------------

VM state:not at safepoint (normal execution)

VM Mutex/Monitor currently owned by a thread: None

Heap:
 PSYoungGen      total 254464K, used 4989K [0x0000000795580000, 0x00000007b0900000, 0x00000007c0000000)
  eden space 252928K, 1% used [0x0000000795580000,0x0000000795a5f708,0x00000007a4c80000)
  from space 1536K, 0% used [0x00000007afb80000,0x00000007afb80000,0x00000007afd00000)
  to   space 7680K, 0% used [0x00000007b0180000,0x00000007b0180000,0x00000007b0900000)
 ParOldGen       total 175104K, used 11782K [0x0000000740000000, 0x000000074ab00000, 0x0000000795580000)
  object space 175104K, 6% used [0x0000000740000000,0x0000000740b818c8,0x000000074ab00000)
 Metaspace       used 20301K, capacity 20656K, committed 20736K, reserved 1067008K
  class space    used 2385K, capacity 2489K, committed 2560K, reserved 1048576K

Card table byte_map: [0x000000012ce68000,0x000000012d269000] byte_map_base: 0x0000000129468000

Marking Bits: (ParMarkBitMap*) 0x000000011d3aad30
 Begin Bits: [0x000000012d514000, 0x000000012f514000)
 End Bits:   [0x000000012f514000, 0x0000000131514000)

Polling page: 0x000000010fbcc000

CodeCache: size=245760Kb used=13478Kb max_used=14649Kb free=232281Kb
 bounds [0x000000011daa8000, 0x000000011e908000, 0x000000012caa8000]
 total_blobs=4077 nmethods=3567 adapters=423
 compilation: enabled

Compilation events (10 events):
Event: 39.496 Thread 0x00007f93ef0ea000 4265       4       org.apache.xml.serialize.XMLSerializer::printText (214 bytes)
Event: 39.497 Thread 0x00007f93ef0eb800 4266       1       org.exolab.castor.xml.descriptors.StringClassDescriptor::getAttributeDescriptors (4 bytes)
Event: 39.497 Thread 0x00007f93ef0eb800 nmethod 4266 0x000000011dd5e010 code [0x000000011dd5e160, 0x000000011dd5e270]
Event: 39.499 Thread 0x00007f93ef0eb800 4267       3       java.util.zip.ZipOutputStream::ensureOpen (18 bytes)
Event: 39.499 Thread 0x00007f93ef0eb800 nmethod 4267 0x000000011ddc3150 code [0x000000011ddc32c0, 0x000000011ddc3508]
Event: 39.499 Thread 0x00007f93ef0eb800 4268       3       java.util.zip.DeflaterOutputStream::deflate (36 bytes)
Event: 39.500 Thread 0x00007f93ef0eb800 nmethod 4268 0x000000011e6b0f10 code [0x000000011e6b10a0, 0x000000011e6b13f8]
Event: 39.500 Thread 0x00007f93ef0eb800 4269       3       java.util.zip.Deflater::deflate (9 bytes)
Event: 39.500 Thread 0x00007f93ef0eb800 nmethod 4269 0x000000011e462190 code [0x000000011e462300, 0x000000011e462488]
Event: 39.500 Thread 0x00007f93ef0ea000 nmethod 4265 0x000000011e049b50 code [0x000000011e049d00, 0x000000011e04a228]

GC Heap History (10 events):
Event: 38.662 GC heap before
{Heap before GC invocations=35 (full 3):
 PSYoungGen      total 287744K, used 287424K [0x0000000795580000, 0x00000007b1880000, 0x00000007c0000000)
  eden space 285184K, 100% used [0x0000000795580000,0x00000007a6c00000,0x00000007a6c00000)
  from space 2560K, 87% used [0x00000007b0880000,0x00000007b0ab0000,0x00000007b0b00000)
  to   space 8704K, 0% used [0x00000007b1000000,0x00000007b1000000,0x00000007b1880000)
 ParOldGen       total 175104K, used 16637K [0x0000000740000000, 0x000000074ab00000, 0x0000000795580000)
  object space 175104K, 9% used [0x0000000740000000,0x000000074103f428,0x000000074ab00000)
 Metaspace       used 20240K, capacity 20520K, committed 20736K, reserved 1067008K
  class space    used 2378K, capacity 2477K, committed 2560K, reserved 1048576K
Event: 38.665 GC heap after
Heap after GC invocations=35 (full 3):
 PSYoungGen      total 276480K, used 2208K [0x0000000795580000, 0x00000007b1280000, 0x00000007c0000000)
  eden space 273920K, 0% used [0x0000000795580000,0x0000000795580000,0x00000007a6100000)
  from space 2560K, 86% used [0x00000007b1000000,0x00000007b1228000,0x00000007b1280000)
  to   space 8192K, 0% used [0x00000007b0280000,0x00000007b0280000,0x00000007b0a80000)
 ParOldGen       total 175104K, used 16685K [0x0000000740000000, 0x000000074ab00000, 0x0000000795580000)
  object space 175104K, 9% used [0x0000000740000000,0x000000074104b428,0x000000074ab00000)
 Metaspace       used 20240K, capacity 20520K, committed 20736K, reserved 1067008K
  class space    used 2378K, capacity 2477K, committed 2560K, reserved 1048576K
}
Event: 38.968 GC heap before
{Heap before GC invocations=36 (full 3):
 PSYoungGen      total 276480K, used 276128K [0x0000000795580000, 0x00000007b1280000, 0x00000007c0000000)
  eden space 273920K, 100% used [0x0000000795580000,0x00000007a6100000,0x00000007a6100000)
  from space 2560K, 86% used [0x00000007b1000000,0x00000007b1228000,0x00000007b1280000)
  to   space 8192K, 0% used [0x00000007b0280000,0x00000007b0280000,0x00000007b0a80000)
 ParOldGen       total 175104K, used 16685K [0x0000000740000000, 0x000000074ab00000, 0x0000000795580000)
  object space 175104K, 9% used [0x0000000740000000,0x000000074104b428,0x000000074ab00000)
 Metaspace       used 20240K, capacity 20520K, committed 20736K, reserved 1067008K
  class space    used 2378K, capacity 2477K, committed 2560K, reserved 1048576K
Event: 38.970 GC heap after
Heap after GC invocations=36 (full 3):
 PSYoungGen      total 265728K, used 2176K [0x0000000795580000, 0x00000007b1080000, 0x00000007c0000000)
  eden space 263168K, 0% used [0x0000000795580000,0x0000000795580000,0x00000007a5680000)
  from space 2560K, 85% used [0x00000007b0280000,0x00000007b04a0000,0x00000007b0500000)
  to   space 8192K, 0% used [0x00000007b0880000,0x00000007b0880000,0x00000007b1080000)
 ParOldGen       total 175104K, used 16765K [0x0000000740000000, 0x000000074ab00000, 0x0000000795580000)
  object space 175104K, 9% used [0x0000000740000000,0x000000074105f428,0x000000074ab00000)
 Metaspace       used 20240K, capacity 20520K, committed 20736K, reserved 1067008K
  class space    used 2378K, capacity 2477K, committed 2560K, reserved 1048576K
}
Event: 39.274 GC heap before
{Heap before GC invocations=37 (full 3):
 PSYoungGen      total 265728K, used 265344K [0x0000000795580000, 0x00000007b1080000, 0x00000007c0000000)
  eden space 263168K, 100% used [0x0000000795580000,0x00000007a5680000,0x00000007a5680000)
  from space 2560K, 85% used [0x00000007b0280000,0x00000007b04a0000,0x00000007b0500000)
  to   space 8192K, 0% used [0x00000007b0880000,0x00000007b0880000,0x00000007b1080000)
 ParOldGen       total 175104K, used 16765K [0x0000000740000000, 0x000000074ab00000, 0x0000000795580000)
  object space 175104K, 9% used [0x0000000740000000,0x000000074105f428,0x000000074ab00000)
 Metaspace       used 20241K, capacity 20584K, committed 20736K, reserved 1067008K
  class space    used 2378K, capacity 2477K, committed 2560K, reserved 1048576K
Event: 39.276 GC heap after
Heap after GC invocations=37 (full 3):
 PSYoungGen      total 254976K, used 1984K [0x0000000795580000, 0x00000007b0a80000, 0x00000007c0000000)
  eden space 252928K, 0% used [0x0000000795580000,0x0000000795580000,0x00000007a4c80000)
  from space 2048K, 96% used [0x00000007b0880000,0x00000007b0a70000,0x00000007b0a80000)
  to   space 7680K, 0% used [0x00000007afb80000,0x00000007afb80000,0x00000007b0300000)
 ParOldGen       total 175104K, used 16805K [0x0000000740000000, 0x000000074ab00000, 0x0000000795580000)
  object space 175104K, 9% used [0x0000000740000000,0x0000000741069428,0x000000074ab00000)
 Metaspace       used 20241K, capacity 20584K, committed 20736K, reserved 1067008K
  class space    used 2378K, capacity 2477K, committed 2560K, reserved 1048576K
}
Event: 39.508 GC heap before
{Heap before GC invocations=38 (full 3):
 PSYoungGen      total 254976K, used 192913K [0x0000000795580000, 0x00000007b0a80000, 0x00000007c0000000)
  eden space 252928K, 75% used [0x0000000795580000,0x00000007a0ff44a0,0x00000007a4c80000)
  from space 2048K, 96% used [0x00000007b0880000,0x00000007b0a70000,0x00000007b0a80000)
  to   space 7680K, 0% used [0x00000007afb80000,0x00000007afb80000,0x00000007b0300000)
 ParOldGen       total 175104K, used 16805K [0x0000000740000000, 0x000000074ab00000, 0x0000000795580000)
  object space 175104K, 9% used [0x0000000740000000,0x0000000741069428,0x000000074ab00000)
 Metaspace       used 20301K, capacity 20656K, committed 20736K, reserved 1067008K
  class space    used 2385K, capacity 2489K, committed 2560K, reserved 1048576K
Event: 39.510 GC heap after
Heap after GC invocations=38 (full 3):
 PSYoungGen      total 254464K, used 1280K [0x0000000795580000, 0x00000007b0900000, 0x00000007c0000000)
  eden space 252928K, 0% used [0x0000000795580000,0x0000000795580000,0x00000007a4c80000)
  from space 1536K, 83% used [0x00000007afb80000,0x00000007afcc0000,0x00000007afd00000)
  to   space 7680K, 0% used [0x00000007b0180000,0x00000007b0180000,0x00000007b0900000)
 ParOldGen       total 175104K, used 16869K [0x0000000740000000, 0x000000074ab00000, 0x0000000795580000)
  object space 175104K, 9% used [0x0000000740000000,0x0000000741079428,0x000000074ab00000)
 Metaspace       used 20301K, capacity 20656K, committed 20736K, reserved 1067008K
  class space    used 2385K, capacity 2489K, committed 2560K, reserved 1048576K
}
Event: 39.510 GC heap before
{Heap before GC invocations=39 (full 4):
 PSYoungGen      total 254464K, used 1280K [0x0000000795580000, 0x00000007b0900000, 0x00000007c0000000)
  eden space 252928K, 0% used [0x0000000795580000,0x0000000795580000,0x00000007a4c80000)
  from space 1536K, 83% used [0x00000007afb80000,0x00000007afcc0000,0x00000007afd00000)
  to   space 7680K, 0% used [0x00000007b0180000,0x00000007b0180000,0x00000007b0900000)
 ParOldGen       total 175104K, used 16869K [0x0000000740000000, 0x000000074ab00000, 0x0000000795580000)
  object space 175104K, 9% used [0x0000000740000000,0x0000000741079428,0x000000074ab00000)
 Metaspace       used 20301K, capacity 20656K, committed 20736K, reserved 1067008K
  class space    used 2385K, capacity 2489K, committed 2560K, reserved 1048576K
Event: 39.559 GC heap after
Heap after GC invocations=39 (full 4):
 PSYoungGen      total 254464K, used 0K [0x0000000795580000, 0x00000007b0900000, 0x00000007c0000000)
  eden space 252928K, 0% used [0x0000000795580000,0x0000000795580000,0x00000007a4c80000)
  from space 1536K, 0% used [0x00000007afb80000,0x00000007afb80000,0x00000007afd00000)
  to   space 7680K, 0% used [0x00000007b0180000,0x00000007b0180000,0x00000007b0900000)
 ParOldGen       total 175104K, used 11782K [0x0000000740000000, 0x000000074ab00000, 0x0000000795580000)
  object space 175104K, 6% used [0x0000000740000000,0x0000000740b818c8,0x000000074ab00000)
 Metaspace       used 20301K, capacity 20656K, committed 20736K, reserved 1067008K
  class space    used 2385K, capacity 2489K, committed 2560K, reserved 1048576K
}

Deoptimization events (10 events):
Event: 17.339 Thread 0x00007f93ef057000 Uncommon trap: reason=array_check action=maybe_recompile pc=0x000000011df9d144 method=java.util.AbstractCollection.toArray([Ljava/lang/Object;)[Ljava/lang/Object; @ 119
Event: 17.339 Thread 0x00007f93ef057000 Uncommon trap: reason=array_check action=maybe_recompile pc=0x000000011df9d144 method=java.util.AbstractCollection.toArray([Ljava/lang/Object;)[Ljava/lang/Object; @ 119
Event: 17.339 Thread 0x00007f93ef057000 Uncommon trap: reason=array_check action=maybe_recompile pc=0x000000011df9d144 method=java.util.AbstractCollection.toArray([Ljava/lang/Object;)[Ljava/lang/Object; @ 119
Event: 17.340 Thread 0x00007f93ef057000 Uncommon trap: reason=array_check action=maybe_recompile pc=0x000000011df9d144 method=java.util.AbstractCollection.toArray([Ljava/lang/Object;)[Ljava/lang/Object; @ 119
Event: 24.869 Thread 0x00007f93ef057000 Uncommon trap: reason=unstable_if action=reinterpret pc=0x000000011e0ad690 method=java.lang.Character.isHighSurrogate(C)Z @ 3
Event: 24.869 Thread 0x00007f93ef057000 Uncommon trap: reason=unstable_if action=reinterpret pc=0x000000011e0b3034 method=java.nio.charset.CharsetDecoder.decode(Ljava/nio/ByteBuffer;Ljava/nio/CharBuffer;Z)Ljava/nio/charset/CoderResult; @ 105
Event: 25.205 Thread 0x00007f93ef057000 Uncommon trap: reason=unstable_if action=reinterpret pc=0x000000011dcacf4c method=java.lang.String.indexOf([CII[CIII)I @ 19
Event: 25.205 Thread 0x00007f93ef057000 Uncommon trap: reason=unstable_if action=reinterpret pc=0x000000011dbe0754 method=java.lang.String.indexOf([CII[CIII)I @ 134
Event: 25.266 Thread 0x00007f93ef057000 Uncommon trap: reason=unstable_if action=reinterpret pc=0x000000011e52425c method=java.io.BufferedWriter.write(I)V @ 19
Event: 37.042 Thread 0x00007f93ef057000 Uncommon trap: reason=unstable_if action=reinterpret pc=0x000000011de90284 method=sun.misc.FloatingDecimal$BinaryToASCIIBuffer.dtoa(IJIZ)V @ 806

Internal exceptions (10 events):
Event: 5.270 Thread 0x00007f93ef057000 Exception <a 'java/io/FileNotFoundException'> (0x0000000797b4b430) thrown at [/Users/java_re/workspace/8-2-build-macosx-x86_64/jdk8u121/8372/hotspot/src/share/vm/prims/jni.cpp, line 709]
Event: 5.627 Thread 0x00007f93ef057000 Implicit null exception at 0x000000011dd473f5 to 0x000000011dd47649
Event: 5.627 Thread 0x00007f93ef057000 Implicit null exception at 0x000000011dec45fb to 0x000000011dec4ea1
Event: 5.628 Thread 0x00007f93ef057000 Implicit null exception at 0x000000011df2fc2f to 0x000000011df2fc99
Event: 8.123 Thread 0x00007f93ef057000 Implicit null exception at 0x000000011e42f2c1 to 0x000000011e42f3e5
Event: 9.946 Thread 0x00007f93ef057000 Implicit null exception at 0x000000011e6b37ba to 0x000000011e6b77b5
Event: 10.023 Thread 0x00007f93ef057000 Implicit null exception at 0x000000011e6995f0 to 0x000000011e69a145
Event: 14.419 Thread 0x00007f93ef057000 Exception <a 'java/io/FileNotFoundException'> (0x000000079c9e7be8) thrown at [/Users/java_re/workspace/8-2-build-macosx-x86_64/jdk8u121/8372/hotspot/src/share/vm/prims/jni.cpp, line 709]
Event: 22.206 Thread 0x00007f93ef057000 Exception <a 'java/io/FileNotFoundException'> (0x000000079fbd0a80) thrown at [/Users/java_re/workspace/8-2-build-macosx-x86_64/jdk8u121/8372/hotspot/src/share/vm/prims/jni.cpp, line 709]
Event: 36.894 Thread 0x00007f93ef057000 Exception <a 'java/io/FileNotFoundException'> (0x000000079e4f1bd0) thrown at [/Users/java_re/workspace/8-2-build-macosx-x86_64/jdk8u121/8372/hotspot/src/share/vm/prims/jni.cpp, line 709]

Events (10 events):
Event: 39.506 loading class org/openxmlformats/schemas/spreadsheetml/_2006/main/SheetDescriptor
Event: 39.506 loading class org/openxmlformats/schemas/spreadsheetml/_2006/main/SheetDescriptor done
Event: 39.507 loading class org/openxmlformats/schemas/spreadsheetml/_2006/main/CalcPrDescriptor
Event: 39.507 loading class org/openxmlformats/schemas/spreadsheetml/_2006/main/CalcPrDescriptor done
Event: 39.508 Executing VM operation: ParallelGCSystemGC
Event: 39.559 Executing VM operation: ParallelGCSystemGC done
Event: 39.560 Executing VM operation: RevokeBias
Event: 39.560 Executing VM operation: RevokeBias done
Event: 39.560 Executing VM operation: BulkRevokeBias
Event: 39.560 Executing VM operation: BulkRevokeBias done


Dynamic libraries:
0x0000000001c54000 	/System/Library/Frameworks/CoreFoundation.framework/Versions/A/CoreFoundation
0x0000000001c54000 	/System/Library/Frameworks/IOKit.framework/Versions/A/IOKit
0x0000000001c54000 	/usr/lib/libstdc++.6.0.9.dylib
0x000000010f730000 	/Applications/IBM/SPSS/Statistics/25/SPSSStatistics.app/Contents/lib/libtempdir.dylib
0x000000010f755000 	/Applications/IBM/SPSS/Statistics/25/SPSSStatistics.app/Contents/lib/libspssxd.dylib
0x000000010fa06000 	/Applications/IBM/SPSS/Statistics/25/SPSSStatistics.app/Contents/lib/libspssdxcom.dylib
0x000000010fa4f000 	/Applications/IBM/SPSS/Statistics/25/SPSSStatistics.app/Contents/common/ext/bin/spss.common/libscorelib850r.dylib
0x000000010fb57000 	/Applications/IBM/SPSS/Statistics/25/SPSSStatistics.app/Contents/common/ext/bin/spss.common/libGeneralRegressionModel850r.dylib
0x000000010fbcd000 	/Applications/IBM/SPSS/Statistics/25/SPSSStatistics.app/Contents/common/ext/bin/spss.common/libdiscriminant-model850r.dylib
0x0000000001c54000 	/usr/lib/libSystem.B.dylib
0x0000000001c54000 	/usr/lib/libDiagnosticMessagesClient.dylib
0x0000000001c54000 	/usr/lib/libicucore.A.dylib
0x0000000001c54000 	/usr/lib/libobjc.A.dylib
0x0000000001c54000 	/usr/lib/libz.1.dylib
0x0000000001c54000 	/usr/lib/system/libcache.dylib
0x0000000001c54000 	/usr/lib/system/libcommonCrypto.dylib
0x0000000001c54000 	/usr/lib/system/libcompiler_rt.dylib
0x0000000001c54000 	/usr/lib/system/libcopyfile.dylib
0x0000000001c54000 	/usr/lib/system/libcorecrypto.dylib
0x0000000001c54000 	/usr/lib/system/libdispatch.dylib
0x0000000001c54000 	/usr/lib/system/libdyld.dylib
0x0000000001c54000 	/usr/lib/system/libkeymgr.dylib
0x0000000001c54000 	/usr/lib/system/liblaunch.dylib
0x0000000001c54000 	/usr/lib/system/libmacho.dylib
0x0000000001c54000 	/usr/lib/system/libquarantine.dylib
0x0000000001c54000 	/usr/lib/system/libremovefile.dylib
0x0000000001c54000 	/usr/lib/system/libsystem_asl.dylib
0x0000000001c54000 	/usr/lib/system/libsystem_blocks.dylib
0x0000000001c54000 	/usr/lib/system/libsystem_c.dylib
0x0000000001c54000 	/usr/lib/system/libsystem_configuration.dylib
0x0000000001c54000 	/usr/lib/system/libsystem_coreservices.dylib
0x0000000001c54000 	/usr/lib/system/libsystem_darwin.dylib
0x0000000001c54000 	/usr/lib/system/libsystem_dnssd.dylib
0x0000000001c54000 	/usr/lib/system/libsystem_info.dylib
0x0000000001c54000 	/usr/lib/system/libsystem_m.dylib
0x0000000001c54000 	/usr/lib/system/libsystem_malloc.dylib
0x0000000001c54000 	/usr/lib/system/libsystem_network.dylib
0x0000000001c54000 	/usr/lib/system/libsystem_networkextension.dylib
0x0000000001c54000 	/usr/lib/system/libsystem_notify.dylib
0x0000000001c54000 	/usr/lib/system/libsystem_sandbox.dylib
0x0000000001c54000 	/usr/lib/system/libsystem_secinit.dylib
0x0000000001c54000 	/usr/lib/system/libsystem_kernel.dylib
0x0000000001c54000 	/usr/lib/system/libsystem_platform.dylib
0x0000000001c54000 	/usr/lib/system/libsystem_pthread.dylib
0x0000000001c54000 	/usr/lib/system/libsystem_symptoms.dylib
0x0000000001c54000 	/usr/lib/system/libsystem_trace.dylib
0x0000000001c54000 	/usr/lib/system/libunwind.dylib
0x0000000001c54000 	/usr/lib/system/libxpc.dylib
0x0000000001c54000 	/usr/lib/closure/libclosured.dylib
0x0000000001c54000 	/usr/lib/libc++abi.dylib
0x0000000001c54000 	/usr/lib/libc++.1.dylib
0x0000000001c54000 	/usr/lib/libenergytrace.dylib
0x0000000001c54000 	/usr/lib/libbsm.0.dylib
0x0000000001c54000 	/usr/lib/system/libkxld.dylib
0x000000010fbf0000 	/Applications/IBM/SPSS/Statistics/25/SPSSStatistics.app/Contents/lib/libifcoremt.dylib
0x000000010fd69000 	/Applications/IBM/SPSS/Statistics/25/SPSSStatistics.app/Contents/lib/libimf.dylib
0x0000000110087000 	/Applications/IBM/SPSS/Statistics/25/SPSSStatistics.app/Contents/lib/libsvml.dylib
0x0000000110b84000 	/Applications/IBM/SPSS/Statistics/25/SPSSStatistics.app/Contents/lib/libintlc.dylib
0x0000000110bd5000 	/Applications/IBM/SPSS/Statistics/25/SPSSStatistics.app/Contents/lib/libplatdep.dylib
0x0000000110c1f000 	/Applications/IBM/SPSS/Statistics/25/SPSSStatistics.app/Contents/lib/libgsk8iccs.dylib
0x0000000110c97000 	/Applications/IBM/SPSS/Statistics/25/SPSSStatistics.app/Contents/lib/libsockbsd.dylib
0x0000000110ca7000 	/Applications/IBM/SPSS/Statistics/25/SPSSStatistics.app/Contents/lib/libsfthread.dylib
0x0000000110cbc000 	/Applications/IBM/SPSS/Statistics/25/SPSSStatistics.app/Contents/lib/libvserial.dylib
0x0000000110cd9000 	/Applications/IBM/SPSS/Statistics/25/SPSSStatistics.app/Contents/lib/libvutility.dylib
0x0000000110ce5000 	/Applications/IBM/SPSS/Statistics/25/SPSSStatistics.app/Contents/lib/libicuuc.51.2.dylib
0x0000000110ec6000 	/Applications/IBM/SPSS/Statistics/25/SPSSStatistics.app/Contents/lib/libicui18n.51.2.dylib
0x0000000111199000 	/Applications/IBM/SPSS/Statistics/25/SPSSStatistics.app/Contents/lib/libxerces-c-3.1.dylib
0x0000000111574000 	/Applications/IBM/SPSS/Statistics/25/SPSSStatistics.app/Contents/lib/libicudata.51.2.dylib
0x0000000112ac6000 	/Applications/IBM/SPSS/Statistics/25/SPSSStatistics.app/Contents/lib/libspsswlib.dylib
0x0000000114e90000 	/Applications/IBM/SPSS/Statistics/25/SPSSStatistics.app/Contents/lib/libcpuinfo.dylib
0x0000000114e97000 	/Applications/IBM/SPSS/Statistics/25/SPSSStatistics.app/Contents/lib/libomcell.dylib
0x0000000114ebc000 	/Applications/IBM/SPSS/Statistics/25/SPSSStatistics.app/Contents/lib/libomfactry.dylib
0x0000000114f65000 	/Applications/IBM/SPSS/Statistics/25/SPSSStatistics.app/Contents/lib/libomtree.dylib
0x0000000114fa7000 	/Applications/IBM/SPSS/Statistics/25/SPSSStatistics.app/Contents/lib/libomxxml.dylib
0x0000000114fe7000 	/Applications/IBM/SPSS/Statistics/25/SPSSStatistics.app/Contents/lib/libomxsav.dylib
0x0000000114fff000 	/Applications/IBM/SPSS/Statistics/25/SPSSStatistics.app/Contents/lib/libomxhtml.dylib
0x000000011502b000 	/Applications/IBM/SPSS/Statistics/25/SPSSStatistics.app/Contents/lib/libomxtext.dylib
0x0000000115055000 	/Applications/IBM/SPSS/Statistics/25/SPSSStatistics.app/Contents/lib/libomxspv.dylib
0x0000000115064000 	/Applications/IBM/SPSS/Statistics/25/SPSSStatistics.app/Contents/lib/libspssjni.dylib
0x0000000115071000 	/Applications/IBM/SPSS/Statistics/25/SPSSStatistics.app/Contents/lib/libspssjvm.dylib
0x0000000115085000 	/Applications/IBM/SPSS/Statistics/25/SPSSStatistics.app/Contents/lib/libvizedit.dylib
0x00000001150a7000 	/Applications/IBM/SPSS/Statistics/25/SPSSStatistics.app/Contents/lib/libtransspc.dylib
0x00000001150d4000 	/Applications/IBM/SPSS/Statistics/25/SPSSStatistics.app/Contents/lib/libdedstore.dylib
0x00000001150f6000 	/Applications/IBM/SPSS/Statistics/25/SPSSStatistics.app/Contents/lib/libsvrdmgr.dylib
0x000000011511d000 	/Applications/IBM/SPSS/Statistics/25/SPSSStatistics.app/Contents/lib/libdatasrc.dylib
0x00000001151c7000 	/Applications/IBM/SPSS/Statistics/25/SPSSStatistics.app/Contents/lib/libsvrerrs.dylib
0x00000001151d2000 	/Applications/IBM/SPSS/Statistics/25/SPSSStatistics.app/Contents/lib/libspssdemg.dylib
0x000000011521e000 	/Applications/IBM/SPSS/Statistics/25/SPSSStatistics.app/Contents/lib/libcpputil.dylib
0x000000011525b000 	/Applications/IBM/SPSS/Statistics/25/SPSSStatistics.app/Contents/lib/libstrtable.dylib
0x00000000dd588000 	/Applications/IBM/SPSS/Statistics/25/SPSSStatistics.app/Contents/lib/libxalan-c.111.0.dylib
0x000000011526b000 	/Applications/IBM/SPSS/Statistics/25/SPSSStatistics.app/Contents/lib/libchartutl.dylib
0x000000010f74f000 	/Applications/IBM/SPSS/Statistics/25/SPSSStatistics.app/Contents/lib/libspssmsgs.dylib
0x0000000115bd2000 	/Applications/IBM/SPSS/Statistics/25/SPSSStatistics.app/Contents/lib/libvizchart.dylib
0x0000000115376000 	/Applications/IBM/SPSS/Statistics/25/SPSSStatistics.app/Contents/lib/libzlib1211spss.dylib
0x00000001153a8000 	/Applications/IBM/SPSS/Statistics/25/SPSSStatistics.app/Contents/lib/libindutil.dylib
0x00000000d53b4000 	/Applications/IBM/SPSS/Statistics/25/SPSSStatistics.app/Contents/lib/libxalanMsg.111.0.dylib
0x00000001153c1000 	/Applications/IBM/SPSS/Statistics/25/SPSSStatistics.app/Contents/lib/libspssiocv.dylib
0x000000010f9ff000 	/Applications/IBM/SPSS/Statistics/25/SPSSStatistics.app/Contents/lib/libreadonly.dylib
0x000000010fa49000 	/Applications/IBM/SPSS/Statistics/25/SPSSStatistics.app/Contents/lib/libtmsutil.dylib
0x00000001153f6000 	/Applications/IBM/SPSS/Statistics/25/SPSSStatistics.app/Contents/lib/libcvtrans.dylib
0x0000000075437000 	/Applications/IBM/SPSS/Statistics/25/SPSSStatistics.app/Contents/Library/Frameworks/Sentinel.framework/Versions/A/Sentinel
0x000000011544f000 	/Applications/IBM/SPSS/Statistics/25/SPSSStatistics.app/Contents/Library/Frameworks/SuperPro.framework/Versions/A/SuperPro
0x000000010fb50000 	/Applications/IBM/SPSS/Statistics/25/SPSSStatistics.app/Contents/lib/libcmddata.dylib
0x0000000115465000 	/Applications/IBM/SPSS/Statistics/25/SPSSStatistics.app/Contents/lib/libmcbstsps.dylib
0x0000000001c54000 	/usr/lib/libiconv.2.dylib
0x0000000001c54000 	/System/Library/Frameworks/CoreServices.framework/Versions/A/CoreServices
0x0000000001c54000 	/System/Library/Frameworks/CFNetwork.framework/Versions/A/CFNetwork
0x0000000001c54000 	/System/Library/Frameworks/CoreServices.framework/Versions/A/Frameworks/FSEvents.framework/Versions/A/FSEvents
0x0000000001c54000 	/System/Library/Frameworks/CoreServices.framework/Versions/A/Frameworks/CarbonCore.framework/Versions/A/CarbonCore
0x0000000001c54000 	/System/Library/Frameworks/CoreServices.framework/Versions/A/Frameworks/Metadata.framework/Versions/A/Metadata
0x0000000001c54000 	/System/Library/Frameworks/CoreServices.framework/Versions/A/Frameworks/OSServices.framework/Versions/A/OSServices
0x0000000001c54000 	/System/Library/Frameworks/CoreServices.framework/Versions/A/Frameworks/SearchKit.framework/Versions/A/SearchKit
0x0000000001c54000 	/System/Library/Frameworks/CoreServices.framework/Versions/A/Frameworks/AE.framework/Versions/A/AE
0x0000000001c54000 	/System/Library/Frameworks/CoreServices.framework/Versions/A/Frameworks/LaunchServices.framework/Versions/A/LaunchServices
0x0000000001c54000 	/System/Library/Frameworks/CoreServices.framework/Versions/A/Frameworks/DictionaryServices.framework/Versions/A/DictionaryServices
0x0000000001c54000 	/System/Library/Frameworks/CoreServices.framework/Versions/A/Frameworks/SharedFileList.framework/Versions/A/SharedFileList
0x0000000001c54000 	/usr/lib/libauto.dylib
0x0000000001c54000 	/System/Library/Frameworks/SystemConfiguration.framework/Versions/A/SystemConfiguration
0x0000000001c54000 	/System/Library/Frameworks/Security.framework/Versions/A/Security
0x0000000001c54000 	/usr/lib/libsqlite3.dylib
0x0000000001c54000 	/usr/lib/libxml2.2.dylib
0x0000000001c54000 	/usr/lib/libnetwork.dylib
0x0000000001c54000 	/usr/lib/libapple_nghttp2.dylib
0x0000000001c54000 	/usr/lib/libpcap.A.dylib
0x0000000001c54000 	/usr/lib/libboringssl.dylib
0x0000000001c54000 	/usr/lib/libusrtcp.dylib
0x0000000001c54000 	/usr/lib/libcoretls.dylib
0x0000000001c54000 	/usr/lib/libcoretls_cfhelpers.dylib
0x0000000001c54000 	/usr/lib/libapple_crypto.dylib
0x0000000001c54000 	/System/Library/Frameworks/Foundation.framework/Versions/C/Foundation
0x0000000001c54000 	/usr/lib/libOpenScriptingUtil.dylib
0x0000000001c54000 	/usr/lib/libpam.2.dylib
0x0000000001c54000 	/usr/lib/libxar.1.dylib
0x0000000001c54000 	/System/Library/Frameworks/DiskArbitration.framework/Versions/A/DiskArbitration
0x0000000001c54000 	/usr/lib/libarchive.2.dylib
0x0000000001c54000 	/usr/lib/liblangid.dylib
0x0000000001c54000 	/usr/lib/libCRFSuite.dylib
0x0000000001c54000 	/usr/lib/libbz2.1.0.dylib
0x0000000001c54000 	/usr/lib/liblzma.5.dylib
0x0000000001c54000 	/System/Library/Frameworks/NetFS.framework/Versions/A/NetFS
0x0000000001c54000 	/System/Library/PrivateFrameworks/NetAuth.framework/Versions/A/NetAuth
0x0000000001c54000 	/System/Library/PrivateFrameworks/login.framework/Versions/A/Frameworks/loginsupport.framework/Versions/A/loginsupport
0x0000000001c54000 	/System/Library/PrivateFrameworks/TCC.framework/Versions/A/TCC
0x0000000001c54000 	/usr/lib/libmecabra.dylib
0x0000000001c54000 	/System/Library/Frameworks/ApplicationServices.framework/Versions/A/ApplicationServices
0x0000000001c54000 	/System/Library/Frameworks/CoreGraphics.framework/Versions/A/CoreGraphics
0x0000000001c54000 	/System/Library/Frameworks/CoreText.framework/Versions/A/CoreText
0x0000000001c54000 	/System/Library/Frameworks/ImageIO.framework/Versions/A/ImageIO
0x0000000001c54000 	/System/Library/Frameworks/ColorSync.framework/Versions/A/ColorSync
0x0000000001c54000 	/System/Library/Frameworks/ApplicationServices.framework/Versions/A/Frameworks/ATS.framework/Versions/A/ATS
0x0000000001c54000 	/System/Library/Frameworks/ApplicationServices.framework/Versions/A/Frameworks/ColorSyncLegacy.framework/Versions/A/ColorSyncLegacy
0x0000000001c54000 	/System/Library/Frameworks/ApplicationServices.framework/Versions/A/Frameworks/HIServices.framework/Versions/A/HIServices
0x0000000001c54000 	/System/Library/Frameworks/ApplicationServices.framework/Versions/A/Frameworks/LangAnalysis.framework/Versions/A/LangAnalysis
0x0000000001c54000 	/System/Library/Frameworks/ApplicationServices.framework/Versions/A/Frameworks/PrintCore.framework/Versions/A/PrintCore
0x0000000001c54000 	/System/Library/Frameworks/ApplicationServices.framework/Versions/A/Frameworks/QD.framework/Versions/A/QD
0x0000000001c54000 	/System/Library/Frameworks/ApplicationServices.framework/Versions/A/Frameworks/SpeechSynthesis.framework/Versions/A/SpeechSynthesis
0x0000000001c54000 	/System/Library/PrivateFrameworks/SkyLight.framework/Versions/A/SkyLight
0x0000000001c54000 	/System/Library/Frameworks/Accelerate.framework/Versions/A/Accelerate
0x0000000001c54000 	/System/Library/Frameworks/CoreDisplay.framework/Versions/A/CoreDisplay
0x0000000001c54000 	/System/Library/Frameworks/IOSurface.framework/Versions/A/IOSurface
0x0000000001c54000 	/System/Library/Frameworks/Metal.framework/Versions/A/Metal
0x0000000001c54000 	/System/Library/PrivateFrameworks/MultitouchSupport.framework/Versions/A/MultitouchSupport
0x0000000001c54000 	/System/Library/Frameworks/QuartzCore.framework/Versions/A/QuartzCore
0x0000000001c54000 	/System/Library/Frameworks/Accelerate.framework/Versions/A/Frameworks/vImage.framework/Versions/A/vImage
0x0000000001c54000 	/System/Library/Frameworks/Accelerate.framework/Versions/A/Frameworks/vecLib.framework/Versions/A/vecLib
0x0000000001c54000 	/System/Library/Frameworks/Accelerate.framework/Versions/A/Frameworks/vecLib.framework/Versions/A/libvDSP.dylib
0x0000000001c54000 	/System/Library/Frameworks/Accelerate.framework/Versions/A/Frameworks/vecLib.framework/Versions/A/libBNNS.dylib
0x0000000001c54000 	/System/Library/Frameworks/Accelerate.framework/Versions/A/Frameworks/vecLib.framework/Versions/A/libQuadrature.dylib
0x0000000001c54000 	/System/Library/Frameworks/Accelerate.framework/Versions/A/Frameworks/vecLib.framework/Versions/A/libvMisc.dylib
0x0000000001c54000 	/System/Library/Frameworks/Accelerate.framework/Versions/A/Frameworks/vecLib.framework/Versions/A/libLAPACK.dylib
0x0000000001c54000 	/System/Library/Frameworks/Accelerate.framework/Versions/A/Frameworks/vecLib.framework/Versions/A/libBLAS.dylib
0x0000000001c54000 	/System/Library/Frameworks/Accelerate.framework/Versions/A/Frameworks/vecLib.framework/Versions/A/libLinearAlgebra.dylib
0x0000000001c54000 	/System/Library/Frameworks/Accelerate.framework/Versions/A/Frameworks/vecLib.framework/Versions/A/libSparse.dylib
0x0000000001c54000 	/System/Library/Frameworks/Accelerate.framework/Versions/A/Frameworks/vecLib.framework/Versions/A/libSparseBLAS.dylib
0x0000000001c54000 	/System/Library/PrivateFrameworks/IOAccelerator.framework/Versions/A/IOAccelerator
0x0000000001c54000 	/System/Library/PrivateFrameworks/IOPresentment.framework/Versions/A/IOPresentment
0x0000000001c54000 	/System/Library/PrivateFrameworks/DSExternalDisplay.framework/Versions/A/DSExternalDisplay
0x0000000001c54000 	/System/Library/Frameworks/OpenGL.framework/Versions/A/Libraries/libCoreFSCache.dylib
0x0000000001c54000 	/System/Library/Frameworks/CoreImage.framework/Versions/A/CoreImage
0x0000000001c54000 	/System/Library/Frameworks/CoreVideo.framework/Versions/A/CoreVideo
0x0000000001c54000 	/System/Library/Frameworks/OpenGL.framework/Versions/A/OpenGL
0x0000000001c54000 	/System/Library/PrivateFrameworks/GraphVisualizer.framework/Versions/A/GraphVisualizer
0x0000000001c54000 	/System/Library/Frameworks/MetalPerformanceShaders.framework/Versions/A/MetalPerformanceShaders
0x0000000001c54000 	/usr/lib/libFosl_dynamic.dylib
0x0000000001c54000 	/System/Library/PrivateFrameworks/FaceCore.framework/Versions/A/FaceCore
0x0000000001c54000 	/System/Library/Frameworks/OpenCL.framework/Versions/A/OpenCL
0x0000000001c54000 	/usr/lib/libcompression.dylib
0x0000000001c54000 	/System/Library/Frameworks/ApplicationServices.framework/Versions/A/Frameworks/ATS.framework/Versions/A/Resources/libFontParser.dylib
0x0000000001c54000 	/System/Library/Frameworks/ApplicationServices.framework/Versions/A/Frameworks/ATS.framework/Versions/A/Resources/libFontRegistry.dylib
0x0000000001c54000 	/System/Library/Frameworks/ImageIO.framework/Versions/A/Resources/libJPEG.dylib
0x0000000001c54000 	/System/Library/Frameworks/ImageIO.framework/Versions/A/Resources/libTIFF.dylib
0x0000000001c54000 	/System/Library/Frameworks/ImageIO.framework/Versions/A/Resources/libPng.dylib
0x0000000001c54000 	/System/Library/Frameworks/ImageIO.framework/Versions/A/Resources/libGIF.dylib
0x0000000001c54000 	/System/Library/Frameworks/ImageIO.framework/Versions/A/Resources/libJP2.dylib
0x0000000001c54000 	/System/Library/Frameworks/ImageIO.framework/Versions/A/Resources/libRadiance.dylib
0x0000000001c54000 	/System/Library/PrivateFrameworks/AppleJPEG.framework/Versions/A/AppleJPEG
0x0000000001c54000 	/System/Library/PrivateFrameworks/MetalTools.framework/Versions/A/MetalTools
0x0000000001c54000 	/System/Library/Frameworks/MetalPerformanceShaders.framework/Frameworks/MPSCore.framework/Versions/A/MPSCore
0x0000000001c54000 	/System/Library/Frameworks/MetalPerformanceShaders.framework/Frameworks/MPSImage.framework/Versions/A/MPSImage
0x0000000001c54000 	/System/Library/Frameworks/MetalPerformanceShaders.framework/Frameworks/MPSMatrix.framework/Versions/A/MPSMatrix
0x0000000001c54000 	/System/Library/Frameworks/MetalPerformanceShaders.framework/Frameworks/MPSNeuralNetwork.framework/Versions/A/MPSNeuralNetwork
0x0000000001c54000 	/System/Library/Frameworks/OpenGL.framework/Versions/A/Libraries/libGLU.dylib
0x0000000001c54000 	/System/Library/Frameworks/OpenGL.framework/Versions/A/Libraries/libGFXShared.dylib
0x0000000001c54000 	/System/Library/Frameworks/OpenGL.framework/Versions/A/Libraries/libGL.dylib
0x0000000001c54000 	/System/Library/Frameworks/OpenGL.framework/Versions/A/Libraries/libGLImage.dylib
0x0000000001c54000 	/System/Library/Frameworks/OpenGL.framework/Versions/A/Libraries/libCVMSPluginSupport.dylib
0x0000000001c54000 	/System/Library/Frameworks/OpenGL.framework/Versions/A/Libraries/libCoreVMClient.dylib
0x0000000001c54000 	/usr/lib/libcups.2.dylib
0x0000000001c54000 	/System/Library/Frameworks/Kerberos.framework/Versions/A/Kerberos
0x0000000001c54000 	/System/Library/Frameworks/GSS.framework/Versions/A/GSS
0x0000000001c54000 	/usr/lib/libresolv.9.dylib
0x0000000001c54000 	/System/Library/PrivateFrameworks/Heimdal.framework/Versions/A/Heimdal
0x0000000001c54000 	/usr/lib/libheimdal-asn1.dylib
0x0000000001c54000 	/System/Library/Frameworks/OpenDirectory.framework/Versions/A/OpenDirectory
0x0000000001c54000 	/System/Library/PrivateFrameworks/CommonAuth.framework/Versions/A/CommonAuth
0x0000000001c54000 	/System/Library/Frameworks/OpenDirectory.framework/Versions/A/Frameworks/CFOpenDirectory.framework/Versions/A/CFOpenDirectory
0x0000000001c54000 	/System/Library/Frameworks/SecurityFoundation.framework/Versions/A/SecurityFoundation
0x0000000001c54000 	/System/Library/PrivateFrameworks/APFS.framework/Versions/A/APFS
0x0000000001c54000 	/usr/lib/libutil.dylib
0x0000000001c54000 	/System/Library/Frameworks/CoreAudio.framework/Versions/A/CoreAudio
0x0000000001c54000 	/System/Library/Frameworks/AudioToolbox.framework/Versions/A/AudioToolbox
0x0000000001c54000 	/System/Library/PrivateFrameworks/AppleSauce.framework/Versions/A/AppleSauce
0x0000000001c54000 	/System/Library/PrivateFrameworks/LinguisticData.framework/Versions/A/LinguisticData
0x0000000001c54000 	/usr/lib/libmarisa.dylib
0x0000000001c54000 	/System/Library/PrivateFrameworks/Lexicon.framework/Versions/A/Lexicon
0x0000000001c54000 	/usr/lib/libChineseTokenizer.dylib
0x0000000001c54000 	/usr/lib/libcmph.dylib
0x0000000001c54000 	/System/Library/PrivateFrameworks/LanguageModeling.framework/Versions/A/LanguageModeling
0x0000000001c54000 	/System/Library/Frameworks/CoreData.framework/Versions/A/CoreData
0x0000000001c54000 	/System/Library/PrivateFrameworks/CoreEmoji.framework/Versions/A/CoreEmoji
0x0000000001c54000 	/System/Library/Frameworks/ServiceManagement.framework/Versions/A/ServiceManagement
0x0000000001c54000 	/System/Library/PrivateFrameworks/BackgroundTaskManagement.framework/Versions/A/BackgroundTaskManagement
0x0000000001c54000 	/usr/lib/libxslt.1.dylib
0x000000011546d000 	/Applications/IBM/SPSS/Statistics/25/SPSSStatistics.app/Contents/lib/libdatastr.dylib
0x0000000115489000 	/Applications/IBM/SPSS/Statistics/25/SPSSStatistics.app/Contents/lib/libstacrypt.dylib
0x0000000115df5000 	/Applications/IBM/SPSS/Statistics/25/SPSSStatistics.app/Contents/lib/libmccomsps.dylib
0x0000000115496000 	/Applications/IBM/SPSS/Statistics/25/SPSSStatistics.app/Contents/lib/libspsspool.dylib
0x0000000115ef8000 	/Applications/IBM/SPSS/Statistics/25/SPSSStatistics.app/Contents/lib/libxchart.dylib
0x0000000115f7c000 	/Applications/IBM/SPSS/Statistics/25/SPSSStatistics.app/Contents/lib/libviewerxml.dylib
0x0000000116069000 	/Applications/IBM/SPSS/Statistics/25/SPSSStatistics.app/Contents/lib/libspsswctl.dylib
0x000000011617d000 	/Applications/IBM/SPSS/Statistics/25/SPSSStatistics.app/Contents/lib/libuparser.dylib
0x0000000118b87000 	/Applications/IBM/SPSS/Statistics/25/SPSSStatistics.app/Contents/lib/libspssdx.dylib
0x0000000118bb3000 	/Applications/IBM/SPSS/Statistics/25/SPSSStatistics.app/Contents/lib/libomsopmgr.dylib
0x0000000118bda000 	/Applications/IBM/SPSS/Statistics/25/SPSSStatistics.app/Contents/lib/libspsswcis.dylib
0x0000000118d0b000 	/Applications/IBM/SPSS/Statistics/25/SPSSStatistics.app/Contents/lib/libspsswmsg.dylib
0x0000000118d33000 	/Applications/IBM/SPSS/Statistics/25/SPSSStatistics.app/Contents/lib/libuadapter.dylib
0x0000000118d68000 	/Applications/IBM/SPSS/Statistics/25/SPSSStatistics.app/Contents/lib/libspssclef.dylib
0x0000000118dac000 	/Applications/IBM/SPSS/Statistics/25/SPSSStatistics.app/Contents/ext/bin/spss.common/libcfcore.dylib
0x0000000118e91000 	/Applications/IBM/SPSS/Statistics/25/SPSSStatistics.app/Contents/ext/bin/spss.common/libcfcommon.dylib
0x0000000118f0a000 	/Applications/IBM/SPSS/Statistics/25/SPSSStatistics.app/Contents/lib/libfmsgs.dylib
0x0000000118f3e000 	/Applications/IBM/SPSS/Statistics/25/SPSSStatistics.app/Contents/lib/libnetcom.dylib
0x00000001161ea000 	/Applications/IBM/SPSS/Statistics/25/SPSSStatistics.app/Contents/lib/libfwutility.dylib
0x0000000118f66000 	/Applications/IBM/SPSS/Statistics/25/SPSSStatistics.app/Contents/lib/libfilesort.dylib
0x0000000118f7a000 	/Applications/IBM/SPSS/Statistics/25/SPSSStatistics.app/Contents/lib/libmtxp.dylib
0x0000000118f96000 	/Applications/IBM/SPSS/Statistics/25/SPSSStatistics.app/Contents/ext/bin/spss.common/libcorethread.dylib
0x0000000110cd2000 	/Applications/IBM/SPSS/Statistics/25/SPSSStatistics.app/Contents/ext/bin/spss.common/libcfthread.dylib
0x0000000118fa6000 	/Applications/IBM/SPSS/Statistics/25/SPSSStatistics.app/Contents/common/ext/bin/spss.common/libcfcomserv.dylib
0x0000000118fbe000 	/Applications/IBM/SPSS/Statistics/25/SPSSStatistics.app/Contents/ext/bin/spss.common/libcfextension.dylib
0x0000000118ff6000 	/Applications/IBM/SPSS/Statistics/25/SPSSStatistics.app/Contents/ext/bin/spss.common/libcffilter.dylib
0x0000000119005000 	/Applications/IBM/SPSS/Statistics/25/SPSSStatistics.app/Contents/ext/bin/spss.common/libcfcatencode.dylib
0x0000000110c91000 	/Applications/IBM/SPSS/Statistics/25/SPSSStatistics.app/Contents/ext/bin/spss.common/libcfcomstatistic.dylib
0x0000000119024000 	/Applications/IBM/SPSS/Statistics/25/SPSSStatistics.app/Contents/ext/bin/spss.common/libtempfiles.dylib
0x000000011c04a000 	/Applications/IBM/SPSS/Statistics/25/SPSSStatistics.app/Contents/lib/libpesrepo.dylib
0x000000011c966000 	/Applications/IBM/SPSS/Statistics/25/SPSSStatistics.app/Contents/lib/libspsswfil.dylib
0x000000011ca06000 	/Applications/IBM/SPSS/Statistics/25/SPSSStatistics.app/Contents/lib/libchartxml.dylib
0x000000011ca66000 	/Applications/IBM/SPSS/Statistics/25/SPSSStatistics.app/Contents/lib/libxlsxdac.dylib
0x00000001161f2000 	/Applications/IBM/SPSS/Statistics/25/SPSSStatistics.app/Contents/lib/libpkginpr.dylib
0x000000011ca9e000 	/Applications/IBM/SPSS/Statistics/25/SPSSStatistics.app/Contents/lib/libdacmmsgs.dylib
0x0000000110ebf000 	/Applications/IBM/SPSS/Statistics/25/SPSSStatistics.app/Contents/lib/libtxtwdmsg.dylib
0x000000011caaa000 	/Applications/IBM/SPSS/Statistics/25/SPSSStatistics.app/Contents/JRE/lib/jli/libjli.dylib
0x0000000001c54000 	/System/Library/Frameworks/Cocoa.framework/Versions/A/Cocoa
0x0000000001c54000 	/System/Library/Frameworks/AppKit.framework/Versions/C/AppKit
0x0000000001c54000 	/System/Library/PrivateFrameworks/RemoteViewServices.framework/Versions/A/RemoteViewServices
0x0000000001c54000 	/System/Library/PrivateFrameworks/UIFoundation.framework/Versions/A/UIFoundation
0x0000000001c54000 	/System/Library/PrivateFrameworks/DFRFoundation.framework/Versions/A/DFRFoundation
0x0000000001c54000 	/System/Library/PrivateFrameworks/DesktopServicesPriv.framework/Versions/A/DesktopServicesPriv
0x0000000001c54000 	/usr/lib/libScreenReader.dylib
0x0000000001c54000 	/System/Library/Frameworks/AudioUnit.framework/Versions/A/AudioUnit
0x0000000001c54000 	/System/Library/PrivateFrameworks/DataDetectorsCore.framework/Versions/A/DataDetectorsCore
0x0000000001c54000 	/System/Library/Frameworks/Carbon.framework/Versions/A/Frameworks/HIToolbox.framework/Versions/A/HIToolbox
0x0000000001c54000 	/System/Library/Frameworks/Carbon.framework/Versions/A/Frameworks/SpeechRecognition.framework/Versions/A/SpeechRecognition
0x0000000001c54000 	/System/Library/PrivateFrameworks/CoreUI.framework/Versions/A/CoreUI
0x0000000001c54000 	/System/Library/PrivateFrameworks/PerformanceAnalysis.framework/Versions/A/PerformanceAnalysis
0x0000000001c54000 	/System/Library/PrivateFrameworks/Backup.framework/Versions/A/Backup
0x0000000001c54000 	/System/Library/Frameworks/Carbon.framework/Versions/A/Frameworks/Ink.framework/Versions/A/Ink
0x0000000001c54000 	/System/Library/PrivateFrameworks/TextureIO.framework/Versions/A/TextureIO
0x0000000001c54000 	/usr/lib/libate.dylib
0x0000000001c54000 	/System/Library/PrivateFrameworks/CrashReporterSupport.framework/Versions/A/CrashReporterSupport
0x0000000001c54000 	/System/Library/PrivateFrameworks/Sharing.framework/Versions/A/Sharing
0x0000000001c54000 	/System/Library/PrivateFrameworks/IconServices.framework/Versions/A/IconServices
0x0000000001c54000 	/System/Library/PrivateFrameworks/ProtocolBuffer.framework/Versions/A/ProtocolBuffer
0x0000000001c54000 	/System/Library/PrivateFrameworks/Apple80211.framework/Versions/A/Apple80211
0x0000000001c54000 	/System/Library/Frameworks/CoreWLAN.framework/Versions/A/CoreWLAN
0x0000000001c54000 	/System/Library/PrivateFrameworks/CoreUtils.framework/Versions/A/CoreUtils
0x0000000001c54000 	/System/Library/Frameworks/IOBluetooth.framework/Versions/A/IOBluetooth
0x0000000001c54000 	/System/Library/PrivateFrameworks/CoreWiFi.framework/Versions/A/CoreWiFi
0x0000000001c54000 	/System/Library/Frameworks/CoreBluetooth.framework/Versions/A/CoreBluetooth
0x0000000001c54000 	/System/Library/PrivateFrameworks/SignpostNotification.framework/Versions/A/SignpostNotification
0x0000000001c54000 	/System/Library/PrivateFrameworks/DebugSymbols.framework/Versions/A/DebugSymbols
0x0000000001c54000 	/System/Library/PrivateFrameworks/CoreSymbolication.framework/Versions/A/CoreSymbolication
0x0000000001c54000 	/System/Library/PrivateFrameworks/Symbolication.framework/Versions/A/Symbolication
0x0000000001c54000 	/System/Library/PrivateFrameworks/AppleFSCompression.framework/Versions/A/AppleFSCompression
0x0000000001c54000 	/System/Library/PrivateFrameworks/SpeechRecognitionCore.framework/Versions/A/SpeechRecognitionCore
0x000000011caba000 	/Applications/IBM/SPSS/Statistics/25/SPSSStatistics.app/Contents/JRE//lib/server/libjvm.dylib
0x000000011da5c000 	/Applications/IBM/SPSS/Statistics/25/SPSSStatistics.app/Contents/JRE/lib/libverify.dylib
0x000000011da6a000 	/Applications/IBM/SPSS/Statistics/25/SPSSStatistics.app/Contents/JRE/lib/libjava.dylib
0x000000011da9f000 	/Applications/IBM/SPSS/Statistics/25/SPSSStatistics.app/Contents/JRE/lib/libzip.dylib
0x0000000001c54000 	/System/Library/Frameworks/JavaVM.framework/Versions/A/Frameworks/JavaRuntimeSupport.framework/Versions/A/JavaRuntimeSupport
0x0000000001c54000 	/System/Library/Frameworks/JavaVM.framework/Versions/A/Frameworks/JavaNativeFoundation.framework/Versions/A/JavaNativeFoundation
0x0000000001c54000 	/System/Library/Frameworks/JavaVM.framework/Versions/A/JavaVM
0x0000000001c54000 	/System/Library/Frameworks/Carbon.framework/Versions/A/Carbon
0x0000000001c54000 	/System/Library/PrivateFrameworks/JavaLaunching.framework/Versions/A/JavaLaunching
0x0000000001c54000 	/System/Library/Frameworks/Carbon.framework/Versions/A/Frameworks/CommonPanels.framework/Versions/A/CommonPanels
0x0000000001c54000 	/System/Library/Frameworks/Carbon.framework/Versions/A/Frameworks/Help.framework/Versions/A/Help
0x0000000001c54000 	/System/Library/Frameworks/Carbon.framework/Versions/A/Frameworks/ImageCapture.framework/Versions/A/ImageCapture
0x0000000001c54000 	/System/Library/Frameworks/Carbon.framework/Versions/A/Frameworks/OpenScripting.framework/Versions/A/OpenScripting
0x0000000001c54000 	/System/Library/Frameworks/Carbon.framework/Versions/A/Frameworks/Print.framework/Versions/A/Print
0x0000000001c54000 	/System/Library/Frameworks/Carbon.framework/Versions/A/Frameworks/SecurityHI.framework/Versions/A/SecurityHI
0x0000000135865000 	/Applications/IBM/SPSS/Statistics/25/SPSSStatistics.app/Contents/JRE/lib/libnet.dylib
0x000000011b108000 	/Applications/IBM/SPSS/Statistics/25/SPSSStatistics.app/Contents/lib/libspsswarc.dylib
0x000000011bd2a000 	/Applications/IBM/SPSS/Statistics/25/SPSSStatistics.app/Contents/lib/libspsswalt.dylib
0x000000011be32000 	/Applications/IBM/SPSS/Statistics/25/SPSSStatistics.app/Contents/lib/libspsswoms.dylib
0x000000011be61000 	/Applications/IBM/SPSS/Statistics/25/SPSSStatistics.app/Contents/lib/libspsswbst.dylib
0x000000011be71000 	/Applications/IBM/SPSS/Statistics/25/SPSSStatistics.app/Contents/lib/libspsswone.dylib
0x000000011bea4000 	/Applications/IBM/SPSS/Statistics/25/SPSSStatistics.app/Contents/lib/libspssweda.dylib
0x000000011bf27000 	/Applications/IBM/SPSS/Statistics/25/SPSSStatistics.app/Contents/JRE/lib/libmanagement.dylib
0x000000011bf35000 	/Applications/IBM/SPSS/Statistics/25/SPSSStatistics.app/Contents/JRE/lib/libosx.dylib
0x000000011bf43000 	/Applications/IBM/SPSS/Statistics/25/SPSSStatistics.app/Contents/JRE/lib/./libosxapp.dylib
0x0000000001c54000 	/System/Library/Frameworks/ExceptionHandling.framework/Versions/A/ExceptionHandling
0x000000011bf5f000 	/Applications/IBM/SPSS/Statistics/25/SPSSStatistics.app/Contents/JRE/lib/libawt.dylib
0x0000000135464000 	/Applications/IBM/SPSS/Statistics/25/SPSSStatistics.app/Contents/JRE/lib/./libmlib_image.dylib
0x0000000135634000 	/Applications/IBM/SPSS/Statistics/25/SPSSStatistics.app/Contents/JRE/lib/libawt_lwawt.dylib
0x0000000135384000 	/Applications/IBM/SPSS/Statistics/25/SPSSStatistics.app/Contents/lib/libjniviewer.dylib
0x0000000135530000 	/Applications/IBM/SPSS/Statistics/25/SPSSStatistics.app/Contents/JRE/lib/libfontmanager.dylib
0x0000000001c54000 	/System/Library/PrivateFrameworks/CoreServicesInternal.framework/Versions/A/CoreServicesInternal
0x000000011b0f6000 	/Applications/IBM/SPSS/Statistics/25/SPSSStatistics.app/Contents/JRE/lib/libnio.dylib
0x0000000001c54000 	/System/Library/Frameworks/ApplicationServices.framework/Versions/A/Frameworks/ATS.framework/Versions/A/Resources/libTrueTypeScaler.dylib

VM Arguments:
jvm_args: -Djava.library.path=/Applications/IBM/SPSS/Statistics/25/SPSSStatistics.app/Contents/bin/../JRE/lib/jli/:/Applications/IBM/SPSS/Statistics/25/SPSSStatistics.app/Contents/bin/../JRE/lib/:/Applications/IBM/SPSS/Statistics/25/SPSSStatistics.app/Contents/bin/../lib/:/Applications/IBM/SPSS/Statistics/25/SPSSStatistics.app/Contents/bin/ -Dapplication.home=/Applications/IBM/SPSS/Statistics/25/SPSSStatistics.app/Contents/bin -Dstatistics.home=/Applications/IBM/SPSS/Statistics/25/SPSSStatistics.app/Contents/bin -Djava.awt.headless=true -Dcom.sun.media.jai.disableMediaLib=true -Xms256M -Xmx2048M -XX:-UsePerfData -Dcom.ibm.jsse2.overrideDefaultProtocol=TLSv12 -Djava.io.tmpdir=/tmp/spssPdfJgZ/ 
java_command: <unknown>
java_class_path (initial): :/Applications/IBM/SPSS/Statistics/25/SPSSStatistics.app/Contents/bin/ChartEditor.jar:/Applications/IBM/SPSS/Statistics/25/SPSSStatistics.app/Contents/bin/ChartEditorRes.jar:/Applications/IBM/SPSS/Statistics/25/SPSSStatistics.app/Contents/bin/CoreTools.jar:/Applications/IBM/SPSS/Statistics/25/SPSSStatistics.app/Contents/bin/CustomDialogBuilder.jar:/Applications/IBM/SPSS/Statistics/25/SPSSStatistics.app/Contents/bin/CustomDialogBuilderRes.jar:/Applications/IBM/SPSS/Statistics/25/SPSSStatistics.app/Contents/bin/ExViewerDialogDemo.jar:/Applications/IBM/SPSS/Statistics/25/SPSSStatistics.app/Contents/bin/ExViewerFrameDemo.jar:/Applications/IBM/SPSS/Statistics/25/SPSSStatistics.app/Contents/bin/ExportTools.jar:/Applications/IBM/SPSS/Statistics/25/SPSSStatistics.app/Contents/bin/ExtensionManager.jar:/Applications/IBM/SPSS/Statistics/25/SPSSStatistics.app/Contents/bin/ExtensionManagerRes.jar:/Applications/IBM/SPSS/Statistics/25/SPSSStatistics.app/Contents/bin/FieldChooser.jar:/Applications/IBM/SPSS/Statistics/25/SPSSStatistics.app/Contents/bin/InstallExtBundles.jar:/Applications/IBM/SPSS/Statistics/25/SPSSStatistics.app/Contents/bin/InstallExtBundlesRes.jar:/Applications/IBM/SPSS/Statistics/25/SPSSStatistics.app/Contents/bin/JRegEdit.jar:/Applications/IBM/SPSS/Statistics/25/SPSSStatistics.app/Contents/bin/JimiProClasses.jar:/Applications/IBM/SPSS/Statistics/25/SPSSStatistics.app/Contents/bin/LightTable.jar:/Applications/IBM/SPSS/Statistics/25/SPSSStatistics.app/Contents/bin/ModelViewer.jar:/Applications/IBM/SPSS/Statistics/25/SPSSStatistics.app/Contents/bin/PivotTableEditor.jar:/Applications/IBM/SPSS/Statistics/25/SPSSStatistics.app/Contents/bin/PivotTableEditorRes.jar:/Applications/IBM/SPSS/Statistics/25/SPSSStatistics.app/Contents/bin/RConfig.jar:/Applications/IBM/SPSS/Statistics/25/SPSSStatistics.app/Contents/bin/RapidSpell.jar:/Applications/IBM/SPSS/Statistics/25/SPSSStatistics.app/Contents/bin/RapidSpellMDict.jar:/Applications/IBM/SPSS/Stat
Launcher Type: generic

Environment Variables:
PATH=/Applications/IBM/SPSS/Statistics/25/SPSSStatistics.app/Contents/bin:/usr/bin:/bin:/usr/sbin:/sbin
SHELL=/bin/bash
DISPLAY=/private/tmp/com.apple.launchd.KxjS9ogdMB/org.macosforge.xquartz:0
DYLD_LIBRARY_PATH=/Applications/IBM/SPSS/Statistics/25/SPSSStatistics.app/Contents/lib:/Applications/IBM/SPSS/Statistics/25/SPSSStatistics.app/Contents/common/ext/bin/spss.common:/Applications/IBM/SPSS/Statistics/25/SPSSStatistics.app/Contents/ext/bin/spss.common:/Applications/IBM/SPSS/Statistics/25/SPSSStatistics.app/Contents/lib:/Applications/IBM/SPSS/Statistics/25/SPSSStatistics.app/Contents/Library/Frameworks/Sentinel.framework:/Applications/IBM/SPSS/Statistics/25/SPSSStatistics.app/Contents/Library/Frameworks/SuperPro.framework:/Applications/IBM/SPSS/Statistics/25/SPSSStatistics.app/Contents/JRE/lib/jli

Signal Handlers:
SIGSEGV: [libjvm.dylib+0x5b1141], sa_mask[0]=11111111011111110111111111111111, sa_flags=SA_ONSTACK|SA_RESTART|SA_SIGINFO
SIGBUS: [libjvm.dylib+0x5b1141], sa_mask[0]=11111111011111110111111111111111, sa_flags=SA_RESTART|SA_SIGINFO
SIGFPE: [libjvm.dylib+0x487bc4], sa_mask[0]=11111111011111110111111111111111, sa_flags=SA_RESTART|SA_SIGINFO
SIGPIPE: [libjvm.dylib+0x487bc4], sa_mask[0]=11111111011111110111111111111111, sa_flags=SA_RESTART|SA_SIGINFO
SIGXFSZ: [libjvm.dylib+0x487bc4], sa_mask[0]=11111111011111110111111111111111, sa_flags=SA_RESTART|SA_SIGINFO
SIGILL: [libjvm.dylib+0x487bc4], sa_mask[0]=11111111011111110111111111111111, sa_flags=SA_RESTART|SA_SIGINFO
SIGUSR1: SIG_DFL, sa_mask[0]=00000000000000000000000000000000, sa_flags=none
SIGUSR2: [libjvm.dylib+0x4876e2], sa_mask[0]=00100000000000000000000000000000, sa_flags=SA_RESTART|SA_SIGINFO
SIGHUP: [libjvm.dylib+0x485cb9], sa_mask[0]=11111111011111110111111111111111, sa_flags=SA_RESTART|SA_SIGINFO
SIGINT: [libjvm.dylib+0x485cb9], sa_mask[0]=11111111011111110111111111111111, sa_flags=SA_RESTART|SA_SIGINFO
SIGTERM: [libjvm.dylib+0x485cb9], sa_mask[0]=11111111011111110111111111111111, sa_flags=SA_RESTART|SA_SIGINFO
SIGQUIT: [libjvm.dylib+0x485cb9], sa_mask[0]=11111111011111110111111111111111, sa_flags=SA_RESTART|SA_SIGINFO


---------------  S Y S T E M  ---------------

OS:Bsduname:Darwin 17.3.0 Darwin Kernel Version 17.3.0: Thu Nov  9 18:09:22 PST 2017; root:xnu-4570.31.3~1/RELEASE_X86_64 x86_64
rlimit: STACK 8192k, CORE 0k, NPROC 1418, NOFILE 10240, AS infinity
load average:2.56 4.27 3.46

CPU:total 8 (4 cores per cpu, 2 threads per core) family 6 model 70 stepping 1, cmov, cx8, fxsr, mmx, sse, sse2, sse3, ssse3, sse4.1, sse4.2, popcnt, avx, avx2, aes, clmul, erms, lzcnt, ht, tsc, tscinvbit, bmi1, bmi2

Memory: 4k page, physical 16777216k(676200k free)

/proc/meminfo:


vm_info: Java HotSpot(TM) 64-Bit Server VM (25.121-b13) for bsd-amd64 JRE (1.8.0_121-b13), built on Dec 12 2016 20:39:32 by "java_re" with gcc 4.2.1 (Based on Apple Inc. build 5658) (LLVM build 2336.11.00)

time: Sun Jun 17 15:13:09 2018
elapsed time: 40 seconds (0d 0h 0m 40s)

