#
# A fatal error has been detected by the Java Runtime Environment:
#
#  SIGSEGV (0xb) at pc=0x000000010a045d3b, pid=58446, tid=0x0000000000000307
#
# JRE version: Java(TM) 2 Runtime Environment, Standard Edition (8.0_121-b13) (build 1.8.0_121-b13 14_Feb_2017_06_58 Mac OS X x64(SR4 FP1))
# Java VM: Java HotSpot(TM) 64-Bit Server VM (25.121-b13 mixed mode bsd-amd64 compressed oops)
# Problematic frame:
# C  [StartXD+0x11d3b]  LongData::ParseData(void*, int&)+0x5b
#
# Failed to write core dump. Core dumps have been disabled. To enable core dumping, try "ulimit -c unlimited" before starting Java again
#
# If you would like to submit a bug report, please visit:
#   http://bugreport.java.com/bugreport/crash.jsp
#

---------------  T H R E A D  ---------------

Current thread is native thread

siginfo: si_signo: 11 (SIGSEGV), si_code: 1 (SEGV_MAPERR), si_addr: 0x00007ffe2d200000

Registers:
RAX=0x00000000063388b8, RBX=0x00007ffe2d200000, RCX=0x0000000000000000, RDX=0x000000000003d000
RSP=0x00007ffee5bc8b20, RBP=0x00007ffee5bc8b60, RSI=0x000000016ecb58b0, RDI=0x00007ffee5bcb420
R8 =0x00000000000002a7, R9 =0x000000000000004c, R10=0x00007fff88aa12cc, R11=0x0000000000000246
R12=0x00007ffee5bcb420, R13=0x00007ffee5bc8b34, R14=0x000000005e7325d2, R15=0x00007ffee5bcb408
RIP=0x000000010a045d3b, EFLAGS=0x0000000000010206, ERR=0x0000000000000004
  TRAPNO=0x000000000000000e

Top of Stack: (sp=0x00007ffee5bc8b20)
0x00007ffee5bc8b20:   0000000000000003 00007ffee5bc8c44
0x00007ffee5bc8b30:   0000000000000001 00007ffee5bcb3e0
0x00007ffee5bc8b40:   00007ffee5bcb3e0 0000000000000000
0x00007ffee5bc8b50:   00007ffe26ec7740 00007ffe26ec7740
0x00007ffee5bc8b60:   00007ffee5bc8c70 000000010a33e59f
0x00007ffee5bc8b70:   fd00000070001004 000000010a32ffff
0x00007ffee5bc8b80:   00007ffee5bc8c10 00007fff4fb72758
0x00007ffee5bc8b90:   0000000000000000 0000000000000006
0x00007ffee5bc8ba0:   0000000000002800 000000010ccdaa00
0x00007ffee5bc8bb0:   0000000000000004 0000000000000010
0x00007ffee5bc8bc0:   0000000000000001 000000010a32b080
0x00007ffee5bc8bd0:   000000010a32b080 000000010ccdd200
0x00007ffee5bc8be0:   000000010a32a000 0000000000000006
0x00007ffee5bc8bf0:   000000000ccde600 0000000000000000
0x00007ffee5bc8c00:   00007ffee5bc8cb0 0000000000000000
0x00007ffee5bc8c10:   00007fff88aa4000 0000000000000000
0x00007ffee5bc8c20:   00007ffee5bc8c50 00007fff4fb5b201
0x00007ffee5bc8c30:   0000000000000000 0000000000000000
0x00007ffee5bc8c40:   0000000000000000 00007ffee5bcb3e0
0x00007ffee5bc8c50:   00007ffee5bc8cb0 0000000000000000
0x00007ffee5bc8c60:   00007ffe26ec7740 0000000000000000
0x00007ffee5bc8c70:   00007ffee5bcace0 000000010a3379e9
0x00007ffee5bc8c80:   0000000000000000 00007ffee5bcb3e0
0x00007ffee5bc8c90:   00007ffe26d64a90 00007ffe26ec7740
0x00007ffee5bc8ca0:   0000000000000000 0000000000000000
0x00007ffee5bc8cb0:   0000000000000000 0000000000000000
0x00007ffee5bc8cc0:   0000000000000000 0000000000000000
0x00007ffee5bc8cd0:   0000000000000000 0000000000000000
0x00007ffee5bc8ce0:   0000000000000000 0000000000000000
0x00007ffee5bc8cf0:   0000000000000000 0000000000000000
0x00007ffee5bc8d00:   0000000000000000 0000000000000000
0x00007ffee5bc8d10:   0000000000000000 0000000000000000 

Instructions: (pc=0x000000010a045d3b)
0x000000010a045d1b:   41 ff ce 48 83 c3 04 4d 8d 67 18 b8 08 00 00 00
0x000000010a045d2b:   4c 8d 6d d4 eb 0a 41 ff ce 48 83 c3 04 83 c0 04
0x000000010a045d3b:   8b 0b 89 4d d4 41 89 47 10 4c 89 e7 4c 89 ee e8
0x000000010a045d4b:   4f 0a 00 00 41 8b 47 10 45 85 f6 75 d9 48 8b 55 

Register to memory mapping:

RAX=0x00000000063388b8 is an unknown value
RBX=0x00007ffe2d200000 is an unknown value
RCX=0x0000000000000000 is an unknown value
RDX=0x000000000003d000 is an unknown value
RSP=0x00007ffee5bc8b20 is an unknown value
RBP=0x00007ffee5bc8b60 is an unknown value
RSI=0x000000016ecb58b0 is an unknown value
RDI=0x00007ffee5bcb420 is an unknown value
R8 =0x00000000000002a7 is an unknown value
R9 =0x000000000000004c is an unknown value
R10=0x00007fff88aa12cc: mach_task_self_+0 in /usr/lib/system/libsystem_kernel.dylib at 0x00007fff4fae7000
R11=0x0000000000000246 is an unknown value
R12=0x00007ffee5bcb420 is an unknown value
R13=0x00007ffee5bc8b34 is an unknown value
R14=0x000000005e7325d2 is an unknown value
R15=0x00007ffee5bcb408 is an unknown value


Stack: [0x00007ffee53cc000,0x00007ffee5bcc000],  sp=0x00007ffee5bc8b20,  free space=8178k
Native frames: (J=compiled Java code, j=interpreted, Vv=VM code, C=native code)
C  [StartXD+0x11d3b]  LongData::ParseData(void*, int&)+0x5b
C  [libspssdxcom.dylib+0x1259f]  CleXDSmb::ParseBuf(void*)+0x4d
C  [libspssdxcom.dylib+0xb9e9]  ReceiveData(JavaPlugInSocket*, CleXDSmb&)+0xfa
C  [StartXD+0x25fe]  main+0xa6b
C  [libdyld.dylib+0x1115]  start+0x1


---------------  P R O C E S S  ---------------

VM state:not at safepoint (normal execution)

VM Mutex/Monitor currently owned by a thread: None

Heap:
 PSYoungGen      total 679424K, used 13257K [0x0000000795580000, 0x00000007bfc00000, 0x00000007c0000000)
  eden space 665600K, 1% used [0x0000000795580000,0x00000007962724f0,0x00000007bdf80000)
  from space 13824K, 0% used [0x00000007bed80000,0x00000007bed80000,0x00000007bfb00000)
  to   space 14336K, 0% used [0x00000007bdf80000,0x00000007bdf80000,0x00000007bed80000)
 ParOldGen       total 175104K, used 10104K [0x0000000740000000, 0x000000074ab00000, 0x0000000795580000)
  object space 175104K, 5% used [0x0000000740000000,0x00000007409de358,0x000000074ab00000)
 Metaspace       used 19330K, capacity 19636K, committed 19840K, reserved 1067008K
  class space    used 2340K, capacity 2431K, committed 2432K, reserved 1048576K

Card table byte_map: [0x000000012770e000,0x0000000127b0f000] byte_map_base: 0x0000000123d0e000

Marking Bits: (ParMarkBitMap*) 0x0000000117c50d30
 Begin Bits: [0x0000000127dba000, 0x0000000129dba000)
 End Bits:   [0x0000000129dba000, 0x000000012bdba000)

Polling page: 0x000000010a9af000

CodeCache: size=245760Kb used=11555Kb max_used=11591Kb free=234204Kb
 bounds [0x000000011834e000, 0x0000000118eae000, 0x000000012734e000]
 total_blobs=3297 nmethods=2787 adapters=423
 compilation: enabled

Compilation events (10 events):
Event: 5.860 Thread 0x00007ffe27908800 2779       1       org.exolab.castor.xml.descriptors.StringClassDescriptor::getNameSpacePrefix (2 bytes)
Event: 5.860 Thread 0x00007ffe27908800 nmethod 2779 0x0000000118e4a290 code [0x0000000118e4a3e0, 0x0000000118e4a4f0]
Event: 5.860 Thread 0x00007ffe27908800 2780       1       org.apache.xml.serialize.Printer::getNextIndent (2 bytes)
Event: 5.860 Thread 0x00007ffe27908800 nmethod 2780 0x0000000118e74c90 code [0x0000000118e74de0, 0x0000000118e74ef0]
Event: 5.865 Thread 0x00007ffe27908800 2788       3       org.exolab.castor.xml.util.XMLClassDescriptorResolverImpl$DescriptorCacheImpl::addAllDescriptors (74 bytes)
Event: 5.866 Thread 0x00007ffe27908800 nmethod 2788 0x0000000118e7cb10 code [0x0000000118e7cd80, 0x0000000118e7dad8]
Event: 5.924 Thread 0x00007ffe27915800 2789  s    4       java.lang.StringBuffer::append (13 bytes)
Event: 5.928 Thread 0x00007ffe27915800 nmethod 2789 0x0000000118e7fe10 code [0x0000000118e7ff80, 0x0000000118e80578]
Event: 6.083 Thread 0x00007ffe27908000 nmethod 2768 0x0000000118e88a90 code [0x0000000118e89380, 0x0000000118e8fce8]
Event: 6.156 Thread 0x00007ffe28050000 nmethod 2724 0x0000000118e99890 code [0x0000000118e9a400, 0x0000000118ea08c0]

GC Heap History (10 events):
Event: 4.595 GC heap before
{Heap before GC invocations=9 (full 0):
 PSYoungGen      total 273408K, used 261376K [0x0000000795580000, 0x00000007a7080000, 0x00000007c0000000)
  eden space 260096K, 100% used [0x0000000795580000,0x00000007a5380000,0x00000007a5380000)
  from space 13312K, 9% used [0x00000007a6180000,0x00000007a62c0000,0x00000007a6e80000)
  to   space 14336K, 0% used [0x00000007a5380000,0x00000007a5380000,0x00000007a6180000)
 ParOldGen       total 175104K, used 9157K [0x0000000740000000, 0x000000074ab00000, 0x0000000795580000)
  object space 175104K, 5% used [0x0000000740000000,0x00000007408f1400,0x000000074ab00000)
 Metaspace       used 18799K, capacity 19042K, committed 19328K, reserved 1067008K
  class space    used 2285K, capacity 2364K, committed 2432K, reserved 1048576K
Event: 4.598 GC heap after
Heap after GC invocations=9 (full 0):
 PSYoungGen      total 274432K, used 2080K [0x0000000795580000, 0x00000007b0800000, 0x00000007c0000000)
  eden space 260096K, 0% used [0x0000000795580000,0x0000000795580000,0x00000007a5380000)
  from space 14336K, 14% used [0x00000007a5380000,0x00000007a5588000,0x00000007a6180000)
  to   space 14336K, 0% used [0x00000007afa00000,0x00000007afa00000,0x00000007b0800000)
 ParOldGen       total 175104K, used 9349K [0x0000000740000000, 0x000000074ab00000, 0x0000000795580000)
  object space 175104K, 5% used [0x0000000740000000,0x0000000740921400,0x000000074ab00000)
 Metaspace       used 18799K, capacity 19042K, committed 19328K, reserved 1067008K
  class space    used 2285K, capacity 2364K, committed 2432K, reserved 1048576K
}
Event: 4.970 GC heap before
{Heap before GC invocations=10 (full 0):
 PSYoungGen      total 274432K, used 262176K [0x0000000795580000, 0x00000007b0800000, 0x00000007c0000000)
  eden space 260096K, 100% used [0x0000000795580000,0x00000007a5380000,0x00000007a5380000)
  from space 14336K, 14% used [0x00000007a5380000,0x00000007a5588000,0x00000007a6180000)
  to   space 14336K, 0% used [0x00000007afa00000,0x00000007afa00000,0x00000007b0800000)
 ParOldGen       total 175104K, used 9349K [0x0000000740000000, 0x000000074ab00000, 0x0000000795580000)
  object space 175104K, 5% used [0x0000000740000000,0x0000000740921400,0x000000074ab00000)
 Metaspace       used 18893K, capacity 19170K, committed 19328K, reserved 1067008K
  class space    used 2288K, capacity 2364K, committed 2432K, reserved 1048576K
Event: 4.973 GC heap after
Heap after GC invocations=10 (full 0):
 PSYoungGen      total 430592K, used 2112K [0x0000000795580000, 0x00000007b0800000, 0x00000007c0000000)
  eden space 416256K, 0% used [0x0000000795580000,0x0000000795580000,0x00000007aec00000)
  from space 14336K, 14% used [0x00000007afa00000,0x00000007afc10000,0x00000007b0800000)
  to   space 14336K, 0% used [0x00000007aec00000,0x00000007aec00000,0x00000007afa00000)
 ParOldGen       total 175104K, used 9421K [0x0000000740000000, 0x000000074ab00000, 0x0000000795580000)
  object space 175104K, 5% used [0x0000000740000000,0x0000000740933400,0x000000074ab00000)
 Metaspace       used 18893K, capacity 19170K, committed 19328K, reserved 1067008K
  class space    used 2288K, capacity 2364K, committed 2432K, reserved 1048576K
}
Event: 5.641 GC heap before
{Heap before GC invocations=11 (full 0):
 PSYoungGen      total 430592K, used 418368K [0x0000000795580000, 0x00000007b0800000, 0x00000007c0000000)
  eden space 416256K, 100% used [0x0000000795580000,0x00000007aec00000,0x00000007aec00000)
  from space 14336K, 14% used [0x00000007afa00000,0x00000007afc10000,0x00000007b0800000)
  to   space 14336K, 0% used [0x00000007aec00000,0x00000007aec00000,0x00000007afa00000)
 ParOldGen       total 175104K, used 9421K [0x0000000740000000, 0x000000074ab00000, 0x0000000795580000)
  object space 175104K, 5% used [0x0000000740000000,0x0000000740933400,0x000000074ab00000)
 Metaspace       used 19090K, capacity 19362K, committed 19584K, reserved 1067008K
  class space    used 2289K, capacity 2364K, committed 2432K, reserved 1048576K
Event: 5.644 GC heap after
Heap after GC invocations=11 (full 0):
 PSYoungGen      total 430592K, used 3296K [0x0000000795580000, 0x00000007bfb00000, 0x00000007c0000000)
  eden space 416256K, 0% used [0x0000000795580000,0x0000000795580000,0x00000007aec00000)
  from space 14336K, 22% used [0x00000007aec00000,0x00000007aef38000,0x00000007afa00000)
  to   space 13824K, 0% used [0x00000007bed80000,0x00000007bed80000,0x00000007bfb00000)
 ParOldGen       total 175104K, used 9517K [0x0000000740000000, 0x000000074ab00000, 0x0000000795580000)
  object space 175104K, 5% used [0x0000000740000000,0x000000074094b400,0x000000074ab00000)
 Metaspace       used 19090K, capacity 19362K, committed 19584K, reserved 1067008K
  class space    used 2289K, capacity 2364K, committed 2432K, reserved 1048576K
}
Event: 5.868 GC heap before
{Heap before GC invocations=12 (full 0):
 PSYoungGen      total 430592K, used 160881K [0x0000000795580000, 0x00000007bfb00000, 0x00000007c0000000)
  eden space 416256K, 37% used [0x0000000795580000,0x000000079ef64488,0x00000007aec00000)
  from space 14336K, 22% used [0x00000007aec00000,0x00000007aef38000,0x00000007afa00000)
  to   space 13824K, 0% used [0x00000007bed80000,0x00000007bed80000,0x00000007bfb00000)
 ParOldGen       total 175104K, used 9517K [0x0000000740000000, 0x000000074ab00000, 0x0000000795580000)
  object space 175104K, 5% used [0x0000000740000000,0x000000074094b400,0x000000074ab00000)
 Metaspace       used 19302K, capacity 19636K, committed 19840K, reserved 1067008K
  class space    used 2335K, capacity 2431K, committed 2432K, reserved 1048576K
Event: 5.869 GC heap after
Heap after GC invocations=12 (full 0):
 PSYoungGen      total 679424K, used 1056K [0x0000000795580000, 0x00000007bfc00000, 0x00000007c0000000)
  eden space 665600K, 0% used [0x0000000795580000,0x0000000795580000,0x00000007bdf80000)
  from space 13824K, 7% used [0x00000007bed80000,0x00000007bee88000,0x00000007bfb00000)
  to   space 14336K, 0% used [0x00000007bdf80000,0x00000007bdf80000,0x00000007bed80000)
 ParOldGen       total 175104K, used 9589K [0x0000000740000000, 0x000000074ab00000, 0x0000000795580000)
  object space 175104K, 5% used [0x0000000740000000,0x000000074095d400,0x000000074ab00000)
 Metaspace       used 19302K, capacity 19636K, committed 19840K, reserved 1067008K
  class space    used 2335K, capacity 2431K, committed 2432K, reserved 1048576K
}
Event: 5.870 GC heap before
{Heap before GC invocations=13 (full 1):
 PSYoungGen      total 679424K, used 1056K [0x0000000795580000, 0x00000007bfc00000, 0x00000007c0000000)
  eden space 665600K, 0% used [0x0000000795580000,0x0000000795580000,0x00000007bdf80000)
  from space 13824K, 7% used [0x00000007bed80000,0x00000007bee88000,0x00000007bfb00000)
  to   space 14336K, 0% used [0x00000007bdf80000,0x00000007bdf80000,0x00000007bed80000)
 ParOldGen       total 175104K, used 9589K [0x0000000740000000, 0x000000074ab00000, 0x0000000795580000)
  object space 175104K, 5% used [0x0000000740000000,0x000000074095d400,0x000000074ab00000)
 Metaspace       used 19302K, capacity 19636K, committed 19840K, reserved 1067008K
  class space    used 2335K, capacity 2431K, committed 2432K, reserved 1048576K
Event: 5.924 GC heap after
Heap after GC invocations=13 (full 1):
 PSYoungGen      total 679424K, used 0K [0x0000000795580000, 0x00000007bfc00000, 0x00000007c0000000)
  eden space 665600K, 0% used [0x0000000795580000,0x0000000795580000,0x00000007bdf80000)
  from space 13824K, 0% used [0x00000007bed80000,0x00000007bed80000,0x00000007bfb00000)
  to   space 14336K, 0% used [0x00000007bdf80000,0x00000007bdf80000,0x00000007bed80000)
 ParOldGen       total 175104K, used 10104K [0x0000000740000000, 0x000000074ab00000, 0x0000000795580000)
  object space 175104K, 5% used [0x0000000740000000,0x00000007409de358,0x000000074ab00000)
 Metaspace       used 19302K, capacity 19636K, committed 19840K, reserved 1067008K
  class space    used 2335K, capacity 2431K, committed 2432K, reserved 1048576K
}

Deoptimization events (10 events):
Event: 5.794 Thread 0x00007ffe2789a000 Uncommon trap: reason=unstable_if action=reinterpret pc=0x0000000118d77368 method=org.exolab.castor.xml.util.XMLClassDescriptorResolverImpl$DescriptorCacheImpl.getDescriptorList(Ljava/lang/String;)Ljava/util/List; @ 15
Event: 5.811 Thread 0x00007ffe2789a000 Uncommon trap: reason=unstable_if action=reinterpret pc=0x0000000118cb27a0 method=org.apache.xml.serialize.Printer.printText(Ljava/lang/String;)V @ 17
Event: 5.814 Thread 0x00007ffe2789a000 Uncommon trap: reason=unstable_if action=reinterpret pc=0x0000000118d59fec method=org.apache.xml.serialize.Printer.printText(C)V @ 7
Event: 5.816 Thread 0x00007ffe2789a000 Uncommon trap: reason=unstable_if action=reinterpret pc=0x0000000118b4fc78 method=org.apache.xml.serialize.Printer.printText(C)V @ 7
Event: 5.819 Thread 0x00007ffe2789a000 Uncommon trap: reason=unstable_if action=reinterpret pc=0x00000001187456fc method=java.util.HashMap.putVal(ILjava/lang/Object;Ljava/lang/Object;ZZ)Ljava/lang/Object; @ 193
Event: 5.820 Thread 0x00007ffe2789a000 Uncommon trap: reason=class_check action=maybe_recompile pc=0x00000001186dcb78 method=java.io.Writer.write(Ljava/lang/String;)V @ 7
Event: 5.838 Thread 0x00007ffe2789a000 Uncommon trap: reason=unstable_if action=reinterpret pc=0x0000000118d030b4 method=org.exolab.castor.xml.FieldValidator.validate(Ljava/lang/Object;Lorg/exolab/castor/xml/ValidationContext;)V @ 377
Event: 5.850 Thread 0x00007ffe2789a000 Uncommon trap: reason=unstable_if action=reinterpret pc=0x0000000118e50d98 method=org.exolab.castor.xml.Marshaller.processAttribute(Ljava/lang/Object;Lorg/exolab/castor/xml/XMLFieldDescriptor;Lorg/xml/sax/helpers/AttributesImpl;)V @ 512
Event: 5.860 Thread 0x00007ffe2789a000 Uncommon trap: reason=class_check action=maybe_recompile pc=0x00000001186dcb78 method=java.io.Writer.write(Ljava/lang/String;)V @ 7
Event: 5.868 Thread 0x00007ffe2789a000 Uncommon trap: reason=class_check action=maybe_recompile pc=0x0000000118d95e7c method=java.util.HashMap.putMapEntries(Ljava/util/Map;Z)V @ 1

Internal exceptions (10 events):
Event: 1.451 Thread 0x00007ffe2789a000 Exception <a 'java/io/FileNotFoundException'> (0x0000000796a89f20) thrown at [/Users/java_re/workspace/8-2-build-macosx-x86_64/jdk8u121/8372/hotspot/src/share/vm/prims/jni.cpp, line 709]
Event: 1.679 Thread 0x00007ffe2789a000 Exception <a 'java/lang/NoSuchFieldError': method resolution failed> (0x00000007975f0598) thrown at [/Users/java_re/workspace/8-2-build-macosx-x86_64/jdk8u121/8372/hotspot/src/share/vm/prims/methodHandles.cpp, line 1146]
Event: 1.681 Thread 0x00007ffe2789a000 Exception <a 'java/lang/NoSuchFieldError': method resolution failed> (0x00000007975fdca8) thrown at [/Users/java_re/workspace/8-2-build-macosx-x86_64/jdk8u121/8372/hotspot/src/share/vm/prims/methodHandles.cpp, line 1146]
Event: 1.697 Thread 0x00007ffe2789a000 Exception <a 'java/io/FileNotFoundException'> (0x0000000797676a10) thrown at [/Users/java_re/workspace/8-2-build-macosx-x86_64/jdk8u121/8372/hotspot/src/share/vm/prims/jni.cpp, line 709]
Event: 1.697 Thread 0x00007ffe2789a000 Exception <a 'java/io/FileNotFoundException'> (0x0000000797677570) thrown at [/Users/java_re/workspace/8-2-build-macosx-x86_64/jdk8u121/8372/hotspot/src/share/vm/prims/jni.cpp, line 709]
Event: 1.720 Thread 0x00007ffe2789a000 Exception <a 'java/io/FileNotFoundException'> (0x0000000797684570) thrown at [/Users/java_re/workspace/8-2-build-macosx-x86_64/jdk8u121/8372/hotspot/src/share/vm/prims/jni.cpp, line 709]
Event: 2.074 Thread 0x00007ffe2789a000 Implicit null exception at 0x00000001185e6af5 to 0x00000001185e6d49
Event: 2.074 Thread 0x00007ffe2789a000 Implicit null exception at 0x00000001187426fb to 0x0000000118742fa1
Event: 2.075 Thread 0x00007ffe2789a000 Implicit null exception at 0x00000001188251af to 0x0000000118825219
Event: 4.582 Thread 0x00007ffe2789a000 Implicit null exception at 0x0000000118c8cfc1 to 0x0000000118c8d0e5

Events (10 events):
Event: 5.928 loading class com/spss/repository/client/application/RepositoryServerResourceAuthorizationException
Event: 5.928 loading class com/spss/repository/client/application/RepositoryServerResourceAuthorizationException done
Event: 5.928 loading class com/spss/repository/client/application/RepositoryServerLockException
Event: 5.928 loading class com/spss/repository/client/application/RepositoryServerLockException done
Event: 5.929 loading class java/net/URISyntaxException
Event: 5.929 loading class java/net/URISyntaxException done
Event: 5.929 loading class com/spss/repository/client/application/RepositoryServerDuplicateObjectNameException
Event: 5.929 loading class com/spss/repository/client/application/RepositoryServerDuplicateObjectNameException done
Event: 5.929 loading class javax/activation/MimeTypeParseException
Event: 5.929 loading class javax/activation/MimeTypeParseException done


Dynamic libraries:
0x000000000071c000 	/System/Library/Frameworks/CoreFoundation.framework/Versions/A/CoreFoundation
0x000000000071c000 	/System/Library/Frameworks/IOKit.framework/Versions/A/IOKit
0x000000000071c000 	/usr/lib/libstdc++.6.0.9.dylib
0x000000010a058000 	/Applications/IBM/SPSS/Statistics/25/SPSSStatistics.app/Contents/lib/libtempdir.dylib
0x000000010a07e000 	/Applications/IBM/SPSS/Statistics/25/SPSSStatistics.app/Contents/lib/libspssxd.dylib
0x000000010a32c000 	/Applications/IBM/SPSS/Statistics/25/SPSSStatistics.app/Contents/lib/libspssdxcom.dylib
0x000000010a370000 	/Applications/IBM/SPSS/Statistics/25/SPSSStatistics.app/Contents/common/ext/bin/spss.common/libscorelib850r.dylib
0x000000010a474000 	/Applications/IBM/SPSS/Statistics/25/SPSSStatistics.app/Contents/common/ext/bin/spss.common/libGeneralRegressionModel850r.dylib
0x000000010a4ef000 	/Applications/IBM/SPSS/Statistics/25/SPSSStatistics.app/Contents/common/ext/bin/spss.common/libdiscriminant-model850r.dylib
0x000000000071c000 	/usr/lib/libSystem.B.dylib
0x000000000071c000 	/usr/lib/libDiagnosticMessagesClient.dylib
0x000000000071c000 	/usr/lib/libicucore.A.dylib
0x000000000071c000 	/usr/lib/libobjc.A.dylib
0x000000000071c000 	/usr/lib/libz.1.dylib
0x000000000071c000 	/usr/lib/system/libcache.dylib
0x000000000071c000 	/usr/lib/system/libcommonCrypto.dylib
0x000000000071c000 	/usr/lib/system/libcompiler_rt.dylib
0x000000000071c000 	/usr/lib/system/libcopyfile.dylib
0x000000000071c000 	/usr/lib/system/libcorecrypto.dylib
0x000000000071c000 	/usr/lib/system/libdispatch.dylib
0x000000000071c000 	/usr/lib/system/libdyld.dylib
0x000000000071c000 	/usr/lib/system/libkeymgr.dylib
0x000000000071c000 	/usr/lib/system/liblaunch.dylib
0x000000000071c000 	/usr/lib/system/libmacho.dylib
0x000000000071c000 	/usr/lib/system/libquarantine.dylib
0x000000000071c000 	/usr/lib/system/libremovefile.dylib
0x000000000071c000 	/usr/lib/system/libsystem_asl.dylib
0x000000000071c000 	/usr/lib/system/libsystem_blocks.dylib
0x000000000071c000 	/usr/lib/system/libsystem_c.dylib
0x000000000071c000 	/usr/lib/system/libsystem_configuration.dylib
0x000000000071c000 	/usr/lib/system/libsystem_coreservices.dylib
0x000000000071c000 	/usr/lib/system/libsystem_darwin.dylib
0x000000000071c000 	/usr/lib/system/libsystem_dnssd.dylib
0x000000000071c000 	/usr/lib/system/libsystem_info.dylib
0x000000000071c000 	/usr/lib/system/libsystem_m.dylib
0x000000000071c000 	/usr/lib/system/libsystem_malloc.dylib
0x000000000071c000 	/usr/lib/system/libsystem_network.dylib
0x000000000071c000 	/usr/lib/system/libsystem_networkextension.dylib
0x000000000071c000 	/usr/lib/system/libsystem_notify.dylib
0x000000000071c000 	/usr/lib/system/libsystem_sandbox.dylib
0x000000000071c000 	/usr/lib/system/libsystem_secinit.dylib
0x000000000071c000 	/usr/lib/system/libsystem_kernel.dylib
0x000000000071c000 	/usr/lib/system/libsystem_platform.dylib
0x000000000071c000 	/usr/lib/system/libsystem_pthread.dylib
0x000000000071c000 	/usr/lib/system/libsystem_symptoms.dylib
0x000000000071c000 	/usr/lib/system/libsystem_trace.dylib
0x000000000071c000 	/usr/lib/system/libunwind.dylib
0x000000000071c000 	/usr/lib/system/libxpc.dylib
0x000000000071c000 	/usr/lib/closure/libclosured.dylib
0x000000000071c000 	/usr/lib/libc++abi.dylib
0x000000000071c000 	/usr/lib/libc++.1.dylib
0x000000000071c000 	/usr/lib/libenergytrace.dylib
0x000000000071c000 	/usr/lib/libbsm.0.dylib
0x000000000071c000 	/usr/lib/system/libkxld.dylib
0x000000010a513000 	/Applications/IBM/SPSS/Statistics/25/SPSSStatistics.app/Contents/lib/libifcoremt.dylib
0x000000010a68d000 	/Applications/IBM/SPSS/Statistics/25/SPSSStatistics.app/Contents/lib/libimf.dylib
0x000000010a9b0000 	/Applications/IBM/SPSS/Statistics/25/SPSSStatistics.app/Contents/lib/libsvml.dylib
0x000000010b4a7000 	/Applications/IBM/SPSS/Statistics/25/SPSSStatistics.app/Contents/lib/libintlc.dylib
0x000000010b4f7000 	/Applications/IBM/SPSS/Statistics/25/SPSSStatistics.app/Contents/lib/libplatdep.dylib
0x000000010b544000 	/Applications/IBM/SPSS/Statistics/25/SPSSStatistics.app/Contents/lib/libgsk8iccs.dylib
0x000000010b5b9000 	/Applications/IBM/SPSS/Statistics/25/SPSSStatistics.app/Contents/lib/libsockbsd.dylib
0x000000010b5cb000 	/Applications/IBM/SPSS/Statistics/25/SPSSStatistics.app/Contents/lib/libsfthread.dylib
0x000000010b5df000 	/Applications/IBM/SPSS/Statistics/25/SPSSStatistics.app/Contents/lib/libvserial.dylib
0x000000010b5fc000 	/Applications/IBM/SPSS/Statistics/25/SPSSStatistics.app/Contents/lib/libvutility.dylib
0x000000010b608000 	/Applications/IBM/SPSS/Statistics/25/SPSSStatistics.app/Contents/lib/libicuuc.51.2.dylib
0x000000010b7e5000 	/Applications/IBM/SPSS/Statistics/25/SPSSStatistics.app/Contents/lib/libicui18n.51.2.dylib
0x000000010babc000 	/Applications/IBM/SPSS/Statistics/25/SPSSStatistics.app/Contents/lib/libxerces-c-3.1.dylib
0x000000010cda0000 	/Applications/IBM/SPSS/Statistics/25/SPSSStatistics.app/Contents/lib/libicudata.51.2.dylib
0x000000010e2ec000 	/Applications/IBM/SPSS/Statistics/25/SPSSStatistics.app/Contents/lib/libspsswlib.dylib
0x000000010a077000 	/Applications/IBM/SPSS/Statistics/25/SPSSStatistics.app/Contents/lib/libcpuinfo.dylib
0x000000010be95000 	/Applications/IBM/SPSS/Statistics/25/SPSSStatistics.app/Contents/lib/libomcell.dylib
0x000000010beb8000 	/Applications/IBM/SPSS/Statistics/25/SPSSStatistics.app/Contents/lib/libomfactry.dylib
0x000000010bf5e000 	/Applications/IBM/SPSS/Statistics/25/SPSSStatistics.app/Contents/lib/libomtree.dylib
0x000000010bf99000 	/Applications/IBM/SPSS/Statistics/25/SPSSStatistics.app/Contents/lib/libomxxml.dylib
0x000000010bfd3000 	/Applications/IBM/SPSS/Statistics/25/SPSSStatistics.app/Contents/lib/libomxsav.dylib
0x000000010bfe5000 	/Applications/IBM/SPSS/Statistics/25/SPSSStatistics.app/Contents/lib/libomxhtml.dylib
0x000000010c00a000 	/Applications/IBM/SPSS/Statistics/25/SPSSStatistics.app/Contents/lib/libomxtext.dylib
0x000000010c02d000 	/Applications/IBM/SPSS/Statistics/25/SPSSStatistics.app/Contents/lib/libomxspv.dylib
0x000000010a4e8000 	/Applications/IBM/SPSS/Statistics/25/SPSSStatistics.app/Contents/lib/libspssjni.dylib
0x000000010c035000 	/Applications/IBM/SPSS/Statistics/25/SPSSStatistics.app/Contents/lib/libspssjvm.dylib
0x000000010c042000 	/Applications/IBM/SPSS/Statistics/25/SPSSStatistics.app/Contents/lib/libvizedit.dylib
0x000000010c061000 	/Applications/IBM/SPSS/Statistics/25/SPSSStatistics.app/Contents/lib/libtransspc.dylib
0x000000010c08e000 	/Applications/IBM/SPSS/Statistics/25/SPSSStatistics.app/Contents/lib/libdedstore.dylib
0x000000010c0a9000 	/Applications/IBM/SPSS/Statistics/25/SPSSStatistics.app/Contents/lib/libsvrdmgr.dylib
0x000000010c0ca000 	/Applications/IBM/SPSS/Statistics/25/SPSSStatistics.app/Contents/lib/libdatasrc.dylib
0x000000010c16e000 	/Applications/IBM/SPSS/Statistics/25/SPSSStatistics.app/Contents/lib/libsvrerrs.dylib
0x000000010c176000 	/Applications/IBM/SPSS/Statistics/25/SPSSStatistics.app/Contents/lib/libspssdemg.dylib
0x000000010c1bc000 	/Applications/IBM/SPSS/Statistics/25/SPSSStatistics.app/Contents/lib/libcpputil.dylib
0x000000010c1f7000 	/Applications/IBM/SPSS/Statistics/25/SPSSStatistics.app/Contents/lib/libstrtable.dylib
0x00000000d4207000 	/Applications/IBM/SPSS/Statistics/25/SPSSStatistics.app/Contents/lib/libxalan-c.111.0.dylib
0x000000010c851000 	/Applications/IBM/SPSS/Statistics/25/SPSSStatistics.app/Contents/lib/libchartutl.dylib
0x000000010a9aa000 	/Applications/IBM/SPSS/Statistics/25/SPSSStatistics.app/Contents/lib/libspssmsgs.dylib
0x000000010c95c000 	/Applications/IBM/SPSS/Statistics/25/SPSSStatistics.app/Contents/lib/libvizchart.dylib
0x000000010cb7f000 	/Applications/IBM/SPSS/Statistics/25/SPSSStatistics.app/Contents/lib/libzlib1211spss.dylib
0x000000010cbb1000 	/Applications/IBM/SPSS/Statistics/25/SPSSStatistics.app/Contents/lib/libindutil.dylib
0x00000000ccbbd000 	/Applications/IBM/SPSS/Statistics/25/SPSSStatistics.app/Contents/lib/libxalanMsg.111.0.dylib
0x000000010cbca000 	/Applications/IBM/SPSS/Statistics/25/SPSSStatistics.app/Contents/lib/libspssiocv.dylib
0x000000010a07a000 	/Applications/IBM/SPSS/Statistics/25/SPSSStatistics.app/Contents/lib/libreadonly.dylib
0x000000010b4f2000 	/Applications/IBM/SPSS/Statistics/25/SPSSStatistics.app/Contents/lib/libtmsutil.dylib
0x000000010cbff000 	/Applications/IBM/SPSS/Statistics/25/SPSSStatistics.app/Contents/lib/libcvtrans.dylib
0x000000006cc40000 	/Applications/IBM/SPSS/Statistics/25/SPSSStatistics.app/Contents/Library/Frameworks/Sentinel.framework/Versions/A/Sentinel
0x000000010cc58000 	/Applications/IBM/SPSS/Statistics/25/SPSSStatistics.app/Contents/Library/Frameworks/SuperPro.framework/Versions/A/SuperPro
0x000000010b5c5000 	/Applications/IBM/SPSS/Statistics/25/SPSSStatistics.app/Contents/lib/libcmddata.dylib
0x000000010cc6e000 	/Applications/IBM/SPSS/Statistics/25/SPSSStatistics.app/Contents/lib/libmcbstsps.dylib
0x000000000071c000 	/usr/lib/libiconv.2.dylib
0x000000000071c000 	/System/Library/Frameworks/CoreServices.framework/Versions/A/CoreServices
0x000000000071c000 	/System/Library/Frameworks/CFNetwork.framework/Versions/A/CFNetwork
0x000000000071c000 	/System/Library/Frameworks/CoreServices.framework/Versions/A/Frameworks/FSEvents.framework/Versions/A/FSEvents
0x000000000071c000 	/System/Library/Frameworks/CoreServices.framework/Versions/A/Frameworks/CarbonCore.framework/Versions/A/CarbonCore
0x000000000071c000 	/System/Library/Frameworks/CoreServices.framework/Versions/A/Frameworks/Metadata.framework/Versions/A/Metadata
0x000000000071c000 	/System/Library/Frameworks/CoreServices.framework/Versions/A/Frameworks/OSServices.framework/Versions/A/OSServices
0x000000000071c000 	/System/Library/Frameworks/CoreServices.framework/Versions/A/Frameworks/SearchKit.framework/Versions/A/SearchKit
0x000000000071c000 	/System/Library/Frameworks/CoreServices.framework/Versions/A/Frameworks/AE.framework/Versions/A/AE
0x000000000071c000 	/System/Library/Frameworks/CoreServices.framework/Versions/A/Frameworks/LaunchServices.framework/Versions/A/LaunchServices
0x000000000071c000 	/System/Library/Frameworks/CoreServices.framework/Versions/A/Frameworks/DictionaryServices.framework/Versions/A/DictionaryServices
0x000000000071c000 	/System/Library/Frameworks/CoreServices.framework/Versions/A/Frameworks/SharedFileList.framework/Versions/A/SharedFileList
0x000000000071c000 	/usr/lib/libauto.dylib
0x000000000071c000 	/System/Library/Frameworks/SystemConfiguration.framework/Versions/A/SystemConfiguration
0x000000000071c000 	/System/Library/Frameworks/Security.framework/Versions/A/Security
0x000000000071c000 	/usr/lib/libsqlite3.dylib
0x000000000071c000 	/usr/lib/libxml2.2.dylib
0x000000000071c000 	/usr/lib/libnetwork.dylib
0x000000000071c000 	/usr/lib/libapple_nghttp2.dylib
0x000000000071c000 	/usr/lib/libpcap.A.dylib
0x000000000071c000 	/usr/lib/libboringssl.dylib
0x000000000071c000 	/usr/lib/libusrtcp.dylib
0x000000000071c000 	/usr/lib/libcoretls.dylib
0x000000000071c000 	/usr/lib/libcoretls_cfhelpers.dylib
0x000000000071c000 	/usr/lib/libapple_crypto.dylib
0x000000000071c000 	/System/Library/Frameworks/Foundation.framework/Versions/C/Foundation
0x000000000071c000 	/usr/lib/libOpenScriptingUtil.dylib
0x000000000071c000 	/usr/lib/libpam.2.dylib
0x000000000071c000 	/usr/lib/libxar.1.dylib
0x000000000071c000 	/System/Library/Frameworks/DiskArbitration.framework/Versions/A/DiskArbitration
0x000000000071c000 	/usr/lib/libarchive.2.dylib
0x000000000071c000 	/usr/lib/liblangid.dylib
0x000000000071c000 	/usr/lib/libCRFSuite.dylib
0x000000000071c000 	/usr/lib/libbz2.1.0.dylib
0x000000000071c000 	/usr/lib/liblzma.5.dylib
0x000000000071c000 	/System/Library/Frameworks/NetFS.framework/Versions/A/NetFS
0x000000000071c000 	/System/Library/PrivateFrameworks/NetAuth.framework/Versions/A/NetAuth
0x000000000071c000 	/System/Library/PrivateFrameworks/login.framework/Versions/A/Frameworks/loginsupport.framework/Versions/A/loginsupport
0x000000000071c000 	/System/Library/PrivateFrameworks/TCC.framework/Versions/A/TCC
0x000000000071c000 	/usr/lib/libmecabra.dylib
0x000000000071c000 	/System/Library/Frameworks/ApplicationServices.framework/Versions/A/ApplicationServices
0x000000000071c000 	/System/Library/Frameworks/CoreGraphics.framework/Versions/A/CoreGraphics
0x000000000071c000 	/System/Library/Frameworks/CoreText.framework/Versions/A/CoreText
0x000000000071c000 	/System/Library/Frameworks/ImageIO.framework/Versions/A/ImageIO
0x000000000071c000 	/System/Library/Frameworks/ColorSync.framework/Versions/A/ColorSync
0x000000000071c000 	/System/Library/Frameworks/ApplicationServices.framework/Versions/A/Frameworks/ATS.framework/Versions/A/ATS
0x000000000071c000 	/System/Library/Frameworks/ApplicationServices.framework/Versions/A/Frameworks/ColorSyncLegacy.framework/Versions/A/ColorSyncLegacy
0x000000000071c000 	/System/Library/Frameworks/ApplicationServices.framework/Versions/A/Frameworks/HIServices.framework/Versions/A/HIServices
0x000000000071c000 	/System/Library/Frameworks/ApplicationServices.framework/Versions/A/Frameworks/LangAnalysis.framework/Versions/A/LangAnalysis
0x000000000071c000 	/System/Library/Frameworks/ApplicationServices.framework/Versions/A/Frameworks/PrintCore.framework/Versions/A/PrintCore
0x000000000071c000 	/System/Library/Frameworks/ApplicationServices.framework/Versions/A/Frameworks/QD.framework/Versions/A/QD
0x000000000071c000 	/System/Library/Frameworks/ApplicationServices.framework/Versions/A/Frameworks/SpeechSynthesis.framework/Versions/A/SpeechSynthesis
0x000000000071c000 	/System/Library/PrivateFrameworks/SkyLight.framework/Versions/A/SkyLight
0x000000000071c000 	/System/Library/Frameworks/Accelerate.framework/Versions/A/Accelerate
0x000000000071c000 	/System/Library/Frameworks/CoreDisplay.framework/Versions/A/CoreDisplay
0x000000000071c000 	/System/Library/Frameworks/IOSurface.framework/Versions/A/IOSurface
0x000000000071c000 	/System/Library/Frameworks/Metal.framework/Versions/A/Metal
0x000000000071c000 	/System/Library/PrivateFrameworks/MultitouchSupport.framework/Versions/A/MultitouchSupport
0x000000000071c000 	/System/Library/Frameworks/QuartzCore.framework/Versions/A/QuartzCore
0x000000000071c000 	/System/Library/Frameworks/Accelerate.framework/Versions/A/Frameworks/vImage.framework/Versions/A/vImage
0x000000000071c000 	/System/Library/Frameworks/Accelerate.framework/Versions/A/Frameworks/vecLib.framework/Versions/A/vecLib
0x000000000071c000 	/System/Library/Frameworks/Accelerate.framework/Versions/A/Frameworks/vecLib.framework/Versions/A/libvDSP.dylib
0x000000000071c000 	/System/Library/Frameworks/Accelerate.framework/Versions/A/Frameworks/vecLib.framework/Versions/A/libBNNS.dylib
0x000000000071c000 	/System/Library/Frameworks/Accelerate.framework/Versions/A/Frameworks/vecLib.framework/Versions/A/libQuadrature.dylib
0x000000000071c000 	/System/Library/Frameworks/Accelerate.framework/Versions/A/Frameworks/vecLib.framework/Versions/A/libvMisc.dylib
0x000000000071c000 	/System/Library/Frameworks/Accelerate.framework/Versions/A/Frameworks/vecLib.framework/Versions/A/libLAPACK.dylib
0x000000000071c000 	/System/Library/Frameworks/Accelerate.framework/Versions/A/Frameworks/vecLib.framework/Versions/A/libBLAS.dylib
0x000000000071c000 	/System/Library/Frameworks/Accelerate.framework/Versions/A/Frameworks/vecLib.framework/Versions/A/libLinearAlgebra.dylib
0x000000000071c000 	/System/Library/Frameworks/Accelerate.framework/Versions/A/Frameworks/vecLib.framework/Versions/A/libSparse.dylib
0x000000000071c000 	/System/Library/Frameworks/Accelerate.framework/Versions/A/Frameworks/vecLib.framework/Versions/A/libSparseBLAS.dylib
0x000000000071c000 	/System/Library/PrivateFrameworks/IOAccelerator.framework/Versions/A/IOAccelerator
0x000000000071c000 	/System/Library/PrivateFrameworks/IOPresentment.framework/Versions/A/IOPresentment
0x000000000071c000 	/System/Library/PrivateFrameworks/DSExternalDisplay.framework/Versions/A/DSExternalDisplay
0x000000000071c000 	/System/Library/Frameworks/OpenGL.framework/Versions/A/Libraries/libCoreFSCache.dylib
0x000000000071c000 	/System/Library/Frameworks/CoreImage.framework/Versions/A/CoreImage
0x000000000071c000 	/System/Library/Frameworks/CoreVideo.framework/Versions/A/CoreVideo
0x000000000071c000 	/System/Library/Frameworks/OpenGL.framework/Versions/A/OpenGL
0x000000000071c000 	/System/Library/PrivateFrameworks/GraphVisualizer.framework/Versions/A/GraphVisualizer
0x000000000071c000 	/System/Library/Frameworks/MetalPerformanceShaders.framework/Versions/A/MetalPerformanceShaders
0x000000000071c000 	/usr/lib/libFosl_dynamic.dylib
0x000000000071c000 	/System/Library/PrivateFrameworks/FaceCore.framework/Versions/A/FaceCore
0x000000000071c000 	/System/Library/Frameworks/OpenCL.framework/Versions/A/OpenCL
0x000000000071c000 	/usr/lib/libcompression.dylib
0x000000000071c000 	/System/Library/Frameworks/ApplicationServices.framework/Versions/A/Frameworks/ATS.framework/Versions/A/Resources/libFontParser.dylib
0x000000000071c000 	/System/Library/Frameworks/ApplicationServices.framework/Versions/A/Frameworks/ATS.framework/Versions/A/Resources/libFontRegistry.dylib
0x000000000071c000 	/System/Library/Frameworks/ImageIO.framework/Versions/A/Resources/libJPEG.dylib
0x000000000071c000 	/System/Library/Frameworks/ImageIO.framework/Versions/A/Resources/libTIFF.dylib
0x000000000071c000 	/System/Library/Frameworks/ImageIO.framework/Versions/A/Resources/libPng.dylib
0x000000000071c000 	/System/Library/Frameworks/ImageIO.framework/Versions/A/Resources/libGIF.dylib
0x000000000071c000 	/System/Library/Frameworks/ImageIO.framework/Versions/A/Resources/libJP2.dylib
0x000000000071c000 	/System/Library/Frameworks/ImageIO.framework/Versions/A/Resources/libRadiance.dylib
0x000000000071c000 	/System/Library/PrivateFrameworks/AppleJPEG.framework/Versions/A/AppleJPEG
0x000000000071c000 	/System/Library/PrivateFrameworks/MetalTools.framework/Versions/A/MetalTools
0x000000000071c000 	/System/Library/Frameworks/MetalPerformanceShaders.framework/Frameworks/MPSCore.framework/Versions/A/MPSCore
0x000000000071c000 	/System/Library/Frameworks/MetalPerformanceShaders.framework/Frameworks/MPSImage.framework/Versions/A/MPSImage
0x000000000071c000 	/System/Library/Frameworks/MetalPerformanceShaders.framework/Frameworks/MPSMatrix.framework/Versions/A/MPSMatrix
0x000000000071c000 	/System/Library/Frameworks/MetalPerformanceShaders.framework/Frameworks/MPSNeuralNetwork.framework/Versions/A/MPSNeuralNetwork
0x000000000071c000 	/System/Library/Frameworks/OpenGL.framework/Versions/A/Libraries/libGLU.dylib
0x000000000071c000 	/System/Library/Frameworks/OpenGL.framework/Versions/A/Libraries/libGFXShared.dylib
0x000000000071c000 	/System/Library/Frameworks/OpenGL.framework/Versions/A/Libraries/libGL.dylib
0x000000000071c000 	/System/Library/Frameworks/OpenGL.framework/Versions/A/Libraries/libGLImage.dylib
0x000000000071c000 	/System/Library/Frameworks/OpenGL.framework/Versions/A/Libraries/libCVMSPluginSupport.dylib
0x000000000071c000 	/System/Library/Frameworks/OpenGL.framework/Versions/A/Libraries/libCoreVMClient.dylib
0x000000000071c000 	/usr/lib/libcups.2.dylib
0x000000000071c000 	/System/Library/Frameworks/Kerberos.framework/Versions/A/Kerberos
0x000000000071c000 	/System/Library/Frameworks/GSS.framework/Versions/A/GSS
0x000000000071c000 	/usr/lib/libresolv.9.dylib
0x000000000071c000 	/System/Library/PrivateFrameworks/Heimdal.framework/Versions/A/Heimdal
0x000000000071c000 	/usr/lib/libheimdal-asn1.dylib
0x000000000071c000 	/System/Library/Frameworks/OpenDirectory.framework/Versions/A/OpenDirectory
0x000000000071c000 	/System/Library/PrivateFrameworks/CommonAuth.framework/Versions/A/CommonAuth
0x000000000071c000 	/System/Library/Frameworks/OpenDirectory.framework/Versions/A/Frameworks/CFOpenDirectory.framework/Versions/A/CFOpenDirectory
0x000000000071c000 	/System/Library/Frameworks/SecurityFoundation.framework/Versions/A/SecurityFoundation
0x000000000071c000 	/System/Library/PrivateFrameworks/APFS.framework/Versions/A/APFS
0x000000000071c000 	/usr/lib/libutil.dylib
0x000000000071c000 	/System/Library/Frameworks/CoreAudio.framework/Versions/A/CoreAudio
0x000000000071c000 	/System/Library/Frameworks/AudioToolbox.framework/Versions/A/AudioToolbox
0x000000000071c000 	/System/Library/PrivateFrameworks/AppleSauce.framework/Versions/A/AppleSauce
0x000000000071c000 	/System/Library/PrivateFrameworks/LinguisticData.framework/Versions/A/LinguisticData
0x000000000071c000 	/usr/lib/libmarisa.dylib
0x000000000071c000 	/System/Library/PrivateFrameworks/Lexicon.framework/Versions/A/Lexicon
0x000000000071c000 	/usr/lib/libChineseTokenizer.dylib
0x000000000071c000 	/usr/lib/libcmph.dylib
0x000000000071c000 	/System/Library/PrivateFrameworks/LanguageModeling.framework/Versions/A/LanguageModeling
0x000000000071c000 	/System/Library/Frameworks/CoreData.framework/Versions/A/CoreData
0x000000000071c000 	/System/Library/PrivateFrameworks/CoreEmoji.framework/Versions/A/CoreEmoji
0x000000000071c000 	/System/Library/Frameworks/ServiceManagement.framework/Versions/A/ServiceManagement
0x000000000071c000 	/System/Library/PrivateFrameworks/BackgroundTaskManagement.framework/Versions/A/BackgroundTaskManagement
0x000000000071c000 	/usr/lib/libxslt.1.dylib
0x000000010cc76000 	/Applications/IBM/SPSS/Statistics/25/SPSSStatistics.app/Contents/lib/libdatastr.dylib
0x000000010cc92000 	/Applications/IBM/SPSS/Statistics/25/SPSSStatistics.app/Contents/lib/libstacrypt.dylib
0x00000001106b0000 	/Applications/IBM/SPSS/Statistics/25/SPSSStatistics.app/Contents/lib/libmccomsps.dylib
0x000000010cc9f000 	/Applications/IBM/SPSS/Statistics/25/SPSSStatistics.app/Contents/lib/libspsspool.dylib
0x00000001107b3000 	/Applications/IBM/SPSS/Statistics/25/SPSSStatistics.app/Contents/lib/libxchart.dylib
0x0000000110837000 	/Applications/IBM/SPSS/Statistics/25/SPSSStatistics.app/Contents/lib/libviewerxml.dylib
0x0000000113387000 	/Applications/IBM/SPSS/Statistics/25/SPSSStatistics.app/Contents/lib/libspsswctl.dylib
0x000000011091c000 	/Applications/IBM/SPSS/Statistics/25/SPSSStatistics.app/Contents/lib/libuparser.dylib
0x0000000110989000 	/Applications/IBM/SPSS/Statistics/25/SPSSStatistics.app/Contents/lib/libspssdx.dylib
0x00000001109b5000 	/Applications/IBM/SPSS/Statistics/25/SPSSStatistics.app/Contents/lib/libomsopmgr.dylib
0x000000011349b000 	/Applications/IBM/SPSS/Statistics/25/SPSSStatistics.app/Contents/lib/libspsswcis.dylib
0x00000001135cc000 	/Applications/IBM/SPSS/Statistics/25/SPSSStatistics.app/Contents/lib/libspsswmsg.dylib
0x00000001135f4000 	/Applications/IBM/SPSS/Statistics/25/SPSSStatistics.app/Contents/lib/libuadapter.dylib
0x0000000113629000 	/Applications/IBM/SPSS/Statistics/25/SPSSStatistics.app/Contents/lib/libspssclef.dylib
0x000000011366d000 	/Applications/IBM/SPSS/Statistics/25/SPSSStatistics.app/Contents/ext/bin/spss.common/libcfcore.dylib
0x0000000113752000 	/Applications/IBM/SPSS/Statistics/25/SPSSStatistics.app/Contents/ext/bin/spss.common/libcfcommon.dylib
0x00000001137cb000 	/Applications/IBM/SPSS/Statistics/25/SPSSStatistics.app/Contents/lib/libfmsgs.dylib
0x00000001137ff000 	/Applications/IBM/SPSS/Statistics/25/SPSSStatistics.app/Contents/lib/libnetcom.dylib
0x000000010ccf9000 	/Applications/IBM/SPSS/Statistics/25/SPSSStatistics.app/Contents/lib/libfwutility.dylib
0x00000001109dc000 	/Applications/IBM/SPSS/Statistics/25/SPSSStatistics.app/Contents/lib/libfilesort.dylib
0x0000000113827000 	/Applications/IBM/SPSS/Statistics/25/SPSSStatistics.app/Contents/lib/libmtxp.dylib
0x00000001109f0000 	/Applications/IBM/SPSS/Statistics/25/SPSSStatistics.app/Contents/ext/bin/spss.common/libcorethread.dylib
0x000000010b5f5000 	/Applications/IBM/SPSS/Statistics/25/SPSSStatistics.app/Contents/ext/bin/spss.common/libcfthread.dylib
0x0000000113843000 	/Applications/IBM/SPSS/Statistics/25/SPSSStatistics.app/Contents/common/ext/bin/spss.common/libcfcomserv.dylib
0x000000011385b000 	/Applications/IBM/SPSS/Statistics/25/SPSSStatistics.app/Contents/ext/bin/spss.common/libcfextension.dylib
0x0000000113893000 	/Applications/IBM/SPSS/Statistics/25/SPSSStatistics.app/Contents/ext/bin/spss.common/libcffilter.dylib
0x00000001138a2000 	/Applications/IBM/SPSS/Statistics/25/SPSSStatistics.app/Contents/ext/bin/spss.common/libcfcatencode.dylib
0x000000010b5da000 	/Applications/IBM/SPSS/Statistics/25/SPSSStatistics.app/Contents/ext/bin/spss.common/libcfcomstatistic.dylib
0x00000001138c1000 	/Applications/IBM/SPSS/Statistics/25/SPSSStatistics.app/Contents/ext/bin/spss.common/libtempfiles.dylib
0x00000001168e7000 	/Applications/IBM/SPSS/Statistics/25/SPSSStatistics.app/Contents/lib/libpesrepo.dylib
0x0000000117203000 	/Applications/IBM/SPSS/Statistics/25/SPSSStatistics.app/Contents/lib/libspsswfil.dylib
0x00000001172a3000 	/Applications/IBM/SPSS/Statistics/25/SPSSStatistics.app/Contents/lib/libchartxml.dylib
0x0000000117303000 	/Applications/IBM/SPSS/Statistics/25/SPSSStatistics.app/Contents/lib/libxlsxdac.dylib
0x000000011733b000 	/Applications/IBM/SPSS/Statistics/25/SPSSStatistics.app/Contents/lib/libpkginpr.dylib
0x0000000117344000 	/Applications/IBM/SPSS/Statistics/25/SPSSStatistics.app/Contents/lib/libdacmmsgs.dylib
0x000000010bab5000 	/Applications/IBM/SPSS/Statistics/25/SPSSStatistics.app/Contents/lib/libtxtwdmsg.dylib
0x0000000117350000 	/Applications/IBM/SPSS/Statistics/25/SPSSStatistics.app/Contents/JRE/lib/jli/libjli.dylib
0x000000000071c000 	/System/Library/Frameworks/Cocoa.framework/Versions/A/Cocoa
0x000000000071c000 	/System/Library/Frameworks/AppKit.framework/Versions/C/AppKit
0x000000000071c000 	/System/Library/PrivateFrameworks/RemoteViewServices.framework/Versions/A/RemoteViewServices
0x000000000071c000 	/System/Library/PrivateFrameworks/UIFoundation.framework/Versions/A/UIFoundation
0x000000000071c000 	/System/Library/PrivateFrameworks/DFRFoundation.framework/Versions/A/DFRFoundation
0x000000000071c000 	/System/Library/PrivateFrameworks/DesktopServicesPriv.framework/Versions/A/DesktopServicesPriv
0x000000000071c000 	/usr/lib/libScreenReader.dylib
0x000000000071c000 	/System/Library/Frameworks/AudioUnit.framework/Versions/A/AudioUnit
0x000000000071c000 	/System/Library/PrivateFrameworks/DataDetectorsCore.framework/Versions/A/DataDetectorsCore
0x000000000071c000 	/System/Library/Frameworks/Carbon.framework/Versions/A/Frameworks/HIToolbox.framework/Versions/A/HIToolbox
0x000000000071c000 	/System/Library/Frameworks/Carbon.framework/Versions/A/Frameworks/SpeechRecognition.framework/Versions/A/SpeechRecognition
0x000000000071c000 	/System/Library/PrivateFrameworks/CoreUI.framework/Versions/A/CoreUI
0x000000000071c000 	/System/Library/PrivateFrameworks/PerformanceAnalysis.framework/Versions/A/PerformanceAnalysis
0x000000000071c000 	/System/Library/PrivateFrameworks/Backup.framework/Versions/A/Backup
0x000000000071c000 	/System/Library/Frameworks/Carbon.framework/Versions/A/Frameworks/Ink.framework/Versions/A/Ink
0x000000000071c000 	/System/Library/PrivateFrameworks/TextureIO.framework/Versions/A/TextureIO
0x000000000071c000 	/usr/lib/libate.dylib
0x000000000071c000 	/System/Library/PrivateFrameworks/CrashReporterSupport.framework/Versions/A/CrashReporterSupport
0x000000000071c000 	/System/Library/PrivateFrameworks/Sharing.framework/Versions/A/Sharing
0x000000000071c000 	/System/Library/PrivateFrameworks/IconServices.framework/Versions/A/IconServices
0x000000000071c000 	/System/Library/PrivateFrameworks/ProtocolBuffer.framework/Versions/A/ProtocolBuffer
0x000000000071c000 	/System/Library/PrivateFrameworks/Apple80211.framework/Versions/A/Apple80211
0x000000000071c000 	/System/Library/Frameworks/CoreWLAN.framework/Versions/A/CoreWLAN
0x000000000071c000 	/System/Library/PrivateFrameworks/CoreUtils.framework/Versions/A/CoreUtils
0x000000000071c000 	/System/Library/Frameworks/IOBluetooth.framework/Versions/A/IOBluetooth
0x000000000071c000 	/System/Library/PrivateFrameworks/CoreWiFi.framework/Versions/A/CoreWiFi
0x000000000071c000 	/System/Library/Frameworks/CoreBluetooth.framework/Versions/A/CoreBluetooth
0x000000000071c000 	/System/Library/PrivateFrameworks/SignpostNotification.framework/Versions/A/SignpostNotification
0x000000000071c000 	/System/Library/PrivateFrameworks/DebugSymbols.framework/Versions/A/DebugSymbols
0x000000000071c000 	/System/Library/PrivateFrameworks/CoreSymbolication.framework/Versions/A/CoreSymbolication
0x000000000071c000 	/System/Library/PrivateFrameworks/Symbolication.framework/Versions/A/Symbolication
0x000000000071c000 	/System/Library/PrivateFrameworks/AppleFSCompression.framework/Versions/A/AppleFSCompression
0x000000000071c000 	/System/Library/PrivateFrameworks/SpeechRecognitionCore.framework/Versions/A/SpeechRecognitionCore
0x0000000117360000 	/Applications/IBM/SPSS/Statistics/25/SPSSStatistics.app/Contents/JRE//lib/server/libjvm.dylib
0x0000000118302000 	/Applications/IBM/SPSS/Statistics/25/SPSSStatistics.app/Contents/JRE/lib/libverify.dylib
0x0000000118310000 	/Applications/IBM/SPSS/Statistics/25/SPSSStatistics.app/Contents/JRE/lib/libjava.dylib
0x0000000118345000 	/Applications/IBM/SPSS/Statistics/25/SPSSStatistics.app/Contents/JRE/lib/libzip.dylib
0x000000000071c000 	/System/Library/Frameworks/JavaVM.framework/Versions/A/Frameworks/JavaRuntimeSupport.framework/Versions/A/JavaRuntimeSupport
0x000000000071c000 	/System/Library/Frameworks/JavaVM.framework/Versions/A/Frameworks/JavaNativeFoundation.framework/Versions/A/JavaNativeFoundation
0x000000000071c000 	/System/Library/Frameworks/JavaVM.framework/Versions/A/JavaVM
0x000000000071c000 	/System/Library/Frameworks/Carbon.framework/Versions/A/Carbon
0x000000000071c000 	/System/Library/PrivateFrameworks/JavaLaunching.framework/Versions/A/JavaLaunching
0x000000000071c000 	/System/Library/Frameworks/Carbon.framework/Versions/A/Frameworks/CommonPanels.framework/Versions/A/CommonPanels
0x000000000071c000 	/System/Library/Frameworks/Carbon.framework/Versions/A/Frameworks/Help.framework/Versions/A/Help
0x000000000071c000 	/System/Library/Frameworks/Carbon.framework/Versions/A/Frameworks/ImageCapture.framework/Versions/A/ImageCapture
0x000000000071c000 	/System/Library/Frameworks/Carbon.framework/Versions/A/Frameworks/OpenScripting.framework/Versions/A/OpenScripting
0x000000000071c000 	/System/Library/Frameworks/Carbon.framework/Versions/A/Frameworks/Print.framework/Versions/A/Print
0x000000000071c000 	/System/Library/Frameworks/Carbon.framework/Versions/A/Frameworks/SecurityHI.framework/Versions/A/SecurityHI
0x000000013003c000 	/Applications/IBM/SPSS/Statistics/25/SPSSStatistics.app/Contents/JRE/lib/libnet.dylib
0x0000000115a74000 	/Applications/IBM/SPSS/Statistics/25/SPSSStatistics.app/Contents/lib/libspsswarc.dylib
0x0000000116696000 	/Applications/IBM/SPSS/Statistics/25/SPSSStatistics.app/Contents/lib/libspsswalt.dylib
0x0000000115145000 	/Applications/IBM/SPSS/Statistics/25/SPSSStatistics.app/Contents/lib/libspsswoms.dylib
0x000000011522f000 	/Applications/IBM/SPSS/Statistics/25/SPSSStatistics.app/Contents/lib/libspsswbst.dylib
0x000000011523f000 	/Applications/IBM/SPSS/Statistics/25/SPSSStatistics.app/Contents/lib/libspsswone.dylib
0x00000001166ae000 	/Applications/IBM/SPSS/Statistics/25/SPSSStatistics.app/Contents/lib/libspssweda.dylib
0x0000000116731000 	/Applications/IBM/SPSS/Statistics/25/SPSSStatistics.app/Contents/JRE/lib/libmanagement.dylib
0x000000011673f000 	/Applications/IBM/SPSS/Statistics/25/SPSSStatistics.app/Contents/JRE/lib/libosx.dylib
0x000000011674d000 	/Applications/IBM/SPSS/Statistics/25/SPSSStatistics.app/Contents/JRE/lib/./libosxapp.dylib
0x000000000071c000 	/System/Library/Frameworks/ExceptionHandling.framework/Versions/A/ExceptionHandling
0x0000000116769000 	/Applications/IBM/SPSS/Statistics/25/SPSSStatistics.app/Contents/JRE/lib/libawt.dylib
0x0000000116811000 	/Applications/IBM/SPSS/Statistics/25/SPSSStatistics.app/Contents/JRE/lib/./libmlib_image.dylib
0x000000012fd19000 	/Applications/IBM/SPSS/Statistics/25/SPSSStatistics.app/Contents/JRE/lib/libawt_lwawt.dylib
0x000000012fdd0000 	/Applications/IBM/SPSS/Statistics/25/SPSSStatistics.app/Contents/lib/libjniviewer.dylib
0x000000012fe6c000 	/Applications/IBM/SPSS/Statistics/25/SPSSStatistics.app/Contents/JRE/lib/libfontmanager.dylib
0x000000000071c000 	/System/Library/PrivateFrameworks/CoreServicesInternal.framework/Versions/A/CoreServicesInternal
0x0000000130c3d000 	/Applications/IBM/SPSS/Statistics/25/SPSSStatistics.app/Contents/JRE/lib/libnio.dylib
0x000000000071c000 	/System/Library/Frameworks/ApplicationServices.framework/Versions/A/Frameworks/ATS.framework/Versions/A/Resources/libTrueTypeScaler.dylib

VM Arguments:
jvm_args: -Djava.library.path=/Applications/IBM/SPSS/Statistics/25/SPSSStatistics.app/Contents/bin/../JRE/lib/jli/:/Applications/IBM/SPSS/Statistics/25/SPSSStatistics.app/Contents/bin/../JRE/lib/:/Applications/IBM/SPSS/Statistics/25/SPSSStatistics.app/Contents/bin/../lib/:/Applications/IBM/SPSS/Statistics/25/SPSSStatistics.app/Contents/bin/ -Dapplication.home=/Applications/IBM/SPSS/Statistics/25/SPSSStatistics.app/Contents/bin -Dstatistics.home=/Applications/IBM/SPSS/Statistics/25/SPSSStatistics.app/Contents/bin -Djava.awt.headless=true -Dcom.sun.media.jai.disableMediaLib=true -Xms256M -Xmx2048M -XX:-UsePerfData -Dcom.ibm.jsse2.overrideDefaultProtocol=TLSv12 -Djava.io.tmpdir=/tmp/spssXQPJ5o/ 
java_command: <unknown>
java_class_path (initial): :/Applications/IBM/SPSS/Statistics/25/SPSSStatistics.app/Contents/bin/ChartEditor.jar:/Applications/IBM/SPSS/Statistics/25/SPSSStatistics.app/Contents/bin/ChartEditorRes.jar:/Applications/IBM/SPSS/Statistics/25/SPSSStatistics.app/Contents/bin/CoreTools.jar:/Applications/IBM/SPSS/Statistics/25/SPSSStatistics.app/Contents/bin/CustomDialogBuilder.jar:/Applications/IBM/SPSS/Statistics/25/SPSSStatistics.app/Contents/bin/CustomDialogBuilderRes.jar:/Applications/IBM/SPSS/Statistics/25/SPSSStatistics.app/Contents/bin/ExViewerDialogDemo.jar:/Applications/IBM/SPSS/Statistics/25/SPSSStatistics.app/Contents/bin/ExViewerFrameDemo.jar:/Applications/IBM/SPSS/Statistics/25/SPSSStatistics.app/Contents/bin/ExportTools.jar:/Applications/IBM/SPSS/Statistics/25/SPSSStatistics.app/Contents/bin/ExtensionManager.jar:/Applications/IBM/SPSS/Statistics/25/SPSSStatistics.app/Contents/bin/ExtensionManagerRes.jar:/Applications/IBM/SPSS/Statistics/25/SPSSStatistics.app/Contents/bin/FieldChooser.jar:/Applications/IBM/SPSS/Statistics/25/SPSSStatistics.app/Contents/bin/InstallExtBundles.jar:/Applications/IBM/SPSS/Statistics/25/SPSSStatistics.app/Contents/bin/InstallExtBundlesRes.jar:/Applications/IBM/SPSS/Statistics/25/SPSSStatistics.app/Contents/bin/JRegEdit.jar:/Applications/IBM/SPSS/Statistics/25/SPSSStatistics.app/Contents/bin/JimiProClasses.jar:/Applications/IBM/SPSS/Statistics/25/SPSSStatistics.app/Contents/bin/LightTable.jar:/Applications/IBM/SPSS/Statistics/25/SPSSStatistics.app/Contents/bin/ModelViewer.jar:/Applications/IBM/SPSS/Statistics/25/SPSSStatistics.app/Contents/bin/PivotTableEditor.jar:/Applications/IBM/SPSS/Statistics/25/SPSSStatistics.app/Contents/bin/PivotTableEditorRes.jar:/Applications/IBM/SPSS/Statistics/25/SPSSStatistics.app/Contents/bin/RConfig.jar:/Applications/IBM/SPSS/Statistics/25/SPSSStatistics.app/Contents/bin/RapidSpell.jar:/Applications/IBM/SPSS/Statistics/25/SPSSStatistics.app/Contents/bin/RapidSpellMDict.jar:/Applications/IBM/SPSS/Stat
Launcher Type: generic

Environment Variables:
PATH=/Applications/IBM/SPSS/Statistics/25/SPSSStatistics.app/Contents/bin:/usr/bin:/bin:/usr/sbin:/sbin
SHELL=/bin/bash
DISPLAY=/private/tmp/com.apple.launchd.HvoUpjqQCI/org.macosforge.xquartz:0
DYLD_LIBRARY_PATH=/Applications/IBM/SPSS/Statistics/25/SPSSStatistics.app/Contents/lib:/Applications/IBM/SPSS/Statistics/25/SPSSStatistics.app/Contents/common/ext/bin/spss.common:/Applications/IBM/SPSS/Statistics/25/SPSSStatistics.app/Contents/ext/bin/spss.common:/Applications/IBM/SPSS/Statistics/25/SPSSStatistics.app/Contents/lib:/Applications/IBM/SPSS/Statistics/25/SPSSStatistics.app/Contents/Library/Frameworks/Sentinel.framework:/Applications/IBM/SPSS/Statistics/25/SPSSStatistics.app/Contents/Library/Frameworks/SuperPro.framework:/Applications/IBM/SPSS/Statistics/25/SPSSStatistics.app/Contents/JRE/lib/jli

Signal Handlers:
SIGSEGV: [libjvm.dylib+0x5b1141], sa_mask[0]=11111111011111110111111111111111, sa_flags=SA_ONSTACK|SA_RESTART|SA_SIGINFO
SIGBUS: [libjvm.dylib+0x5b1141], sa_mask[0]=11111111011111110111111111111111, sa_flags=SA_RESTART|SA_SIGINFO
SIGFPE: [libjvm.dylib+0x487bc4], sa_mask[0]=11111111011111110111111111111111, sa_flags=SA_RESTART|SA_SIGINFO
SIGPIPE: [libjvm.dylib+0x487bc4], sa_mask[0]=11111111011111110111111111111111, sa_flags=SA_RESTART|SA_SIGINFO
SIGXFSZ: [libjvm.dylib+0x487bc4], sa_mask[0]=11111111011111110111111111111111, sa_flags=SA_RESTART|SA_SIGINFO
SIGILL: [libjvm.dylib+0x487bc4], sa_mask[0]=11111111011111110111111111111111, sa_flags=SA_RESTART|SA_SIGINFO
SIGUSR1: SIG_DFL, sa_mask[0]=00000000000000000000000000000000, sa_flags=none
SIGUSR2: [libjvm.dylib+0x4876e2], sa_mask[0]=00100000000000000000000000000000, sa_flags=SA_RESTART|SA_SIGINFO
SIGHUP: [libjvm.dylib+0x485cb9], sa_mask[0]=11111111011111110111111111111111, sa_flags=SA_RESTART|SA_SIGINFO
SIGINT: [libjvm.dylib+0x485cb9], sa_mask[0]=11111111011111110111111111111111, sa_flags=SA_RESTART|SA_SIGINFO
SIGTERM: [libjvm.dylib+0x485cb9], sa_mask[0]=11111111011111110111111111111111, sa_flags=SA_RESTART|SA_SIGINFO
SIGQUIT: [libjvm.dylib+0x485cb9], sa_mask[0]=11111111011111110111111111111111, sa_flags=SA_RESTART|SA_SIGINFO


---------------  S Y S T E M  ---------------

OS:Bsduname:Darwin 17.3.0 Darwin Kernel Version 17.3.0: Thu Nov  9 18:09:22 PST 2017; root:xnu-4570.31.3~1/RELEASE_X86_64 x86_64
rlimit: STACK 8192k, CORE 0k, NPROC 1418, NOFILE 10240, AS infinity
load average:2.70 2.36 2.18

CPU:total 8 (4 cores per cpu, 2 threads per core) family 6 model 70 stepping 1, cmov, cx8, fxsr, mmx, sse, sse2, sse3, ssse3, sse4.1, sse4.2, popcnt, avx, avx2, aes, clmul, erms, lzcnt, ht, tsc, tscinvbit, bmi1, bmi2

Memory: 4k page, physical 16777216k(1749576k free)

/proc/meminfo:


vm_info: Java HotSpot(TM) 64-Bit Server VM (25.121-b13) for bsd-amd64 JRE (1.8.0_121-b13), built on Dec 12 2016 20:39:32 by "java_re" with gcc 4.2.1 (Based on Apple Inc. build 5658) (LLVM build 2336.11.00)

time: Sat Jun 16 21:53:31 2018
elapsed time: 6 seconds (0d 0h 0m 6s)

