#
# A fatal error has been detected by the Java Runtime Environment:
#
#  SIGSEGV (0xb) at pc=0x00007fff5116ff49, pid=2246, tid=0x0000000000000307
#
# JRE version: Java(TM) 2 Runtime Environment, Standard Edition (8.0_121-b13) (build 1.8.0_121-b13 14_Feb_2017_06_58 Mac OS X x64(SR4 FP1))
# Java VM: Java HotSpot(TM) 64-Bit Server VM (25.121-b13 mixed mode bsd-amd64 compressed oops)
# Problematic frame:
# C  [libsystem_platform.dylib+0x4f49]  _platform_memmove$VARIANT$Haswell+0x29
#
# Failed to write core dump. Core dumps have been disabled. To enable core dumping, try "ulimit -c unlimited" before starting Java again
#
# If you would like to submit a bug report, please visit:
#   http://bugreport.java.com/bugreport/crash.jsp
#

---------------  T H R E A D  ---------------

Current thread is native thread

siginfo: si_signo: 11 (SIGSEGV), si_code: 1 (SEGV_MAPERR), si_addr: 0x00007f8c42b00000

Registers:
RAX=0x0000000159a09000, RBX=0x00007ffeed46a468, RCX=0x0000000036fdf234, RDX=0x000000003cd6f820
RSP=0x00007ffeed467ab0, RBP=0x00007ffeed467ab0, RSI=0x00007f8c42b00000, RDI=0x000000015f7995ec
R8 =0x0000000003000001, R9 =0x0000000000000003, R10=0x0000000000000000, R11=0xffff80751cc995ec
R12=0x00007f8c3cd6fa14, R13=0x0000000000000034, R14=0x000000003cd6f820, R15=0x0000000159a09000
RIP=0x00007fff5116ff49, EFLAGS=0x0000000000010202, ERR=0x0000000000000004
  TRAPNO=0x000000000000000e

Top of Stack: (sp=0x00007ffeed467ab0)
0x00007ffeed467ab0:   00007ffeed467b60 00000001027a72d8
0x00007ffeed467ac0:   00007ffeed467b10 00000001027983ae
0x00007ffeed467ad0:   00007ffeed467c3c 0000042700008000
0x00007ffeed467ae0:   00007f8c3cd6fa10 0000000b3cd5f9e0
0x00007ffeed467af0:   00007ffeed46a480 00007ffeed467b34
0x00007ffeed467b00:   00007fff89f02d98 00007ffeed46a408
0x00007ffeed467b10:   00007ffeed467b60 00000001027a6d4f
0x00007ffeed467b20:   0000000000000002 00007ffeed467c44
0x00007ffeed467b30:   0000000000000005 0000000000020000
0x00007ffeed467b40:   00007ffeed46a3e0 0000000000000000
0x00007ffeed467b50:   0000000000020010 00007f8c3cd4f9d0
0x00007ffeed467b60:   00007ffeed467c70 0000000102a9a5e2
0x00007ffeed467b70:   fd00000070001002 0000000102c6ffff
0x00007ffeed467b80:   00007ffeed467c10 00007fff510aa758
0x00007ffeed467b90:   0000000000000000 0000000000000002
0x00007ffeed467ba0:   00007f8c3cd3e360 0000000104edca00
0x00007ffeed467bb0:   0000000000000002 0000000000000010
0x00007ffeed467bc0:   0000000000000001 0000000102c6d080
0x00007ffeed467bd0:   0000000102c6d080 0000000104edde00
0x00007ffeed467be0:   0000000102c6c000 0000000000000002
0x00007ffeed467bf0:   0000000004edde00 0000000000000000
0x00007ffeed467c00:   00007ffeed467cb0 0000000000000000
0x00007ffeed467c10:   00007fff89fdc000 0000000000000000
0x00007ffeed467c20:   00007ffeed467c50 00007fff51093201
0x00007ffeed467c30:   0000000000000000 0000000000000000
0x00007ffeed467c40:   0002000000000004 00007ffeed46a3e0
0x00007ffeed467c50:   00007ffeed467cb0 0000000000000000
0x00007ffeed467c60:   00007f8c3cd4f9d0 0000000000000000
0x00007ffeed467c70:   00007ffeed469ce0 0000000102a939e9
0x00007ffeed467c80:   0000000000000000 00007ffeed46a3e0
0x00007ffeed467c90:   00007f8c3a747970 00007f8c3cd4f9d0
0x00007ffeed467ca0:   0000000000000000 0000000000000000 

Instructions: (pc=0x00007fff5116ff49)
0x00007fff5116ff29:   f3 48 89 f8 49 39 d3 72 1b 48 83 fa 60 76 2f 48
0x00007fff5116ff39:   81 fa 00 40 00 00 0f 82 cb 00 00 00 48 89 d1 fc
0x00007fff5116ff49:   f3 a4 5d c3 48 39 fe 74 f9 48 01 d6 48 01 d7 48
0x00007fff5116ff59:   83 fa 60 0f 82 8c 01 00 00 e9 a9 01 00 00 48 83 

Register to memory mapping:

RAX=0x0000000159a09000 is an unknown value
RBX=0x00007ffeed46a468 is an unknown value
RCX=0x0000000036fdf234 is an unknown value
RDX=0x000000003cd6f820 is an unknown value
RSP=0x00007ffeed467ab0 is an unknown value
RBP=0x00007ffeed467ab0 is an unknown value
RSI=0x00007f8c42b00000 is an unknown value
RDI=0x000000015f7995ec is an unknown value
R8 =0x0000000003000001 is an unknown value
R9 =0x0000000000000003 is an unknown value
R10=0x0000000000000000 is an unknown value
R11=0xffff80751cc995ec is an unknown value
R12=0x00007f8c3cd6fa14 is an unknown value
R13=0x0000000000000034 is an unknown value
R14=0x000000003cd6f820 is an unknown value
R15=0x0000000159a09000 is an unknown value


Stack: [0x00007ffeecc6b000,0x00007ffeed46b000],  sp=0x00007ffeed467ab0,  free space=8178k
Native frames: (J=compiled Java code, j=interpreted, Vv=VM code, C=native code)
C  [libsystem_platform.dylib+0x4f49]  _platform_memmove$VARIANT$Haswell+0x29
C  [StartXD+0x122d8]  StringData::ParseData(void*, int&)+0xe2
C  [libspssdxcom.dylib+0x125e2]  CleXDSmb::ParseBuf(void*)+0x90
C  [libspssdxcom.dylib+0xb9e9]  ReceiveData(JavaPlugInSocket*, CleXDSmb&)+0xfa
C  [StartXD+0x25fe]  main+0xa6b
C  [libdyld.dylib+0x1115]  start+0x1


---------------  P R O C E S S  ---------------

VM state:not at safepoint (normal execution)

VM Mutex/Monitor currently owned by a thread: None

Heap:
 PSYoungGen      total 393728K, used 7717K [0x0000000795580000, 0x00000007ba680000, 0x00000007c0000000)
  eden space 391168K, 1% used [0x0000000795580000,0x0000000795d096f8,0x00000007ad380000)
  from space 2560K, 0% used [0x00000007ba400000,0x00000007ba400000,0x00000007ba680000)
  to   space 9216K, 0% used [0x00000007b9480000,0x00000007b9480000,0x00000007b9d80000)
 ParOldGen       total 175104K, used 12903K [0x0000000740000000, 0x000000074ab00000, 0x0000000795580000)
  object space 175104K, 7% used [0x0000000740000000,0x0000000740c99db0,0x000000074ab00000)
 Metaspace       used 20306K, capacity 20656K, committed 20736K, reserved 1067008K
  class space    used 2386K, capacity 2489K, committed 2560K, reserved 1048576K

Card table byte_map: [0x000000011fe6c000,0x000000012026d000] byte_map_base: 0x000000011c46c000

Marking Bits: (ParMarkBitMap*) 0x00000001103aed30
 Begin Bits: [0x0000000120518000, 0x0000000122518000)
 End Bits:   [0x0000000122518000, 0x0000000124518000)

Polling page: 0x0000000102ace000

CodeCache: size=245760Kb used=13934Kb max_used=14998Kb free=231825Kb
 bounds [0x0000000110aac000, 0x000000011196c000, 0x000000011faac000]
 total_blobs=4081 nmethods=3571 adapters=423
 compilation: enabled

Compilation events (10 events):
Event: 40.038 Thread 0x00007f8c3c003000 4268       3       org.openxmlformats.schemas.spreadsheetml._2006.main.CT_SheetData::addRow (12 bytes)
Event: 40.038 Thread 0x00007f8c3c003000 nmethod 4268 0x0000000111421190 code [0x0000000111421300, 0x0000000111421528]
Event: 40.056 Thread 0x00007f8c3a862000 4269       4       org.openxmlformats.schemas.spreadsheetml._2006.main.descriptors.CT_CellDescriptor$6::getValue (31 bytes)
Event: 40.056 Thread 0x00007f8c3a862000 nmethod 4269 0x00000001112ed590 code [0x00000001112ed6e0, 0x00000001112ed798]
Event: 40.059 Thread 0x00007f8c3c003000 4270       1       org.exolab.castor.xml.descriptors.StringClassDescriptor::getAttributeDescriptors (4 bytes)
Event: 40.059 Thread 0x00007f8c3c003000 nmethod 4270 0x00000001112ed2d0 code [0x00000001112ed420, 0x00000001112ed530]
Event: 40.061 Thread 0x00007f8c3c003000 4271       1       org.exolab.castor.xml.descriptors.StringClassDescriptor::getContentDescriptor (4 bytes)
Event: 40.061 Thread 0x00007f8c3c003000 nmethod 4271 0x00000001112ed010 code [0x00000001112ed160, 0x00000001112ed270]
Event: 40.063 Thread 0x00007f8c3b841800 4272       4       java.lang.Long::getChars (221 bytes)
Event: 40.072 Thread 0x00007f8c3b841800 nmethod 4272 0x00000001112ee190 code [0x00000001112ee300, 0x00000001112eec58]

GC Heap History (10 events):
Event: 38.668 GC heap before
{Heap before GC invocations=28 (full 3):
 PSYoungGen      total 450048K, used 449888K [0x0000000795580000, 0x00000007bba80000, 0x00000007c0000000)
  eden space 445952K, 100% used [0x0000000795580000,0x00000007b0900000,0x00000007b0900000)
  from space 4096K, 96% used [0x00000007bb680000,0x00000007bba58000,0x00000007bba80000)
  to   space 10752K, 0% used [0x00000007ba580000,0x00000007ba580000,0x00000007bb000000)
 ParOldGen       total 175104K, used 15076K [0x0000000740000000, 0x000000074ab00000, 0x0000000795580000)
  object space 175104K, 8% used [0x0000000740000000,0x0000000740eb92b8,0x000000074ab00000)
 Metaspace       used 20245K, capacity 20520K, committed 20736K, reserved 1067008K
  class space    used 2379K, capacity 2477K, committed 2560K, reserved 1048576K
Event: 38.671 GC heap after
Heap after GC invocations=28 (full 3):
 PSYoungGen      total 430592K, used 3328K [0x0000000795580000, 0x00000007bb700000, 0x00000007c0000000)
  eden space 427008K, 0% used [0x0000000795580000,0x0000000795580000,0x00000007af680000)
  from space 3584K, 92% used [0x00000007ba580000,0x00000007ba8c0000,0x00000007ba900000)
  to   space 10240K, 0% used [0x00000007bad00000,0x00000007bad00000,0x00000007bb700000)
 ParOldGen       total 175104K, used 15508K [0x0000000740000000, 0x000000074ab00000, 0x0000000795580000)
  object space 175104K, 8% used [0x0000000740000000,0x0000000740f252c8,0x000000074ab00000)
 Metaspace       used 20245K, capacity 20520K, committed 20736K, reserved 1067008K
  class space    used 2379K, capacity 2477K, committed 2560K, reserved 1048576K
}
Event: 39.161 GC heap before
{Heap before GC invocations=29 (full 3):
 PSYoungGen      total 430592K, used 430336K [0x0000000795580000, 0x00000007bb700000, 0x00000007c0000000)
  eden space 427008K, 100% used [0x0000000795580000,0x00000007af680000,0x00000007af680000)
  from space 3584K, 92% used [0x00000007ba580000,0x00000007ba8c0000,0x00000007ba900000)
  to   space 10240K, 0% used [0x00000007bad00000,0x00000007bad00000,0x00000007bb700000)
 ParOldGen       total 175104K, used 15508K [0x0000000740000000, 0x000000074ab00000, 0x0000000795580000)
  object space 175104K, 8% used [0x0000000740000000,0x0000000740f252c8,0x000000074ab00000)
 Metaspace       used 20246K, capacity 20520K, committed 20736K, reserved 1067008K
  class space    used 2379K, capacity 2477K, committed 2560K, reserved 1048576K
Event: 39.163 GC heap after
Heap after GC invocations=29 (full 3):
 PSYoungGen      total 411648K, used 3072K [0x0000000795580000, 0x00000007bb000000, 0x00000007c0000000)
  eden space 408576K, 0% used [0x0000000795580000,0x0000000795580000,0x00000007ae480000)
  from space 3072K, 100% used [0x00000007bad00000,0x00000007bb000000,0x00000007bb000000)
  to   space 10240K, 0% used [0x00000007b9c00000,0x00000007b9c00000,0x00000007ba600000)
 ParOldGen       total 175104K, used 15564K [0x0000000740000000, 0x000000074ab00000, 0x0000000795580000)
  object space 175104K, 8% used [0x0000000740000000,0x0000000740f332c8,0x000000074ab00000)
 Metaspace       used 20246K, capacity 20520K, committed 20736K, reserved 1067008K
  class space    used 2379K, capacity 2477K, committed 2560K, reserved 1048576K
}
Event: 39.646 GC heap before
{Heap before GC invocations=30 (full 3):
 PSYoungGen      total 411648K, used 411648K [0x0000000795580000, 0x00000007bb000000, 0x00000007c0000000)
  eden space 408576K, 100% used [0x0000000795580000,0x00000007ae480000,0x00000007ae480000)
  from space 3072K, 100% used [0x00000007bad00000,0x00000007bb000000,0x00000007bb000000)
  to   space 10240K, 0% used [0x00000007b9c00000,0x00000007b9c00000,0x00000007ba600000)
 ParOldGen       total 175104K, used 15564K [0x0000000740000000, 0x000000074ab00000, 0x0000000795580000)
  object space 175104K, 8% used [0x0000000740000000,0x0000000740f332c8,0x000000074ab00000)
 Metaspace       used 20247K, capacity 20520K, committed 20736K, reserved 1067008K
  class space    used 2379K, capacity 2477K, committed 2560K, reserved 1048576K
Event: 39.649 GC heap after
Heap after GC invocations=30 (full 3):
 PSYoungGen      total 394752K, used 3200K [0x0000000795580000, 0x00000007bad80000, 0x00000007c0000000)
  eden space 391168K, 0% used [0x0000000795580000,0x0000000795580000,0x00000007ad380000)
  from space 3584K, 89% used [0x00000007b9c00000,0x00000007b9f20000,0x00000007b9f80000)
  to   space 9728K, 0% used [0x00000007ba400000,0x00000007ba400000,0x00000007bad80000)
 ParOldGen       total 175104K, used 15636K [0x0000000740000000, 0x000000074ab00000, 0x0000000795580000)
  object space 175104K, 8% used [0x0000000740000000,0x0000000740f452c8,0x000000074ab00000)
 Metaspace       used 20247K, capacity 20520K, committed 20736K, reserved 1067008K
  class space    used 2379K, capacity 2477K, committed 2560K, reserved 1048576K
}
Event: 40.076 GC heap before
{Heap before GC invocations=31 (full 3):
 PSYoungGen      total 394752K, used 344496K [0x0000000795580000, 0x00000007bad80000, 0x00000007c0000000)
  eden space 391168K, 87% used [0x0000000795580000,0x00000007aa2cc0f8,0x00000007ad380000)
  from space 3584K, 89% used [0x00000007b9c00000,0x00000007b9f20000,0x00000007b9f80000)
  to   space 9728K, 0% used [0x00000007ba400000,0x00000007ba400000,0x00000007bad80000)
 ParOldGen       total 175104K, used 15636K [0x0000000740000000, 0x000000074ab00000, 0x0000000795580000)
  object space 175104K, 8% used [0x0000000740000000,0x0000000740f452c8,0x000000074ab00000)
 Metaspace       used 20306K, capacity 20656K, committed 20736K, reserved 1067008K
  class space    used 2386K, capacity 2489K, committed 2560K, reserved 1048576K
Event: 40.078 GC heap after
Heap after GC invocations=31 (full 3):
 PSYoungGen      total 393728K, used 2240K [0x0000000795580000, 0x00000007ba680000, 0x00000007c0000000)
  eden space 391168K, 0% used [0x0000000795580000,0x0000000795580000,0x00000007ad380000)
  from space 2560K, 87% used [0x00000007ba400000,0x00000007ba630000,0x00000007ba680000)
  to   space 9216K, 0% used [0x00000007b9480000,0x00000007b9480000,0x00000007b9d80000)
 ParOldGen       total 175104K, used 15692K [0x0000000740000000, 0x000000074ab00000, 0x0000000795580000)
  object space 175104K, 8% used [0x0000000740000000,0x0000000740f532c8,0x000000074ab00000)
 Metaspace       used 20306K, capacity 20656K, committed 20736K, reserved 1067008K
  class space    used 2386K, capacity 2489K, committed 2560K, reserved 1048576K
}
Event: 40.078 GC heap before
{Heap before GC invocations=32 (full 4):
 PSYoungGen      total 393728K, used 2240K [0x0000000795580000, 0x00000007ba680000, 0x00000007c0000000)
  eden space 391168K, 0% used [0x0000000795580000,0x0000000795580000,0x00000007ad380000)
  from space 2560K, 87% used [0x00000007ba400000,0x00000007ba630000,0x00000007ba680000)
  to   space 9216K, 0% used [0x00000007b9480000,0x00000007b9480000,0x00000007b9d80000)
 ParOldGen       total 175104K, used 15692K [0x0000000740000000, 0x000000074ab00000, 0x0000000795580000)
  object space 175104K, 8% used [0x0000000740000000,0x0000000740f532c8,0x000000074ab00000)
 Metaspace       used 20306K, capacity 20656K, committed 20736K, reserved 1067008K
  class space    used 2386K, capacity 2489K, committed 2560K, reserved 1048576K
Event: 40.124 GC heap after
Heap after GC invocations=32 (full 4):
 PSYoungGen      total 393728K, used 0K [0x0000000795580000, 0x00000007ba680000, 0x00000007c0000000)
  eden space 391168K, 0% used [0x0000000795580000,0x0000000795580000,0x00000007ad380000)
  from space 2560K, 0% used [0x00000007ba400000,0x00000007ba400000,0x00000007ba680000)
  to   space 9216K, 0% used [0x00000007b9480000,0x00000007b9480000,0x00000007b9d80000)
 ParOldGen       total 175104K, used 12903K [0x0000000740000000, 0x000000074ab00000, 0x0000000795580000)
  object space 175104K, 7% used [0x0000000740000000,0x0000000740c99db0,0x000000074ab00000)
 Metaspace       used 20306K, capacity 20656K, committed 20736K, reserved 1067008K
  class space    used 2386K, capacity 2489K, committed 2560K, reserved 1048576K
}

Deoptimization events (10 events):
Event: 16.648 Thread 0x00007f8c3b0a3000 Uncommon trap: reason=class_check action=maybe_recompile pc=0x0000000111513ae0 method=java.util.regex.Pattern$CharProperty.study(Ljava/util/regex/Pattern$TreeInfo;)Z @ 25
Event: 16.757 Thread 0x00007f8c3b0a3000 Uncommon trap: reason=class_check action=maybe_recompile pc=0x0000000111513ae0 method=java.util.regex.Pattern$CharProperty.study(Ljava/util/regex/Pattern$TreeInfo;)Z @ 25
Event: 16.776 Thread 0x00007f8c3b0a3000 Uncommon trap: reason=predicate action=maybe_recompile pc=0x0000000110cd69ec method=java.util.AbstractCollection.toArray([Ljava/lang/Object;)[Ljava/lang/Object; @ 49
Event: 16.783 Thread 0x00007f8c3b0a3000 Uncommon trap: reason=array_check action=maybe_recompile pc=0x0000000110e9cfbc method=java.util.AbstractCollection.toArray([Ljava/lang/Object;)[Ljava/lang/Object; @ 119
Event: 16.783 Thread 0x00007f8c3b0a3000 Uncommon trap: reason=array_check action=maybe_recompile pc=0x0000000110e9cfbc method=java.util.AbstractCollection.toArray([Ljava/lang/Object;)[Ljava/lang/Object; @ 119
Event: 16.783 Thread 0x00007f8c3b0a3000 Uncommon trap: reason=array_check action=maybe_recompile pc=0x0000000110e9cfbc method=java.util.AbstractCollection.toArray([Ljava/lang/Object;)[Ljava/lang/Object; @ 119
Event: 16.783 Thread 0x00007f8c3b0a3000 Uncommon trap: reason=array_check action=maybe_recompile pc=0x0000000110e9cfbc method=java.util.AbstractCollection.toArray([Ljava/lang/Object;)[Ljava/lang/Object; @ 119
Event: 22.235 Thread 0x00007f8c3b0a3000 Uncommon trap: reason=unstable_if action=reinterpret pc=0x0000000111932954 method=sun.misc.FloatingDecimal$BinaryToASCIIBuffer.dtoa(IJIZ)V @ 272
Event: 37.339 Thread 0x00007f8c3b0a3000 Uncommon trap: reason=unstable_if action=reinterpret pc=0x00000001118df35c method=java.lang.Long.toString(J)Ljava/lang/String; @ 14
Event: 37.339 Thread 0x00007f8c3b0a3000 Uncommon trap: reason=unstable_if action=reinterpret pc=0x0000000110be5e94 method=java.lang.Long.getChars(JI[C)V @ 9

Internal exceptions (10 events):
Event: 4.660 Thread 0x00007f8c3b0a3000 Exception <a 'java/io/FileNotFoundException'> (0x00000007975655b8) thrown at [/Users/java_re/workspace/8-2-build-macosx-x86_64/jdk8u121/8372/hotspot/src/share/vm/prims/jni.cpp, line 709]
Event: 4.683 Thread 0x00007f8c3b0a3000 Exception <a 'java/io/FileNotFoundException'> (0x0000000797572598) thrown at [/Users/java_re/workspace/8-2-build-macosx-x86_64/jdk8u121/8372/hotspot/src/share/vm/prims/jni.cpp, line 709]
Event: 4.968 Thread 0x00007f8c3b0a3000 Implicit null exception at 0x0000000110d40235 to 0x0000000110d40489
Event: 4.968 Thread 0x00007f8c3b0a3000 Implicit null exception at 0x0000000110e9e97b to 0x0000000110e9f221
Event: 7.226 Thread 0x00007f8c3b0a3000 Implicit null exception at 0x0000000111418e81 to 0x0000000111418fa5
Event: 9.018 Thread 0x00007f8c3b0a3000 Implicit null exception at 0x00000001116ea430 to 0x00000001116eaf85
Event: 13.387 Thread 0x00007f8c3b0a3000 Exception <a 'java/io/FileNotFoundException'> (0x000000079c1ad930) thrown at [/Users/java_re/workspace/8-2-build-macosx-x86_64/jdk8u121/8372/hotspot/src/share/vm/prims/jni.cpp, line 709]
Event: 14.323 Thread 0x00007f8c3b0a3000 Implicit null exception at 0x0000000111939bcd to 0x000000011193e3f9
Event: 22.086 Thread 0x00007f8c3b0a3000 Exception <a 'java/io/FileNotFoundException'> (0x000000079ed25fd0) thrown at [/Users/java_re/workspace/8-2-build-macosx-x86_64/jdk8u121/8372/hotspot/src/share/vm/prims/jni.cpp, line 709]
Event: 37.177 Thread 0x00007f8c3b0a3000 Exception <a 'java/io/FileNotFoundException'> (0x00000007b00f8540) thrown at [/Users/java_re/workspace/8-2-build-macosx-x86_64/jdk8u121/8372/hotspot/src/share/vm/prims/jni.cpp, line 709]

Events (10 events):
Event: 40.072 loading class org/openxmlformats/schemas/spreadsheetml/_2006/main/WorkbookViewDescriptor
Event: 40.072 loading class org/openxmlformats/schemas/spreadsheetml/_2006/main/WorkbookViewDescriptor done
Event: 40.073 loading class org/openxmlformats/schemas/spreadsheetml/_2006/main/SheetsDescriptor
Event: 40.073 loading class org/openxmlformats/schemas/spreadsheetml/_2006/main/SheetsDescriptor done
Event: 40.073 loading class org/openxmlformats/schemas/spreadsheetml/_2006/main/SheetDescriptor
Event: 40.074 loading class org/openxmlformats/schemas/spreadsheetml/_2006/main/SheetDescriptor done
Event: 40.075 loading class org/openxmlformats/schemas/spreadsheetml/_2006/main/CalcPrDescriptor
Event: 40.075 loading class org/openxmlformats/schemas/spreadsheetml/_2006/main/CalcPrDescriptor done
Event: 40.076 Executing VM operation: ParallelGCSystemGC
Event: 40.124 Executing VM operation: ParallelGCSystemGC done


Dynamic libraries:
0x0000000001c54000 	/System/Library/Frameworks/CoreFoundation.framework/Versions/A/CoreFoundation
0x0000000001c54000 	/System/Library/Frameworks/IOKit.framework/Versions/A/IOKit
0x0000000001c54000 	/usr/lib/libstdc++.6.0.9.dylib
0x00000001027ba000 	/Applications/IBM/SPSS/Statistics/25/SPSSStatistics.app/Contents/lib/libtempdir.dylib
0x00000001027dd000 	/Applications/IBM/SPSS/Statistics/25/SPSSStatistics.app/Contents/lib/libspssxd.dylib
0x0000000102a88000 	/Applications/IBM/SPSS/Statistics/25/SPSSStatistics.app/Contents/lib/libspssdxcom.dylib
0x0000000102acf000 	/Applications/IBM/SPSS/Statistics/25/SPSSStatistics.app/Contents/common/ext/bin/spss.common/libscorelib850r.dylib
0x0000000102bd6000 	/Applications/IBM/SPSS/Statistics/25/SPSSStatistics.app/Contents/common/ext/bin/spss.common/libGeneralRegressionModel850r.dylib
0x0000000102c4c000 	/Applications/IBM/SPSS/Statistics/25/SPSSStatistics.app/Contents/common/ext/bin/spss.common/libdiscriminant-model850r.dylib
0x0000000001c54000 	/usr/lib/libSystem.B.dylib
0x0000000001c54000 	/usr/lib/libDiagnosticMessagesClient.dylib
0x0000000001c54000 	/usr/lib/libicucore.A.dylib
0x0000000001c54000 	/usr/lib/libobjc.A.dylib
0x0000000001c54000 	/usr/lib/libz.1.dylib
0x0000000001c54000 	/usr/lib/system/libcache.dylib
0x0000000001c54000 	/usr/lib/system/libcommonCrypto.dylib
0x0000000001c54000 	/usr/lib/system/libcompiler_rt.dylib
0x0000000001c54000 	/usr/lib/system/libcopyfile.dylib
0x0000000001c54000 	/usr/lib/system/libcorecrypto.dylib
0x0000000001c54000 	/usr/lib/system/libdispatch.dylib
0x0000000001c54000 	/usr/lib/system/libdyld.dylib
0x0000000001c54000 	/usr/lib/system/libkeymgr.dylib
0x0000000001c54000 	/usr/lib/system/liblaunch.dylib
0x0000000001c54000 	/usr/lib/system/libmacho.dylib
0x0000000001c54000 	/usr/lib/system/libquarantine.dylib
0x0000000001c54000 	/usr/lib/system/libremovefile.dylib
0x0000000001c54000 	/usr/lib/system/libsystem_asl.dylib
0x0000000001c54000 	/usr/lib/system/libsystem_blocks.dylib
0x0000000001c54000 	/usr/lib/system/libsystem_c.dylib
0x0000000001c54000 	/usr/lib/system/libsystem_configuration.dylib
0x0000000001c54000 	/usr/lib/system/libsystem_coreservices.dylib
0x0000000001c54000 	/usr/lib/system/libsystem_darwin.dylib
0x0000000001c54000 	/usr/lib/system/libsystem_dnssd.dylib
0x0000000001c54000 	/usr/lib/system/libsystem_info.dylib
0x0000000001c54000 	/usr/lib/system/libsystem_m.dylib
0x0000000001c54000 	/usr/lib/system/libsystem_malloc.dylib
0x0000000001c54000 	/usr/lib/system/libsystem_network.dylib
0x0000000001c54000 	/usr/lib/system/libsystem_networkextension.dylib
0x0000000001c54000 	/usr/lib/system/libsystem_notify.dylib
0x0000000001c54000 	/usr/lib/system/libsystem_sandbox.dylib
0x0000000001c54000 	/usr/lib/system/libsystem_secinit.dylib
0x0000000001c54000 	/usr/lib/system/libsystem_kernel.dylib
0x0000000001c54000 	/usr/lib/system/libsystem_platform.dylib
0x0000000001c54000 	/usr/lib/system/libsystem_pthread.dylib
0x0000000001c54000 	/usr/lib/system/libsystem_symptoms.dylib
0x0000000001c54000 	/usr/lib/system/libsystem_trace.dylib
0x0000000001c54000 	/usr/lib/system/libunwind.dylib
0x0000000001c54000 	/usr/lib/system/libxpc.dylib
0x0000000001c54000 	/usr/lib/closure/libclosured.dylib
0x0000000001c54000 	/usr/lib/libc++abi.dylib
0x0000000001c54000 	/usr/lib/libc++.1.dylib
0x0000000001c54000 	/usr/lib/libenergytrace.dylib
0x0000000001c54000 	/usr/lib/libbsm.0.dylib
0x0000000001c54000 	/usr/lib/system/libkxld.dylib
0x0000000102c6f000 	/Applications/IBM/SPSS/Statistics/25/SPSSStatistics.app/Contents/lib/libifcoremt.dylib
0x0000000102de8000 	/Applications/IBM/SPSS/Statistics/25/SPSSStatistics.app/Contents/lib/libimf.dylib
0x000000010310c000 	/Applications/IBM/SPSS/Statistics/25/SPSSStatistics.app/Contents/lib/libsvml.dylib
0x0000000103c02000 	/Applications/IBM/SPSS/Statistics/25/SPSSStatistics.app/Contents/lib/libintlc.dylib
0x0000000103c4e000 	/Applications/IBM/SPSS/Statistics/25/SPSSStatistics.app/Contents/lib/libplatdep.dylib
0x0000000103c9d000 	/Applications/IBM/SPSS/Statistics/25/SPSSStatistics.app/Contents/lib/libgsk8iccs.dylib
0x0000000103d16000 	/Applications/IBM/SPSS/Statistics/25/SPSSStatistics.app/Contents/lib/libsockbsd.dylib
0x0000000103d23000 	/Applications/IBM/SPSS/Statistics/25/SPSSStatistics.app/Contents/lib/libsfthread.dylib
0x0000000103d34000 	/Applications/IBM/SPSS/Statistics/25/SPSSStatistics.app/Contents/lib/libvserial.dylib
0x0000000103d4c000 	/Applications/IBM/SPSS/Statistics/25/SPSSStatistics.app/Contents/lib/libvutility.dylib
0x0000000103d55000 	/Applications/IBM/SPSS/Statistics/25/SPSSStatistics.app/Contents/lib/libicuuc.51.2.dylib
0x0000000103f35000 	/Applications/IBM/SPSS/Statistics/25/SPSSStatistics.app/Contents/lib/libicui18n.51.2.dylib
0x0000000104205000 	/Applications/IBM/SPSS/Statistics/25/SPSSStatistics.app/Contents/lib/libxerces-c-3.1.dylib
0x0000000104fdc000 	/Applications/IBM/SPSS/Statistics/25/SPSSStatistics.app/Contents/lib/libicudata.51.2.dylib
0x0000000106528000 	/Applications/IBM/SPSS/Statistics/25/SPSSStatistics.app/Contents/lib/libspsswlib.dylib
0x00000001027d9000 	/Applications/IBM/SPSS/Statistics/25/SPSSStatistics.app/Contents/lib/libcpuinfo.dylib
0x00000001045de000 	/Applications/IBM/SPSS/Statistics/25/SPSSStatistics.app/Contents/lib/libomcell.dylib
0x0000000104601000 	/Applications/IBM/SPSS/Statistics/25/SPSSStatistics.app/Contents/lib/libomfactry.dylib
0x00000001046a7000 	/Applications/IBM/SPSS/Statistics/25/SPSSStatistics.app/Contents/lib/libomtree.dylib
0x00000001046e2000 	/Applications/IBM/SPSS/Statistics/25/SPSSStatistics.app/Contents/lib/libomxxml.dylib
0x000000010471c000 	/Applications/IBM/SPSS/Statistics/25/SPSSStatistics.app/Contents/lib/libomxsav.dylib
0x000000010472e000 	/Applications/IBM/SPSS/Statistics/25/SPSSStatistics.app/Contents/lib/libomxhtml.dylib
0x0000000104753000 	/Applications/IBM/SPSS/Statistics/25/SPSSStatistics.app/Contents/lib/libomxtext.dylib
0x0000000104776000 	/Applications/IBM/SPSS/Statistics/25/SPSSStatistics.app/Contents/lib/libomxspv.dylib
0x0000000103105000 	/Applications/IBM/SPSS/Statistics/25/SPSSStatistics.app/Contents/lib/libspssjni.dylib
0x000000010477e000 	/Applications/IBM/SPSS/Statistics/25/SPSSStatistics.app/Contents/lib/libspssjvm.dylib
0x000000010478b000 	/Applications/IBM/SPSS/Statistics/25/SPSSStatistics.app/Contents/lib/libvizedit.dylib
0x00000001047aa000 	/Applications/IBM/SPSS/Statistics/25/SPSSStatistics.app/Contents/lib/libtransspc.dylib
0x00000001047d7000 	/Applications/IBM/SPSS/Statistics/25/SPSSStatistics.app/Contents/lib/libdedstore.dylib
0x00000001047f2000 	/Applications/IBM/SPSS/Statistics/25/SPSSStatistics.app/Contents/lib/libsvrdmgr.dylib
0x0000000104813000 	/Applications/IBM/SPSS/Statistics/25/SPSSStatistics.app/Contents/lib/libdatasrc.dylib
0x00000001048b7000 	/Applications/IBM/SPSS/Statistics/25/SPSSStatistics.app/Contents/lib/libsvrerrs.dylib
0x00000001048bf000 	/Applications/IBM/SPSS/Statistics/25/SPSSStatistics.app/Contents/lib/libspssdemg.dylib
0x0000000104905000 	/Applications/IBM/SPSS/Statistics/25/SPSSStatistics.app/Contents/lib/libcpputil.dylib
0x0000000104940000 	/Applications/IBM/SPSS/Statistics/25/SPSSStatistics.app/Contents/lib/libstrtable.dylib
0x00000000d08ec000 	/Applications/IBM/SPSS/Statistics/25/SPSSStatistics.app/Contents/lib/libxalan-c.111.0.dylib
0x0000000104950000 	/Applications/IBM/SPSS/Statistics/25/SPSSStatistics.app/Contents/lib/libchartutl.dylib
0x0000000102bd0000 	/Applications/IBM/SPSS/Statistics/25/SPSSStatistics.app/Contents/lib/libspssmsgs.dylib
0x0000000104a5b000 	/Applications/IBM/SPSS/Statistics/25/SPSSStatistics.app/Contents/lib/libvizchart.dylib
0x0000000104c7e000 	/Applications/IBM/SPSS/Statistics/25/SPSSStatistics.app/Contents/lib/libzlib1211spss.dylib
0x0000000104cb0000 	/Applications/IBM/SPSS/Statistics/25/SPSSStatistics.app/Contents/lib/libindutil.dylib
0x00000000c4cbc000 	/Applications/IBM/SPSS/Statistics/25/SPSSStatistics.app/Contents/lib/libxalanMsg.111.0.dylib
0x0000000104cc9000 	/Applications/IBM/SPSS/Statistics/25/SPSSStatistics.app/Contents/lib/libspssiocv.dylib
0x0000000102acb000 	/Applications/IBM/SPSS/Statistics/25/SPSSStatistics.app/Contents/lib/libreadonly.dylib
0x0000000103c98000 	/Applications/IBM/SPSS/Statistics/25/SPSSStatistics.app/Contents/lib/libtmsutil.dylib
0x0000000104cfe000 	/Applications/IBM/SPSS/Statistics/25/SPSSStatistics.app/Contents/lib/libcvtrans.dylib
0x0000000064d3f000 	/Applications/IBM/SPSS/Statistics/25/SPSSStatistics.app/Contents/Library/Frameworks/Sentinel.framework/Versions/A/Sentinel
0x0000000104d57000 	/Applications/IBM/SPSS/Statistics/25/SPSSStatistics.app/Contents/Library/Frameworks/SuperPro.framework/Versions/A/SuperPro
0x0000000103d0f000 	/Applications/IBM/SPSS/Statistics/25/SPSSStatistics.app/Contents/lib/libcmddata.dylib
0x0000000104d6d000 	/Applications/IBM/SPSS/Statistics/25/SPSSStatistics.app/Contents/lib/libmcbstsps.dylib
0x0000000001c54000 	/usr/lib/libiconv.2.dylib
0x0000000001c54000 	/System/Library/Frameworks/CoreServices.framework/Versions/A/CoreServices
0x0000000001c54000 	/System/Library/Frameworks/CFNetwork.framework/Versions/A/CFNetwork
0x0000000001c54000 	/System/Library/Frameworks/CoreServices.framework/Versions/A/Frameworks/FSEvents.framework/Versions/A/FSEvents
0x0000000001c54000 	/System/Library/Frameworks/CoreServices.framework/Versions/A/Frameworks/CarbonCore.framework/Versions/A/CarbonCore
0x0000000001c54000 	/System/Library/Frameworks/CoreServices.framework/Versions/A/Frameworks/Metadata.framework/Versions/A/Metadata
0x0000000001c54000 	/System/Library/Frameworks/CoreServices.framework/Versions/A/Frameworks/OSServices.framework/Versions/A/OSServices
0x0000000001c54000 	/System/Library/Frameworks/CoreServices.framework/Versions/A/Frameworks/SearchKit.framework/Versions/A/SearchKit
0x0000000001c54000 	/System/Library/Frameworks/CoreServices.framework/Versions/A/Frameworks/AE.framework/Versions/A/AE
0x0000000001c54000 	/System/Library/Frameworks/CoreServices.framework/Versions/A/Frameworks/LaunchServices.framework/Versions/A/LaunchServices
0x0000000001c54000 	/System/Library/Frameworks/CoreServices.framework/Versions/A/Frameworks/DictionaryServices.framework/Versions/A/DictionaryServices
0x0000000001c54000 	/System/Library/Frameworks/CoreServices.framework/Versions/A/Frameworks/SharedFileList.framework/Versions/A/SharedFileList
0x0000000001c54000 	/usr/lib/libauto.dylib
0x0000000001c54000 	/System/Library/Frameworks/SystemConfiguration.framework/Versions/A/SystemConfiguration
0x0000000001c54000 	/System/Library/Frameworks/Security.framework/Versions/A/Security
0x0000000001c54000 	/usr/lib/libsqlite3.dylib
0x0000000001c54000 	/usr/lib/libxml2.2.dylib
0x0000000001c54000 	/usr/lib/libnetwork.dylib
0x0000000001c54000 	/usr/lib/libapple_nghttp2.dylib
0x0000000001c54000 	/usr/lib/libpcap.A.dylib
0x0000000001c54000 	/usr/lib/libboringssl.dylib
0x0000000001c54000 	/usr/lib/libusrtcp.dylib
0x0000000001c54000 	/usr/lib/libcoretls.dylib
0x0000000001c54000 	/usr/lib/libcoretls_cfhelpers.dylib
0x0000000001c54000 	/usr/lib/libapple_crypto.dylib
0x0000000001c54000 	/System/Library/Frameworks/Foundation.framework/Versions/C/Foundation
0x0000000001c54000 	/usr/lib/libOpenScriptingUtil.dylib
0x0000000001c54000 	/usr/lib/libpam.2.dylib
0x0000000001c54000 	/usr/lib/libxar.1.dylib
0x0000000001c54000 	/System/Library/Frameworks/DiskArbitration.framework/Versions/A/DiskArbitration
0x0000000001c54000 	/usr/lib/libarchive.2.dylib
0x0000000001c54000 	/usr/lib/liblangid.dylib
0x0000000001c54000 	/usr/lib/libCRFSuite.dylib
0x0000000001c54000 	/usr/lib/libbz2.1.0.dylib
0x0000000001c54000 	/usr/lib/liblzma.5.dylib
0x0000000001c54000 	/System/Library/Frameworks/NetFS.framework/Versions/A/NetFS
0x0000000001c54000 	/System/Library/PrivateFrameworks/NetAuth.framework/Versions/A/NetAuth
0x0000000001c54000 	/System/Library/PrivateFrameworks/login.framework/Versions/A/Frameworks/loginsupport.framework/Versions/A/loginsupport
0x0000000001c54000 	/System/Library/PrivateFrameworks/TCC.framework/Versions/A/TCC
0x0000000001c54000 	/usr/lib/libmecabra.dylib
0x0000000001c54000 	/System/Library/Frameworks/ApplicationServices.framework/Versions/A/ApplicationServices
0x0000000001c54000 	/System/Library/Frameworks/CoreGraphics.framework/Versions/A/CoreGraphics
0x0000000001c54000 	/System/Library/Frameworks/CoreText.framework/Versions/A/CoreText
0x0000000001c54000 	/System/Library/Frameworks/ImageIO.framework/Versions/A/ImageIO
0x0000000001c54000 	/System/Library/Frameworks/ColorSync.framework/Versions/A/ColorSync
0x0000000001c54000 	/System/Library/Frameworks/ApplicationServices.framework/Versions/A/Frameworks/ATS.framework/Versions/A/ATS
0x0000000001c54000 	/System/Library/Frameworks/ApplicationServices.framework/Versions/A/Frameworks/ColorSyncLegacy.framework/Versions/A/ColorSyncLegacy
0x0000000001c54000 	/System/Library/Frameworks/ApplicationServices.framework/Versions/A/Frameworks/HIServices.framework/Versions/A/HIServices
0x0000000001c54000 	/System/Library/Frameworks/ApplicationServices.framework/Versions/A/Frameworks/LangAnalysis.framework/Versions/A/LangAnalysis
0x0000000001c54000 	/System/Library/Frameworks/ApplicationServices.framework/Versions/A/Frameworks/PrintCore.framework/Versions/A/PrintCore
0x0000000001c54000 	/System/Library/Frameworks/ApplicationServices.framework/Versions/A/Frameworks/QD.framework/Versions/A/QD
0x0000000001c54000 	/System/Library/Frameworks/ApplicationServices.framework/Versions/A/Frameworks/SpeechSynthesis.framework/Versions/A/SpeechSynthesis
0x0000000001c54000 	/System/Library/PrivateFrameworks/SkyLight.framework/Versions/A/SkyLight
0x0000000001c54000 	/System/Library/Frameworks/Accelerate.framework/Versions/A/Accelerate
0x0000000001c54000 	/System/Library/Frameworks/CoreDisplay.framework/Versions/A/CoreDisplay
0x0000000001c54000 	/System/Library/Frameworks/IOSurface.framework/Versions/A/IOSurface
0x0000000001c54000 	/System/Library/Frameworks/Metal.framework/Versions/A/Metal
0x0000000001c54000 	/System/Library/PrivateFrameworks/MultitouchSupport.framework/Versions/A/MultitouchSupport
0x0000000001c54000 	/System/Library/Frameworks/QuartzCore.framework/Versions/A/QuartzCore
0x0000000001c54000 	/System/Library/Frameworks/Accelerate.framework/Versions/A/Frameworks/vImage.framework/Versions/A/vImage
0x0000000001c54000 	/System/Library/Frameworks/Accelerate.framework/Versions/A/Frameworks/vecLib.framework/Versions/A/vecLib
0x0000000001c54000 	/System/Library/Frameworks/Accelerate.framework/Versions/A/Frameworks/vecLib.framework/Versions/A/libvDSP.dylib
0x0000000001c54000 	/System/Library/Frameworks/Accelerate.framework/Versions/A/Frameworks/vecLib.framework/Versions/A/libBNNS.dylib
0x0000000001c54000 	/System/Library/Frameworks/Accelerate.framework/Versions/A/Frameworks/vecLib.framework/Versions/A/libQuadrature.dylib
0x0000000001c54000 	/System/Library/Frameworks/Accelerate.framework/Versions/A/Frameworks/vecLib.framework/Versions/A/libvMisc.dylib
0x0000000001c54000 	/System/Library/Frameworks/Accelerate.framework/Versions/A/Frameworks/vecLib.framework/Versions/A/libLAPACK.dylib
0x0000000001c54000 	/System/Library/Frameworks/Accelerate.framework/Versions/A/Frameworks/vecLib.framework/Versions/A/libBLAS.dylib
0x0000000001c54000 	/System/Library/Frameworks/Accelerate.framework/Versions/A/Frameworks/vecLib.framework/Versions/A/libLinearAlgebra.dylib
0x0000000001c54000 	/System/Library/Frameworks/Accelerate.framework/Versions/A/Frameworks/vecLib.framework/Versions/A/libSparse.dylib
0x0000000001c54000 	/System/Library/Frameworks/Accelerate.framework/Versions/A/Frameworks/vecLib.framework/Versions/A/libSparseBLAS.dylib
0x0000000001c54000 	/System/Library/PrivateFrameworks/IOAccelerator.framework/Versions/A/IOAccelerator
0x0000000001c54000 	/System/Library/PrivateFrameworks/IOPresentment.framework/Versions/A/IOPresentment
0x0000000001c54000 	/System/Library/PrivateFrameworks/DSExternalDisplay.framework/Versions/A/DSExternalDisplay
0x0000000001c54000 	/System/Library/Frameworks/OpenGL.framework/Versions/A/Libraries/libCoreFSCache.dylib
0x0000000001c54000 	/System/Library/Frameworks/CoreImage.framework/Versions/A/CoreImage
0x0000000001c54000 	/System/Library/Frameworks/CoreVideo.framework/Versions/A/CoreVideo
0x0000000001c54000 	/System/Library/Frameworks/OpenGL.framework/Versions/A/OpenGL
0x0000000001c54000 	/System/Library/PrivateFrameworks/GraphVisualizer.framework/Versions/A/GraphVisualizer
0x0000000001c54000 	/System/Library/Frameworks/MetalPerformanceShaders.framework/Versions/A/MetalPerformanceShaders
0x0000000001c54000 	/usr/lib/libFosl_dynamic.dylib
0x0000000001c54000 	/System/Library/PrivateFrameworks/FaceCore.framework/Versions/A/FaceCore
0x0000000001c54000 	/System/Library/Frameworks/OpenCL.framework/Versions/A/OpenCL
0x0000000001c54000 	/usr/lib/libcompression.dylib
0x0000000001c54000 	/System/Library/Frameworks/ApplicationServices.framework/Versions/A/Frameworks/ATS.framework/Versions/A/Resources/libFontParser.dylib
0x0000000001c54000 	/System/Library/Frameworks/ApplicationServices.framework/Versions/A/Frameworks/ATS.framework/Versions/A/Resources/libFontRegistry.dylib
0x0000000001c54000 	/System/Library/Frameworks/ImageIO.framework/Versions/A/Resources/libJPEG.dylib
0x0000000001c54000 	/System/Library/Frameworks/ImageIO.framework/Versions/A/Resources/libTIFF.dylib
0x0000000001c54000 	/System/Library/Frameworks/ImageIO.framework/Versions/A/Resources/libPng.dylib
0x0000000001c54000 	/System/Library/Frameworks/ImageIO.framework/Versions/A/Resources/libGIF.dylib
0x0000000001c54000 	/System/Library/Frameworks/ImageIO.framework/Versions/A/Resources/libJP2.dylib
0x0000000001c54000 	/System/Library/Frameworks/ImageIO.framework/Versions/A/Resources/libRadiance.dylib
0x0000000001c54000 	/System/Library/PrivateFrameworks/AppleJPEG.framework/Versions/A/AppleJPEG
0x0000000001c54000 	/System/Library/PrivateFrameworks/MetalTools.framework/Versions/A/MetalTools
0x0000000001c54000 	/System/Library/Frameworks/MetalPerformanceShaders.framework/Frameworks/MPSCore.framework/Versions/A/MPSCore
0x0000000001c54000 	/System/Library/Frameworks/MetalPerformanceShaders.framework/Frameworks/MPSImage.framework/Versions/A/MPSImage
0x0000000001c54000 	/System/Library/Frameworks/MetalPerformanceShaders.framework/Frameworks/MPSMatrix.framework/Versions/A/MPSMatrix
0x0000000001c54000 	/System/Library/Frameworks/MetalPerformanceShaders.framework/Frameworks/MPSNeuralNetwork.framework/Versions/A/MPSNeuralNetwork
0x0000000001c54000 	/System/Library/Frameworks/OpenGL.framework/Versions/A/Libraries/libGLU.dylib
0x0000000001c54000 	/System/Library/Frameworks/OpenGL.framework/Versions/A/Libraries/libGFXShared.dylib
0x0000000001c54000 	/System/Library/Frameworks/OpenGL.framework/Versions/A/Libraries/libGL.dylib
0x0000000001c54000 	/System/Library/Frameworks/OpenGL.framework/Versions/A/Libraries/libGLImage.dylib
0x0000000001c54000 	/System/Library/Frameworks/OpenGL.framework/Versions/A/Libraries/libCVMSPluginSupport.dylib
0x0000000001c54000 	/System/Library/Frameworks/OpenGL.framework/Versions/A/Libraries/libCoreVMClient.dylib
0x0000000001c54000 	/usr/lib/libcups.2.dylib
0x0000000001c54000 	/System/Library/Frameworks/Kerberos.framework/Versions/A/Kerberos
0x0000000001c54000 	/System/Library/Frameworks/GSS.framework/Versions/A/GSS
0x0000000001c54000 	/usr/lib/libresolv.9.dylib
0x0000000001c54000 	/System/Library/PrivateFrameworks/Heimdal.framework/Versions/A/Heimdal
0x0000000001c54000 	/usr/lib/libheimdal-asn1.dylib
0x0000000001c54000 	/System/Library/Frameworks/OpenDirectory.framework/Versions/A/OpenDirectory
0x0000000001c54000 	/System/Library/PrivateFrameworks/CommonAuth.framework/Versions/A/CommonAuth
0x0000000001c54000 	/System/Library/Frameworks/OpenDirectory.framework/Versions/A/Frameworks/CFOpenDirectory.framework/Versions/A/CFOpenDirectory
0x0000000001c54000 	/System/Library/Frameworks/SecurityFoundation.framework/Versions/A/SecurityFoundation
0x0000000001c54000 	/System/Library/PrivateFrameworks/APFS.framework/Versions/A/APFS
0x0000000001c54000 	/usr/lib/libutil.dylib
0x0000000001c54000 	/System/Library/Frameworks/CoreAudio.framework/Versions/A/CoreAudio
0x0000000001c54000 	/System/Library/Frameworks/AudioToolbox.framework/Versions/A/AudioToolbox
0x0000000001c54000 	/System/Library/PrivateFrameworks/AppleSauce.framework/Versions/A/AppleSauce
0x0000000001c54000 	/System/Library/PrivateFrameworks/LinguisticData.framework/Versions/A/LinguisticData
0x0000000001c54000 	/usr/lib/libmarisa.dylib
0x0000000001c54000 	/System/Library/PrivateFrameworks/Lexicon.framework/Versions/A/Lexicon
0x0000000001c54000 	/usr/lib/libChineseTokenizer.dylib
0x0000000001c54000 	/usr/lib/libcmph.dylib
0x0000000001c54000 	/System/Library/PrivateFrameworks/LanguageModeling.framework/Versions/A/LanguageModeling
0x0000000001c54000 	/System/Library/Frameworks/CoreData.framework/Versions/A/CoreData
0x0000000001c54000 	/System/Library/PrivateFrameworks/CoreEmoji.framework/Versions/A/CoreEmoji
0x0000000001c54000 	/System/Library/Frameworks/ServiceManagement.framework/Versions/A/ServiceManagement
0x0000000001c54000 	/System/Library/PrivateFrameworks/BackgroundTaskManagement.framework/Versions/A/BackgroundTaskManagement
0x0000000001c54000 	/usr/lib/libxslt.1.dylib
0x0000000104d75000 	/Applications/IBM/SPSS/Statistics/25/SPSSStatistics.app/Contents/lib/libdatastr.dylib
0x0000000104d91000 	/Applications/IBM/SPSS/Statistics/25/SPSSStatistics.app/Contents/lib/libstacrypt.dylib
0x0000000104d9e000 	/Applications/IBM/SPSS/Statistics/25/SPSSStatistics.app/Contents/lib/libmccomsps.dylib
0x0000000104ea1000 	/Applications/IBM/SPSS/Statistics/25/SPSSStatistics.app/Contents/lib/libspsspool.dylib
0x0000000108f36000 	/Applications/IBM/SPSS/Statistics/25/SPSSStatistics.app/Contents/lib/libxchart.dylib
0x0000000108fba000 	/Applications/IBM/SPSS/Statistics/25/SPSSStatistics.app/Contents/lib/libviewerxml.dylib
0x0000000109067000 	/Applications/IBM/SPSS/Statistics/25/SPSSStatistics.app/Contents/lib/libspsswctl.dylib
0x000000010917b000 	/Applications/IBM/SPSS/Statistics/25/SPSSStatistics.app/Contents/lib/libuparser.dylib
0x000000010bb87000 	/Applications/IBM/SPSS/Statistics/25/SPSSStatistics.app/Contents/lib/libspssdx.dylib
0x000000010bbb3000 	/Applications/IBM/SPSS/Statistics/25/SPSSStatistics.app/Contents/lib/libomsopmgr.dylib
0x000000010bbda000 	/Applications/IBM/SPSS/Statistics/25/SPSSStatistics.app/Contents/lib/libspsswcis.dylib
0x000000010bd0b000 	/Applications/IBM/SPSS/Statistics/25/SPSSStatistics.app/Contents/lib/libspsswmsg.dylib
0x000000010bd33000 	/Applications/IBM/SPSS/Statistics/25/SPSSStatistics.app/Contents/lib/libuadapter.dylib
0x000000010bd68000 	/Applications/IBM/SPSS/Statistics/25/SPSSStatistics.app/Contents/lib/libspssclef.dylib
0x000000010bdac000 	/Applications/IBM/SPSS/Statistics/25/SPSSStatistics.app/Contents/ext/bin/spss.common/libcfcore.dylib
0x000000010be91000 	/Applications/IBM/SPSS/Statistics/25/SPSSStatistics.app/Contents/ext/bin/spss.common/libcfcommon.dylib
0x000000010bf0a000 	/Applications/IBM/SPSS/Statistics/25/SPSSStatistics.app/Contents/lib/libfmsgs.dylib
0x000000010bf3e000 	/Applications/IBM/SPSS/Statistics/25/SPSSStatistics.app/Contents/lib/libnetcom.dylib
0x00000001091e8000 	/Applications/IBM/SPSS/Statistics/25/SPSSStatistics.app/Contents/lib/libfwutility.dylib
0x000000010bf66000 	/Applications/IBM/SPSS/Statistics/25/SPSSStatistics.app/Contents/lib/libfilesort.dylib
0x000000010bf7a000 	/Applications/IBM/SPSS/Statistics/25/SPSSStatistics.app/Contents/lib/libmtxp.dylib
0x00000001091f0000 	/Applications/IBM/SPSS/Statistics/25/SPSSStatistics.app/Contents/ext/bin/spss.common/libcorethread.dylib
0x0000000104f37000 	/Applications/IBM/SPSS/Statistics/25/SPSSStatistics.app/Contents/ext/bin/spss.common/libcfthread.dylib
0x000000010bf96000 	/Applications/IBM/SPSS/Statistics/25/SPSSStatistics.app/Contents/common/ext/bin/spss.common/libcfcomserv.dylib
0x000000010bfae000 	/Applications/IBM/SPSS/Statistics/25/SPSSStatistics.app/Contents/ext/bin/spss.common/libcfextension.dylib
0x000000010bfe6000 	/Applications/IBM/SPSS/Statistics/25/SPSSStatistics.app/Contents/ext/bin/spss.common/libcffilter.dylib
0x000000010bff5000 	/Applications/IBM/SPSS/Statistics/25/SPSSStatistics.app/Contents/ext/bin/spss.common/libcfcatencode.dylib
0x000000010c014000 	/Applications/IBM/SPSS/Statistics/25/SPSSStatistics.app/Contents/ext/bin/spss.common/libcfcomstatistic.dylib
0x000000010c018000 	/Applications/IBM/SPSS/Statistics/25/SPSSStatistics.app/Contents/ext/bin/spss.common/libtempfiles.dylib
0x000000010f03e000 	/Applications/IBM/SPSS/Statistics/25/SPSSStatistics.app/Contents/lib/libpesrepo.dylib
0x000000010f95a000 	/Applications/IBM/SPSS/Statistics/25/SPSSStatistics.app/Contents/lib/libspsswfil.dylib
0x000000010f9fa000 	/Applications/IBM/SPSS/Statistics/25/SPSSStatistics.app/Contents/lib/libchartxml.dylib
0x000000010fa5a000 	/Applications/IBM/SPSS/Statistics/25/SPSSStatistics.app/Contents/lib/libxlsxdac.dylib
0x000000010fa92000 	/Applications/IBM/SPSS/Statistics/25/SPSSStatistics.app/Contents/lib/libpkginpr.dylib
0x000000010fa9b000 	/Applications/IBM/SPSS/Statistics/25/SPSSStatistics.app/Contents/lib/libdacmmsgs.dylib
0x000000010faa7000 	/Applications/IBM/SPSS/Statistics/25/SPSSStatistics.app/Contents/lib/libtxtwdmsg.dylib
0x000000010faae000 	/Applications/IBM/SPSS/Statistics/25/SPSSStatistics.app/Contents/JRE/lib/jli/libjli.dylib
0x0000000001c54000 	/System/Library/Frameworks/Cocoa.framework/Versions/A/Cocoa
0x0000000001c54000 	/System/Library/Frameworks/AppKit.framework/Versions/C/AppKit
0x0000000001c54000 	/System/Library/PrivateFrameworks/RemoteViewServices.framework/Versions/A/RemoteViewServices
0x0000000001c54000 	/System/Library/PrivateFrameworks/UIFoundation.framework/Versions/A/UIFoundation
0x0000000001c54000 	/System/Library/PrivateFrameworks/DFRFoundation.framework/Versions/A/DFRFoundation
0x0000000001c54000 	/System/Library/PrivateFrameworks/DesktopServicesPriv.framework/Versions/A/DesktopServicesPriv
0x0000000001c54000 	/usr/lib/libScreenReader.dylib
0x0000000001c54000 	/System/Library/Frameworks/AudioUnit.framework/Versions/A/AudioUnit
0x0000000001c54000 	/System/Library/PrivateFrameworks/DataDetectorsCore.framework/Versions/A/DataDetectorsCore
0x0000000001c54000 	/System/Library/Frameworks/Carbon.framework/Versions/A/Frameworks/HIToolbox.framework/Versions/A/HIToolbox
0x0000000001c54000 	/System/Library/Frameworks/Carbon.framework/Versions/A/Frameworks/SpeechRecognition.framework/Versions/A/SpeechRecognition
0x0000000001c54000 	/System/Library/PrivateFrameworks/CoreUI.framework/Versions/A/CoreUI
0x0000000001c54000 	/System/Library/PrivateFrameworks/PerformanceAnalysis.framework/Versions/A/PerformanceAnalysis
0x0000000001c54000 	/System/Library/PrivateFrameworks/Backup.framework/Versions/A/Backup
0x0000000001c54000 	/System/Library/Frameworks/Carbon.framework/Versions/A/Frameworks/Ink.framework/Versions/A/Ink
0x0000000001c54000 	/System/Library/PrivateFrameworks/TextureIO.framework/Versions/A/TextureIO
0x0000000001c54000 	/usr/lib/libate.dylib
0x0000000001c54000 	/System/Library/PrivateFrameworks/CrashReporterSupport.framework/Versions/A/CrashReporterSupport
0x0000000001c54000 	/System/Library/PrivateFrameworks/Sharing.framework/Versions/A/Sharing
0x0000000001c54000 	/System/Library/PrivateFrameworks/IconServices.framework/Versions/A/IconServices
0x0000000001c54000 	/System/Library/PrivateFrameworks/ProtocolBuffer.framework/Versions/A/ProtocolBuffer
0x0000000001c54000 	/System/Library/PrivateFrameworks/Apple80211.framework/Versions/A/Apple80211
0x0000000001c54000 	/System/Library/Frameworks/CoreWLAN.framework/Versions/A/CoreWLAN
0x0000000001c54000 	/System/Library/PrivateFrameworks/CoreUtils.framework/Versions/A/CoreUtils
0x0000000001c54000 	/System/Library/Frameworks/IOBluetooth.framework/Versions/A/IOBluetooth
0x0000000001c54000 	/System/Library/PrivateFrameworks/CoreWiFi.framework/Versions/A/CoreWiFi
0x0000000001c54000 	/System/Library/Frameworks/CoreBluetooth.framework/Versions/A/CoreBluetooth
0x0000000001c54000 	/System/Library/PrivateFrameworks/SignpostNotification.framework/Versions/A/SignpostNotification
0x0000000001c54000 	/System/Library/PrivateFrameworks/DebugSymbols.framework/Versions/A/DebugSymbols
0x0000000001c54000 	/System/Library/PrivateFrameworks/CoreSymbolication.framework/Versions/A/CoreSymbolication
0x0000000001c54000 	/System/Library/PrivateFrameworks/Symbolication.framework/Versions/A/Symbolication
0x0000000001c54000 	/System/Library/PrivateFrameworks/AppleFSCompression.framework/Versions/A/AppleFSCompression
0x0000000001c54000 	/System/Library/PrivateFrameworks/SpeechRecognitionCore.framework/Versions/A/SpeechRecognitionCore
0x000000010fabe000 	/Applications/IBM/SPSS/Statistics/25/SPSSStatistics.app/Contents/JRE//lib/server/libjvm.dylib
0x0000000110a60000 	/Applications/IBM/SPSS/Statistics/25/SPSSStatistics.app/Contents/JRE/lib/libverify.dylib
0x0000000110a6e000 	/Applications/IBM/SPSS/Statistics/25/SPSSStatistics.app/Contents/JRE/lib/libjava.dylib
0x0000000110aa3000 	/Applications/IBM/SPSS/Statistics/25/SPSSStatistics.app/Contents/JRE/lib/libzip.dylib
0x0000000001c54000 	/System/Library/Frameworks/JavaVM.framework/Versions/A/Frameworks/JavaRuntimeSupport.framework/Versions/A/JavaRuntimeSupport
0x0000000001c54000 	/System/Library/Frameworks/JavaVM.framework/Versions/A/Frameworks/JavaNativeFoundation.framework/Versions/A/JavaNativeFoundation
0x0000000001c54000 	/System/Library/Frameworks/JavaVM.framework/Versions/A/JavaVM
0x0000000001c54000 	/System/Library/Frameworks/Carbon.framework/Versions/A/Carbon
0x0000000001c54000 	/System/Library/PrivateFrameworks/JavaLaunching.framework/Versions/A/JavaLaunching
0x0000000001c54000 	/System/Library/Frameworks/Carbon.framework/Versions/A/Frameworks/CommonPanels.framework/Versions/A/CommonPanels
0x0000000001c54000 	/System/Library/Frameworks/Carbon.framework/Versions/A/Frameworks/Help.framework/Versions/A/Help
0x0000000001c54000 	/System/Library/Frameworks/Carbon.framework/Versions/A/Frameworks/ImageCapture.framework/Versions/A/ImageCapture
0x0000000001c54000 	/System/Library/Frameworks/Carbon.framework/Versions/A/Frameworks/OpenScripting.framework/Versions/A/OpenScripting
0x0000000001c54000 	/System/Library/Frameworks/Carbon.framework/Versions/A/Frameworks/Print.framework/Versions/A/Print
0x0000000001c54000 	/System/Library/Frameworks/Carbon.framework/Versions/A/Frameworks/SecurityHI.framework/Versions/A/SecurityHI
0x0000000128841000 	/Applications/IBM/SPSS/Statistics/25/SPSSStatistics.app/Contents/JRE/lib/libnet.dylib
0x000000010e040000 	/Applications/IBM/SPSS/Statistics/25/SPSSStatistics.app/Contents/lib/libspsswarc.dylib
0x000000010ec62000 	/Applications/IBM/SPSS/Statistics/25/SPSSStatistics.app/Contents/lib/libspsswalt.dylib
0x000000010ec7a000 	/Applications/IBM/SPSS/Statistics/25/SPSSStatistics.app/Contents/lib/libspsswoms.dylib
0x000000010eca9000 	/Applications/IBM/SPSS/Statistics/25/SPSSStatistics.app/Contents/lib/libspsswbst.dylib
0x000000010ecb9000 	/Applications/IBM/SPSS/Statistics/25/SPSSStatistics.app/Contents/lib/libspsswone.dylib
0x000000010ecec000 	/Applications/IBM/SPSS/Statistics/25/SPSSStatistics.app/Contents/lib/libspssweda.dylib
0x000000010ed6f000 	/Applications/IBM/SPSS/Statistics/25/SPSSStatistics.app/Contents/JRE/lib/libmanagement.dylib
0x000000010ed7d000 	/Applications/IBM/SPSS/Statistics/25/SPSSStatistics.app/Contents/JRE/lib/libosx.dylib
0x000000010ed8b000 	/Applications/IBM/SPSS/Statistics/25/SPSSStatistics.app/Contents/JRE/lib/./libosxapp.dylib
0x0000000001c54000 	/System/Library/Frameworks/ExceptionHandling.framework/Versions/A/ExceptionHandling
0x000000012857b000 	/Applications/IBM/SPSS/Statistics/25/SPSSStatistics.app/Contents/JRE/lib/libawt.dylib
0x0000000128623000 	/Applications/IBM/SPSS/Statistics/25/SPSSStatistics.app/Contents/JRE/lib/./libmlib_image.dylib
0x00000001286ef000 	/Applications/IBM/SPSS/Statistics/25/SPSSStatistics.app/Contents/JRE/lib/libawt_lwawt.dylib
0x0000000128950000 	/Applications/IBM/SPSS/Statistics/25/SPSSStatistics.app/Contents/lib/libjniviewer.dylib
0x000000010efa7000 	/Applications/IBM/SPSS/Statistics/25/SPSSStatistics.app/Contents/JRE/lib/libfontmanager.dylib
0x0000000001c54000 	/System/Library/PrivateFrameworks/CoreServicesInternal.framework/Versions/A/CoreServicesInternal
0x00000001288b4000 	/Applications/IBM/SPSS/Statistics/25/SPSSStatistics.app/Contents/JRE/lib/libnio.dylib
0x0000000001c54000 	/System/Library/Frameworks/ApplicationServices.framework/Versions/A/Frameworks/ATS.framework/Versions/A/Resources/libTrueTypeScaler.dylib

VM Arguments:
jvm_args: -Djava.library.path=/Applications/IBM/SPSS/Statistics/25/SPSSStatistics.app/Contents/bin/../JRE/lib/jli/:/Applications/IBM/SPSS/Statistics/25/SPSSStatistics.app/Contents/bin/../JRE/lib/:/Applications/IBM/SPSS/Statistics/25/SPSSStatistics.app/Contents/bin/../lib/:/Applications/IBM/SPSS/Statistics/25/SPSSStatistics.app/Contents/bin/ -Dapplication.home=/Applications/IBM/SPSS/Statistics/25/SPSSStatistics.app/Contents/bin -Dstatistics.home=/Applications/IBM/SPSS/Statistics/25/SPSSStatistics.app/Contents/bin -Djava.awt.headless=true -Dcom.sun.media.jai.disableMediaLib=true -Xms256M -Xmx2048M -XX:-UsePerfData -Dcom.ibm.jsse2.overrideDefaultProtocol=TLSv12 -Djava.io.tmpdir=/tmp/spssiioGnE/ 
java_command: <unknown>
java_class_path (initial): :/Applications/IBM/SPSS/Statistics/25/SPSSStatistics.app/Contents/bin/ChartEditor.jar:/Applications/IBM/SPSS/Statistics/25/SPSSStatistics.app/Contents/bin/ChartEditorRes.jar:/Applications/IBM/SPSS/Statistics/25/SPSSStatistics.app/Contents/bin/CoreTools.jar:/Applications/IBM/SPSS/Statistics/25/SPSSStatistics.app/Contents/bin/CustomDialogBuilder.jar:/Applications/IBM/SPSS/Statistics/25/SPSSStatistics.app/Contents/bin/CustomDialogBuilderRes.jar:/Applications/IBM/SPSS/Statistics/25/SPSSStatistics.app/Contents/bin/ExViewerDialogDemo.jar:/Applications/IBM/SPSS/Statistics/25/SPSSStatistics.app/Contents/bin/ExViewerFrameDemo.jar:/Applications/IBM/SPSS/Statistics/25/SPSSStatistics.app/Contents/bin/ExportTools.jar:/Applications/IBM/SPSS/Statistics/25/SPSSStatistics.app/Contents/bin/ExtensionManager.jar:/Applications/IBM/SPSS/Statistics/25/SPSSStatistics.app/Contents/bin/ExtensionManagerRes.jar:/Applications/IBM/SPSS/Statistics/25/SPSSStatistics.app/Contents/bin/FieldChooser.jar:/Applications/IBM/SPSS/Statistics/25/SPSSStatistics.app/Contents/bin/InstallExtBundles.jar:/Applications/IBM/SPSS/Statistics/25/SPSSStatistics.app/Contents/bin/InstallExtBundlesRes.jar:/Applications/IBM/SPSS/Statistics/25/SPSSStatistics.app/Contents/bin/JRegEdit.jar:/Applications/IBM/SPSS/Statistics/25/SPSSStatistics.app/Contents/bin/JimiProClasses.jar:/Applications/IBM/SPSS/Statistics/25/SPSSStatistics.app/Contents/bin/LightTable.jar:/Applications/IBM/SPSS/Statistics/25/SPSSStatistics.app/Contents/bin/ModelViewer.jar:/Applications/IBM/SPSS/Statistics/25/SPSSStatistics.app/Contents/bin/PivotTableEditor.jar:/Applications/IBM/SPSS/Statistics/25/SPSSStatistics.app/Contents/bin/PivotTableEditorRes.jar:/Applications/IBM/SPSS/Statistics/25/SPSSStatistics.app/Contents/bin/RConfig.jar:/Applications/IBM/SPSS/Statistics/25/SPSSStatistics.app/Contents/bin/RapidSpell.jar:/Applications/IBM/SPSS/Statistics/25/SPSSStatistics.app/Contents/bin/RapidSpellMDict.jar:/Applications/IBM/SPSS/Stat
Launcher Type: generic

Environment Variables:
PATH=/Applications/IBM/SPSS/Statistics/25/SPSSStatistics.app/Contents/bin:/usr/bin:/bin:/usr/sbin:/sbin
SHELL=/bin/bash
DISPLAY=/private/tmp/com.apple.launchd.KxjS9ogdMB/org.macosforge.xquartz:0
DYLD_LIBRARY_PATH=/Applications/IBM/SPSS/Statistics/25/SPSSStatistics.app/Contents/lib:/Applications/IBM/SPSS/Statistics/25/SPSSStatistics.app/Contents/common/ext/bin/spss.common:/Applications/IBM/SPSS/Statistics/25/SPSSStatistics.app/Contents/ext/bin/spss.common:/Applications/IBM/SPSS/Statistics/25/SPSSStatistics.app/Contents/lib:/Applications/IBM/SPSS/Statistics/25/SPSSStatistics.app/Contents/Library/Frameworks/Sentinel.framework:/Applications/IBM/SPSS/Statistics/25/SPSSStatistics.app/Contents/Library/Frameworks/SuperPro.framework:/Applications/IBM/SPSS/Statistics/25/SPSSStatistics.app/Contents/JRE/lib/jli

Signal Handlers:
SIGSEGV: [libjvm.dylib+0x5b1141], sa_mask[0]=11111111011111110111111111111111, sa_flags=SA_ONSTACK|SA_RESTART|SA_SIGINFO
SIGBUS: [libjvm.dylib+0x5b1141], sa_mask[0]=11111111011111110111111111111111, sa_flags=SA_RESTART|SA_SIGINFO
SIGFPE: [libjvm.dylib+0x487bc4], sa_mask[0]=11111111011111110111111111111111, sa_flags=SA_RESTART|SA_SIGINFO
SIGPIPE: [libjvm.dylib+0x487bc4], sa_mask[0]=11111111011111110111111111111111, sa_flags=SA_RESTART|SA_SIGINFO
SIGXFSZ: [libjvm.dylib+0x487bc4], sa_mask[0]=11111111011111110111111111111111, sa_flags=SA_RESTART|SA_SIGINFO
SIGILL: [libjvm.dylib+0x487bc4], sa_mask[0]=11111111011111110111111111111111, sa_flags=SA_RESTART|SA_SIGINFO
SIGUSR1: SIG_DFL, sa_mask[0]=00000000000000000000000000000000, sa_flags=none
SIGUSR2: [libjvm.dylib+0x4876e2], sa_mask[0]=00100000000000000000000000000000, sa_flags=SA_RESTART|SA_SIGINFO
SIGHUP: [libjvm.dylib+0x485cb9], sa_mask[0]=11111111011111110111111111111111, sa_flags=SA_RESTART|SA_SIGINFO
SIGINT: [libjvm.dylib+0x485cb9], sa_mask[0]=11111111011111110111111111111111, sa_flags=SA_RESTART|SA_SIGINFO
SIGTERM: [libjvm.dylib+0x485cb9], sa_mask[0]=11111111011111110111111111111111, sa_flags=SA_RESTART|SA_SIGINFO
SIGQUIT: [libjvm.dylib+0x485cb9], sa_mask[0]=11111111011111110111111111111111, sa_flags=SA_RESTART|SA_SIGINFO


---------------  S Y S T E M  ---------------

OS:Bsduname:Darwin 17.3.0 Darwin Kernel Version 17.3.0: Thu Nov  9 18:09:22 PST 2017; root:xnu-4570.31.3~1/RELEASE_X86_64 x86_64
rlimit: STACK 8192k, CORE 0k, NPROC 1418, NOFILE 10240, AS infinity
load average:2.40 2.15 1.96

CPU:total 8 (4 cores per cpu, 2 threads per core) family 6 model 70 stepping 1, cmov, cx8, fxsr, mmx, sse, sse2, sse3, ssse3, sse4.1, sse4.2, popcnt, avx, avx2, aes, clmul, erms, lzcnt, ht, tsc, tscinvbit, bmi1, bmi2

Memory: 4k page, physical 16777216k(1635840k free)

/proc/meminfo:


vm_info: Java HotSpot(TM) 64-Bit Server VM (25.121-b13) for bsd-amd64 JRE (1.8.0_121-b13), built on Dec 12 2016 20:39:32 by "java_re" with gcc 4.2.1 (Based on Apple Inc. build 5658) (LLVM build 2336.11.00)

time: Sun Jun 17 16:32:12 2018
elapsed time: 40 seconds (0d 0h 0m 40s)

