#
# A fatal error has been detected by the Java Runtime Environment:
#
#  SIGSEGV (0xb) at pc=0x000000010e652d3b, pid=60366, tid=0x0000000000000307
#
# JRE version: Java(TM) 2 Runtime Environment, Standard Edition (8.0_121-b13) (build 1.8.0_121-b13 14_Feb_2017_06_58 Mac OS X x64(SR4 FP1))
# Java VM: Java HotSpot(TM) 64-Bit Server VM (25.121-b13 mixed mode bsd-amd64 compressed oops)
# Problematic frame:
# C  [StartXD+0x11d3b]  LongData::ParseData(void*, int&)+0x5b
#
# Failed to write core dump. Core dumps have been disabled. To enable core dumping, try "ulimit -c unlimited" before starting Java again
#
# If you would like to submit a bug report, please visit:
#   http://bugreport.java.com/bugreport/crash.jsp
#

---------------  T H R E A D  ---------------

Current thread is native thread

siginfo: si_signo: 11 (SIGSEGV), si_code: 1 (SEGV_MAPERR), si_addr: 0x00007fa89a400000

Registers:
RAX=0x00000000074b9948, RBX=0x00007fa89a400000, RCX=0x0000000000000000, RDX=0x0000000000400000
RSP=0x00007ffee15bbb20, RBP=0x00007ffee15bbb60, RSI=0x0000000176875940, RDI=0x00007ffee15be420
R8 =0x00000000000002a7, R9 =0x0000000000000074, R10=0x00007fff88aa12cc, R11=0x0000000000000246
R12=0x00007ffee15be420, R13=0x00007ffee15bbb34, R14=0x000000000e2d21a9, R15=0x00007ffee15be408
RIP=0x000000010e652d3b, EFLAGS=0x0000000000010206, ERR=0x0000000000000004
  TRAPNO=0x000000000000000e

Top of Stack: (sp=0x00007ffee15bbb20)
0x00007ffee15bbb20:   0000000000000002 00007ffee15bbc44
0x00007ffee15bbb30:   0000000000000005 00007ffee15be3e0
0x00007ffee15bbb40:   00007ffee15be3e0 0000000000000000
0x00007ffee15bbb50:   00007fa892f466b0 00007fa892f466b0
0x00007ffee15bbb60:   00007ffee15bbc70 000000010e95459f
0x00007ffee15bbb70:   fd00000070001000 000000010e66ffff
0x00007ffee15bbb80:   00007ffee15bbc10 00007fff4fb72758
0x00007ffee15bbb90:   0000000000000000 0000000000000006
0x00007ffee15bbba0:   00007fa890ca4f70 0000000114edfa00
0x00007ffee15bbbb0:   0000000000000000 0000000000000010
0x00007ffee15bbbc0:   0000000000000001 000000010e668080
0x00007ffee15bbbd0:   000000010e668080 0000000114edfa00
0x00007ffee15bbbe0:   000000010e667000 0000000000000006
0x00007ffee15bbbf0:   0000000014ee3600 0000000000000000
0x00007ffee15bbc00:   00007ffee15bbcb0 0000000000000000
0x00007ffee15bbc10:   00007fff88aa4000 0000000000000000
0x00007ffee15bbc20:   00007ffee15bbc50 00007fff4fb5b201
0x00007ffee15bbc30:   0000000000000000 0000000000000000
0x00007ffee15bbc40:   0000000000000000 00007ffee15be3e0
0x00007ffee15bbc50:   00007ffee15bbcb0 0000000000000000
0x00007ffee15bbc60:   00007fa892f466b0 0000000000000000
0x00007ffee15bbc70:   00007ffee15bdce0 000000010e94d9e9
0x00007ffee15bbc80:   0000000000000000 00007ffee15be3e0
0x00007ffee15bbc90:   00007fa890ed56a0 00007fa892f466b0
0x00007ffee15bbca0:   0000000000000000 0000000000000000
0x00007ffee15bbcb0:   0000000000000000 0000000000000000
0x00007ffee15bbcc0:   0000000000000000 0000000000000000
0x00007ffee15bbcd0:   0000000000000000 0000000000000000
0x00007ffee15bbce0:   0000000000000000 0000000000000000
0x00007ffee15bbcf0:   0000000000000000 0000000000000000
0x00007ffee15bbd00:   0000000000000000 0000000000000000
0x00007ffee15bbd10:   0000000000000000 0000000000000000 

Instructions: (pc=0x000000010e652d3b)
0x000000010e652d1b:   41 ff ce 48 83 c3 04 4d 8d 67 18 b8 08 00 00 00
0x000000010e652d2b:   4c 8d 6d d4 eb 0a 41 ff ce 48 83 c3 04 83 c0 04
0x000000010e652d3b:   8b 0b 89 4d d4 41 89 47 10 4c 89 e7 4c 89 ee e8
0x000000010e652d4b:   4f 0a 00 00 41 8b 47 10 45 85 f6 75 d9 48 8b 55 

Register to memory mapping:

RAX=0x00000000074b9948 is an unknown value
RBX=0x00007fa89a400000 is an unknown value
RCX=0x0000000000000000 is an unknown value
RDX=0x0000000000400000 is an unknown value
RSP=0x00007ffee15bbb20 is an unknown value
RBP=0x00007ffee15bbb60 is an unknown value
RSI=0x0000000176875940 is an unknown value
RDI=0x00007ffee15be420 is an unknown value
R8 =0x00000000000002a7 is an unknown value
R9 =0x0000000000000074 is an unknown value
R10=0x00007fff88aa12cc: mach_task_self_+0 in /usr/lib/system/libsystem_kernel.dylib at 0x00007fff4fae7000
R11=0x0000000000000246 is an unknown value
R12=0x00007ffee15be420 is an unknown value
R13=0x00007ffee15bbb34 is an unknown value
R14=0x000000000e2d21a9 is an unknown value
R15=0x00007ffee15be408 is an unknown value


Stack: [0x00007ffee0dbf000,0x00007ffee15bf000],  sp=0x00007ffee15bbb20,  free space=8178k
Native frames: (J=compiled Java code, j=interpreted, Vv=VM code, C=native code)
C  [StartXD+0x11d3b]  LongData::ParseData(void*, int&)+0x5b
C  [libspssdxcom.dylib+0x1259f]  CleXDSmb::ParseBuf(void*)+0x4d
C  [libspssdxcom.dylib+0xb9e9]  ReceiveData(JavaPlugInSocket*, CleXDSmb&)+0xfa
C  [StartXD+0x25fe]  main+0xa6b
C  [libdyld.dylib+0x1115]  start+0x1


---------------  P R O C E S S  ---------------

VM state:not at safepoint (normal execution)

VM Mutex/Monitor currently owned by a thread: None

Heap:
 PSYoungGen      total 134144K, used 2671K [0x0000000795580000, 0x00000007ad380000, 0x00000007c0000000)
  eden space 133632K, 1% used [0x0000000795580000,0x000000079581be90,0x000000079d800000)
  from space 512K, 0% used [0x00000007ad300000,0x00000007ad300000,0x00000007ad380000)
  to   space 2560K, 0% used [0x00000007ace80000,0x00000007ace80000,0x00000007ad100000)
 ParOldGen       total 175104K, used 19888K [0x0000000740000000, 0x000000074ab00000, 0x0000000795580000)
  object space 175104K, 11% used [0x0000000740000000,0x000000074136c198,0x000000074ab00000)
 Metaspace       used 20718K, capacity 21138K, committed 21248K, reserved 1069056K
  class space    used 2402K, capacity 2516K, committed 2560K, reserved 1048576K

Card table byte_map: [0x000000012bddc000,0x000000012c1dd000] byte_map_base: 0x00000001283dc000

Marking Bits: (ParMarkBitMap*) 0x000000011c327d30
 Begin Bits: [0x000000012c488000, 0x000000012e488000)
 End Bits:   [0x000000012e488000, 0x0000000130488000)

Polling page: 0x000000010e93f000

CodeCache: size=245760Kb used=14989Kb max_used=15659Kb free=230770Kb
 bounds [0x000000011ca1c000, 0x000000011d9dc000, 0x000000012ba1c000]
 total_blobs=4574 nmethods=4064 adapters=423
 compilation: enabled

Compilation events (10 events):
Event: 219.256 Thread 0x00007fa892066800 5212   !   4       org.apache.xml.serialize.Printer::flush (47 bytes)
Event: 219.258 Thread 0x00007fa892066800 nmethod 5212 0x000000011d304690 code [0x000000011d304800, 0x000000011d3049f8]
Event: 219.416 Thread 0x00007fa891850000 5213   !   4       org.exolab.castor.xml.validators.BooleanValidator::validate (79 bytes)
Event: 219.417 Thread 0x00007fa891850000 nmethod 5213 0x000000011d8ec250 code [0x000000011d8ec3a0, 0x000000011d8ec4b8]
Event: 219.420 Thread 0x00007fa892065800 5214       4       java.lang.Boolean::toString (15 bytes)
Event: 219.420 Thread 0x00007fa892065800 nmethod 5214 0x000000011d009f90 code [0x000000011d00a0e0, 0x000000011d00a158]
Event: 219.440 Thread 0x00007fa892066800 5215   !   4       org.exolab.castor.xml.validators.DoubleValidator::validate (86 bytes)
Event: 219.441 Thread 0x00007fa891850000 5216       4       org.exolab.castor.xml.validators.DoubleValidator::validate (312 bytes)
Event: 219.442 Thread 0x00007fa891850000 nmethod 5216 0x000000011d8ebcd0 code [0x000000011d8ebe40, 0x000000011d8ec058]
Event: 219.455 Thread 0x00007fa892066800 nmethod 5215 0x000000011d4b6290 code [0x000000011d4b64c0, 0x000000011d4b6f50]

GC Heap History (10 events):
Event: 219.138 GC heap before
{Heap before GC invocations=156 (full 11):
 PSYoungGen      total 149504K, used 149312K [0x0000000795580000, 0x00000007ad880000, 0x00000007c0000000)
  eden space 147968K, 100% used [0x0000000795580000,0x000000079e600000,0x000000079e600000)
  from space 1536K, 87% used [0x00000007ad700000,0x00000007ad850000,0x00000007ad880000)
  to   space 2560K, 0% used [0x00000007ad380000,0x00000007ad380000,0x00000007ad600000)
 ParOldGen       total 175104K, used 26424K [0x0000000740000000, 0x000000074ab00000, 0x0000000795580000)
  object space 175104K, 15% used [0x0000000740000000,0x00000007419ce2d8,0x000000074ab00000)
 Metaspace       used 20718K, capacity 21138K, committed 21248K, reserved 1069056K
  class space    used 2402K, capacity 2516K, committed 2560K, reserved 1048576K
Event: 219.140 GC heap after
Heap after GC invocations=156 (full 11):
 PSYoungGen      total 144384K, used 1088K [0x0000000795580000, 0x00000007ad780000, 0x00000007c0000000)
  eden space 142848K, 0% used [0x0000000795580000,0x0000000795580000,0x000000079e100000)
  from space 1536K, 70% used [0x00000007ad380000,0x00000007ad490000,0x00000007ad500000)
  to   space 2560K, 0% used [0x00000007ad500000,0x00000007ad500000,0x00000007ad780000)
 ParOldGen       total 175104K, used 26472K [0x0000000740000000, 0x000000074ab00000, 0x0000000795580000)
  object space 175104K, 15% used [0x0000000740000000,0x00000007419da2d8,0x000000074ab00000)
 Metaspace       used 20718K, capacity 21138K, committed 21248K, reserved 1069056K
  class space    used 2402K, capacity 2516K, committed 2560K, reserved 1048576K
}
Event: 219.293 GC heap before
{Heap before GC invocations=157 (full 11):
 PSYoungGen      total 144384K, used 143936K [0x0000000795580000, 0x00000007ad780000, 0x00000007c0000000)
  eden space 142848K, 100% used [0x0000000795580000,0x000000079e100000,0x000000079e100000)
  from space 1536K, 70% used [0x00000007ad380000,0x00000007ad490000,0x00000007ad500000)
  to   space 2560K, 0% used [0x00000007ad500000,0x00000007ad500000,0x00000007ad780000)
 ParOldGen       total 175104K, used 26472K [0x0000000740000000, 0x000000074ab00000, 0x0000000795580000)
  object space 175104K, 15% used [0x0000000740000000,0x00000007419da2d8,0x000000074ab00000)
 Metaspace       used 20718K, capacity 21138K, committed 21248K, reserved 1069056K
  class space    used 2402K, capacity 2516K, committed 2560K, reserved 1048576K
Event: 219.295 GC heap after
Heap after GC invocations=157 (full 11):
 PSYoungGen      total 139776K, used 1216K [0x0000000795580000, 0x00000007ad680000, 0x00000007c0000000)
  eden space 138240K, 0% used [0x0000000795580000,0x0000000795580000,0x000000079dc80000)
  from space 1536K, 79% used [0x00000007ad500000,0x00000007ad630000,0x00000007ad680000)
  to   space 2560K, 0% used [0x00000007ad180000,0x00000007ad180000,0x00000007ad400000)
 ParOldGen       total 175104K, used 26536K [0x0000000740000000, 0x000000074ab00000, 0x0000000795580000)
  object space 175104K, 15% used [0x0000000740000000,0x00000007419ea2d8,0x000000074ab00000)
 Metaspace       used 20718K, capacity 21138K, committed 21248K, reserved 1069056K
  class space    used 2402K, capacity 2516K, committed 2560K, reserved 1048576K
}
Event: 219.452 GC heap before
{Heap before GC invocations=158 (full 11):
 PSYoungGen      total 139776K, used 139456K [0x0000000795580000, 0x00000007ad680000, 0x00000007c0000000)
  eden space 138240K, 100% used [0x0000000795580000,0x000000079dc80000,0x000000079dc80000)
  from space 1536K, 79% used [0x00000007ad500000,0x00000007ad630000,0x00000007ad680000)
  to   space 2560K, 0% used [0x00000007ad180000,0x00000007ad180000,0x00000007ad400000)
 ParOldGen       total 175104K, used 26536K [0x0000000740000000, 0x000000074ab00000, 0x0000000795580000)
  object space 175104K, 15% used [0x0000000740000000,0x00000007419ea2d8,0x000000074ab00000)
 Metaspace       used 20718K, capacity 21138K, committed 21248K, reserved 1069056K
  class space    used 2402K, capacity 2516K, committed 2560K, reserved 1048576K
Event: 219.454 GC heap after
Heap after GC invocations=158 (full 11):
 PSYoungGen      total 134656K, used 1024K [0x0000000795580000, 0x00000007ad580000, 0x00000007c0000000)
  eden space 133632K, 0% used [0x0000000795580000,0x0000000795580000,0x000000079d800000)
  from space 1024K, 100% used [0x00000007ad180000,0x00000007ad280000,0x00000007ad280000)
  to   space 2560K, 0% used [0x00000007ad300000,0x00000007ad300000,0x00000007ad580000)
 ParOldGen       total 175104K, used 26592K [0x0000000740000000, 0x000000074ab00000, 0x0000000795580000)
  object space 175104K, 15% used [0x0000000740000000,0x00000007419f82d8,0x000000074ab00000)
 Metaspace       used 20718K, capacity 21138K, committed 21248K, reserved 1069056K
  class space    used 2402K, capacity 2516K, committed 2560K, reserved 1048576K
}
Event: 219.483 GC heap before
{Heap before GC invocations=159 (full 11):
 PSYoungGen      total 134656K, used 14382K [0x0000000795580000, 0x00000007ad580000, 0x00000007c0000000)
  eden space 133632K, 9% used [0x0000000795580000,0x000000079628b930,0x000000079d800000)
  from space 1024K, 100% used [0x00000007ad180000,0x00000007ad280000,0x00000007ad280000)
  to   space 2560K, 0% used [0x00000007ad300000,0x00000007ad300000,0x00000007ad580000)
 ParOldGen       total 175104K, used 26592K [0x0000000740000000, 0x000000074ab00000, 0x0000000795580000)
  object space 175104K, 15% used [0x0000000740000000,0x00000007419f82d8,0x000000074ab00000)
 Metaspace       used 20718K, capacity 21138K, committed 21248K, reserved 1069056K
  class space    used 2402K, capacity 2516K, committed 2560K, reserved 1048576K
Event: 219.484 GC heap after
Heap after GC invocations=159 (full 11):
 PSYoungGen      total 134144K, used 192K [0x0000000795580000, 0x00000007ad380000, 0x00000007c0000000)
  eden space 133632K, 0% used [0x0000000795580000,0x0000000795580000,0x000000079d800000)
  from space 512K, 37% used [0x00000007ad300000,0x00000007ad330000,0x00000007ad380000)
  to   space 2560K, 0% used [0x00000007ace80000,0x00000007ace80000,0x00000007ad100000)
 ParOldGen       total 175104K, used 26688K [0x0000000740000000, 0x000000074ab00000, 0x0000000795580000)
  object space 175104K, 15% used [0x0000000740000000,0x0000000741a102d8,0x000000074ab00000)
 Metaspace       used 20718K, capacity 21138K, committed 21248K, reserved 1069056K
  class space    used 2402K, capacity 2516K, committed 2560K, reserved 1048576K
}
Event: 219.484 GC heap before
{Heap before GC invocations=160 (full 12):
 PSYoungGen      total 134144K, used 192K [0x0000000795580000, 0x00000007ad380000, 0x00000007c0000000)
  eden space 133632K, 0% used [0x0000000795580000,0x0000000795580000,0x000000079d800000)
  from space 512K, 37% used [0x00000007ad300000,0x00000007ad330000,0x00000007ad380000)
  to   space 2560K, 0% used [0x00000007ace80000,0x00000007ace80000,0x00000007ad100000)
 ParOldGen       total 175104K, used 26688K [0x0000000740000000, 0x000000074ab00000, 0x0000000795580000)
  object space 175104K, 15% used [0x0000000740000000,0x0000000741a102d8,0x000000074ab00000)
 Metaspace       used 20718K, capacity 21138K, committed 21248K, reserved 1069056K
  class space    used 2402K, capacity 2516K, committed 2560K, reserved 1048576K
Event: 219.530 GC heap after
Heap after GC invocations=160 (full 12):
 PSYoungGen      total 134144K, used 0K [0x0000000795580000, 0x00000007ad380000, 0x00000007c0000000)
  eden space 133632K, 0% used [0x0000000795580000,0x0000000795580000,0x000000079d800000)
  from space 512K, 0% used [0x00000007ad300000,0x00000007ad300000,0x00000007ad380000)
  to   space 2560K, 0% used [0x00000007ace80000,0x00000007ace80000,0x00000007ad100000)
 ParOldGen       total 175104K, used 19888K [0x0000000740000000, 0x000000074ab00000, 0x0000000795580000)
  object space 175104K, 11% used [0x0000000740000000,0x000000074136c198,0x000000074ab00000)
 Metaspace       used 20718K, capacity 21138K, committed 21248K, reserved 1069056K
  class space    used 2402K, capacity 2516K, committed 2560K, reserved 1048576K
}

Deoptimization events (10 events):
Event: 78.199 Thread 0x00007fa89383e800 Uncommon trap: reason=unstable_if action=reinterpret pc=0x000000011d2348c0 method=java.math.BigDecimal.valueOf(J)Ljava/math/BigDecimal; @ 3
Event: 78.203 Thread 0x00007fa89383e800 Uncommon trap: reason=unstable_if action=reinterpret pc=0x000000011cfbeb74 method=java.math.BigDecimal.valueOf(J)Ljava/math/BigDecimal; @ 3
Event: 78.203 Thread 0x00007fa89383e800 Uncommon trap: reason=unstable_if action=reinterpret pc=0x000000011cf08398 method=java.math.BigDecimal.valueOf(J)Ljava/math/BigDecimal; @ 3
Event: 78.205 Thread 0x00007fa89383e800 Uncommon trap: reason=unstable_if action=reinterpret pc=0x000000011d4fa814 method=java.math.BigDecimal.valueOf(J)Ljava/math/BigDecimal; @ 3
Event: 78.208 Thread 0x00007fa89383e800 Uncommon trap: reason=unstable_if action=reinterpret pc=0x000000011d17cbb0 method=sun.misc.FloatingDecimal$BinaryToASCIIBuffer.dtoa(IJIZ)V @ 272
Event: 81.112 Thread 0x00007fa89383e800 Uncommon trap: reason=unstable_if action=reinterpret pc=0x000000011cd03a38 method=com.spss.officeopenxml.excel2007.WorksheetRows$WorksheetRowsIterator.getNextRowFromRawBuffer()Z @ 287
Event: 113.059 Thread 0x00007fa89383e800 Uncommon trap: reason=unstable_if action=reinterpret pc=0x000000011d2b93a0 method=java.io.BufferedWriter.write(I)V @ 19
Event: 143.139 Thread 0x00007fa89383e800 Uncommon trap: reason=unstable_if action=reinterpret pc=0x000000011cd26c80 method=java.io.ExpiringCache.entryFor(Ljava/lang/String;)Ljava/io/ExpiringCache$Entry; @ 39
Event: 143.175 Thread 0x00007fa89383e800 Uncommon trap: reason=unstable_if action=reinterpret pc=0x000000011d605f18 method=java.io.ExpiringCache.entryFor(Ljava/lang/String;)Ljava/io/ExpiringCache$Entry; @ 39
Event: 146.426 Thread 0x00007fa89383e800 Uncommon trap: reason=unstable_if action=reinterpret pc=0x000000011d7e9464 method=java.io.BufferedWriter.write(I)V @ 19

Internal exceptions (10 events):
Event: 40.377 Thread 0x00007fa89383e800 Exception <a 'java/io/FileNotFoundException'> (0x000000079bf12198) thrown at [/Users/java_re/workspace/8-2-build-macosx-x86_64/jdk8u121/8372/hotspot/src/share/vm/prims/jni.cpp, line 709]
Event: 51.439 Thread 0x00007fa89383e800 Exception <a 'java/io/FileNotFoundException'> (0x000000079f703890) thrown at [/Users/java_re/workspace/8-2-build-macosx-x86_64/jdk8u121/8372/hotspot/src/share/vm/prims/jni.cpp, line 709]
Event: 54.866 Thread 0x00007fa89383e800 Implicit null exception at 0x000000011d23901f to 0x000000011d23bc85
Event: 62.294 Thread 0x00007fa89383e800 Exception <a 'java/io/FileNotFoundException'> (0x000000079f6db278) thrown at [/Users/java_re/workspace/8-2-build-macosx-x86_64/jdk8u121/8372/hotspot/src/share/vm/prims/jni.cpp, line 709]
Event: 78.034 Thread 0x00007fa89383e800 Exception <a 'java/io/FileNotFoundException'> (0x000000079ab0ae38) thrown at [/Users/java_re/workspace/8-2-build-macosx-x86_64/jdk8u121/8372/hotspot/src/share/vm/prims/jni.cpp, line 709]
Event: 93.999 Thread 0x00007fa89383e800 Exception <a 'java/io/FileNotFoundException'> (0x00000007a1ce7738) thrown at [/Users/java_re/workspace/8-2-build-macosx-x86_64/jdk8u121/8372/hotspot/src/share/vm/prims/jni.cpp, line 709]
Event: 109.771 Thread 0x00007fa89383e800 Exception <a 'java/io/FileNotFoundException'> (0x000000079a1fd3b0) thrown at [/Users/java_re/workspace/8-2-build-macosx-x86_64/jdk8u121/8372/hotspot/src/share/vm/prims/jni.cpp, line 709]
Event: 143.137 Thread 0x00007fa89383e800 Exception <a 'java/io/FileNotFoundException'> (0x000000079c240d78) thrown at [/Users/java_re/workspace/8-2-build-macosx-x86_64/jdk8u121/8372/hotspot/src/share/vm/prims/jni.cpp, line 709]
Event: 180.611 Thread 0x00007fa89383e800 Exception <a 'java/io/FileNotFoundException'> (0x0000000799ed4f38) thrown at [/Users/java_re/workspace/8-2-build-macosx-x86_64/jdk8u121/8372/hotspot/src/share/vm/prims/jni.cpp, line 709]
Event: 216.736 Thread 0x00007fa89383e800 Exception <a 'java/io/FileNotFoundException'> (0x000000079aacda70) thrown at [/Users/java_re/workspace/8-2-build-macosx-x86_64/jdk8u121/8372/hotspot/src/share/vm/prims/jni.cpp, line 709]

Events (10 events):
Event: 219.479 loading class org/openxmlformats/schemas/spreadsheetml/_2006/main/WorkbookViewDescriptor
Event: 219.479 loading class org/openxmlformats/schemas/spreadsheetml/_2006/main/WorkbookViewDescriptor done
Event: 219.480 loading class org/openxmlformats/schemas/spreadsheetml/_2006/main/SheetsDescriptor
Event: 219.480 loading class org/openxmlformats/schemas/spreadsheetml/_2006/main/SheetsDescriptor done
Event: 219.480 loading class org/openxmlformats/schemas/spreadsheetml/_2006/main/SheetDescriptor
Event: 219.480 loading class org/openxmlformats/schemas/spreadsheetml/_2006/main/SheetDescriptor done
Event: 219.481 loading class org/openxmlformats/schemas/spreadsheetml/_2006/main/CalcPrDescriptor
Event: 219.481 loading class org/openxmlformats/schemas/spreadsheetml/_2006/main/CalcPrDescriptor done
Event: 219.483 Executing VM operation: ParallelGCSystemGC
Event: 219.530 Executing VM operation: ParallelGCSystemGC done


Dynamic libraries:
0x000000000071c000 	/System/Library/Frameworks/CoreFoundation.framework/Versions/A/CoreFoundation
0x000000000071c000 	/System/Library/Frameworks/IOKit.framework/Versions/A/IOKit
0x000000000071c000 	/usr/lib/libstdc++.6.0.9.dylib
0x000000010e66b000 	/Applications/IBM/SPSS/Statistics/25/SPSSStatistics.app/Contents/lib/libtempdir.dylib
0x000000010e691000 	/Applications/IBM/SPSS/Statistics/25/SPSSStatistics.app/Contents/lib/libspssxd.dylib
0x000000010e942000 	/Applications/IBM/SPSS/Statistics/25/SPSSStatistics.app/Contents/lib/libspssdxcom.dylib
0x000000010e98a000 	/Applications/IBM/SPSS/Statistics/25/SPSSStatistics.app/Contents/common/ext/bin/spss.common/libscorelib850r.dylib
0x000000010ea8e000 	/Applications/IBM/SPSS/Statistics/25/SPSSStatistics.app/Contents/common/ext/bin/spss.common/libGeneralRegressionModel850r.dylib
0x000000010eb07000 	/Applications/IBM/SPSS/Statistics/25/SPSSStatistics.app/Contents/common/ext/bin/spss.common/libdiscriminant-model850r.dylib
0x000000000071c000 	/usr/lib/libSystem.B.dylib
0x000000000071c000 	/usr/lib/libDiagnosticMessagesClient.dylib
0x000000000071c000 	/usr/lib/libicucore.A.dylib
0x000000000071c000 	/usr/lib/libobjc.A.dylib
0x000000000071c000 	/usr/lib/libz.1.dylib
0x000000000071c000 	/usr/lib/system/libcache.dylib
0x000000000071c000 	/usr/lib/system/libcommonCrypto.dylib
0x000000000071c000 	/usr/lib/system/libcompiler_rt.dylib
0x000000000071c000 	/usr/lib/system/libcopyfile.dylib
0x000000000071c000 	/usr/lib/system/libcorecrypto.dylib
0x000000000071c000 	/usr/lib/system/libdispatch.dylib
0x000000000071c000 	/usr/lib/system/libdyld.dylib
0x000000000071c000 	/usr/lib/system/libkeymgr.dylib
0x000000000071c000 	/usr/lib/system/liblaunch.dylib
0x000000000071c000 	/usr/lib/system/libmacho.dylib
0x000000000071c000 	/usr/lib/system/libquarantine.dylib
0x000000000071c000 	/usr/lib/system/libremovefile.dylib
0x000000000071c000 	/usr/lib/system/libsystem_asl.dylib
0x000000000071c000 	/usr/lib/system/libsystem_blocks.dylib
0x000000000071c000 	/usr/lib/system/libsystem_c.dylib
0x000000000071c000 	/usr/lib/system/libsystem_configuration.dylib
0x000000000071c000 	/usr/lib/system/libsystem_coreservices.dylib
0x000000000071c000 	/usr/lib/system/libsystem_darwin.dylib
0x000000000071c000 	/usr/lib/system/libsystem_dnssd.dylib
0x000000000071c000 	/usr/lib/system/libsystem_info.dylib
0x000000000071c000 	/usr/lib/system/libsystem_m.dylib
0x000000000071c000 	/usr/lib/system/libsystem_malloc.dylib
0x000000000071c000 	/usr/lib/system/libsystem_network.dylib
0x000000000071c000 	/usr/lib/system/libsystem_networkextension.dylib
0x000000000071c000 	/usr/lib/system/libsystem_notify.dylib
0x000000000071c000 	/usr/lib/system/libsystem_sandbox.dylib
0x000000000071c000 	/usr/lib/system/libsystem_secinit.dylib
0x000000000071c000 	/usr/lib/system/libsystem_kernel.dylib
0x000000000071c000 	/usr/lib/system/libsystem_platform.dylib
0x000000000071c000 	/usr/lib/system/libsystem_pthread.dylib
0x000000000071c000 	/usr/lib/system/libsystem_symptoms.dylib
0x000000000071c000 	/usr/lib/system/libsystem_trace.dylib
0x000000000071c000 	/usr/lib/system/libunwind.dylib
0x000000000071c000 	/usr/lib/system/libxpc.dylib
0x000000000071c000 	/usr/lib/closure/libclosured.dylib
0x000000000071c000 	/usr/lib/libc++abi.dylib
0x000000000071c000 	/usr/lib/libc++.1.dylib
0x000000000071c000 	/usr/lib/libenergytrace.dylib
0x000000000071c000 	/usr/lib/libbsm.0.dylib
0x000000000071c000 	/usr/lib/system/libkxld.dylib
0x000000010eb2a000 	/Applications/IBM/SPSS/Statistics/25/SPSSStatistics.app/Contents/lib/libifcoremt.dylib
0x000000010eca4000 	/Applications/IBM/SPSS/Statistics/25/SPSSStatistics.app/Contents/lib/libimf.dylib
0x000000010efc6000 	/Applications/IBM/SPSS/Statistics/25/SPSSStatistics.app/Contents/lib/libsvml.dylib
0x000000010fabf000 	/Applications/IBM/SPSS/Statistics/25/SPSSStatistics.app/Contents/lib/libintlc.dylib
0x000000010fb0a000 	/Applications/IBM/SPSS/Statistics/25/SPSSStatistics.app/Contents/lib/libplatdep.dylib
0x000000010fb56000 	/Applications/IBM/SPSS/Statistics/25/SPSSStatistics.app/Contents/lib/libgsk8iccs.dylib
0x000000010fbcf000 	/Applications/IBM/SPSS/Statistics/25/SPSSStatistics.app/Contents/lib/libsockbsd.dylib
0x000000010fbe0000 	/Applications/IBM/SPSS/Statistics/25/SPSSStatistics.app/Contents/lib/libsfthread.dylib
0x000000010fbf3000 	/Applications/IBM/SPSS/Statistics/25/SPSSStatistics.app/Contents/lib/libvserial.dylib
0x000000010fc0f000 	/Applications/IBM/SPSS/Statistics/25/SPSSStatistics.app/Contents/lib/libvutility.dylib
0x000000010fc1e000 	/Applications/IBM/SPSS/Statistics/25/SPSSStatistics.app/Contents/lib/libicuuc.51.2.dylib
0x000000010fdfa000 	/Applications/IBM/SPSS/Statistics/25/SPSSStatistics.app/Contents/lib/libicui18n.51.2.dylib
0x00000001100d0000 	/Applications/IBM/SPSS/Statistics/25/SPSSStatistics.app/Contents/lib/libxerces-c-3.1.dylib
0x00000001104ad000 	/Applications/IBM/SPSS/Statistics/25/SPSSStatistics.app/Contents/lib/libicudata.51.2.dylib
0x00000001119ff000 	/Applications/IBM/SPSS/Statistics/25/SPSSStatistics.app/Contents/lib/libspsswlib.dylib
0x0000000113dc6000 	/Applications/IBM/SPSS/Statistics/25/SPSSStatistics.app/Contents/lib/libcpuinfo.dylib
0x0000000113dc9000 	/Applications/IBM/SPSS/Statistics/25/SPSSStatistics.app/Contents/lib/libomcell.dylib
0x0000000113df0000 	/Applications/IBM/SPSS/Statistics/25/SPSSStatistics.app/Contents/lib/libomfactry.dylib
0x0000000113e9d000 	/Applications/IBM/SPSS/Statistics/25/SPSSStatistics.app/Contents/lib/libomtree.dylib
0x0000000113ed8000 	/Applications/IBM/SPSS/Statistics/25/SPSSStatistics.app/Contents/lib/libomxxml.dylib
0x0000000113f12000 	/Applications/IBM/SPSS/Statistics/25/SPSSStatistics.app/Contents/lib/libomxsav.dylib
0x0000000113f27000 	/Applications/IBM/SPSS/Statistics/25/SPSSStatistics.app/Contents/lib/libomxhtml.dylib
0x0000000113f53000 	/Applications/IBM/SPSS/Statistics/25/SPSSStatistics.app/Contents/lib/libomxtext.dylib
0x0000000113f78000 	/Applications/IBM/SPSS/Statistics/25/SPSSStatistics.app/Contents/lib/libomxspv.dylib
0x0000000113f84000 	/Applications/IBM/SPSS/Statistics/25/SPSSStatistics.app/Contents/lib/libspssjni.dylib
0x0000000113f91000 	/Applications/IBM/SPSS/Statistics/25/SPSSStatistics.app/Contents/lib/libspssjvm.dylib
0x0000000113fa2000 	/Applications/IBM/SPSS/Statistics/25/SPSSStatistics.app/Contents/lib/libvizedit.dylib
0x0000000113fc4000 	/Applications/IBM/SPSS/Statistics/25/SPSSStatistics.app/Contents/lib/libtransspc.dylib
0x0000000113ff2000 	/Applications/IBM/SPSS/Statistics/25/SPSSStatistics.app/Contents/lib/libdedstore.dylib
0x000000011400d000 	/Applications/IBM/SPSS/Statistics/25/SPSSStatistics.app/Contents/lib/libsvrdmgr.dylib
0x0000000114035000 	/Applications/IBM/SPSS/Statistics/25/SPSSStatistics.app/Contents/lib/libdatasrc.dylib
0x00000001140d9000 	/Applications/IBM/SPSS/Statistics/25/SPSSStatistics.app/Contents/lib/libsvrerrs.dylib
0x00000001140e7000 	/Applications/IBM/SPSS/Statistics/25/SPSSStatistics.app/Contents/lib/libspssdemg.dylib
0x0000000114134000 	/Applications/IBM/SPSS/Statistics/25/SPSSStatistics.app/Contents/lib/libcpputil.dylib
0x0000000114171000 	/Applications/IBM/SPSS/Statistics/25/SPSSStatistics.app/Contents/lib/libstrtable.dylib
0x00000000dc188000 	/Applications/IBM/SPSS/Statistics/25/SPSSStatistics.app/Contents/lib/libxalan-c.111.0.dylib
0x00000001147d8000 	/Applications/IBM/SPSS/Statistics/25/SPSSStatistics.app/Contents/lib/libchartutl.dylib
0x00000001148ea000 	/Applications/IBM/SPSS/Statistics/25/SPSSStatistics.app/Contents/lib/libspssmsgs.dylib
0x00000001148f5000 	/Applications/IBM/SPSS/Statistics/25/SPSSStatistics.app/Contents/lib/libvizchart.dylib
0x0000000114b1b000 	/Applications/IBM/SPSS/Statistics/25/SPSSStatistics.app/Contents/lib/libzlib1211spss.dylib
0x0000000114b53000 	/Applications/IBM/SPSS/Statistics/25/SPSSStatistics.app/Contents/lib/libindutil.dylib
0x00000000d4b63000 	/Applications/IBM/SPSS/Statistics/25/SPSSStatistics.app/Contents/lib/libxalanMsg.111.0.dylib
0x0000000114b75000 	/Applications/IBM/SPSS/Statistics/25/SPSSStatistics.app/Contents/lib/libspssiocv.dylib
0x0000000114baf000 	/Applications/IBM/SPSS/Statistics/25/SPSSStatistics.app/Contents/lib/libreadonly.dylib
0x0000000114bb3000 	/Applications/IBM/SPSS/Statistics/25/SPSSStatistics.app/Contents/lib/libtmsutil.dylib
0x0000000114bb8000 	/Applications/IBM/SPSS/Statistics/25/SPSSStatistics.app/Contents/lib/libcvtrans.dylib
0x0000000074bfa000 	/Applications/IBM/SPSS/Statistics/25/SPSSStatistics.app/Contents/Library/Frameworks/Sentinel.framework/Versions/A/Sentinel
0x0000000114c12000 	/Applications/IBM/SPSS/Statistics/25/SPSSStatistics.app/Contents/Library/Frameworks/SuperPro.framework/Versions/A/SuperPro
0x0000000114c2a000 	/Applications/IBM/SPSS/Statistics/25/SPSSStatistics.app/Contents/lib/libcmddata.dylib
0x0000000114c32000 	/Applications/IBM/SPSS/Statistics/25/SPSSStatistics.app/Contents/lib/libmcbstsps.dylib
0x000000000071c000 	/usr/lib/libiconv.2.dylib
0x000000000071c000 	/System/Library/Frameworks/CoreServices.framework/Versions/A/CoreServices
0x000000000071c000 	/System/Library/Frameworks/CFNetwork.framework/Versions/A/CFNetwork
0x000000000071c000 	/System/Library/Frameworks/CoreServices.framework/Versions/A/Frameworks/FSEvents.framework/Versions/A/FSEvents
0x000000000071c000 	/System/Library/Frameworks/CoreServices.framework/Versions/A/Frameworks/CarbonCore.framework/Versions/A/CarbonCore
0x000000000071c000 	/System/Library/Frameworks/CoreServices.framework/Versions/A/Frameworks/Metadata.framework/Versions/A/Metadata
0x000000000071c000 	/System/Library/Frameworks/CoreServices.framework/Versions/A/Frameworks/OSServices.framework/Versions/A/OSServices
0x000000000071c000 	/System/Library/Frameworks/CoreServices.framework/Versions/A/Frameworks/SearchKit.framework/Versions/A/SearchKit
0x000000000071c000 	/System/Library/Frameworks/CoreServices.framework/Versions/A/Frameworks/AE.framework/Versions/A/AE
0x000000000071c000 	/System/Library/Frameworks/CoreServices.framework/Versions/A/Frameworks/LaunchServices.framework/Versions/A/LaunchServices
0x000000000071c000 	/System/Library/Frameworks/CoreServices.framework/Versions/A/Frameworks/DictionaryServices.framework/Versions/A/DictionaryServices
0x000000000071c000 	/System/Library/Frameworks/CoreServices.framework/Versions/A/Frameworks/SharedFileList.framework/Versions/A/SharedFileList
0x000000000071c000 	/usr/lib/libauto.dylib
0x000000000071c000 	/System/Library/Frameworks/SystemConfiguration.framework/Versions/A/SystemConfiguration
0x000000000071c000 	/System/Library/Frameworks/Security.framework/Versions/A/Security
0x000000000071c000 	/usr/lib/libsqlite3.dylib
0x000000000071c000 	/usr/lib/libxml2.2.dylib
0x000000000071c000 	/usr/lib/libnetwork.dylib
0x000000000071c000 	/usr/lib/libapple_nghttp2.dylib
0x000000000071c000 	/usr/lib/libpcap.A.dylib
0x000000000071c000 	/usr/lib/libboringssl.dylib
0x000000000071c000 	/usr/lib/libusrtcp.dylib
0x000000000071c000 	/usr/lib/libcoretls.dylib
0x000000000071c000 	/usr/lib/libcoretls_cfhelpers.dylib
0x000000000071c000 	/usr/lib/libapple_crypto.dylib
0x000000000071c000 	/System/Library/Frameworks/Foundation.framework/Versions/C/Foundation
0x000000000071c000 	/usr/lib/libOpenScriptingUtil.dylib
0x000000000071c000 	/usr/lib/libpam.2.dylib
0x000000000071c000 	/usr/lib/libxar.1.dylib
0x000000000071c000 	/System/Library/Frameworks/DiskArbitration.framework/Versions/A/DiskArbitration
0x000000000071c000 	/usr/lib/libarchive.2.dylib
0x000000000071c000 	/usr/lib/liblangid.dylib
0x000000000071c000 	/usr/lib/libCRFSuite.dylib
0x000000000071c000 	/usr/lib/libbz2.1.0.dylib
0x000000000071c000 	/usr/lib/liblzma.5.dylib
0x000000000071c000 	/System/Library/Frameworks/NetFS.framework/Versions/A/NetFS
0x000000000071c000 	/System/Library/PrivateFrameworks/NetAuth.framework/Versions/A/NetAuth
0x000000000071c000 	/System/Library/PrivateFrameworks/login.framework/Versions/A/Frameworks/loginsupport.framework/Versions/A/loginsupport
0x000000000071c000 	/System/Library/PrivateFrameworks/TCC.framework/Versions/A/TCC
0x000000000071c000 	/usr/lib/libmecabra.dylib
0x000000000071c000 	/System/Library/Frameworks/ApplicationServices.framework/Versions/A/ApplicationServices
0x000000000071c000 	/System/Library/Frameworks/CoreGraphics.framework/Versions/A/CoreGraphics
0x000000000071c000 	/System/Library/Frameworks/CoreText.framework/Versions/A/CoreText
0x000000000071c000 	/System/Library/Frameworks/ImageIO.framework/Versions/A/ImageIO
0x000000000071c000 	/System/Library/Frameworks/ColorSync.framework/Versions/A/ColorSync
0x000000000071c000 	/System/Library/Frameworks/ApplicationServices.framework/Versions/A/Frameworks/ATS.framework/Versions/A/ATS
0x000000000071c000 	/System/Library/Frameworks/ApplicationServices.framework/Versions/A/Frameworks/ColorSyncLegacy.framework/Versions/A/ColorSyncLegacy
0x000000000071c000 	/System/Library/Frameworks/ApplicationServices.framework/Versions/A/Frameworks/HIServices.framework/Versions/A/HIServices
0x000000000071c000 	/System/Library/Frameworks/ApplicationServices.framework/Versions/A/Frameworks/LangAnalysis.framework/Versions/A/LangAnalysis
0x000000000071c000 	/System/Library/Frameworks/ApplicationServices.framework/Versions/A/Frameworks/PrintCore.framework/Versions/A/PrintCore
0x000000000071c000 	/System/Library/Frameworks/ApplicationServices.framework/Versions/A/Frameworks/QD.framework/Versions/A/QD
0x000000000071c000 	/System/Library/Frameworks/ApplicationServices.framework/Versions/A/Frameworks/SpeechSynthesis.framework/Versions/A/SpeechSynthesis
0x000000000071c000 	/System/Library/PrivateFrameworks/SkyLight.framework/Versions/A/SkyLight
0x000000000071c000 	/System/Library/Frameworks/Accelerate.framework/Versions/A/Accelerate
0x000000000071c000 	/System/Library/Frameworks/CoreDisplay.framework/Versions/A/CoreDisplay
0x000000000071c000 	/System/Library/Frameworks/IOSurface.framework/Versions/A/IOSurface
0x000000000071c000 	/System/Library/Frameworks/Metal.framework/Versions/A/Metal
0x000000000071c000 	/System/Library/PrivateFrameworks/MultitouchSupport.framework/Versions/A/MultitouchSupport
0x000000000071c000 	/System/Library/Frameworks/QuartzCore.framework/Versions/A/QuartzCore
0x000000000071c000 	/System/Library/Frameworks/Accelerate.framework/Versions/A/Frameworks/vImage.framework/Versions/A/vImage
0x000000000071c000 	/System/Library/Frameworks/Accelerate.framework/Versions/A/Frameworks/vecLib.framework/Versions/A/vecLib
0x000000000071c000 	/System/Library/Frameworks/Accelerate.framework/Versions/A/Frameworks/vecLib.framework/Versions/A/libvDSP.dylib
0x000000000071c000 	/System/Library/Frameworks/Accelerate.framework/Versions/A/Frameworks/vecLib.framework/Versions/A/libBNNS.dylib
0x000000000071c000 	/System/Library/Frameworks/Accelerate.framework/Versions/A/Frameworks/vecLib.framework/Versions/A/libQuadrature.dylib
0x000000000071c000 	/System/Library/Frameworks/Accelerate.framework/Versions/A/Frameworks/vecLib.framework/Versions/A/libvMisc.dylib
0x000000000071c000 	/System/Library/Frameworks/Accelerate.framework/Versions/A/Frameworks/vecLib.framework/Versions/A/libLAPACK.dylib
0x000000000071c000 	/System/Library/Frameworks/Accelerate.framework/Versions/A/Frameworks/vecLib.framework/Versions/A/libBLAS.dylib
0x000000000071c000 	/System/Library/Frameworks/Accelerate.framework/Versions/A/Frameworks/vecLib.framework/Versions/A/libLinearAlgebra.dylib
0x000000000071c000 	/System/Library/Frameworks/Accelerate.framework/Versions/A/Frameworks/vecLib.framework/Versions/A/libSparse.dylib
0x000000000071c000 	/System/Library/Frameworks/Accelerate.framework/Versions/A/Frameworks/vecLib.framework/Versions/A/libSparseBLAS.dylib
0x000000000071c000 	/System/Library/PrivateFrameworks/IOAccelerator.framework/Versions/A/IOAccelerator
0x000000000071c000 	/System/Library/PrivateFrameworks/IOPresentment.framework/Versions/A/IOPresentment
0x000000000071c000 	/System/Library/PrivateFrameworks/DSExternalDisplay.framework/Versions/A/DSExternalDisplay
0x000000000071c000 	/System/Library/Frameworks/OpenGL.framework/Versions/A/Libraries/libCoreFSCache.dylib
0x000000000071c000 	/System/Library/Frameworks/CoreImage.framework/Versions/A/CoreImage
0x000000000071c000 	/System/Library/Frameworks/CoreVideo.framework/Versions/A/CoreVideo
0x000000000071c000 	/System/Library/Frameworks/OpenGL.framework/Versions/A/OpenGL
0x000000000071c000 	/System/Library/PrivateFrameworks/GraphVisualizer.framework/Versions/A/GraphVisualizer
0x000000000071c000 	/System/Library/Frameworks/MetalPerformanceShaders.framework/Versions/A/MetalPerformanceShaders
0x000000000071c000 	/usr/lib/libFosl_dynamic.dylib
0x000000000071c000 	/System/Library/PrivateFrameworks/FaceCore.framework/Versions/A/FaceCore
0x000000000071c000 	/System/Library/Frameworks/OpenCL.framework/Versions/A/OpenCL
0x000000000071c000 	/usr/lib/libcompression.dylib
0x000000000071c000 	/System/Library/Frameworks/ApplicationServices.framework/Versions/A/Frameworks/ATS.framework/Versions/A/Resources/libFontParser.dylib
0x000000000071c000 	/System/Library/Frameworks/ApplicationServices.framework/Versions/A/Frameworks/ATS.framework/Versions/A/Resources/libFontRegistry.dylib
0x000000000071c000 	/System/Library/Frameworks/ImageIO.framework/Versions/A/Resources/libJPEG.dylib
0x000000000071c000 	/System/Library/Frameworks/ImageIO.framework/Versions/A/Resources/libTIFF.dylib
0x000000000071c000 	/System/Library/Frameworks/ImageIO.framework/Versions/A/Resources/libPng.dylib
0x000000000071c000 	/System/Library/Frameworks/ImageIO.framework/Versions/A/Resources/libGIF.dylib
0x000000000071c000 	/System/Library/Frameworks/ImageIO.framework/Versions/A/Resources/libJP2.dylib
0x000000000071c000 	/System/Library/Frameworks/ImageIO.framework/Versions/A/Resources/libRadiance.dylib
0x000000000071c000 	/System/Library/PrivateFrameworks/AppleJPEG.framework/Versions/A/AppleJPEG
0x000000000071c000 	/System/Library/PrivateFrameworks/MetalTools.framework/Versions/A/MetalTools
0x000000000071c000 	/System/Library/Frameworks/MetalPerformanceShaders.framework/Frameworks/MPSCore.framework/Versions/A/MPSCore
0x000000000071c000 	/System/Library/Frameworks/MetalPerformanceShaders.framework/Frameworks/MPSImage.framework/Versions/A/MPSImage
0x000000000071c000 	/System/Library/Frameworks/MetalPerformanceShaders.framework/Frameworks/MPSMatrix.framework/Versions/A/MPSMatrix
0x000000000071c000 	/System/Library/Frameworks/MetalPerformanceShaders.framework/Frameworks/MPSNeuralNetwork.framework/Versions/A/MPSNeuralNetwork
0x000000000071c000 	/System/Library/Frameworks/OpenGL.framework/Versions/A/Libraries/libGLU.dylib
0x000000000071c000 	/System/Library/Frameworks/OpenGL.framework/Versions/A/Libraries/libGFXShared.dylib
0x000000000071c000 	/System/Library/Frameworks/OpenGL.framework/Versions/A/Libraries/libGL.dylib
0x000000000071c000 	/System/Library/Frameworks/OpenGL.framework/Versions/A/Libraries/libGLImage.dylib
0x000000000071c000 	/System/Library/Frameworks/OpenGL.framework/Versions/A/Libraries/libCVMSPluginSupport.dylib
0x000000000071c000 	/System/Library/Frameworks/OpenGL.framework/Versions/A/Libraries/libCoreVMClient.dylib
0x000000000071c000 	/usr/lib/libcups.2.dylib
0x000000000071c000 	/System/Library/Frameworks/Kerberos.framework/Versions/A/Kerberos
0x000000000071c000 	/System/Library/Frameworks/GSS.framework/Versions/A/GSS
0x000000000071c000 	/usr/lib/libresolv.9.dylib
0x000000000071c000 	/System/Library/PrivateFrameworks/Heimdal.framework/Versions/A/Heimdal
0x000000000071c000 	/usr/lib/libheimdal-asn1.dylib
0x000000000071c000 	/System/Library/Frameworks/OpenDirectory.framework/Versions/A/OpenDirectory
0x000000000071c000 	/System/Library/PrivateFrameworks/CommonAuth.framework/Versions/A/CommonAuth
0x000000000071c000 	/System/Library/Frameworks/OpenDirectory.framework/Versions/A/Frameworks/CFOpenDirectory.framework/Versions/A/CFOpenDirectory
0x000000000071c000 	/System/Library/Frameworks/SecurityFoundation.framework/Versions/A/SecurityFoundation
0x000000000071c000 	/System/Library/PrivateFrameworks/APFS.framework/Versions/A/APFS
0x000000000071c000 	/usr/lib/libutil.dylib
0x000000000071c000 	/System/Library/Frameworks/CoreAudio.framework/Versions/A/CoreAudio
0x000000000071c000 	/System/Library/Frameworks/AudioToolbox.framework/Versions/A/AudioToolbox
0x000000000071c000 	/System/Library/PrivateFrameworks/AppleSauce.framework/Versions/A/AppleSauce
0x000000000071c000 	/System/Library/PrivateFrameworks/LinguisticData.framework/Versions/A/LinguisticData
0x000000000071c000 	/usr/lib/libmarisa.dylib
0x000000000071c000 	/System/Library/PrivateFrameworks/Lexicon.framework/Versions/A/Lexicon
0x000000000071c000 	/usr/lib/libChineseTokenizer.dylib
0x000000000071c000 	/usr/lib/libcmph.dylib
0x000000000071c000 	/System/Library/PrivateFrameworks/LanguageModeling.framework/Versions/A/LanguageModeling
0x000000000071c000 	/System/Library/Frameworks/CoreData.framework/Versions/A/CoreData
0x000000000071c000 	/System/Library/PrivateFrameworks/CoreEmoji.framework/Versions/A/CoreEmoji
0x000000000071c000 	/System/Library/Frameworks/ServiceManagement.framework/Versions/A/ServiceManagement
0x000000000071c000 	/System/Library/PrivateFrameworks/BackgroundTaskManagement.framework/Versions/A/BackgroundTaskManagement
0x000000000071c000 	/usr/lib/libxslt.1.dylib
0x0000000114c3c000 	/Applications/IBM/SPSS/Statistics/25/SPSSStatistics.app/Contents/lib/libdatastr.dylib
0x0000000114c5a000 	/Applications/IBM/SPSS/Statistics/25/SPSSStatistics.app/Contents/lib/libstacrypt.dylib
0x0000000114c6e000 	/Applications/IBM/SPSS/Statistics/25/SPSSStatistics.app/Contents/lib/libmccomsps.dylib
0x0000000114d73000 	/Applications/IBM/SPSS/Statistics/25/SPSSStatistics.app/Contents/lib/libspsspool.dylib
0x0000000114db0000 	/Applications/IBM/SPSS/Statistics/25/SPSSStatistics.app/Contents/lib/libxchart.dylib
0x0000000114e39000 	/Applications/IBM/SPSS/Statistics/25/SPSSStatistics.app/Contents/lib/libviewerxml.dylib
0x0000000114f3e000 	/Applications/IBM/SPSS/Statistics/25/SPSSStatistics.app/Contents/lib/libspsswctl.dylib
0x0000000115052000 	/Applications/IBM/SPSS/Statistics/25/SPSSStatistics.app/Contents/lib/libuparser.dylib
0x00000001150bf000 	/Applications/IBM/SPSS/Statistics/25/SPSSStatistics.app/Contents/lib/libspssdx.dylib
0x00000001150eb000 	/Applications/IBM/SPSS/Statistics/25/SPSSStatistics.app/Contents/lib/libomsopmgr.dylib
0x0000000115112000 	/Applications/IBM/SPSS/Statistics/25/SPSSStatistics.app/Contents/lib/libspsswcis.dylib
0x0000000115243000 	/Applications/IBM/SPSS/Statistics/25/SPSSStatistics.app/Contents/lib/libspsswmsg.dylib
0x000000011526b000 	/Applications/IBM/SPSS/Statistics/25/SPSSStatistics.app/Contents/lib/libuadapter.dylib
0x00000001152a0000 	/Applications/IBM/SPSS/Statistics/25/SPSSStatistics.app/Contents/lib/libspssclef.dylib
0x00000001152e4000 	/Applications/IBM/SPSS/Statistics/25/SPSSStatistics.app/Contents/ext/bin/spss.common/libcfcore.dylib
0x00000001153c9000 	/Applications/IBM/SPSS/Statistics/25/SPSSStatistics.app/Contents/ext/bin/spss.common/libcfcommon.dylib
0x0000000115442000 	/Applications/IBM/SPSS/Statistics/25/SPSSStatistics.app/Contents/lib/libfmsgs.dylib
0x0000000115476000 	/Applications/IBM/SPSS/Statistics/25/SPSSStatistics.app/Contents/lib/libnetcom.dylib
0x000000011549e000 	/Applications/IBM/SPSS/Statistics/25/SPSSStatistics.app/Contents/lib/libfwutility.dylib
0x00000001154a6000 	/Applications/IBM/SPSS/Statistics/25/SPSSStatistics.app/Contents/lib/libfilesort.dylib
0x00000001154ba000 	/Applications/IBM/SPSS/Statistics/25/SPSSStatistics.app/Contents/lib/libmtxp.dylib
0x00000001154d6000 	/Applications/IBM/SPSS/Statistics/25/SPSSStatistics.app/Contents/ext/bin/spss.common/libcorethread.dylib
0x000000010fbc8000 	/Applications/IBM/SPSS/Statistics/25/SPSSStatistics.app/Contents/ext/bin/spss.common/libcfthread.dylib
0x00000001154e6000 	/Applications/IBM/SPSS/Statistics/25/SPSSStatistics.app/Contents/common/ext/bin/spss.common/libcfcomserv.dylib
0x00000001154fe000 	/Applications/IBM/SPSS/Statistics/25/SPSSStatistics.app/Contents/ext/bin/spss.common/libcfextension.dylib
0x0000000115536000 	/Applications/IBM/SPSS/Statistics/25/SPSSStatistics.app/Contents/ext/bin/spss.common/libcffilter.dylib
0x0000000115545000 	/Applications/IBM/SPSS/Statistics/25/SPSSStatistics.app/Contents/ext/bin/spss.common/libcfcatencode.dylib
0x000000010e985000 	/Applications/IBM/SPSS/Statistics/25/SPSSStatistics.app/Contents/ext/bin/spss.common/libcfcomstatistic.dylib
0x0000000115564000 	/Applications/IBM/SPSS/Statistics/25/SPSSStatistics.app/Contents/ext/bin/spss.common/libtempfiles.dylib
0x000000011558a000 	/Applications/IBM/SPSS/Statistics/25/SPSSStatistics.app/Contents/lib/libpesrepo.dylib
0x000000011b987000 	/Applications/IBM/SPSS/Statistics/25/SPSSStatistics.app/Contents/lib/libspsswfil.dylib
0x0000000115f63000 	/Applications/IBM/SPSS/Statistics/25/SPSSStatistics.app/Contents/lib/libchartxml.dylib
0x0000000115fc3000 	/Applications/IBM/SPSS/Statistics/25/SPSSStatistics.app/Contents/lib/libxlsxdac.dylib
0x0000000115ea6000 	/Applications/IBM/SPSS/Statistics/25/SPSSStatistics.app/Contents/lib/libpkginpr.dylib
0x0000000115eaf000 	/Applications/IBM/SPSS/Statistics/25/SPSSStatistics.app/Contents/lib/libdacmmsgs.dylib
0x000000010fc17000 	/Applications/IBM/SPSS/Statistics/25/SPSSStatistics.app/Contents/lib/libtxtwdmsg.dylib
0x000000011ba27000 	/Applications/IBM/SPSS/Statistics/25/SPSSStatistics.app/Contents/JRE/lib/jli/libjli.dylib
0x000000000071c000 	/System/Library/Frameworks/Cocoa.framework/Versions/A/Cocoa
0x000000000071c000 	/System/Library/Frameworks/AppKit.framework/Versions/C/AppKit
0x000000000071c000 	/System/Library/PrivateFrameworks/RemoteViewServices.framework/Versions/A/RemoteViewServices
0x000000000071c000 	/System/Library/PrivateFrameworks/UIFoundation.framework/Versions/A/UIFoundation
0x000000000071c000 	/System/Library/PrivateFrameworks/DFRFoundation.framework/Versions/A/DFRFoundation
0x000000000071c000 	/System/Library/PrivateFrameworks/DesktopServicesPriv.framework/Versions/A/DesktopServicesPriv
0x000000000071c000 	/usr/lib/libScreenReader.dylib
0x000000000071c000 	/System/Library/Frameworks/AudioUnit.framework/Versions/A/AudioUnit
0x000000000071c000 	/System/Library/PrivateFrameworks/DataDetectorsCore.framework/Versions/A/DataDetectorsCore
0x000000000071c000 	/System/Library/Frameworks/Carbon.framework/Versions/A/Frameworks/HIToolbox.framework/Versions/A/HIToolbox
0x000000000071c000 	/System/Library/Frameworks/Carbon.framework/Versions/A/Frameworks/SpeechRecognition.framework/Versions/A/SpeechRecognition
0x000000000071c000 	/System/Library/PrivateFrameworks/CoreUI.framework/Versions/A/CoreUI
0x000000000071c000 	/System/Library/PrivateFrameworks/PerformanceAnalysis.framework/Versions/A/PerformanceAnalysis
0x000000000071c000 	/System/Library/PrivateFrameworks/Backup.framework/Versions/A/Backup
0x000000000071c000 	/System/Library/Frameworks/Carbon.framework/Versions/A/Frameworks/Ink.framework/Versions/A/Ink
0x000000000071c000 	/System/Library/PrivateFrameworks/TextureIO.framework/Versions/A/TextureIO
0x000000000071c000 	/usr/lib/libate.dylib
0x000000000071c000 	/System/Library/PrivateFrameworks/CrashReporterSupport.framework/Versions/A/CrashReporterSupport
0x000000000071c000 	/System/Library/PrivateFrameworks/Sharing.framework/Versions/A/Sharing
0x000000000071c000 	/System/Library/PrivateFrameworks/IconServices.framework/Versions/A/IconServices
0x000000000071c000 	/System/Library/PrivateFrameworks/ProtocolBuffer.framework/Versions/A/ProtocolBuffer
0x000000000071c000 	/System/Library/PrivateFrameworks/Apple80211.framework/Versions/A/Apple80211
0x000000000071c000 	/System/Library/Frameworks/CoreWLAN.framework/Versions/A/CoreWLAN
0x000000000071c000 	/System/Library/PrivateFrameworks/CoreUtils.framework/Versions/A/CoreUtils
0x000000000071c000 	/System/Library/Frameworks/IOBluetooth.framework/Versions/A/IOBluetooth
0x000000000071c000 	/System/Library/PrivateFrameworks/CoreWiFi.framework/Versions/A/CoreWiFi
0x000000000071c000 	/System/Library/Frameworks/CoreBluetooth.framework/Versions/A/CoreBluetooth
0x000000000071c000 	/System/Library/PrivateFrameworks/SignpostNotification.framework/Versions/A/SignpostNotification
0x000000000071c000 	/System/Library/PrivateFrameworks/DebugSymbols.framework/Versions/A/DebugSymbols
0x000000000071c000 	/System/Library/PrivateFrameworks/CoreSymbolication.framework/Versions/A/CoreSymbolication
0x000000000071c000 	/System/Library/PrivateFrameworks/Symbolication.framework/Versions/A/Symbolication
0x000000000071c000 	/System/Library/PrivateFrameworks/AppleFSCompression.framework/Versions/A/AppleFSCompression
0x000000000071c000 	/System/Library/PrivateFrameworks/SpeechRecognitionCore.framework/Versions/A/SpeechRecognitionCore
0x000000011ba37000 	/Applications/IBM/SPSS/Statistics/25/SPSSStatistics.app/Contents/JRE//lib/server/libjvm.dylib
0x000000011c9d9000 	/Applications/IBM/SPSS/Statistics/25/SPSSStatistics.app/Contents/JRE/lib/libverify.dylib
0x000000011c9e7000 	/Applications/IBM/SPSS/Statistics/25/SPSSStatistics.app/Contents/JRE/lib/libjava.dylib
0x0000000115ebb000 	/Applications/IBM/SPSS/Statistics/25/SPSSStatistics.app/Contents/JRE/lib/libzip.dylib
0x000000000071c000 	/System/Library/Frameworks/JavaVM.framework/Versions/A/Frameworks/JavaRuntimeSupport.framework/Versions/A/JavaRuntimeSupport
0x000000000071c000 	/System/Library/Frameworks/JavaVM.framework/Versions/A/Frameworks/JavaNativeFoundation.framework/Versions/A/JavaNativeFoundation
0x000000000071c000 	/System/Library/Frameworks/JavaVM.framework/Versions/A/JavaVM
0x000000000071c000 	/System/Library/Frameworks/Carbon.framework/Versions/A/Carbon
0x000000000071c000 	/System/Library/PrivateFrameworks/JavaLaunching.framework/Versions/A/JavaLaunching
0x000000000071c000 	/System/Library/Frameworks/Carbon.framework/Versions/A/Frameworks/CommonPanels.framework/Versions/A/CommonPanels
0x000000000071c000 	/System/Library/Frameworks/Carbon.framework/Versions/A/Frameworks/Help.framework/Versions/A/Help
0x000000000071c000 	/System/Library/Frameworks/Carbon.framework/Versions/A/Frameworks/ImageCapture.framework/Versions/A/ImageCapture
0x000000000071c000 	/System/Library/Frameworks/Carbon.framework/Versions/A/Frameworks/OpenScripting.framework/Versions/A/OpenScripting
0x000000000071c000 	/System/Library/Frameworks/Carbon.framework/Versions/A/Frameworks/Print.framework/Versions/A/Print
0x000000000071c000 	/System/Library/Frameworks/Carbon.framework/Versions/A/Frameworks/SecurityHI.framework/Versions/A/SecurityHI
0x0000000134666000 	/Applications/IBM/SPSS/Statistics/25/SPSSStatistics.app/Contents/JRE/lib/libnet.dylib
0x000000011599e000 	/Applications/IBM/SPSS/Statistics/25/SPSSStatistics.app/Contents/lib/libspsswarc.dylib
0x00000001159c0000 	/Applications/IBM/SPSS/Statistics/25/SPSSStatistics.app/Contents/lib/libspsswalt.dylib
0x00000001159d8000 	/Applications/IBM/SPSS/Statistics/25/SPSSStatistics.app/Contents/lib/libspsswoms.dylib
0x0000000115a07000 	/Applications/IBM/SPSS/Statistics/25/SPSSStatistics.app/Contents/lib/libspsswbst.dylib
0x0000000115a17000 	/Applications/IBM/SPSS/Statistics/25/SPSSStatistics.app/Contents/lib/libspsswone.dylib
0x0000000115a4a000 	/Applications/IBM/SPSS/Statistics/25/SPSSStatistics.app/Contents/lib/libspssweda.dylib
0x0000000115acd000 	/Applications/IBM/SPSS/Statistics/25/SPSSStatistics.app/Contents/JRE/lib/libmanagement.dylib
0x0000000115adb000 	/Applications/IBM/SPSS/Statistics/25/SPSSStatistics.app/Contents/JRE/lib/libosx.dylib
0x0000000115ae9000 	/Applications/IBM/SPSS/Statistics/25/SPSSStatistics.app/Contents/JRE/lib/./libosxapp.dylib
0x000000000071c000 	/System/Library/Frameworks/ExceptionHandling.framework/Versions/A/ExceptionHandling
0x00000001343c1000 	/Applications/IBM/SPSS/Statistics/25/SPSSStatistics.app/Contents/JRE/lib/libawt.dylib
0x0000000134469000 	/Applications/IBM/SPSS/Statistics/25/SPSSStatistics.app/Contents/JRE/lib/./libmlib_image.dylib
0x0000000134551000 	/Applications/IBM/SPSS/Statistics/25/SPSSStatistics.app/Contents/JRE/lib/libawt_lwawt.dylib
0x00000001346ce000 	/Applications/IBM/SPSS/Statistics/25/SPSSStatistics.app/Contents/lib/libjniviewer.dylib
0x0000000115d05000 	/Applications/IBM/SPSS/Statistics/25/SPSSStatistics.app/Contents/JRE/lib/libfontmanager.dylib
0x000000000071c000 	/System/Library/PrivateFrameworks/CoreServicesInternal.framework/Versions/A/CoreServicesInternal
0x00000001355df000 	/Applications/IBM/SPSS/Statistics/25/SPSSStatistics.app/Contents/JRE/lib/libnio.dylib
0x000000000071c000 	/System/Library/Frameworks/ApplicationServices.framework/Versions/A/Frameworks/ATS.framework/Versions/A/Resources/libTrueTypeScaler.dylib

VM Arguments:
jvm_args: -Djava.library.path=/Applications/IBM/SPSS/Statistics/25/SPSSStatistics.app/Contents/bin/../JRE/lib/jli/:/Applications/IBM/SPSS/Statistics/25/SPSSStatistics.app/Contents/bin/../JRE/lib/:/Applications/IBM/SPSS/Statistics/25/SPSSStatistics.app/Contents/bin/../lib/:/Applications/IBM/SPSS/Statistics/25/SPSSStatistics.app/Contents/bin/ -Dapplication.home=/Applications/IBM/SPSS/Statistics/25/SPSSStatistics.app/Contents/bin -Dstatistics.home=/Applications/IBM/SPSS/Statistics/25/SPSSStatistics.app/Contents/bin -Djava.awt.headless=true -Dcom.sun.media.jai.disableMediaLib=true -Xms256M -Xmx2048M -XX:-UsePerfData -Dcom.ibm.jsse2.overrideDefaultProtocol=TLSv12 -Djava.io.tmpdir=/tmp/spsshXcnNf/ 
java_command: <unknown>
java_class_path (initial): :/Applications/IBM/SPSS/Statistics/25/SPSSStatistics.app/Contents/bin/ChartEditor.jar:/Applications/IBM/SPSS/Statistics/25/SPSSStatistics.app/Contents/bin/ChartEditorRes.jar:/Applications/IBM/SPSS/Statistics/25/SPSSStatistics.app/Contents/bin/CoreTools.jar:/Applications/IBM/SPSS/Statistics/25/SPSSStatistics.app/Contents/bin/CustomDialogBuilder.jar:/Applications/IBM/SPSS/Statistics/25/SPSSStatistics.app/Contents/bin/CustomDialogBuilderRes.jar:/Applications/IBM/SPSS/Statistics/25/SPSSStatistics.app/Contents/bin/ExViewerDialogDemo.jar:/Applications/IBM/SPSS/Statistics/25/SPSSStatistics.app/Contents/bin/ExViewerFrameDemo.jar:/Applications/IBM/SPSS/Statistics/25/SPSSStatistics.app/Contents/bin/ExportTools.jar:/Applications/IBM/SPSS/Statistics/25/SPSSStatistics.app/Contents/bin/ExtensionManager.jar:/Applications/IBM/SPSS/Statistics/25/SPSSStatistics.app/Contents/bin/ExtensionManagerRes.jar:/Applications/IBM/SPSS/Statistics/25/SPSSStatistics.app/Contents/bin/FieldChooser.jar:/Applications/IBM/SPSS/Statistics/25/SPSSStatistics.app/Contents/bin/InstallExtBundles.jar:/Applications/IBM/SPSS/Statistics/25/SPSSStatistics.app/Contents/bin/InstallExtBundlesRes.jar:/Applications/IBM/SPSS/Statistics/25/SPSSStatistics.app/Contents/bin/JRegEdit.jar:/Applications/IBM/SPSS/Statistics/25/SPSSStatistics.app/Contents/bin/JimiProClasses.jar:/Applications/IBM/SPSS/Statistics/25/SPSSStatistics.app/Contents/bin/LightTable.jar:/Applications/IBM/SPSS/Statistics/25/SPSSStatistics.app/Contents/bin/ModelViewer.jar:/Applications/IBM/SPSS/Statistics/25/SPSSStatistics.app/Contents/bin/PivotTableEditor.jar:/Applications/IBM/SPSS/Statistics/25/SPSSStatistics.app/Contents/bin/PivotTableEditorRes.jar:/Applications/IBM/SPSS/Statistics/25/SPSSStatistics.app/Contents/bin/RConfig.jar:/Applications/IBM/SPSS/Statistics/25/SPSSStatistics.app/Contents/bin/RapidSpell.jar:/Applications/IBM/SPSS/Statistics/25/SPSSStatistics.app/Contents/bin/RapidSpellMDict.jar:/Applications/IBM/SPSS/Stat
Launcher Type: generic

Environment Variables:
PATH=/Applications/IBM/SPSS/Statistics/25/SPSSStatistics.app/Contents/bin:/usr/bin:/bin:/usr/sbin:/sbin
SHELL=/bin/bash
DISPLAY=/private/tmp/com.apple.launchd.HvoUpjqQCI/org.macosforge.xquartz:0
DYLD_LIBRARY_PATH=/Applications/IBM/SPSS/Statistics/25/SPSSStatistics.app/Contents/lib:/Applications/IBM/SPSS/Statistics/25/SPSSStatistics.app/Contents/common/ext/bin/spss.common:/Applications/IBM/SPSS/Statistics/25/SPSSStatistics.app/Contents/ext/bin/spss.common:/Applications/IBM/SPSS/Statistics/25/SPSSStatistics.app/Contents/lib:/Applications/IBM/SPSS/Statistics/25/SPSSStatistics.app/Contents/Library/Frameworks/Sentinel.framework:/Applications/IBM/SPSS/Statistics/25/SPSSStatistics.app/Contents/Library/Frameworks/SuperPro.framework:/Applications/IBM/SPSS/Statistics/25/SPSSStatistics.app/Contents/JRE/lib/jli

Signal Handlers:
SIGSEGV: [libjvm.dylib+0x5b1141], sa_mask[0]=11111111011111110111111111111111, sa_flags=SA_ONSTACK|SA_RESTART|SA_SIGINFO
SIGBUS: [libjvm.dylib+0x5b1141], sa_mask[0]=11111111011111110111111111111111, sa_flags=SA_RESTART|SA_SIGINFO
SIGFPE: [libjvm.dylib+0x487bc4], sa_mask[0]=11111111011111110111111111111111, sa_flags=SA_RESTART|SA_SIGINFO
SIGPIPE: [libjvm.dylib+0x487bc4], sa_mask[0]=11111111011111110111111111111111, sa_flags=SA_RESTART|SA_SIGINFO
SIGXFSZ: [libjvm.dylib+0x487bc4], sa_mask[0]=11111111011111110111111111111111, sa_flags=SA_RESTART|SA_SIGINFO
SIGILL: [libjvm.dylib+0x487bc4], sa_mask[0]=11111111011111110111111111111111, sa_flags=SA_RESTART|SA_SIGINFO
SIGUSR1: SIG_DFL, sa_mask[0]=00000000000000000000000000000000, sa_flags=none
SIGUSR2: [libjvm.dylib+0x4876e2], sa_mask[0]=00100000000000000000000000000000, sa_flags=SA_RESTART|SA_SIGINFO
SIGHUP: [libjvm.dylib+0x485cb9], sa_mask[0]=11111111011111110111111111111111, sa_flags=SA_RESTART|SA_SIGINFO
SIGINT: [libjvm.dylib+0x485cb9], sa_mask[0]=11111111011111110111111111111111, sa_flags=SA_RESTART|SA_SIGINFO
SIGTERM: [libjvm.dylib+0x485cb9], sa_mask[0]=11111111011111110111111111111111, sa_flags=SA_RESTART|SA_SIGINFO
SIGQUIT: [libjvm.dylib+0x485cb9], sa_mask[0]=11111111011111110111111111111111, sa_flags=SA_RESTART|SA_SIGINFO


---------------  S Y S T E M  ---------------

OS:Bsduname:Darwin 17.3.0 Darwin Kernel Version 17.3.0: Thu Nov  9 18:09:22 PST 2017; root:xnu-4570.31.3~1/RELEASE_X86_64 x86_64
rlimit: STACK 8192k, CORE 0k, NPROC 1418, NOFILE 10240, AS infinity
load average:2.35 2.29 2.26

CPU:total 8 (4 cores per cpu, 2 threads per core) family 6 model 70 stepping 1, cmov, cx8, fxsr, mmx, sse, sse2, sse3, ssse3, sse4.1, sse4.2, popcnt, avx, avx2, aes, clmul, erms, lzcnt, ht, tsc, tscinvbit, bmi1, bmi2

Memory: 4k page, physical 16777216k(1929180k free)

/proc/meminfo:


vm_info: Java HotSpot(TM) 64-Bit Server VM (25.121-b13) for bsd-amd64 JRE (1.8.0_121-b13), built on Dec 12 2016 20:39:32 by "java_re" with gcc 4.2.1 (Based on Apple Inc. build 5658) (LLVM build 2336.11.00)

time: Sat Jun 16 23:43:24 2018
elapsed time: 220 seconds (0d 0h 3m 40s)

