#
# A fatal error has been detected by the Java Runtime Environment:
#
#  SIGSEGV (0xb) at pc=0x0000000100446389, pid=3831, tid=0x0000000000000307
#
# JRE version: Java(TM) 2 Runtime Environment, Standard Edition (8.0_121-b13) (build 1.8.0_121-b13 14_Feb_2017_06_58 Mac OS X x64(SR4 FP1))
# Java VM: Java HotSpot(TM) 64-Bit Server VM (25.121-b13 mixed mode bsd-amd64 compressed oops)
# Problematic frame:
# C  [StartXD+0x10389]  _ZN10DoubleData9ParseDataEPvRi+0x5f
#
# Failed to write core dump. Core dumps have been disabled. To enable core dumping, try "ulimit -c unlimited" before starting Java again
#
# If you would like to submit a bug report, please visit:
#   http://bugreport.java.com/bugreport/crash.jsp
#

---------------  T H R E A D  ---------------

Current thread is native thread

siginfo: si_signo: 11 (SIGSEGV), si_code: 1 (SEGV_MAPERR), si_addr: 0x00007fd5b7c00000

Registers:
RAX=0x00000000074264ec, RBX=0x00007fd5b7bffffc, RCX=0x00007fff54c656f6, RDX=0x0000000000400000
RSP=0x00007ffeef7c6ad0, RBP=0x00007ffeef7c6b10, RSI=0x00000001681c24e0, RDI=0x00007ffeef7c6b98
R8 =0x00000000000002a7, R9 =0x0000000000000114, R10=0x00007fff8dc0d2cc, R11=0x0000000000000246
R12=0x00007ffeef7c6b98, R13=0x00007ffeef7c6ae0, R14=0x00000000097ee8db, R15=0x00007ffeef7c6b80
RIP=0x0000000100446389, EFLAGS=0x0000000000010202, ERR=0x0000000000000004
  TRAPNO=0x000000000000000e

Top of Stack: (sp=0x00007ffeef7c6ad0)
0x00007ffeef7c6ad0:   0000000001000000 00007ffeef7c6b7c
0x00007ffeef7c6ae0:   0000000000000000 00007fd5b07d9b18
0x00007ffeef7c6af0:   00007ffeef7c6b80 0000000000000004
0x00007ffeef7c6b00:   000000000003feac 00007ffeef7c6b98
0x00007ffeef7c6b10:   00007ffeef7c6c20 0000000100742772
0x00007ffeef7c6b20:   00007ffeef7c9390 000000010044fdf0
0x00007ffeef7c6b30:   00007ffeef7c9470 0000000000007fff
0x00007ffeef7c6b40:   0000000000000000 0000000000000408
0x00007ffeef7c6b50:   00007ffeef7c66b0 00000001040cfa00
0x00007ffeef7c6b60:   0000000000000000 0000000000000010
0x00007ffeef7c6b70:   0000000000000001 0000000000912080
0x00007ffeef7c6b80:   000000010044fdf0 0000000000000000
0x00007ffeef7c6b90:   00000001074264e4 0000000160d9c000
0x00007ffeef7c6ba0:   00000001681c24e0 0000000168d9c000
0x00007ffeef7c6bb0:   00007ffeef7c6c60 0000000000000000
0x00007ffeef7c6bc0:   00007fff8dc10000 0000000000000000
0x00007ffeef7c6bd0:   00007ffeef7c6c00 00007fff54cc7201
0x00007ffeef7c6be0:   0000000000000000 0000000400000004
0x00007ffeef7c6bf0:   000200000003feac 00007ffeef7c9390
0x00007ffeef7c6c00:   00007ffeef7c6c60 0000000000000000
0x00007ffeef7c6c10:   00007fd5b06f9ef0 0000000000000000
0x00007ffeef7c6c20:   00007ffeef7c8c90 000000010073b9e9
0x00007ffeef7c6c30:   0000000000000000 00007ffeef7c9390
0x00007ffeef7c6c40:   00007fd5ae47e090 00007fd5b06f9ef0
0x00007ffeef7c6c50:   0000000000000000 0000000000000000
0x00007ffeef7c6c60:   0000000000000000 0000000000000000
0x00007ffeef7c6c70:   0000000000000000 0000000000000000
0x00007ffeef7c6c80:   0000000000000000 0000000000000000
0x00007ffeef7c6c90:   0000000000000000 0000000000000000
0x00007ffeef7c6ca0:   0000000000000000 0000000000000000
0x00007ffeef7c6cb0:   0000000000000000 0000000000000000
0x00007ffeef7c6cc0:   0000000000000000 0000000000000000 

Instructions: (pc=0x0000000100446389)
0x0000000100446369:   8d 67 18 48 83 c3 04 b8 0c 00 00 00 4c 8d 6d d0
0x0000000100446379:   eb 0e 41 ff ce 48 83 c3 08 41 8b 47 10 83 c0 08
0x0000000100446389:   f2 0f 10 03 f2 0f 11 45 d0 41 89 47 10 4c 89 e7
0x0000000100446399:   4c 89 ee e8 eb 23 00 00 45 85 f6 75 d5 41 8b 47 

Register to memory mapping:

RAX=0x00000000074264ec is an unknown value
RBX=0x00007fd5b7bffffc is an unknown value
RCX=0x00007fff54c656f6: _kernelrpc_mach_vm_deallocate_trap+0xa in /usr/lib/system/libsystem_kernel.dylib at 0x00007fff54c53000
RDX=0x0000000000400000 is an unknown value
RSP=0x00007ffeef7c6ad0 is an unknown value
RBP=0x00007ffeef7c6b10 is an unknown value
RSI=0x00000001681c24e0 is an unknown value
RDI=0x00007ffeef7c6b98 is an unknown value
R8 =0x00000000000002a7 is an unknown value
R9 =0x0000000000000114 is an unknown value
R10=0x00007fff8dc0d2cc: mach_task_self_+0 in /usr/lib/system/libsystem_kernel.dylib at 0x00007fff54c53000
R11=0x0000000000000246 is an unknown value
R12=0x00007ffeef7c6b98 is an unknown value
R13=0x00007ffeef7c6ae0 is an unknown value
R14=0x00000000097ee8db is an unknown value
R15=0x00007ffeef7c6b80 is an unknown value


Stack: [0x00007ffeeefca000,0x00007ffeef7ca000],  sp=0x00007ffeef7c6ad0,  free space=8178k
Native frames: (J=compiled Java code, j=interpreted, Vv=VM code, C=native code)
C  [StartXD+0x10389]  _ZN10DoubleData9ParseDataEPvRi+0x5f
C  [libspssdxcom.dylib+0x12772]  _ZN8CleXDSmb8ParseBufEPv+0x220
C  [libspssdxcom.dylib+0xb9e9]  _Z11ReceiveDataP16JavaPlugInSocketR8CleXDSmb+0xfa
C  [StartXD+0x25fe]  main+0xa6b
C  [libdyld.dylib+0x1115]  start+0x1


---------------  P R O C E S S  ---------------

VM state:not at safepoint (normal execution)

VM Mutex/Monitor currently owned by a thread: None

Heap:
 PSYoungGen      total 157696K, used 3109K [0x0000000795580000, 0x00000007ac180000, 0x00000007c0000000)
  eden space 156672K, 1% used [0x0000000795580000,0x00000007958896c0,0x000000079ee80000)
  from space 1024K, 0% used [0x00000007abc80000,0x00000007abc80000,0x00000007abd80000)
  to   space 2560K, 0% used [0x00000007abf00000,0x00000007abf00000,0x00000007ac180000)
 ParOldGen       total 175104K, used 20589K [0x0000000740000000, 0x000000074ab00000, 0x0000000795580000)
  object space 175104K, 11% used [0x0000000740000000,0x000000074141b558,0x000000074ab00000)
 Metaspace       used 20719K, capacity 21138K, committed 21248K, reserved 1069056K
  class space    used 2402K, capacity 2516K, committed 2560K, reserved 1048576K

Card table byte_map: [0x000000011db11000,0x000000011df12000] byte_map_base: 0x000000011a111000

Marking Bits: (ParMarkBitMap*) 0x000000010e053d30
 Begin Bits: [0x000000011e1bd000, 0x00000001201bd000)
 End Bits:   [0x00000001201bd000, 0x00000001221bd000)

Polling page: 0x00000001008f0000

CodeCache: size=245760Kb used=15124Kb max_used=15973Kb free=230635Kb
 bounds [0x000000010e751000, 0x000000010f741000, 0x000000011d751000]
 total_blobs=4611 nmethods=4101 adapters=423
 compilation: enabled

Compilation events (10 events):
Event: 235.633 Thread 0x00007fd5ae92a000 nmethod 5253 0x000000010ed70f50 code [0x000000010ed710a0, 0x000000010ed71118]
Event: 235.633 Thread 0x00007fd5b0838800 nmethod 5252 0x000000010eb43d90 code [0x000000010eb43ee0, 0x000000010eb44050]
Event: 236.189 Thread 0x00007fd5b1021000 5254       4       org.apache.xerces.impl.XMLVersionDetector::reset (72 bytes)
Event: 236.191 Thread 0x00007fd5b1021000 nmethod 5254 0x000000010eb42190 code [0x000000010eb42340, 0x000000010eb425c8]
Event: 237.740 Thread 0x00007fd5b0837800 5256   !   4       org.exolab.castor.xml.validators.DoubleValidator::validate (86 bytes)
Event: 237.740 Thread 0x00007fd5ae92a000 5257   !   4       org.exolab.castor.xml.validators.BooleanValidator::validate (79 bytes)
Event: 237.741 Thread 0x00007fd5ae92a000 nmethod 5257 0x000000010eb419d0 code [0x000000010eb41b20, 0x000000010eb41c38]
Event: 237.751 Thread 0x00007fd5b0837800 nmethod 5256 0x000000010f4f2890 code [0x000000010f4f2ac0, 0x000000010f4f3550]
Event: 237.752 Thread 0x00007fd5b1021000 5258       4       java.lang.Boolean::toString (15 bytes)
Event: 237.752 Thread 0x00007fd5b1021000 nmethod 5258 0x000000010ed754d0 code [0x000000010ed75620, 0x000000010ed75698]

GC Heap History (10 events):
Event: 237.222 GC heap before
{Heap before GC invocations=143 (full 11):
 PSYoungGen      total 175616K, used 175520K [0x0000000795580000, 0x00000007ac680000, 0x00000007c0000000)
  eden space 174080K, 100% used [0x0000000795580000,0x000000079ff80000,0x000000079ff80000)
  from space 1536K, 93% used [0x00000007ac180000,0x00000007ac2e8000,0x00000007ac300000)
  to   space 3072K, 0% used [0x00000007ac380000,0x00000007ac380000,0x00000007ac680000)
 ParOldGen       total 175104K, used 26297K [0x0000000740000000, 0x000000074ab00000, 0x0000000795580000)
  object space 175104K, 15% used [0x0000000740000000,0x00000007419ae708,0x000000074ab00000)
 Metaspace       used 20719K, capacity 21138K, committed 21248K, reserved 1069056K
  class space    used 2402K, capacity 2516K, committed 2560K, reserved 1048576K
Event: 237.224 GC heap after
Heap after GC invocations=143 (full 11):
 PSYoungGen      total 169984K, used 1600K [0x0000000795580000, 0x00000007ac580000, 0x00000007c0000000)
  eden space 167936K, 0% used [0x0000000795580000,0x0000000795580000,0x000000079f980000)
  from space 2048K, 78% used [0x00000007ac380000,0x00000007ac510000,0x00000007ac580000)
  to   space 3072K, 0% used [0x00000007abf80000,0x00000007abf80000,0x00000007ac280000)
 ParOldGen       total 175104K, used 26353K [0x0000000740000000, 0x000000074ab00000, 0x0000000795580000)
  object space 175104K, 15% used [0x0000000740000000,0x00000007419bc708,0x000000074ab00000)
 Metaspace       used 20719K, capacity 21138K, committed 21248K, reserved 1069056K
  class space    used 2402K, capacity 2516K, committed 2560K, reserved 1048576K
}
Event: 237.408 GC heap before
{Heap before GC invocations=144 (full 11):
 PSYoungGen      total 169984K, used 169536K [0x0000000795580000, 0x00000007ac580000, 0x00000007c0000000)
  eden space 167936K, 100% used [0x0000000795580000,0x000000079f980000,0x000000079f980000)
  from space 2048K, 78% used [0x00000007ac380000,0x00000007ac510000,0x00000007ac580000)
  to   space 3072K, 0% used [0x00000007abf80000,0x00000007abf80000,0x00000007ac280000)
 ParOldGen       total 175104K, used 26353K [0x0000000740000000, 0x000000074ab00000, 0x0000000795580000)
  object space 175104K, 15% used [0x0000000740000000,0x00000007419bc708,0x000000074ab00000)
 Metaspace       used 20719K, capacity 21138K, committed 21248K, reserved 1069056K
  class space    used 2402K, capacity 2516K, committed 2560K, reserved 1048576K
Event: 237.409 GC heap after
Heap after GC invocations=144 (full 11):
 PSYoungGen      total 163840K, used 1376K [0x0000000795580000, 0x00000007ac400000, 0x00000007c0000000)
  eden space 162304K, 0% used [0x0000000795580000,0x0000000795580000,0x000000079f400000)
  from space 1536K, 89% used [0x00000007abf80000,0x00000007ac0d8000,0x00000007ac100000)
  to   space 3072K, 0% used [0x00000007ac100000,0x00000007ac100000,0x00000007ac400000)
 ParOldGen       total 175104K, used 26393K [0x0000000740000000, 0x000000074ab00000, 0x0000000795580000)
  object space 175104K, 15% used [0x0000000740000000,0x00000007419c6708,0x000000074ab00000)
 Metaspace       used 20719K, capacity 21138K, committed 21248K, reserved 1069056K
  class space    used 2402K, capacity 2516K, committed 2560K, reserved 1048576K
}
Event: 237.582 GC heap before
{Heap before GC invocations=145 (full 11):
 PSYoungGen      total 163840K, used 163680K [0x0000000795580000, 0x00000007ac400000, 0x00000007c0000000)
  eden space 162304K, 100% used [0x0000000795580000,0x000000079f400000,0x000000079f400000)
  from space 1536K, 89% used [0x00000007abf80000,0x00000007ac0d8000,0x00000007ac100000)
  to   space 3072K, 0% used [0x00000007ac100000,0x00000007ac100000,0x00000007ac400000)
 ParOldGen       total 175104K, used 26393K [0x0000000740000000, 0x000000074ab00000, 0x0000000795580000)
  object space 175104K, 15% used [0x0000000740000000,0x00000007419c6708,0x000000074ab00000)
 Metaspace       used 20719K, capacity 21138K, committed 21248K, reserved 1069056K
  class space    used 2402K, capacity 2516K, committed 2560K, reserved 1048576K
Event: 237.583 GC heap after
Heap after GC invocations=145 (full 11):
 PSYoungGen      total 158208K, used 1152K [0x0000000795580000, 0x00000007ac280000, 0x00000007c0000000)
  eden space 156672K, 0% used [0x0000000795580000,0x0000000795580000,0x000000079ee80000)
  from space 1536K, 75% used [0x00000007ac100000,0x00000007ac220000,0x00000007ac280000)
  to   space 3072K, 0% used [0x00000007abc80000,0x00000007abc80000,0x00000007abf80000)
 ParOldGen       total 175104K, used 26441K [0x0000000740000000, 0x000000074ab00000, 0x0000000795580000)
  object space 175104K, 15% used [0x0000000740000000,0x00000007419d2708,0x000000074ab00000)
 Metaspace       used 20719K, capacity 21138K, committed 21248K, reserved 1069056K
  class space    used 2402K, capacity 2516K, committed 2560K, reserved 1048576K
}
Event: 237.768 GC heap before
{Heap before GC invocations=146 (full 11):
 PSYoungGen      total 158208K, used 157705K [0x0000000795580000, 0x00000007ac280000, 0x00000007c0000000)
  eden space 156672K, 99% used [0x0000000795580000,0x000000079ee62450,0x000000079ee80000)
  from space 1536K, 75% used [0x00000007ac100000,0x00000007ac220000,0x00000007ac280000)
  to   space 3072K, 0% used [0x00000007abc80000,0x00000007abc80000,0x00000007abf80000)
 ParOldGen       total 175104K, used 26441K [0x0000000740000000, 0x000000074ab00000, 0x0000000795580000)
  object space 175104K, 15% used [0x0000000740000000,0x00000007419d2708,0x000000074ab00000)
 Metaspace       used 20719K, capacity 21138K, committed 21248K, reserved 1069056K
  class space    used 2402K, capacity 2516K, committed 2560K, reserved 1048576K
Event: 237.769 GC heap after
Heap after GC invocations=146 (full 11):
 PSYoungGen      total 157696K, used 992K [0x0000000795580000, 0x00000007ac180000, 0x00000007c0000000)
  eden space 156672K, 0% used [0x0000000795580000,0x0000000795580000,0x000000079ee80000)
  from space 1024K, 96% used [0x00000007abc80000,0x00000007abd78000,0x00000007abd80000)
  to   space 2560K, 0% used [0x00000007abf00000,0x00000007abf00000,0x00000007ac180000)
 ParOldGen       total 175104K, used 26529K [0x0000000740000000, 0x000000074ab00000, 0x0000000795580000)
  object space 175104K, 15% used [0x0000000740000000,0x00000007419e8708,0x000000074ab00000)
 Metaspace       used 20719K, capacity 21138K, committed 21248K, reserved 1069056K
  class space    used 2402K, capacity 2516K, committed 2560K, reserved 1048576K
}
Event: 237.769 GC heap before
{Heap before GC invocations=147 (full 12):
 PSYoungGen      total 157696K, used 992K [0x0000000795580000, 0x00000007ac180000, 0x00000007c0000000)
  eden space 156672K, 0% used [0x0000000795580000,0x0000000795580000,0x000000079ee80000)
  from space 1024K, 96% used [0x00000007abc80000,0x00000007abd78000,0x00000007abd80000)
  to   space 2560K, 0% used [0x00000007abf00000,0x00000007abf00000,0x00000007ac180000)
 ParOldGen       total 175104K, used 26529K [0x0000000740000000, 0x000000074ab00000, 0x0000000795580000)
  object space 175104K, 15% used [0x0000000740000000,0x00000007419e8708,0x000000074ab00000)
 Metaspace       used 20719K, capacity 21138K, committed 21248K, reserved 1069056K
  class space    used 2402K, capacity 2516K, committed 2560K, reserved 1048576K
Event: 237.819 GC heap after
Heap after GC invocations=147 (full 12):
 PSYoungGen      total 157696K, used 0K [0x0000000795580000, 0x00000007ac180000, 0x00000007c0000000)
  eden space 156672K, 0% used [0x0000000795580000,0x0000000795580000,0x000000079ee80000)
  from space 1024K, 0% used [0x00000007abc80000,0x00000007abc80000,0x00000007abd80000)
  to   space 2560K, 0% used [0x00000007abf00000,0x00000007abf00000,0x00000007ac180000)
 ParOldGen       total 175104K, used 20589K [0x0000000740000000, 0x000000074ab00000, 0x0000000795580000)
  object space 175104K, 11% used [0x0000000740000000,0x000000074141b558,0x000000074ab00000)
 Metaspace       used 20719K, capacity 21138K, committed 21248K, reserved 1069056K
  class space    used 2402K, capacity 2516K, committed 2560K, reserved 1048576K
}

Deoptimization events (10 events):
Event: 33.279 Thread 0x00007fd5ae85a800 Uncommon trap: reason=unstable_if action=reinterpret pc=0x000000010ec30858 method=sun.misc.FloatingDecimal$BinaryToASCIIBuffer.dtoa(IJIZ)V @ 859
Event: 45.729 Thread 0x00007fd5ae85a800 Uncommon trap: reason=unstable_if action=reinterpret pc=0x000000010ef00aa0 method=sun.misc.FloatingDecimal$BinaryToASCIIBuffer.dtoa(IJIZ)V @ 806
Event: 57.578 Thread 0x00007fd5ae85a800 Uncommon trap: reason=unstable_if action=reinterpret pc=0x000000010ea40208 method=sun.misc.FDBigInteger.addAndCmp(Lsun/misc/FDBigInteger;Lsun/misc/FDBigInteger;)I @ 175
Event: 57.578 Thread 0x00007fd5ae85a800 Uncommon trap: reason=unstable_if action=reinterpret pc=0x000000010eb205a4 method=sun.misc.FDBigInteger.quoRemIteration(Lsun/misc/FDBigInteger;)I @ 35
Event: 60.647 Thread 0x00007fd5ae85a800 Uncommon trap: reason=null_check action=make_not_entrant pc=0x000000010f67a910 method=org.exolab.castor.xml.UnmarshalHandler.startElement(Ljava/lang/String;Ljava/lang/String;Lorg/exolab/castor/xml/AttributeSet;)V @ 4368
Event: 106.063 Thread 0x00007fd5ae85a800 Uncommon trap: reason=unstable_if action=reinterpret pc=0x000000010f4a4f20 method=java.lang.String.indexOf([CII[CIII)I @ 19
Event: 106.063 Thread 0x00007fd5ae85a800 Uncommon trap: reason=unstable_if action=reinterpret pc=0x000000010e95118c method=java.lang.String.indexOf([CII[CIII)I @ 19
Event: 106.064 Thread 0x00007fd5ae85a800 Uncommon trap: reason=unstable_if action=reinterpret pc=0x000000010e889e14 method=java.lang.String.indexOf([CII[CIII)I @ 134
Event: 157.881 Thread 0x00007fd5ae85a800 Uncommon trap: reason=unstable_if action=reinterpret pc=0x000000010f5d8784 method=java.io.ExpiringCache.entryFor(Ljava/lang/String;)Ljava/io/ExpiringCache$Entry; @ 39
Event: 157.916 Thread 0x00007fd5ae85a800 Uncommon trap: reason=unstable_if action=reinterpret pc=0x000000010f293ad8 method=java.io.ExpiringCache.entryFor(Ljava/lang/String;)Ljava/io/ExpiringCache$Entry; @ 39

Internal exceptions (10 events):
Event: 45.531 Thread 0x00007fd5ae85a800 Exception <a 'java/io/FileNotFoundException'> (0x00000007a150dcc8) thrown at [/Users/java_re/workspace/8-2-build-macosx-x86_64/jdk8u121/8372/hotspot/src/share/vm/prims/jni.cpp, line 709]
Event: 57.398 Thread 0x00007fd5ae85a800 Exception <a 'java/io/FileNotFoundException'> (0x00000007a2121c40) thrown at [/Users/java_re/workspace/8-2-build-macosx-x86_64/jdk8u121/8372/hotspot/src/share/vm/prims/jni.cpp, line 709]
Event: 60.647 Thread 0x00007fd5ae85a800 Implicit null exception at 0x000000010f6772b7 to 0x000000010f67a905
Event: 69.055 Thread 0x00007fd5ae85a800 Exception <a 'java/io/FileNotFoundException'> (0x00000007a1ee90b8) thrown at [/Users/java_re/workspace/8-2-build-macosx-x86_64/jdk8u121/8372/hotspot/src/share/vm/prims/jni.cpp, line 709]
Event: 85.752 Thread 0x00007fd5ae85a800 Exception <a 'java/io/FileNotFoundException'> (0x00000007a0ea2ab8) thrown at [/Users/java_re/workspace/8-2-build-macosx-x86_64/jdk8u121/8372/hotspot/src/share/vm/prims/jni.cpp, line 709]
Event: 102.750 Thread 0x00007fd5ae85a800 Exception <a 'java/io/FileNotFoundException'> (0x00000007a0aac7a8) thrown at [/Users/java_re/workspace/8-2-build-macosx-x86_64/jdk8u121/8372/hotspot/src/share/vm/prims/jni.cpp, line 709]
Event: 119.189 Thread 0x00007fd5ae85a800 Exception <a 'java/io/FileNotFoundException'> (0x0000000795b4ef68) thrown at [/Users/java_re/workspace/8-2-build-macosx-x86_64/jdk8u121/8372/hotspot/src/share/vm/prims/jni.cpp, line 709]
Event: 157.879 Thread 0x00007fd5ae85a800 Exception <a 'java/io/FileNotFoundException'> (0x000000079cc26948) thrown at [/Users/java_re/workspace/8-2-build-macosx-x86_64/jdk8u121/8372/hotspot/src/share/vm/prims/jni.cpp, line 709]
Event: 196.782 Thread 0x00007fd5ae85a800 Exception <a 'java/io/FileNotFoundException'> (0x000000079b8a23b8) thrown at [/Users/java_re/workspace/8-2-build-macosx-x86_64/jdk8u121/8372/hotspot/src/share/vm/prims/jni.cpp, line 709]
Event: 235.201 Thread 0x00007fd5ae85a800 Exception <a 'java/io/FileNotFoundException'> (0x000000079e937440) thrown at [/Users/java_re/workspace/8-2-build-macosx-x86_64/jdk8u121/8372/hotspot/src/share/vm/prims/jni.cpp, line 709]

Events (10 events):
Event: 237.764 loading class org/openxmlformats/schemas/spreadsheetml/_2006/main/WorkbookViewDescriptor
Event: 237.764 loading class org/openxmlformats/schemas/spreadsheetml/_2006/main/WorkbookViewDescriptor done
Event: 237.765 loading class org/openxmlformats/schemas/spreadsheetml/_2006/main/SheetsDescriptor
Event: 237.765 loading class org/openxmlformats/schemas/spreadsheetml/_2006/main/SheetsDescriptor done
Event: 237.765 loading class org/openxmlformats/schemas/spreadsheetml/_2006/main/SheetDescriptor
Event: 237.765 loading class org/openxmlformats/schemas/spreadsheetml/_2006/main/SheetDescriptor done
Event: 237.766 loading class org/openxmlformats/schemas/spreadsheetml/_2006/main/CalcPrDescriptor
Event: 237.766 loading class org/openxmlformats/schemas/spreadsheetml/_2006/main/CalcPrDescriptor done
Event: 237.768 Executing VM operation: ParallelGCSystemGC
Event: 237.819 Executing VM operation: ParallelGCSystemGC done


Dynamic libraries:
0x0000000005888000 	/System/Library/Frameworks/CoreFoundation.framework/Versions/A/CoreFoundation
0x0000000005888000 	/System/Library/Frameworks/IOKit.framework/Versions/A/IOKit
0x0000000005888000 	/usr/lib/libstdc++.6.0.9.dylib
0x0000000100460000 	/Applications/IBM/SPSS/Statistics/25/SPSSStatistics.app/Contents/lib/libtempdir.dylib
0x0000000100480000 	/Applications/IBM/SPSS/Statistics/25/SPSSStatistics.app/Contents/lib/libspssxd.dylib
0x0000000100730000 	/Applications/IBM/SPSS/Statistics/25/SPSSStatistics.app/Contents/lib/libspssdxcom.dylib
0x0000000100775000 	/Applications/IBM/SPSS/Statistics/25/SPSSStatistics.app/Contents/common/ext/bin/spss.common/libscorelib850r.dylib
0x000000010087c000 	/Applications/IBM/SPSS/Statistics/25/SPSSStatistics.app/Contents/common/ext/bin/spss.common/libGeneralRegressionModel850r.dylib
0x00000001008f1000 	/Applications/IBM/SPSS/Statistics/25/SPSSStatistics.app/Contents/common/ext/bin/spss.common/libdiscriminant-model850r.dylib
0x0000000005888000 	/usr/lib/libSystem.B.dylib
0x0000000005888000 	/usr/lib/libDiagnosticMessagesClient.dylib
0x0000000005888000 	/usr/lib/libicucore.A.dylib
0x0000000005888000 	/usr/lib/libobjc.A.dylib
0x0000000005888000 	/usr/lib/libz.1.dylib
0x0000000005888000 	/usr/lib/system/libcache.dylib
0x0000000005888000 	/usr/lib/system/libcommonCrypto.dylib
0x0000000005888000 	/usr/lib/system/libcompiler_rt.dylib
0x0000000005888000 	/usr/lib/system/libcopyfile.dylib
0x0000000005888000 	/usr/lib/system/libcorecrypto.dylib
0x0000000005888000 	/usr/lib/system/libdispatch.dylib
0x0000000005888000 	/usr/lib/system/libdyld.dylib
0x0000000005888000 	/usr/lib/system/libkeymgr.dylib
0x0000000005888000 	/usr/lib/system/liblaunch.dylib
0x0000000005888000 	/usr/lib/system/libmacho.dylib
0x0000000005888000 	/usr/lib/system/libquarantine.dylib
0x0000000005888000 	/usr/lib/system/libremovefile.dylib
0x0000000005888000 	/usr/lib/system/libsystem_asl.dylib
0x0000000005888000 	/usr/lib/system/libsystem_blocks.dylib
0x0000000005888000 	/usr/lib/system/libsystem_c.dylib
0x0000000005888000 	/usr/lib/system/libsystem_configuration.dylib
0x0000000005888000 	/usr/lib/system/libsystem_coreservices.dylib
0x0000000005888000 	/usr/lib/system/libsystem_darwin.dylib
0x0000000005888000 	/usr/lib/system/libsystem_dnssd.dylib
0x0000000005888000 	/usr/lib/system/libsystem_info.dylib
0x0000000005888000 	/usr/lib/system/libsystem_m.dylib
0x0000000005888000 	/usr/lib/system/libsystem_malloc.dylib
0x0000000005888000 	/usr/lib/system/libsystem_network.dylib
0x0000000005888000 	/usr/lib/system/libsystem_networkextension.dylib
0x0000000005888000 	/usr/lib/system/libsystem_notify.dylib
0x0000000005888000 	/usr/lib/system/libsystem_sandbox.dylib
0x0000000005888000 	/usr/lib/system/libsystem_secinit.dylib
0x0000000005888000 	/usr/lib/system/libsystem_kernel.dylib
0x0000000005888000 	/usr/lib/system/libsystem_platform.dylib
0x0000000005888000 	/usr/lib/system/libsystem_pthread.dylib
0x0000000005888000 	/usr/lib/system/libsystem_symptoms.dylib
0x0000000005888000 	/usr/lib/system/libsystem_trace.dylib
0x0000000005888000 	/usr/lib/system/libunwind.dylib
0x0000000005888000 	/usr/lib/system/libxpc.dylib
0x0000000005888000 	/usr/lib/closure/libclosured.dylib
0x0000000005888000 	/usr/lib/libc++abi.dylib
0x0000000005888000 	/usr/lib/libc++.1.dylib
0x0000000005888000 	/usr/lib/libenergytrace.dylib
0x0000000005888000 	/usr/lib/libbsm.0.dylib
0x0000000005888000 	/usr/lib/system/libkxld.dylib
0x0000000100913000 	/Applications/IBM/SPSS/Statistics/25/SPSSStatistics.app/Contents/lib/libifcoremt.dylib
0x0000000100a8a000 	/Applications/IBM/SPSS/Statistics/25/SPSSStatistics.app/Contents/lib/libimf.dylib
0x0000000100da8000 	/Applications/IBM/SPSS/Statistics/25/SPSSStatistics.app/Contents/lib/libsvml.dylib
0x00000001018a0000 	/Applications/IBM/SPSS/Statistics/25/SPSSStatistics.app/Contents/lib/libintlc.dylib
0x00000001018f1000 	/Applications/IBM/SPSS/Statistics/25/SPSSStatistics.app/Contents/lib/libplatdep.dylib
0x0000000101941000 	/Applications/IBM/SPSS/Statistics/25/SPSSStatistics.app/Contents/lib/libgsk8iccs.dylib
0x00000001019b5000 	/Applications/IBM/SPSS/Statistics/25/SPSSStatistics.app/Contents/lib/libsockbsd.dylib
0x00000001019c2000 	/Applications/IBM/SPSS/Statistics/25/SPSSStatistics.app/Contents/lib/libsfthread.dylib
0x00000001019d3000 	/Applications/IBM/SPSS/Statistics/25/SPSSStatistics.app/Contents/lib/libvserial.dylib
0x00000001019eb000 	/Applications/IBM/SPSS/Statistics/25/SPSSStatistics.app/Contents/lib/libvutility.dylib
0x00000001019f4000 	/Applications/IBM/SPSS/Statistics/25/SPSSStatistics.app/Contents/lib/libicuuc.51.2.dylib
0x0000000101bce000 	/Applications/IBM/SPSS/Statistics/25/SPSSStatistics.app/Contents/lib/libicui18n.51.2.dylib
0x0000000101ea3000 	/Applications/IBM/SPSS/Statistics/25/SPSSStatistics.app/Contents/lib/libxerces-c-3.1.dylib
0x000000010227e000 	/Applications/IBM/SPSS/Statistics/25/SPSSStatistics.app/Contents/lib/libicudata.51.2.dylib
0x0000000104191000 	/Applications/IBM/SPSS/Statistics/25/SPSSStatistics.app/Contents/lib/libspsswlib.dylib
0x000000010045a000 	/Applications/IBM/SPSS/Statistics/25/SPSSStatistics.app/Contents/lib/libcpuinfo.dylib
0x00000001037ca000 	/Applications/IBM/SPSS/Statistics/25/SPSSStatistics.app/Contents/lib/libomcell.dylib
0x00000001037ed000 	/Applications/IBM/SPSS/Statistics/25/SPSSStatistics.app/Contents/lib/libomfactry.dylib
0x0000000103893000 	/Applications/IBM/SPSS/Statistics/25/SPSSStatistics.app/Contents/lib/libomtree.dylib
0x00000001038ce000 	/Applications/IBM/SPSS/Statistics/25/SPSSStatistics.app/Contents/lib/libomxxml.dylib
0x0000000103908000 	/Applications/IBM/SPSS/Statistics/25/SPSSStatistics.app/Contents/lib/libomxsav.dylib
0x000000010391a000 	/Applications/IBM/SPSS/Statistics/25/SPSSStatistics.app/Contents/lib/libomxhtml.dylib
0x000000010393f000 	/Applications/IBM/SPSS/Statistics/25/SPSSStatistics.app/Contents/lib/libomxtext.dylib
0x0000000103962000 	/Applications/IBM/SPSS/Statistics/25/SPSSStatistics.app/Contents/lib/libomxspv.dylib
0x000000010396a000 	/Applications/IBM/SPSS/Statistics/25/SPSSStatistics.app/Contents/lib/libspssjni.dylib
0x0000000103971000 	/Applications/IBM/SPSS/Statistics/25/SPSSStatistics.app/Contents/lib/libspssjvm.dylib
0x000000010397e000 	/Applications/IBM/SPSS/Statistics/25/SPSSStatistics.app/Contents/lib/libvizedit.dylib
0x000000010399d000 	/Applications/IBM/SPSS/Statistics/25/SPSSStatistics.app/Contents/lib/libtransspc.dylib
0x00000001039ca000 	/Applications/IBM/SPSS/Statistics/25/SPSSStatistics.app/Contents/lib/libdedstore.dylib
0x00000001039e5000 	/Applications/IBM/SPSS/Statistics/25/SPSSStatistics.app/Contents/lib/libsvrdmgr.dylib
0x0000000103a06000 	/Applications/IBM/SPSS/Statistics/25/SPSSStatistics.app/Contents/lib/libdatasrc.dylib
0x0000000103aaa000 	/Applications/IBM/SPSS/Statistics/25/SPSSStatistics.app/Contents/lib/libsvrerrs.dylib
0x0000000103ab2000 	/Applications/IBM/SPSS/Statistics/25/SPSSStatistics.app/Contents/lib/libspssdemg.dylib
0x0000000103af8000 	/Applications/IBM/SPSS/Statistics/25/SPSSStatistics.app/Contents/lib/libcpputil.dylib
0x0000000103b33000 	/Applications/IBM/SPSS/Statistics/25/SPSSStatistics.app/Contents/lib/libstrtable.dylib
0x00000000ce555000 	/Applications/IBM/SPSS/Statistics/25/SPSSStatistics.app/Contents/lib/libxalan-c.111.0.dylib
0x0000000103b43000 	/Applications/IBM/SPSS/Statistics/25/SPSSStatistics.app/Contents/lib/libchartutl.dylib
0x000000010072a000 	/Applications/IBM/SPSS/Statistics/25/SPSSStatistics.app/Contents/lib/libspssmsgs.dylib
0x0000000103c4e000 	/Applications/IBM/SPSS/Statistics/25/SPSSStatistics.app/Contents/lib/libvizchart.dylib
0x0000000103e71000 	/Applications/IBM/SPSS/Statistics/25/SPSSStatistics.app/Contents/lib/libzlib1211spss.dylib
0x0000000103ea3000 	/Applications/IBM/SPSS/Statistics/25/SPSSStatistics.app/Contents/lib/libindutil.dylib
0x00000000c3eaf000 	/Applications/IBM/SPSS/Statistics/25/SPSSStatistics.app/Contents/lib/libxalanMsg.111.0.dylib
0x0000000103ebc000 	/Applications/IBM/SPSS/Statistics/25/SPSSStatistics.app/Contents/lib/libspssiocv.dylib
0x000000010045d000 	/Applications/IBM/SPSS/Statistics/25/SPSSStatistics.app/Contents/lib/libreadonly.dylib
0x0000000100876000 	/Applications/IBM/SPSS/Statistics/25/SPSSStatistics.app/Contents/lib/libtmsutil.dylib
0x0000000103ef1000 	/Applications/IBM/SPSS/Statistics/25/SPSSStatistics.app/Contents/lib/libcvtrans.dylib
0x0000000063f32000 	/Applications/IBM/SPSS/Statistics/25/SPSSStatistics.app/Contents/Library/Frameworks/Sentinel.framework/Versions/A/Sentinel
0x0000000103f4a000 	/Applications/IBM/SPSS/Statistics/25/SPSSStatistics.app/Contents/Library/Frameworks/SuperPro.framework/Versions/A/SuperPro
0x00000001018eb000 	/Applications/IBM/SPSS/Statistics/25/SPSSStatistics.app/Contents/lib/libcmddata.dylib
0x0000000103f60000 	/Applications/IBM/SPSS/Statistics/25/SPSSStatistics.app/Contents/lib/libmcbstsps.dylib
0x0000000005888000 	/usr/lib/libiconv.2.dylib
0x0000000005888000 	/System/Library/Frameworks/CoreServices.framework/Versions/A/CoreServices
0x0000000005888000 	/System/Library/Frameworks/CFNetwork.framework/Versions/A/CFNetwork
0x0000000005888000 	/System/Library/Frameworks/CoreServices.framework/Versions/A/Frameworks/FSEvents.framework/Versions/A/FSEvents
0x0000000005888000 	/System/Library/Frameworks/CoreServices.framework/Versions/A/Frameworks/CarbonCore.framework/Versions/A/CarbonCore
0x0000000005888000 	/System/Library/Frameworks/CoreServices.framework/Versions/A/Frameworks/Metadata.framework/Versions/A/Metadata
0x0000000005888000 	/System/Library/Frameworks/CoreServices.framework/Versions/A/Frameworks/OSServices.framework/Versions/A/OSServices
0x0000000005888000 	/System/Library/Frameworks/CoreServices.framework/Versions/A/Frameworks/SearchKit.framework/Versions/A/SearchKit
0x0000000005888000 	/System/Library/Frameworks/CoreServices.framework/Versions/A/Frameworks/AE.framework/Versions/A/AE
0x0000000005888000 	/System/Library/Frameworks/CoreServices.framework/Versions/A/Frameworks/LaunchServices.framework/Versions/A/LaunchServices
0x0000000005888000 	/System/Library/Frameworks/CoreServices.framework/Versions/A/Frameworks/DictionaryServices.framework/Versions/A/DictionaryServices
0x0000000005888000 	/System/Library/Frameworks/CoreServices.framework/Versions/A/Frameworks/SharedFileList.framework/Versions/A/SharedFileList
0x0000000005888000 	/usr/lib/libauto.dylib
0x0000000005888000 	/System/Library/Frameworks/SystemConfiguration.framework/Versions/A/SystemConfiguration
0x0000000005888000 	/System/Library/Frameworks/Security.framework/Versions/A/Security
0x0000000005888000 	/usr/lib/libsqlite3.dylib
0x0000000005888000 	/usr/lib/libxml2.2.dylib
0x0000000005888000 	/usr/lib/libnetwork.dylib
0x0000000005888000 	/usr/lib/libapple_nghttp2.dylib
0x0000000005888000 	/usr/lib/libpcap.A.dylib
0x0000000005888000 	/usr/lib/libboringssl.dylib
0x0000000005888000 	/usr/lib/libusrtcp.dylib
0x0000000005888000 	/usr/lib/libcoretls.dylib
0x0000000005888000 	/usr/lib/libcoretls_cfhelpers.dylib
0x0000000005888000 	/usr/lib/libapple_crypto.dylib
0x0000000005888000 	/System/Library/Frameworks/Foundation.framework/Versions/C/Foundation
0x0000000005888000 	/usr/lib/libOpenScriptingUtil.dylib
0x0000000005888000 	/usr/lib/libpam.2.dylib
0x0000000005888000 	/usr/lib/libxar.1.dylib
0x0000000005888000 	/System/Library/Frameworks/DiskArbitration.framework/Versions/A/DiskArbitration
0x0000000005888000 	/usr/lib/libarchive.2.dylib
0x0000000005888000 	/usr/lib/liblangid.dylib
0x0000000005888000 	/usr/lib/libCRFSuite.dylib
0x0000000005888000 	/usr/lib/libbz2.1.0.dylib
0x0000000005888000 	/usr/lib/liblzma.5.dylib
0x0000000005888000 	/System/Library/Frameworks/NetFS.framework/Versions/A/NetFS
0x0000000005888000 	/System/Library/PrivateFrameworks/NetAuth.framework/Versions/A/NetAuth
0x0000000005888000 	/System/Library/PrivateFrameworks/login.framework/Versions/A/Frameworks/loginsupport.framework/Versions/A/loginsupport
0x0000000005888000 	/System/Library/PrivateFrameworks/TCC.framework/Versions/A/TCC
0x0000000005888000 	/usr/lib/libmecabra.dylib
0x0000000005888000 	/System/Library/Frameworks/ApplicationServices.framework/Versions/A/ApplicationServices
0x0000000005888000 	/System/Library/Frameworks/CoreGraphics.framework/Versions/A/CoreGraphics
0x0000000005888000 	/System/Library/Frameworks/CoreText.framework/Versions/A/CoreText
0x0000000005888000 	/System/Library/Frameworks/ImageIO.framework/Versions/A/ImageIO
0x0000000005888000 	/System/Library/Frameworks/ColorSync.framework/Versions/A/ColorSync
0x0000000005888000 	/System/Library/Frameworks/ApplicationServices.framework/Versions/A/Frameworks/ATS.framework/Versions/A/ATS
0x0000000005888000 	/System/Library/Frameworks/ApplicationServices.framework/Versions/A/Frameworks/ColorSyncLegacy.framework/Versions/A/ColorSyncLegacy
0x0000000005888000 	/System/Library/Frameworks/ApplicationServices.framework/Versions/A/Frameworks/HIServices.framework/Versions/A/HIServices
0x0000000005888000 	/System/Library/Frameworks/ApplicationServices.framework/Versions/A/Frameworks/LangAnalysis.framework/Versions/A/LangAnalysis
0x0000000005888000 	/System/Library/Frameworks/ApplicationServices.framework/Versions/A/Frameworks/PrintCore.framework/Versions/A/PrintCore
0x0000000005888000 	/System/Library/Frameworks/ApplicationServices.framework/Versions/A/Frameworks/QD.framework/Versions/A/QD
0x0000000005888000 	/System/Library/Frameworks/ApplicationServices.framework/Versions/A/Frameworks/SpeechSynthesis.framework/Versions/A/SpeechSynthesis
0x0000000005888000 	/System/Library/PrivateFrameworks/SkyLight.framework/Versions/A/SkyLight
0x0000000005888000 	/System/Library/Frameworks/Accelerate.framework/Versions/A/Accelerate
0x0000000005888000 	/System/Library/Frameworks/CoreDisplay.framework/Versions/A/CoreDisplay
0x0000000005888000 	/System/Library/Frameworks/IOSurface.framework/Versions/A/IOSurface
0x0000000005888000 	/System/Library/Frameworks/Metal.framework/Versions/A/Metal
0x0000000005888000 	/System/Library/PrivateFrameworks/MultitouchSupport.framework/Versions/A/MultitouchSupport
0x0000000005888000 	/System/Library/Frameworks/QuartzCore.framework/Versions/A/QuartzCore
0x0000000005888000 	/System/Library/Frameworks/Accelerate.framework/Versions/A/Frameworks/vImage.framework/Versions/A/vImage
0x0000000005888000 	/System/Library/Frameworks/Accelerate.framework/Versions/A/Frameworks/vecLib.framework/Versions/A/vecLib
0x0000000005888000 	/System/Library/Frameworks/Accelerate.framework/Versions/A/Frameworks/vecLib.framework/Versions/A/libvDSP.dylib
0x0000000005888000 	/System/Library/Frameworks/Accelerate.framework/Versions/A/Frameworks/vecLib.framework/Versions/A/libBNNS.dylib
0x0000000005888000 	/System/Library/Frameworks/Accelerate.framework/Versions/A/Frameworks/vecLib.framework/Versions/A/libQuadrature.dylib
0x0000000005888000 	/System/Library/Frameworks/Accelerate.framework/Versions/A/Frameworks/vecLib.framework/Versions/A/libvMisc.dylib
0x0000000005888000 	/System/Library/Frameworks/Accelerate.framework/Versions/A/Frameworks/vecLib.framework/Versions/A/libLAPACK.dylib
0x0000000005888000 	/System/Library/Frameworks/Accelerate.framework/Versions/A/Frameworks/vecLib.framework/Versions/A/libBLAS.dylib
0x0000000005888000 	/System/Library/Frameworks/Accelerate.framework/Versions/A/Frameworks/vecLib.framework/Versions/A/libLinearAlgebra.dylib
0x0000000005888000 	/System/Library/Frameworks/Accelerate.framework/Versions/A/Frameworks/vecLib.framework/Versions/A/libSparse.dylib
0x0000000005888000 	/System/Library/Frameworks/Accelerate.framework/Versions/A/Frameworks/vecLib.framework/Versions/A/libSparseBLAS.dylib
0x0000000005888000 	/System/Library/PrivateFrameworks/IOAccelerator.framework/Versions/A/IOAccelerator
0x0000000005888000 	/System/Library/PrivateFrameworks/IOPresentment.framework/Versions/A/IOPresentment
0x0000000005888000 	/System/Library/PrivateFrameworks/DSExternalDisplay.framework/Versions/A/DSExternalDisplay
0x0000000005888000 	/System/Library/Frameworks/OpenGL.framework/Versions/A/Libraries/libCoreFSCache.dylib
0x0000000005888000 	/System/Library/Frameworks/CoreImage.framework/Versions/A/CoreImage
0x0000000005888000 	/System/Library/Frameworks/CoreVideo.framework/Versions/A/CoreVideo
0x0000000005888000 	/System/Library/Frameworks/OpenGL.framework/Versions/A/OpenGL
0x0000000005888000 	/System/Library/PrivateFrameworks/GraphVisualizer.framework/Versions/A/GraphVisualizer
0x0000000005888000 	/System/Library/Frameworks/MetalPerformanceShaders.framework/Versions/A/MetalPerformanceShaders
0x0000000005888000 	/usr/lib/libFosl_dynamic.dylib
0x0000000005888000 	/System/Library/PrivateFrameworks/FaceCore.framework/Versions/A/FaceCore
0x0000000005888000 	/System/Library/Frameworks/OpenCL.framework/Versions/A/OpenCL
0x0000000005888000 	/usr/lib/libcompression.dylib
0x0000000005888000 	/System/Library/Frameworks/ApplicationServices.framework/Versions/A/Frameworks/ATS.framework/Versions/A/Resources/libFontParser.dylib
0x0000000005888000 	/System/Library/Frameworks/ApplicationServices.framework/Versions/A/Frameworks/ATS.framework/Versions/A/Resources/libFontRegistry.dylib
0x0000000005888000 	/System/Library/Frameworks/ImageIO.framework/Versions/A/Resources/libJPEG.dylib
0x0000000005888000 	/System/Library/Frameworks/ImageIO.framework/Versions/A/Resources/libTIFF.dylib
0x0000000005888000 	/System/Library/Frameworks/ImageIO.framework/Versions/A/Resources/libPng.dylib
0x0000000005888000 	/System/Library/Frameworks/ImageIO.framework/Versions/A/Resources/libGIF.dylib
0x0000000005888000 	/System/Library/Frameworks/ImageIO.framework/Versions/A/Resources/libJP2.dylib
0x0000000005888000 	/System/Library/Frameworks/ImageIO.framework/Versions/A/Resources/libRadiance.dylib
0x0000000005888000 	/System/Library/PrivateFrameworks/AppleJPEG.framework/Versions/A/AppleJPEG
0x0000000005888000 	/System/Library/PrivateFrameworks/MetalTools.framework/Versions/A/MetalTools
0x0000000005888000 	/System/Library/Frameworks/MetalPerformanceShaders.framework/Frameworks/MPSCore.framework/Versions/A/MPSCore
0x0000000005888000 	/System/Library/Frameworks/MetalPerformanceShaders.framework/Frameworks/MPSImage.framework/Versions/A/MPSImage
0x0000000005888000 	/System/Library/Frameworks/MetalPerformanceShaders.framework/Frameworks/MPSMatrix.framework/Versions/A/MPSMatrix
0x0000000005888000 	/System/Library/Frameworks/MetalPerformanceShaders.framework/Frameworks/MPSNeuralNetwork.framework/Versions/A/MPSNeuralNetwork
0x0000000005888000 	/System/Library/Frameworks/OpenGL.framework/Versions/A/Libraries/libGLU.dylib
0x0000000005888000 	/System/Library/Frameworks/OpenGL.framework/Versions/A/Libraries/libGFXShared.dylib
0x0000000005888000 	/System/Library/Frameworks/OpenGL.framework/Versions/A/Libraries/libGL.dylib
0x0000000005888000 	/System/Library/Frameworks/OpenGL.framework/Versions/A/Libraries/libGLImage.dylib
0x0000000005888000 	/System/Library/Frameworks/OpenGL.framework/Versions/A/Libraries/libCVMSPluginSupport.dylib
0x0000000005888000 	/System/Library/Frameworks/OpenGL.framework/Versions/A/Libraries/libCoreVMClient.dylib
0x0000000005888000 	/usr/lib/libcups.2.dylib
0x0000000005888000 	/System/Library/Frameworks/Kerberos.framework/Versions/A/Kerberos
0x0000000005888000 	/System/Library/Frameworks/GSS.framework/Versions/A/GSS
0x0000000005888000 	/usr/lib/libresolv.9.dylib
0x0000000005888000 	/System/Library/PrivateFrameworks/Heimdal.framework/Versions/A/Heimdal
0x0000000005888000 	/usr/lib/libheimdal-asn1.dylib
0x0000000005888000 	/System/Library/Frameworks/OpenDirectory.framework/Versions/A/OpenDirectory
0x0000000005888000 	/System/Library/PrivateFrameworks/CommonAuth.framework/Versions/A/CommonAuth
0x0000000005888000 	/System/Library/Frameworks/OpenDirectory.framework/Versions/A/Frameworks/CFOpenDirectory.framework/Versions/A/CFOpenDirectory
0x0000000005888000 	/System/Library/Frameworks/SecurityFoundation.framework/Versions/A/SecurityFoundation
0x0000000005888000 	/System/Library/PrivateFrameworks/APFS.framework/Versions/A/APFS
0x0000000005888000 	/usr/lib/libutil.dylib
0x0000000005888000 	/System/Library/Frameworks/CoreAudio.framework/Versions/A/CoreAudio
0x0000000005888000 	/System/Library/Frameworks/AudioToolbox.framework/Versions/A/AudioToolbox
0x0000000005888000 	/System/Library/PrivateFrameworks/AppleSauce.framework/Versions/A/AppleSauce
0x0000000005888000 	/System/Library/PrivateFrameworks/LinguisticData.framework/Versions/A/LinguisticData
0x0000000005888000 	/usr/lib/libmarisa.dylib
0x0000000005888000 	/System/Library/PrivateFrameworks/Lexicon.framework/Versions/A/Lexicon
0x0000000005888000 	/usr/lib/libChineseTokenizer.dylib
0x0000000005888000 	/usr/lib/libcmph.dylib
0x0000000005888000 	/System/Library/PrivateFrameworks/LanguageModeling.framework/Versions/A/LanguageModeling
0x0000000005888000 	/System/Library/Frameworks/CoreData.framework/Versions/A/CoreData
0x0000000005888000 	/System/Library/PrivateFrameworks/CoreEmoji.framework/Versions/A/CoreEmoji
0x0000000005888000 	/System/Library/Frameworks/ServiceManagement.framework/Versions/A/ServiceManagement
0x0000000005888000 	/System/Library/PrivateFrameworks/BackgroundTaskManagement.framework/Versions/A/BackgroundTaskManagement
0x0000000005888000 	/usr/lib/libxslt.1.dylib
0x0000000103f68000 	/Applications/IBM/SPSS/Statistics/25/SPSSStatistics.app/Contents/lib/libdatastr.dylib
0x0000000103f84000 	/Applications/IBM/SPSS/Statistics/25/SPSSStatistics.app/Contents/lib/libstacrypt.dylib
0x0000000103f91000 	/Applications/IBM/SPSS/Statistics/25/SPSSStatistics.app/Contents/lib/libmccomsps.dylib
0x0000000104094000 	/Applications/IBM/SPSS/Statistics/25/SPSSStatistics.app/Contents/lib/libspsspool.dylib
0x0000000106b9f000 	/Applications/IBM/SPSS/Statistics/25/SPSSStatistics.app/Contents/lib/libxchart.dylib
0x0000000106c23000 	/Applications/IBM/SPSS/Statistics/25/SPSSStatistics.app/Contents/lib/libviewerxml.dylib
0x0000000109787000 	/Applications/IBM/SPSS/Statistics/25/SPSSStatistics.app/Contents/lib/libspsswctl.dylib
0x0000000106d08000 	/Applications/IBM/SPSS/Statistics/25/SPSSStatistics.app/Contents/lib/libuparser.dylib
0x0000000106d75000 	/Applications/IBM/SPSS/Statistics/25/SPSSStatistics.app/Contents/lib/libspssdx.dylib
0x0000000106da1000 	/Applications/IBM/SPSS/Statistics/25/SPSSStatistics.app/Contents/lib/libomsopmgr.dylib
0x000000010989b000 	/Applications/IBM/SPSS/Statistics/25/SPSSStatistics.app/Contents/lib/libspsswcis.dylib
0x0000000106dc8000 	/Applications/IBM/SPSS/Statistics/25/SPSSStatistics.app/Contents/lib/libspsswmsg.dylib
0x00000001099cc000 	/Applications/IBM/SPSS/Statistics/25/SPSSStatistics.app/Contents/lib/libuadapter.dylib
0x0000000109a01000 	/Applications/IBM/SPSS/Statistics/25/SPSSStatistics.app/Contents/lib/libspssclef.dylib
0x0000000109a45000 	/Applications/IBM/SPSS/Statistics/25/SPSSStatistics.app/Contents/ext/bin/spss.common/libcfcore.dylib
0x0000000109b2a000 	/Applications/IBM/SPSS/Statistics/25/SPSSStatistics.app/Contents/ext/bin/spss.common/libcfcommon.dylib
0x0000000109ba3000 	/Applications/IBM/SPSS/Statistics/25/SPSSStatistics.app/Contents/lib/libfmsgs.dylib
0x0000000109bd7000 	/Applications/IBM/SPSS/Statistics/25/SPSSStatistics.app/Contents/lib/libnetcom.dylib
0x0000000106df0000 	/Applications/IBM/SPSS/Statistics/25/SPSSStatistics.app/Contents/lib/libfwutility.dylib
0x0000000109bff000 	/Applications/IBM/SPSS/Statistics/25/SPSSStatistics.app/Contents/lib/libfilesort.dylib
0x0000000109c13000 	/Applications/IBM/SPSS/Statistics/25/SPSSStatistics.app/Contents/lib/libmtxp.dylib
0x0000000109c2f000 	/Applications/IBM/SPSS/Statistics/25/SPSSStatistics.app/Contents/ext/bin/spss.common/libcorethread.dylib
0x0000000106df8000 	/Applications/IBM/SPSS/Statistics/25/SPSSStatistics.app/Contents/ext/bin/spss.common/libcfthread.dylib
0x0000000109c3f000 	/Applications/IBM/SPSS/Statistics/25/SPSSStatistics.app/Contents/common/ext/bin/spss.common/libcfcomserv.dylib
0x0000000109c57000 	/Applications/IBM/SPSS/Statistics/25/SPSSStatistics.app/Contents/ext/bin/spss.common/libcfextension.dylib
0x0000000109c8f000 	/Applications/IBM/SPSS/Statistics/25/SPSSStatistics.app/Contents/ext/bin/spss.common/libcffilter.dylib
0x0000000109c9e000 	/Applications/IBM/SPSS/Statistics/25/SPSSStatistics.app/Contents/ext/bin/spss.common/libcfcatencode.dylib
0x00000001040ee000 	/Applications/IBM/SPSS/Statistics/25/SPSSStatistics.app/Contents/ext/bin/spss.common/libcfcomstatistic.dylib
0x0000000109cbd000 	/Applications/IBM/SPSS/Statistics/25/SPSSStatistics.app/Contents/ext/bin/spss.common/libtempfiles.dylib
0x000000010cce3000 	/Applications/IBM/SPSS/Statistics/25/SPSSStatistics.app/Contents/lib/libpesrepo.dylib
0x000000010d5ff000 	/Applications/IBM/SPSS/Statistics/25/SPSSStatistics.app/Contents/lib/libspsswfil.dylib
0x000000010d69f000 	/Applications/IBM/SPSS/Statistics/25/SPSSStatistics.app/Contents/lib/libchartxml.dylib
0x000000010d6ff000 	/Applications/IBM/SPSS/Statistics/25/SPSSStatistics.app/Contents/lib/libxlsxdac.dylib
0x000000010d737000 	/Applications/IBM/SPSS/Statistics/25/SPSSStatistics.app/Contents/lib/libpkginpr.dylib
0x000000010d740000 	/Applications/IBM/SPSS/Statistics/25/SPSSStatistics.app/Contents/lib/libdacmmsgs.dylib
0x000000010d74c000 	/Applications/IBM/SPSS/Statistics/25/SPSSStatistics.app/Contents/lib/libtxtwdmsg.dylib
0x000000010d753000 	/Applications/IBM/SPSS/Statistics/25/SPSSStatistics.app/Contents/JRE/lib/jli/libjli.dylib
0x0000000005888000 	/System/Library/Frameworks/Cocoa.framework/Versions/A/Cocoa
0x0000000005888000 	/System/Library/Frameworks/AppKit.framework/Versions/C/AppKit
0x0000000005888000 	/System/Library/PrivateFrameworks/RemoteViewServices.framework/Versions/A/RemoteViewServices
0x0000000005888000 	/System/Library/PrivateFrameworks/UIFoundation.framework/Versions/A/UIFoundation
0x0000000005888000 	/System/Library/PrivateFrameworks/DFRFoundation.framework/Versions/A/DFRFoundation
0x0000000005888000 	/System/Library/PrivateFrameworks/DesktopServicesPriv.framework/Versions/A/DesktopServicesPriv
0x0000000005888000 	/usr/lib/libScreenReader.dylib
0x0000000005888000 	/System/Library/Frameworks/AudioUnit.framework/Versions/A/AudioUnit
0x0000000005888000 	/System/Library/PrivateFrameworks/DataDetectorsCore.framework/Versions/A/DataDetectorsCore
0x0000000005888000 	/System/Library/Frameworks/Carbon.framework/Versions/A/Frameworks/HIToolbox.framework/Versions/A/HIToolbox
0x0000000005888000 	/System/Library/Frameworks/Carbon.framework/Versions/A/Frameworks/SpeechRecognition.framework/Versions/A/SpeechRecognition
0x0000000005888000 	/System/Library/PrivateFrameworks/CoreUI.framework/Versions/A/CoreUI
0x0000000005888000 	/System/Library/PrivateFrameworks/PerformanceAnalysis.framework/Versions/A/PerformanceAnalysis
0x0000000005888000 	/System/Library/PrivateFrameworks/Backup.framework/Versions/A/Backup
0x0000000005888000 	/System/Library/Frameworks/Carbon.framework/Versions/A/Frameworks/Ink.framework/Versions/A/Ink
0x0000000005888000 	/System/Library/PrivateFrameworks/TextureIO.framework/Versions/A/TextureIO
0x0000000005888000 	/usr/lib/libate.dylib
0x0000000005888000 	/System/Library/PrivateFrameworks/CrashReporterSupport.framework/Versions/A/CrashReporterSupport
0x0000000005888000 	/System/Library/PrivateFrameworks/Sharing.framework/Versions/A/Sharing
0x0000000005888000 	/System/Library/PrivateFrameworks/IconServices.framework/Versions/A/IconServices
0x0000000005888000 	/System/Library/PrivateFrameworks/ProtocolBuffer.framework/Versions/A/ProtocolBuffer
0x0000000005888000 	/System/Library/PrivateFrameworks/Apple80211.framework/Versions/A/Apple80211
0x0000000005888000 	/System/Library/Frameworks/CoreWLAN.framework/Versions/A/CoreWLAN
0x0000000005888000 	/System/Library/PrivateFrameworks/CoreUtils.framework/Versions/A/CoreUtils
0x0000000005888000 	/System/Library/Frameworks/IOBluetooth.framework/Versions/A/IOBluetooth
0x0000000005888000 	/System/Library/PrivateFrameworks/CoreWiFi.framework/Versions/A/CoreWiFi
0x0000000005888000 	/System/Library/Frameworks/CoreBluetooth.framework/Versions/A/CoreBluetooth
0x0000000005888000 	/System/Library/PrivateFrameworks/SignpostNotification.framework/Versions/A/SignpostNotification
0x0000000005888000 	/System/Library/PrivateFrameworks/DebugSymbols.framework/Versions/A/DebugSymbols
0x0000000005888000 	/System/Library/PrivateFrameworks/CoreSymbolication.framework/Versions/A/CoreSymbolication
0x0000000005888000 	/System/Library/PrivateFrameworks/Symbolication.framework/Versions/A/Symbolication
0x0000000005888000 	/System/Library/PrivateFrameworks/AppleFSCompression.framework/Versions/A/AppleFSCompression
0x0000000005888000 	/System/Library/PrivateFrameworks/SpeechRecognitionCore.framework/Versions/A/SpeechRecognitionCore
0x000000010d763000 	/Applications/IBM/SPSS/Statistics/25/SPSSStatistics.app/Contents/JRE//lib/server/libjvm.dylib
0x000000010e705000 	/Applications/IBM/SPSS/Statistics/25/SPSSStatistics.app/Contents/JRE/lib/libverify.dylib
0x000000010e713000 	/Applications/IBM/SPSS/Statistics/25/SPSSStatistics.app/Contents/JRE/lib/libjava.dylib
0x000000010e748000 	/Applications/IBM/SPSS/Statistics/25/SPSSStatistics.app/Contents/JRE/lib/libzip.dylib
0x0000000005888000 	/System/Library/Frameworks/JavaVM.framework/Versions/A/Frameworks/JavaRuntimeSupport.framework/Versions/A/JavaRuntimeSupport
0x0000000005888000 	/System/Library/Frameworks/JavaVM.framework/Versions/A/Frameworks/JavaNativeFoundation.framework/Versions/A/JavaNativeFoundation
0x0000000005888000 	/System/Library/Frameworks/JavaVM.framework/Versions/A/JavaVM
0x0000000005888000 	/System/Library/Frameworks/Carbon.framework/Versions/A/Carbon
0x0000000005888000 	/System/Library/PrivateFrameworks/JavaLaunching.framework/Versions/A/JavaLaunching
0x0000000005888000 	/System/Library/Frameworks/Carbon.framework/Versions/A/Frameworks/CommonPanels.framework/Versions/A/CommonPanels
0x0000000005888000 	/System/Library/Frameworks/Carbon.framework/Versions/A/Frameworks/Help.framework/Versions/A/Help
0x0000000005888000 	/System/Library/Frameworks/Carbon.framework/Versions/A/Frameworks/ImageCapture.framework/Versions/A/ImageCapture
0x0000000005888000 	/System/Library/Frameworks/Carbon.framework/Versions/A/Frameworks/OpenScripting.framework/Versions/A/OpenScripting
0x0000000005888000 	/System/Library/Frameworks/Carbon.framework/Versions/A/Frameworks/Print.framework/Versions/A/Print
0x0000000005888000 	/System/Library/Frameworks/Carbon.framework/Versions/A/Frameworks/SecurityHI.framework/Versions/A/SecurityHI
0x0000000126424000 	/Applications/IBM/SPSS/Statistics/25/SPSSStatistics.app/Contents/JRE/lib/libnet.dylib
0x000000010be93000 	/Applications/IBM/SPSS/Statistics/25/SPSSStatistics.app/Contents/lib/libspsswarc.dylib
0x000000010cab5000 	/Applications/IBM/SPSS/Statistics/25/SPSSStatistics.app/Contents/lib/libspsswalt.dylib
0x000000010cacd000 	/Applications/IBM/SPSS/Statistics/25/SPSSStatistics.app/Contents/lib/libspsswoms.dylib
0x000000010cafc000 	/Applications/IBM/SPSS/Statistics/25/SPSSStatistics.app/Contents/lib/libspsswbst.dylib
0x000000010cb0c000 	/Applications/IBM/SPSS/Statistics/25/SPSSStatistics.app/Contents/lib/libspsswone.dylib
0x000000010cb3f000 	/Applications/IBM/SPSS/Statistics/25/SPSSStatistics.app/Contents/lib/libspssweda.dylib
0x000000010cbc2000 	/Applications/IBM/SPSS/Statistics/25/SPSSStatistics.app/Contents/JRE/lib/libmanagement.dylib
0x000000010cbd0000 	/Applications/IBM/SPSS/Statistics/25/SPSSStatistics.app/Contents/JRE/lib/libosx.dylib
0x000000010cbde000 	/Applications/IBM/SPSS/Statistics/25/SPSSStatistics.app/Contents/JRE/lib/./libosxapp.dylib
0x0000000005888000 	/System/Library/Frameworks/ExceptionHandling.framework/Versions/A/ExceptionHandling
0x000000010cbfa000 	/Applications/IBM/SPSS/Statistics/25/SPSSStatistics.app/Contents/JRE/lib/libawt.dylib
0x00000001261c2000 	/Applications/IBM/SPSS/Statistics/25/SPSSStatistics.app/Contents/JRE/lib/./libmlib_image.dylib
0x0000000126331000 	/Applications/IBM/SPSS/Statistics/25/SPSSStatistics.app/Contents/JRE/lib/libawt_lwawt.dylib
0x000000012628e000 	/Applications/IBM/SPSS/Statistics/25/SPSSStatistics.app/Contents/lib/libjniviewer.dylib
0x000000012651d000 	/Applications/IBM/SPSS/Statistics/25/SPSSStatistics.app/Contents/JRE/lib/libfontmanager.dylib
0x0000000005888000 	/System/Library/PrivateFrameworks/CoreServicesInternal.framework/Versions/A/CoreServicesInternal
0x000000010be7b000 	/Applications/IBM/SPSS/Statistics/25/SPSSStatistics.app/Contents/JRE/lib/libnio.dylib
0x0000000005888000 	/System/Library/Frameworks/ApplicationServices.framework/Versions/A/Frameworks/ATS.framework/Versions/A/Resources/libTrueTypeScaler.dylib

VM Arguments:
jvm_args: -Djava.library.path=/Applications/IBM/SPSS/Statistics/25/SPSSStatistics.app/Contents/bin/../JRE/lib/jli/:/Applications/IBM/SPSS/Statistics/25/SPSSStatistics.app/Contents/bin/../JRE/lib/:/Applications/IBM/SPSS/Statistics/25/SPSSStatistics.app/Contents/bin/../lib/:/Applications/IBM/SPSS/Statistics/25/SPSSStatistics.app/Contents/bin/ -Dapplication.home=/Applications/IBM/SPSS/Statistics/25/SPSSStatistics.app/Contents/bin -Dstatistics.home=/Applications/IBM/SPSS/Statistics/25/SPSSStatistics.app/Contents/bin -Djava.awt.headless=true -Dcom.sun.media.jai.disableMediaLib=true -Xms256M -Xmx2048M -XX:-UsePerfData -Dcom.ibm.jsse2.overrideDefaultProtocol=TLSv12 -Djava.io.tmpdir=/tmp/spssXNwA9q/ 
java_command: <unknown>
java_class_path (initial): :/Applications/IBM/SPSS/Statistics/25/SPSSStatistics.app/Contents/bin/ChartEditor.jar:/Applications/IBM/SPSS/Statistics/25/SPSSStatistics.app/Contents/bin/ChartEditorRes.jar:/Applications/IBM/SPSS/Statistics/25/SPSSStatistics.app/Contents/bin/CoreTools.jar:/Applications/IBM/SPSS/Statistics/25/SPSSStatistics.app/Contents/bin/CustomDialogBuilder.jar:/Applications/IBM/SPSS/Statistics/25/SPSSStatistics.app/Contents/bin/CustomDialogBuilderRes.jar:/Applications/IBM/SPSS/Statistics/25/SPSSStatistics.app/Contents/bin/ExViewerDialogDemo.jar:/Applications/IBM/SPSS/Statistics/25/SPSSStatistics.app/Contents/bin/ExViewerFrameDemo.jar:/Applications/IBM/SPSS/Statistics/25/SPSSStatistics.app/Contents/bin/ExportTools.jar:/Applications/IBM/SPSS/Statistics/25/SPSSStatistics.app/Contents/bin/ExtensionManager.jar:/Applications/IBM/SPSS/Statistics/25/SPSSStatistics.app/Contents/bin/ExtensionManagerRes.jar:/Applications/IBM/SPSS/Statistics/25/SPSSStatistics.app/Contents/bin/FieldChooser.jar:/Applications/IBM/SPSS/Statistics/25/SPSSStatistics.app/Contents/bin/InstallExtBundles.jar:/Applications/IBM/SPSS/Statistics/25/SPSSStatistics.app/Contents/bin/InstallExtBundlesRes.jar:/Applications/IBM/SPSS/Statistics/25/SPSSStatistics.app/Contents/bin/JRegEdit.jar:/Applications/IBM/SPSS/Statistics/25/SPSSStatistics.app/Contents/bin/JimiProClasses.jar:/Applications/IBM/SPSS/Statistics/25/SPSSStatistics.app/Contents/bin/LightTable.jar:/Applications/IBM/SPSS/Statistics/25/SPSSStatistics.app/Contents/bin/ModelViewer.jar:/Applications/IBM/SPSS/Statistics/25/SPSSStatistics.app/Contents/bin/PivotTableEditor.jar:/Applications/IBM/SPSS/Statistics/25/SPSSStatistics.app/Contents/bin/PivotTableEditorRes.jar:/Applications/IBM/SPSS/Statistics/25/SPSSStatistics.app/Contents/bin/RConfig.jar:/Applications/IBM/SPSS/Statistics/25/SPSSStatistics.app/Contents/bin/RapidSpell.jar:/Applications/IBM/SPSS/Statistics/25/SPSSStatistics.app/Contents/bin/RapidSpellMDict.jar:/Applications/IBM/SPSS/Stat
Launcher Type: generic

Environment Variables:
PATH=/Applications/IBM/SPSS/Statistics/25/SPSSStatistics.app/Contents/bin:/usr/bin:/bin:/usr/sbin:/sbin
SHELL=/bin/bash
DISPLAY=/private/tmp/com.apple.launchd.2T5c68ZYVo/org.macosforge.xquartz:0
DYLD_LIBRARY_PATH=/Applications/IBM/SPSS/Statistics/25/SPSSStatistics.app/Contents/lib:/Applications/IBM/SPSS/Statistics/25/SPSSStatistics.app/Contents/common/ext/bin/spss.common:/Applications/IBM/SPSS/Statistics/25/SPSSStatistics.app/Contents/ext/bin/spss.common:/Applications/IBM/SPSS/Statistics/25/SPSSStatistics.app/Contents/lib:/Applications/IBM/SPSS/Statistics/25/SPSSStatistics.app/Contents/Library/Frameworks/Sentinel.framework:/Applications/IBM/SPSS/Statistics/25/SPSSStatistics.app/Contents/Library/Frameworks/SuperPro.framework:/Applications/IBM/SPSS/Statistics/25/SPSSStatistics.app/Contents/JRE/lib/jli

Signal Handlers:
SIGSEGV: [libjvm.dylib+0x5b1141], sa_mask[0]=11111111011111110111111111111111, sa_flags=SA_ONSTACK|SA_RESTART|SA_SIGINFO
SIGBUS: [libjvm.dylib+0x5b1141], sa_mask[0]=11111111011111110111111111111111, sa_flags=SA_RESTART|SA_SIGINFO
SIGFPE: [libjvm.dylib+0x487bc4], sa_mask[0]=11111111011111110111111111111111, sa_flags=SA_RESTART|SA_SIGINFO
SIGPIPE: [libjvm.dylib+0x487bc4], sa_mask[0]=11111111011111110111111111111111, sa_flags=SA_RESTART|SA_SIGINFO
SIGXFSZ: [libjvm.dylib+0x487bc4], sa_mask[0]=11111111011111110111111111111111, sa_flags=SA_RESTART|SA_SIGINFO
SIGILL: [libjvm.dylib+0x487bc4], sa_mask[0]=11111111011111110111111111111111, sa_flags=SA_RESTART|SA_SIGINFO
SIGUSR1: SIG_DFL, sa_mask[0]=00000000000000000000000000000000, sa_flags=none
SIGUSR2: [libjvm.dylib+0x4876e2], sa_mask[0]=00100000000000000000000000000000, sa_flags=SA_RESTART|SA_SIGINFO
SIGHUP: [libjvm.dylib+0x485cb9], sa_mask[0]=11111111011111110111111111111111, sa_flags=SA_RESTART|SA_SIGINFO
SIGINT: [libjvm.dylib+0x485cb9], sa_mask[0]=11111111011111110111111111111111, sa_flags=SA_RESTART|SA_SIGINFO
SIGTERM: [libjvm.dylib+0x485cb9], sa_mask[0]=11111111011111110111111111111111, sa_flags=SA_RESTART|SA_SIGINFO
SIGQUIT: [libjvm.dylib+0x485cb9], sa_mask[0]=11111111011111110111111111111111, sa_flags=SA_RESTART|SA_SIGINFO


---------------  S Y S T E M  ---------------

OS:Bsduname:Darwin 17.3.0 Darwin Kernel Version 17.3.0: Thu Nov  9 18:09:22 PST 2017; root:xnu-4570.31.3~1/RELEASE_X86_64 x86_64
rlimit: STACK 8192k, CORE 0k, NPROC 1418, NOFILE 10240, AS infinity
load average:2.48 2.72 2.68

CPU:total 8 (4 cores per cpu, 2 threads per core) family 6 model 70 stepping 1, cmov, cx8, fxsr, mmx, sse, sse2, sse3, ssse3, sse4.1, sse4.2, popcnt, avx, avx2, aes, clmul, erms, lzcnt, ht, tsc, tscinvbit, bmi1, bmi2

Memory: 4k page, physical 16777216k(1935636k free)

/proc/meminfo:


vm_info: Java HotSpot(TM) 64-Bit Server VM (25.121-b13) for bsd-amd64 JRE (1.8.0_121-b13), built on Dec 12 2016 20:39:32 by "java_re" with gcc 4.2.1 (Based on Apple Inc. build 5658) (LLVM build 2336.11.00)

time: Wed Jun 27 15:56:40 2018
elapsed time: 238 seconds (0d 0h 3m 58s)

