#
# A fatal error has been detected by the Java Runtime Environment:
#
#  SIGSEGV (0xb) at pc=0x00007fff71402f49, pid=1726, tid=0x0000000000000307
#
# JRE version: Java(TM) 2 Runtime Environment, Standard Edition (8.0_121-b13) (build 1.8.0_121-b13 14_Feb_2017_06_58 Mac OS X x64(SR4 FP1))
# Java VM: Java HotSpot(TM) 64-Bit Server VM (25.121-b13 mixed mode bsd-amd64 compressed oops)
# Problematic frame:
# C  [libsystem_platform.dylib+0x4f49]  _platform_memmove$VARIANT$Haswell+0x29
#
# Failed to write core dump. Core dumps have been disabled. To enable core dumping, try "ulimit -c unlimited" before starting Java again
#
# If you would like to submit a bug report, please visit:
#   http://bugreport.java.com/bugreport/crash.jsp
#

---------------  T H R E A D  ---------------

Current thread is native thread

siginfo: si_signo: 11 (SIGSEGV), si_code: 1 (SEGV_MAPERR), si_addr: 0x00007fc2f5b00000

Registers:
RAX=0x0000000166d2d000, RBX=0x00007ffee2c6a468, RCX=0x000000006848b4f1, RDX=0x0000000070000000
RSP=0x00007ffee2c67ab0, RBP=0x00007ffee2c67ab0, RSI=0x00007fc2f5b00000, RDI=0x000000016e8a1b0f
R8 =0x0000000003000001, R9 =0x0000000000000003, R10=0x0000000000000000, R11=0xffff803e78da1b0f
R12=0x00007fc2edf8b4f1, R13=0x00000000000004e1, R14=0x0000000070000000, R15=0x0000000166d2d000
RIP=0x00007fff71402f49, EFLAGS=0x0000000000010206, ERR=0x0000000000000004
  TRAPNO=0x000000000000000e

Top of Stack: (sp=0x00007ffee2c67ab0)
0x00007ffee2c67ab0:   00007ffee2c67b60 000000010cfa72d8
0x00007ffee2c67ac0:   00007ffee2c67b10 000000010cfa5516
0x00007ffee2c67ad0:   00007ffee2c67c3c 00000ead00020000
0x00007ffee2c67ae0:   00007fc2edf8b4ed 00000004edf0b010
0x00007ffee2c67af0:   00007ffee2c6a480 00007ffee2c67b30
0x00007ffee2c67b00:   00007fffaa195d98 00007ffee2c6a438
0x00007ffee2c67b10:   00007fc2f46e3618 000000010cfa53a1
0x00007ffee2c67b20:   0000000000000001 00007ffee2c67c40
0x00007ffee2c67b30:   000003d100000579 0000000000020000
0x00007ffee2c67b40:   00007ffee2c6a3e0 0000000000000000
0x00007ffee2c67b50:   0000000000120010 00007fc2ede6b000
0x00007ffee2c67b60:   00007ffee2c67c70 000000010d29b5e2
0x00007ffee2c67b70:   fd00000070001006 000000010d28ffff
0x00007ffee2c67b80:   00007ffee2c67c10 00007fff7133d758
0x00007ffee2c67b90:   0000000000000000 0000000000000006
0x00007ffee2c67ba0:   00007fc2ec4fbe20 0000000113812a00
0x00007ffee2c67bb0:   0000000000000006 0000000000000010
0x00007ffee2c67bc0:   0000000000000001 000000010d286080
0x00007ffee2c67bd0:   000000010d286080 0000000113816600
0x00007ffee2c67be0:   000000010d285000 0000000000000006
0x00007ffee2c67bf0:   0000000013816600 0000000000000000
0x00007ffee2c67c00:   00007ffee2c67cb0 0000000000000000
0x00007ffee2c67c10:   00007fffaa26f000 0000000000000000
0x00007ffee2c67c20:   00007ffee2c67c50 00007fff71326201
0x00007ffee2c67c30:   0000000000000000 0000000000000000
0x00007ffee2c67c40:   0002000000100004 00007ffee2c6a3e0
0x00007ffee2c67c50:   00007ffee2c67cb0 0000000000000000
0x00007ffee2c67c60:   00007fc2ede6b000 0000000000000000
0x00007ffee2c67c70:   00007ffee2c69ce0 000000010d2949e9
0x00007ffee2c67c80:   0000000000000000 00007ffee2c6a3e0
0x00007ffee2c67c90:   00007fc2ec74ce50 00007fc2ede6b000
0x00007ffee2c67ca0:   0000000000000000 0000000000000000 

Instructions: (pc=0x00007fff71402f49)
0x00007fff71402f29:   f3 48 89 f8 49 39 d3 72 1b 48 83 fa 60 76 2f 48
0x00007fff71402f39:   81 fa 00 40 00 00 0f 82 cb 00 00 00 48 89 d1 fc
0x00007fff71402f49:   f3 a4 5d c3 48 39 fe 74 f9 48 01 d6 48 01 d7 48
0x00007fff71402f59:   83 fa 60 0f 82 8c 01 00 00 e9 a9 01 00 00 48 83 

Register to memory mapping:

RAX=0x0000000166d2d000 is an unknown value
RBX=0x00007ffee2c6a468 is an unknown value
RCX=0x000000006848b4f1 is an unknown value
RDX=0x0000000070000000 is an unknown value
RSP=0x00007ffee2c67ab0 is an unknown value
RBP=0x00007ffee2c67ab0 is an unknown value
RSI=0x00007fc2f5b00000 is an unknown value
RDI=0x000000016e8a1b0f is an unknown value
R8 =0x0000000003000001 is an unknown value
R9 =0x0000000000000003 is an unknown value
R10=0x0000000000000000 is an unknown value
R11=0xffff803e78da1b0f is an unknown value
R12=0x00007fc2edf8b4f1 is an unknown value
R13=0x00000000000004e1 is an unknown value
R14=0x0000000070000000 is an unknown value
R15=0x0000000166d2d000 is an unknown value


Stack: [0x00007ffee246b000,0x00007ffee2c6b000],  sp=0x00007ffee2c67ab0,  free space=8178k
Native frames: (J=compiled Java code, j=interpreted, Vv=VM code, C=native code)
C  [libsystem_platform.dylib+0x4f49]  _platform_memmove$VARIANT$Haswell+0x29
C  [StartXD+0x122d8]  _ZN10StringData9ParseDataEPvRi+0xe2
C  [libspssdxcom.dylib+0x125e2]  _ZN8CleXDSmb8ParseBufEPv+0x90
C  [libspssdxcom.dylib+0xb9e9]  _Z11ReceiveDataP16JavaPlugInSocketR8CleXDSmb+0xfa
C  [StartXD+0x25fe]  main+0xa6b
C  [libdyld.dylib+0x1115]  start+0x1


---------------  P R O C E S S  ---------------

VM state:not at safepoint (normal execution)

VM Mutex/Monitor currently owned by a thread: None

Heap:
 PSYoungGen      total 148480K, used 2956K [0x0000000795580000, 0x00000007ac500000, 0x00000007c0000000)
  eden space 147968K, 1% used [0x0000000795580000,0x00000007958633c0,0x000000079e600000)
  from space 512K, 0% used [0x00000007ac480000,0x00000007ac480000,0x00000007ac500000)
  to   space 2560K, 0% used [0x00000007ac000000,0x00000007ac000000,0x00000007ac280000)
 ParOldGen       total 175104K, used 18588K [0x0000000740000000, 0x000000074ab00000, 0x0000000795580000)
  object space 175104K, 10% used [0x0000000740000000,0x0000000741227128,0x000000074ab00000)
 Metaspace       used 20696K, capacity 21138K, committed 21248K, reserved 1069056K
  class space    used 2402K, capacity 2516K, committed 2560K, reserved 1048576K

Card table byte_map: [0x000000012a711000,0x000000012ab12000] byte_map_base: 0x0000000126d11000

Marking Bits: (ParMarkBitMap*) 0x000000011ac53d30
 Begin Bits: [0x000000012adbd000, 0x000000012cdbd000)
 End Bits:   [0x000000012cdbd000, 0x000000012edbd000)

Polling page: 0x000000010d3d3000

CodeCache: size=245760Kb used=14557Kb max_used=15740Kb free=231202Kb
 bounds [0x000000011b351000, 0x000000011c2f1000, 0x000000012a351000]
 total_blobs=4550 nmethods=4040 adapters=423
 compilation: enabled

Compilation events (10 events):
Event: 195.969 Thread 0x00007fc2ed02f800 5188       4       org.openxmlformats.schemas.spreadsheetml._2006.main.descriptors.CT_RstDescriptor$4::getValue (10 bytes)
Event: 195.970 Thread 0x00007fc2ed02f800 nmethod 5188 0x000000011bd895d0 code [0x000000011bd89720, 0x000000011bd897b8]
Event: 195.973 Thread 0x00007fc2ec802800 nmethod 5186 0x000000011bd88cd0 code [0x000000011bd88e60, 0x000000011bd89238]
Event: 195.973 Thread 0x00007fc2ec803000 nmethod 5187 0x000000011bf9e550 code [0x000000011bf9e6e0, 0x000000011bf9eab8]
Event: 195.975 Thread 0x00007fc2ed02f800 5189       4       org.openxmlformats.schemas.spreadsheetml._2006.main.descriptors.CT_MergeCellDescriptor$1::getValue (10 bytes)
Event: 195.975 Thread 0x00007fc2ed02f800 nmethod 5189 0x000000011b4af890 code [0x000000011b4af9e0, 0x000000011b4afa78]
Event: 195.977 Thread 0x00007fc2ec803000 5190       4       org.openxmlformats.schemas.spreadsheetml._2006.main.descriptors.CT_RowDescriptor$13::getValue (10 bytes)
Event: 195.980 Thread 0x00007fc2ec803000 nmethod 5190 0x000000011bf9db90 code [0x000000011bf9dd20, 0x000000011bf9e0f8]
Event: 195.983 Thread 0x00007fc2ec802800 5191   !   4       java.util.zip.Deflater::finished (19 bytes)
Event: 195.983 Thread 0x00007fc2ec802800 nmethod 5191 0x000000011b66d290 code [0x000000011b66d3e0, 0x000000011b66d618]

GC Heap History (10 events):
Event: 195.564 GC heap before
{Heap before GC invocations=134 (full 11):
 PSYoungGen      total 165376K, used 165344K [0x0000000795580000, 0x00000007aca00000, 0x00000007c0000000)
  eden space 163840K, 100% used [0x0000000795580000,0x000000079f580000,0x000000079f580000)
  from space 1536K, 97% used [0x00000007ac880000,0x00000007ac9f8000,0x00000007aca00000)
  to   space 2560K, 0% used [0x00000007ac500000,0x00000007ac500000,0x00000007ac780000)
 ParOldGen       total 175104K, used 24128K [0x0000000740000000, 0x000000074ab00000, 0x0000000795580000)
  object space 175104K, 13% used [0x0000000740000000,0x00000007417900f8,0x000000074ab00000)
 Metaspace       used 20696K, capacity 21138K, committed 21248K, reserved 1069056K
  class space    used 2402K, capacity 2516K, committed 2560K, reserved 1048576K
Event: 195.566 GC heap after
Heap after GC invocations=134 (full 11):
 PSYoungGen      total 159744K, used 1376K [0x0000000795580000, 0x00000007ac900000, 0x00000007c0000000)
  eden space 158208K, 0% used [0x0000000795580000,0x0000000795580000,0x000000079f000000)
  from space 1536K, 89% used [0x00000007ac500000,0x00000007ac658000,0x00000007ac680000)
  to   space 2560K, 0% used [0x00000007ac680000,0x00000007ac680000,0x00000007ac900000)
 ParOldGen       total 175104K, used 24160K [0x0000000740000000, 0x000000074ab00000, 0x0000000795580000)
  object space 175104K, 13% used [0x0000000740000000,0x00000007417980f8,0x000000074ab00000)
 Metaspace       used 20696K, capacity 21138K, committed 21248K, reserved 1069056K
  class space    used 2402K, capacity 2516K, committed 2560K, reserved 1048576K
}
Event: 195.733 GC heap before
{Heap before GC invocations=135 (full 11):
 PSYoungGen      total 159744K, used 159584K [0x0000000795580000, 0x00000007ac900000, 0x00000007c0000000)
  eden space 158208K, 100% used [0x0000000795580000,0x000000079f000000,0x000000079f000000)
  from space 1536K, 89% used [0x00000007ac500000,0x00000007ac658000,0x00000007ac680000)
  to   space 2560K, 0% used [0x00000007ac680000,0x00000007ac680000,0x00000007ac900000)
 ParOldGen       total 175104K, used 24160K [0x0000000740000000, 0x000000074ab00000, 0x0000000795580000)
  object space 175104K, 13% used [0x0000000740000000,0x00000007417980f8,0x000000074ab00000)
 Metaspace       used 20696K, capacity 21138K, committed 21248K, reserved 1069056K
  class space    used 2402K, capacity 2516K, committed 2560K, reserved 1048576K
Event: 195.735 GC heap after
Heap after GC invocations=135 (full 11):
 PSYoungGen      total 154624K, used 1280K [0x0000000795580000, 0x00000007ac800000, 0x00000007c0000000)
  eden space 153088K, 0% used [0x0000000795580000,0x0000000795580000,0x000000079eb00000)
  from space 1536K, 83% used [0x00000007ac680000,0x00000007ac7c0000,0x00000007ac800000)
  to   space 2560K, 0% used [0x00000007ac300000,0x00000007ac300000,0x00000007ac580000)
 ParOldGen       total 175104K, used 24200K [0x0000000740000000, 0x000000074ab00000, 0x0000000795580000)
  object space 175104K, 13% used [0x0000000740000000,0x00000007417a20f8,0x000000074ab00000)
 Metaspace       used 20696K, capacity 21138K, committed 21248K, reserved 1069056K
  class space    used 2402K, capacity 2516K, committed 2560K, reserved 1048576K
}
Event: 195.895 GC heap before
{Heap before GC invocations=136 (full 11):
 PSYoungGen      total 154624K, used 154368K [0x0000000795580000, 0x00000007ac800000, 0x00000007c0000000)
  eden space 153088K, 100% used [0x0000000795580000,0x000000079eb00000,0x000000079eb00000)
  from space 1536K, 83% used [0x00000007ac680000,0x00000007ac7c0000,0x00000007ac800000)
  to   space 2560K, 0% used [0x00000007ac300000,0x00000007ac300000,0x00000007ac580000)
 ParOldGen       total 175104K, used 24200K [0x0000000740000000, 0x000000074ab00000, 0x0000000795580000)
  object space 175104K, 13% used [0x0000000740000000,0x00000007417a20f8,0x000000074ab00000)
 Metaspace       used 20696K, capacity 21138K, committed 21248K, reserved 1069056K
  class space    used 2402K, capacity 2516K, committed 2560K, reserved 1048576K
Event: 195.897 GC heap after
Heap after GC invocations=136 (full 11):
 PSYoungGen      total 149504K, used 1312K [0x0000000795580000, 0x00000007ac700000, 0x00000007c0000000)
  eden space 147968K, 0% used [0x0000000795580000,0x0000000795580000,0x000000079e600000)
  from space 1536K, 85% used [0x00000007ac300000,0x00000007ac448000,0x00000007ac480000)
  to   space 2560K, 0% used [0x00000007ac480000,0x00000007ac480000,0x00000007ac700000)
 ParOldGen       total 175104K, used 24264K [0x0000000740000000, 0x000000074ab00000, 0x0000000795580000)
  object space 175104K, 13% used [0x0000000740000000,0x00000007417b20f8,0x000000074ab00000)
 Metaspace       used 20696K, capacity 21138K, committed 21248K, reserved 1069056K
  class space    used 2402K, capacity 2516K, committed 2560K, reserved 1048576K
}
Event: 195.991 GC heap before
{Heap before GC invocations=137 (full 11):
 PSYoungGen      total 149504K, used 72278K [0x0000000795580000, 0x00000007ac700000, 0x00000007c0000000)
  eden space 147968K, 47% used [0x0000000795580000,0x0000000799acd9c0,0x000000079e600000)
  from space 1536K, 85% used [0x00000007ac300000,0x00000007ac448000,0x00000007ac480000)
  to   space 2560K, 0% used [0x00000007ac480000,0x00000007ac480000,0x00000007ac700000)
 ParOldGen       total 175104K, used 24264K [0x0000000740000000, 0x000000074ab00000, 0x0000000795580000)
  object space 175104K, 13% used [0x0000000740000000,0x00000007417b20f8,0x000000074ab00000)
 Metaspace       used 20696K, capacity 21138K, committed 21248K, reserved 1069056K
  class space    used 2402K, capacity 2516K, committed 2560K, reserved 1048576K
Event: 195.993 GC heap after
Heap after GC invocations=137 (full 11):
 PSYoungGen      total 148480K, used 384K [0x0000000795580000, 0x00000007ac500000, 0x00000007c0000000)
  eden space 147968K, 0% used [0x0000000795580000,0x0000000795580000,0x000000079e600000)
  from space 512K, 75% used [0x00000007ac480000,0x00000007ac4e0000,0x00000007ac500000)
  to   space 2560K, 0% used [0x00000007ac000000,0x00000007ac000000,0x00000007ac280000)
 ParOldGen       total 175104K, used 24304K [0x0000000740000000, 0x000000074ab00000, 0x0000000795580000)
  object space 175104K, 13% used [0x0000000740000000,0x00000007417bc0f8,0x000000074ab00000)
 Metaspace       used 20696K, capacity 21138K, committed 21248K, reserved 1069056K
  class space    used 2402K, capacity 2516K, committed 2560K, reserved 1048576K
}
Event: 195.993 GC heap before
{Heap before GC invocations=138 (full 12):
 PSYoungGen      total 148480K, used 384K [0x0000000795580000, 0x00000007ac500000, 0x00000007c0000000)
  eden space 147968K, 0% used [0x0000000795580000,0x0000000795580000,0x000000079e600000)
  from space 512K, 75% used [0x00000007ac480000,0x00000007ac4e0000,0x00000007ac500000)
  to   space 2560K, 0% used [0x00000007ac000000,0x00000007ac000000,0x00000007ac280000)
 ParOldGen       total 175104K, used 24304K [0x0000000740000000, 0x000000074ab00000, 0x0000000795580000)
  object space 175104K, 13% used [0x0000000740000000,0x00000007417bc0f8,0x000000074ab00000)
 Metaspace       used 20696K, capacity 21138K, committed 21248K, reserved 1069056K
  class space    used 2402K, capacity 2516K, committed 2560K, reserved 1048576K
Event: 196.034 GC heap after
Heap after GC invocations=138 (full 12):
 PSYoungGen      total 148480K, used 0K [0x0000000795580000, 0x00000007ac500000, 0x00000007c0000000)
  eden space 147968K, 0% used [0x0000000795580000,0x0000000795580000,0x000000079e600000)
  from space 512K, 0% used [0x00000007ac480000,0x00000007ac480000,0x00000007ac500000)
  to   space 2560K, 0% used [0x00000007ac000000,0x00000007ac000000,0x00000007ac280000)
 ParOldGen       total 175104K, used 18588K [0x0000000740000000, 0x000000074ab00000, 0x0000000795580000)
  object space 175104K, 10% used [0x0000000740000000,0x0000000741227128,0x000000074ab00000)
 Metaspace       used 20696K, capacity 21138K, committed 21248K, reserved 1069056K
  class space    used 2402K, capacity 2516K, committed 2560K, reserved 1048576K
}

Deoptimization events (10 events):
Event: 28.665 Thread 0x00007fc2ee051800 Uncommon trap: reason=unstable_if action=reinterpret pc=0x000000011b545298 method=sun.misc.FloatingDecimal$BinaryToASCIIBuffer.dtoa(IJIZ)V @ 859
Event: 42.542 Thread 0x00007fc2ee051800 Uncommon trap: reason=unstable_if action=reinterpret pc=0x000000011b769f5c method=java.io.BufferedWriter.write(I)V @ 19
Event: 50.938 Thread 0x00007fc2ee051800 Uncommon trap: reason=unstable_if action=reinterpret pc=0x000000011baf7f60 method=sun.misc.FDBigInteger.addAndCmp(Lsun/misc/FDBigInteger;Lsun/misc/FDBigInteger;)I @ 175
Event: 53.829 Thread 0x00007fc2ee051800 Uncommon trap: reason=null_check action=make_not_entrant pc=0x000000011b63ccbc method=org.exolab.castor.xml.UnmarshalHandler.startElement(Ljava/lang/String;Ljava/lang/String;Lorg/exolab/castor/xml/AttributeSet;)V @ 4368
Event: 61.184 Thread 0x00007fc2ee051800 Uncommon trap: reason=unstable_if action=reinterpret pc=0x000000011b70eee0 method=java.lang.String.indexOf([CII[CIII)I @ 19
Event: 61.185 Thread 0x00007fc2ee051800 Uncommon trap: reason=unstable_if action=reinterpret pc=0x000000011b55090c method=java.lang.String.indexOf([CII[CIII)I @ 19
Event: 61.185 Thread 0x00007fc2ee051800 Uncommon trap: reason=unstable_if action=reinterpret pc=0x000000011b48a154 method=java.lang.String.indexOf([CII[CIII)I @ 134
Event: 138.522 Thread 0x00007fc2ee051800 Uncommon trap: reason=unstable_if action=reinterpret pc=0x000000011b88ae00 method=java.io.ExpiringCache.entryFor(Ljava/lang/String;)Ljava/io/ExpiringCache$Entry; @ 39
Event: 176.276 Thread 0x00007fc2ee051800 Uncommon trap: reason=unstable_if action=reinterpret pc=0x000000011b623558 method=java.io.ExpiringCache.entryFor(Ljava/lang/String;)Ljava/io/ExpiringCache$Entry; @ 39
Event: 176.450 Thread 0x00007fc2ee051800 Uncommon trap: reason=unstable_if action=reinterpret pc=0x000000011bbb1ce8 method=sun.misc.FloatingDecimal$BinaryToASCIIBuffer.dtoa(IJIZ)V @ 88

Internal exceptions (10 events):
Event: 39.512 Thread 0x00007fc2ee051800 Exception <a 'java/io/FileNotFoundException'> (0x00000007a1557978) thrown at [/Users/java_re/workspace/8-2-build-macosx-x86_64/jdk8u121/8372/hotspot/src/share/vm/prims/jni.cpp, line 709]
Event: 50.766 Thread 0x00007fc2ee051800 Exception <a 'java/io/FileNotFoundException'> (0x00000007a20e1ec0) thrown at [/Users/java_re/workspace/8-2-build-macosx-x86_64/jdk8u121/8372/hotspot/src/share/vm/prims/jni.cpp, line 709]
Event: 53.829 Thread 0x00007fc2ee051800 Implicit null exception at 0x000000011b63967b to 0x000000011b63ccb1
Event: 58.256 Thread 0x00007fc2ee051800 Exception <a 'java/io/FileNotFoundException'> (0x000000079cdc5a78) thrown at [/Users/java_re/workspace/8-2-build-macosx-x86_64/jdk8u121/8372/hotspot/src/share/vm/prims/jni.cpp, line 709]
Event: 74.047 Thread 0x00007fc2ee051800 Exception <a 'java/io/FileNotFoundException'> (0x000000079d7ec4c0) thrown at [/Users/java_re/workspace/8-2-build-macosx-x86_64/jdk8u121/8372/hotspot/src/share/vm/prims/jni.cpp, line 709]
Event: 90.141 Thread 0x00007fc2ee051800 Exception <a 'java/io/FileNotFoundException'> (0x00000007964385c8) thrown at [/Users/java_re/workspace/8-2-build-macosx-x86_64/jdk8u121/8372/hotspot/src/share/vm/prims/jni.cpp, line 709]
Event: 99.967 Thread 0x00007fc2ee051800 Exception <a 'java/io/FileNotFoundException'> (0x00000007a05c6a90) thrown at [/Users/java_re/workspace/8-2-build-macosx-x86_64/jdk8u121/8372/hotspot/src/share/vm/prims/jni.cpp, line 709]
Event: 138.520 Thread 0x00007fc2ee051800 Exception <a 'java/io/FileNotFoundException'> (0x000000079c615298) thrown at [/Users/java_re/workspace/8-2-build-macosx-x86_64/jdk8u121/8372/hotspot/src/share/vm/prims/jni.cpp, line 709]
Event: 176.275 Thread 0x00007fc2ee051800 Exception <a 'java/io/FileNotFoundException'> (0x000000079a38ee58) thrown at [/Users/java_re/workspace/8-2-build-macosx-x86_64/jdk8u121/8372/hotspot/src/share/vm/prims/jni.cpp, line 709]
Event: 193.533 Thread 0x00007fc2ee051800 Exception <a 'java/io/FileNotFoundException'> (0x00000007a10c99d8) thrown at [/Users/java_re/workspace/8-2-build-macosx-x86_64/jdk8u121/8372/hotspot/src/share/vm/prims/jni.cpp, line 709]

Events (10 events):
Event: 195.988 loading class org/openxmlformats/schemas/spreadsheetml/_2006/main/WorkbookViewDescriptor
Event: 195.988 loading class org/openxmlformats/schemas/spreadsheetml/_2006/main/WorkbookViewDescriptor done
Event: 195.989 loading class org/openxmlformats/schemas/spreadsheetml/_2006/main/SheetsDescriptor
Event: 195.989 loading class org/openxmlformats/schemas/spreadsheetml/_2006/main/SheetsDescriptor done
Event: 195.989 loading class org/openxmlformats/schemas/spreadsheetml/_2006/main/SheetDescriptor
Event: 195.989 loading class org/openxmlformats/schemas/spreadsheetml/_2006/main/SheetDescriptor done
Event: 195.990 loading class org/openxmlformats/schemas/spreadsheetml/_2006/main/CalcPrDescriptor
Event: 195.990 loading class org/openxmlformats/schemas/spreadsheetml/_2006/main/CalcPrDescriptor done
Event: 195.991 Executing VM operation: ParallelGCSystemGC
Event: 196.034 Executing VM operation: ParallelGCSystemGC done


Dynamic libraries:
0x0000000021ee7000 	/System/Library/Frameworks/CoreFoundation.framework/Versions/A/CoreFoundation
0x0000000021ee7000 	/System/Library/Frameworks/IOKit.framework/Versions/A/IOKit
0x0000000021ee7000 	/usr/lib/libstdc++.6.0.9.dylib
0x000000010cfbb000 	/Applications/IBM/SPSS/Statistics/25/SPSSStatistics.app/Contents/lib/libtempdir.dylib
0x000000010cfdb000 	/Applications/IBM/SPSS/Statistics/25/SPSSStatistics.app/Contents/lib/libspssxd.dylib
0x000000010d289000 	/Applications/IBM/SPSS/Statistics/25/SPSSStatistics.app/Contents/lib/libspssdxcom.dylib
0x000000010d2cc000 	/Applications/IBM/SPSS/Statistics/25/SPSSStatistics.app/Contents/common/ext/bin/spss.common/libscorelib850r.dylib
0x000000010d3d4000 	/Applications/IBM/SPSS/Statistics/25/SPSSStatistics.app/Contents/common/ext/bin/spss.common/libGeneralRegressionModel850r.dylib
0x000000010d44e000 	/Applications/IBM/SPSS/Statistics/25/SPSSStatistics.app/Contents/common/ext/bin/spss.common/libdiscriminant-model850r.dylib
0x0000000021ee7000 	/usr/lib/libSystem.B.dylib
0x0000000021ee7000 	/usr/lib/libDiagnosticMessagesClient.dylib
0x0000000021ee7000 	/usr/lib/libicucore.A.dylib
0x0000000021ee7000 	/usr/lib/libobjc.A.dylib
0x0000000021ee7000 	/usr/lib/libz.1.dylib
0x0000000021ee7000 	/usr/lib/system/libcache.dylib
0x0000000021ee7000 	/usr/lib/system/libcommonCrypto.dylib
0x0000000021ee7000 	/usr/lib/system/libcompiler_rt.dylib
0x0000000021ee7000 	/usr/lib/system/libcopyfile.dylib
0x0000000021ee7000 	/usr/lib/system/libcorecrypto.dylib
0x0000000021ee7000 	/usr/lib/system/libdispatch.dylib
0x0000000021ee7000 	/usr/lib/system/libdyld.dylib
0x0000000021ee7000 	/usr/lib/system/libkeymgr.dylib
0x0000000021ee7000 	/usr/lib/system/liblaunch.dylib
0x0000000021ee7000 	/usr/lib/system/libmacho.dylib
0x0000000021ee7000 	/usr/lib/system/libquarantine.dylib
0x0000000021ee7000 	/usr/lib/system/libremovefile.dylib
0x0000000021ee7000 	/usr/lib/system/libsystem_asl.dylib
0x0000000021ee7000 	/usr/lib/system/libsystem_blocks.dylib
0x0000000021ee7000 	/usr/lib/system/libsystem_c.dylib
0x0000000021ee7000 	/usr/lib/system/libsystem_configuration.dylib
0x0000000021ee7000 	/usr/lib/system/libsystem_coreservices.dylib
0x0000000021ee7000 	/usr/lib/system/libsystem_darwin.dylib
0x0000000021ee7000 	/usr/lib/system/libsystem_dnssd.dylib
0x0000000021ee7000 	/usr/lib/system/libsystem_info.dylib
0x0000000021ee7000 	/usr/lib/system/libsystem_m.dylib
0x0000000021ee7000 	/usr/lib/system/libsystem_malloc.dylib
0x0000000021ee7000 	/usr/lib/system/libsystem_network.dylib
0x0000000021ee7000 	/usr/lib/system/libsystem_networkextension.dylib
0x0000000021ee7000 	/usr/lib/system/libsystem_notify.dylib
0x0000000021ee7000 	/usr/lib/system/libsystem_sandbox.dylib
0x0000000021ee7000 	/usr/lib/system/libsystem_secinit.dylib
0x0000000021ee7000 	/usr/lib/system/libsystem_kernel.dylib
0x0000000021ee7000 	/usr/lib/system/libsystem_platform.dylib
0x0000000021ee7000 	/usr/lib/system/libsystem_pthread.dylib
0x0000000021ee7000 	/usr/lib/system/libsystem_symptoms.dylib
0x0000000021ee7000 	/usr/lib/system/libsystem_trace.dylib
0x0000000021ee7000 	/usr/lib/system/libunwind.dylib
0x0000000021ee7000 	/usr/lib/system/libxpc.dylib
0x0000000021ee7000 	/usr/lib/closure/libclosured.dylib
0x0000000021ee7000 	/usr/lib/libc++abi.dylib
0x0000000021ee7000 	/usr/lib/libc++.1.dylib
0x0000000021ee7000 	/usr/lib/libenergytrace.dylib
0x0000000021ee7000 	/usr/lib/libbsm.0.dylib
0x0000000021ee7000 	/usr/lib/system/libkxld.dylib
0x000000010d471000 	/Applications/IBM/SPSS/Statistics/25/SPSSStatistics.app/Contents/lib/libifcoremt.dylib
0x000000010d5e7000 	/Applications/IBM/SPSS/Statistics/25/SPSSStatistics.app/Contents/lib/libimf.dylib
0x000000010d908000 	/Applications/IBM/SPSS/Statistics/25/SPSSStatistics.app/Contents/lib/libsvml.dylib
0x000000010e401000 	/Applications/IBM/SPSS/Statistics/25/SPSSStatistics.app/Contents/lib/libintlc.dylib
0x000000010e44c000 	/Applications/IBM/SPSS/Statistics/25/SPSSStatistics.app/Contents/lib/libplatdep.dylib
0x000000010e496000 	/Applications/IBM/SPSS/Statistics/25/SPSSStatistics.app/Contents/lib/libgsk8iccs.dylib
0x000000010e50a000 	/Applications/IBM/SPSS/Statistics/25/SPSSStatistics.app/Contents/lib/libsockbsd.dylib
0x000000010e51d000 	/Applications/IBM/SPSS/Statistics/25/SPSSStatistics.app/Contents/lib/libsfthread.dylib
0x000000010e531000 	/Applications/IBM/SPSS/Statistics/25/SPSSStatistics.app/Contents/lib/libvserial.dylib
0x000000010e54e000 	/Applications/IBM/SPSS/Statistics/25/SPSSStatistics.app/Contents/lib/libvutility.dylib
0x000000010e55a000 	/Applications/IBM/SPSS/Statistics/25/SPSSStatistics.app/Contents/lib/libicuuc.51.2.dylib
0x000000010e739000 	/Applications/IBM/SPSS/Statistics/25/SPSSStatistics.app/Contents/lib/libicui18n.51.2.dylib
0x000000010ea0a000 	/Applications/IBM/SPSS/Statistics/25/SPSSStatistics.app/Contents/lib/libxerces-c-3.1.dylib
0x000000010ede6000 	/Applications/IBM/SPSS/Statistics/25/SPSSStatistics.app/Contents/lib/libicudata.51.2.dylib
0x0000000110333000 	/Applications/IBM/SPSS/Statistics/25/SPSSStatistics.app/Contents/lib/libspsswlib.dylib
0x00000001126f9000 	/Applications/IBM/SPSS/Statistics/25/SPSSStatistics.app/Contents/lib/libcpuinfo.dylib
0x0000000112701000 	/Applications/IBM/SPSS/Statistics/25/SPSSStatistics.app/Contents/lib/libomcell.dylib
0x0000000112727000 	/Applications/IBM/SPSS/Statistics/25/SPSSStatistics.app/Contents/lib/libomfactry.dylib
0x00000001127ce000 	/Applications/IBM/SPSS/Statistics/25/SPSSStatistics.app/Contents/lib/libomtree.dylib
0x000000011280f000 	/Applications/IBM/SPSS/Statistics/25/SPSSStatistics.app/Contents/lib/libomxxml.dylib
0x000000011284c000 	/Applications/IBM/SPSS/Statistics/25/SPSSStatistics.app/Contents/lib/libomxsav.dylib
0x0000000112861000 	/Applications/IBM/SPSS/Statistics/25/SPSSStatistics.app/Contents/lib/libomxhtml.dylib
0x000000011288c000 	/Applications/IBM/SPSS/Statistics/25/SPSSStatistics.app/Contents/lib/libomxtext.dylib
0x00000001128b1000 	/Applications/IBM/SPSS/Statistics/25/SPSSStatistics.app/Contents/lib/libomxspv.dylib
0x00000001128bc000 	/Applications/IBM/SPSS/Statistics/25/SPSSStatistics.app/Contents/lib/libspssjni.dylib
0x00000001128c8000 	/Applications/IBM/SPSS/Statistics/25/SPSSStatistics.app/Contents/lib/libspssjvm.dylib
0x00000001128d6000 	/Applications/IBM/SPSS/Statistics/25/SPSSStatistics.app/Contents/lib/libvizedit.dylib
0x00000001128fa000 	/Applications/IBM/SPSS/Statistics/25/SPSSStatistics.app/Contents/lib/libtransspc.dylib
0x0000000112927000 	/Applications/IBM/SPSS/Statistics/25/SPSSStatistics.app/Contents/lib/libdedstore.dylib
0x0000000112943000 	/Applications/IBM/SPSS/Statistics/25/SPSSStatistics.app/Contents/lib/libsvrdmgr.dylib
0x000000011296b000 	/Applications/IBM/SPSS/Statistics/25/SPSSStatistics.app/Contents/lib/libdatasrc.dylib
0x0000000112a14000 	/Applications/IBM/SPSS/Statistics/25/SPSSStatistics.app/Contents/lib/libsvrerrs.dylib
0x0000000112a1d000 	/Applications/IBM/SPSS/Statistics/25/SPSSStatistics.app/Contents/lib/libspssdemg.dylib
0x0000000112a66000 	/Applications/IBM/SPSS/Statistics/25/SPSSStatistics.app/Contents/lib/libcpputil.dylib
0x0000000112aa5000 	/Applications/IBM/SPSS/Statistics/25/SPSSStatistics.app/Contents/lib/libstrtable.dylib
0x00000000daab5000 	/Applications/IBM/SPSS/Statistics/25/SPSSStatistics.app/Contents/lib/libxalan-c.111.0.dylib
0x0000000113106000 	/Applications/IBM/SPSS/Statistics/25/SPSSStatistics.app/Contents/lib/libchartutl.dylib
0x0000000113214000 	/Applications/IBM/SPSS/Statistics/25/SPSSStatistics.app/Contents/lib/libspssmsgs.dylib
0x0000000113220000 	/Applications/IBM/SPSS/Statistics/25/SPSSStatistics.app/Contents/lib/libvizchart.dylib
0x0000000113446000 	/Applications/IBM/SPSS/Statistics/25/SPSSStatistics.app/Contents/lib/libzlib1211spss.dylib
0x000000011347f000 	/Applications/IBM/SPSS/Statistics/25/SPSSStatistics.app/Contents/lib/libindutil.dylib
0x00000000d3491000 	/Applications/IBM/SPSS/Statistics/25/SPSSStatistics.app/Contents/lib/libxalanMsg.111.0.dylib
0x00000001134a4000 	/Applications/IBM/SPSS/Statistics/25/SPSSStatistics.app/Contents/lib/libspssiocv.dylib
0x00000001134dd000 	/Applications/IBM/SPSS/Statistics/25/SPSSStatistics.app/Contents/lib/libreadonly.dylib
0x00000001134e3000 	/Applications/IBM/SPSS/Statistics/25/SPSSStatistics.app/Contents/lib/libtmsutil.dylib
0x00000001134ec000 	/Applications/IBM/SPSS/Statistics/25/SPSSStatistics.app/Contents/lib/libcvtrans.dylib
0x000000007352d000 	/Applications/IBM/SPSS/Statistics/25/SPSSStatistics.app/Contents/Library/Frameworks/Sentinel.framework/Versions/A/Sentinel
0x0000000113547000 	/Applications/IBM/SPSS/Statistics/25/SPSSStatistics.app/Contents/Library/Frameworks/SuperPro.framework/Versions/A/SuperPro
0x000000011355d000 	/Applications/IBM/SPSS/Statistics/25/SPSSStatistics.app/Contents/lib/libcmddata.dylib
0x0000000113565000 	/Applications/IBM/SPSS/Statistics/25/SPSSStatistics.app/Contents/lib/libmcbstsps.dylib
0x0000000021ee7000 	/usr/lib/libiconv.2.dylib
0x0000000021ee7000 	/System/Library/Frameworks/CoreServices.framework/Versions/A/CoreServices
0x0000000021ee7000 	/System/Library/Frameworks/CFNetwork.framework/Versions/A/CFNetwork
0x0000000021ee7000 	/System/Library/Frameworks/CoreServices.framework/Versions/A/Frameworks/FSEvents.framework/Versions/A/FSEvents
0x0000000021ee7000 	/System/Library/Frameworks/CoreServices.framework/Versions/A/Frameworks/CarbonCore.framework/Versions/A/CarbonCore
0x0000000021ee7000 	/System/Library/Frameworks/CoreServices.framework/Versions/A/Frameworks/Metadata.framework/Versions/A/Metadata
0x0000000021ee7000 	/System/Library/Frameworks/CoreServices.framework/Versions/A/Frameworks/OSServices.framework/Versions/A/OSServices
0x0000000021ee7000 	/System/Library/Frameworks/CoreServices.framework/Versions/A/Frameworks/SearchKit.framework/Versions/A/SearchKit
0x0000000021ee7000 	/System/Library/Frameworks/CoreServices.framework/Versions/A/Frameworks/AE.framework/Versions/A/AE
0x0000000021ee7000 	/System/Library/Frameworks/CoreServices.framework/Versions/A/Frameworks/LaunchServices.framework/Versions/A/LaunchServices
0x0000000021ee7000 	/System/Library/Frameworks/CoreServices.framework/Versions/A/Frameworks/DictionaryServices.framework/Versions/A/DictionaryServices
0x0000000021ee7000 	/System/Library/Frameworks/CoreServices.framework/Versions/A/Frameworks/SharedFileList.framework/Versions/A/SharedFileList
0x0000000021ee7000 	/usr/lib/libauto.dylib
0x0000000021ee7000 	/System/Library/Frameworks/SystemConfiguration.framework/Versions/A/SystemConfiguration
0x0000000021ee7000 	/System/Library/Frameworks/Security.framework/Versions/A/Security
0x0000000021ee7000 	/usr/lib/libsqlite3.dylib
0x0000000021ee7000 	/usr/lib/libxml2.2.dylib
0x0000000021ee7000 	/usr/lib/libnetwork.dylib
0x0000000021ee7000 	/usr/lib/libapple_nghttp2.dylib
0x0000000021ee7000 	/usr/lib/libpcap.A.dylib
0x0000000021ee7000 	/usr/lib/libboringssl.dylib
0x0000000021ee7000 	/usr/lib/libusrtcp.dylib
0x0000000021ee7000 	/usr/lib/libcoretls.dylib
0x0000000021ee7000 	/usr/lib/libcoretls_cfhelpers.dylib
0x0000000021ee7000 	/usr/lib/libapple_crypto.dylib
0x0000000021ee7000 	/System/Library/Frameworks/Foundation.framework/Versions/C/Foundation
0x0000000021ee7000 	/usr/lib/libOpenScriptingUtil.dylib
0x0000000021ee7000 	/usr/lib/libpam.2.dylib
0x0000000021ee7000 	/usr/lib/libxar.1.dylib
0x0000000021ee7000 	/System/Library/Frameworks/DiskArbitration.framework/Versions/A/DiskArbitration
0x0000000021ee7000 	/usr/lib/libarchive.2.dylib
0x0000000021ee7000 	/usr/lib/liblangid.dylib
0x0000000021ee7000 	/usr/lib/libCRFSuite.dylib
0x0000000021ee7000 	/usr/lib/libbz2.1.0.dylib
0x0000000021ee7000 	/usr/lib/liblzma.5.dylib
0x0000000021ee7000 	/System/Library/Frameworks/NetFS.framework/Versions/A/NetFS
0x0000000021ee7000 	/System/Library/PrivateFrameworks/NetAuth.framework/Versions/A/NetAuth
0x0000000021ee7000 	/System/Library/PrivateFrameworks/login.framework/Versions/A/Frameworks/loginsupport.framework/Versions/A/loginsupport
0x0000000021ee7000 	/System/Library/PrivateFrameworks/TCC.framework/Versions/A/TCC
0x0000000021ee7000 	/usr/lib/libmecabra.dylib
0x0000000021ee7000 	/System/Library/Frameworks/ApplicationServices.framework/Versions/A/ApplicationServices
0x0000000021ee7000 	/System/Library/Frameworks/CoreGraphics.framework/Versions/A/CoreGraphics
0x0000000021ee7000 	/System/Library/Frameworks/CoreText.framework/Versions/A/CoreText
0x0000000021ee7000 	/System/Library/Frameworks/ImageIO.framework/Versions/A/ImageIO
0x0000000021ee7000 	/System/Library/Frameworks/ColorSync.framework/Versions/A/ColorSync
0x0000000021ee7000 	/System/Library/Frameworks/ApplicationServices.framework/Versions/A/Frameworks/ATS.framework/Versions/A/ATS
0x0000000021ee7000 	/System/Library/Frameworks/ApplicationServices.framework/Versions/A/Frameworks/ColorSyncLegacy.framework/Versions/A/ColorSyncLegacy
0x0000000021ee7000 	/System/Library/Frameworks/ApplicationServices.framework/Versions/A/Frameworks/HIServices.framework/Versions/A/HIServices
0x0000000021ee7000 	/System/Library/Frameworks/ApplicationServices.framework/Versions/A/Frameworks/LangAnalysis.framework/Versions/A/LangAnalysis
0x0000000021ee7000 	/System/Library/Frameworks/ApplicationServices.framework/Versions/A/Frameworks/PrintCore.framework/Versions/A/PrintCore
0x0000000021ee7000 	/System/Library/Frameworks/ApplicationServices.framework/Versions/A/Frameworks/QD.framework/Versions/A/QD
0x0000000021ee7000 	/System/Library/Frameworks/ApplicationServices.framework/Versions/A/Frameworks/SpeechSynthesis.framework/Versions/A/SpeechSynthesis
0x0000000021ee7000 	/System/Library/PrivateFrameworks/SkyLight.framework/Versions/A/SkyLight
0x0000000021ee7000 	/System/Library/Frameworks/Accelerate.framework/Versions/A/Accelerate
0x0000000021ee7000 	/System/Library/Frameworks/CoreDisplay.framework/Versions/A/CoreDisplay
0x0000000021ee7000 	/System/Library/Frameworks/IOSurface.framework/Versions/A/IOSurface
0x0000000021ee7000 	/System/Library/Frameworks/Metal.framework/Versions/A/Metal
0x0000000021ee7000 	/System/Library/PrivateFrameworks/MultitouchSupport.framework/Versions/A/MultitouchSupport
0x0000000021ee7000 	/System/Library/Frameworks/QuartzCore.framework/Versions/A/QuartzCore
0x0000000021ee7000 	/System/Library/Frameworks/Accelerate.framework/Versions/A/Frameworks/vImage.framework/Versions/A/vImage
0x0000000021ee7000 	/System/Library/Frameworks/Accelerate.framework/Versions/A/Frameworks/vecLib.framework/Versions/A/vecLib
0x0000000021ee7000 	/System/Library/Frameworks/Accelerate.framework/Versions/A/Frameworks/vecLib.framework/Versions/A/libvDSP.dylib
0x0000000021ee7000 	/System/Library/Frameworks/Accelerate.framework/Versions/A/Frameworks/vecLib.framework/Versions/A/libBNNS.dylib
0x0000000021ee7000 	/System/Library/Frameworks/Accelerate.framework/Versions/A/Frameworks/vecLib.framework/Versions/A/libQuadrature.dylib
0x0000000021ee7000 	/System/Library/Frameworks/Accelerate.framework/Versions/A/Frameworks/vecLib.framework/Versions/A/libvMisc.dylib
0x0000000021ee7000 	/System/Library/Frameworks/Accelerate.framework/Versions/A/Frameworks/vecLib.framework/Versions/A/libLAPACK.dylib
0x0000000021ee7000 	/System/Library/Frameworks/Accelerate.framework/Versions/A/Frameworks/vecLib.framework/Versions/A/libBLAS.dylib
0x0000000021ee7000 	/System/Library/Frameworks/Accelerate.framework/Versions/A/Frameworks/vecLib.framework/Versions/A/libLinearAlgebra.dylib
0x0000000021ee7000 	/System/Library/Frameworks/Accelerate.framework/Versions/A/Frameworks/vecLib.framework/Versions/A/libSparse.dylib
0x0000000021ee7000 	/System/Library/Frameworks/Accelerate.framework/Versions/A/Frameworks/vecLib.framework/Versions/A/libSparseBLAS.dylib
0x0000000021ee7000 	/System/Library/PrivateFrameworks/IOAccelerator.framework/Versions/A/IOAccelerator
0x0000000021ee7000 	/System/Library/PrivateFrameworks/IOPresentment.framework/Versions/A/IOPresentment
0x0000000021ee7000 	/System/Library/PrivateFrameworks/DSExternalDisplay.framework/Versions/A/DSExternalDisplay
0x0000000021ee7000 	/System/Library/Frameworks/OpenGL.framework/Versions/A/Libraries/libCoreFSCache.dylib
0x0000000021ee7000 	/System/Library/Frameworks/CoreImage.framework/Versions/A/CoreImage
0x0000000021ee7000 	/System/Library/Frameworks/CoreVideo.framework/Versions/A/CoreVideo
0x0000000021ee7000 	/System/Library/Frameworks/OpenGL.framework/Versions/A/OpenGL
0x0000000021ee7000 	/System/Library/PrivateFrameworks/GraphVisualizer.framework/Versions/A/GraphVisualizer
0x0000000021ee7000 	/System/Library/Frameworks/MetalPerformanceShaders.framework/Versions/A/MetalPerformanceShaders
0x0000000021ee7000 	/usr/lib/libFosl_dynamic.dylib
0x0000000021ee7000 	/System/Library/PrivateFrameworks/FaceCore.framework/Versions/A/FaceCore
0x0000000021ee7000 	/System/Library/Frameworks/OpenCL.framework/Versions/A/OpenCL
0x0000000021ee7000 	/usr/lib/libcompression.dylib
0x0000000021ee7000 	/System/Library/Frameworks/ApplicationServices.framework/Versions/A/Frameworks/ATS.framework/Versions/A/Resources/libFontParser.dylib
0x0000000021ee7000 	/System/Library/Frameworks/ApplicationServices.framework/Versions/A/Frameworks/ATS.framework/Versions/A/Resources/libFontRegistry.dylib
0x0000000021ee7000 	/System/Library/Frameworks/ImageIO.framework/Versions/A/Resources/libJPEG.dylib
0x0000000021ee7000 	/System/Library/Frameworks/ImageIO.framework/Versions/A/Resources/libTIFF.dylib
0x0000000021ee7000 	/System/Library/Frameworks/ImageIO.framework/Versions/A/Resources/libPng.dylib
0x0000000021ee7000 	/System/Library/Frameworks/ImageIO.framework/Versions/A/Resources/libGIF.dylib
0x0000000021ee7000 	/System/Library/Frameworks/ImageIO.framework/Versions/A/Resources/libJP2.dylib
0x0000000021ee7000 	/System/Library/Frameworks/ImageIO.framework/Versions/A/Resources/libRadiance.dylib
0x0000000021ee7000 	/System/Library/PrivateFrameworks/AppleJPEG.framework/Versions/A/AppleJPEG
0x0000000021ee7000 	/System/Library/PrivateFrameworks/MetalTools.framework/Versions/A/MetalTools
0x0000000021ee7000 	/System/Library/Frameworks/MetalPerformanceShaders.framework/Frameworks/MPSCore.framework/Versions/A/MPSCore
0x0000000021ee7000 	/System/Library/Frameworks/MetalPerformanceShaders.framework/Frameworks/MPSImage.framework/Versions/A/MPSImage
0x0000000021ee7000 	/System/Library/Frameworks/MetalPerformanceShaders.framework/Frameworks/MPSMatrix.framework/Versions/A/MPSMatrix
0x0000000021ee7000 	/System/Library/Frameworks/MetalPerformanceShaders.framework/Frameworks/MPSNeuralNetwork.framework/Versions/A/MPSNeuralNetwork
0x0000000021ee7000 	/System/Library/Frameworks/OpenGL.framework/Versions/A/Libraries/libGLU.dylib
0x0000000021ee7000 	/System/Library/Frameworks/OpenGL.framework/Versions/A/Libraries/libGFXShared.dylib
0x0000000021ee7000 	/System/Library/Frameworks/OpenGL.framework/Versions/A/Libraries/libGL.dylib
0x0000000021ee7000 	/System/Library/Frameworks/OpenGL.framework/Versions/A/Libraries/libGLImage.dylib
0x0000000021ee7000 	/System/Library/Frameworks/OpenGL.framework/Versions/A/Libraries/libCVMSPluginSupport.dylib
0x0000000021ee7000 	/System/Library/Frameworks/OpenGL.framework/Versions/A/Libraries/libCoreVMClient.dylib
0x0000000021ee7000 	/usr/lib/libcups.2.dylib
0x0000000021ee7000 	/System/Library/Frameworks/Kerberos.framework/Versions/A/Kerberos
0x0000000021ee7000 	/System/Library/Frameworks/GSS.framework/Versions/A/GSS
0x0000000021ee7000 	/usr/lib/libresolv.9.dylib
0x0000000021ee7000 	/System/Library/PrivateFrameworks/Heimdal.framework/Versions/A/Heimdal
0x0000000021ee7000 	/usr/lib/libheimdal-asn1.dylib
0x0000000021ee7000 	/System/Library/Frameworks/OpenDirectory.framework/Versions/A/OpenDirectory
0x0000000021ee7000 	/System/Library/PrivateFrameworks/CommonAuth.framework/Versions/A/CommonAuth
0x0000000021ee7000 	/System/Library/Frameworks/OpenDirectory.framework/Versions/A/Frameworks/CFOpenDirectory.framework/Versions/A/CFOpenDirectory
0x0000000021ee7000 	/System/Library/Frameworks/SecurityFoundation.framework/Versions/A/SecurityFoundation
0x0000000021ee7000 	/System/Library/PrivateFrameworks/APFS.framework/Versions/A/APFS
0x0000000021ee7000 	/usr/lib/libutil.dylib
0x0000000021ee7000 	/System/Library/Frameworks/CoreAudio.framework/Versions/A/CoreAudio
0x0000000021ee7000 	/System/Library/Frameworks/AudioToolbox.framework/Versions/A/AudioToolbox
0x0000000021ee7000 	/System/Library/PrivateFrameworks/AppleSauce.framework/Versions/A/AppleSauce
0x0000000021ee7000 	/System/Library/PrivateFrameworks/LinguisticData.framework/Versions/A/LinguisticData
0x0000000021ee7000 	/usr/lib/libmarisa.dylib
0x0000000021ee7000 	/System/Library/PrivateFrameworks/Lexicon.framework/Versions/A/Lexicon
0x0000000021ee7000 	/usr/lib/libChineseTokenizer.dylib
0x0000000021ee7000 	/usr/lib/libcmph.dylib
0x0000000021ee7000 	/System/Library/PrivateFrameworks/LanguageModeling.framework/Versions/A/LanguageModeling
0x0000000021ee7000 	/System/Library/Frameworks/CoreData.framework/Versions/A/CoreData
0x0000000021ee7000 	/System/Library/PrivateFrameworks/CoreEmoji.framework/Versions/A/CoreEmoji
0x0000000021ee7000 	/System/Library/Frameworks/ServiceManagement.framework/Versions/A/ServiceManagement
0x0000000021ee7000 	/System/Library/PrivateFrameworks/BackgroundTaskManagement.framework/Versions/A/BackgroundTaskManagement
0x0000000021ee7000 	/usr/lib/libxslt.1.dylib
0x0000000113571000 	/Applications/IBM/SPSS/Statistics/25/SPSSStatistics.app/Contents/lib/libdatastr.dylib
0x0000000113593000 	/Applications/IBM/SPSS/Statistics/25/SPSSStatistics.app/Contents/lib/libstacrypt.dylib
0x00000001135a2000 	/Applications/IBM/SPSS/Statistics/25/SPSSStatistics.app/Contents/lib/libmccomsps.dylib
0x00000001136a7000 	/Applications/IBM/SPSS/Statistics/25/SPSSStatistics.app/Contents/lib/libspsspool.dylib
0x00000001136e7000 	/Applications/IBM/SPSS/Statistics/25/SPSSStatistics.app/Contents/lib/libxchart.dylib
0x000000011376c000 	/Applications/IBM/SPSS/Statistics/25/SPSSStatistics.app/Contents/lib/libviewerxml.dylib
0x0000000113871000 	/Applications/IBM/SPSS/Statistics/25/SPSSStatistics.app/Contents/lib/libspsswctl.dylib
0x0000000113985000 	/Applications/IBM/SPSS/Statistics/25/SPSSStatistics.app/Contents/lib/libuparser.dylib
0x0000000116387000 	/Applications/IBM/SPSS/Statistics/25/SPSSStatistics.app/Contents/lib/libspssdx.dylib
0x00000001163b3000 	/Applications/IBM/SPSS/Statistics/25/SPSSStatistics.app/Contents/lib/libomsopmgr.dylib
0x00000001163da000 	/Applications/IBM/SPSS/Statistics/25/SPSSStatistics.app/Contents/lib/libspsswcis.dylib
0x000000011650b000 	/Applications/IBM/SPSS/Statistics/25/SPSSStatistics.app/Contents/lib/libspsswmsg.dylib
0x0000000116533000 	/Applications/IBM/SPSS/Statistics/25/SPSSStatistics.app/Contents/lib/libuadapter.dylib
0x0000000116568000 	/Applications/IBM/SPSS/Statistics/25/SPSSStatistics.app/Contents/lib/libspssclef.dylib
0x000000011667d000 	/Applications/IBM/SPSS/Statistics/25/SPSSStatistics.app/Contents/ext/bin/spss.common/libcfcore.dylib
0x0000000116762000 	/Applications/IBM/SPSS/Statistics/25/SPSSStatistics.app/Contents/ext/bin/spss.common/libcfcommon.dylib
0x00000001167db000 	/Applications/IBM/SPSS/Statistics/25/SPSSStatistics.app/Contents/lib/libfmsgs.dylib
0x00000001165ac000 	/Applications/IBM/SPSS/Statistics/25/SPSSStatistics.app/Contents/lib/libnetcom.dylib
0x00000001139f2000 	/Applications/IBM/SPSS/Statistics/25/SPSSStatistics.app/Contents/lib/libfwutility.dylib
0x000000011680f000 	/Applications/IBM/SPSS/Statistics/25/SPSSStatistics.app/Contents/lib/libfilesort.dylib
0x0000000116823000 	/Applications/IBM/SPSS/Statistics/25/SPSSStatistics.app/Contents/lib/libmtxp.dylib
0x000000011683f000 	/Applications/IBM/SPSS/Statistics/25/SPSSStatistics.app/Contents/ext/bin/spss.common/libcorethread.dylib
0x000000010e516000 	/Applications/IBM/SPSS/Statistics/25/SPSSStatistics.app/Contents/ext/bin/spss.common/libcfthread.dylib
0x000000011684f000 	/Applications/IBM/SPSS/Statistics/25/SPSSStatistics.app/Contents/common/ext/bin/spss.common/libcfcomserv.dylib
0x0000000116867000 	/Applications/IBM/SPSS/Statistics/25/SPSSStatistics.app/Contents/ext/bin/spss.common/libcfextension.dylib
0x000000011689f000 	/Applications/IBM/SPSS/Statistics/25/SPSSStatistics.app/Contents/ext/bin/spss.common/libcffilter.dylib
0x00000001168ae000 	/Applications/IBM/SPSS/Statistics/25/SPSSStatistics.app/Contents/ext/bin/spss.common/libcfcatencode.dylib
0x000000010d904000 	/Applications/IBM/SPSS/Statistics/25/SPSSStatistics.app/Contents/ext/bin/spss.common/libcfcomstatistic.dylib
0x00000001168cd000 	/Applications/IBM/SPSS/Statistics/25/SPSSStatistics.app/Contents/ext/bin/spss.common/libtempfiles.dylib
0x00000001198f3000 	/Applications/IBM/SPSS/Statistics/25/SPSSStatistics.app/Contents/lib/libpesrepo.dylib
0x000000011a20f000 	/Applications/IBM/SPSS/Statistics/25/SPSSStatistics.app/Contents/lib/libspsswfil.dylib
0x000000011a2af000 	/Applications/IBM/SPSS/Statistics/25/SPSSStatistics.app/Contents/lib/libchartxml.dylib
0x000000011a30f000 	/Applications/IBM/SPSS/Statistics/25/SPSSStatistics.app/Contents/lib/libxlsxdac.dylib
0x00000001165d4000 	/Applications/IBM/SPSS/Statistics/25/SPSSStatistics.app/Contents/lib/libpkginpr.dylib
0x000000011a347000 	/Applications/IBM/SPSS/Statistics/25/SPSSStatistics.app/Contents/lib/libdacmmsgs.dylib
0x000000010e547000 	/Applications/IBM/SPSS/Statistics/25/SPSSStatistics.app/Contents/lib/libtxtwdmsg.dylib
0x000000011a353000 	/Applications/IBM/SPSS/Statistics/25/SPSSStatistics.app/Contents/JRE/lib/jli/libjli.dylib
0x0000000021ee7000 	/System/Library/Frameworks/Cocoa.framework/Versions/A/Cocoa
0x0000000021ee7000 	/System/Library/Frameworks/AppKit.framework/Versions/C/AppKit
0x0000000021ee7000 	/System/Library/PrivateFrameworks/RemoteViewServices.framework/Versions/A/RemoteViewServices
0x0000000021ee7000 	/System/Library/PrivateFrameworks/UIFoundation.framework/Versions/A/UIFoundation
0x0000000021ee7000 	/System/Library/PrivateFrameworks/DFRFoundation.framework/Versions/A/DFRFoundation
0x0000000021ee7000 	/System/Library/PrivateFrameworks/DesktopServicesPriv.framework/Versions/A/DesktopServicesPriv
0x0000000021ee7000 	/usr/lib/libScreenReader.dylib
0x0000000021ee7000 	/System/Library/Frameworks/AudioUnit.framework/Versions/A/AudioUnit
0x0000000021ee7000 	/System/Library/PrivateFrameworks/DataDetectorsCore.framework/Versions/A/DataDetectorsCore
0x0000000021ee7000 	/System/Library/Frameworks/Carbon.framework/Versions/A/Frameworks/HIToolbox.framework/Versions/A/HIToolbox
0x0000000021ee7000 	/System/Library/Frameworks/Carbon.framework/Versions/A/Frameworks/SpeechRecognition.framework/Versions/A/SpeechRecognition
0x0000000021ee7000 	/System/Library/PrivateFrameworks/CoreUI.framework/Versions/A/CoreUI
0x0000000021ee7000 	/System/Library/PrivateFrameworks/PerformanceAnalysis.framework/Versions/A/PerformanceAnalysis
0x0000000021ee7000 	/System/Library/PrivateFrameworks/Backup.framework/Versions/A/Backup
0x0000000021ee7000 	/System/Library/Frameworks/Carbon.framework/Versions/A/Frameworks/Ink.framework/Versions/A/Ink
0x0000000021ee7000 	/System/Library/PrivateFrameworks/TextureIO.framework/Versions/A/TextureIO
0x0000000021ee7000 	/usr/lib/libate.dylib
0x0000000021ee7000 	/System/Library/PrivateFrameworks/CrashReporterSupport.framework/Versions/A/CrashReporterSupport
0x0000000021ee7000 	/System/Library/PrivateFrameworks/Sharing.framework/Versions/A/Sharing
0x0000000021ee7000 	/System/Library/PrivateFrameworks/IconServices.framework/Versions/A/IconServices
0x0000000021ee7000 	/System/Library/PrivateFrameworks/ProtocolBuffer.framework/Versions/A/ProtocolBuffer
0x0000000021ee7000 	/System/Library/PrivateFrameworks/Apple80211.framework/Versions/A/Apple80211
0x0000000021ee7000 	/System/Library/Frameworks/CoreWLAN.framework/Versions/A/CoreWLAN
0x0000000021ee7000 	/System/Library/PrivateFrameworks/CoreUtils.framework/Versions/A/CoreUtils
0x0000000021ee7000 	/System/Library/Frameworks/IOBluetooth.framework/Versions/A/IOBluetooth
0x0000000021ee7000 	/System/Library/PrivateFrameworks/CoreWiFi.framework/Versions/A/CoreWiFi
0x0000000021ee7000 	/System/Library/Frameworks/CoreBluetooth.framework/Versions/A/CoreBluetooth
0x0000000021ee7000 	/System/Library/PrivateFrameworks/SignpostNotification.framework/Versions/A/SignpostNotification
0x0000000021ee7000 	/System/Library/PrivateFrameworks/DebugSymbols.framework/Versions/A/DebugSymbols
0x0000000021ee7000 	/System/Library/PrivateFrameworks/CoreSymbolication.framework/Versions/A/CoreSymbolication
0x0000000021ee7000 	/System/Library/PrivateFrameworks/Symbolication.framework/Versions/A/Symbolication
0x0000000021ee7000 	/System/Library/PrivateFrameworks/AppleFSCompression.framework/Versions/A/AppleFSCompression
0x0000000021ee7000 	/System/Library/PrivateFrameworks/SpeechRecognitionCore.framework/Versions/A/SpeechRecognitionCore
0x000000011a363000 	/Applications/IBM/SPSS/Statistics/25/SPSSStatistics.app/Contents/JRE//lib/server/libjvm.dylib
0x000000011b305000 	/Applications/IBM/SPSS/Statistics/25/SPSSStatistics.app/Contents/JRE/lib/libverify.dylib
0x000000011b313000 	/Applications/IBM/SPSS/Statistics/25/SPSSStatistics.app/Contents/JRE/lib/libjava.dylib
0x000000011b348000 	/Applications/IBM/SPSS/Statistics/25/SPSSStatistics.app/Contents/JRE/lib/libzip.dylib
0x0000000021ee7000 	/System/Library/Frameworks/JavaVM.framework/Versions/A/Frameworks/JavaRuntimeSupport.framework/Versions/A/JavaRuntimeSupport
0x0000000021ee7000 	/System/Library/Frameworks/JavaVM.framework/Versions/A/Frameworks/JavaNativeFoundation.framework/Versions/A/JavaNativeFoundation
0x0000000021ee7000 	/System/Library/Frameworks/JavaVM.framework/Versions/A/JavaVM
0x0000000021ee7000 	/System/Library/Frameworks/Carbon.framework/Versions/A/Carbon
0x0000000021ee7000 	/System/Library/PrivateFrameworks/JavaLaunching.framework/Versions/A/JavaLaunching
0x0000000021ee7000 	/System/Library/Frameworks/Carbon.framework/Versions/A/Frameworks/CommonPanels.framework/Versions/A/CommonPanels
0x0000000021ee7000 	/System/Library/Frameworks/Carbon.framework/Versions/A/Frameworks/Help.framework/Versions/A/Help
0x0000000021ee7000 	/System/Library/Frameworks/Carbon.framework/Versions/A/Frameworks/ImageCapture.framework/Versions/A/ImageCapture
0x0000000021ee7000 	/System/Library/Frameworks/Carbon.framework/Versions/A/Frameworks/OpenScripting.framework/Versions/A/OpenScripting
0x0000000021ee7000 	/System/Library/Frameworks/Carbon.framework/Versions/A/Frameworks/Print.framework/Versions/A/Print
0x0000000021ee7000 	/System/Library/Frameworks/Carbon.framework/Versions/A/Frameworks/SecurityHI.framework/Versions/A/SecurityHI
0x0000000132cf3000 	/Applications/IBM/SPSS/Statistics/25/SPSSStatistics.app/Contents/JRE/lib/libnet.dylib
0x0000000118bb7000 	/Applications/IBM/SPSS/Statistics/25/SPSSStatistics.app/Contents/lib/libspsswarc.dylib
0x00000001197d9000 	/Applications/IBM/SPSS/Statistics/25/SPSSStatistics.app/Contents/lib/libspsswalt.dylib
0x00000001197f1000 	/Applications/IBM/SPSS/Statistics/25/SPSSStatistics.app/Contents/lib/libspsswoms.dylib
0x0000000119820000 	/Applications/IBM/SPSS/Statistics/25/SPSSStatistics.app/Contents/lib/libspsswbst.dylib
0x0000000119830000 	/Applications/IBM/SPSS/Statistics/25/SPSSStatistics.app/Contents/lib/libspsswone.dylib
0x0000000119863000 	/Applications/IBM/SPSS/Statistics/25/SPSSStatistics.app/Contents/lib/libspssweda.dylib
0x00000001180f3000 	/Applications/IBM/SPSS/Statistics/25/SPSSStatistics.app/Contents/JRE/lib/libmanagement.dylib
0x0000000118101000 	/Applications/IBM/SPSS/Statistics/25/SPSSStatistics.app/Contents/JRE/lib/libosx.dylib
0x000000011810f000 	/Applications/IBM/SPSS/Statistics/25/SPSSStatistics.app/Contents/JRE/lib/./libosxapp.dylib
0x0000000021ee7000 	/System/Library/Frameworks/ExceptionHandling.framework/Versions/A/ExceptionHandling
0x000000011812b000 	/Applications/IBM/SPSS/Statistics/25/SPSSStatistics.app/Contents/JRE/lib/libawt.dylib
0x0000000132fcd000 	/Applications/IBM/SPSS/Statistics/25/SPSSStatistics.app/Contents/JRE/lib/./libmlib_image.dylib
0x0000000133181000 	/Applications/IBM/SPSS/Statistics/25/SPSSStatistics.app/Contents/JRE/lib/libawt_lwawt.dylib
0x0000000133356000 	/Applications/IBM/SPSS/Statistics/25/SPSSStatistics.app/Contents/lib/libjniviewer.dylib
0x0000000132c30000 	/Applications/IBM/SPSS/Statistics/25/SPSSStatistics.app/Contents/JRE/lib/libfontmanager.dylib
0x0000000021ee7000 	/System/Library/PrivateFrameworks/CoreServicesInternal.framework/Versions/A/CoreServicesInternal
0x0000000133a0f000 	/Applications/IBM/SPSS/Statistics/25/SPSSStatistics.app/Contents/JRE/lib/libnio.dylib
0x0000000021ee7000 	/System/Library/Frameworks/ApplicationServices.framework/Versions/A/Frameworks/ATS.framework/Versions/A/Resources/libTrueTypeScaler.dylib

VM Arguments:
jvm_args: -Djava.library.path=/Applications/IBM/SPSS/Statistics/25/SPSSStatistics.app/Contents/bin/../JRE/lib/jli/:/Applications/IBM/SPSS/Statistics/25/SPSSStatistics.app/Contents/bin/../JRE/lib/:/Applications/IBM/SPSS/Statistics/25/SPSSStatistics.app/Contents/bin/../lib/:/Applications/IBM/SPSS/Statistics/25/SPSSStatistics.app/Contents/bin/ -Dapplication.home=/Applications/IBM/SPSS/Statistics/25/SPSSStatistics.app/Contents/bin -Dstatistics.home=/Applications/IBM/SPSS/Statistics/25/SPSSStatistics.app/Contents/bin -Djava.awt.headless=true -Dcom.sun.media.jai.disableMediaLib=true -Xms256M -Xmx2048M -XX:-UsePerfData -Dcom.ibm.jsse2.overrideDefaultProtocol=TLSv12 -Djava.io.tmpdir=/tmp/spssH9WVZ5/ 
java_command: <unknown>
java_class_path (initial): :/Applications/IBM/SPSS/Statistics/25/SPSSStatistics.app/Contents/bin/ChartEditor.jar:/Applications/IBM/SPSS/Statistics/25/SPSSStatistics.app/Contents/bin/ChartEditorRes.jar:/Applications/IBM/SPSS/Statistics/25/SPSSStatistics.app/Contents/bin/CoreTools.jar:/Applications/IBM/SPSS/Statistics/25/SPSSStatistics.app/Contents/bin/CustomDialogBuilder.jar:/Applications/IBM/SPSS/Statistics/25/SPSSStatistics.app/Contents/bin/CustomDialogBuilderRes.jar:/Applications/IBM/SPSS/Statistics/25/SPSSStatistics.app/Contents/bin/ExViewerDialogDemo.jar:/Applications/IBM/SPSS/Statistics/25/SPSSStatistics.app/Contents/bin/ExViewerFrameDemo.jar:/Applications/IBM/SPSS/Statistics/25/SPSSStatistics.app/Contents/bin/ExportTools.jar:/Applications/IBM/SPSS/Statistics/25/SPSSStatistics.app/Contents/bin/ExtensionManager.jar:/Applications/IBM/SPSS/Statistics/25/SPSSStatistics.app/Contents/bin/ExtensionManagerRes.jar:/Applications/IBM/SPSS/Statistics/25/SPSSStatistics.app/Contents/bin/FieldChooser.jar:/Applications/IBM/SPSS/Statistics/25/SPSSStatistics.app/Contents/bin/InstallExtBundles.jar:/Applications/IBM/SPSS/Statistics/25/SPSSStatistics.app/Contents/bin/InstallExtBundlesRes.jar:/Applications/IBM/SPSS/Statistics/25/SPSSStatistics.app/Contents/bin/JRegEdit.jar:/Applications/IBM/SPSS/Statistics/25/SPSSStatistics.app/Contents/bin/JimiProClasses.jar:/Applications/IBM/SPSS/Statistics/25/SPSSStatistics.app/Contents/bin/LightTable.jar:/Applications/IBM/SPSS/Statistics/25/SPSSStatistics.app/Contents/bin/ModelViewer.jar:/Applications/IBM/SPSS/Statistics/25/SPSSStatistics.app/Contents/bin/PivotTableEditor.jar:/Applications/IBM/SPSS/Statistics/25/SPSSStatistics.app/Contents/bin/PivotTableEditorRes.jar:/Applications/IBM/SPSS/Statistics/25/SPSSStatistics.app/Contents/bin/RConfig.jar:/Applications/IBM/SPSS/Statistics/25/SPSSStatistics.app/Contents/bin/RapidSpell.jar:/Applications/IBM/SPSS/Statistics/25/SPSSStatistics.app/Contents/bin/RapidSpellMDict.jar:/Applications/IBM/SPSS/Stat
Launcher Type: generic

Environment Variables:
PATH=/Applications/IBM/SPSS/Statistics/25/SPSSStatistics.app/Contents/bin:/usr/bin:/bin:/usr/sbin:/sbin
SHELL=/bin/bash
DISPLAY=/private/tmp/com.apple.launchd.bMYPE4yQHd/org.macosforge.xquartz:0
DYLD_LIBRARY_PATH=/Applications/IBM/SPSS/Statistics/25/SPSSStatistics.app/Contents/lib:/Applications/IBM/SPSS/Statistics/25/SPSSStatistics.app/Contents/common/ext/bin/spss.common:/Applications/IBM/SPSS/Statistics/25/SPSSStatistics.app/Contents/ext/bin/spss.common:/Applications/IBM/SPSS/Statistics/25/SPSSStatistics.app/Contents/lib:/Applications/IBM/SPSS/Statistics/25/SPSSStatistics.app/Contents/Library/Frameworks/Sentinel.framework:/Applications/IBM/SPSS/Statistics/25/SPSSStatistics.app/Contents/Library/Frameworks/SuperPro.framework:/Applications/IBM/SPSS/Statistics/25/SPSSStatistics.app/Contents/JRE/lib/jli

Signal Handlers:
SIGSEGV: [libjvm.dylib+0x5b1141], sa_mask[0]=11111111011111110111111111111111, sa_flags=SA_ONSTACK|SA_RESTART|SA_SIGINFO
SIGBUS: [libjvm.dylib+0x5b1141], sa_mask[0]=11111111011111110111111111111111, sa_flags=SA_RESTART|SA_SIGINFO
SIGFPE: [libjvm.dylib+0x487bc4], sa_mask[0]=11111111011111110111111111111111, sa_flags=SA_RESTART|SA_SIGINFO
SIGPIPE: [libjvm.dylib+0x487bc4], sa_mask[0]=11111111011111110111111111111111, sa_flags=SA_RESTART|SA_SIGINFO
SIGXFSZ: [libjvm.dylib+0x487bc4], sa_mask[0]=11111111011111110111111111111111, sa_flags=SA_RESTART|SA_SIGINFO
SIGILL: [libjvm.dylib+0x487bc4], sa_mask[0]=11111111011111110111111111111111, sa_flags=SA_RESTART|SA_SIGINFO
SIGUSR1: SIG_DFL, sa_mask[0]=00000000000000000000000000000000, sa_flags=none
SIGUSR2: [libjvm.dylib+0x4876e2], sa_mask[0]=00100000000000000000000000000000, sa_flags=SA_RESTART|SA_SIGINFO
SIGHUP: [libjvm.dylib+0x485cb9], sa_mask[0]=11111111011111110111111111111111, sa_flags=SA_RESTART|SA_SIGINFO
SIGINT: [libjvm.dylib+0x485cb9], sa_mask[0]=11111111011111110111111111111111, sa_flags=SA_RESTART|SA_SIGINFO
SIGTERM: [libjvm.dylib+0x485cb9], sa_mask[0]=11111111011111110111111111111111, sa_flags=SA_RESTART|SA_SIGINFO
SIGQUIT: [libjvm.dylib+0x485cb9], sa_mask[0]=11111111011111110111111111111111, sa_flags=SA_RESTART|SA_SIGINFO


---------------  S Y S T E M  ---------------

OS:Bsduname:Darwin 17.3.0 Darwin Kernel Version 17.3.0: Thu Nov  9 18:09:22 PST 2017; root:xnu-4570.31.3~1/RELEASE_X86_64 x86_64
rlimit: STACK 8192k, CORE 0k, NPROC 1418, NOFILE 10240, AS infinity
load average:2.82 2.47 2.31

CPU:total 8 (4 cores per cpu, 2 threads per core) family 6 model 70 stepping 1, cmov, cx8, fxsr, mmx, sse, sse2, sse3, ssse3, sse4.1, sse4.2, popcnt, avx, avx2, aes, clmul, erms, lzcnt, ht, tsc, tscinvbit, bmi1, bmi2

Memory: 4k page, physical 16777216k(262400k free)

/proc/meminfo:


vm_info: Java HotSpot(TM) 64-Bit Server VM (25.121-b13) for bsd-amd64 JRE (1.8.0_121-b13), built on Dec 12 2016 20:39:32 by "java_re" with gcc 4.2.1 (Based on Apple Inc. build 5658) (LLVM build 2336.11.00)

time: Sat Jun 23 23:13:44 2018
elapsed time: 196 seconds (0d 0h 3m 16s)

