#
# A fatal error has been detected by the Java Runtime Environment:
#
#  SIGSEGV (0xb) at pc=0x0000000102782d3b, pid=4363, tid=0x0000000000000307
#
# JRE version: Java(TM) 2 Runtime Environment, Standard Edition (8.0_121-b13) (build 1.8.0_121-b13 14_Feb_2017_06_58 Mac OS X x64(SR4 FP1))
# Java VM: Java HotSpot(TM) 64-Bit Server VM (25.121-b13 mixed mode bsd-amd64 compressed oops)
# Problematic frame:
# C  [StartXD+0x11d3b]  _ZN8LongData9ParseDataEPvRi+0x5b
#
# Failed to write core dump. Core dumps have been disabled. To enable core dumping, try "ulimit -c unlimited" before starting Java again
#
# If you would like to submit a bug report, please visit:
#   http://bugreport.java.com/bugreport/crash.jsp
#

---------------  T H R E A D  ---------------

Current thread is native thread

siginfo: si_signo: 11 (SIGSEGV), si_code: 1 (SEGV_MAPERR), si_addr: 0x00007f8352400000

Registers:
RAX=0x0000000008d11b08, RBX=0x00007f8352400000, RCX=0x0000000000000000, RDX=0x0000000008000000
RSP=0x00007ffeed48bad0, RBP=0x00007ffeed48bb10, RSI=0x00000001745f2b00, RDI=0x00007ffeed48e3d0
R8 =0x000000000000054f, R9 =0x0000000000000360, R10=0x00007fff8dc0d2cc, R11=0x0000000000000246
R12=0x00007ffeed48e3d0, R13=0x00007ffeed48bae4, R14=0x000000001dcbc137, R15=0x00007ffeed48e3b8
RIP=0x0000000102782d3b, EFLAGS=0x0000000000010202, ERR=0x0000000000000004
  TRAPNO=0x000000000000000e

Top of Stack: (sp=0x00007ffeed48bad0)
0x00007ffeed48bad0:   0000000000000002 00007ffeed48bbf4
0x00007ffeed48bae0:   0000000000000001 00007ffeed48e390
0x00007ffeed48baf0:   00007ffeed48e390 0000000000000000
0x00007ffeed48bb00:   00007f83496ee4f0 00007f83496ee4f0
0x00007ffeed48bb10:   00007ffeed48bc20 0000000102a7a59f
0x00007ffeed48bb20:   fd00000070001002 00000001027bffff
0x00007ffeed48bb30:   00007ffeed48bbc0 00007fff54cde758
0x00007ffeed48bb40:   0000000000000000 0000000000000004
0x00007ffeed48bb50:   0000000000001400 0000000108ffba00
0x00007ffeed48bb60:   0000000000000002 0000000000000010
0x00007ffeed48bb70:   0000000000000001 00000001027b7080
0x00007ffeed48bb80:   00000001027b7080 0000000108ffce00
0x00007ffeed48bb90:   00000001027b6000 0000000000000004
0x00007ffeed48bba0:   0000000008ffe200 0000000000000000
0x00007ffeed48bbb0:   00007ffeed48bc60 0000000000000000
0x00007ffeed48bbc0:   00007fff8dc10000 0000000000000000
0x00007ffeed48bbd0:   00007ffeed48bc00 00007fff54cc7201
0x00007ffeed48bbe0:   0000000000000000 0000000000000000
0x00007ffeed48bbf0:   0000000000000000 00007ffeed48e390
0x00007ffeed48bc00:   00007ffeed48bc60 0000000000000000
0x00007ffeed48bc10:   00007f83496ee4f0 0000000000000000
0x00007ffeed48bc20:   00007ffeed48dc90 0000000102a739e9
0x00007ffeed48bc30:   0000000000000000 00007ffeed48e390
0x00007ffeed48bc40:   00007f834941e1b0 00007f83496ee4f0
0x00007ffeed48bc50:   0000000000000000 0000000000000000
0x00007ffeed48bc60:   0000000000000000 0000000000000000
0x00007ffeed48bc70:   0000000000000000 0000000000000000
0x00007ffeed48bc80:   0000000000000000 0000000000000000
0x00007ffeed48bc90:   0000000000000000 0000000000000000
0x00007ffeed48bca0:   0000000000000000 0000000000000000
0x00007ffeed48bcb0:   0000000000000000 0000000000000000
0x00007ffeed48bcc0:   0000000000000000 0000000000000000 

Instructions: (pc=0x0000000102782d3b)
0x0000000102782d1b:   41 ff ce 48 83 c3 04 4d 8d 67 18 b8 08 00 00 00
0x0000000102782d2b:   4c 8d 6d d4 eb 0a 41 ff ce 48 83 c3 04 83 c0 04
0x0000000102782d3b:   8b 0b 89 4d d4 41 89 47 10 4c 89 e7 4c 89 ee e8
0x0000000102782d4b:   4f 0a 00 00 41 8b 47 10 45 85 f6 75 d9 48 8b 55 

Register to memory mapping:

RAX=0x0000000008d11b08 is an unknown value
RBX=0x00007f8352400000 is an unknown value
RCX=0x0000000000000000 is an unknown value
RDX=0x0000000008000000 is an unknown value
RSP=0x00007ffeed48bad0 is an unknown value
RBP=0x00007ffeed48bb10 is an unknown value
RSI=0x00000001745f2b00 is an unknown value
RDI=0x00007ffeed48e3d0 is an unknown value
R8 =0x000000000000054f is an unknown value
R9 =0x0000000000000360 is an unknown value
R10=0x00007fff8dc0d2cc: mach_task_self_+0 in /usr/lib/system/libsystem_kernel.dylib at 0x00007fff54c53000
R11=0x0000000000000246 is an unknown value
R12=0x00007ffeed48e3d0 is an unknown value
R13=0x00007ffeed48bae4 is an unknown value
R14=0x000000001dcbc137 is an unknown value
R15=0x00007ffeed48e3b8 is an unknown value


Stack: [0x00007ffeecc8f000,0x00007ffeed48f000],  sp=0x00007ffeed48bad0,  free space=8178k
Native frames: (J=compiled Java code, j=interpreted, Vv=VM code, C=native code)
C  [StartXD+0x11d3b]  _ZN8LongData9ParseDataEPvRi+0x5b
C  [libspssdxcom.dylib+0x1259f]  _ZN8CleXDSmb8ParseBufEPv+0x4d
C  [libspssdxcom.dylib+0xb9e9]  _Z11ReceiveDataP16JavaPlugInSocketR8CleXDSmb+0xfa
C  [StartXD+0x25fe]  main+0xa6b
C  [libdyld.dylib+0x1115]  start+0x1


---------------  P R O C E S S  ---------------

VM state:not at safepoint (normal execution)

VM Mutex/Monitor currently owned by a thread: None

Heap:
 PSYoungGen      total 233472K, used 4592K [0x0000000795580000, 0x00000007acb00000, 0x00000007c0000000)
  eden space 232448K, 1% used [0x0000000795580000,0x00000007959fc028,0x00000007a3880000)
  from space 1024K, 0% used [0x00000007aca00000,0x00000007aca00000,0x00000007acb00000)
  to   space 3584K, 0% used [0x00000007ac400000,0x00000007ac400000,0x00000007ac780000)
 ParOldGen       total 175104K, used 20561K [0x0000000740000000, 0x000000074ab00000, 0x0000000795580000)
  object space 175104K, 11% used [0x0000000740000000,0x0000000741414460,0x000000074ab00000)
 Metaspace       used 20723K, capacity 21138K, committed 21248K, reserved 1069056K
  class space    used 2402K, capacity 2516K, committed 2560K, reserved 1048576K

Card table byte_map: [0x000000011ff22000,0x0000000120323000] byte_map_base: 0x000000011c522000

Marking Bits: (ParMarkBitMap*) 0x0000000110870d30
 Begin Bits: [0x00000001205ce000, 0x00000001225ce000)
 End Bits:   [0x00000001225ce000, 0x00000001245ce000)

Polling page: 0x0000000102a67000

CodeCache: size=245760Kb used=15375Kb max_used=16176Kb free=230384Kb
 bounds [0x0000000110f22000, 0x0000000111f22000, 0x000000011ff22000]
 total_blobs=4590 nmethods=4080 adapters=423
 compilation: enabled

Compilation events (10 events):
Event: 225.370 Thread 0x00007f834a087000 5234   !   4       org.exolab.castor.xml.validators.BooleanValidator::validate (79 bytes)
Event: 225.371 Thread 0x00007f834a087000 nmethod 5234 0x0000000111abe8d0 code [0x0000000111abea20, 0x0000000111abeb38]
Event: 225.374 Thread 0x00007f83498d9800 5235       4       java.lang.Boolean::toString (15 bytes)
Event: 225.375 Thread 0x00007f83498d9800 nmethod 5235 0x00000001110eaf50 code [0x00000001110eb0a0, 0x00000001110eb118]
Event: 225.395 Thread 0x00007f834b002000 5236   !   4       org.exolab.castor.xml.validators.DoubleValidator::validate (86 bytes)
Event: 225.395 Thread 0x00007f834a087000 5237       4       org.exolab.castor.xml.validators.DoubleValidator::validate (312 bytes)
Event: 225.396 Thread 0x00007f834a087000 nmethod 5237 0x0000000111122a90 code [0x0000000111122c00, 0x0000000111122e18]
Event: 225.408 Thread 0x00007f834b002000 nmethod 5236 0x0000000111892790 code [0x00000001118929c0, 0x0000000111893450]
Event: 225.431 Thread 0x00007f83498d9800 5238       4       java.nio.CharBuffer::<init> (22 bytes)
Event: 225.481 Thread 0x00007f83498d9800 nmethod 5238 0x000000011104e690 code [0x000000011104e800, 0x000000011104ea38]

GC Heap History (10 events):
Event: 224.723 GC heap before
{Heap before GC invocations=148 (full 11):
 PSYoungGen      total 263680K, used 263648K [0x0000000795580000, 0x00000007ad200000, 0x00000007c0000000)
  eden space 261632K, 100% used [0x0000000795580000,0x00000007a5500000,0x00000007a5500000)
  from space 2048K, 98% used [0x00000007ad000000,0x00000007ad1f8000,0x00000007ad200000)
  to   space 3584K, 0% used [0x00000007acb00000,0x00000007acb00000,0x00000007ace80000)
 ParOldGen       total 175104K, used 27907K [0x0000000740000000, 0x000000074ab00000, 0x0000000795580000)
  object space 175104K, 15% used [0x0000000740000000,0x0000000741b40e00,0x000000074ab00000)
 Metaspace       used 20723K, capacity 21138K, committed 21248K, reserved 1069056K
  class space    used 2402K, capacity 2516K, committed 2560K, reserved 1048576K
Event: 224.725 GC heap after
Heap after GC invocations=148 (full 11):
 PSYoungGen      total 253440K, used 2048K [0x0000000795580000, 0x00000007ad080000, 0x00000007c0000000)
  eden space 251392K, 0% used [0x0000000795580000,0x0000000795580000,0x00000007a4b00000)
  from space 2048K, 100% used [0x00000007acb00000,0x00000007acd00000,0x00000007acd00000)
  to   space 3584K, 0% used [0x00000007acd00000,0x00000007acd00000,0x00000007ad080000)
 ParOldGen       total 175104K, used 27995K [0x0000000740000000, 0x000000074ab00000, 0x0000000795580000)
  object space 175104K, 15% used [0x0000000740000000,0x0000000741b56e00,0x000000074ab00000)
 Metaspace       used 20723K, capacity 21138K, committed 21248K, reserved 1069056K
  class space    used 2402K, capacity 2516K, committed 2560K, reserved 1048576K
}
Event: 224.993 GC heap before
{Heap before GC invocations=149 (full 11):
 PSYoungGen      total 253440K, used 253440K [0x0000000795580000, 0x00000007ad080000, 0x00000007c0000000)
  eden space 251392K, 100% used [0x0000000795580000,0x00000007a4b00000,0x00000007a4b00000)
  from space 2048K, 100% used [0x00000007acb00000,0x00000007acd00000,0x00000007acd00000)
  to   space 3584K, 0% used [0x00000007acd00000,0x00000007acd00000,0x00000007ad080000)
 ParOldGen       total 175104K, used 27995K [0x0000000740000000, 0x000000074ab00000, 0x0000000795580000)
  object space 175104K, 15% used [0x0000000740000000,0x0000000741b56e00,0x000000074ab00000)
 Metaspace       used 20723K, capacity 21138K, committed 21248K, reserved 1069056K
  class space    used 2402K, capacity 2516K, committed 2560K, reserved 1048576K
Event: 224.995 GC heap after
Heap after GC invocations=149 (full 11):
 PSYoungGen      total 243712K, used 1984K [0x0000000795580000, 0x00000007acf00000, 0x00000007c0000000)
  eden space 241664K, 0% used [0x0000000795580000,0x0000000795580000,0x00000007a4180000)
  from space 2048K, 96% used [0x00000007acd00000,0x00000007acef0000,0x00000007acf00000)
  to   space 3584K, 0% used [0x00000007ac800000,0x00000007ac800000,0x00000007acb80000)
 ParOldGen       total 175104K, used 28059K [0x0000000740000000, 0x000000074ab00000, 0x0000000795580000)
  object space 175104K, 16% used [0x0000000740000000,0x0000000741b66e00,0x000000074ab00000)
 Metaspace       used 20723K, capacity 21138K, committed 21248K, reserved 1069056K
  class space    used 2402K, capacity 2516K, committed 2560K, reserved 1048576K
}
Event: 225.247 GC heap before
{Heap before GC invocations=150 (full 11):
 PSYoungGen      total 243712K, used 243648K [0x0000000795580000, 0x00000007acf00000, 0x00000007c0000000)
  eden space 241664K, 100% used [0x0000000795580000,0x00000007a4180000,0x00000007a4180000)
  from space 2048K, 96% used [0x00000007acd00000,0x00000007acef0000,0x00000007acf00000)
  to   space 3584K, 0% used [0x00000007ac800000,0x00000007ac800000,0x00000007acb80000)
 ParOldGen       total 175104K, used 28059K [0x0000000740000000, 0x000000074ab00000, 0x0000000795580000)
  object space 175104K, 16% used [0x0000000740000000,0x0000000741b66e00,0x000000074ab00000)
 Metaspace       used 20723K, capacity 21138K, committed 21248K, reserved 1069056K
  class space    used 2402K, capacity 2516K, committed 2560K, reserved 1048576K
Event: 225.249 GC heap after
Heap after GC invocations=150 (full 11):
 PSYoungGen      total 234496K, used 1792K [0x0000000795580000, 0x00000007acd80000, 0x00000007c0000000)
  eden space 232448K, 0% used [0x0000000795580000,0x0000000795580000,0x00000007a3880000)
  from space 2048K, 87% used [0x00000007ac800000,0x00000007ac9c0000,0x00000007aca00000)
  to   space 3584K, 0% used [0x00000007aca00000,0x00000007aca00000,0x00000007acd80000)
 ParOldGen       total 175104K, used 28114K [0x0000000740000000, 0x000000074ab00000, 0x0000000795580000)
  object space 175104K, 16% used [0x0000000740000000,0x0000000741b749f8,0x000000074ab00000)
 Metaspace       used 20723K, capacity 21138K, committed 21248K, reserved 1069056K
  class space    used 2402K, capacity 2516K, committed 2560K, reserved 1048576K
}
Event: 225.431 GC heap before
{Heap before GC invocations=151 (full 11):
 PSYoungGen      total 234496K, used 154821K [0x0000000795580000, 0x00000007acd80000, 0x00000007c0000000)
  eden space 232448K, 65% used [0x0000000795580000,0x000000079eaf16d8,0x00000007a3880000)
  from space 2048K, 87% used [0x00000007ac800000,0x00000007ac9c0000,0x00000007aca00000)
  to   space 3584K, 0% used [0x00000007aca00000,0x00000007aca00000,0x00000007acd80000)
 ParOldGen       total 175104K, used 28114K [0x0000000740000000, 0x000000074ab00000, 0x0000000795580000)
  object space 175104K, 16% used [0x0000000740000000,0x0000000741b749f8,0x000000074ab00000)
 Metaspace       used 20723K, capacity 21138K, committed 21248K, reserved 1069056K
  class space    used 2402K, capacity 2516K, committed 2560K, reserved 1048576K
Event: 225.433 GC heap after
Heap after GC invocations=151 (full 11):
 PSYoungGen      total 233472K, used 992K [0x0000000795580000, 0x00000007acb00000, 0x00000007c0000000)
  eden space 232448K, 0% used [0x0000000795580000,0x0000000795580000,0x00000007a3880000)
  from space 1024K, 96% used [0x00000007aca00000,0x00000007acaf8000,0x00000007acb00000)
  to   space 3584K, 0% used [0x00000007ac400000,0x00000007ac400000,0x00000007ac780000)
 ParOldGen       total 175104K, used 28218K [0x0000000740000000, 0x000000074ab00000, 0x0000000795580000)
  object space 175104K, 16% used [0x0000000740000000,0x0000000741b8e9f8,0x000000074ab00000)
 Metaspace       used 20723K, capacity 21138K, committed 21248K, reserved 1069056K
  class space    used 2402K, capacity 2516K, committed 2560K, reserved 1048576K
}
Event: 225.433 GC heap before
{Heap before GC invocations=152 (full 12):
 PSYoungGen      total 233472K, used 992K [0x0000000795580000, 0x00000007acb00000, 0x00000007c0000000)
  eden space 232448K, 0% used [0x0000000795580000,0x0000000795580000,0x00000007a3880000)
  from space 1024K, 96% used [0x00000007aca00000,0x00000007acaf8000,0x00000007acb00000)
  to   space 3584K, 0% used [0x00000007ac400000,0x00000007ac400000,0x00000007ac780000)
 ParOldGen       total 175104K, used 28218K [0x0000000740000000, 0x000000074ab00000, 0x0000000795580000)
  object space 175104K, 16% used [0x0000000740000000,0x0000000741b8e9f8,0x000000074ab00000)
 Metaspace       used 20723K, capacity 21138K, committed 21248K, reserved 1069056K
  class space    used 2402K, capacity 2516K, committed 2560K, reserved 1048576K
Event: 225.481 GC heap after
Heap after GC invocations=152 (full 12):
 PSYoungGen      total 233472K, used 0K [0x0000000795580000, 0x00000007acb00000, 0x00000007c0000000)
  eden space 232448K, 0% used [0x0000000795580000,0x0000000795580000,0x00000007a3880000)
  from space 1024K, 0% used [0x00000007aca00000,0x00000007aca00000,0x00000007acb00000)
  to   space 3584K, 0% used [0x00000007ac400000,0x00000007ac400000,0x00000007ac780000)
 ParOldGen       total 175104K, used 20561K [0x0000000740000000, 0x000000074ab00000, 0x0000000795580000)
  object space 175104K, 11% used [0x0000000740000000,0x0000000741414460,0x000000074ab00000)
 Metaspace       used 20723K, capacity 21138K, committed 21248K, reserved 1069056K
  class space    used 2402K, capacity 2516K, committed 2560K, reserved 1048576K
}

Deoptimization events (10 events):
Event: 24.449 Thread 0x00007f8349803000 Uncommon trap: reason=class_check action=maybe_recompile pc=0x0000000111670920 method=java.util.regex.Pattern$CharProperty.study(Ljava/util/regex/Pattern$TreeInfo;)Z @ 25
Event: 32.188 Thread 0x00007f8349803000 Uncommon trap: reason=unstable_if action=reinterpret pc=0x0000000111dd6364 method=sun.misc.FDBigInteger.cmp(Lsun/misc/FDBigInteger;)I @ 29
Event: 43.309 Thread 0x00007f8349803000 Uncommon trap: reason=unstable_if action=reinterpret pc=0x00000001116d5e10 method=sun.misc.FloatingDecimal$BinaryToASCIIBuffer.dtoa(IJIZ)V @ 806
Event: 57.528 Thread 0x00007f8349803000 Uncommon trap: reason=null_check action=make_not_entrant pc=0x0000000111e7d988 method=org.exolab.castor.xml.UnmarshalHandler.startElement(Ljava/lang/String;Ljava/lang/String;Lorg/exolab/castor/xml/AttributeSet;)V @ 4368
Event: 81.226 Thread 0x00007f8349803000 Uncommon trap: reason=unstable_if action=reinterpret pc=0x0000000111cddd10 method=java.math.BigDecimal.<init>([CIILjava/math/MathContext;)V @ 169
Event: 84.001 Thread 0x00007f8349803000 Uncommon trap: reason=unstable_if action=reinterpret pc=0x0000000111ea0c1c method=java.io.BufferedWriter.write(I)V @ 19
Event: 99.277 Thread 0x00007f8349803000 Uncommon trap: reason=unstable_if action=reinterpret pc=0x0000000111b3a560 method=com.spss.officeopenxml.excel2007.WorksheetRows$WorksheetRowsIterator.getNextRowFromRawBuffer()Z @ 287
Event: 148.633 Thread 0x00007f8349803000 Uncommon trap: reason=unstable_if action=reinterpret pc=0x0000000111d79d40 method=java.io.ExpiringCache.entryFor(Ljava/lang/String;)Ljava/io/ExpiringCache$Entry; @ 39
Event: 148.663 Thread 0x00007f8349803000 Uncommon trap: reason=unstable_if action=reinterpret pc=0x0000000111a5d358 method=java.io.ExpiringCache.entryFor(Ljava/lang/String;)Ljava/io/ExpiringCache$Entry; @ 39
Event: 151.525 Thread 0x00007f8349803000 Uncommon trap: reason=unstable_if action=reinterpret pc=0x0000000111e3c80c method=java.io.BufferedWriter.write(I)V @ 19

Internal exceptions (10 events):
Event: 43.135 Thread 0x00007f8349803000 Exception <a 'java/io/FileNotFoundException'> (0x00000007a151ab20) thrown at [/Users/java_re/workspace/8-2-build-macosx-x86_64/jdk8u121/8372/hotspot/src/share/vm/prims/jni.cpp, line 709]
Event: 54.493 Thread 0x00007f8349803000 Exception <a 'java/io/FileNotFoundException'> (0x00000007a20d0d28) thrown at [/Users/java_re/workspace/8-2-build-macosx-x86_64/jdk8u121/8372/hotspot/src/share/vm/prims/jni.cpp, line 709]
Event: 57.528 Thread 0x00007f8349803000 Implicit null exception at 0x0000000111e7a357 to 0x0000000111e7d97d
Event: 65.705 Thread 0x00007f8349803000 Exception <a 'java/io/FileNotFoundException'> (0x00000007a1d8ab30) thrown at [/Users/java_re/workspace/8-2-build-macosx-x86_64/jdk8u121/8372/hotspot/src/share/vm/prims/jni.cpp, line 709]
Event: 81.058 Thread 0x00007f8349803000 Exception <a 'java/io/FileNotFoundException'> (0x000000079fede1a8) thrown at [/Users/java_re/workspace/8-2-build-macosx-x86_64/jdk8u121/8372/hotspot/src/share/vm/prims/jni.cpp, line 709]
Event: 96.433 Thread 0x00007f8349803000 Exception <a 'java/io/FileNotFoundException'> (0x00000007a2034e30) thrown at [/Users/java_re/workspace/8-2-build-macosx-x86_64/jdk8u121/8372/hotspot/src/share/vm/prims/jni.cpp, line 709]
Event: 111.660 Thread 0x00007f8349803000 Exception <a 'java/io/FileNotFoundException'> (0x0000000798210d88) thrown at [/Users/java_re/workspace/8-2-build-macosx-x86_64/jdk8u121/8372/hotspot/src/share/vm/prims/jni.cpp, line 709]
Event: 148.632 Thread 0x00007f8349803000 Exception <a 'java/io/FileNotFoundException'> (0x0000000799873a78) thrown at [/Users/java_re/workspace/8-2-build-macosx-x86_64/jdk8u121/8372/hotspot/src/share/vm/prims/jni.cpp, line 709]
Event: 185.851 Thread 0x00007f8349803000 Exception <a 'java/io/FileNotFoundException'> (0x0000000797bf7e20) thrown at [/Users/java_re/workspace/8-2-build-macosx-x86_64/jdk8u121/8372/hotspot/src/share/vm/prims/jni.cpp, line 709]
Event: 222.906 Thread 0x00007f8349803000 Exception <a 'java/io/FileNotFoundException'> (0x00000007a2f41960) thrown at [/Users/java_re/workspace/8-2-build-macosx-x86_64/jdk8u121/8372/hotspot/src/share/vm/prims/jni.cpp, line 709]

Events (10 events):
Event: 225.427 loading class org/openxmlformats/schemas/spreadsheetml/_2006/main/WorkbookViewDescriptor
Event: 225.427 loading class org/openxmlformats/schemas/spreadsheetml/_2006/main/WorkbookViewDescriptor done
Event: 225.428 loading class org/openxmlformats/schemas/spreadsheetml/_2006/main/SheetsDescriptor
Event: 225.428 loading class org/openxmlformats/schemas/spreadsheetml/_2006/main/SheetsDescriptor done
Event: 225.429 loading class org/openxmlformats/schemas/spreadsheetml/_2006/main/SheetDescriptor
Event: 225.429 loading class org/openxmlformats/schemas/spreadsheetml/_2006/main/SheetDescriptor done
Event: 225.430 loading class org/openxmlformats/schemas/spreadsheetml/_2006/main/CalcPrDescriptor
Event: 225.430 loading class org/openxmlformats/schemas/spreadsheetml/_2006/main/CalcPrDescriptor done
Event: 225.431 Executing VM operation: ParallelGCSystemGC
Event: 225.481 Executing VM operation: ParallelGCSystemGC done


Dynamic libraries:
0x0000000005888000 	/System/Library/Frameworks/CoreFoundation.framework/Versions/A/CoreFoundation
0x0000000005888000 	/System/Library/Frameworks/IOKit.framework/Versions/A/IOKit
0x0000000005888000 	/usr/lib/libstdc++.6.0.9.dylib
0x0000000102795000 	/Applications/IBM/SPSS/Statistics/25/SPSSStatistics.app/Contents/lib/libtempdir.dylib
0x00000001027bb000 	/Applications/IBM/SPSS/Statistics/25/SPSSStatistics.app/Contents/lib/libspssxd.dylib
0x0000000102a68000 	/Applications/IBM/SPSS/Statistics/25/SPSSStatistics.app/Contents/lib/libspssdxcom.dylib
0x0000000102aad000 	/Applications/IBM/SPSS/Statistics/25/SPSSStatistics.app/Contents/common/ext/bin/spss.common/libscorelib850r.dylib
0x0000000102baf000 	/Applications/IBM/SPSS/Statistics/25/SPSSStatistics.app/Contents/common/ext/bin/spss.common/libGeneralRegressionModel850r.dylib
0x0000000102c25000 	/Applications/IBM/SPSS/Statistics/25/SPSSStatistics.app/Contents/common/ext/bin/spss.common/libdiscriminant-model850r.dylib
0x0000000005888000 	/usr/lib/libSystem.B.dylib
0x0000000005888000 	/usr/lib/libDiagnosticMessagesClient.dylib
0x0000000005888000 	/usr/lib/libicucore.A.dylib
0x0000000005888000 	/usr/lib/libobjc.A.dylib
0x0000000005888000 	/usr/lib/libz.1.dylib
0x0000000005888000 	/usr/lib/system/libcache.dylib
0x0000000005888000 	/usr/lib/system/libcommonCrypto.dylib
0x0000000005888000 	/usr/lib/system/libcompiler_rt.dylib
0x0000000005888000 	/usr/lib/system/libcopyfile.dylib
0x0000000005888000 	/usr/lib/system/libcorecrypto.dylib
0x0000000005888000 	/usr/lib/system/libdispatch.dylib
0x0000000005888000 	/usr/lib/system/libdyld.dylib
0x0000000005888000 	/usr/lib/system/libkeymgr.dylib
0x0000000005888000 	/usr/lib/system/liblaunch.dylib
0x0000000005888000 	/usr/lib/system/libmacho.dylib
0x0000000005888000 	/usr/lib/system/libquarantine.dylib
0x0000000005888000 	/usr/lib/system/libremovefile.dylib
0x0000000005888000 	/usr/lib/system/libsystem_asl.dylib
0x0000000005888000 	/usr/lib/system/libsystem_blocks.dylib
0x0000000005888000 	/usr/lib/system/libsystem_c.dylib
0x0000000005888000 	/usr/lib/system/libsystem_configuration.dylib
0x0000000005888000 	/usr/lib/system/libsystem_coreservices.dylib
0x0000000005888000 	/usr/lib/system/libsystem_darwin.dylib
0x0000000005888000 	/usr/lib/system/libsystem_dnssd.dylib
0x0000000005888000 	/usr/lib/system/libsystem_info.dylib
0x0000000005888000 	/usr/lib/system/libsystem_m.dylib
0x0000000005888000 	/usr/lib/system/libsystem_malloc.dylib
0x0000000005888000 	/usr/lib/system/libsystem_network.dylib
0x0000000005888000 	/usr/lib/system/libsystem_networkextension.dylib
0x0000000005888000 	/usr/lib/system/libsystem_notify.dylib
0x0000000005888000 	/usr/lib/system/libsystem_sandbox.dylib
0x0000000005888000 	/usr/lib/system/libsystem_secinit.dylib
0x0000000005888000 	/usr/lib/system/libsystem_kernel.dylib
0x0000000005888000 	/usr/lib/system/libsystem_platform.dylib
0x0000000005888000 	/usr/lib/system/libsystem_pthread.dylib
0x0000000005888000 	/usr/lib/system/libsystem_symptoms.dylib
0x0000000005888000 	/usr/lib/system/libsystem_trace.dylib
0x0000000005888000 	/usr/lib/system/libunwind.dylib
0x0000000005888000 	/usr/lib/system/libxpc.dylib
0x0000000005888000 	/usr/lib/closure/libclosured.dylib
0x0000000005888000 	/usr/lib/libc++abi.dylib
0x0000000005888000 	/usr/lib/libc++.1.dylib
0x0000000005888000 	/usr/lib/libenergytrace.dylib
0x0000000005888000 	/usr/lib/libbsm.0.dylib
0x0000000005888000 	/usr/lib/system/libkxld.dylib
0x0000000102c4a000 	/Applications/IBM/SPSS/Statistics/25/SPSSStatistics.app/Contents/lib/libifcoremt.dylib
0x0000000102dc5000 	/Applications/IBM/SPSS/Statistics/25/SPSSStatistics.app/Contents/lib/libimf.dylib
0x00000001030e8000 	/Applications/IBM/SPSS/Statistics/25/SPSSStatistics.app/Contents/lib/libsvml.dylib
0x0000000103be1000 	/Applications/IBM/SPSS/Statistics/25/SPSSStatistics.app/Contents/lib/libintlc.dylib
0x0000000103c2e000 	/Applications/IBM/SPSS/Statistics/25/SPSSStatistics.app/Contents/lib/libplatdep.dylib
0x0000000103c79000 	/Applications/IBM/SPSS/Statistics/25/SPSSStatistics.app/Contents/lib/libgsk8iccs.dylib
0x0000000103cef000 	/Applications/IBM/SPSS/Statistics/25/SPSSStatistics.app/Contents/lib/libsockbsd.dylib
0x0000000103cff000 	/Applications/IBM/SPSS/Statistics/25/SPSSStatistics.app/Contents/lib/libsfthread.dylib
0x0000000103d14000 	/Applications/IBM/SPSS/Statistics/25/SPSSStatistics.app/Contents/lib/libvserial.dylib
0x0000000103d31000 	/Applications/IBM/SPSS/Statistics/25/SPSSStatistics.app/Contents/lib/libvutility.dylib
0x0000000103d3a000 	/Applications/IBM/SPSS/Statistics/25/SPSSStatistics.app/Contents/lib/libicuuc.51.2.dylib
0x0000000103f16000 	/Applications/IBM/SPSS/Statistics/25/SPSSStatistics.app/Contents/lib/libicui18n.51.2.dylib
0x00000001041e7000 	/Applications/IBM/SPSS/Statistics/25/SPSSStatistics.app/Contents/lib/libxerces-c-3.1.dylib
0x00000001045c7000 	/Applications/IBM/SPSS/Statistics/25/SPSSStatistics.app/Contents/lib/libicudata.51.2.dylib
0x0000000105b1a000 	/Applications/IBM/SPSS/Statistics/25/SPSSStatistics.app/Contents/lib/libspsswlib.dylib
0x0000000107ee4000 	/Applications/IBM/SPSS/Statistics/25/SPSSStatistics.app/Contents/lib/libcpuinfo.dylib
0x0000000107eeb000 	/Applications/IBM/SPSS/Statistics/25/SPSSStatistics.app/Contents/lib/libomcell.dylib
0x0000000107f0e000 	/Applications/IBM/SPSS/Statistics/25/SPSSStatistics.app/Contents/lib/libomfactry.dylib
0x0000000107fb5000 	/Applications/IBM/SPSS/Statistics/25/SPSSStatistics.app/Contents/lib/libomtree.dylib
0x0000000107ff6000 	/Applications/IBM/SPSS/Statistics/25/SPSSStatistics.app/Contents/lib/libomxxml.dylib
0x0000000108034000 	/Applications/IBM/SPSS/Statistics/25/SPSSStatistics.app/Contents/lib/libomxsav.dylib
0x000000010804b000 	/Applications/IBM/SPSS/Statistics/25/SPSSStatistics.app/Contents/lib/libomxhtml.dylib
0x0000000108075000 	/Applications/IBM/SPSS/Statistics/25/SPSSStatistics.app/Contents/lib/libomxtext.dylib
0x000000010809c000 	/Applications/IBM/SPSS/Statistics/25/SPSSStatistics.app/Contents/lib/libomxspv.dylib
0x00000001080a6000 	/Applications/IBM/SPSS/Statistics/25/SPSSStatistics.app/Contents/lib/libspssjni.dylib
0x00000001080b0000 	/Applications/IBM/SPSS/Statistics/25/SPSSStatistics.app/Contents/lib/libspssjvm.dylib
0x00000001080c2000 	/Applications/IBM/SPSS/Statistics/25/SPSSStatistics.app/Contents/lib/libvizedit.dylib
0x00000001080e8000 	/Applications/IBM/SPSS/Statistics/25/SPSSStatistics.app/Contents/lib/libtransspc.dylib
0x000000010811c000 	/Applications/IBM/SPSS/Statistics/25/SPSSStatistics.app/Contents/lib/libdedstore.dylib
0x000000010813c000 	/Applications/IBM/SPSS/Statistics/25/SPSSStatistics.app/Contents/lib/libsvrdmgr.dylib
0x0000000108163000 	/Applications/IBM/SPSS/Statistics/25/SPSSStatistics.app/Contents/lib/libdatasrc.dylib
0x0000000108208000 	/Applications/IBM/SPSS/Statistics/25/SPSSStatistics.app/Contents/lib/libsvrerrs.dylib
0x0000000108211000 	/Applications/IBM/SPSS/Statistics/25/SPSSStatistics.app/Contents/lib/libspssdemg.dylib
0x000000010825b000 	/Applications/IBM/SPSS/Statistics/25/SPSSStatistics.app/Contents/lib/libcpputil.dylib
0x0000000108296000 	/Applications/IBM/SPSS/Statistics/25/SPSSStatistics.app/Contents/lib/libstrtable.dylib
0x00000000d02ac000 	/Applications/IBM/SPSS/Statistics/25/SPSSStatistics.app/Contents/lib/libxalan-c.111.0.dylib
0x00000001088f9000 	/Applications/IBM/SPSS/Statistics/25/SPSSStatistics.app/Contents/lib/libchartutl.dylib
0x0000000108a04000 	/Applications/IBM/SPSS/Statistics/25/SPSSStatistics.app/Contents/lib/libspssmsgs.dylib
0x0000000108a0f000 	/Applications/IBM/SPSS/Statistics/25/SPSSStatistics.app/Contents/lib/libvizchart.dylib
0x0000000108c36000 	/Applications/IBM/SPSS/Statistics/25/SPSSStatistics.app/Contents/lib/libzlib1211spss.dylib
0x0000000108c6a000 	/Applications/IBM/SPSS/Statistics/25/SPSSStatistics.app/Contents/lib/libindutil.dylib
0x00000000c8c78000 	/Applications/IBM/SPSS/Statistics/25/SPSSStatistics.app/Contents/lib/libxalanMsg.111.0.dylib
0x0000000108c8b000 	/Applications/IBM/SPSS/Statistics/25/SPSSStatistics.app/Contents/lib/libspssiocv.dylib
0x0000000108cc6000 	/Applications/IBM/SPSS/Statistics/25/SPSSStatistics.app/Contents/lib/libreadonly.dylib
0x0000000108ccf000 	/Applications/IBM/SPSS/Statistics/25/SPSSStatistics.app/Contents/lib/libtmsutil.dylib
0x0000000108cd8000 	/Applications/IBM/SPSS/Statistics/25/SPSSStatistics.app/Contents/lib/libcvtrans.dylib
0x0000000068d1b000 	/Applications/IBM/SPSS/Statistics/25/SPSSStatistics.app/Contents/Library/Frameworks/Sentinel.framework/Versions/A/Sentinel
0x0000000108d35000 	/Applications/IBM/SPSS/Statistics/25/SPSSStatistics.app/Contents/Library/Frameworks/SuperPro.framework/Versions/A/SuperPro
0x0000000108d4c000 	/Applications/IBM/SPSS/Statistics/25/SPSSStatistics.app/Contents/lib/libcmddata.dylib
0x0000000108d56000 	/Applications/IBM/SPSS/Statistics/25/SPSSStatistics.app/Contents/lib/libmcbstsps.dylib
0x0000000005888000 	/usr/lib/libiconv.2.dylib
0x0000000005888000 	/System/Library/Frameworks/CoreServices.framework/Versions/A/CoreServices
0x0000000005888000 	/System/Library/Frameworks/CFNetwork.framework/Versions/A/CFNetwork
0x0000000005888000 	/System/Library/Frameworks/CoreServices.framework/Versions/A/Frameworks/FSEvents.framework/Versions/A/FSEvents
0x0000000005888000 	/System/Library/Frameworks/CoreServices.framework/Versions/A/Frameworks/CarbonCore.framework/Versions/A/CarbonCore
0x0000000005888000 	/System/Library/Frameworks/CoreServices.framework/Versions/A/Frameworks/Metadata.framework/Versions/A/Metadata
0x0000000005888000 	/System/Library/Frameworks/CoreServices.framework/Versions/A/Frameworks/OSServices.framework/Versions/A/OSServices
0x0000000005888000 	/System/Library/Frameworks/CoreServices.framework/Versions/A/Frameworks/SearchKit.framework/Versions/A/SearchKit
0x0000000005888000 	/System/Library/Frameworks/CoreServices.framework/Versions/A/Frameworks/AE.framework/Versions/A/AE
0x0000000005888000 	/System/Library/Frameworks/CoreServices.framework/Versions/A/Frameworks/LaunchServices.framework/Versions/A/LaunchServices
0x0000000005888000 	/System/Library/Frameworks/CoreServices.framework/Versions/A/Frameworks/DictionaryServices.framework/Versions/A/DictionaryServices
0x0000000005888000 	/System/Library/Frameworks/CoreServices.framework/Versions/A/Frameworks/SharedFileList.framework/Versions/A/SharedFileList
0x0000000005888000 	/usr/lib/libauto.dylib
0x0000000005888000 	/System/Library/Frameworks/SystemConfiguration.framework/Versions/A/SystemConfiguration
0x0000000005888000 	/System/Library/Frameworks/Security.framework/Versions/A/Security
0x0000000005888000 	/usr/lib/libsqlite3.dylib
0x0000000005888000 	/usr/lib/libxml2.2.dylib
0x0000000005888000 	/usr/lib/libnetwork.dylib
0x0000000005888000 	/usr/lib/libapple_nghttp2.dylib
0x0000000005888000 	/usr/lib/libpcap.A.dylib
0x0000000005888000 	/usr/lib/libboringssl.dylib
0x0000000005888000 	/usr/lib/libusrtcp.dylib
0x0000000005888000 	/usr/lib/libcoretls.dylib
0x0000000005888000 	/usr/lib/libcoretls_cfhelpers.dylib
0x0000000005888000 	/usr/lib/libapple_crypto.dylib
0x0000000005888000 	/System/Library/Frameworks/Foundation.framework/Versions/C/Foundation
0x0000000005888000 	/usr/lib/libOpenScriptingUtil.dylib
0x0000000005888000 	/usr/lib/libpam.2.dylib
0x0000000005888000 	/usr/lib/libxar.1.dylib
0x0000000005888000 	/System/Library/Frameworks/DiskArbitration.framework/Versions/A/DiskArbitration
0x0000000005888000 	/usr/lib/libarchive.2.dylib
0x0000000005888000 	/usr/lib/liblangid.dylib
0x0000000005888000 	/usr/lib/libCRFSuite.dylib
0x0000000005888000 	/usr/lib/libbz2.1.0.dylib
0x0000000005888000 	/usr/lib/liblzma.5.dylib
0x0000000005888000 	/System/Library/Frameworks/NetFS.framework/Versions/A/NetFS
0x0000000005888000 	/System/Library/PrivateFrameworks/NetAuth.framework/Versions/A/NetAuth
0x0000000005888000 	/System/Library/PrivateFrameworks/login.framework/Versions/A/Frameworks/loginsupport.framework/Versions/A/loginsupport
0x0000000005888000 	/System/Library/PrivateFrameworks/TCC.framework/Versions/A/TCC
0x0000000005888000 	/usr/lib/libmecabra.dylib
0x0000000005888000 	/System/Library/Frameworks/ApplicationServices.framework/Versions/A/ApplicationServices
0x0000000005888000 	/System/Library/Frameworks/CoreGraphics.framework/Versions/A/CoreGraphics
0x0000000005888000 	/System/Library/Frameworks/CoreText.framework/Versions/A/CoreText
0x0000000005888000 	/System/Library/Frameworks/ImageIO.framework/Versions/A/ImageIO
0x0000000005888000 	/System/Library/Frameworks/ColorSync.framework/Versions/A/ColorSync
0x0000000005888000 	/System/Library/Frameworks/ApplicationServices.framework/Versions/A/Frameworks/ATS.framework/Versions/A/ATS
0x0000000005888000 	/System/Library/Frameworks/ApplicationServices.framework/Versions/A/Frameworks/ColorSyncLegacy.framework/Versions/A/ColorSyncLegacy
0x0000000005888000 	/System/Library/Frameworks/ApplicationServices.framework/Versions/A/Frameworks/HIServices.framework/Versions/A/HIServices
0x0000000005888000 	/System/Library/Frameworks/ApplicationServices.framework/Versions/A/Frameworks/LangAnalysis.framework/Versions/A/LangAnalysis
0x0000000005888000 	/System/Library/Frameworks/ApplicationServices.framework/Versions/A/Frameworks/PrintCore.framework/Versions/A/PrintCore
0x0000000005888000 	/System/Library/Frameworks/ApplicationServices.framework/Versions/A/Frameworks/QD.framework/Versions/A/QD
0x0000000005888000 	/System/Library/Frameworks/ApplicationServices.framework/Versions/A/Frameworks/SpeechSynthesis.framework/Versions/A/SpeechSynthesis
0x0000000005888000 	/System/Library/PrivateFrameworks/SkyLight.framework/Versions/A/SkyLight
0x0000000005888000 	/System/Library/Frameworks/Accelerate.framework/Versions/A/Accelerate
0x0000000005888000 	/System/Library/Frameworks/CoreDisplay.framework/Versions/A/CoreDisplay
0x0000000005888000 	/System/Library/Frameworks/IOSurface.framework/Versions/A/IOSurface
0x0000000005888000 	/System/Library/Frameworks/Metal.framework/Versions/A/Metal
0x0000000005888000 	/System/Library/PrivateFrameworks/MultitouchSupport.framework/Versions/A/MultitouchSupport
0x0000000005888000 	/System/Library/Frameworks/QuartzCore.framework/Versions/A/QuartzCore
0x0000000005888000 	/System/Library/Frameworks/Accelerate.framework/Versions/A/Frameworks/vImage.framework/Versions/A/vImage
0x0000000005888000 	/System/Library/Frameworks/Accelerate.framework/Versions/A/Frameworks/vecLib.framework/Versions/A/vecLib
0x0000000005888000 	/System/Library/Frameworks/Accelerate.framework/Versions/A/Frameworks/vecLib.framework/Versions/A/libvDSP.dylib
0x0000000005888000 	/System/Library/Frameworks/Accelerate.framework/Versions/A/Frameworks/vecLib.framework/Versions/A/libBNNS.dylib
0x0000000005888000 	/System/Library/Frameworks/Accelerate.framework/Versions/A/Frameworks/vecLib.framework/Versions/A/libQuadrature.dylib
0x0000000005888000 	/System/Library/Frameworks/Accelerate.framework/Versions/A/Frameworks/vecLib.framework/Versions/A/libvMisc.dylib
0x0000000005888000 	/System/Library/Frameworks/Accelerate.framework/Versions/A/Frameworks/vecLib.framework/Versions/A/libLAPACK.dylib
0x0000000005888000 	/System/Library/Frameworks/Accelerate.framework/Versions/A/Frameworks/vecLib.framework/Versions/A/libBLAS.dylib
0x0000000005888000 	/System/Library/Frameworks/Accelerate.framework/Versions/A/Frameworks/vecLib.framework/Versions/A/libLinearAlgebra.dylib
0x0000000005888000 	/System/Library/Frameworks/Accelerate.framework/Versions/A/Frameworks/vecLib.framework/Versions/A/libSparse.dylib
0x0000000005888000 	/System/Library/Frameworks/Accelerate.framework/Versions/A/Frameworks/vecLib.framework/Versions/A/libSparseBLAS.dylib
0x0000000005888000 	/System/Library/PrivateFrameworks/IOAccelerator.framework/Versions/A/IOAccelerator
0x0000000005888000 	/System/Library/PrivateFrameworks/IOPresentment.framework/Versions/A/IOPresentment
0x0000000005888000 	/System/Library/PrivateFrameworks/DSExternalDisplay.framework/Versions/A/DSExternalDisplay
0x0000000005888000 	/System/Library/Frameworks/OpenGL.framework/Versions/A/Libraries/libCoreFSCache.dylib
0x0000000005888000 	/System/Library/Frameworks/CoreImage.framework/Versions/A/CoreImage
0x0000000005888000 	/System/Library/Frameworks/CoreVideo.framework/Versions/A/CoreVideo
0x0000000005888000 	/System/Library/Frameworks/OpenGL.framework/Versions/A/OpenGL
0x0000000005888000 	/System/Library/PrivateFrameworks/GraphVisualizer.framework/Versions/A/GraphVisualizer
0x0000000005888000 	/System/Library/Frameworks/MetalPerformanceShaders.framework/Versions/A/MetalPerformanceShaders
0x0000000005888000 	/usr/lib/libFosl_dynamic.dylib
0x0000000005888000 	/System/Library/PrivateFrameworks/FaceCore.framework/Versions/A/FaceCore
0x0000000005888000 	/System/Library/Frameworks/OpenCL.framework/Versions/A/OpenCL
0x0000000005888000 	/usr/lib/libcompression.dylib
0x0000000005888000 	/System/Library/Frameworks/ApplicationServices.framework/Versions/A/Frameworks/ATS.framework/Versions/A/Resources/libFontParser.dylib
0x0000000005888000 	/System/Library/Frameworks/ApplicationServices.framework/Versions/A/Frameworks/ATS.framework/Versions/A/Resources/libFontRegistry.dylib
0x0000000005888000 	/System/Library/Frameworks/ImageIO.framework/Versions/A/Resources/libJPEG.dylib
0x0000000005888000 	/System/Library/Frameworks/ImageIO.framework/Versions/A/Resources/libTIFF.dylib
0x0000000005888000 	/System/Library/Frameworks/ImageIO.framework/Versions/A/Resources/libPng.dylib
0x0000000005888000 	/System/Library/Frameworks/ImageIO.framework/Versions/A/Resources/libGIF.dylib
0x0000000005888000 	/System/Library/Frameworks/ImageIO.framework/Versions/A/Resources/libJP2.dylib
0x0000000005888000 	/System/Library/Frameworks/ImageIO.framework/Versions/A/Resources/libRadiance.dylib
0x0000000005888000 	/System/Library/PrivateFrameworks/AppleJPEG.framework/Versions/A/AppleJPEG
0x0000000005888000 	/System/Library/PrivateFrameworks/MetalTools.framework/Versions/A/MetalTools
0x0000000005888000 	/System/Library/Frameworks/MetalPerformanceShaders.framework/Frameworks/MPSCore.framework/Versions/A/MPSCore
0x0000000005888000 	/System/Library/Frameworks/MetalPerformanceShaders.framework/Frameworks/MPSImage.framework/Versions/A/MPSImage
0x0000000005888000 	/System/Library/Frameworks/MetalPerformanceShaders.framework/Frameworks/MPSMatrix.framework/Versions/A/MPSMatrix
0x0000000005888000 	/System/Library/Frameworks/MetalPerformanceShaders.framework/Frameworks/MPSNeuralNetwork.framework/Versions/A/MPSNeuralNetwork
0x0000000005888000 	/System/Library/Frameworks/OpenGL.framework/Versions/A/Libraries/libGLU.dylib
0x0000000005888000 	/System/Library/Frameworks/OpenGL.framework/Versions/A/Libraries/libGFXShared.dylib
0x0000000005888000 	/System/Library/Frameworks/OpenGL.framework/Versions/A/Libraries/libGL.dylib
0x0000000005888000 	/System/Library/Frameworks/OpenGL.framework/Versions/A/Libraries/libGLImage.dylib
0x0000000005888000 	/System/Library/Frameworks/OpenGL.framework/Versions/A/Libraries/libCVMSPluginSupport.dylib
0x0000000005888000 	/System/Library/Frameworks/OpenGL.framework/Versions/A/Libraries/libCoreVMClient.dylib
0x0000000005888000 	/usr/lib/libcups.2.dylib
0x0000000005888000 	/System/Library/Frameworks/Kerberos.framework/Versions/A/Kerberos
0x0000000005888000 	/System/Library/Frameworks/GSS.framework/Versions/A/GSS
0x0000000005888000 	/usr/lib/libresolv.9.dylib
0x0000000005888000 	/System/Library/PrivateFrameworks/Heimdal.framework/Versions/A/Heimdal
0x0000000005888000 	/usr/lib/libheimdal-asn1.dylib
0x0000000005888000 	/System/Library/Frameworks/OpenDirectory.framework/Versions/A/OpenDirectory
0x0000000005888000 	/System/Library/PrivateFrameworks/CommonAuth.framework/Versions/A/CommonAuth
0x0000000005888000 	/System/Library/Frameworks/OpenDirectory.framework/Versions/A/Frameworks/CFOpenDirectory.framework/Versions/A/CFOpenDirectory
0x0000000005888000 	/System/Library/Frameworks/SecurityFoundation.framework/Versions/A/SecurityFoundation
0x0000000005888000 	/System/Library/PrivateFrameworks/APFS.framework/Versions/A/APFS
0x0000000005888000 	/usr/lib/libutil.dylib
0x0000000005888000 	/System/Library/Frameworks/CoreAudio.framework/Versions/A/CoreAudio
0x0000000005888000 	/System/Library/Frameworks/AudioToolbox.framework/Versions/A/AudioToolbox
0x0000000005888000 	/System/Library/PrivateFrameworks/AppleSauce.framework/Versions/A/AppleSauce
0x0000000005888000 	/System/Library/PrivateFrameworks/LinguisticData.framework/Versions/A/LinguisticData
0x0000000005888000 	/usr/lib/libmarisa.dylib
0x0000000005888000 	/System/Library/PrivateFrameworks/Lexicon.framework/Versions/A/Lexicon
0x0000000005888000 	/usr/lib/libChineseTokenizer.dylib
0x0000000005888000 	/usr/lib/libcmph.dylib
0x0000000005888000 	/System/Library/PrivateFrameworks/LanguageModeling.framework/Versions/A/LanguageModeling
0x0000000005888000 	/System/Library/Frameworks/CoreData.framework/Versions/A/CoreData
0x0000000005888000 	/System/Library/PrivateFrameworks/CoreEmoji.framework/Versions/A/CoreEmoji
0x0000000005888000 	/System/Library/Frameworks/ServiceManagement.framework/Versions/A/ServiceManagement
0x0000000005888000 	/System/Library/PrivateFrameworks/BackgroundTaskManagement.framework/Versions/A/BackgroundTaskManagement
0x0000000005888000 	/usr/lib/libxslt.1.dylib
0x0000000108d5f000 	/Applications/IBM/SPSS/Statistics/25/SPSSStatistics.app/Contents/lib/libdatastr.dylib
0x0000000108d81000 	/Applications/IBM/SPSS/Statistics/25/SPSSStatistics.app/Contents/lib/libstacrypt.dylib
0x0000000108d90000 	/Applications/IBM/SPSS/Statistics/25/SPSSStatistics.app/Contents/lib/libmccomsps.dylib
0x0000000108e96000 	/Applications/IBM/SPSS/Statistics/25/SPSSStatistics.app/Contents/lib/libspsspool.dylib
0x0000000108ed1000 	/Applications/IBM/SPSS/Statistics/25/SPSSStatistics.app/Contents/lib/libxchart.dylib
0x0000000108f55000 	/Applications/IBM/SPSS/Statistics/25/SPSSStatistics.app/Contents/lib/libviewerxml.dylib
0x000000010905a000 	/Applications/IBM/SPSS/Statistics/25/SPSSStatistics.app/Contents/lib/libspsswctl.dylib
0x000000010916e000 	/Applications/IBM/SPSS/Statistics/25/SPSSStatistics.app/Contents/lib/libuparser.dylib
0x000000010bb87000 	/Applications/IBM/SPSS/Statistics/25/SPSSStatistics.app/Contents/lib/libspssdx.dylib
0x000000010bbb3000 	/Applications/IBM/SPSS/Statistics/25/SPSSStatistics.app/Contents/lib/libomsopmgr.dylib
0x000000010bbda000 	/Applications/IBM/SPSS/Statistics/25/SPSSStatistics.app/Contents/lib/libspsswcis.dylib
0x000000010bd0b000 	/Applications/IBM/SPSS/Statistics/25/SPSSStatistics.app/Contents/lib/libspsswmsg.dylib
0x000000010bd33000 	/Applications/IBM/SPSS/Statistics/25/SPSSStatistics.app/Contents/lib/libuadapter.dylib
0x000000010bd68000 	/Applications/IBM/SPSS/Statistics/25/SPSSStatistics.app/Contents/lib/libspssclef.dylib
0x000000010bdac000 	/Applications/IBM/SPSS/Statistics/25/SPSSStatistics.app/Contents/ext/bin/spss.common/libcfcore.dylib
0x000000010be91000 	/Applications/IBM/SPSS/Statistics/25/SPSSStatistics.app/Contents/ext/bin/spss.common/libcfcommon.dylib
0x000000010bf0a000 	/Applications/IBM/SPSS/Statistics/25/SPSSStatistics.app/Contents/lib/libfmsgs.dylib
0x000000010bf3e000 	/Applications/IBM/SPSS/Statistics/25/SPSSStatistics.app/Contents/lib/libnetcom.dylib
0x00000001091db000 	/Applications/IBM/SPSS/Statistics/25/SPSSStatistics.app/Contents/lib/libfwutility.dylib
0x00000001091e3000 	/Applications/IBM/SPSS/Statistics/25/SPSSStatistics.app/Contents/lib/libfilesort.dylib
0x000000010bf66000 	/Applications/IBM/SPSS/Statistics/25/SPSSStatistics.app/Contents/lib/libmtxp.dylib
0x000000010bf82000 	/Applications/IBM/SPSS/Statistics/25/SPSSStatistics.app/Contents/ext/bin/spss.common/libcorethread.dylib
0x0000000103d2a000 	/Applications/IBM/SPSS/Statistics/25/SPSSStatistics.app/Contents/ext/bin/spss.common/libcfthread.dylib
0x000000010bf92000 	/Applications/IBM/SPSS/Statistics/25/SPSSStatistics.app/Contents/common/ext/bin/spss.common/libcfcomserv.dylib
0x000000010bfaa000 	/Applications/IBM/SPSS/Statistics/25/SPSSStatistics.app/Contents/ext/bin/spss.common/libcfextension.dylib
0x000000010bfe2000 	/Applications/IBM/SPSS/Statistics/25/SPSSStatistics.app/Contents/ext/bin/spss.common/libcffilter.dylib
0x000000010bff1000 	/Applications/IBM/SPSS/Statistics/25/SPSSStatistics.app/Contents/ext/bin/spss.common/libcfcatencode.dylib
0x00000001030e2000 	/Applications/IBM/SPSS/Statistics/25/SPSSStatistics.app/Contents/ext/bin/spss.common/libcfcomstatistic.dylib
0x000000010c010000 	/Applications/IBM/SPSS/Statistics/25/SPSSStatistics.app/Contents/ext/bin/spss.common/libtempfiles.dylib
0x000000010c036000 	/Applications/IBM/SPSS/Statistics/25/SPSSStatistics.app/Contents/lib/libpesrepo.dylib
0x000000010c952000 	/Applications/IBM/SPSS/Statistics/25/SPSSStatistics.app/Contents/lib/libspsswfil.dylib
0x000000010c9f2000 	/Applications/IBM/SPSS/Statistics/25/SPSSStatistics.app/Contents/lib/libchartxml.dylib
0x000000010ca52000 	/Applications/IBM/SPSS/Statistics/25/SPSSStatistics.app/Contents/lib/libxlsxdac.dylib
0x00000001091f7000 	/Applications/IBM/SPSS/Statistics/25/SPSSStatistics.app/Contents/lib/libpkginpr.dylib
0x000000010ca8a000 	/Applications/IBM/SPSS/Statistics/25/SPSSStatistics.app/Contents/lib/libdacmmsgs.dylib
0x00000001045c0000 	/Applications/IBM/SPSS/Statistics/25/SPSSStatistics.app/Contents/lib/libtxtwdmsg.dylib
0x000000010ca96000 	/Applications/IBM/SPSS/Statistics/25/SPSSStatistics.app/Contents/JRE/lib/jli/libjli.dylib
0x0000000005888000 	/System/Library/Frameworks/Cocoa.framework/Versions/A/Cocoa
0x0000000005888000 	/System/Library/Frameworks/AppKit.framework/Versions/C/AppKit
0x0000000005888000 	/System/Library/PrivateFrameworks/RemoteViewServices.framework/Versions/A/RemoteViewServices
0x0000000005888000 	/System/Library/PrivateFrameworks/UIFoundation.framework/Versions/A/UIFoundation
0x0000000005888000 	/System/Library/PrivateFrameworks/DFRFoundation.framework/Versions/A/DFRFoundation
0x0000000005888000 	/System/Library/PrivateFrameworks/DesktopServicesPriv.framework/Versions/A/DesktopServicesPriv
0x0000000005888000 	/usr/lib/libScreenReader.dylib
0x0000000005888000 	/System/Library/Frameworks/AudioUnit.framework/Versions/A/AudioUnit
0x0000000005888000 	/System/Library/PrivateFrameworks/DataDetectorsCore.framework/Versions/A/DataDetectorsCore
0x0000000005888000 	/System/Library/Frameworks/Carbon.framework/Versions/A/Frameworks/HIToolbox.framework/Versions/A/HIToolbox
0x0000000005888000 	/System/Library/Frameworks/Carbon.framework/Versions/A/Frameworks/SpeechRecognition.framework/Versions/A/SpeechRecognition
0x0000000005888000 	/System/Library/PrivateFrameworks/CoreUI.framework/Versions/A/CoreUI
0x0000000005888000 	/System/Library/PrivateFrameworks/PerformanceAnalysis.framework/Versions/A/PerformanceAnalysis
0x0000000005888000 	/System/Library/PrivateFrameworks/Backup.framework/Versions/A/Backup
0x0000000005888000 	/System/Library/Frameworks/Carbon.framework/Versions/A/Frameworks/Ink.framework/Versions/A/Ink
0x0000000005888000 	/System/Library/PrivateFrameworks/TextureIO.framework/Versions/A/TextureIO
0x0000000005888000 	/usr/lib/libate.dylib
0x0000000005888000 	/System/Library/PrivateFrameworks/CrashReporterSupport.framework/Versions/A/CrashReporterSupport
0x0000000005888000 	/System/Library/PrivateFrameworks/Sharing.framework/Versions/A/Sharing
0x0000000005888000 	/System/Library/PrivateFrameworks/IconServices.framework/Versions/A/IconServices
0x0000000005888000 	/System/Library/PrivateFrameworks/ProtocolBuffer.framework/Versions/A/ProtocolBuffer
0x0000000005888000 	/System/Library/PrivateFrameworks/Apple80211.framework/Versions/A/Apple80211
0x0000000005888000 	/System/Library/Frameworks/CoreWLAN.framework/Versions/A/CoreWLAN
0x0000000005888000 	/System/Library/PrivateFrameworks/CoreUtils.framework/Versions/A/CoreUtils
0x0000000005888000 	/System/Library/Frameworks/IOBluetooth.framework/Versions/A/IOBluetooth
0x0000000005888000 	/System/Library/PrivateFrameworks/CoreWiFi.framework/Versions/A/CoreWiFi
0x0000000005888000 	/System/Library/Frameworks/CoreBluetooth.framework/Versions/A/CoreBluetooth
0x0000000005888000 	/System/Library/PrivateFrameworks/SignpostNotification.framework/Versions/A/SignpostNotification
0x0000000005888000 	/System/Library/PrivateFrameworks/DebugSymbols.framework/Versions/A/DebugSymbols
0x0000000005888000 	/System/Library/PrivateFrameworks/CoreSymbolication.framework/Versions/A/CoreSymbolication
0x0000000005888000 	/System/Library/PrivateFrameworks/Symbolication.framework/Versions/A/Symbolication
0x0000000005888000 	/System/Library/PrivateFrameworks/AppleFSCompression.framework/Versions/A/AppleFSCompression
0x0000000005888000 	/System/Library/PrivateFrameworks/SpeechRecognitionCore.framework/Versions/A/SpeechRecognitionCore
0x000000010ff80000 	/Applications/IBM/SPSS/Statistics/25/SPSSStatistics.app/Contents/JRE//lib/server/libjvm.dylib
0x000000010caa6000 	/Applications/IBM/SPSS/Statistics/25/SPSSStatistics.app/Contents/JRE/lib/libverify.dylib
0x000000010cab4000 	/Applications/IBM/SPSS/Statistics/25/SPSSStatistics.app/Contents/JRE/lib/libjava.dylib
0x000000010cae9000 	/Applications/IBM/SPSS/Statistics/25/SPSSStatistics.app/Contents/JRE/lib/libzip.dylib
0x0000000005888000 	/System/Library/Frameworks/JavaVM.framework/Versions/A/Frameworks/JavaRuntimeSupport.framework/Versions/A/JavaRuntimeSupport
0x0000000005888000 	/System/Library/Frameworks/JavaVM.framework/Versions/A/Frameworks/JavaNativeFoundation.framework/Versions/A/JavaNativeFoundation
0x0000000005888000 	/System/Library/Frameworks/JavaVM.framework/Versions/A/JavaVM
0x0000000005888000 	/System/Library/Frameworks/Carbon.framework/Versions/A/Carbon
0x0000000005888000 	/System/Library/PrivateFrameworks/JavaLaunching.framework/Versions/A/JavaLaunching
0x0000000005888000 	/System/Library/Frameworks/Carbon.framework/Versions/A/Frameworks/CommonPanels.framework/Versions/A/CommonPanels
0x0000000005888000 	/System/Library/Frameworks/Carbon.framework/Versions/A/Frameworks/Help.framework/Versions/A/Help
0x0000000005888000 	/System/Library/Frameworks/Carbon.framework/Versions/A/Frameworks/ImageCapture.framework/Versions/A/ImageCapture
0x0000000005888000 	/System/Library/Frameworks/Carbon.framework/Versions/A/Frameworks/OpenScripting.framework/Versions/A/OpenScripting
0x0000000005888000 	/System/Library/Frameworks/Carbon.framework/Versions/A/Frameworks/Print.framework/Versions/A/Print
0x0000000005888000 	/System/Library/Frameworks/Carbon.framework/Versions/A/Frameworks/SecurityHI.framework/Versions/A/SecurityHI
0x00000001287f9000 	/Applications/IBM/SPSS/Statistics/25/SPSSStatistics.app/Contents/JRE/lib/libnet.dylib
0x000000010c6e5000 	/Applications/IBM/SPSS/Statistics/25/SPSSStatistics.app/Contents/lib/libspsswarc.dylib
0x000000010c707000 	/Applications/IBM/SPSS/Statistics/25/SPSSStatistics.app/Contents/lib/libspsswalt.dylib
0x000000010c71f000 	/Applications/IBM/SPSS/Statistics/25/SPSSStatistics.app/Contents/lib/libspsswoms.dylib
0x000000010c74e000 	/Applications/IBM/SPSS/Statistics/25/SPSSStatistics.app/Contents/lib/libspsswbst.dylib
0x000000010c75e000 	/Applications/IBM/SPSS/Statistics/25/SPSSStatistics.app/Contents/lib/libspsswone.dylib
0x000000010c791000 	/Applications/IBM/SPSS/Statistics/25/SPSSStatistics.app/Contents/lib/libspssweda.dylib
0x000000010c049000 	/Applications/IBM/SPSS/Statistics/25/SPSSStatistics.app/Contents/JRE/lib/libmanagement.dylib
0x000000010c057000 	/Applications/IBM/SPSS/Statistics/25/SPSSStatistics.app/Contents/JRE/lib/libosx.dylib
0x000000010c065000 	/Applications/IBM/SPSS/Statistics/25/SPSSStatistics.app/Contents/JRE/lib/./libosxapp.dylib
0x0000000005888000 	/System/Library/Frameworks/ExceptionHandling.framework/Versions/A/ExceptionHandling
0x0000000128976000 	/Applications/IBM/SPSS/Statistics/25/SPSSStatistics.app/Contents/JRE/lib/libawt.dylib
0x000000012d74a000 	/Applications/IBM/SPSS/Statistics/25/SPSSStatistics.app/Contents/JRE/lib/./libmlib_image.dylib
0x000000012d816000 	/Applications/IBM/SPSS/Statistics/25/SPSSStatistics.app/Contents/JRE/lib/libawt_lwawt.dylib
0x00000001283e9000 	/Applications/IBM/SPSS/Statistics/25/SPSSStatistics.app/Contents/lib/libjniviewer.dylib
0x000000010c081000 	/Applications/IBM/SPSS/Statistics/25/SPSSStatistics.app/Contents/JRE/lib/libfontmanager.dylib
0x0000000005888000 	/System/Library/PrivateFrameworks/CoreServicesInternal.framework/Versions/A/CoreServicesInternal
0x00000001287d6000 	/Applications/IBM/SPSS/Statistics/25/SPSSStatistics.app/Contents/JRE/lib/libnio.dylib
0x0000000005888000 	/System/Library/Frameworks/ApplicationServices.framework/Versions/A/Frameworks/ATS.framework/Versions/A/Resources/libTrueTypeScaler.dylib

VM Arguments:
jvm_args: -Djava.library.path=/Applications/IBM/SPSS/Statistics/25/SPSSStatistics.app/Contents/bin/../JRE/lib/jli/:/Applications/IBM/SPSS/Statistics/25/SPSSStatistics.app/Contents/bin/../JRE/lib/:/Applications/IBM/SPSS/Statistics/25/SPSSStatistics.app/Contents/bin/../lib/:/Applications/IBM/SPSS/Statistics/25/SPSSStatistics.app/Contents/bin/ -Dapplication.home=/Applications/IBM/SPSS/Statistics/25/SPSSStatistics.app/Contents/bin -Dstatistics.home=/Applications/IBM/SPSS/Statistics/25/SPSSStatistics.app/Contents/bin -Djava.awt.headless=true -Dcom.sun.media.jai.disableMediaLib=true -Xms256M -Xmx2048M -XX:-UsePerfData -Dcom.ibm.jsse2.overrideDefaultProtocol=TLSv12 -Djava.io.tmpdir=/tmp/spssetfxhF/ 
java_command: <unknown>
java_class_path (initial): :/Applications/IBM/SPSS/Statistics/25/SPSSStatistics.app/Contents/bin/ChartEditor.jar:/Applications/IBM/SPSS/Statistics/25/SPSSStatistics.app/Contents/bin/ChartEditorRes.jar:/Applications/IBM/SPSS/Statistics/25/SPSSStatistics.app/Contents/bin/CoreTools.jar:/Applications/IBM/SPSS/Statistics/25/SPSSStatistics.app/Contents/bin/CustomDialogBuilder.jar:/Applications/IBM/SPSS/Statistics/25/SPSSStatistics.app/Contents/bin/CustomDialogBuilderRes.jar:/Applications/IBM/SPSS/Statistics/25/SPSSStatistics.app/Contents/bin/ExViewerDialogDemo.jar:/Applications/IBM/SPSS/Statistics/25/SPSSStatistics.app/Contents/bin/ExViewerFrameDemo.jar:/Applications/IBM/SPSS/Statistics/25/SPSSStatistics.app/Contents/bin/ExportTools.jar:/Applications/IBM/SPSS/Statistics/25/SPSSStatistics.app/Contents/bin/ExtensionManager.jar:/Applications/IBM/SPSS/Statistics/25/SPSSStatistics.app/Contents/bin/ExtensionManagerRes.jar:/Applications/IBM/SPSS/Statistics/25/SPSSStatistics.app/Contents/bin/FieldChooser.jar:/Applications/IBM/SPSS/Statistics/25/SPSSStatistics.app/Contents/bin/InstallExtBundles.jar:/Applications/IBM/SPSS/Statistics/25/SPSSStatistics.app/Contents/bin/InstallExtBundlesRes.jar:/Applications/IBM/SPSS/Statistics/25/SPSSStatistics.app/Contents/bin/JRegEdit.jar:/Applications/IBM/SPSS/Statistics/25/SPSSStatistics.app/Contents/bin/JimiProClasses.jar:/Applications/IBM/SPSS/Statistics/25/SPSSStatistics.app/Contents/bin/LightTable.jar:/Applications/IBM/SPSS/Statistics/25/SPSSStatistics.app/Contents/bin/ModelViewer.jar:/Applications/IBM/SPSS/Statistics/25/SPSSStatistics.app/Contents/bin/PivotTableEditor.jar:/Applications/IBM/SPSS/Statistics/25/SPSSStatistics.app/Contents/bin/PivotTableEditorRes.jar:/Applications/IBM/SPSS/Statistics/25/SPSSStatistics.app/Contents/bin/RConfig.jar:/Applications/IBM/SPSS/Statistics/25/SPSSStatistics.app/Contents/bin/RapidSpell.jar:/Applications/IBM/SPSS/Statistics/25/SPSSStatistics.app/Contents/bin/RapidSpellMDict.jar:/Applications/IBM/SPSS/Stat
Launcher Type: generic

Environment Variables:
PATH=/Applications/IBM/SPSS/Statistics/25/SPSSStatistics.app/Contents/bin:/usr/bin:/bin:/usr/sbin:/sbin
SHELL=/bin/bash
DISPLAY=/private/tmp/com.apple.launchd.2T5c68ZYVo/org.macosforge.xquartz:0
DYLD_LIBRARY_PATH=/Applications/IBM/SPSS/Statistics/25/SPSSStatistics.app/Contents/lib:/Applications/IBM/SPSS/Statistics/25/SPSSStatistics.app/Contents/common/ext/bin/spss.common:/Applications/IBM/SPSS/Statistics/25/SPSSStatistics.app/Contents/ext/bin/spss.common:/Applications/IBM/SPSS/Statistics/25/SPSSStatistics.app/Contents/lib:/Applications/IBM/SPSS/Statistics/25/SPSSStatistics.app/Contents/Library/Frameworks/Sentinel.framework:/Applications/IBM/SPSS/Statistics/25/SPSSStatistics.app/Contents/Library/Frameworks/SuperPro.framework:/Applications/IBM/SPSS/Statistics/25/SPSSStatistics.app/Contents/JRE/lib/jli

Signal Handlers:
SIGSEGV: [libjvm.dylib+0x5b1141], sa_mask[0]=11111111011111110111111111111111, sa_flags=SA_ONSTACK|SA_RESTART|SA_SIGINFO
SIGBUS: [libjvm.dylib+0x5b1141], sa_mask[0]=11111111011111110111111111111111, sa_flags=SA_RESTART|SA_SIGINFO
SIGFPE: [libjvm.dylib+0x487bc4], sa_mask[0]=11111111011111110111111111111111, sa_flags=SA_RESTART|SA_SIGINFO
SIGPIPE: [libjvm.dylib+0x487bc4], sa_mask[0]=11111111011111110111111111111111, sa_flags=SA_RESTART|SA_SIGINFO
SIGXFSZ: [libjvm.dylib+0x487bc4], sa_mask[0]=11111111011111110111111111111111, sa_flags=SA_RESTART|SA_SIGINFO
SIGILL: [libjvm.dylib+0x487bc4], sa_mask[0]=11111111011111110111111111111111, sa_flags=SA_RESTART|SA_SIGINFO
SIGUSR1: SIG_DFL, sa_mask[0]=00000000000000000000000000000000, sa_flags=none
SIGUSR2: [libjvm.dylib+0x4876e2], sa_mask[0]=00100000000000000000000000000000, sa_flags=SA_RESTART|SA_SIGINFO
SIGHUP: [libjvm.dylib+0x485cb9], sa_mask[0]=11111111011111110111111111111111, sa_flags=SA_RESTART|SA_SIGINFO
SIGINT: [libjvm.dylib+0x485cb9], sa_mask[0]=11111111011111110111111111111111, sa_flags=SA_RESTART|SA_SIGINFO
SIGTERM: [libjvm.dylib+0x485cb9], sa_mask[0]=11111111011111110111111111111111, sa_flags=SA_RESTART|SA_SIGINFO
SIGQUIT: [libjvm.dylib+0x485cb9], sa_mask[0]=11111111011111110111111111111111, sa_flags=SA_RESTART|SA_SIGINFO


---------------  S Y S T E M  ---------------

OS:Bsduname:Darwin 17.3.0 Darwin Kernel Version 17.3.0: Thu Nov  9 18:09:22 PST 2017; root:xnu-4570.31.3~1/RELEASE_X86_64 x86_64
rlimit: STACK 8192k, CORE 0k, NPROC 1418, NOFILE 10240, AS infinity
load average:2.49 2.41 2.37

CPU:total 8 (4 cores per cpu, 2 threads per core) family 6 model 70 stepping 1, cmov, cx8, fxsr, mmx, sse, sse2, sse3, ssse3, sse4.1, sse4.2, popcnt, avx, avx2, aes, clmul, erms, lzcnt, ht, tsc, tscinvbit, bmi1, bmi2

Memory: 4k page, physical 16777216k(2072900k free)

/proc/meminfo:


vm_info: Java HotSpot(TM) 64-Bit Server VM (25.121-b13) for bsd-amd64 JRE (1.8.0_121-b13), built on Dec 12 2016 20:39:32 by "java_re" with gcc 4.2.1 (Based on Apple Inc. build 5658) (LLVM build 2336.11.00)

time: Wed Jun 27 16:47:49 2018
elapsed time: 226 seconds (0d 0h 3m 46s)

