#
# A fatal error has been detected by the Java Runtime Environment:
#
#  SIGSEGV (0xb) at pc=0x000000010cb9d389, pid=52773, tid=0x0000000000000307
#
# JRE version: Java(TM) 2 Runtime Environment, Standard Edition (8.0_121-b13) (build 1.8.0_121-b13 14_Feb_2017_06_58 Mac OS X x64(SR4 FP1))
# Java VM: Java HotSpot(TM) 64-Bit Server VM (25.121-b13 mixed mode bsd-amd64 compressed oops)
# Problematic frame:
# C  [StartXD+0x10389]  DoubleData::ParseData(void*, int&)+0x5f
#
# Failed to write core dump. Core dumps have been disabled. To enable core dumping, try "ulimit -c unlimited" before starting Java again
#
# If you would like to submit a bug report, please visit:
#   http://bugreport.java.com/bugreport/crash.jsp
#

---------------  T H R E A D  ---------------

Current thread is native thread

siginfo: si_signo: 11 (SIGSEGV), si_code: 1 (SEGV_MAPERR), si_addr: 0x00007f9f0db00000

Registers:
RAX=0x0000000007936dd4, RBX=0x00007f9f0db00000, RCX=0x00007fff7b2106f6, RDX=0x0000000000031000
RSP=0x00007ffee306fb20, RBP=0x00007ffee306fb60, RSI=0x0000000173574dc8, RDI=0x00007ffee3072450
R8 =0x00000000000002a7, R9 =0x00000000000000a8, R10=0x00007fffb41b82cc, R11=0x0000000000000246
R12=0x00007ffee3072450, R13=0x00007ffee306fb30, R14=0x000000000cb79fc5, R15=0x00007ffee3072438
RIP=0x000000010cb9d389, EFLAGS=0x0000000000010216, ERR=0x0000000000000004
  TRAPNO=0x000000000000000e

Top of Stack: (sp=0x00007ffee306fb20)
0x00007ffee306fb20:   0000000000000002 00007ffee306fc40
0x00007ffee306fb30:   0000000000000000 0000000000001fe8
0x00007ffee306fb40:   00007ffee30723e0 0000000000000000
0x00007ffee306fb50:   00007f9f061c7240 00007f9f061c7240
0x00007ffee306fb60:   00007ffee306fc70 000000010ce9a5bd
0x00007ffee306fb70:   fd00000070001002 000000010cbbffff
0x00007ffee306fb80:   00007ffee306fc10 00007fff7b289758
0x00007ffee306fb90:   0000000000000000 0000000000000001
0x00007ffee306fba0:   00007f9f06306320 0000000113408a00
0x00007ffee306fbb0:   0000000000000002 0000000000000010
0x00007ffee306fbc0:   0000000000000001 000000010cbb4080
0x00007ffee306fbd0:   000000010cbb4080 0000000113409e00
0x00007ffee306fbe0:   000000010cbb3000 0000000000000001
0x00007ffee306fbf0:   0000000013409400 0000000000000000
0x00007ffee306fc00:   00007ffee306fcb0 0000000000000000
0x00007ffee306fc10:   00007fffb41bb000 0000000000000000
0x00007ffee306fc20:   00007ffee306fc50 00007fff7b272201
0x00007ffee306fc30:   0000000000000000 0000000000000000
0x00007ffee306fc40:   00001fe800000000 00007ffee30723e0
0x00007ffee306fc50:   00007ffee306fcb0 0000000000000000
0x00007ffee306fc60:   00007f9f061c7240 0000000000000000
0x00007ffee306fc70:   00007ffee3071ce0 000000010ce939e9
0x00007ffee306fc80:   0000000000000000 00007ffee30723e0
0x00007ffee306fc90:   00007f9f0449a740 00007f9f061c7240
0x00007ffee306fca0:   0000000000000000 0000000000000000
0x00007ffee306fcb0:   0000000000000000 0000000000000000
0x00007ffee306fcc0:   0000000000000000 0000000000000000
0x00007ffee306fcd0:   0000000000000000 0000000000000000
0x00007ffee306fce0:   0000000000000000 0000000000000000
0x00007ffee306fcf0:   0000000000000000 0000000000000000
0x00007ffee306fd00:   0000000000000000 0000000000000000
0x00007ffee306fd10:   0000000000000000 0000000000000000 

Instructions: (pc=0x000000010cb9d389)
0x000000010cb9d369:   8d 67 18 48 83 c3 04 b8 0c 00 00 00 4c 8d 6d d0
0x000000010cb9d379:   eb 0e 41 ff ce 48 83 c3 08 41 8b 47 10 83 c0 08
0x000000010cb9d389:   f2 0f 10 03 f2 0f 11 45 d0 41 89 47 10 4c 89 e7
0x000000010cb9d399:   4c 89 ee e8 eb 23 00 00 45 85 f6 75 d5 41 8b 47 

Register to memory mapping:

RAX=0x0000000007936dd4 is an unknown value
RBX=0x00007f9f0db00000 is an unknown value
RCX=0x00007fff7b2106f6: _kernelrpc_mach_vm_deallocate_trap+0xa in /usr/lib/system/libsystem_kernel.dylib at 0x00007fff7b1fe000
RDX=0x0000000000031000 is an unknown value
RSP=0x00007ffee306fb20 is an unknown value
RBP=0x00007ffee306fb60 is an unknown value
RSI=0x0000000173574dc8 is an unknown value
RDI=0x00007ffee3072450 is an unknown value
R8 =0x00000000000002a7 is an unknown value
R9 =0x00000000000000a8 is an unknown value
R10=0x00007fffb41b82cc: mach_task_self_+0 in /usr/lib/system/libsystem_kernel.dylib at 0x00007fff7b1fe000
R11=0x0000000000000246 is an unknown value
R12=0x00007ffee3072450 is an unknown value
R13=0x00007ffee306fb30 is an unknown value
R14=0x000000000cb79fc5 is an unknown value
R15=0x00007ffee3072438 is an unknown value


Stack: [0x00007ffee2873000,0x00007ffee3073000],  sp=0x00007ffee306fb20,  free space=8178k
Native frames: (J=compiled Java code, j=interpreted, Vv=VM code, C=native code)
C  [StartXD+0x10389]  DoubleData::ParseData(void*, int&)+0x5f
C  [libspssdxcom.dylib+0x125bd]  CleXDSmb::ParseBuf(void*)+0x6b
C  [libspssdxcom.dylib+0xb9e9]  ReceiveData(JavaPlugInSocket*, CleXDSmb&)+0xfa
C  [StartXD+0x25fe]  main+0xa6b
C  [libdyld.dylib+0x1115]  start+0x1


---------------  P R O C E S S  ---------------

VM state:not at safepoint (normal execution)

VM Mutex/Monitor currently owned by a thread: None

Heap:
 PSYoungGen      total 345600K, used 6791K [0x0000000795580000, 0x00000007b9880000, 0x00000007c0000000)
  eden space 343552K, 1% used [0x0000000795580000,0x0000000795c21e58,0x00000007aa500000)
  from space 2048K, 0% used [0x00000007b8700000,0x00000007b8700000,0x00000007b8900000)
  to   space 9728K, 0% used [0x00000007b8f00000,0x00000007b8f00000,0x00000007b9880000)
 ParOldGen       total 175104K, used 14741K [0x0000000740000000, 0x000000074ab00000, 0x0000000795580000)
  object space 175104K, 8% used [0x0000000740000000,0x0000000740e655d0,0x000000074ab00000)
 Metaspace       used 20411K, capacity 20784K, committed 20992K, reserved 1067008K
  class space    used 2386K, capacity 2489K, committed 2560K, reserved 1048576K

Card table byte_map: [0x000000012a307000,0x000000012a708000] byte_map_base: 0x0000000126907000

Marking Bits: (ParMarkBitMap*) 0x000000011a849d30
 Begin Bits: [0x000000012a9b3000, 0x000000012c9b3000)
 End Bits:   [0x000000012c9b3000, 0x000000012e9b3000)

Polling page: 0x000000010ce87000

CodeCache: size=245760Kb used=14885Kb max_used=15027Kb free=230874Kb
 bounds [0x000000011af47000, 0x000000011be47000, 0x0000000129f47000]
 total_blobs=4251 nmethods=3741 adapters=423
 compilation: enabled

Compilation events (10 events):
Event: 87.833 Thread 0x00007f9f0582d000 4571       3       java.io.FileInputStream::read (9 bytes)
Event: 87.833 Thread 0x00007f9f0582d000 nmethod 4571 0x000000011b9d63d0 code [0x000000011b9d6540, 0x000000011b9d66e8]
Event: 87.833 Thread 0x00007f9f0582d000 4572  s    3       java.io.BufferedOutputStream::write (67 bytes)
Event: 87.833 Thread 0x00007f9f0582d000 nmethod 4572 0x000000011b50d410 code [0x000000011b50d5e0, 0x000000011b50de38]
Event: 87.856 Thread 0x00007f9f0582d000 4573       1       org.openxmlformats.schemas.spreadsheetml._2006.main.descriptors.IsDescriptor::getValidator (2 bytes)
Event: 87.856 Thread 0x00007f9f0582d000 nmethod 4573 0x000000011b8b7290 code [0x000000011b8b73e0, 0x000000011b8b74f0]
Event: 87.865 Thread 0x00007f9f0782d800 4574       4       org.exolab.castor.mapping.loader.CollectionHandlers::getHandler (142 bytes)
Event: 87.866 Thread 0x00007f9f0782d800 nmethod 4574 0x000000011b990110 code [0x000000011b990280, 0x000000011b990418]
Event: 87.869 Thread 0x00007f9f05052800 4575       4       org.exolab.castor.mapping.loader.J1CollectionHandlers$1::elements (21 bytes)
Event: 87.870 Thread 0x00007f9f05052800 nmethod 4575 0x000000011b7741d0 code [0x000000011b774320, 0x000000011b774418]

GC Heap History (10 events):
Event: 86.645 GC heap before
{Heap before GC invocations=29 (full 3):
 PSYoungGen      total 394240K, used 393824K [0x0000000795580000, 0x00000007bac80000, 0x00000007c0000000)
  eden space 390656K, 100% used [0x0000000795580000,0x00000007ad300000,0x00000007ad300000)
  from space 3584K, 88% used [0x00000007b9c00000,0x00000007b9f18000,0x00000007b9f80000)
  to   space 11264K, 0% used [0x00000007ba180000,0x00000007ba180000,0x00000007bac80000)
 ParOldGen       total 175104K, used 21413K [0x0000000740000000, 0x000000074ab00000, 0x0000000795580000)
  object space 175104K, 12% used [0x0000000740000000,0x00000007414e95f0,0x000000074ab00000)
 Metaspace       used 20349K, capacity 20712K, committed 20992K, reserved 1067008K
  class space    used 2380K, capacity 2477K, committed 2560K, reserved 1048576K
Event: 86.648 GC heap after
Heap after GC invocations=29 (full 3):
 PSYoungGen      total 377344K, used 2816K [0x0000000795580000, 0x00000007ba480000, 0x00000007c0000000)
  eden space 374272K, 0% used [0x0000000795580000,0x0000000795580000,0x00000007ac300000)
  from space 3072K, 91% used [0x00000007ba180000,0x00000007ba440000,0x00000007ba480000)
  to   space 10752K, 0% used [0x00000007b8f80000,0x00000007b8f80000,0x00000007b9a00000)
 ParOldGen       total 175104K, used 21453K [0x0000000740000000, 0x000000074ab00000, 0x0000000795580000)
  object space 175104K, 12% used [0x0000000740000000,0x00000007414f35f0,0x000000074ab00000)
 Metaspace       used 20349K, capacity 20712K, committed 20992K, reserved 1067008K
  class space    used 2380K, capacity 2477K, committed 2560K, reserved 1048576K
}
Event: 87.067 GC heap before
{Heap before GC invocations=30 (full 3):
 PSYoungGen      total 377344K, used 377088K [0x0000000795580000, 0x00000007ba480000, 0x00000007c0000000)
  eden space 374272K, 100% used [0x0000000795580000,0x00000007ac300000,0x00000007ac300000)
  from space 3072K, 91% used [0x00000007ba180000,0x00000007ba440000,0x00000007ba480000)
  to   space 10752K, 0% used [0x00000007b8f80000,0x00000007b8f80000,0x00000007b9a00000)
 ParOldGen       total 175104K, used 21453K [0x0000000740000000, 0x000000074ab00000, 0x0000000795580000)
  object space 175104K, 12% used [0x0000000740000000,0x00000007414f35f0,0x000000074ab00000)
 Metaspace       used 20349K, capacity 20712K, committed 20992K, reserved 1067008K
  class space    used 2380K, capacity 2477K, committed 2560K, reserved 1048576K
Event: 87.070 GC heap after
Heap after GC invocations=30 (full 3):
 PSYoungGen      total 361472K, used 2848K [0x0000000795580000, 0x00000007ba200000, 0x00000007c0000000)
  eden space 358400K, 0% used [0x0000000795580000,0x0000000795580000,0x00000007ab380000)
  from space 3072K, 92% used [0x00000007b8f80000,0x00000007b9248000,0x00000007b9280000)
  to   space 10240K, 0% used [0x00000007b9800000,0x00000007b9800000,0x00000007ba200000)
 ParOldGen       total 175104K, used 21501K [0x0000000740000000, 0x000000074ab00000, 0x0000000795580000)
  object space 175104K, 12% used [0x0000000740000000,0x00000007414ff5f0,0x000000074ab00000)
 Metaspace       used 20349K, capacity 20712K, committed 20992K, reserved 1067008K
  class space    used 2380K, capacity 2477K, committed 2560K, reserved 1048576K
}
Event: 87.479 GC heap before
{Heap before GC invocations=31 (full 3):
 PSYoungGen      total 361472K, used 361248K [0x0000000795580000, 0x00000007ba200000, 0x00000007c0000000)
  eden space 358400K, 100% used [0x0000000795580000,0x00000007ab380000,0x00000007ab380000)
  from space 3072K, 92% used [0x00000007b8f80000,0x00000007b9248000,0x00000007b9280000)
  to   space 10240K, 0% used [0x00000007b9800000,0x00000007b9800000,0x00000007ba200000)
 ParOldGen       total 175104K, used 21501K [0x0000000740000000, 0x000000074ab00000, 0x0000000795580000)
  object space 175104K, 12% used [0x0000000740000000,0x00000007414ff5f0,0x000000074ab00000)
 Metaspace       used 20349K, capacity 20712K, committed 20992K, reserved 1067008K
  class space    used 2380K, capacity 2477K, committed 2560K, reserved 1048576K
Event: 87.481 GC heap after
Heap after GC invocations=31 (full 3):
 PSYoungGen      total 346624K, used 2784K [0x0000000795580000, 0x00000007b9b00000, 0x00000007c0000000)
  eden space 343552K, 0% used [0x0000000795580000,0x0000000795580000,0x00000007aa500000)
  from space 3072K, 90% used [0x00000007b9800000,0x00000007b9ab8000,0x00000007b9b00000)
  to   space 10240K, 0% used [0x00000007b8700000,0x00000007b8700000,0x00000007b9100000)
 ParOldGen       total 175104K, used 21605K [0x0000000740000000, 0x000000074ab00000, 0x0000000795580000)
  object space 175104K, 12% used [0x0000000740000000,0x00000007415195f0,0x000000074ab00000)
 Metaspace       used 20349K, capacity 20712K, committed 20992K, reserved 1067008K
  class space    used 2380K, capacity 2477K, committed 2560K, reserved 1048576K
}
Event: 87.888 GC heap before
{Heap before GC invocations=32 (full 3):
 PSYoungGen      total 346624K, used 337180K [0x0000000795580000, 0x00000007b9b00000, 0x00000007c0000000)
  eden space 343552K, 97% used [0x0000000795580000,0x00000007a9c0f2e0,0x00000007aa500000)
  from space 3072K, 90% used [0x00000007b9800000,0x00000007b9ab8000,0x00000007b9b00000)
  to   space 10240K, 0% used [0x00000007b8700000,0x00000007b8700000,0x00000007b9100000)
 ParOldGen       total 175104K, used 21605K [0x0000000740000000, 0x000000074ab00000, 0x0000000795580000)
  object space 175104K, 12% used [0x0000000740000000,0x00000007415195f0,0x000000074ab00000)
 Metaspace       used 20411K, capacity 20784K, committed 20992K, reserved 1067008K
  class space    used 2386K, capacity 2489K, committed 2560K, reserved 1048576K
Event: 87.890 GC heap after
Heap after GC invocations=32 (full 3):
 PSYoungGen      total 345600K, used 2016K [0x0000000795580000, 0x00000007b9880000, 0x00000007c0000000)
  eden space 343552K, 0% used [0x0000000795580000,0x0000000795580000,0x00000007aa500000)
  from space 2048K, 98% used [0x00000007b8700000,0x00000007b88f8000,0x00000007b8900000)
  to   space 9728K, 0% used [0x00000007b8f00000,0x00000007b8f00000,0x00000007b9880000)
 ParOldGen       total 175104K, used 21661K [0x0000000740000000, 0x000000074ab00000, 0x0000000795580000)
  object space 175104K, 12% used [0x0000000740000000,0x00000007415275f0,0x000000074ab00000)
 Metaspace       used 20411K, capacity 20784K, committed 20992K, reserved 1067008K
  class space    used 2386K, capacity 2489K, committed 2560K, reserved 1048576K
}
Event: 87.890 GC heap before
{Heap before GC invocations=33 (full 4):
 PSYoungGen      total 345600K, used 2016K [0x0000000795580000, 0x00000007b9880000, 0x00000007c0000000)
  eden space 343552K, 0% used [0x0000000795580000,0x0000000795580000,0x00000007aa500000)
  from space 2048K, 98% used [0x00000007b8700000,0x00000007b88f8000,0x00000007b8900000)
  to   space 9728K, 0% used [0x00000007b8f00000,0x00000007b8f00000,0x00000007b9880000)
 ParOldGen       total 175104K, used 21661K [0x0000000740000000, 0x000000074ab00000, 0x0000000795580000)
  object space 175104K, 12% used [0x0000000740000000,0x00000007415275f0,0x000000074ab00000)
 Metaspace       used 20411K, capacity 20784K, committed 20992K, reserved 1067008K
  class space    used 2386K, capacity 2489K, committed 2560K, reserved 1048576K
Event: 87.938 GC heap after
Heap after GC invocations=33 (full 4):
 PSYoungGen      total 345600K, used 0K [0x0000000795580000, 0x00000007b9880000, 0x00000007c0000000)
  eden space 343552K, 0% used [0x0000000795580000,0x0000000795580000,0x00000007aa500000)
  from space 2048K, 0% used [0x00000007b8700000,0x00000007b8700000,0x00000007b8900000)
  to   space 9728K, 0% used [0x00000007b8f00000,0x00000007b8f00000,0x00000007b9880000)
 ParOldGen       total 175104K, used 14741K [0x0000000740000000, 0x000000074ab00000, 0x0000000795580000)
  object space 175104K, 8% used [0x0000000740000000,0x0000000740e655d0,0x000000074ab00000)
 Metaspace       used 20411K, capacity 20784K, committed 20992K, reserved 1067008K
  class space    used 2386K, capacity 2489K, committed 2560K, reserved 1048576K
}

Deoptimization events (10 events):
Event: 28.082 Thread 0x00007f9f04867000 Uncommon trap: reason=unstable_if action=reinterpret pc=0x000000011bd4289c method=sun.misc.FDBigInteger.cmp(Lsun/misc/FDBigInteger;)I @ 29
Event: 28.386 Thread 0x00007f9f04867000 Uncommon trap: reason=class_check action=maybe_recompile pc=0x000000011b30a4b8 method=java.io.Writer.write(Ljava/lang/String;)V @ 7
Event: 28.640 Thread 0x00007f9f04867000 Uncommon trap: reason=class_check action=maybe_recompile pc=0x000000011b6c2fe0 method=java.util.regex.Pattern$CharProperty.study(Ljava/util/regex/Pattern$TreeInfo;)Z @ 25
Event: 28.764 Thread 0x00007f9f04867000 Uncommon trap: reason=class_check action=maybe_recompile pc=0x000000011b6c2fe0 method=java.util.regex.Pattern$CharProperty.study(Ljava/util/regex/Pattern$TreeInfo;)Z @ 25
Event: 28.855 Thread 0x00007f9f04867000 Uncommon trap: reason=unstable_if action=reinterpret pc=0x000000011b14828c method=java.lang.String.indexOf([CII[CIII)I @ 19
Event: 43.092 Thread 0x00007f9f04867000 Uncommon trap: reason=unstable_if action=reinterpret pc=0x000000011bd296c4 method=java.math.BigDecimal.<init>([CIILjava/math/MathContext;)V @ 169
Event: 47.279 Thread 0x00007f9f04867000 Uncommon trap: reason=unstable_if action=reinterpret pc=0x000000011bb6df30 method=com.spss.officeopenxml.excel2007.SPSSExcel2007ReaderHelper.writeWorksheetData(Ljava/util/Iterator;Ljava/io/BufferedWriter;Ljava/io/BufferedWriter;[I[IZZ)V @ 389
Event: 85.014 Thread 0x00007f9f04867000 Uncommon trap: reason=unstable_if action=reinterpret pc=0x000000011bdde3c4 method=java.io.ExpiringCache.entryFor(Ljava/lang/String;)Ljava/io/ExpiringCache$Entry; @ 39
Event: 85.047 Thread 0x00007f9f04867000 Uncommon trap: reason=unstable_if action=reinterpret pc=0x000000011baa59d8 method=java.io.ExpiringCache.entryFor(Ljava/lang/String;)Ljava/io/ExpiringCache$Entry; @ 39
Event: 85.198 Thread 0x00007f9f04867000 Uncommon trap: reason=unstable_if action=reinterpret pc=0x000000011bba84e8 method=sun.misc.FloatingDecimal$BinaryToASCIIBuffer.dtoa(IJIZ)V @ 88

Internal exceptions (10 events):
Event: 9.787 Thread 0x00007f9f04867000 Exception <a 'java/io/FileNotFoundException'> (0x0000000797fe2778) thrown at [/Users/java_re/workspace/8-2-build-macosx-x86_64/jdk8u121/8372/hotspot/src/share/vm/prims/jni.cpp, line 709]
Event: 9.808 Thread 0x00007f9f04867000 Exception <a 'java/io/FileNotFoundException'> (0x0000000797fef778) thrown at [/Users/java_re/workspace/8-2-build-macosx-x86_64/jdk8u121/8372/hotspot/src/share/vm/prims/jni.cpp, line 709]
Event: 10.196 Thread 0x00007f9f04867000 Implicit null exception at 0x000000011b1e0175 to 0x000000011b1e03c9
Event: 10.196 Thread 0x00007f9f04867000 Implicit null exception at 0x000000011b38cdbb to 0x000000011b38d665
Event: 13.119 Thread 0x00007f9f04867000 Implicit null exception at 0x000000011b1ffa81 to 0x000000011b1ffba5
Event: 15.086 Thread 0x00007f9f04867000 Implicit null exception at 0x000000011bb68306 to 0x000000011bb6c3a5
Event: 15.177 Thread 0x00007f9f04867000 Implicit null exception at 0x000000011bb821b0 to 0x000000011bb82d05
Event: 25.235 Thread 0x00007f9f04867000 Exception <a 'java/io/FileNotFoundException'> (0x00000007a2c13cf8) thrown at [/Users/java_re/workspace/8-2-build-macosx-x86_64/jdk8u121/8372/hotspot/src/share/vm/prims/jni.cpp, line 709]
Event: 42.889 Thread 0x00007f9f04867000 Exception <a 'java/io/FileNotFoundException'> (0x00000007af5234b0) thrown at [/Users/java_re/workspace/8-2-build-macosx-x86_64/jdk8u121/8372/hotspot/src/share/vm/prims/jni.cpp, line 709]
Event: 85.012 Thread 0x00007f9f04867000 Exception <a 'java/io/FileNotFoundException'> (0x000000079c295f18) thrown at [/Users/java_re/workspace/8-2-build-macosx-x86_64/jdk8u121/8372/hotspot/src/share/vm/prims/jni.cpp, line 709]

Events (10 events):
Event: 87.939 Executing VM operation: RevokeBias
Event: 87.939 Executing VM operation: RevokeBias done
Event: 87.939 Executing VM operation: RevokeBias
Event: 87.939 Executing VM operation: RevokeBias done
Event: 87.939 Executing VM operation: RevokeBias
Event: 87.939 Executing VM operation: RevokeBias done
Event: 87.939 Executing VM operation: RevokeBias
Event: 87.939 Executing VM operation: RevokeBias done
Event: 87.939 Executing VM operation: RevokeBias
Event: 87.939 Executing VM operation: RevokeBias done


Dynamic libraries:
0x000000002be33000 	/System/Library/Frameworks/CoreFoundation.framework/Versions/A/CoreFoundation
0x000000002be33000 	/System/Library/Frameworks/IOKit.framework/Versions/A/IOKit
0x000000002be33000 	/usr/lib/libstdc++.6.0.9.dylib
0x000000010cbb7000 	/Applications/IBM/SPSS/Statistics/25/SPSSStatistics.app/Contents/lib/libtempdir.dylib
0x000000010cbdb000 	/Applications/IBM/SPSS/Statistics/25/SPSSStatistics.app/Contents/lib/libspssxd.dylib
0x000000010ce88000 	/Applications/IBM/SPSS/Statistics/25/SPSSStatistics.app/Contents/lib/libspssdxcom.dylib
0x000000010cecd000 	/Applications/IBM/SPSS/Statistics/25/SPSSStatistics.app/Contents/common/ext/bin/spss.common/libscorelib850r.dylib
0x000000010cfd3000 	/Applications/IBM/SPSS/Statistics/25/SPSSStatistics.app/Contents/common/ext/bin/spss.common/libGeneralRegressionModel850r.dylib
0x000000010d049000 	/Applications/IBM/SPSS/Statistics/25/SPSSStatistics.app/Contents/common/ext/bin/spss.common/libdiscriminant-model850r.dylib
0x000000002be33000 	/usr/lib/libSystem.B.dylib
0x000000002be33000 	/usr/lib/libDiagnosticMessagesClient.dylib
0x000000002be33000 	/usr/lib/libicucore.A.dylib
0x000000002be33000 	/usr/lib/libobjc.A.dylib
0x000000002be33000 	/usr/lib/libz.1.dylib
0x000000002be33000 	/usr/lib/system/libcache.dylib
0x000000002be33000 	/usr/lib/system/libcommonCrypto.dylib
0x000000002be33000 	/usr/lib/system/libcompiler_rt.dylib
0x000000002be33000 	/usr/lib/system/libcopyfile.dylib
0x000000002be33000 	/usr/lib/system/libcorecrypto.dylib
0x000000002be33000 	/usr/lib/system/libdispatch.dylib
0x000000002be33000 	/usr/lib/system/libdyld.dylib
0x000000002be33000 	/usr/lib/system/libkeymgr.dylib
0x000000002be33000 	/usr/lib/system/liblaunch.dylib
0x000000002be33000 	/usr/lib/system/libmacho.dylib
0x000000002be33000 	/usr/lib/system/libquarantine.dylib
0x000000002be33000 	/usr/lib/system/libremovefile.dylib
0x000000002be33000 	/usr/lib/system/libsystem_asl.dylib
0x000000002be33000 	/usr/lib/system/libsystem_blocks.dylib
0x000000002be33000 	/usr/lib/system/libsystem_c.dylib
0x000000002be33000 	/usr/lib/system/libsystem_configuration.dylib
0x000000002be33000 	/usr/lib/system/libsystem_coreservices.dylib
0x000000002be33000 	/usr/lib/system/libsystem_darwin.dylib
0x000000002be33000 	/usr/lib/system/libsystem_dnssd.dylib
0x000000002be33000 	/usr/lib/system/libsystem_info.dylib
0x000000002be33000 	/usr/lib/system/libsystem_m.dylib
0x000000002be33000 	/usr/lib/system/libsystem_malloc.dylib
0x000000002be33000 	/usr/lib/system/libsystem_network.dylib
0x000000002be33000 	/usr/lib/system/libsystem_networkextension.dylib
0x000000002be33000 	/usr/lib/system/libsystem_notify.dylib
0x000000002be33000 	/usr/lib/system/libsystem_sandbox.dylib
0x000000002be33000 	/usr/lib/system/libsystem_secinit.dylib
0x000000002be33000 	/usr/lib/system/libsystem_kernel.dylib
0x000000002be33000 	/usr/lib/system/libsystem_platform.dylib
0x000000002be33000 	/usr/lib/system/libsystem_pthread.dylib
0x000000002be33000 	/usr/lib/system/libsystem_symptoms.dylib
0x000000002be33000 	/usr/lib/system/libsystem_trace.dylib
0x000000002be33000 	/usr/lib/system/libunwind.dylib
0x000000002be33000 	/usr/lib/system/libxpc.dylib
0x000000002be33000 	/usr/lib/closure/libclosured.dylib
0x000000002be33000 	/usr/lib/libc++abi.dylib
0x000000002be33000 	/usr/lib/libc++.1.dylib
0x000000002be33000 	/usr/lib/libenergytrace.dylib
0x000000002be33000 	/usr/lib/libbsm.0.dylib
0x000000002be33000 	/usr/lib/system/libkxld.dylib
0x000000010d06a000 	/Applications/IBM/SPSS/Statistics/25/SPSSStatistics.app/Contents/lib/libifcoremt.dylib
0x000000010d1e4000 	/Applications/IBM/SPSS/Statistics/25/SPSSStatistics.app/Contents/lib/libimf.dylib
0x000000010d505000 	/Applications/IBM/SPSS/Statistics/25/SPSSStatistics.app/Contents/lib/libsvml.dylib
0x000000010e002000 	/Applications/IBM/SPSS/Statistics/25/SPSSStatistics.app/Contents/lib/libintlc.dylib
0x000000010e04e000 	/Applications/IBM/SPSS/Statistics/25/SPSSStatistics.app/Contents/lib/libplatdep.dylib
0x000000010e099000 	/Applications/IBM/SPSS/Statistics/25/SPSSStatistics.app/Contents/lib/libgsk8iccs.dylib
0x000000010e110000 	/Applications/IBM/SPSS/Statistics/25/SPSSStatistics.app/Contents/lib/libsockbsd.dylib
0x000000010e11e000 	/Applications/IBM/SPSS/Statistics/25/SPSSStatistics.app/Contents/lib/libsfthread.dylib
0x000000010e12d000 	/Applications/IBM/SPSS/Statistics/25/SPSSStatistics.app/Contents/lib/libvserial.dylib
0x000000010e148000 	/Applications/IBM/SPSS/Statistics/25/SPSSStatistics.app/Contents/lib/libvutility.dylib
0x000000010e151000 	/Applications/IBM/SPSS/Statistics/25/SPSSStatistics.app/Contents/lib/libicuuc.51.2.dylib
0x000000010e32e000 	/Applications/IBM/SPSS/Statistics/25/SPSSStatistics.app/Contents/lib/libicui18n.51.2.dylib
0x000000010e605000 	/Applications/IBM/SPSS/Statistics/25/SPSSStatistics.app/Contents/lib/libxerces-c-3.1.dylib
0x000000010e9de000 	/Applications/IBM/SPSS/Statistics/25/SPSSStatistics.app/Contents/lib/libicudata.51.2.dylib
0x000000010ff2b000 	/Applications/IBM/SPSS/Statistics/25/SPSSStatistics.app/Contents/lib/libspsswlib.dylib
0x00000001122f1000 	/Applications/IBM/SPSS/Statistics/25/SPSSStatistics.app/Contents/lib/libcpuinfo.dylib
0x00000001122f9000 	/Applications/IBM/SPSS/Statistics/25/SPSSStatistics.app/Contents/lib/libomcell.dylib
0x0000000112323000 	/Applications/IBM/SPSS/Statistics/25/SPSSStatistics.app/Contents/lib/libomfactry.dylib
0x00000001123cd000 	/Applications/IBM/SPSS/Statistics/25/SPSSStatistics.app/Contents/lib/libomtree.dylib
0x0000000112408000 	/Applications/IBM/SPSS/Statistics/25/SPSSStatistics.app/Contents/lib/libomxxml.dylib
0x0000000112447000 	/Applications/IBM/SPSS/Statistics/25/SPSSStatistics.app/Contents/lib/libomxsav.dylib
0x000000011245b000 	/Applications/IBM/SPSS/Statistics/25/SPSSStatistics.app/Contents/lib/libomxhtml.dylib
0x0000000112482000 	/Applications/IBM/SPSS/Statistics/25/SPSSStatistics.app/Contents/lib/libomxtext.dylib
0x00000001124a6000 	/Applications/IBM/SPSS/Statistics/25/SPSSStatistics.app/Contents/lib/libomxspv.dylib
0x00000001124b0000 	/Applications/IBM/SPSS/Statistics/25/SPSSStatistics.app/Contents/lib/libspssjni.dylib
0x00000001124ba000 	/Applications/IBM/SPSS/Statistics/25/SPSSStatistics.app/Contents/lib/libspssjvm.dylib
0x00000001124c7000 	/Applications/IBM/SPSS/Statistics/25/SPSSStatistics.app/Contents/lib/libvizedit.dylib
0x00000001124ec000 	/Applications/IBM/SPSS/Statistics/25/SPSSStatistics.app/Contents/lib/libtransspc.dylib
0x0000000112519000 	/Applications/IBM/SPSS/Statistics/25/SPSSStatistics.app/Contents/lib/libdedstore.dylib
0x0000000112534000 	/Applications/IBM/SPSS/Statistics/25/SPSSStatistics.app/Contents/lib/libsvrdmgr.dylib
0x0000000112557000 	/Applications/IBM/SPSS/Statistics/25/SPSSStatistics.app/Contents/lib/libdatasrc.dylib
0x00000001125ff000 	/Applications/IBM/SPSS/Statistics/25/SPSSStatistics.app/Contents/lib/libsvrerrs.dylib
0x0000000112607000 	/Applications/IBM/SPSS/Statistics/25/SPSSStatistics.app/Contents/lib/libspssdemg.dylib
0x0000000112653000 	/Applications/IBM/SPSS/Statistics/25/SPSSStatistics.app/Contents/lib/libcpputil.dylib
0x0000000112690000 	/Applications/IBM/SPSS/Statistics/25/SPSSStatistics.app/Contents/lib/libstrtable.dylib
0x00000000da6a5000 	/Applications/IBM/SPSS/Statistics/25/SPSSStatistics.app/Contents/lib/libxalan-c.111.0.dylib
0x0000000112cf5000 	/Applications/IBM/SPSS/Statistics/25/SPSSStatistics.app/Contents/lib/libchartutl.dylib
0x0000000112e06000 	/Applications/IBM/SPSS/Statistics/25/SPSSStatistics.app/Contents/lib/libspssmsgs.dylib
0x0000000112e0b000 	/Applications/IBM/SPSS/Statistics/25/SPSSStatistics.app/Contents/lib/libvizchart.dylib
0x0000000113034000 	/Applications/IBM/SPSS/Statistics/25/SPSSStatistics.app/Contents/lib/libzlib1211spss.dylib
0x000000011306b000 	/Applications/IBM/SPSS/Statistics/25/SPSSStatistics.app/Contents/lib/libindutil.dylib
0x00000000d307d000 	/Applications/IBM/SPSS/Statistics/25/SPSSStatistics.app/Contents/lib/libxalanMsg.111.0.dylib
0x000000011308b000 	/Applications/IBM/SPSS/Statistics/25/SPSSStatistics.app/Contents/lib/libspssiocv.dylib
0x00000001130c1000 	/Applications/IBM/SPSS/Statistics/25/SPSSStatistics.app/Contents/lib/libreadonly.dylib
0x00000001130c7000 	/Applications/IBM/SPSS/Statistics/25/SPSSStatistics.app/Contents/lib/libtmsutil.dylib
0x00000001130d3000 	/Applications/IBM/SPSS/Statistics/25/SPSSStatistics.app/Contents/lib/libcvtrans.dylib
0x0000000073118000 	/Applications/IBM/SPSS/Statistics/25/SPSSStatistics.app/Contents/Library/Frameworks/Sentinel.framework/Versions/A/Sentinel
0x0000000113134000 	/Applications/IBM/SPSS/Statistics/25/SPSSStatistics.app/Contents/Library/Frameworks/SuperPro.framework/Versions/A/SuperPro
0x0000000113151000 	/Applications/IBM/SPSS/Statistics/25/SPSSStatistics.app/Contents/lib/libcmddata.dylib
0x0000000113157000 	/Applications/IBM/SPSS/Statistics/25/SPSSStatistics.app/Contents/lib/libmcbstsps.dylib
0x000000002be33000 	/usr/lib/libiconv.2.dylib
0x000000002be33000 	/System/Library/Frameworks/CoreServices.framework/Versions/A/CoreServices
0x000000002be33000 	/System/Library/Frameworks/CFNetwork.framework/Versions/A/CFNetwork
0x000000002be33000 	/System/Library/Frameworks/CoreServices.framework/Versions/A/Frameworks/FSEvents.framework/Versions/A/FSEvents
0x000000002be33000 	/System/Library/Frameworks/CoreServices.framework/Versions/A/Frameworks/CarbonCore.framework/Versions/A/CarbonCore
0x000000002be33000 	/System/Library/Frameworks/CoreServices.framework/Versions/A/Frameworks/Metadata.framework/Versions/A/Metadata
0x000000002be33000 	/System/Library/Frameworks/CoreServices.framework/Versions/A/Frameworks/OSServices.framework/Versions/A/OSServices
0x000000002be33000 	/System/Library/Frameworks/CoreServices.framework/Versions/A/Frameworks/SearchKit.framework/Versions/A/SearchKit
0x000000002be33000 	/System/Library/Frameworks/CoreServices.framework/Versions/A/Frameworks/AE.framework/Versions/A/AE
0x000000002be33000 	/System/Library/Frameworks/CoreServices.framework/Versions/A/Frameworks/LaunchServices.framework/Versions/A/LaunchServices
0x000000002be33000 	/System/Library/Frameworks/CoreServices.framework/Versions/A/Frameworks/DictionaryServices.framework/Versions/A/DictionaryServices
0x000000002be33000 	/System/Library/Frameworks/CoreServices.framework/Versions/A/Frameworks/SharedFileList.framework/Versions/A/SharedFileList
0x000000002be33000 	/usr/lib/libauto.dylib
0x000000002be33000 	/System/Library/Frameworks/SystemConfiguration.framework/Versions/A/SystemConfiguration
0x000000002be33000 	/System/Library/Frameworks/Security.framework/Versions/A/Security
0x000000002be33000 	/usr/lib/libsqlite3.dylib
0x000000002be33000 	/usr/lib/libxml2.2.dylib
0x000000002be33000 	/usr/lib/libnetwork.dylib
0x000000002be33000 	/usr/lib/libapple_nghttp2.dylib
0x000000002be33000 	/usr/lib/libpcap.A.dylib
0x000000002be33000 	/usr/lib/libboringssl.dylib
0x000000002be33000 	/usr/lib/libusrtcp.dylib
0x000000002be33000 	/usr/lib/libcoretls.dylib
0x000000002be33000 	/usr/lib/libcoretls_cfhelpers.dylib
0x000000002be33000 	/usr/lib/libapple_crypto.dylib
0x000000002be33000 	/System/Library/Frameworks/Foundation.framework/Versions/C/Foundation
0x000000002be33000 	/usr/lib/libOpenScriptingUtil.dylib
0x000000002be33000 	/usr/lib/libpam.2.dylib
0x000000002be33000 	/usr/lib/libxar.1.dylib
0x000000002be33000 	/System/Library/Frameworks/DiskArbitration.framework/Versions/A/DiskArbitration
0x000000002be33000 	/usr/lib/libarchive.2.dylib
0x000000002be33000 	/usr/lib/liblangid.dylib
0x000000002be33000 	/usr/lib/libCRFSuite.dylib
0x000000002be33000 	/usr/lib/libbz2.1.0.dylib
0x000000002be33000 	/usr/lib/liblzma.5.dylib
0x000000002be33000 	/System/Library/Frameworks/NetFS.framework/Versions/A/NetFS
0x000000002be33000 	/System/Library/PrivateFrameworks/NetAuth.framework/Versions/A/NetAuth
0x000000002be33000 	/System/Library/PrivateFrameworks/login.framework/Versions/A/Frameworks/loginsupport.framework/Versions/A/loginsupport
0x000000002be33000 	/System/Library/PrivateFrameworks/TCC.framework/Versions/A/TCC
0x000000002be33000 	/usr/lib/libmecabra.dylib
0x000000002be33000 	/System/Library/Frameworks/ApplicationServices.framework/Versions/A/ApplicationServices
0x000000002be33000 	/System/Library/Frameworks/CoreGraphics.framework/Versions/A/CoreGraphics
0x000000002be33000 	/System/Library/Frameworks/CoreText.framework/Versions/A/CoreText
0x000000002be33000 	/System/Library/Frameworks/ImageIO.framework/Versions/A/ImageIO
0x000000002be33000 	/System/Library/Frameworks/ColorSync.framework/Versions/A/ColorSync
0x000000002be33000 	/System/Library/Frameworks/ApplicationServices.framework/Versions/A/Frameworks/ATS.framework/Versions/A/ATS
0x000000002be33000 	/System/Library/Frameworks/ApplicationServices.framework/Versions/A/Frameworks/ColorSyncLegacy.framework/Versions/A/ColorSyncLegacy
0x000000002be33000 	/System/Library/Frameworks/ApplicationServices.framework/Versions/A/Frameworks/HIServices.framework/Versions/A/HIServices
0x000000002be33000 	/System/Library/Frameworks/ApplicationServices.framework/Versions/A/Frameworks/LangAnalysis.framework/Versions/A/LangAnalysis
0x000000002be33000 	/System/Library/Frameworks/ApplicationServices.framework/Versions/A/Frameworks/PrintCore.framework/Versions/A/PrintCore
0x000000002be33000 	/System/Library/Frameworks/ApplicationServices.framework/Versions/A/Frameworks/QD.framework/Versions/A/QD
0x000000002be33000 	/System/Library/Frameworks/ApplicationServices.framework/Versions/A/Frameworks/SpeechSynthesis.framework/Versions/A/SpeechSynthesis
0x000000002be33000 	/System/Library/PrivateFrameworks/SkyLight.framework/Versions/A/SkyLight
0x000000002be33000 	/System/Library/Frameworks/Accelerate.framework/Versions/A/Accelerate
0x000000002be33000 	/System/Library/Frameworks/CoreDisplay.framework/Versions/A/CoreDisplay
0x000000002be33000 	/System/Library/Frameworks/IOSurface.framework/Versions/A/IOSurface
0x000000002be33000 	/System/Library/Frameworks/Metal.framework/Versions/A/Metal
0x000000002be33000 	/System/Library/PrivateFrameworks/MultitouchSupport.framework/Versions/A/MultitouchSupport
0x000000002be33000 	/System/Library/Frameworks/QuartzCore.framework/Versions/A/QuartzCore
0x000000002be33000 	/System/Library/Frameworks/Accelerate.framework/Versions/A/Frameworks/vImage.framework/Versions/A/vImage
0x000000002be33000 	/System/Library/Frameworks/Accelerate.framework/Versions/A/Frameworks/vecLib.framework/Versions/A/vecLib
0x000000002be33000 	/System/Library/Frameworks/Accelerate.framework/Versions/A/Frameworks/vecLib.framework/Versions/A/libvDSP.dylib
0x000000002be33000 	/System/Library/Frameworks/Accelerate.framework/Versions/A/Frameworks/vecLib.framework/Versions/A/libBNNS.dylib
0x000000002be33000 	/System/Library/Frameworks/Accelerate.framework/Versions/A/Frameworks/vecLib.framework/Versions/A/libQuadrature.dylib
0x000000002be33000 	/System/Library/Frameworks/Accelerate.framework/Versions/A/Frameworks/vecLib.framework/Versions/A/libvMisc.dylib
0x000000002be33000 	/System/Library/Frameworks/Accelerate.framework/Versions/A/Frameworks/vecLib.framework/Versions/A/libLAPACK.dylib
0x000000002be33000 	/System/Library/Frameworks/Accelerate.framework/Versions/A/Frameworks/vecLib.framework/Versions/A/libBLAS.dylib
0x000000002be33000 	/System/Library/Frameworks/Accelerate.framework/Versions/A/Frameworks/vecLib.framework/Versions/A/libLinearAlgebra.dylib
0x000000002be33000 	/System/Library/Frameworks/Accelerate.framework/Versions/A/Frameworks/vecLib.framework/Versions/A/libSparse.dylib
0x000000002be33000 	/System/Library/Frameworks/Accelerate.framework/Versions/A/Frameworks/vecLib.framework/Versions/A/libSparseBLAS.dylib
0x000000002be33000 	/System/Library/PrivateFrameworks/IOAccelerator.framework/Versions/A/IOAccelerator
0x000000002be33000 	/System/Library/PrivateFrameworks/IOPresentment.framework/Versions/A/IOPresentment
0x000000002be33000 	/System/Library/PrivateFrameworks/DSExternalDisplay.framework/Versions/A/DSExternalDisplay
0x000000002be33000 	/System/Library/Frameworks/OpenGL.framework/Versions/A/Libraries/libCoreFSCache.dylib
0x000000002be33000 	/System/Library/Frameworks/CoreImage.framework/Versions/A/CoreImage
0x000000002be33000 	/System/Library/Frameworks/CoreVideo.framework/Versions/A/CoreVideo
0x000000002be33000 	/System/Library/Frameworks/OpenGL.framework/Versions/A/OpenGL
0x000000002be33000 	/System/Library/PrivateFrameworks/GraphVisualizer.framework/Versions/A/GraphVisualizer
0x000000002be33000 	/System/Library/Frameworks/MetalPerformanceShaders.framework/Versions/A/MetalPerformanceShaders
0x000000002be33000 	/usr/lib/libFosl_dynamic.dylib
0x000000002be33000 	/System/Library/PrivateFrameworks/FaceCore.framework/Versions/A/FaceCore
0x000000002be33000 	/System/Library/Frameworks/OpenCL.framework/Versions/A/OpenCL
0x000000002be33000 	/usr/lib/libcompression.dylib
0x000000002be33000 	/System/Library/Frameworks/ApplicationServices.framework/Versions/A/Frameworks/ATS.framework/Versions/A/Resources/libFontParser.dylib
0x000000002be33000 	/System/Library/Frameworks/ApplicationServices.framework/Versions/A/Frameworks/ATS.framework/Versions/A/Resources/libFontRegistry.dylib
0x000000002be33000 	/System/Library/Frameworks/ImageIO.framework/Versions/A/Resources/libJPEG.dylib
0x000000002be33000 	/System/Library/Frameworks/ImageIO.framework/Versions/A/Resources/libTIFF.dylib
0x000000002be33000 	/System/Library/Frameworks/ImageIO.framework/Versions/A/Resources/libPng.dylib
0x000000002be33000 	/System/Library/Frameworks/ImageIO.framework/Versions/A/Resources/libGIF.dylib
0x000000002be33000 	/System/Library/Frameworks/ImageIO.framework/Versions/A/Resources/libJP2.dylib
0x000000002be33000 	/System/Library/Frameworks/ImageIO.framework/Versions/A/Resources/libRadiance.dylib
0x000000002be33000 	/System/Library/PrivateFrameworks/AppleJPEG.framework/Versions/A/AppleJPEG
0x000000002be33000 	/System/Library/PrivateFrameworks/MetalTools.framework/Versions/A/MetalTools
0x000000002be33000 	/System/Library/Frameworks/MetalPerformanceShaders.framework/Frameworks/MPSCore.framework/Versions/A/MPSCore
0x000000002be33000 	/System/Library/Frameworks/MetalPerformanceShaders.framework/Frameworks/MPSImage.framework/Versions/A/MPSImage
0x000000002be33000 	/System/Library/Frameworks/MetalPerformanceShaders.framework/Frameworks/MPSMatrix.framework/Versions/A/MPSMatrix
0x000000002be33000 	/System/Library/Frameworks/MetalPerformanceShaders.framework/Frameworks/MPSNeuralNetwork.framework/Versions/A/MPSNeuralNetwork
0x000000002be33000 	/System/Library/Frameworks/OpenGL.framework/Versions/A/Libraries/libGLU.dylib
0x000000002be33000 	/System/Library/Frameworks/OpenGL.framework/Versions/A/Libraries/libGFXShared.dylib
0x000000002be33000 	/System/Library/Frameworks/OpenGL.framework/Versions/A/Libraries/libGL.dylib
0x000000002be33000 	/System/Library/Frameworks/OpenGL.framework/Versions/A/Libraries/libGLImage.dylib
0x000000002be33000 	/System/Library/Frameworks/OpenGL.framework/Versions/A/Libraries/libCVMSPluginSupport.dylib
0x000000002be33000 	/System/Library/Frameworks/OpenGL.framework/Versions/A/Libraries/libCoreVMClient.dylib
0x000000002be33000 	/usr/lib/libcups.2.dylib
0x000000002be33000 	/System/Library/Frameworks/Kerberos.framework/Versions/A/Kerberos
0x000000002be33000 	/System/Library/Frameworks/GSS.framework/Versions/A/GSS
0x000000002be33000 	/usr/lib/libresolv.9.dylib
0x000000002be33000 	/System/Library/PrivateFrameworks/Heimdal.framework/Versions/A/Heimdal
0x000000002be33000 	/usr/lib/libheimdal-asn1.dylib
0x000000002be33000 	/System/Library/Frameworks/OpenDirectory.framework/Versions/A/OpenDirectory
0x000000002be33000 	/System/Library/PrivateFrameworks/CommonAuth.framework/Versions/A/CommonAuth
0x000000002be33000 	/System/Library/Frameworks/OpenDirectory.framework/Versions/A/Frameworks/CFOpenDirectory.framework/Versions/A/CFOpenDirectory
0x000000002be33000 	/System/Library/Frameworks/SecurityFoundation.framework/Versions/A/SecurityFoundation
0x000000002be33000 	/System/Library/PrivateFrameworks/APFS.framework/Versions/A/APFS
0x000000002be33000 	/usr/lib/libutil.dylib
0x000000002be33000 	/System/Library/Frameworks/CoreAudio.framework/Versions/A/CoreAudio
0x000000002be33000 	/System/Library/Frameworks/AudioToolbox.framework/Versions/A/AudioToolbox
0x000000002be33000 	/System/Library/PrivateFrameworks/AppleSauce.framework/Versions/A/AppleSauce
0x000000002be33000 	/System/Library/PrivateFrameworks/LinguisticData.framework/Versions/A/LinguisticData
0x000000002be33000 	/usr/lib/libmarisa.dylib
0x000000002be33000 	/System/Library/PrivateFrameworks/Lexicon.framework/Versions/A/Lexicon
0x000000002be33000 	/usr/lib/libChineseTokenizer.dylib
0x000000002be33000 	/usr/lib/libcmph.dylib
0x000000002be33000 	/System/Library/PrivateFrameworks/LanguageModeling.framework/Versions/A/LanguageModeling
0x000000002be33000 	/System/Library/Frameworks/CoreData.framework/Versions/A/CoreData
0x000000002be33000 	/System/Library/PrivateFrameworks/CoreEmoji.framework/Versions/A/CoreEmoji
0x000000002be33000 	/System/Library/Frameworks/ServiceManagement.framework/Versions/A/ServiceManagement
0x000000002be33000 	/System/Library/PrivateFrameworks/BackgroundTaskManagement.framework/Versions/A/BackgroundTaskManagement
0x000000002be33000 	/usr/lib/libxslt.1.dylib
0x0000000113163000 	/Applications/IBM/SPSS/Statistics/25/SPSSStatistics.app/Contents/lib/libdatastr.dylib
0x0000000113186000 	/Applications/IBM/SPSS/Statistics/25/SPSSStatistics.app/Contents/lib/libstacrypt.dylib
0x0000000113194000 	/Applications/IBM/SPSS/Statistics/25/SPSSStatistics.app/Contents/lib/libmccomsps.dylib
0x0000000113298000 	/Applications/IBM/SPSS/Statistics/25/SPSSStatistics.app/Contents/lib/libspsspool.dylib
0x00000001132d7000 	/Applications/IBM/SPSS/Statistics/25/SPSSStatistics.app/Contents/lib/libxchart.dylib
0x0000000113362000 	/Applications/IBM/SPSS/Statistics/25/SPSSStatistics.app/Contents/lib/libviewerxml.dylib
0x0000000113467000 	/Applications/IBM/SPSS/Statistics/25/SPSSStatistics.app/Contents/lib/libspsswctl.dylib
0x000000011357b000 	/Applications/IBM/SPSS/Statistics/25/SPSSStatistics.app/Contents/lib/libuparser.dylib
0x0000000115f87000 	/Applications/IBM/SPSS/Statistics/25/SPSSStatistics.app/Contents/lib/libspssdx.dylib
0x0000000115fb3000 	/Applications/IBM/SPSS/Statistics/25/SPSSStatistics.app/Contents/lib/libomsopmgr.dylib
0x0000000115fda000 	/Applications/IBM/SPSS/Statistics/25/SPSSStatistics.app/Contents/lib/libspsswcis.dylib
0x000000011610b000 	/Applications/IBM/SPSS/Statistics/25/SPSSStatistics.app/Contents/lib/libspsswmsg.dylib
0x0000000116133000 	/Applications/IBM/SPSS/Statistics/25/SPSSStatistics.app/Contents/lib/libuadapter.dylib
0x0000000116168000 	/Applications/IBM/SPSS/Statistics/25/SPSSStatistics.app/Contents/lib/libspssclef.dylib
0x00000001161ac000 	/Applications/IBM/SPSS/Statistics/25/SPSSStatistics.app/Contents/ext/bin/spss.common/libcfcore.dylib
0x0000000116291000 	/Applications/IBM/SPSS/Statistics/25/SPSSStatistics.app/Contents/ext/bin/spss.common/libcfcommon.dylib
0x000000011630a000 	/Applications/IBM/SPSS/Statistics/25/SPSSStatistics.app/Contents/lib/libfmsgs.dylib
0x000000011633e000 	/Applications/IBM/SPSS/Statistics/25/SPSSStatistics.app/Contents/lib/libnetcom.dylib
0x00000001135e8000 	/Applications/IBM/SPSS/Statistics/25/SPSSStatistics.app/Contents/lib/libfwutility.dylib
0x0000000116366000 	/Applications/IBM/SPSS/Statistics/25/SPSSStatistics.app/Contents/lib/libfilesort.dylib
0x000000011637a000 	/Applications/IBM/SPSS/Statistics/25/SPSSStatistics.app/Contents/lib/libmtxp.dylib
0x00000001135f0000 	/Applications/IBM/SPSS/Statistics/25/SPSSStatistics.app/Contents/ext/bin/spss.common/libcorethread.dylib
0x000000010dffb000 	/Applications/IBM/SPSS/Statistics/25/SPSSStatistics.app/Contents/ext/bin/spss.common/libcfthread.dylib
0x0000000116396000 	/Applications/IBM/SPSS/Statistics/25/SPSSStatistics.app/Contents/common/ext/bin/spss.common/libcfcomserv.dylib
0x00000001163ae000 	/Applications/IBM/SPSS/Statistics/25/SPSSStatistics.app/Contents/ext/bin/spss.common/libcfextension.dylib
0x00000001163e6000 	/Applications/IBM/SPSS/Statistics/25/SPSSStatistics.app/Contents/ext/bin/spss.common/libcffilter.dylib
0x00000001163f5000 	/Applications/IBM/SPSS/Statistics/25/SPSSStatistics.app/Contents/ext/bin/spss.common/libcfcatencode.dylib
0x000000010d1e0000 	/Applications/IBM/SPSS/Statistics/25/SPSSStatistics.app/Contents/ext/bin/spss.common/libcfcomstatistic.dylib
0x0000000116414000 	/Applications/IBM/SPSS/Statistics/25/SPSSStatistics.app/Contents/ext/bin/spss.common/libtempfiles.dylib
0x000000011643a000 	/Applications/IBM/SPSS/Statistics/25/SPSSStatistics.app/Contents/lib/libpesrepo.dylib
0x0000000119e34000 	/Applications/IBM/SPSS/Statistics/25/SPSSStatistics.app/Contents/lib/libspsswfil.dylib
0x0000000119ed4000 	/Applications/IBM/SPSS/Statistics/25/SPSSStatistics.app/Contents/lib/libchartxml.dylib
0x0000000116cd6000 	/Applications/IBM/SPSS/Statistics/25/SPSSStatistics.app/Contents/lib/libxlsxdac.dylib
0x0000000119f34000 	/Applications/IBM/SPSS/Statistics/25/SPSSStatistics.app/Contents/lib/libpkginpr.dylib
0x0000000119f3d000 	/Applications/IBM/SPSS/Statistics/25/SPSSStatistics.app/Contents/lib/libdacmmsgs.dylib
0x000000010e5fe000 	/Applications/IBM/SPSS/Statistics/25/SPSSStatistics.app/Contents/lib/libtxtwdmsg.dylib
0x0000000119f49000 	/Applications/IBM/SPSS/Statistics/25/SPSSStatistics.app/Contents/JRE/lib/jli/libjli.dylib
0x000000002be33000 	/System/Library/Frameworks/Cocoa.framework/Versions/A/Cocoa
0x000000002be33000 	/System/Library/Frameworks/AppKit.framework/Versions/C/AppKit
0x000000002be33000 	/System/Library/PrivateFrameworks/RemoteViewServices.framework/Versions/A/RemoteViewServices
0x000000002be33000 	/System/Library/PrivateFrameworks/UIFoundation.framework/Versions/A/UIFoundation
0x000000002be33000 	/System/Library/PrivateFrameworks/DFRFoundation.framework/Versions/A/DFRFoundation
0x000000002be33000 	/System/Library/PrivateFrameworks/DesktopServicesPriv.framework/Versions/A/DesktopServicesPriv
0x000000002be33000 	/usr/lib/libScreenReader.dylib
0x000000002be33000 	/System/Library/Frameworks/AudioUnit.framework/Versions/A/AudioUnit
0x000000002be33000 	/System/Library/PrivateFrameworks/DataDetectorsCore.framework/Versions/A/DataDetectorsCore
0x000000002be33000 	/System/Library/Frameworks/Carbon.framework/Versions/A/Frameworks/HIToolbox.framework/Versions/A/HIToolbox
0x000000002be33000 	/System/Library/Frameworks/Carbon.framework/Versions/A/Frameworks/SpeechRecognition.framework/Versions/A/SpeechRecognition
0x000000002be33000 	/System/Library/PrivateFrameworks/CoreUI.framework/Versions/A/CoreUI
0x000000002be33000 	/System/Library/PrivateFrameworks/PerformanceAnalysis.framework/Versions/A/PerformanceAnalysis
0x000000002be33000 	/System/Library/PrivateFrameworks/Backup.framework/Versions/A/Backup
0x000000002be33000 	/System/Library/Frameworks/Carbon.framework/Versions/A/Frameworks/Ink.framework/Versions/A/Ink
0x000000002be33000 	/System/Library/PrivateFrameworks/TextureIO.framework/Versions/A/TextureIO
0x000000002be33000 	/usr/lib/libate.dylib
0x000000002be33000 	/System/Library/PrivateFrameworks/CrashReporterSupport.framework/Versions/A/CrashReporterSupport
0x000000002be33000 	/System/Library/PrivateFrameworks/Sharing.framework/Versions/A/Sharing
0x000000002be33000 	/System/Library/PrivateFrameworks/IconServices.framework/Versions/A/IconServices
0x000000002be33000 	/System/Library/PrivateFrameworks/ProtocolBuffer.framework/Versions/A/ProtocolBuffer
0x000000002be33000 	/System/Library/PrivateFrameworks/Apple80211.framework/Versions/A/Apple80211
0x000000002be33000 	/System/Library/Frameworks/CoreWLAN.framework/Versions/A/CoreWLAN
0x000000002be33000 	/System/Library/PrivateFrameworks/CoreUtils.framework/Versions/A/CoreUtils
0x000000002be33000 	/System/Library/Frameworks/IOBluetooth.framework/Versions/A/IOBluetooth
0x000000002be33000 	/System/Library/PrivateFrameworks/CoreWiFi.framework/Versions/A/CoreWiFi
0x000000002be33000 	/System/Library/Frameworks/CoreBluetooth.framework/Versions/A/CoreBluetooth
0x000000002be33000 	/System/Library/PrivateFrameworks/SignpostNotification.framework/Versions/A/SignpostNotification
0x000000002be33000 	/System/Library/PrivateFrameworks/DebugSymbols.framework/Versions/A/DebugSymbols
0x000000002be33000 	/System/Library/PrivateFrameworks/CoreSymbolication.framework/Versions/A/CoreSymbolication
0x000000002be33000 	/System/Library/PrivateFrameworks/Symbolication.framework/Versions/A/Symbolication
0x000000002be33000 	/System/Library/PrivateFrameworks/AppleFSCompression.framework/Versions/A/AppleFSCompression
0x000000002be33000 	/System/Library/PrivateFrameworks/SpeechRecognitionCore.framework/Versions/A/SpeechRecognitionCore
0x0000000119f59000 	/Applications/IBM/SPSS/Statistics/25/SPSSStatistics.app/Contents/JRE//lib/server/libjvm.dylib
0x000000011aefb000 	/Applications/IBM/SPSS/Statistics/25/SPSSStatistics.app/Contents/JRE/lib/libverify.dylib
0x000000011af09000 	/Applications/IBM/SPSS/Statistics/25/SPSSStatistics.app/Contents/JRE/lib/libjava.dylib
0x000000011af3e000 	/Applications/IBM/SPSS/Statistics/25/SPSSStatistics.app/Contents/JRE/lib/libzip.dylib
0x000000002be33000 	/System/Library/Frameworks/JavaVM.framework/Versions/A/Frameworks/JavaRuntimeSupport.framework/Versions/A/JavaRuntimeSupport
0x000000002be33000 	/System/Library/Frameworks/JavaVM.framework/Versions/A/Frameworks/JavaNativeFoundation.framework/Versions/A/JavaNativeFoundation
0x000000002be33000 	/System/Library/Frameworks/JavaVM.framework/Versions/A/JavaVM
0x000000002be33000 	/System/Library/Frameworks/Carbon.framework/Versions/A/Carbon
0x000000002be33000 	/System/Library/PrivateFrameworks/JavaLaunching.framework/Versions/A/JavaLaunching
0x000000002be33000 	/System/Library/Frameworks/Carbon.framework/Versions/A/Frameworks/CommonPanels.framework/Versions/A/CommonPanels
0x000000002be33000 	/System/Library/Frameworks/Carbon.framework/Versions/A/Frameworks/Help.framework/Versions/A/Help
0x000000002be33000 	/System/Library/Frameworks/Carbon.framework/Versions/A/Frameworks/ImageCapture.framework/Versions/A/ImageCapture
0x000000002be33000 	/System/Library/Frameworks/Carbon.framework/Versions/A/Frameworks/OpenScripting.framework/Versions/A/OpenScripting
0x000000002be33000 	/System/Library/Frameworks/Carbon.framework/Versions/A/Frameworks/Print.framework/Versions/A/Print
0x000000002be33000 	/System/Library/Frameworks/Carbon.framework/Versions/A/Frameworks/SecurityHI.framework/Versions/A/SecurityHI
0x0000000132b58000 	/Applications/IBM/SPSS/Statistics/25/SPSSStatistics.app/Contents/JRE/lib/libnet.dylib
0x0000000116b00000 	/Applications/IBM/SPSS/Statistics/25/SPSSStatistics.app/Contents/lib/libspsswarc.dylib
0x0000000116b22000 	/Applications/IBM/SPSS/Statistics/25/SPSSStatistics.app/Contents/lib/libspsswalt.dylib
0x0000000116b3a000 	/Applications/IBM/SPSS/Statistics/25/SPSSStatistics.app/Contents/lib/libspsswoms.dylib
0x0000000116b69000 	/Applications/IBM/SPSS/Statistics/25/SPSSStatistics.app/Contents/lib/libspsswbst.dylib
0x0000000116b79000 	/Applications/IBM/SPSS/Statistics/25/SPSSStatistics.app/Contents/lib/libspsswone.dylib
0x0000000116bac000 	/Applications/IBM/SPSS/Statistics/25/SPSSStatistics.app/Contents/lib/libspssweda.dylib
0x000000011644d000 	/Applications/IBM/SPSS/Statistics/25/SPSSStatistics.app/Contents/JRE/lib/libmanagement.dylib
0x000000011645b000 	/Applications/IBM/SPSS/Statistics/25/SPSSStatistics.app/Contents/JRE/lib/libosx.dylib
0x0000000116469000 	/Applications/IBM/SPSS/Statistics/25/SPSSStatistics.app/Contents/JRE/lib/./libosxapp.dylib
0x000000002be33000 	/System/Library/Frameworks/ExceptionHandling.framework/Versions/A/ExceptionHandling
0x0000000132872000 	/Applications/IBM/SPSS/Statistics/25/SPSSStatistics.app/Contents/JRE/lib/libawt.dylib
0x000000013291a000 	/Applications/IBM/SPSS/Statistics/25/SPSSStatistics.app/Contents/JRE/lib/./libmlib_image.dylib
0x0000000132c06000 	/Applications/IBM/SPSS/Statistics/25/SPSSStatistics.app/Contents/JRE/lib/libawt_lwawt.dylib
0x0000000116485000 	/Applications/IBM/SPSS/Statistics/25/SPSSStatistics.app/Contents/lib/libjniviewer.dylib
0x00000001329e6000 	/Applications/IBM/SPSS/Statistics/25/SPSSStatistics.app/Contents/JRE/lib/libfontmanager.dylib
0x000000002be33000 	/System/Library/PrivateFrameworks/CoreServicesInternal.framework/Versions/A/CoreServicesInternal
0x0000000132b36000 	/Applications/IBM/SPSS/Statistics/25/SPSSStatistics.app/Contents/JRE/lib/libnio.dylib
0x000000002be33000 	/System/Library/Frameworks/ApplicationServices.framework/Versions/A/Frameworks/ATS.framework/Versions/A/Resources/libTrueTypeScaler.dylib

VM Arguments:
jvm_args: -Djava.library.path=/Applications/IBM/SPSS/Statistics/25/SPSSStatistics.app/Contents/bin/../JRE/lib/jli/:/Applications/IBM/SPSS/Statistics/25/SPSSStatistics.app/Contents/bin/../JRE/lib/:/Applications/IBM/SPSS/Statistics/25/SPSSStatistics.app/Contents/bin/../lib/:/Applications/IBM/SPSS/Statistics/25/SPSSStatistics.app/Contents/bin/ -Dapplication.home=/Applications/IBM/SPSS/Statistics/25/SPSSStatistics.app/Contents/bin -Dstatistics.home=/Applications/IBM/SPSS/Statistics/25/SPSSStatistics.app/Contents/bin -Djava.awt.headless=true -Dcom.sun.media.jai.disableMediaLib=true -Xms256M -Xmx2048M -XX:-UsePerfData -Dcom.ibm.jsse2.overrideDefaultProtocol=TLSv12 -Djava.io.tmpdir=/tmp/spssYod1fk/ 
java_command: <unknown>
java_class_path (initial): :/Applications/IBM/SPSS/Statistics/25/SPSSStatistics.app/Contents/bin/ChartEditor.jar:/Applications/IBM/SPSS/Statistics/25/SPSSStatistics.app/Contents/bin/ChartEditorRes.jar:/Applications/IBM/SPSS/Statistics/25/SPSSStatistics.app/Contents/bin/CoreTools.jar:/Applications/IBM/SPSS/Statistics/25/SPSSStatistics.app/Contents/bin/CustomDialogBuilder.jar:/Applications/IBM/SPSS/Statistics/25/SPSSStatistics.app/Contents/bin/CustomDialogBuilderRes.jar:/Applications/IBM/SPSS/Statistics/25/SPSSStatistics.app/Contents/bin/ExViewerDialogDemo.jar:/Applications/IBM/SPSS/Statistics/25/SPSSStatistics.app/Contents/bin/ExViewerFrameDemo.jar:/Applications/IBM/SPSS/Statistics/25/SPSSStatistics.app/Contents/bin/ExportTools.jar:/Applications/IBM/SPSS/Statistics/25/SPSSStatistics.app/Contents/bin/ExtensionManager.jar:/Applications/IBM/SPSS/Statistics/25/SPSSStatistics.app/Contents/bin/ExtensionManagerRes.jar:/Applications/IBM/SPSS/Statistics/25/SPSSStatistics.app/Contents/bin/FieldChooser.jar:/Applications/IBM/SPSS/Statistics/25/SPSSStatistics.app/Contents/bin/InstallExtBundles.jar:/Applications/IBM/SPSS/Statistics/25/SPSSStatistics.app/Contents/bin/InstallExtBundlesRes.jar:/Applications/IBM/SPSS/Statistics/25/SPSSStatistics.app/Contents/bin/JRegEdit.jar:/Applications/IBM/SPSS/Statistics/25/SPSSStatistics.app/Contents/bin/JimiProClasses.jar:/Applications/IBM/SPSS/Statistics/25/SPSSStatistics.app/Contents/bin/LightTable.jar:/Applications/IBM/SPSS/Statistics/25/SPSSStatistics.app/Contents/bin/ModelViewer.jar:/Applications/IBM/SPSS/Statistics/25/SPSSStatistics.app/Contents/bin/PivotTableEditor.jar:/Applications/IBM/SPSS/Statistics/25/SPSSStatistics.app/Contents/bin/PivotTableEditorRes.jar:/Applications/IBM/SPSS/Statistics/25/SPSSStatistics.app/Contents/bin/RConfig.jar:/Applications/IBM/SPSS/Statistics/25/SPSSStatistics.app/Contents/bin/RapidSpell.jar:/Applications/IBM/SPSS/Statistics/25/SPSSStatistics.app/Contents/bin/RapidSpellMDict.jar:/Applications/IBM/SPSS/Stat
Launcher Type: generic

Environment Variables:
PATH=/Applications/IBM/SPSS/Statistics/25/SPSSStatistics.app/Contents/bin:/usr/bin:/bin:/usr/sbin:/sbin
SHELL=/bin/bash
DISPLAY=/private/tmp/com.apple.launchd.9y9PBU3fy0/org.macosforge.xquartz:0
DYLD_LIBRARY_PATH=/Applications/IBM/SPSS/Statistics/25/SPSSStatistics.app/Contents/lib:/Applications/IBM/SPSS/Statistics/25/SPSSStatistics.app/Contents/common/ext/bin/spss.common:/Applications/IBM/SPSS/Statistics/25/SPSSStatistics.app/Contents/ext/bin/spss.common:/Applications/IBM/SPSS/Statistics/25/SPSSStatistics.app/Contents/lib:/Applications/IBM/SPSS/Statistics/25/SPSSStatistics.app/Contents/Library/Frameworks/Sentinel.framework:/Applications/IBM/SPSS/Statistics/25/SPSSStatistics.app/Contents/Library/Frameworks/SuperPro.framework:/Applications/IBM/SPSS/Statistics/25/SPSSStatistics.app/Contents/JRE/lib/jli

Signal Handlers:
SIGSEGV: [libjvm.dylib+0x5b1141], sa_mask[0]=11111111011111110111111111111111, sa_flags=SA_ONSTACK|SA_RESTART|SA_SIGINFO
SIGBUS: [libjvm.dylib+0x5b1141], sa_mask[0]=11111111011111110111111111111111, sa_flags=SA_RESTART|SA_SIGINFO
SIGFPE: [libjvm.dylib+0x487bc4], sa_mask[0]=11111111011111110111111111111111, sa_flags=SA_RESTART|SA_SIGINFO
SIGPIPE: [libjvm.dylib+0x487bc4], sa_mask[0]=11111111011111110111111111111111, sa_flags=SA_RESTART|SA_SIGINFO
SIGXFSZ: [libjvm.dylib+0x487bc4], sa_mask[0]=11111111011111110111111111111111, sa_flags=SA_RESTART|SA_SIGINFO
SIGILL: [libjvm.dylib+0x487bc4], sa_mask[0]=11111111011111110111111111111111, sa_flags=SA_RESTART|SA_SIGINFO
SIGUSR1: SIG_DFL, sa_mask[0]=00000000000000000000000000000000, sa_flags=none
SIGUSR2: [libjvm.dylib+0x4876e2], sa_mask[0]=00100000000000000000000000000000, sa_flags=SA_RESTART|SA_SIGINFO
SIGHUP: [libjvm.dylib+0x485cb9], sa_mask[0]=11111111011111110111111111111111, sa_flags=SA_RESTART|SA_SIGINFO
SIGINT: [libjvm.dylib+0x485cb9], sa_mask[0]=11111111011111110111111111111111, sa_flags=SA_RESTART|SA_SIGINFO
SIGTERM: [libjvm.dylib+0x485cb9], sa_mask[0]=11111111011111110111111111111111, sa_flags=SA_RESTART|SA_SIGINFO
SIGQUIT: [libjvm.dylib+0x485cb9], sa_mask[0]=11111111011111110111111111111111, sa_flags=SA_RESTART|SA_SIGINFO


---------------  S Y S T E M  ---------------

OS:Bsduname:Darwin 17.3.0 Darwin Kernel Version 17.3.0: Thu Nov  9 18:09:22 PST 2017; root:xnu-4570.31.3~1/RELEASE_X86_64 x86_64
rlimit: STACK 8192k, CORE 0k, NPROC 1418, NOFILE 10240, AS infinity
load average:2.59 2.78 3.98

CPU:total 8 (4 cores per cpu, 2 threads per core) family 6 model 70 stepping 1, cmov, cx8, fxsr, mmx, sse, sse2, sse3, ssse3, sse4.1, sse4.2, popcnt, avx, avx2, aes, clmul, erms, lzcnt, ht, tsc, tscinvbit, bmi1, bmi2

Memory: 4k page, physical 16777216k(3327860k free)

/proc/meminfo:


vm_info: Java HotSpot(TM) 64-Bit Server VM (25.121-b13) for bsd-amd64 JRE (1.8.0_121-b13), built on Dec 12 2016 20:39:32 by "java_re" with gcc 4.2.1 (Based on Apple Inc. build 5658) (LLVM build 2336.11.00)

time: Mon Jul  2 09:42:09 2018
elapsed time: 88 seconds (0d 0h 1m 28s)

