#
# A fatal error has been detected by the Java Runtime Environment:
#
#  SIGSEGV (0xb) at pc=0x00007fff501c0f49, pid=68691, tid=0x0000000000000307
#
# JRE version: Java(TM) 2 Runtime Environment, Standard Edition (8.0_121-b13) (build 1.8.0_121-b13 14_Feb_2017_06_58 Mac OS X x64(SR4 FP1))
# Java VM: Java HotSpot(TM) 64-Bit Server VM (25.121-b13 mixed mode bsd-amd64 compressed oops)
# Problematic frame:
# C  [libsystem_platform.dylib+0x4f49]  _platform_memmove$VARIANT$Haswell+0x29
#
# Failed to write core dump. Core dumps have been disabled. To enable core dumping, try "ulimit -c unlimited" before starting Java again
#
# If you would like to submit a bug report, please visit:
#   http://bugreport.java.com/bugreport/crash.jsp
#

---------------  T H R E A D  ---------------

Current thread is native thread

siginfo: si_signo: 11 (SIGSEGV), si_code: 1 (SEGV_MAPERR), si_addr: 0x00007f961a500000

Registers:
RAX=0x000000012c49d000, RBX=0x00007f9618e9ec7c, RCX=0x000000004bef40da, RDX=0x000000004d55545a
RSP=0x00007ffeee37ea10, RBP=0x00007ffeee37ea10, RSI=0x00007f961a500000, RDI=0x000000012dafe380
R8 =0x0000000003000001, R9 =0x0000000000000003, R10=0x0000000000000000, R11=0xffff806b135fe380
R12=0x000000012c49d000, R13=0x00007ffeee381500, R14=0x000000004d55545a, R15=0x0000000000000008
RIP=0x00007fff501c0f49, EFLAGS=0x0000000000010206, ERR=0x0000000000000004
  TRAPNO=0x000000000000000e

Top of Stack: (sp=0x00007ffeee37ea10)
0x00007ffeee37ea10:   00007ffeee37eb70 000000010188effd
0x00007ffeee37ea20:   0000000000000004 00007f9618e9fc20
0x00007ffeee37ea30:   00000001018c7080 00007f9618e00000
0x00007ffeee37ea40:   0000000108101600 00007ffeee37ec48
0x00007ffeee37ea50:   00007fff88f53d98 00007ffeee381518
0x00007ffeee37ea60:   4d55545a018c7080 00007f9618e00000
0x00007ffeee37ea70:   00007ffeee37ead0 00007f9618e9ec7c
0x00007ffeee37ea80:   000000000000000b 00007ffeee381500
0x00007ffeee37ea90:   00007f9618e9ec80 0000000000000004
0x00007ffeee37eaa0:   00007f9618e9fc20 00007f9618ea3b78
0x00007ffeee37eab0:   00007f9618ea3b70 00007ffeee381460
0x00007ffeee37eac0:   00007f9618ea3af0 0000000000000010
0x00007ffeee37ead0:   00007ffeee37eb20 00007fff88f53d98
0x00007ffeee37eae0:   00007fff88f53d98 00007fff88f53d98
0x00007ffeee37eaf0:   00007f9618ea0b40 00007f9618e9ec14
0x00007ffeee37eb00:   00007ffeee381460 00007fff88f53d98
0x00007ffeee37eb10:   000000000000000b 00007ffeee381448
0x00007ffeee37eb20:   00007ffeee37eb70 000000010188e3a1
0x00007ffeee37eb30:   0000000000000002 00007ffeee37ec50
0x00007ffeee37eb40:   e71613bfffffffff 00000000000000f8
0x00007ffeee37eb50:   00007ffeee3813f0 0000000000000000
0x00007ffeee37eb60:   00000000000000f4 00007f9618e9eb80
0x00007ffeee37eb70:   00007ffeee37ec80 0000000101b89605
0x00007ffeee37eb80:   fd00000070001006 00000001018cffff
0x00007ffeee37eb90:   00007ffeee37ec20 00007fff500fb758
0x00007ffeee37eba0:   0000000000000000 0000000000000000
0x00007ffeee37ebb0:   0000000000003c00 00000001080fda00
0x00007ffeee37ebc0:   0000000000000006 0000000000000010
0x00007ffeee37ebd0:   0000000000000001 00000001018c7080
0x00007ffeee37ebe0:   00000001018c7080 0000000108101600
0x00007ffeee37ebf0:   00000001018c6000 0000000000000000
0x00007ffeee37ec00:   00000000080fda00 0000000000000000 

Instructions: (pc=0x00007fff501c0f49)
0x00007fff501c0f29:   f3 48 89 f8 49 39 d3 72 1b 48 83 fa 60 76 2f 48
0x00007fff501c0f39:   81 fa 00 40 00 00 0f 82 cb 00 00 00 48 89 d1 fc
0x00007fff501c0f49:   f3 a4 5d c3 48 39 fe 74 f9 48 01 d6 48 01 d7 48
0x00007fff501c0f59:   83 fa 60 0f 82 8c 01 00 00 e9 a9 01 00 00 48 83 

Register to memory mapping:

RAX=0x000000012c49d000 is an unknown value
RBX=0x00007f9618e9ec7c is an unknown value
RCX=0x000000004bef40da is an unknown value
RDX=0x000000004d55545a is an unknown value
RSP=0x00007ffeee37ea10 is an unknown value
RBP=0x00007ffeee37ea10 is an unknown value
RSI=0x00007f961a500000 is an unknown value
RDI=0x000000012dafe380 is an unknown value
R8 =0x0000000003000001 is an unknown value
R9 =0x0000000000000003 is an unknown value
R10=0x0000000000000000 is an unknown value
R11=0xffff806b135fe380 is an unknown value
R12=0x000000012c49d000 is an unknown value
R13=0x00007ffeee381500 is an unknown value
R14=0x000000004d55545a is an unknown value
R15=0x0000000000000008 is an unknown value


Stack: [0x00007ffeedb82000,0x00007ffeee382000],  sp=0x00007ffeee37ea10,  free space=8178k
Native frames: (J=compiled Java code, j=interpreted, Vv=VM code, C=native code)
C  [libsystem_platform.dylib+0x4f49]  _platform_memmove$VARIANT$Haswell+0x29
C  [StartXD+0x10ffd]  _ZN10StructData9ParseDataEPvRi+0x155
C  [libspssdxcom.dylib+0x12605]  _ZN8CleXDSmb8ParseBufEPv+0xb3
C  [libspssdxcom.dylib+0xb9e9]  _Z11ReceiveDataP16JavaPlugInSocketR8CleXDSmb+0xfa
C  [StartXD+0x25fe]  main+0xa6b
C  [libdyld.dylib+0x1115]  start+0x1


---------------  P R O C E S S  ---------------

VM state:not at safepoint (normal execution)

VM Mutex/Monitor currently owned by a thread: None

Heap:
 PSYoungGen      total 141824K, used 116820K [0x0000000795580000, 0x000000079ea80000, 0x00000007c0000000)
  eden space 131072K, 86% used [0x0000000795580000,0x000000079c442f08,0x000000079d580000)
  from space 10752K, 31% used [0x000000079e000000,0x000000079e352448,0x000000079ea80000)
  to   space 10752K, 0% used [0x000000079d580000,0x000000079d580000,0x000000079e000000)
 ParOldGen       total 175104K, used 96K [0x0000000740000000, 0x000000074ab00000, 0x0000000795580000)
  object space 175104K, 0% used [0x0000000740000000,0x0000000740018010,0x000000074ab00000)
 Metaspace       used 8083K, capacity 8164K, committed 8320K, reserved 1056768K
  class space    used 1024K, capacity 1076K, committed 1152K, reserved 1048576K

Card table byte_map: [0x000000011ef67000,0x000000011f368000] byte_map_base: 0x000000011b567000

Marking Bits: (ParMarkBitMap*) 0x000000010f4a9d30
 Begin Bits: [0x000000011f613000, 0x0000000121613000)
 End Bits:   [0x0000000121613000, 0x0000000123613000)

Polling page: 0x0000000101ed6000

CodeCache: size=245760Kb used=4481Kb max_used=4509Kb free=241278Kb
 bounds [0x000000010fba7000, 0x0000000110017000, 0x000000011eba7000]
 total_blobs=1273 nmethods=971 adapters=216
 compilation: enabled

Compilation events (10 events):
Event: 1.022 Thread 0x00007f961b889800 nmethod 971 0x000000010ffdf350 code [0x000000010ffdf4a0, 0x000000010ffdf5b0]
Event: 1.022 Thread 0x00007f961b889800  965       1       org.exolab.castor.xml.util.XMLFieldDescriptorImpl::getLocationPath (5 bytes)
Event: 1.022 Thread 0x00007f961b889800 nmethod 965 0x00000001100011d0 code [0x0000000110001320, 0x0000000110001430]
Event: 1.022 Thread 0x00007f961b889800  967       1       org.exolab.castor.xml.util.XMLFieldDescriptorImpl::isMapped (5 bytes)
Event: 1.022 Thread 0x00007f961b889800 nmethod 967 0x0000000110000f10 code [0x0000000110001060, 0x0000000110001170]
Event: 1.023 Thread 0x00007f961b889800  968       1       org.exolab.castor.xml.Namespaces::getParent (5 bytes)
Event: 1.023 Thread 0x00007f961b889800 nmethod 968 0x0000000110000c50 code [0x0000000110000da0, 0x0000000110000eb0]
Event: 1.023 Thread 0x00007f961b889800  970       3       sun.reflect.ByteVectorImpl::getLength (7 bytes)
Event: 1.023 Thread 0x00007f961b889800 nmethod 970 0x0000000110000950 code [0x0000000110000aa0, 0x0000000110000bf0]
Event: 1.094 Thread 0x00007f96198ac800 nmethod 952% 0x0000000110008fd0 code [0x00000001100094a0, 0x000000011000d7b8]

GC Heap History (8 events):
Event: 0.594 GC heap before
{Heap before GC invocations=1 (full 0):
 PSYoungGen      total 76288K, used 65536K [0x0000000795580000, 0x000000079aa80000, 0x00000007c0000000)
  eden space 65536K, 100% used [0x0000000795580000,0x0000000799580000,0x0000000799580000)
  from space 10752K, 0% used [0x000000079a000000,0x000000079a000000,0x000000079aa80000)
  to   space 10752K, 0% used [0x0000000799580000,0x0000000799580000,0x000000079a000000)
 ParOldGen       total 175104K, used 0K [0x0000000740000000, 0x000000074ab00000, 0x0000000795580000)
  object space 175104K, 0% used [0x0000000740000000,0x0000000740000000,0x000000074ab00000)
 Metaspace       used 7101K, capacity 7160K, committed 7424K, reserved 1056768K
  class space    used 907K, capacity 914K, committed 1024K, reserved 1048576K
Event: 0.599 GC heap after
Heap after GC invocations=1 (full 0):
 PSYoungGen      total 76288K, used 5134K [0x0000000795580000, 0x000000079aa80000, 0x00000007c0000000)
  eden space 65536K, 0% used [0x0000000795580000,0x0000000795580000,0x0000000799580000)
  from space 10752K, 47% used [0x0000000799580000,0x0000000799a839e8,0x000000079a000000)
  to   space 10752K, 0% used [0x000000079a000000,0x000000079a000000,0x000000079aa80000)
 ParOldGen       total 175104K, used 72K [0x0000000740000000, 0x000000074ab00000, 0x0000000795580000)
  object space 175104K, 0% used [0x0000000740000000,0x0000000740012010,0x000000074ab00000)
 Metaspace       used 7101K, capacity 7160K, committed 7424K, reserved 1056768K
  class space    used 907K, capacity 914K, committed 1024K, reserved 1048576K
}
Event: 0.754 GC heap before
{Heap before GC invocations=2 (full 0):
 PSYoungGen      total 76288K, used 70670K [0x0000000795580000, 0x000000079aa80000, 0x00000007c0000000)
  eden space 65536K, 100% used [0x0000000795580000,0x0000000799580000,0x0000000799580000)
  from space 10752K, 47% used [0x0000000799580000,0x0000000799a839e8,0x000000079a000000)
  to   space 10752K, 0% used [0x000000079a000000,0x000000079a000000,0x000000079aa80000)
 ParOldGen       total 175104K, used 72K [0x0000000740000000, 0x000000074ab00000, 0x0000000795580000)
  object space 175104K, 0% used [0x0000000740000000,0x0000000740012010,0x000000074ab00000)
 Metaspace       used 7917K, capacity 8062K, committed 8320K, reserved 1056768K
  class space    used 999K, capacity 1043K, committed 1152K, reserved 1048576K
Event: 0.757 GC heap after
Heap after GC invocations=2 (full 0):
 PSYoungGen      total 76288K, used 3853K [0x0000000795580000, 0x000000079ea80000, 0x00000007c0000000)
  eden space 65536K, 0% used [0x0000000795580000,0x0000000795580000,0x0000000799580000)
  from space 10752K, 35% used [0x000000079a000000,0x000000079a3c37b8,0x000000079aa80000)
  to   space 10752K, 0% used [0x0000000799580000,0x0000000799580000,0x000000079a000000)
 ParOldGen       total 175104K, used 80K [0x0000000740000000, 0x000000074ab00000, 0x0000000795580000)
  object space 175104K, 0% used [0x0000000740000000,0x0000000740014010,0x000000074ab00000)
 Metaspace       used 7917K, capacity 8062K, committed 8320K, reserved 1056768K
  class space    used 999K, capacity 1043K, committed 1152K, reserved 1048576K
}
Event: 0.840 GC heap before
{Heap before GC invocations=3 (full 0):
 PSYoungGen      total 76288K, used 69389K [0x0000000795580000, 0x000000079ea80000, 0x00000007c0000000)
  eden space 65536K, 100% used [0x0000000795580000,0x0000000799580000,0x0000000799580000)
  from space 10752K, 35% used [0x000000079a000000,0x000000079a3c37b8,0x000000079aa80000)
  to   space 10752K, 0% used [0x0000000799580000,0x0000000799580000,0x000000079a000000)
 ParOldGen       total 175104K, used 80K [0x0000000740000000, 0x000000074ab00000, 0x0000000795580000)
  object space 175104K, 0% used [0x0000000740000000,0x0000000740014010,0x000000074ab00000)
 Metaspace       used 7944K, capacity 8062K, committed 8320K, reserved 1056768K
  class space    used 999K, capacity 1043K, committed 1152K, reserved 1048576K
Event: 0.842 GC heap after
Heap after GC invocations=3 (full 0):
 PSYoungGen      total 76288K, used 3385K [0x0000000795580000, 0x000000079ea80000, 0x00000007c0000000)
  eden space 65536K, 0% used [0x0000000795580000,0x0000000795580000,0x0000000799580000)
  from space 10752K, 31% used [0x0000000799580000,0x00000007998ce438,0x000000079a000000)
  to   space 10752K, 0% used [0x000000079e000000,0x000000079e000000,0x000000079ea80000)
 ParOldGen       total 175104K, used 88K [0x0000000740000000, 0x000000074ab00000, 0x0000000795580000)
  object space 175104K, 0% used [0x0000000740000000,0x0000000740016010,0x000000074ab00000)
 Metaspace       used 7944K, capacity 8062K, committed 8320K, reserved 1056768K
  class space    used 999K, capacity 1043K, committed 1152K, reserved 1048576K
}
Event: 0.897 GC heap before
{Heap before GC invocations=4 (full 0):
 PSYoungGen      total 76288K, used 68921K [0x0000000795580000, 0x000000079ea80000, 0x00000007c0000000)
  eden space 65536K, 100% used [0x0000000795580000,0x0000000799580000,0x0000000799580000)
  from space 10752K, 31% used [0x0000000799580000,0x00000007998ce438,0x000000079a000000)
  to   space 10752K, 0% used [0x000000079e000000,0x000000079e000000,0x000000079ea80000)
 ParOldGen       total 175104K, used 88K [0x0000000740000000, 0x000000074ab00000, 0x0000000795580000)
  object space 175104K, 0% used [0x0000000740000000,0x0000000740016010,0x000000074ab00000)
 Metaspace       used 7948K, capacity 8062K, committed 8320K, reserved 1056768K
  class space    used 999K, capacity 1043K, committed 1152K, reserved 1048576K
Event: 0.900 GC heap after
Heap after GC invocations=4 (full 0):
 PSYoungGen      total 141824K, used 3401K [0x0000000795580000, 0x000000079ea80000, 0x00000007c0000000)
  eden space 131072K, 0% used [0x0000000795580000,0x0000000795580000,0x000000079d580000)
  from space 10752K, 31% used [0x000000079e000000,0x000000079e352448,0x000000079ea80000)
  to   space 10752K, 0% used [0x000000079d580000,0x000000079d580000,0x000000079e000000)
 ParOldGen       total 175104K, used 96K [0x0000000740000000, 0x000000074ab00000, 0x0000000795580000)
  object space 175104K, 0% used [0x0000000740000000,0x0000000740018010,0x000000074ab00000)
 Metaspace       used 7948K, capacity 8062K, committed 8320K, reserved 1056768K
  class space    used 999K, capacity 1043K, committed 1152K, reserved 1048576K
}

Deoptimization events (10 events):
Event: 1.021 Thread 0x00007f9619877800 Uncommon trap: reason=bimorphic action=maybe_recompile pc=0x000000010ff36918 method=java.util.regex.Pattern$Start.match(Ljava/util/regex/Matcher;ILjava/lang/CharSequence;)Z @ 44
Event: 1.021 Thread 0x00007f9619877800 Uncommon trap: reason=class_check action=maybe_recompile pc=0x000000010ff0ddb4 method=java.util.regex.Pattern$Branch.match(Ljava/util/regex/Matcher;ILjava/lang/CharSequence;)Z @ 50
Event: 1.021 Thread 0x00007f9619877800 Uncommon trap: reason=class_check action=maybe_recompile pc=0x000000010ff0ddb4 method=java.util.regex.Pattern$Branch.match(Ljava/util/regex/Matcher;ILjava/lang/CharSequence;)Z @ 50
Event: 1.021 Thread 0x00007f9619877800 Uncommon trap: reason=class_check action=maybe_recompile pc=0x000000010ff0ddb4 method=java.util.regex.Pattern$Branch.match(Ljava/util/regex/Matcher;ILjava/lang/CharSequence;)Z @ 50
Event: 1.021 Thread 0x00007f9619877800 Uncommon trap: reason=class_check action=maybe_recompile pc=0x000000010ff0ddb4 method=java.util.regex.Pattern$Branch.match(Ljava/util/regex/Matcher;ILjava/lang/CharSequence;)Z @ 50
Event: 1.021 Thread 0x00007f9619877800 Uncommon trap: reason=bimorphic action=maybe_recompile pc=0x000000010ff36918 method=java.util.regex.Pattern$Start.match(Ljava/util/regex/Matcher;ILjava/lang/CharSequence;)Z @ 44
Event: 1.021 Thread 0x00007f9619877800 Uncommon trap: reason=unstable_if action=reinterpret pc=0x000000010fcbcbe4 method=sun.nio.cs.UTF_8$Encoder.encode([CII[B)I @ 33
Event: 1.021 Thread 0x00007f9619877800 Uncommon trap: reason=unstable_if action=reinterpret pc=0x000000010ffc67c8 method=java.util.regex.Matcher.replaceAll(Ljava/lang/String;)Ljava/lang/String; @ 11
Event: 1.021 Thread 0x00007f9619877800 Uncommon trap: reason=unstable_if action=reinterpret pc=0x000000010ffcc980 method=com.spss.officeopenxml.excel2007.SPSSExcel2007ReaderHelper.getCellInfo(Lorg/openxmlformats/schemas/spreadsheetml/_2006/main/C;Lcom/spss/officeopenxml/excel2007/SPSSExcel2007
Event: 1.022 Thread 0x00007f9619877800 Uncommon trap: reason=unstable_if action=reinterpret pc=0x000000010ffcf868 method=sun.nio.cs.UTF_8$Encoder.encodeArrayLoop(Ljava/nio/CharBuffer;Ljava/nio/ByteBuffer;)Ljava/nio/charset/CoderResult; @ 87

Internal exceptions (10 events):
Event: 0.254 Thread 0x00007f9619877800 Exception <a 'java/security/PrivilegedActionException'> (0x0000000795dcaa08) thrown at [/Users/java_re/workspace/8-2-build-macosx-x86_64/jdk8u121/8372/hotspot/src/share/vm/prims/jvm.cpp, line 1390]
Event: 0.254 Thread 0x00007f9619877800 Exception <a 'java/security/PrivilegedActionException'> (0x0000000795dcac18) thrown at [/Users/java_re/workspace/8-2-build-macosx-x86_64/jdk8u121/8372/hotspot/src/share/vm/prims/jvm.cpp, line 1390]
Event: 0.254 Thread 0x00007f9619877800 Exception <a 'java/security/PrivilegedActionException'> (0x0000000795dcbc08) thrown at [/Users/java_re/workspace/8-2-build-macosx-x86_64/jdk8u121/8372/hotspot/src/share/vm/prims/jvm.cpp, line 1390]
Event: 0.254 Thread 0x00007f9619877800 Exception <a 'java/security/PrivilegedActionException'> (0x0000000795dcbe18) thrown at [/Users/java_re/workspace/8-2-build-macosx-x86_64/jdk8u121/8372/hotspot/src/share/vm/prims/jvm.cpp, line 1390]
Event: 0.282 Thread 0x00007f9619877800 Exception <a 'java/security/PrivilegedActionException'> (0x0000000795efe978) thrown at [/Users/java_re/workspace/8-2-build-macosx-x86_64/jdk8u121/8372/hotspot/src/share/vm/prims/jvm.cpp, line 1390]
Event: 0.282 Thread 0x00007f9619877800 Exception <a 'java/security/PrivilegedActionException'> (0x0000000795efeb88) thrown at [/Users/java_re/workspace/8-2-build-macosx-x86_64/jdk8u121/8372/hotspot/src/share/vm/prims/jvm.cpp, line 1390]
Event: 0.282 Thread 0x00007f9619877800 Exception <a 'java/security/PrivilegedActionException'> (0x0000000795effb48) thrown at [/Users/java_re/workspace/8-2-build-macosx-x86_64/jdk8u121/8372/hotspot/src/share/vm/prims/jvm.cpp, line 1390]
Event: 0.282 Thread 0x00007f9619877800 Exception <a 'java/security/PrivilegedActionException'> (0x0000000795effd58) thrown at [/Users/java_re/workspace/8-2-build-macosx-x86_64/jdk8u121/8372/hotspot/src/share/vm/prims/jvm.cpp, line 1390]
Event: 0.301 Thread 0x00007f9619877800 Implicit null exception at 0x000000010fd69fb6 to 0x000000010fd6a37d
Event: 0.400 Thread 0x00007f9619877800 Exception <a 'java/lang/ClassNotFoundException': jdk/xml/internal/HashMap> (0x0000000796749948) thrown at [/Users/java_re/workspace/8-2-build-macosx-x86_64/jdk8u121/8372/hotspot/src/share/vm/classfile/systemDictionary.cpp, line 210]

Events (10 events):
Event: 1.021 Thread 0x00007f9619877800 DEOPT UNPACKING pc=0x000000010fbac229 sp=0x000070000be2ce10 mode 2
Event: 1.021 Thread 0x00007f9619877800 Uncommon trap: trap_request=0xffffff65 fr.pc=0x000000010ffc67c8
Event: 1.021 Thread 0x00007f9619877800 DEOPT PACKING pc=0x000000010ffc67c8 sp=0x000070000be2cec0
Event: 1.021 Thread 0x00007f9619877800 DEOPT UNPACKING pc=0x000000010fbac229 sp=0x000070000be2cde0 mode 2
Event: 1.021 Thread 0x00007f9619877800 Uncommon trap: trap_request=0xffffff65 fr.pc=0x000000010ffcc980
Event: 1.021 Thread 0x00007f9619877800 DEOPT PACKING pc=0x000000010ffcc980 sp=0x000070000be2ced0
Event: 1.021 Thread 0x00007f9619877800 DEOPT UNPACKING pc=0x000000010fbac229 sp=0x000070000be2cea0 mode 2
Event: 1.022 Thread 0x00007f9619877800 Uncommon trap: trap_request=0xffffff65 fr.pc=0x000000010ffcf868
Event: 1.022 Thread 0x00007f9619877800 DEOPT PACKING pc=0x000000010ffcf868 sp=0x000070000be2cc80
Event: 1.022 Thread 0x00007f9619877800 DEOPT UNPACKING pc=0x000000010fbac229 sp=0x000070000be2cc68 mode 2


Dynamic libraries:
0x0000000000ca5000 	/System/Library/Frameworks/CoreFoundation.framework/Versions/A/CoreFoundation
0x0000000000ca5000 	/System/Library/Frameworks/IOKit.framework/Versions/A/IOKit
0x0000000000ca5000 	/usr/lib/libstdc++.6.0.9.dylib
0x00000001018a7000 	/Applications/IBM/SPSS/Statistics/25/SPSSStatistics.app/Contents/lib/libtempdir.dylib
0x00000001018c8000 	/Applications/IBM/SPSS/Statistics/25/SPSSStatistics.app/Contents/lib/libspssxd.dylib
0x0000000101b77000 	/Applications/IBM/SPSS/Statistics/25/SPSSStatistics.app/Contents/lib/libspssdxcom.dylib
0x0000000101bbe000 	/Applications/IBM/SPSS/Statistics/25/SPSSStatistics.app/Contents/common/ext/bin/spss.common/libscorelib850r.dylib
0x0000000101cc3000 	/Applications/IBM/SPSS/Statistics/25/SPSSStatistics.app/Contents/common/ext/bin/spss.common/libGeneralRegressionModel850r.dylib
0x0000000101d3c000 	/Applications/IBM/SPSS/Statistics/25/SPSSStatistics.app/Contents/common/ext/bin/spss.common/libdiscriminant-model850r.dylib
0x0000000000ca5000 	/usr/lib/libSystem.B.dylib
0x0000000000ca5000 	/usr/lib/libDiagnosticMessagesClient.dylib
0x0000000000ca5000 	/usr/lib/libicucore.A.dylib
0x0000000000ca5000 	/usr/lib/libobjc.A.dylib
0x0000000000ca5000 	/usr/lib/libz.1.dylib
0x0000000000ca5000 	/usr/lib/system/libcache.dylib
0x0000000000ca5000 	/usr/lib/system/libcommonCrypto.dylib
0x0000000000ca5000 	/usr/lib/system/libcompiler_rt.dylib
0x0000000000ca5000 	/usr/lib/system/libcopyfile.dylib
0x0000000000ca5000 	/usr/lib/system/libcorecrypto.dylib
0x0000000000ca5000 	/usr/lib/system/libdispatch.dylib
0x0000000000ca5000 	/usr/lib/system/libdyld.dylib
0x0000000000ca5000 	/usr/lib/system/libkeymgr.dylib
0x0000000000ca5000 	/usr/lib/system/liblaunch.dylib
0x0000000000ca5000 	/usr/lib/system/libmacho.dylib
0x0000000000ca5000 	/usr/lib/system/libquarantine.dylib
0x0000000000ca5000 	/usr/lib/system/libremovefile.dylib
0x0000000000ca5000 	/usr/lib/system/libsystem_asl.dylib
0x0000000000ca5000 	/usr/lib/system/libsystem_blocks.dylib
0x0000000000ca5000 	/usr/lib/system/libsystem_c.dylib
0x0000000000ca5000 	/usr/lib/system/libsystem_configuration.dylib
0x0000000000ca5000 	/usr/lib/system/libsystem_coreservices.dylib
0x0000000000ca5000 	/usr/lib/system/libsystem_darwin.dylib
0x0000000000ca5000 	/usr/lib/system/libsystem_dnssd.dylib
0x0000000000ca5000 	/usr/lib/system/libsystem_info.dylib
0x0000000000ca5000 	/usr/lib/system/libsystem_m.dylib
0x0000000000ca5000 	/usr/lib/system/libsystem_malloc.dylib
0x0000000000ca5000 	/usr/lib/system/libsystem_network.dylib
0x0000000000ca5000 	/usr/lib/system/libsystem_networkextension.dylib
0x0000000000ca5000 	/usr/lib/system/libsystem_notify.dylib
0x0000000000ca5000 	/usr/lib/system/libsystem_sandbox.dylib
0x0000000000ca5000 	/usr/lib/system/libsystem_secinit.dylib
0x0000000000ca5000 	/usr/lib/system/libsystem_kernel.dylib
0x0000000000ca5000 	/usr/lib/system/libsystem_platform.dylib
0x0000000000ca5000 	/usr/lib/system/libsystem_pthread.dylib
0x0000000000ca5000 	/usr/lib/system/libsystem_symptoms.dylib
0x0000000000ca5000 	/usr/lib/system/libsystem_trace.dylib
0x0000000000ca5000 	/usr/lib/system/libunwind.dylib
0x0000000000ca5000 	/usr/lib/system/libxpc.dylib
0x0000000000ca5000 	/usr/lib/closure/libclosured.dylib
0x0000000000ca5000 	/usr/lib/libc++abi.dylib
0x0000000000ca5000 	/usr/lib/libc++.1.dylib
0x0000000000ca5000 	/usr/lib/libenergytrace.dylib
0x0000000000ca5000 	/usr/lib/libbsm.0.dylib
0x0000000000ca5000 	/usr/lib/system/libkxld.dylib
0x0000000101d60000 	/Applications/IBM/SPSS/Statistics/25/SPSSStatistics.app/Contents/lib/libifcoremt.dylib
0x0000000101ed7000 	/Applications/IBM/SPSS/Statistics/25/SPSSStatistics.app/Contents/lib/libimf.dylib
0x00000001021f7000 	/Applications/IBM/SPSS/Statistics/25/SPSSStatistics.app/Contents/lib/libsvml.dylib
0x0000000102cf4000 	/Applications/IBM/SPSS/Statistics/25/SPSSStatistics.app/Contents/lib/libintlc.dylib
0x0000000102d40000 	/Applications/IBM/SPSS/Statistics/25/SPSSStatistics.app/Contents/lib/libplatdep.dylib
0x0000000102d8e000 	/Applications/IBM/SPSS/Statistics/25/SPSSStatistics.app/Contents/lib/libgsk8iccs.dylib
0x0000000102e03000 	/Applications/IBM/SPSS/Statistics/25/SPSSStatistics.app/Contents/lib/libsockbsd.dylib
0x0000000102e16000 	/Applications/IBM/SPSS/Statistics/25/SPSSStatistics.app/Contents/lib/libsfthread.dylib
0x0000000102e2a000 	/Applications/IBM/SPSS/Statistics/25/SPSSStatistics.app/Contents/lib/libvserial.dylib
0x0000000102e41000 	/Applications/IBM/SPSS/Statistics/25/SPSSStatistics.app/Contents/lib/libvutility.dylib
0x0000000102e4e000 	/Applications/IBM/SPSS/Statistics/25/SPSSStatistics.app/Contents/lib/libicuuc.51.2.dylib
0x000000010302d000 	/Applications/IBM/SPSS/Statistics/25/SPSSStatistics.app/Contents/lib/libicui18n.51.2.dylib
0x0000000103301000 	/Applications/IBM/SPSS/Statistics/25/SPSSStatistics.app/Contents/lib/libxerces-c-3.1.dylib
0x00000001044cf000 	/Applications/IBM/SPSS/Statistics/25/SPSSStatistics.app/Contents/lib/libicudata.51.2.dylib
0x0000000105a1b000 	/Applications/IBM/SPSS/Statistics/25/SPSSStatistics.app/Contents/lib/libspsswlib.dylib
0x00000001018a2000 	/Applications/IBM/SPSS/Statistics/25/SPSSStatistics.app/Contents/lib/libcpuinfo.dylib
0x00000001036da000 	/Applications/IBM/SPSS/Statistics/25/SPSSStatistics.app/Contents/lib/libomcell.dylib
0x00000001036fd000 	/Applications/IBM/SPSS/Statistics/25/SPSSStatistics.app/Contents/lib/libomfactry.dylib
0x00000001037a3000 	/Applications/IBM/SPSS/Statistics/25/SPSSStatistics.app/Contents/lib/libomtree.dylib
0x00000001037de000 	/Applications/IBM/SPSS/Statistics/25/SPSSStatistics.app/Contents/lib/libomxxml.dylib
0x0000000103818000 	/Applications/IBM/SPSS/Statistics/25/SPSSStatistics.app/Contents/lib/libomxsav.dylib
0x000000010382a000 	/Applications/IBM/SPSS/Statistics/25/SPSSStatistics.app/Contents/lib/libomxhtml.dylib
0x000000010384f000 	/Applications/IBM/SPSS/Statistics/25/SPSSStatistics.app/Contents/lib/libomxtext.dylib
0x0000000103872000 	/Applications/IBM/SPSS/Statistics/25/SPSSStatistics.app/Contents/lib/libomxspv.dylib
0x0000000102ced000 	/Applications/IBM/SPSS/Statistics/25/SPSSStatistics.app/Contents/lib/libspssjni.dylib
0x000000010387a000 	/Applications/IBM/SPSS/Statistics/25/SPSSStatistics.app/Contents/lib/libspssjvm.dylib
0x0000000103887000 	/Applications/IBM/SPSS/Statistics/25/SPSSStatistics.app/Contents/lib/libvizedit.dylib
0x00000001038a6000 	/Applications/IBM/SPSS/Statistics/25/SPSSStatistics.app/Contents/lib/libtransspc.dylib
0x00000001038d3000 	/Applications/IBM/SPSS/Statistics/25/SPSSStatistics.app/Contents/lib/libdedstore.dylib
0x00000001038ee000 	/Applications/IBM/SPSS/Statistics/25/SPSSStatistics.app/Contents/lib/libsvrdmgr.dylib
0x000000010390f000 	/Applications/IBM/SPSS/Statistics/25/SPSSStatistics.app/Contents/lib/libdatasrc.dylib
0x00000001039b3000 	/Applications/IBM/SPSS/Statistics/25/SPSSStatistics.app/Contents/lib/libsvrerrs.dylib
0x00000001039bb000 	/Applications/IBM/SPSS/Statistics/25/SPSSStatistics.app/Contents/lib/libspssdemg.dylib
0x0000000103a01000 	/Applications/IBM/SPSS/Statistics/25/SPSSStatistics.app/Contents/lib/libcpputil.dylib
0x0000000103a3c000 	/Applications/IBM/SPSS/Statistics/25/SPSSStatistics.app/Contents/lib/libstrtable.dylib
0x00000000cba4c000 	/Applications/IBM/SPSS/Statistics/25/SPSSStatistics.app/Contents/lib/libxalan-c.111.0.dylib
0x0000000104096000 	/Applications/IBM/SPSS/Statistics/25/SPSSStatistics.app/Contents/lib/libchartutl.dylib
0x0000000101b72000 	/Applications/IBM/SPSS/Statistics/25/SPSSStatistics.app/Contents/lib/libspssmsgs.dylib
0x00000001041a1000 	/Applications/IBM/SPSS/Statistics/25/SPSSStatistics.app/Contents/lib/libvizchart.dylib
0x00000001043c4000 	/Applications/IBM/SPSS/Statistics/25/SPSSStatistics.app/Contents/lib/libzlib1211spss.dylib
0x00000001043f6000 	/Applications/IBM/SPSS/Statistics/25/SPSSStatistics.app/Contents/lib/libindutil.dylib
0x00000000c4402000 	/Applications/IBM/SPSS/Statistics/25/SPSSStatistics.app/Contents/lib/libxalanMsg.111.0.dylib
0x0000000107ddf000 	/Applications/IBM/SPSS/Statistics/25/SPSSStatistics.app/Contents/lib/libspssiocv.dylib
0x0000000101bba000 	/Applications/IBM/SPSS/Statistics/25/SPSSStatistics.app/Contents/lib/libreadonly.dylib
0x0000000101d37000 	/Applications/IBM/SPSS/Statistics/25/SPSSStatistics.app/Contents/lib/libtmsutil.dylib
0x0000000107e14000 	/Applications/IBM/SPSS/Statistics/25/SPSSStatistics.app/Contents/lib/libcvtrans.dylib
0x00000000643ff000 	/Applications/IBM/SPSS/Statistics/25/SPSSStatistics.app/Contents/Library/Frameworks/Sentinel.framework/Versions/A/Sentinel
0x0000000104417000 	/Applications/IBM/SPSS/Statistics/25/SPSSStatistics.app/Contents/Library/Frameworks/SuperPro.framework/Versions/A/SuperPro
0x0000000102e0f000 	/Applications/IBM/SPSS/Statistics/25/SPSSStatistics.app/Contents/lib/libcmddata.dylib
0x0000000107e65000 	/Applications/IBM/SPSS/Statistics/25/SPSSStatistics.app/Contents/lib/libmcbstsps.dylib
0x0000000000ca5000 	/usr/lib/libiconv.2.dylib
0x0000000000ca5000 	/System/Library/Frameworks/CoreServices.framework/Versions/A/CoreServices
0x0000000000ca5000 	/System/Library/Frameworks/CFNetwork.framework/Versions/A/CFNetwork
0x0000000000ca5000 	/System/Library/Frameworks/CoreServices.framework/Versions/A/Frameworks/FSEvents.framework/Versions/A/FSEvents
0x0000000000ca5000 	/System/Library/Frameworks/CoreServices.framework/Versions/A/Frameworks/CarbonCore.framework/Versions/A/CarbonCore
0x0000000000ca5000 	/System/Library/Frameworks/CoreServices.framework/Versions/A/Frameworks/Metadata.framework/Versions/A/Metadata
0x0000000000ca5000 	/System/Library/Frameworks/CoreServices.framework/Versions/A/Frameworks/OSServices.framework/Versions/A/OSServices
0x0000000000ca5000 	/System/Library/Frameworks/CoreServices.framework/Versions/A/Frameworks/SearchKit.framework/Versions/A/SearchKit
0x0000000000ca5000 	/System/Library/Frameworks/CoreServices.framework/Versions/A/Frameworks/AE.framework/Versions/A/AE
0x0000000000ca5000 	/System/Library/Frameworks/CoreServices.framework/Versions/A/Frameworks/LaunchServices.framework/Versions/A/LaunchServices
0x0000000000ca5000 	/System/Library/Frameworks/CoreServices.framework/Versions/A/Frameworks/DictionaryServices.framework/Versions/A/DictionaryServices
0x0000000000ca5000 	/System/Library/Frameworks/CoreServices.framework/Versions/A/Frameworks/SharedFileList.framework/Versions/A/SharedFileList
0x0000000000ca5000 	/usr/lib/libauto.dylib
0x0000000000ca5000 	/System/Library/Frameworks/SystemConfiguration.framework/Versions/A/SystemConfiguration
0x0000000000ca5000 	/System/Library/Frameworks/Security.framework/Versions/A/Security
0x0000000000ca5000 	/usr/lib/libsqlite3.dylib
0x0000000000ca5000 	/usr/lib/libxml2.2.dylib
0x0000000000ca5000 	/usr/lib/libnetwork.dylib
0x0000000000ca5000 	/usr/lib/libapple_nghttp2.dylib
0x0000000000ca5000 	/usr/lib/libpcap.A.dylib
0x0000000000ca5000 	/usr/lib/libboringssl.dylib
0x0000000000ca5000 	/usr/lib/libusrtcp.dylib
0x0000000000ca5000 	/usr/lib/libcoretls.dylib
0x0000000000ca5000 	/usr/lib/libcoretls_cfhelpers.dylib
0x0000000000ca5000 	/usr/lib/libapple_crypto.dylib
0x0000000000ca5000 	/System/Library/Frameworks/Foundation.framework/Versions/C/Foundation
0x0000000000ca5000 	/usr/lib/libOpenScriptingUtil.dylib
0x0000000000ca5000 	/usr/lib/libpam.2.dylib
0x0000000000ca5000 	/usr/lib/libxar.1.dylib
0x0000000000ca5000 	/System/Library/Frameworks/DiskArbitration.framework/Versions/A/DiskArbitration
0x0000000000ca5000 	/usr/lib/libarchive.2.dylib
0x0000000000ca5000 	/usr/lib/liblangid.dylib
0x0000000000ca5000 	/usr/lib/libCRFSuite.dylib
0x0000000000ca5000 	/usr/lib/libbz2.1.0.dylib
0x0000000000ca5000 	/usr/lib/liblzma.5.dylib
0x0000000000ca5000 	/System/Library/Frameworks/NetFS.framework/Versions/A/NetFS
0x0000000000ca5000 	/System/Library/PrivateFrameworks/NetAuth.framework/Versions/A/NetAuth
0x0000000000ca5000 	/System/Library/PrivateFrameworks/login.framework/Versions/A/Frameworks/loginsupport.framework/Versions/A/loginsupport
0x0000000000ca5000 	/System/Library/PrivateFrameworks/TCC.framework/Versions/A/TCC
0x0000000000ca5000 	/usr/lib/libmecabra.dylib
0x0000000000ca5000 	/System/Library/Frameworks/ApplicationServices.framework/Versions/A/ApplicationServices
0x0000000000ca5000 	/System/Library/Frameworks/CoreGraphics.framework/Versions/A/CoreGraphics
0x0000000000ca5000 	/System/Library/Frameworks/CoreText.framework/Versions/A/CoreText
0x0000000000ca5000 	/System/Library/Frameworks/ImageIO.framework/Versions/A/ImageIO
0x0000000000ca5000 	/System/Library/Frameworks/ColorSync.framework/Versions/A/ColorSync
0x0000000000ca5000 	/System/Library/Frameworks/ApplicationServices.framework/Versions/A/Frameworks/ATS.framework/Versions/A/ATS
0x0000000000ca5000 	/System/Library/Frameworks/ApplicationServices.framework/Versions/A/Frameworks/ColorSyncLegacy.framework/Versions/A/ColorSyncLegacy
0x0000000000ca5000 	/System/Library/Frameworks/ApplicationServices.framework/Versions/A/Frameworks/HIServices.framework/Versions/A/HIServices
0x0000000000ca5000 	/System/Library/Frameworks/ApplicationServices.framework/Versions/A/Frameworks/LangAnalysis.framework/Versions/A/LangAnalysis
0x0000000000ca5000 	/System/Library/Frameworks/ApplicationServices.framework/Versions/A/Frameworks/PrintCore.framework/Versions/A/PrintCore
0x0000000000ca5000 	/System/Library/Frameworks/ApplicationServices.framework/Versions/A/Frameworks/QD.framework/Versions/A/QD
0x0000000000ca5000 	/System/Library/Frameworks/ApplicationServices.framework/Versions/A/Frameworks/SpeechSynthesis.framework/Versions/A/SpeechSynthesis
0x0000000000ca5000 	/System/Library/PrivateFrameworks/SkyLight.framework/Versions/A/SkyLight
0x0000000000ca5000 	/System/Library/Frameworks/Accelerate.framework/Versions/A/Accelerate
0x0000000000ca5000 	/System/Library/Frameworks/CoreDisplay.framework/Versions/A/CoreDisplay
0x0000000000ca5000 	/System/Library/Frameworks/IOSurface.framework/Versions/A/IOSurface
0x0000000000ca5000 	/System/Library/Frameworks/Metal.framework/Versions/A/Metal
0x0000000000ca5000 	/System/Library/PrivateFrameworks/MultitouchSupport.framework/Versions/A/MultitouchSupport
0x0000000000ca5000 	/System/Library/Frameworks/QuartzCore.framework/Versions/A/QuartzCore
0x0000000000ca5000 	/System/Library/Frameworks/Accelerate.framework/Versions/A/Frameworks/vImage.framework/Versions/A/vImage
0x0000000000ca5000 	/System/Library/Frameworks/Accelerate.framework/Versions/A/Frameworks/vecLib.framework/Versions/A/vecLib
0x0000000000ca5000 	/System/Library/Frameworks/Accelerate.framework/Versions/A/Frameworks/vecLib.framework/Versions/A/libvDSP.dylib
0x0000000000ca5000 	/System/Library/Frameworks/Accelerate.framework/Versions/A/Frameworks/vecLib.framework/Versions/A/libBNNS.dylib
0x0000000000ca5000 	/System/Library/Frameworks/Accelerate.framework/Versions/A/Frameworks/vecLib.framework/Versions/A/libQuadrature.dylib
0x0000000000ca5000 	/System/Library/Frameworks/Accelerate.framework/Versions/A/Frameworks/vecLib.framework/Versions/A/libvMisc.dylib
0x0000000000ca5000 	/System/Library/Frameworks/Accelerate.framework/Versions/A/Frameworks/vecLib.framework/Versions/A/libLAPACK.dylib
0x0000000000ca5000 	/System/Library/Frameworks/Accelerate.framework/Versions/A/Frameworks/vecLib.framework/Versions/A/libBLAS.dylib
0x0000000000ca5000 	/System/Library/Frameworks/Accelerate.framework/Versions/A/Frameworks/vecLib.framework/Versions/A/libLinearAlgebra.dylib
0x0000000000ca5000 	/System/Library/Frameworks/Accelerate.framework/Versions/A/Frameworks/vecLib.framework/Versions/A/libSparse.dylib
0x0000000000ca5000 	/System/Library/Frameworks/Accelerate.framework/Versions/A/Frameworks/vecLib.framework/Versions/A/libSparseBLAS.dylib
0x0000000000ca5000 	/System/Library/PrivateFrameworks/IOAccelerator.framework/Versions/A/IOAccelerator
0x0000000000ca5000 	/System/Library/PrivateFrameworks/IOPresentment.framework/Versions/A/IOPresentment
0x0000000000ca5000 	/System/Library/PrivateFrameworks/DSExternalDisplay.framework/Versions/A/DSExternalDisplay
0x0000000000ca5000 	/System/Library/Frameworks/OpenGL.framework/Versions/A/Libraries/libCoreFSCache.dylib
0x0000000000ca5000 	/System/Library/Frameworks/CoreImage.framework/Versions/A/CoreImage
0x0000000000ca5000 	/System/Library/Frameworks/CoreVideo.framework/Versions/A/CoreVideo
0x0000000000ca5000 	/System/Library/Frameworks/OpenGL.framework/Versions/A/OpenGL
0x0000000000ca5000 	/System/Library/PrivateFrameworks/GraphVisualizer.framework/Versions/A/GraphVisualizer
0x0000000000ca5000 	/System/Library/Frameworks/MetalPerformanceShaders.framework/Versions/A/MetalPerformanceShaders
0x0000000000ca5000 	/usr/lib/libFosl_dynamic.dylib
0x0000000000ca5000 	/System/Library/PrivateFrameworks/FaceCore.framework/Versions/A/FaceCore
0x0000000000ca5000 	/System/Library/Frameworks/OpenCL.framework/Versions/A/OpenCL
0x0000000000ca5000 	/usr/lib/libcompression.dylib
0x0000000000ca5000 	/System/Library/Frameworks/ApplicationServices.framework/Versions/A/Frameworks/ATS.framework/Versions/A/Resources/libFontParser.dylib
0x0000000000ca5000 	/System/Library/Frameworks/ApplicationServices.framework/Versions/A/Frameworks/ATS.framework/Versions/A/Resources/libFontRegistry.dylib
0x0000000000ca5000 	/System/Library/Frameworks/ImageIO.framework/Versions/A/Resources/libJPEG.dylib
0x0000000000ca5000 	/System/Library/Frameworks/ImageIO.framework/Versions/A/Resources/libTIFF.dylib
0x0000000000ca5000 	/System/Library/Frameworks/ImageIO.framework/Versions/A/Resources/libPng.dylib
0x0000000000ca5000 	/System/Library/Frameworks/ImageIO.framework/Versions/A/Resources/libGIF.dylib
0x0000000000ca5000 	/System/Library/Frameworks/ImageIO.framework/Versions/A/Resources/libJP2.dylib
0x0000000000ca5000 	/System/Library/Frameworks/ImageIO.framework/Versions/A/Resources/libRadiance.dylib
0x0000000000ca5000 	/System/Library/PrivateFrameworks/AppleJPEG.framework/Versions/A/AppleJPEG
0x0000000000ca5000 	/System/Library/PrivateFrameworks/MetalTools.framework/Versions/A/MetalTools
0x0000000000ca5000 	/System/Library/Frameworks/MetalPerformanceShaders.framework/Frameworks/MPSCore.framework/Versions/A/MPSCore
0x0000000000ca5000 	/System/Library/Frameworks/MetalPerformanceShaders.framework/Frameworks/MPSImage.framework/Versions/A/MPSImage
0x0000000000ca5000 	/System/Library/Frameworks/MetalPerformanceShaders.framework/Frameworks/MPSMatrix.framework/Versions/A/MPSMatrix
0x0000000000ca5000 	/System/Library/Frameworks/MetalPerformanceShaders.framework/Frameworks/MPSNeuralNetwork.framework/Versions/A/MPSNeuralNetwork
0x0000000000ca5000 	/System/Library/Frameworks/OpenGL.framework/Versions/A/Libraries/libGLU.dylib
0x0000000000ca5000 	/System/Library/Frameworks/OpenGL.framework/Versions/A/Libraries/libGFXShared.dylib
0x0000000000ca5000 	/System/Library/Frameworks/OpenGL.framework/Versions/A/Libraries/libGL.dylib
0x0000000000ca5000 	/System/Library/Frameworks/OpenGL.framework/Versions/A/Libraries/libGLImage.dylib
0x0000000000ca5000 	/System/Library/Frameworks/OpenGL.framework/Versions/A/Libraries/libCVMSPluginSupport.dylib
0x0000000000ca5000 	/System/Library/Frameworks/OpenGL.framework/Versions/A/Libraries/libCoreVMClient.dylib
0x0000000000ca5000 	/usr/lib/libcups.2.dylib
0x0000000000ca5000 	/System/Library/Frameworks/Kerberos.framework/Versions/A/Kerberos
0x0000000000ca5000 	/System/Library/Frameworks/GSS.framework/Versions/A/GSS
0x0000000000ca5000 	/usr/lib/libresolv.9.dylib
0x0000000000ca5000 	/System/Library/PrivateFrameworks/Heimdal.framework/Versions/A/Heimdal
0x0000000000ca5000 	/usr/lib/libheimdal-asn1.dylib
0x0000000000ca5000 	/System/Library/Frameworks/OpenDirectory.framework/Versions/A/OpenDirectory
0x0000000000ca5000 	/System/Library/PrivateFrameworks/CommonAuth.framework/Versions/A/CommonAuth
0x0000000000ca5000 	/System/Library/Frameworks/OpenDirectory.framework/Versions/A/Frameworks/CFOpenDirectory.framework/Versions/A/CFOpenDirectory
0x0000000000ca5000 	/System/Library/Frameworks/SecurityFoundation.framework/Versions/A/SecurityFoundation
0x0000000000ca5000 	/System/Library/PrivateFrameworks/APFS.framework/Versions/A/APFS
0x0000000000ca5000 	/usr/lib/libutil.dylib
0x0000000000ca5000 	/System/Library/Frameworks/CoreAudio.framework/Versions/A/CoreAudio
0x0000000000ca5000 	/System/Library/Frameworks/AudioToolbox.framework/Versions/A/AudioToolbox
0x0000000000ca5000 	/System/Library/PrivateFrameworks/AppleSauce.framework/Versions/A/AppleSauce
0x0000000000ca5000 	/System/Library/PrivateFrameworks/LinguisticData.framework/Versions/A/LinguisticData
0x0000000000ca5000 	/usr/lib/libmarisa.dylib
0x0000000000ca5000 	/System/Library/PrivateFrameworks/Lexicon.framework/Versions/A/Lexicon
0x0000000000ca5000 	/usr/lib/libChineseTokenizer.dylib
0x0000000000ca5000 	/usr/lib/libcmph.dylib
0x0000000000ca5000 	/System/Library/PrivateFrameworks/LanguageModeling.framework/Versions/A/LanguageModeling
0x0000000000ca5000 	/System/Library/Frameworks/CoreData.framework/Versions/A/CoreData
0x0000000000ca5000 	/System/Library/PrivateFrameworks/CoreEmoji.framework/Versions/A/CoreEmoji
0x0000000000ca5000 	/System/Library/Frameworks/ServiceManagement.framework/Versions/A/ServiceManagement
0x0000000000ca5000 	/System/Library/PrivateFrameworks/BackgroundTaskManagement.framework/Versions/A/BackgroundTaskManagement
0x0000000000ca5000 	/usr/lib/libxslt.1.dylib
0x0000000107e6d000 	/Applications/IBM/SPSS/Statistics/25/SPSSStatistics.app/Contents/lib/libdatastr.dylib
0x0000000107e89000 	/Applications/IBM/SPSS/Statistics/25/SPSSStatistics.app/Contents/lib/libstacrypt.dylib
0x0000000107e96000 	/Applications/IBM/SPSS/Statistics/25/SPSSStatistics.app/Contents/lib/libmccomsps.dylib
0x0000000107f99000 	/Applications/IBM/SPSS/Statistics/25/SPSSStatistics.app/Contents/lib/libspsspool.dylib
0x0000000107fd3000 	/Applications/IBM/SPSS/Statistics/25/SPSSStatistics.app/Contents/lib/libxchart.dylib
0x0000000108057000 	/Applications/IBM/SPSS/Statistics/25/SPSSStatistics.app/Contents/lib/libviewerxml.dylib
0x000000010ab87000 	/Applications/IBM/SPSS/Statistics/25/SPSSStatistics.app/Contents/lib/libspsswctl.dylib
0x000000010815c000 	/Applications/IBM/SPSS/Statistics/25/SPSSStatistics.app/Contents/lib/libuparser.dylib
0x00000001081c9000 	/Applications/IBM/SPSS/Statistics/25/SPSSStatistics.app/Contents/lib/libspssdx.dylib
0x000000010ac9b000 	/Applications/IBM/SPSS/Statistics/25/SPSSStatistics.app/Contents/lib/libomsopmgr.dylib
0x000000010acc2000 	/Applications/IBM/SPSS/Statistics/25/SPSSStatistics.app/Contents/lib/libspsswcis.dylib
0x000000010adf3000 	/Applications/IBM/SPSS/Statistics/25/SPSSStatistics.app/Contents/lib/libspsswmsg.dylib
0x000000010ae1b000 	/Applications/IBM/SPSS/Statistics/25/SPSSStatistics.app/Contents/lib/libuadapter.dylib
0x000000010ae50000 	/Applications/IBM/SPSS/Statistics/25/SPSSStatistics.app/Contents/lib/libspssclef.dylib
0x000000010ae94000 	/Applications/IBM/SPSS/Statistics/25/SPSSStatistics.app/Contents/ext/bin/spss.common/libcfcore.dylib
0x000000010af79000 	/Applications/IBM/SPSS/Statistics/25/SPSSStatistics.app/Contents/ext/bin/spss.common/libcfcommon.dylib
0x000000010aff2000 	/Applications/IBM/SPSS/Statistics/25/SPSSStatistics.app/Contents/lib/libfmsgs.dylib
0x000000010b026000 	/Applications/IBM/SPSS/Statistics/25/SPSSStatistics.app/Contents/lib/libnetcom.dylib
0x00000001081f5000 	/Applications/IBM/SPSS/Statistics/25/SPSSStatistics.app/Contents/lib/libfwutility.dylib
0x000000010b04e000 	/Applications/IBM/SPSS/Statistics/25/SPSSStatistics.app/Contents/lib/libfilesort.dylib
0x000000010b062000 	/Applications/IBM/SPSS/Statistics/25/SPSSStatistics.app/Contents/lib/libmtxp.dylib
0x000000010b07e000 	/Applications/IBM/SPSS/Statistics/25/SPSSStatistics.app/Contents/ext/bin/spss.common/libcorethread.dylib
0x000000010b08e000 	/Applications/IBM/SPSS/Statistics/25/SPSSStatistics.app/Contents/ext/bin/spss.common/libcfthread.dylib
0x000000010b095000 	/Applications/IBM/SPSS/Statistics/25/SPSSStatistics.app/Contents/common/ext/bin/spss.common/libcfcomserv.dylib
0x000000010b0ad000 	/Applications/IBM/SPSS/Statistics/25/SPSSStatistics.app/Contents/ext/bin/spss.common/libcfextension.dylib
0x000000010b0e5000 	/Applications/IBM/SPSS/Statistics/25/SPSSStatistics.app/Contents/ext/bin/spss.common/libcffilter.dylib
0x000000010b0f4000 	/Applications/IBM/SPSS/Statistics/25/SPSSStatistics.app/Contents/ext/bin/spss.common/libcfcatencode.dylib
0x0000000102e25000 	/Applications/IBM/SPSS/Statistics/25/SPSSStatistics.app/Contents/ext/bin/spss.common/libcfcomstatistic.dylib
0x000000010b113000 	/Applications/IBM/SPSS/Statistics/25/SPSSStatistics.app/Contents/ext/bin/spss.common/libtempfiles.dylib
0x000000010e139000 	/Applications/IBM/SPSS/Statistics/25/SPSSStatistics.app/Contents/lib/libpesrepo.dylib
0x000000010ea55000 	/Applications/IBM/SPSS/Statistics/25/SPSSStatistics.app/Contents/lib/libspsswfil.dylib
0x000000010eaf5000 	/Applications/IBM/SPSS/Statistics/25/SPSSStatistics.app/Contents/lib/libchartxml.dylib
0x000000010eb55000 	/Applications/IBM/SPSS/Statistics/25/SPSSStatistics.app/Contents/lib/libxlsxdac.dylib
0x000000010eb8d000 	/Applications/IBM/SPSS/Statistics/25/SPSSStatistics.app/Contents/lib/libpkginpr.dylib
0x000000010eb96000 	/Applications/IBM/SPSS/Statistics/25/SPSSStatistics.app/Contents/lib/libdacmmsgs.dylib
0x000000010eba2000 	/Applications/IBM/SPSS/Statistics/25/SPSSStatistics.app/Contents/lib/libtxtwdmsg.dylib
0x000000010eba9000 	/Applications/IBM/SPSS/Statistics/25/SPSSStatistics.app/Contents/JRE/lib/jli/libjli.dylib
0x0000000000ca5000 	/System/Library/Frameworks/Cocoa.framework/Versions/A/Cocoa
0x0000000000ca5000 	/System/Library/Frameworks/AppKit.framework/Versions/C/AppKit
0x0000000000ca5000 	/System/Library/PrivateFrameworks/RemoteViewServices.framework/Versions/A/RemoteViewServices
0x0000000000ca5000 	/System/Library/PrivateFrameworks/UIFoundation.framework/Versions/A/UIFoundation
0x0000000000ca5000 	/System/Library/PrivateFrameworks/DFRFoundation.framework/Versions/A/DFRFoundation
0x0000000000ca5000 	/System/Library/PrivateFrameworks/DesktopServicesPriv.framework/Versions/A/DesktopServicesPriv
0x0000000000ca5000 	/usr/lib/libScreenReader.dylib
0x0000000000ca5000 	/System/Library/Frameworks/AudioUnit.framework/Versions/A/AudioUnit
0x0000000000ca5000 	/System/Library/PrivateFrameworks/DataDetectorsCore.framework/Versions/A/DataDetectorsCore
0x0000000000ca5000 	/System/Library/Frameworks/Carbon.framework/Versions/A/Frameworks/HIToolbox.framework/Versions/A/HIToolbox
0x0000000000ca5000 	/System/Library/Frameworks/Carbon.framework/Versions/A/Frameworks/SpeechRecognition.framework/Versions/A/SpeechRecognition
0x0000000000ca5000 	/System/Library/PrivateFrameworks/CoreUI.framework/Versions/A/CoreUI
0x0000000000ca5000 	/System/Library/PrivateFrameworks/PerformanceAnalysis.framework/Versions/A/PerformanceAnalysis
0x0000000000ca5000 	/System/Library/PrivateFrameworks/Backup.framework/Versions/A/Backup
0x0000000000ca5000 	/System/Library/Frameworks/Carbon.framework/Versions/A/Frameworks/Ink.framework/Versions/A/Ink
0x0000000000ca5000 	/System/Library/PrivateFrameworks/TextureIO.framework/Versions/A/TextureIO
0x0000000000ca5000 	/usr/lib/libate.dylib
0x0000000000ca5000 	/System/Library/PrivateFrameworks/CrashReporterSupport.framework/Versions/A/CrashReporterSupport
0x0000000000ca5000 	/System/Library/PrivateFrameworks/Sharing.framework/Versions/A/Sharing
0x0000000000ca5000 	/System/Library/PrivateFrameworks/IconServices.framework/Versions/A/IconServices
0x0000000000ca5000 	/System/Library/PrivateFrameworks/ProtocolBuffer.framework/Versions/A/ProtocolBuffer
0x0000000000ca5000 	/System/Library/PrivateFrameworks/Apple80211.framework/Versions/A/Apple80211
0x0000000000ca5000 	/System/Library/Frameworks/CoreWLAN.framework/Versions/A/CoreWLAN
0x0000000000ca5000 	/System/Library/PrivateFrameworks/CoreUtils.framework/Versions/A/CoreUtils
0x0000000000ca5000 	/System/Library/Frameworks/IOBluetooth.framework/Versions/A/IOBluetooth
0x0000000000ca5000 	/System/Library/PrivateFrameworks/CoreWiFi.framework/Versions/A/CoreWiFi
0x0000000000ca5000 	/System/Library/Frameworks/CoreBluetooth.framework/Versions/A/CoreBluetooth
0x0000000000ca5000 	/System/Library/PrivateFrameworks/SignpostNotification.framework/Versions/A/SignpostNotification
0x0000000000ca5000 	/System/Library/PrivateFrameworks/DebugSymbols.framework/Versions/A/DebugSymbols
0x0000000000ca5000 	/System/Library/PrivateFrameworks/CoreSymbolication.framework/Versions/A/CoreSymbolication
0x0000000000ca5000 	/System/Library/PrivateFrameworks/Symbolication.framework/Versions/A/Symbolication
0x0000000000ca5000 	/System/Library/PrivateFrameworks/AppleFSCompression.framework/Versions/A/AppleFSCompression
0x0000000000ca5000 	/System/Library/PrivateFrameworks/SpeechRecognitionCore.framework/Versions/A/SpeechRecognitionCore
0x000000010ebb9000 	/Applications/IBM/SPSS/Statistics/25/SPSSStatistics.app/Contents/JRE//lib/server/libjvm.dylib
0x000000010fb5b000 	/Applications/IBM/SPSS/Statistics/25/SPSSStatistics.app/Contents/JRE/lib/libverify.dylib
0x000000010fb69000 	/Applications/IBM/SPSS/Statistics/25/SPSSStatistics.app/Contents/JRE/lib/libjava.dylib
0x000000010fb9e000 	/Applications/IBM/SPSS/Statistics/25/SPSSStatistics.app/Contents/JRE/lib/libzip.dylib
0x0000000000ca5000 	/System/Library/Frameworks/JavaVM.framework/Versions/A/Frameworks/JavaRuntimeSupport.framework/Versions/A/JavaRuntimeSupport
0x0000000000ca5000 	/System/Library/Frameworks/JavaVM.framework/Versions/A/Frameworks/JavaNativeFoundation.framework/Versions/A/JavaNativeFoundation
0x0000000000ca5000 	/System/Library/Frameworks/JavaVM.framework/Versions/A/JavaVM
0x0000000000ca5000 	/System/Library/Frameworks/Carbon.framework/Versions/A/Carbon
0x0000000000ca5000 	/System/Library/PrivateFrameworks/JavaLaunching.framework/Versions/A/JavaLaunching
0x0000000000ca5000 	/System/Library/Frameworks/Carbon.framework/Versions/A/Frameworks/CommonPanels.framework/Versions/A/CommonPanels
0x0000000000ca5000 	/System/Library/Frameworks/Carbon.framework/Versions/A/Frameworks/Help.framework/Versions/A/Help
0x0000000000ca5000 	/System/Library/Frameworks/Carbon.framework/Versions/A/Frameworks/ImageCapture.framework/Versions/A/ImageCapture
0x0000000000ca5000 	/System/Library/Frameworks/Carbon.framework/Versions/A/Frameworks/OpenScripting.framework/Versions/A/OpenScripting
0x0000000000ca5000 	/System/Library/Frameworks/Carbon.framework/Versions/A/Frameworks/Print.framework/Versions/A/Print
0x0000000000ca5000 	/System/Library/Frameworks/Carbon.framework/Versions/A/Frameworks/SecurityHI.framework/Versions/A/SecurityHI
0x000000012792a000 	/Applications/IBM/SPSS/Statistics/25/SPSSStatistics.app/Contents/JRE/lib/libnet.dylib
0x000000010c939000 	/Applications/IBM/SPSS/Statistics/25/SPSSStatistics.app/Contents/lib/libspsswarc.dylib
0x000000010c98a000 	/Applications/IBM/SPSS/Statistics/25/SPSSStatistics.app/Contents/lib/libspsswalt.dylib
0x000000010c9a2000 	/Applications/IBM/SPSS/Statistics/25/SPSSStatistics.app/Contents/lib/libspsswbst.dylib
0x000000010c9b2000 	/Applications/IBM/SPSS/Statistics/25/SPSSStatistics.app/Contents/lib/libspsswone.dylib
0x000000010cb2a000 	/Applications/IBM/SPSS/Statistics/25/SPSSStatistics.app/Contents/lib/libspssweda.dylib

VM Arguments:
jvm_args: -Djava.library.path=/Applications/IBM/SPSS/Statistics/25/SPSSStatistics.app/Contents/bin/../JRE/lib/jli/:/Applications/IBM/SPSS/Statistics/25/SPSSStatistics.app/Contents/bin/../JRE/lib/:/Applications/IBM/SPSS/Statistics/25/SPSSStatistics.app/Contents/bin/../lib/:/Applications/IBM/SPSS/Statistics/25/SPSSStatistics.app/Contents/bin/ -Dapplication.home=/Applications/IBM/SPSS/Statistics/25/SPSSStatistics.app/Contents/bin -Dstatistics.home=/Applications/IBM/SPSS/Statistics/25/SPSSStatistics.app/Contents/bin -Djava.awt.headless=true -Dcom.sun.media.jai.disableMediaLib=true -Xms256M -Xmx2048M -XX:-UsePerfData -Dcom.ibm.jsse2.overrideDefaultProtocol=TLSv12 -Djava.io.tmpdir=/tmp/spssOMOwgj/ 
java_command: <unknown>
java_class_path (initial): :/Applications/IBM/SPSS/Statistics/25/SPSSStatistics.app/Contents/bin/ChartEditor.jar:/Applications/IBM/SPSS/Statistics/25/SPSSStatistics.app/Contents/bin/ChartEditorRes.jar:/Applications/IBM/SPSS/Statistics/25/SPSSStatistics.app/Contents/bin/CoreTools.jar:/Applications/IBM/SPSS/Statistics/25/SPSSStatistics.app/Contents/bin/CustomDialogBuilder.jar:/Applications/IBM/SPSS/Statistics/25/SPSSStatistics.app/Contents/bin/CustomDialogBuilderRes.jar:/Applications/IBM/SPSS/Statistics/25/SPSSStatistics.app/Contents/bin/ExViewerDialogDemo.jar:/Applications/IBM/SPSS/Statistics/25/SPSSStatistics.app/Contents/bin/ExViewerFrameDemo.jar:/Applications/IBM/SPSS/Statistics/25/SPSSStatistics.app/Contents/bin/ExportTools.jar:/Applications/IBM/SPSS/Statistics/25/SPSSStatistics.app/Contents/bin/ExtensionManager.jar:/Applications/IBM/SPSS/Statistics/25/SPSSStatistics.app/Contents/bin/ExtensionManagerRes.jar:/Applications/IBM/SPSS/Statistics/25/SPSSStatistics.app/Contents/bin/FieldChooser.jar:/Applications/IBM/SPSS/Statistics/25/SPSSStatistics.app/Contents/bin/InstallExtBundles.jar:/Applications/IBM/SPSS/Statistics/25/SPSSStatistics.app/Contents/bin/InstallExtBundlesRes.jar:/Applications/IBM/SPSS/Statistics/25/SPSSStatistics.app/Contents/bin/JRegEdit.jar:/Applications/IBM/SPSS/Statistics/25/SPSSStatistics.app/Contents/bin/JimiProClasses.jar:/Applications/IBM/SPSS/Statistics/25/SPSSStatistics.app/Contents/bin/LightTable.jar:/Applications/IBM/SPSS/Statistics/25/SPSSStatistics.app/Contents/bin/ModelViewer.jar:/Applications/IBM/SPSS/Statistics/25/SPSSStatistics.app/Contents/bin/PivotTableEditor.jar:/Applications/IBM/SPSS/Statistics/25/SPSSStatistics.app/Contents/bin/PivotTableEditorRes.jar:/Applications/IBM/SPSS/Statistics/25/SPSSStatistics.app/Contents/bin/RConfig.jar:/Applications/IBM/SPSS/Statistics/25/SPSSStatistics.app/Contents/bin/RapidSpell.jar:/Applications/IBM/SPSS/Statistics/25/SPSSStatistics.app/Contents/bin/RapidSpellMDict.jar:/Applications/IBM/SPSS/Stat
Launcher Type: generic

Environment Variables:
PATH=/Applications/IBM/SPSS/Statistics/25/SPSSStatistics.app/Contents/bin:/usr/bin:/bin:/usr/sbin:/sbin
SHELL=/bin/bash
DISPLAY=/private/tmp/com.apple.launchd.N0IfJsADsH/org.macosforge.xquartz:0
DYLD_LIBRARY_PATH=/Applications/IBM/SPSS/Statistics/25/SPSSStatistics.app/Contents/lib:/Applications/IBM/SPSS/Statistics/25/SPSSStatistics.app/Contents/common/ext/bin/spss.common:/Applications/IBM/SPSS/Statistics/25/SPSSStatistics.app/Contents/ext/bin/spss.common:/Applications/IBM/SPSS/Statistics/25/SPSSStatistics.app/Contents/lib:/Applications/IBM/SPSS/Statistics/25/SPSSStatistics.app/Contents/Library/Frameworks/Sentinel.framework:/Applications/IBM/SPSS/Statistics/25/SPSSStatistics.app/Contents/Library/Frameworks/SuperPro.framework:/Applications/IBM/SPSS/Statistics/25/SPSSStatistics.app/Contents/JRE/lib/jli

Signal Handlers:
SIGSEGV: [libjvm.dylib+0x5b1141], sa_mask[0]=11111111011111110111111111111111, sa_flags=SA_ONSTACK|SA_RESTART|SA_SIGINFO
SIGBUS: [libjvm.dylib+0x5b1141], sa_mask[0]=11111111011111110111111111111111, sa_flags=SA_RESTART|SA_SIGINFO
SIGFPE: [libjvm.dylib+0x487bc4], sa_mask[0]=11111111011111110111111111111111, sa_flags=SA_RESTART|SA_SIGINFO
SIGPIPE: [libjvm.dylib+0x487bc4], sa_mask[0]=11111111011111110111111111111111, sa_flags=SA_RESTART|SA_SIGINFO
SIGXFSZ: [libjvm.dylib+0x487bc4], sa_mask[0]=11111111011111110111111111111111, sa_flags=SA_RESTART|SA_SIGINFO
SIGILL: [libjvm.dylib+0x487bc4], sa_mask[0]=11111111011111110111111111111111, sa_flags=SA_RESTART|SA_SIGINFO
SIGUSR1: SIG_DFL, sa_mask[0]=00000000000000000000000000000000, sa_flags=none
SIGUSR2: [libjvm.dylib+0x4876e2], sa_mask[0]=00100000000000000000000000000000, sa_flags=SA_RESTART|SA_SIGINFO
SIGHUP: [libjvm.dylib+0x485cb9], sa_mask[0]=11111111011111110111111111111111, sa_flags=SA_RESTART|SA_SIGINFO
SIGINT: [libjvm.dylib+0x485cb9], sa_mask[0]=11111111011111110111111111111111, sa_flags=SA_RESTART|SA_SIGINFO
SIGTERM: [libjvm.dylib+0x485cb9], sa_mask[0]=11111111011111110111111111111111, sa_flags=SA_RESTART|SA_SIGINFO
SIGQUIT: [libjvm.dylib+0x485cb9], sa_mask[0]=11111111011111110111111111111111, sa_flags=SA_RESTART|SA_SIGINFO


---------------  S Y S T E M  ---------------

OS:Bsduname:Darwin 17.3.0 Darwin Kernel Version 17.3.0: Thu Nov  9 18:09:22 PST 2017; root:xnu-4570.31.3~1/RELEASE_X86_64 x86_64
rlimit: STACK 8192k, CORE 0k, NPROC 1418, NOFILE 10240, AS infinity
load average:2.79 2.04 1.82

CPU:total 8 (4 cores per cpu, 2 threads per core) family 6 model 70 stepping 1, cmov, cx8, fxsr, mmx, sse, sse2, sse3, ssse3, sse4.1, sse4.2, popcnt, avx, avx2, aes, clmul, erms, lzcnt, ht, tsc, tscinvbit, bmi1, bmi2

Memory: 4k page, physical 16777216k(667064k free)

/proc/meminfo:


vm_info: Java HotSpot(TM) 64-Bit Server VM (25.121-b13) for bsd-amd64 JRE (1.8.0_121-b13), built on Dec 12 2016 20:39:32 by "java_re" with gcc 4.2.1 (Based on Apple Inc. build 5658) (LLVM build 2336.11.00)

time: Sat Jun  9 04:08:49 2018
elapsed time: 1 seconds (0d 0h 0m 1s)

