#
# A fatal error has been detected by the Java Runtime Environment:
#
#  SIGSEGV (0xb) at pc=0x000000010694bd3b, pid=2428, tid=0x0000000000000307
#
# JRE version: Java(TM) 2 Runtime Environment, Standard Edition (8.0_121-b13) (build 1.8.0_121-b13 14_Feb_2017_06_58 Mac OS X x64(SR4 FP1))
# Java VM: Java HotSpot(TM) 64-Bit Server VM (25.121-b13 mixed mode bsd-amd64 compressed oops)
# Problematic frame:
# C  [StartXD+0x11d3b]  LongData::ParseData(void*, int&)+0x5b
#
# Failed to write core dump. Core dumps have been disabled. To enable core dumping, try "ulimit -c unlimited" before starting Java again
#
# If you would like to submit a bug report, please visit:
#   http://bugreport.java.com/bugreport/crash.jsp
#

---------------  T H R E A D  ---------------

Current thread is native thread

siginfo: si_signo: 11 (SIGSEGV), si_code: 1 (SEGV_MAPERR), si_addr: 0x00007ff58e500000

Registers:
RAX=0x00000000000b0e18, RBX=0x00007ff58e500000, RCX=0x0000000000000000, RDX=0x0000000000090000
RSP=0x00007ffee92c2b20, RBP=0x00007ffee92c2b60, RSI=0x0000000112088e10, RDI=0x00007ffee92c5420
R8 =0x0000000000000153, R9 =0x0000000000000099, R10=0x000000012c11e000, R11=0x0000000000000000
R12=0x00007ffee92c5420, R13=0x00007ffee92c2b34, R14=0x000000006ffd447a, R15=0x00007ffee92c5408
RIP=0x000000010694bd3b, EFLAGS=0x0000000000010206, ERR=0x0000000000000004
  TRAPNO=0x000000000000000e

Top of Stack: (sp=0x00007ffee92c2b20)
0x00007ffee92c2b20:   0000000000000001 00007ffee92c2c44
0x00007ffee92c2b30:   0000000000000004 00007ffee92c53e0
0x00007ffee92c2b40:   00007ffee92c53e0 0000000000000000
0x00007ffee92c2b50:   00007ff58e44f1e0 00007ff58e44f1e0
0x00007ffee92c2b60:   00007ffee92c2c70 0000000106c4159f
0x00007ffee92c2b70:   fd00000070001000 0000000106c2ffff
0x00007ffee92c2b80:   00007ffee92c2c10 00007fff5de59758
0x00007ffee92c2b90:   0000000106c2a000 0000000000000002
0x00007ffee92c2ba0:   00007ff58bc2b380 000000010d194a00
0x00007ffee92c2bb0:   0000000000000000 0000000000000010
0x00007ffee92c2bc0:   0000000000000001 0000000106c2b080
0x00007ffee92c2bd0:   0000000106c2b080 000000010d194a00
0x00007ffee92c2be0:   0000000106c2a000 0000000000000002
0x00007ffee92c2bf0:   000000000d195e00 0000000000000000
0x00007ffee92c2c00:   00007ffee92c2cb0 0000000000000000
0x00007ffee92c2c10:   00007fff96d8b000 0000000000000000
0x00007ffee92c2c20:   00007ffee92c2c50 00007fff5de42201
0x00007ffee92c2c30:   0000000000000000 0000000000000000
0x00007ffee92c2c40:   0000000000000000 00007ffee92c53e0
0x00007ffee92c2c50:   00007ffee92c2cb0 0000000000000000
0x00007ffee92c2c60:   00007ff58e44f1e0 0000000000000000
0x00007ffee92c2c70:   00007ffee92c4ce0 0000000106c3a9e9
0x00007ffee92c2c80:   0000000000000000 00007ffee92c53e0
0x00007ffee92c2c90:   00007ff58bdd78f0 00007ff58e44f1e0
0x00007ffee92c2ca0:   0000000000000000 0000000000000000
0x00007ffee92c2cb0:   0000000000000000 0000000000000000
0x00007ffee92c2cc0:   0000000000000000 0000000000000000
0x00007ffee92c2cd0:   0000000000000000 0000000000000000
0x00007ffee92c2ce0:   0000000000000000 0000000000000000
0x00007ffee92c2cf0:   0000000000000000 0000000000000000
0x00007ffee92c2d00:   0000000000000000 0000000000000000
0x00007ffee92c2d10:   0000000000000000 0000000000000000 

Instructions: (pc=0x000000010694bd3b)
0x000000010694bd1b:   41 ff ce 48 83 c3 04 4d 8d 67 18 b8 08 00 00 00
0x000000010694bd2b:   4c 8d 6d d4 eb 0a 41 ff ce 48 83 c3 04 83 c0 04
0x000000010694bd3b:   8b 0b 89 4d d4 41 89 47 10 4c 89 e7 4c 89 ee e8
0x000000010694bd4b:   4f 0a 00 00 41 8b 47 10 45 85 f6 75 d9 48 8b 55 

Register to memory mapping:

RAX=0x00000000000b0e18 is an unknown value
RBX=0x00007ff58e500000 is an unknown value
RCX=0x0000000000000000 is an unknown value
RDX=0x0000000000090000 is an unknown value
RSP=0x00007ffee92c2b20 is an unknown value
RBP=0x00007ffee92c2b60 is an unknown value
RSI=0x0000000112088e10 is an unknown value
RDI=0x00007ffee92c5420 is an unknown value
R8 =0x0000000000000153 is an unknown value
R9 =0x0000000000000099 is an unknown value
R10=0x000000012c11e000 is an unknown value
R11=0x0000000000000000 is an unknown value
R12=0x00007ffee92c5420 is an unknown value
R13=0x00007ffee92c2b34 is an unknown value
R14=0x000000006ffd447a is an unknown value
R15=0x00007ffee92c5408 is an unknown value


Stack: [0x00007ffee8ac6000,0x00007ffee92c6000],  sp=0x00007ffee92c2b20,  free space=8178k
Native frames: (J=compiled Java code, j=interpreted, Vv=VM code, C=native code)
C  [StartXD+0x11d3b]  LongData::ParseData(void*, int&)+0x5b
C  [libspssdxcom.dylib+0x1259f]  CleXDSmb::ParseBuf(void*)+0x4d
C  [libspssdxcom.dylib+0xb9e9]  ReceiveData(JavaPlugInSocket*, CleXDSmb&)+0xfa
C  [StartXD+0x25fe]  main+0xa6b
C  [libdyld.dylib+0x1115]  start+0x1


---------------  P R O C E S S  ---------------

VM state:not at safepoint (normal execution)

VM Mutex/Monitor currently owned by a thread: None

Heap:
 PSYoungGen      total 76288K, used 27664K [0x0000000795580000, 0x000000079aa80000, 0x00000007c0000000)
  eden space 65536K, 42% used [0x0000000795580000,0x0000000797084000,0x0000000799580000)
  from space 10752K, 0% used [0x000000079a000000,0x000000079a000000,0x000000079aa80000)
  to   space 10752K, 0% used [0x0000000799580000,0x0000000799580000,0x000000079a000000)
 ParOldGen       total 175104K, used 0K [0x0000000740000000, 0x000000074ab00000, 0x0000000795580000)
  object space 175104K, 0% used [0x0000000740000000,0x0000000740000000,0x000000074ab00000)
 Metaspace       used 7797K, capacity 7884K, committed 8192K, reserved 1056768K
  class space    used 912K, capacity 944K, committed 1024K, reserved 1048576K

Card table byte_map: [0x0000000124094000,0x0000000124495000] byte_map_base: 0x0000000120694000

Marking Bits: (ParMarkBitMap*) 0x00000001145d6d30
 Begin Bits: [0x0000000124740000, 0x0000000126740000)
 End Bits:   [0x0000000126740000, 0x0000000128740000)

Polling page: 0x0000000106d78000

CodeCache: size=245760Kb used=2517Kb max_used=2528Kb free=243242Kb
 bounds [0x0000000114cd4000, 0x0000000114f54000, 0x0000000123cd4000]
 total_blobs=747 nmethods=482 adapters=179
 compilation: enabled

Compilation events (10 events):
Event: 0.999 Thread 0x00007ff58c052000  476       3       java.lang.Number::<init> (5 bytes)
Event: 0.999 Thread 0x00007ff58c052000 nmethod 476 0x0000000114f37b10 code [0x0000000114f37c80, 0x0000000114f37e30]
Event: 0.999 Thread 0x00007ff58c052000  478       3       java.lang.Integer::<init> (10 bytes)
Event: 0.999 Thread 0x00007ff58c052000 nmethod 478 0x0000000114f37690 code [0x0000000114f37800, 0x0000000114f37a10]
Event: 1.001 Thread 0x00007ff58c052000  480  s    3       java.util.jar.JarFile::getInputStream (89 bytes)
Event: 1.001 Thread 0x00007ff58c052000 nmethod 480 0x0000000114f365d0 code [0x0000000114f367e0, 0x0000000114f37358]
Event: 1.001 Thread 0x00007ff58c052000  481       3       java.util.jar.JarFile::getManifest (5 bytes)
Event: 1.002 Thread 0x00007ff58c052000 nmethod 481 0x0000000114f36250 code [0x0000000114f363c0, 0x0000000114f36548]
Event: 1.006 Thread 0x00007ff58d833000  482       4       java.lang.CharacterDataLatin1::toUpperCaseEx (71 bytes)
Event: 1.007 Thread 0x00007ff58d833000 nmethod 482 0x0000000114f35ed0 code [0x0000000114f36020, 0x0000000114f360f8]

GC Heap History (0 events):
No events

Deoptimization events (5 events):
Event: 0.250 Thread 0x00007ff58d805000 Uncommon trap: reason=unstable_if action=reinterpret pc=0x0000000114de88a0 method=java.lang.String.startsWith(Ljava/lang/String;I)Z @ 25
Event: 0.251 Thread 0x00007ff58d805000 Uncommon trap: reason=unstable_if action=reinterpret pc=0x0000000114de48f8 method=java.lang.String.indexOf(II)I @ 49
Event: 0.301 Thread 0x00007ff58d805000 Uncommon trap: reason=unstable_if action=reinterpret pc=0x0000000114ddfa98 method=java.lang.String.hashCode()I @ 14
Event: 0.357 Thread 0x00007ff58d805000 Uncommon trap: reason=unstable_if action=reinterpret pc=0x0000000114e0c204 method=java.lang.String.indexOf([CII[CIII)I @ 134
Event: 0.636 Thread 0x00007ff58d805000 Uncommon trap: reason=unstable_if action=reinterpret pc=0x0000000114ea3f54 method=java.lang.AbstractStringBuilder.append(Ljava/lang/String;)Ljava/lang/AbstractStringBuilder; @ 1

Internal exceptions (10 events):
Event: 0.492 Thread 0x00007ff58d805000 Exception <a 'java/security/PrivilegedActionException'> (0x0000000795dcac00) thrown at [/Users/java_re/workspace/8-2-build-macosx-x86_64/jdk8u121/8372/hotspot/src/share/vm/prims/jvm.cpp, line 1390]
Event: 0.492 Thread 0x00007ff58d805000 Exception <a 'java/security/PrivilegedActionException'> (0x0000000795dcbbf0) thrown at [/Users/java_re/workspace/8-2-build-macosx-x86_64/jdk8u121/8372/hotspot/src/share/vm/prims/jvm.cpp, line 1390]
Event: 0.492 Thread 0x00007ff58d805000 Exception <a 'java/security/PrivilegedActionException'> (0x0000000795dcbe00) thrown at [/Users/java_re/workspace/8-2-build-macosx-x86_64/jdk8u121/8372/hotspot/src/share/vm/prims/jvm.cpp, line 1390]
Event: 0.584 Thread 0x00007ff58d805000 Exception <a 'java/security/PrivilegedActionException'> (0x0000000795efe9b0) thrown at [/Users/java_re/workspace/8-2-build-macosx-x86_64/jdk8u121/8372/hotspot/src/share/vm/prims/jvm.cpp, line 1390]
Event: 0.584 Thread 0x00007ff58d805000 Exception <a 'java/security/PrivilegedActionException'> (0x0000000795efebc0) thrown at [/Users/java_re/workspace/8-2-build-macosx-x86_64/jdk8u121/8372/hotspot/src/share/vm/prims/jvm.cpp, line 1390]
Event: 0.584 Thread 0x00007ff58d805000 Exception <a 'java/security/PrivilegedActionException'> (0x0000000795effb80) thrown at [/Users/java_re/workspace/8-2-build-macosx-x86_64/jdk8u121/8372/hotspot/src/share/vm/prims/jvm.cpp, line 1390]
Event: 0.584 Thread 0x00007ff58d805000 Exception <a 'java/security/PrivilegedActionException'> (0x0000000795effd90) thrown at [/Users/java_re/workspace/8-2-build-macosx-x86_64/jdk8u121/8372/hotspot/src/share/vm/prims/jvm.cpp, line 1390]
Event: 0.636 Thread 0x00007ff58d805000 Implicit null exception at 0x0000000114ea3b76 to 0x0000000114ea3f3d
Event: 0.754 Thread 0x00007ff58d805000 Exception <a 'java/io/FileNotFoundException'> (0x00000007963edd90) thrown at [/Users/java_re/workspace/8-2-build-macosx-x86_64/jdk8u121/8372/hotspot/src/share/vm/prims/jni.cpp, line 709]
Event: 0.947 Thread 0x00007ff58d805000 Exception <a 'java/lang/ClassNotFoundException': jdk/xml/internal/HashMap> (0x0000000796d42bc8) thrown at [/Users/java_re/workspace/8-2-build-macosx-x86_64/jdk8u121/8372/hotspot/src/share/vm/classfile/systemDictionary.cpp, line 210]

Events (10 events):
Event: 1.017 loading class com/spss/repository/client/application/RepositoryServerResourceAuthorizationException
Event: 1.017 loading class com/spss/repository/client/application/RepositoryServerResourceAuthorizationException done
Event: 1.018 loading class com/spss/repository/client/application/RepositoryServerLockException
Event: 1.018 loading class com/spss/repository/client/application/RepositoryServerLockException done
Event: 1.018 loading class java/net/URISyntaxException
Event: 1.018 loading class java/net/URISyntaxException done
Event: 1.018 loading class com/spss/repository/client/application/RepositoryServerDuplicateObjectNameException
Event: 1.018 loading class com/spss/repository/client/application/RepositoryServerDuplicateObjectNameException done
Event: 1.018 loading class javax/activation/MimeTypeParseException
Event: 1.018 loading class javax/activation/MimeTypeParseException done


Dynamic libraries:
0x000000000ea03000 	/System/Library/Frameworks/CoreFoundation.framework/Versions/A/CoreFoundation
0x000000000ea03000 	/System/Library/Frameworks/IOKit.framework/Versions/A/IOKit
0x000000000ea03000 	/usr/lib/libstdc++.6.0.9.dylib
0x000000010695f000 	/Applications/IBM/SPSS/Statistics/25/SPSSStatistics.app/Contents/lib/libtempdir.dylib
0x000000010697e000 	/Applications/IBM/SPSS/Statistics/25/SPSSStatistics.app/Contents/lib/libspssxd.dylib
0x0000000106c2f000 	/Applications/IBM/SPSS/Statistics/25/SPSSStatistics.app/Contents/lib/libspssdxcom.dylib
0x0000000106c72000 	/Applications/IBM/SPSS/Statistics/25/SPSSStatistics.app/Contents/common/ext/bin/spss.common/libscorelib850r.dylib
0x0000000106d79000 	/Applications/IBM/SPSS/Statistics/25/SPSSStatistics.app/Contents/common/ext/bin/spss.common/libGeneralRegressionModel850r.dylib
0x0000000106def000 	/Applications/IBM/SPSS/Statistics/25/SPSSStatistics.app/Contents/common/ext/bin/spss.common/libdiscriminant-model850r.dylib
0x000000000ea03000 	/usr/lib/libSystem.B.dylib
0x000000000ea03000 	/usr/lib/libDiagnosticMessagesClient.dylib
0x000000000ea03000 	/usr/lib/libicucore.A.dylib
0x000000000ea03000 	/usr/lib/libobjc.A.dylib
0x000000000ea03000 	/usr/lib/libz.1.dylib
0x000000000ea03000 	/usr/lib/system/libcache.dylib
0x000000000ea03000 	/usr/lib/system/libcommonCrypto.dylib
0x000000000ea03000 	/usr/lib/system/libcompiler_rt.dylib
0x000000000ea03000 	/usr/lib/system/libcopyfile.dylib
0x000000000ea03000 	/usr/lib/system/libcorecrypto.dylib
0x000000000ea03000 	/usr/lib/system/libdispatch.dylib
0x000000000ea03000 	/usr/lib/system/libdyld.dylib
0x000000000ea03000 	/usr/lib/system/libkeymgr.dylib
0x000000000ea03000 	/usr/lib/system/liblaunch.dylib
0x000000000ea03000 	/usr/lib/system/libmacho.dylib
0x000000000ea03000 	/usr/lib/system/libquarantine.dylib
0x000000000ea03000 	/usr/lib/system/libremovefile.dylib
0x000000000ea03000 	/usr/lib/system/libsystem_asl.dylib
0x000000000ea03000 	/usr/lib/system/libsystem_blocks.dylib
0x000000000ea03000 	/usr/lib/system/libsystem_c.dylib
0x000000000ea03000 	/usr/lib/system/libsystem_configuration.dylib
0x000000000ea03000 	/usr/lib/system/libsystem_coreservices.dylib
0x000000000ea03000 	/usr/lib/system/libsystem_darwin.dylib
0x000000000ea03000 	/usr/lib/system/libsystem_dnssd.dylib
0x000000000ea03000 	/usr/lib/system/libsystem_info.dylib
0x000000000ea03000 	/usr/lib/system/libsystem_m.dylib
0x000000000ea03000 	/usr/lib/system/libsystem_malloc.dylib
0x000000000ea03000 	/usr/lib/system/libsystem_network.dylib
0x000000000ea03000 	/usr/lib/system/libsystem_networkextension.dylib
0x000000000ea03000 	/usr/lib/system/libsystem_notify.dylib
0x000000000ea03000 	/usr/lib/system/libsystem_sandbox.dylib
0x000000000ea03000 	/usr/lib/system/libsystem_secinit.dylib
0x000000000ea03000 	/usr/lib/system/libsystem_kernel.dylib
0x000000000ea03000 	/usr/lib/system/libsystem_platform.dylib
0x000000000ea03000 	/usr/lib/system/libsystem_pthread.dylib
0x000000000ea03000 	/usr/lib/system/libsystem_symptoms.dylib
0x000000000ea03000 	/usr/lib/system/libsystem_trace.dylib
0x000000000ea03000 	/usr/lib/system/libunwind.dylib
0x000000000ea03000 	/usr/lib/system/libxpc.dylib
0x000000000ea03000 	/usr/lib/closure/libclosured.dylib
0x000000000ea03000 	/usr/lib/libc++abi.dylib
0x000000000ea03000 	/usr/lib/libc++.1.dylib
0x000000000ea03000 	/usr/lib/libenergytrace.dylib
0x000000000ea03000 	/usr/lib/libbsm.0.dylib
0x000000000ea03000 	/usr/lib/system/libkxld.dylib
0x0000000106e0f000 	/Applications/IBM/SPSS/Statistics/25/SPSSStatistics.app/Contents/lib/libifcoremt.dylib
0x0000000106f8a000 	/Applications/IBM/SPSS/Statistics/25/SPSSStatistics.app/Contents/lib/libimf.dylib
0x00000001072a7000 	/Applications/IBM/SPSS/Statistics/25/SPSSStatistics.app/Contents/lib/libsvml.dylib
0x0000000107d9d000 	/Applications/IBM/SPSS/Statistics/25/SPSSStatistics.app/Contents/lib/libintlc.dylib
0x0000000107dec000 	/Applications/IBM/SPSS/Statistics/25/SPSSStatistics.app/Contents/lib/libplatdep.dylib
0x0000000107e3d000 	/Applications/IBM/SPSS/Statistics/25/SPSSStatistics.app/Contents/lib/libgsk8iccs.dylib
0x0000000107eb3000 	/Applications/IBM/SPSS/Statistics/25/SPSSStatistics.app/Contents/lib/libsockbsd.dylib
0x0000000107ebf000 	/Applications/IBM/SPSS/Statistics/25/SPSSStatistics.app/Contents/lib/libsfthread.dylib
0x0000000107ed1000 	/Applications/IBM/SPSS/Statistics/25/SPSSStatistics.app/Contents/lib/libvserial.dylib
0x0000000107ee8000 	/Applications/IBM/SPSS/Statistics/25/SPSSStatistics.app/Contents/lib/libvutility.dylib
0x0000000107ef0000 	/Applications/IBM/SPSS/Statistics/25/SPSSStatistics.app/Contents/lib/libicuuc.51.2.dylib
0x00000001080d1000 	/Applications/IBM/SPSS/Statistics/25/SPSSStatistics.app/Contents/lib/libicui18n.51.2.dylib
0x00000001083a1000 	/Applications/IBM/SPSS/Statistics/25/SPSSStatistics.app/Contents/lib/libxerces-c-3.1.dylib
0x000000010877b000 	/Applications/IBM/SPSS/Statistics/25/SPSSStatistics.app/Contents/lib/libicudata.51.2.dylib
0x0000000109cc9000 	/Applications/IBM/SPSS/Statistics/25/SPSSStatistics.app/Contents/lib/libspsswlib.dylib
0x000000010c08d000 	/Applications/IBM/SPSS/Statistics/25/SPSSStatistics.app/Contents/lib/libcpuinfo.dylib
0x000000010c095000 	/Applications/IBM/SPSS/Statistics/25/SPSSStatistics.app/Contents/lib/libomcell.dylib
0x000000010c0bf000 	/Applications/IBM/SPSS/Statistics/25/SPSSStatistics.app/Contents/lib/libomfactry.dylib
0x000000010c167000 	/Applications/IBM/SPSS/Statistics/25/SPSSStatistics.app/Contents/lib/libomtree.dylib
0x000000010c1a8000 	/Applications/IBM/SPSS/Statistics/25/SPSSStatistics.app/Contents/lib/libomxxml.dylib
0x000000010c1e2000 	/Applications/IBM/SPSS/Statistics/25/SPSSStatistics.app/Contents/lib/libomxsav.dylib
0x000000010c1fa000 	/Applications/IBM/SPSS/Statistics/25/SPSSStatistics.app/Contents/lib/libomxhtml.dylib
0x000000010c220000 	/Applications/IBM/SPSS/Statistics/25/SPSSStatistics.app/Contents/lib/libomxtext.dylib
0x000000010c24a000 	/Applications/IBM/SPSS/Statistics/25/SPSSStatistics.app/Contents/lib/libomxspv.dylib
0x000000010c254000 	/Applications/IBM/SPSS/Statistics/25/SPSSStatistics.app/Contents/lib/libspssjni.dylib
0x000000010c25b000 	/Applications/IBM/SPSS/Statistics/25/SPSSStatistics.app/Contents/lib/libspssjvm.dylib
0x000000010c26b000 	/Applications/IBM/SPSS/Statistics/25/SPSSStatistics.app/Contents/lib/libvizedit.dylib
0x000000010c28b000 	/Applications/IBM/SPSS/Statistics/25/SPSSStatistics.app/Contents/lib/libtransspc.dylib
0x000000010c2b9000 	/Applications/IBM/SPSS/Statistics/25/SPSSStatistics.app/Contents/lib/libdedstore.dylib
0x000000010c2d6000 	/Applications/IBM/SPSS/Statistics/25/SPSSStatistics.app/Contents/lib/libsvrdmgr.dylib
0x000000010c2f7000 	/Applications/IBM/SPSS/Statistics/25/SPSSStatistics.app/Contents/lib/libdatasrc.dylib
0x000000010c3a1000 	/Applications/IBM/SPSS/Statistics/25/SPSSStatistics.app/Contents/lib/libsvrerrs.dylib
0x000000010c3ac000 	/Applications/IBM/SPSS/Statistics/25/SPSSStatistics.app/Contents/lib/libspssdemg.dylib
0x000000010c3f7000 	/Applications/IBM/SPSS/Statistics/25/SPSSStatistics.app/Contents/lib/libcpputil.dylib
0x000000010c436000 	/Applications/IBM/SPSS/Statistics/25/SPSSStatistics.app/Contents/lib/libstrtable.dylib
0x00000000d4447000 	/Applications/IBM/SPSS/Statistics/25/SPSSStatistics.app/Contents/lib/libxalan-c.111.0.dylib
0x000000010ca92000 	/Applications/IBM/SPSS/Statistics/25/SPSSStatistics.app/Contents/lib/libchartutl.dylib
0x000000010cba0000 	/Applications/IBM/SPSS/Statistics/25/SPSSStatistics.app/Contents/lib/libspssmsgs.dylib
0x000000010cba8000 	/Applications/IBM/SPSS/Statistics/25/SPSSStatistics.app/Contents/lib/libvizchart.dylib
0x000000010cdcb000 	/Applications/IBM/SPSS/Statistics/25/SPSSStatistics.app/Contents/lib/libzlib1211spss.dylib
0x000000010ce03000 	/Applications/IBM/SPSS/Statistics/25/SPSSStatistics.app/Contents/lib/libindutil.dylib
0x00000000cce15000 	/Applications/IBM/SPSS/Statistics/25/SPSSStatistics.app/Contents/lib/libxalanMsg.111.0.dylib
0x000000010ce25000 	/Applications/IBM/SPSS/Statistics/25/SPSSStatistics.app/Contents/lib/libspssiocv.dylib
0x000000010ce61000 	/Applications/IBM/SPSS/Statistics/25/SPSSStatistics.app/Contents/lib/libreadonly.dylib
0x000000010ce6a000 	/Applications/IBM/SPSS/Statistics/25/SPSSStatistics.app/Contents/lib/libtmsutil.dylib
0x000000010ce72000 	/Applications/IBM/SPSS/Statistics/25/SPSSStatistics.app/Contents/lib/libcvtrans.dylib
0x000000006ceb9000 	/Applications/IBM/SPSS/Statistics/25/SPSSStatistics.app/Contents/Library/Frameworks/Sentinel.framework/Versions/A/Sentinel
0x000000010ced8000 	/Applications/IBM/SPSS/Statistics/25/SPSSStatistics.app/Contents/Library/Frameworks/SuperPro.framework/Versions/A/SuperPro
0x000000010ceee000 	/Applications/IBM/SPSS/Statistics/25/SPSSStatistics.app/Contents/lib/libcmddata.dylib
0x000000010cef5000 	/Applications/IBM/SPSS/Statistics/25/SPSSStatistics.app/Contents/lib/libmcbstsps.dylib
0x000000000ea03000 	/usr/lib/libiconv.2.dylib
0x000000000ea03000 	/System/Library/Frameworks/CoreServices.framework/Versions/A/CoreServices
0x000000000ea03000 	/System/Library/Frameworks/CFNetwork.framework/Versions/A/CFNetwork
0x000000000ea03000 	/System/Library/Frameworks/CoreServices.framework/Versions/A/Frameworks/FSEvents.framework/Versions/A/FSEvents
0x000000000ea03000 	/System/Library/Frameworks/CoreServices.framework/Versions/A/Frameworks/CarbonCore.framework/Versions/A/CarbonCore
0x000000000ea03000 	/System/Library/Frameworks/CoreServices.framework/Versions/A/Frameworks/Metadata.framework/Versions/A/Metadata
0x000000000ea03000 	/System/Library/Frameworks/CoreServices.framework/Versions/A/Frameworks/OSServices.framework/Versions/A/OSServices
0x000000000ea03000 	/System/Library/Frameworks/CoreServices.framework/Versions/A/Frameworks/SearchKit.framework/Versions/A/SearchKit
0x000000000ea03000 	/System/Library/Frameworks/CoreServices.framework/Versions/A/Frameworks/AE.framework/Versions/A/AE
0x000000000ea03000 	/System/Library/Frameworks/CoreServices.framework/Versions/A/Frameworks/LaunchServices.framework/Versions/A/LaunchServices
0x000000000ea03000 	/System/Library/Frameworks/CoreServices.framework/Versions/A/Frameworks/DictionaryServices.framework/Versions/A/DictionaryServices
0x000000000ea03000 	/System/Library/Frameworks/CoreServices.framework/Versions/A/Frameworks/SharedFileList.framework/Versions/A/SharedFileList
0x000000000ea03000 	/usr/lib/libauto.dylib
0x000000000ea03000 	/System/Library/Frameworks/SystemConfiguration.framework/Versions/A/SystemConfiguration
0x000000000ea03000 	/System/Library/Frameworks/Security.framework/Versions/A/Security
0x000000000ea03000 	/usr/lib/libsqlite3.dylib
0x000000000ea03000 	/usr/lib/libxml2.2.dylib
0x000000000ea03000 	/usr/lib/libnetwork.dylib
0x000000000ea03000 	/usr/lib/libapple_nghttp2.dylib
0x000000000ea03000 	/usr/lib/libpcap.A.dylib
0x000000000ea03000 	/usr/lib/libboringssl.dylib
0x000000000ea03000 	/usr/lib/libusrtcp.dylib
0x000000000ea03000 	/usr/lib/libcoretls.dylib
0x000000000ea03000 	/usr/lib/libcoretls_cfhelpers.dylib
0x000000000ea03000 	/usr/lib/libapple_crypto.dylib
0x000000000ea03000 	/System/Library/Frameworks/Foundation.framework/Versions/C/Foundation
0x000000000ea03000 	/usr/lib/libOpenScriptingUtil.dylib
0x000000000ea03000 	/usr/lib/libpam.2.dylib
0x000000000ea03000 	/usr/lib/libxar.1.dylib
0x000000000ea03000 	/System/Library/Frameworks/DiskArbitration.framework/Versions/A/DiskArbitration
0x000000000ea03000 	/usr/lib/libarchive.2.dylib
0x000000000ea03000 	/usr/lib/liblangid.dylib
0x000000000ea03000 	/usr/lib/libCRFSuite.dylib
0x000000000ea03000 	/usr/lib/libbz2.1.0.dylib
0x000000000ea03000 	/usr/lib/liblzma.5.dylib
0x000000000ea03000 	/System/Library/Frameworks/NetFS.framework/Versions/A/NetFS
0x000000000ea03000 	/System/Library/PrivateFrameworks/NetAuth.framework/Versions/A/NetAuth
0x000000000ea03000 	/System/Library/PrivateFrameworks/login.framework/Versions/A/Frameworks/loginsupport.framework/Versions/A/loginsupport
0x000000000ea03000 	/System/Library/PrivateFrameworks/TCC.framework/Versions/A/TCC
0x000000000ea03000 	/usr/lib/libmecabra.dylib
0x000000000ea03000 	/System/Library/Frameworks/ApplicationServices.framework/Versions/A/ApplicationServices
0x000000000ea03000 	/System/Library/Frameworks/CoreGraphics.framework/Versions/A/CoreGraphics
0x000000000ea03000 	/System/Library/Frameworks/CoreText.framework/Versions/A/CoreText
0x000000000ea03000 	/System/Library/Frameworks/ImageIO.framework/Versions/A/ImageIO
0x000000000ea03000 	/System/Library/Frameworks/ColorSync.framework/Versions/A/ColorSync
0x000000000ea03000 	/System/Library/Frameworks/ApplicationServices.framework/Versions/A/Frameworks/ATS.framework/Versions/A/ATS
0x000000000ea03000 	/System/Library/Frameworks/ApplicationServices.framework/Versions/A/Frameworks/ColorSyncLegacy.framework/Versions/A/ColorSyncLegacy
0x000000000ea03000 	/System/Library/Frameworks/ApplicationServices.framework/Versions/A/Frameworks/HIServices.framework/Versions/A/HIServices
0x000000000ea03000 	/System/Library/Frameworks/ApplicationServices.framework/Versions/A/Frameworks/LangAnalysis.framework/Versions/A/LangAnalysis
0x000000000ea03000 	/System/Library/Frameworks/ApplicationServices.framework/Versions/A/Frameworks/PrintCore.framework/Versions/A/PrintCore
0x000000000ea03000 	/System/Library/Frameworks/ApplicationServices.framework/Versions/A/Frameworks/QD.framework/Versions/A/QD
0x000000000ea03000 	/System/Library/Frameworks/ApplicationServices.framework/Versions/A/Frameworks/SpeechSynthesis.framework/Versions/A/SpeechSynthesis
0x000000000ea03000 	/System/Library/PrivateFrameworks/SkyLight.framework/Versions/A/SkyLight
0x000000000ea03000 	/System/Library/Frameworks/Accelerate.framework/Versions/A/Accelerate
0x000000000ea03000 	/System/Library/Frameworks/CoreDisplay.framework/Versions/A/CoreDisplay
0x000000000ea03000 	/System/Library/Frameworks/IOSurface.framework/Versions/A/IOSurface
0x000000000ea03000 	/System/Library/Frameworks/Metal.framework/Versions/A/Metal
0x000000000ea03000 	/System/Library/PrivateFrameworks/MultitouchSupport.framework/Versions/A/MultitouchSupport
0x000000000ea03000 	/System/Library/Frameworks/QuartzCore.framework/Versions/A/QuartzCore
0x000000000ea03000 	/System/Library/Frameworks/Accelerate.framework/Versions/A/Frameworks/vImage.framework/Versions/A/vImage
0x000000000ea03000 	/System/Library/Frameworks/Accelerate.framework/Versions/A/Frameworks/vecLib.framework/Versions/A/vecLib
0x000000000ea03000 	/System/Library/Frameworks/Accelerate.framework/Versions/A/Frameworks/vecLib.framework/Versions/A/libvDSP.dylib
0x000000000ea03000 	/System/Library/Frameworks/Accelerate.framework/Versions/A/Frameworks/vecLib.framework/Versions/A/libBNNS.dylib
0x000000000ea03000 	/System/Library/Frameworks/Accelerate.framework/Versions/A/Frameworks/vecLib.framework/Versions/A/libQuadrature.dylib
0x000000000ea03000 	/System/Library/Frameworks/Accelerate.framework/Versions/A/Frameworks/vecLib.framework/Versions/A/libvMisc.dylib
0x000000000ea03000 	/System/Library/Frameworks/Accelerate.framework/Versions/A/Frameworks/vecLib.framework/Versions/A/libLAPACK.dylib
0x000000000ea03000 	/System/Library/Frameworks/Accelerate.framework/Versions/A/Frameworks/vecLib.framework/Versions/A/libBLAS.dylib
0x000000000ea03000 	/System/Library/Frameworks/Accelerate.framework/Versions/A/Frameworks/vecLib.framework/Versions/A/libLinearAlgebra.dylib
0x000000000ea03000 	/System/Library/Frameworks/Accelerate.framework/Versions/A/Frameworks/vecLib.framework/Versions/A/libSparse.dylib
0x000000000ea03000 	/System/Library/Frameworks/Accelerate.framework/Versions/A/Frameworks/vecLib.framework/Versions/A/libSparseBLAS.dylib
0x000000000ea03000 	/System/Library/PrivateFrameworks/IOAccelerator.framework/Versions/A/IOAccelerator
0x000000000ea03000 	/System/Library/PrivateFrameworks/IOPresentment.framework/Versions/A/IOPresentment
0x000000000ea03000 	/System/Library/PrivateFrameworks/DSExternalDisplay.framework/Versions/A/DSExternalDisplay
0x000000000ea03000 	/System/Library/Frameworks/OpenGL.framework/Versions/A/Libraries/libCoreFSCache.dylib
0x000000000ea03000 	/System/Library/Frameworks/CoreImage.framework/Versions/A/CoreImage
0x000000000ea03000 	/System/Library/Frameworks/CoreVideo.framework/Versions/A/CoreVideo
0x000000000ea03000 	/System/Library/Frameworks/OpenGL.framework/Versions/A/OpenGL
0x000000000ea03000 	/System/Library/PrivateFrameworks/GraphVisualizer.framework/Versions/A/GraphVisualizer
0x000000000ea03000 	/System/Library/Frameworks/MetalPerformanceShaders.framework/Versions/A/MetalPerformanceShaders
0x000000000ea03000 	/usr/lib/libFosl_dynamic.dylib
0x000000000ea03000 	/System/Library/PrivateFrameworks/FaceCore.framework/Versions/A/FaceCore
0x000000000ea03000 	/System/Library/Frameworks/OpenCL.framework/Versions/A/OpenCL
0x000000000ea03000 	/usr/lib/libcompression.dylib
0x000000000ea03000 	/System/Library/Frameworks/ApplicationServices.framework/Versions/A/Frameworks/ATS.framework/Versions/A/Resources/libFontParser.dylib
0x000000000ea03000 	/System/Library/Frameworks/ApplicationServices.framework/Versions/A/Frameworks/ATS.framework/Versions/A/Resources/libFontRegistry.dylib
0x000000000ea03000 	/System/Library/Frameworks/ImageIO.framework/Versions/A/Resources/libJPEG.dylib
0x000000000ea03000 	/System/Library/Frameworks/ImageIO.framework/Versions/A/Resources/libTIFF.dylib
0x000000000ea03000 	/System/Library/Frameworks/ImageIO.framework/Versions/A/Resources/libPng.dylib
0x000000000ea03000 	/System/Library/Frameworks/ImageIO.framework/Versions/A/Resources/libGIF.dylib
0x000000000ea03000 	/System/Library/Frameworks/ImageIO.framework/Versions/A/Resources/libJP2.dylib
0x000000000ea03000 	/System/Library/Frameworks/ImageIO.framework/Versions/A/Resources/libRadiance.dylib
0x000000000ea03000 	/System/Library/PrivateFrameworks/AppleJPEG.framework/Versions/A/AppleJPEG
0x000000000ea03000 	/System/Library/PrivateFrameworks/MetalTools.framework/Versions/A/MetalTools
0x000000000ea03000 	/System/Library/Frameworks/MetalPerformanceShaders.framework/Frameworks/MPSCore.framework/Versions/A/MPSCore
0x000000000ea03000 	/System/Library/Frameworks/MetalPerformanceShaders.framework/Frameworks/MPSImage.framework/Versions/A/MPSImage
0x000000000ea03000 	/System/Library/Frameworks/MetalPerformanceShaders.framework/Frameworks/MPSMatrix.framework/Versions/A/MPSMatrix
0x000000000ea03000 	/System/Library/Frameworks/MetalPerformanceShaders.framework/Frameworks/MPSNeuralNetwork.framework/Versions/A/MPSNeuralNetwork
0x000000000ea03000 	/System/Library/Frameworks/OpenGL.framework/Versions/A/Libraries/libGLU.dylib
0x000000000ea03000 	/System/Library/Frameworks/OpenGL.framework/Versions/A/Libraries/libGFXShared.dylib
0x000000000ea03000 	/System/Library/Frameworks/OpenGL.framework/Versions/A/Libraries/libGL.dylib
0x000000000ea03000 	/System/Library/Frameworks/OpenGL.framework/Versions/A/Libraries/libGLImage.dylib
0x000000000ea03000 	/System/Library/Frameworks/OpenGL.framework/Versions/A/Libraries/libCVMSPluginSupport.dylib
0x000000000ea03000 	/System/Library/Frameworks/OpenGL.framework/Versions/A/Libraries/libCoreVMClient.dylib
0x000000000ea03000 	/usr/lib/libcups.2.dylib
0x000000000ea03000 	/System/Library/Frameworks/Kerberos.framework/Versions/A/Kerberos
0x000000000ea03000 	/System/Library/Frameworks/GSS.framework/Versions/A/GSS
0x000000000ea03000 	/usr/lib/libresolv.9.dylib
0x000000000ea03000 	/System/Library/PrivateFrameworks/Heimdal.framework/Versions/A/Heimdal
0x000000000ea03000 	/usr/lib/libheimdal-asn1.dylib
0x000000000ea03000 	/System/Library/Frameworks/OpenDirectory.framework/Versions/A/OpenDirectory
0x000000000ea03000 	/System/Library/PrivateFrameworks/CommonAuth.framework/Versions/A/CommonAuth
0x000000000ea03000 	/System/Library/Frameworks/OpenDirectory.framework/Versions/A/Frameworks/CFOpenDirectory.framework/Versions/A/CFOpenDirectory
0x000000000ea03000 	/System/Library/Frameworks/SecurityFoundation.framework/Versions/A/SecurityFoundation
0x000000000ea03000 	/System/Library/PrivateFrameworks/APFS.framework/Versions/A/APFS
0x000000000ea03000 	/usr/lib/libutil.dylib
0x000000000ea03000 	/System/Library/Frameworks/CoreAudio.framework/Versions/A/CoreAudio
0x000000000ea03000 	/System/Library/Frameworks/AudioToolbox.framework/Versions/A/AudioToolbox
0x000000000ea03000 	/System/Library/PrivateFrameworks/AppleSauce.framework/Versions/A/AppleSauce
0x000000000ea03000 	/System/Library/PrivateFrameworks/LinguisticData.framework/Versions/A/LinguisticData
0x000000000ea03000 	/usr/lib/libmarisa.dylib
0x000000000ea03000 	/System/Library/PrivateFrameworks/Lexicon.framework/Versions/A/Lexicon
0x000000000ea03000 	/usr/lib/libChineseTokenizer.dylib
0x000000000ea03000 	/usr/lib/libcmph.dylib
0x000000000ea03000 	/System/Library/PrivateFrameworks/LanguageModeling.framework/Versions/A/LanguageModeling
0x000000000ea03000 	/System/Library/Frameworks/CoreData.framework/Versions/A/CoreData
0x000000000ea03000 	/System/Library/PrivateFrameworks/CoreEmoji.framework/Versions/A/CoreEmoji
0x000000000ea03000 	/System/Library/Frameworks/ServiceManagement.framework/Versions/A/ServiceManagement
0x000000000ea03000 	/System/Library/PrivateFrameworks/BackgroundTaskManagement.framework/Versions/A/BackgroundTaskManagement
0x000000000ea03000 	/usr/lib/libxslt.1.dylib
0x000000010cefd000 	/Applications/IBM/SPSS/Statistics/25/SPSSStatistics.app/Contents/lib/libdatastr.dylib
0x000000010cf19000 	/Applications/IBM/SPSS/Statistics/25/SPSSStatistics.app/Contents/lib/libstacrypt.dylib
0x000000010cf26000 	/Applications/IBM/SPSS/Statistics/25/SPSSStatistics.app/Contents/lib/libmccomsps.dylib
0x000000010d02d000 	/Applications/IBM/SPSS/Statistics/25/SPSSStatistics.app/Contents/lib/libspsspool.dylib
0x000000010d068000 	/Applications/IBM/SPSS/Statistics/25/SPSSStatistics.app/Contents/lib/libxchart.dylib
0x000000010d0ee000 	/Applications/IBM/SPSS/Statistics/25/SPSSStatistics.app/Contents/lib/libviewerxml.dylib
0x000000010fb87000 	/Applications/IBM/SPSS/Statistics/25/SPSSStatistics.app/Contents/lib/libspsswctl.dylib
0x000000010fc9b000 	/Applications/IBM/SPSS/Statistics/25/SPSSStatistics.app/Contents/lib/libuparser.dylib
0x000000010fd08000 	/Applications/IBM/SPSS/Statistics/25/SPSSStatistics.app/Contents/lib/libspssdx.dylib
0x000000010fd34000 	/Applications/IBM/SPSS/Statistics/25/SPSSStatistics.app/Contents/lib/libomsopmgr.dylib
0x000000010fd5b000 	/Applications/IBM/SPSS/Statistics/25/SPSSStatistics.app/Contents/lib/libspsswcis.dylib
0x000000010fe8c000 	/Applications/IBM/SPSS/Statistics/25/SPSSStatistics.app/Contents/lib/libspsswmsg.dylib
0x000000010feb4000 	/Applications/IBM/SPSS/Statistics/25/SPSSStatistics.app/Contents/lib/libuadapter.dylib
0x000000010fee9000 	/Applications/IBM/SPSS/Statistics/25/SPSSStatistics.app/Contents/lib/libspssclef.dylib
0x000000010ff2d000 	/Applications/IBM/SPSS/Statistics/25/SPSSStatistics.app/Contents/ext/bin/spss.common/libcfcore.dylib
0x0000000110012000 	/Applications/IBM/SPSS/Statistics/25/SPSSStatistics.app/Contents/ext/bin/spss.common/libcfcommon.dylib
0x000000011008b000 	/Applications/IBM/SPSS/Statistics/25/SPSSStatistics.app/Contents/lib/libfmsgs.dylib
0x00000001100bf000 	/Applications/IBM/SPSS/Statistics/25/SPSSStatistics.app/Contents/lib/libnetcom.dylib
0x000000010d1f3000 	/Applications/IBM/SPSS/Statistics/25/SPSSStatistics.app/Contents/lib/libfwutility.dylib
0x00000001100e7000 	/Applications/IBM/SPSS/Statistics/25/SPSSStatistics.app/Contents/lib/libfilesort.dylib
0x00000001100fb000 	/Applications/IBM/SPSS/Statistics/25/SPSSStatistics.app/Contents/lib/libmtxp.dylib
0x0000000110117000 	/Applications/IBM/SPSS/Statistics/25/SPSSStatistics.app/Contents/ext/bin/spss.common/libcorethread.dylib
0x0000000107e36000 	/Applications/IBM/SPSS/Statistics/25/SPSSStatistics.app/Contents/ext/bin/spss.common/libcfthread.dylib
0x0000000110127000 	/Applications/IBM/SPSS/Statistics/25/SPSSStatistics.app/Contents/common/ext/bin/spss.common/libcfcomserv.dylib
0x000000011013f000 	/Applications/IBM/SPSS/Statistics/25/SPSSStatistics.app/Contents/ext/bin/spss.common/libcfextension.dylib
0x0000000110177000 	/Applications/IBM/SPSS/Statistics/25/SPSSStatistics.app/Contents/ext/bin/spss.common/libcffilter.dylib
0x0000000110186000 	/Applications/IBM/SPSS/Statistics/25/SPSSStatistics.app/Contents/ext/bin/spss.common/libcfcatencode.dylib
0x0000000107de8000 	/Applications/IBM/SPSS/Statistics/25/SPSSStatistics.app/Contents/ext/bin/spss.common/libcfcomstatistic.dylib
0x00000001101a5000 	/Applications/IBM/SPSS/Statistics/25/SPSSStatistics.app/Contents/ext/bin/spss.common/libtempfiles.dylib
0x00000001101cb000 	/Applications/IBM/SPSS/Statistics/25/SPSSStatistics.app/Contents/lib/libpesrepo.dylib
0x0000000113b89000 	/Applications/IBM/SPSS/Statistics/25/SPSSStatistics.app/Contents/lib/libspsswfil.dylib
0x0000000113c29000 	/Applications/IBM/SPSS/Statistics/25/SPSSStatistics.app/Contents/lib/libchartxml.dylib
0x0000000113c89000 	/Applications/IBM/SPSS/Statistics/25/SPSSStatistics.app/Contents/lib/libxlsxdac.dylib
0x0000000113cc1000 	/Applications/IBM/SPSS/Statistics/25/SPSSStatistics.app/Contents/lib/libpkginpr.dylib
0x0000000113cca000 	/Applications/IBM/SPSS/Statistics/25/SPSSStatistics.app/Contents/lib/libdacmmsgs.dylib
0x00000001080ca000 	/Applications/IBM/SPSS/Statistics/25/SPSSStatistics.app/Contents/lib/libtxtwdmsg.dylib
0x0000000113cd6000 	/Applications/IBM/SPSS/Statistics/25/SPSSStatistics.app/Contents/JRE/lib/jli/libjli.dylib
0x000000000ea03000 	/System/Library/Frameworks/Cocoa.framework/Versions/A/Cocoa
0x000000000ea03000 	/System/Library/Frameworks/AppKit.framework/Versions/C/AppKit
0x000000000ea03000 	/System/Library/PrivateFrameworks/RemoteViewServices.framework/Versions/A/RemoteViewServices
0x000000000ea03000 	/System/Library/PrivateFrameworks/UIFoundation.framework/Versions/A/UIFoundation
0x000000000ea03000 	/System/Library/PrivateFrameworks/DFRFoundation.framework/Versions/A/DFRFoundation
0x000000000ea03000 	/System/Library/PrivateFrameworks/DesktopServicesPriv.framework/Versions/A/DesktopServicesPriv
0x000000000ea03000 	/usr/lib/libScreenReader.dylib
0x000000000ea03000 	/System/Library/Frameworks/AudioUnit.framework/Versions/A/AudioUnit
0x000000000ea03000 	/System/Library/PrivateFrameworks/DataDetectorsCore.framework/Versions/A/DataDetectorsCore
0x000000000ea03000 	/System/Library/Frameworks/Carbon.framework/Versions/A/Frameworks/HIToolbox.framework/Versions/A/HIToolbox
0x000000000ea03000 	/System/Library/Frameworks/Carbon.framework/Versions/A/Frameworks/SpeechRecognition.framework/Versions/A/SpeechRecognition
0x000000000ea03000 	/System/Library/PrivateFrameworks/CoreUI.framework/Versions/A/CoreUI
0x000000000ea03000 	/System/Library/PrivateFrameworks/PerformanceAnalysis.framework/Versions/A/PerformanceAnalysis
0x000000000ea03000 	/System/Library/PrivateFrameworks/Backup.framework/Versions/A/Backup
0x000000000ea03000 	/System/Library/Frameworks/Carbon.framework/Versions/A/Frameworks/Ink.framework/Versions/A/Ink
0x000000000ea03000 	/System/Library/PrivateFrameworks/TextureIO.framework/Versions/A/TextureIO
0x000000000ea03000 	/usr/lib/libate.dylib
0x000000000ea03000 	/System/Library/PrivateFrameworks/CrashReporterSupport.framework/Versions/A/CrashReporterSupport
0x000000000ea03000 	/System/Library/PrivateFrameworks/Sharing.framework/Versions/A/Sharing
0x000000000ea03000 	/System/Library/PrivateFrameworks/IconServices.framework/Versions/A/IconServices
0x000000000ea03000 	/System/Library/PrivateFrameworks/ProtocolBuffer.framework/Versions/A/ProtocolBuffer
0x000000000ea03000 	/System/Library/PrivateFrameworks/Apple80211.framework/Versions/A/Apple80211
0x000000000ea03000 	/System/Library/Frameworks/CoreWLAN.framework/Versions/A/CoreWLAN
0x000000000ea03000 	/System/Library/PrivateFrameworks/CoreUtils.framework/Versions/A/CoreUtils
0x000000000ea03000 	/System/Library/Frameworks/IOBluetooth.framework/Versions/A/IOBluetooth
0x000000000ea03000 	/System/Library/PrivateFrameworks/CoreWiFi.framework/Versions/A/CoreWiFi
0x000000000ea03000 	/System/Library/Frameworks/CoreBluetooth.framework/Versions/A/CoreBluetooth
0x000000000ea03000 	/System/Library/PrivateFrameworks/SignpostNotification.framework/Versions/A/SignpostNotification
0x000000000ea03000 	/System/Library/PrivateFrameworks/DebugSymbols.framework/Versions/A/DebugSymbols
0x000000000ea03000 	/System/Library/PrivateFrameworks/CoreSymbolication.framework/Versions/A/CoreSymbolication
0x000000000ea03000 	/System/Library/PrivateFrameworks/Symbolication.framework/Versions/A/Symbolication
0x000000000ea03000 	/System/Library/PrivateFrameworks/AppleFSCompression.framework/Versions/A/AppleFSCompression
0x000000000ea03000 	/System/Library/PrivateFrameworks/SpeechRecognitionCore.framework/Versions/A/SpeechRecognitionCore
0x0000000113ce6000 	/Applications/IBM/SPSS/Statistics/25/SPSSStatistics.app/Contents/JRE//lib/server/libjvm.dylib
0x0000000114c88000 	/Applications/IBM/SPSS/Statistics/25/SPSSStatistics.app/Contents/JRE/lib/libverify.dylib
0x0000000114c96000 	/Applications/IBM/SPSS/Statistics/25/SPSSStatistics.app/Contents/JRE/lib/libjava.dylib
0x0000000114ccb000 	/Applications/IBM/SPSS/Statistics/25/SPSSStatistics.app/Contents/JRE/lib/libzip.dylib
0x000000000ea03000 	/System/Library/Frameworks/JavaVM.framework/Versions/A/Frameworks/JavaRuntimeSupport.framework/Versions/A/JavaRuntimeSupport
0x000000000ea03000 	/System/Library/Frameworks/JavaVM.framework/Versions/A/Frameworks/JavaNativeFoundation.framework/Versions/A/JavaNativeFoundation
0x000000000ea03000 	/System/Library/Frameworks/JavaVM.framework/Versions/A/JavaVM
0x000000000ea03000 	/System/Library/Frameworks/Carbon.framework/Versions/A/Carbon
0x000000000ea03000 	/System/Library/PrivateFrameworks/JavaLaunching.framework/Versions/A/JavaLaunching
0x000000000ea03000 	/System/Library/Frameworks/Carbon.framework/Versions/A/Frameworks/CommonPanels.framework/Versions/A/CommonPanels
0x000000000ea03000 	/System/Library/Frameworks/Carbon.framework/Versions/A/Frameworks/Help.framework/Versions/A/Help
0x000000000ea03000 	/System/Library/Frameworks/Carbon.framework/Versions/A/Frameworks/ImageCapture.framework/Versions/A/ImageCapture
0x000000000ea03000 	/System/Library/Frameworks/Carbon.framework/Versions/A/Frameworks/OpenScripting.framework/Versions/A/OpenScripting
0x000000000ea03000 	/System/Library/Frameworks/Carbon.framework/Versions/A/Frameworks/Print.framework/Versions/A/Print
0x000000000ea03000 	/System/Library/Frameworks/Carbon.framework/Versions/A/Frameworks/SecurityHI.framework/Versions/A/SecurityHI
0x000000012c83f000 	/Applications/IBM/SPSS/Statistics/25/SPSSStatistics.app/Contents/lib/libspsswoms.dylib
0x0000000111f89000 	/Applications/IBM/SPSS/Statistics/25/SPSSStatistics.app/Contents/JRE/lib/libmanagement.dylib
0x0000000111f97000 	/Applications/IBM/SPSS/Statistics/25/SPSSStatistics.app/Contents/JRE/lib/libnet.dylib
0x0000000111fae000 	/Applications/IBM/SPSS/Statistics/25/SPSSStatistics.app/Contents/JRE/lib/libosx.dylib
0x0000000111fbc000 	/Applications/IBM/SPSS/Statistics/25/SPSSStatistics.app/Contents/JRE/lib/./libosxapp.dylib
0x000000000ea03000 	/System/Library/Frameworks/ExceptionHandling.framework/Versions/A/ExceptionHandling

VM Arguments:
jvm_args: -Djava.library.path=/Applications/IBM/SPSS/Statistics/25/SPSSStatistics.app/Contents/bin/../JRE/lib/jli/:/Applications/IBM/SPSS/Statistics/25/SPSSStatistics.app/Contents/bin/../JRE/lib/:/Applications/IBM/SPSS/Statistics/25/SPSSStatistics.app/Contents/bin/../lib/:/Applications/IBM/SPSS/Statistics/25/SPSSStatistics.app/Contents/bin/ -Dapplication.home=/Applications/IBM/SPSS/Statistics/25/SPSSStatistics.app/Contents/bin -Dstatistics.home=/Applications/IBM/SPSS/Statistics/25/SPSSStatistics.app/Contents/bin -Djava.awt.headless=true -Dcom.sun.media.jai.disableMediaLib=true -Xms256M -Xmx2048M -XX:-UsePerfData -Dcom.ibm.jsse2.overrideDefaultProtocol=TLSv12 -Djava.io.tmpdir=/tmp/spssbWLr7J/ 
java_command: <unknown>
java_class_path (initial): :/Applications/IBM/SPSS/Statistics/25/SPSSStatistics.app/Contents/bin/ChartEditor.jar:/Applications/IBM/SPSS/Statistics/25/SPSSStatistics.app/Contents/bin/ChartEditorRes.jar:/Applications/IBM/SPSS/Statistics/25/SPSSStatistics.app/Contents/bin/CoreTools.jar:/Applications/IBM/SPSS/Statistics/25/SPSSStatistics.app/Contents/bin/CustomDialogBuilder.jar:/Applications/IBM/SPSS/Statistics/25/SPSSStatistics.app/Contents/bin/CustomDialogBuilderRes.jar:/Applications/IBM/SPSS/Statistics/25/SPSSStatistics.app/Contents/bin/ExViewerDialogDemo.jar:/Applications/IBM/SPSS/Statistics/25/SPSSStatistics.app/Contents/bin/ExViewerFrameDemo.jar:/Applications/IBM/SPSS/Statistics/25/SPSSStatistics.app/Contents/bin/ExportTools.jar:/Applications/IBM/SPSS/Statistics/25/SPSSStatistics.app/Contents/bin/ExtensionManager.jar:/Applications/IBM/SPSS/Statistics/25/SPSSStatistics.app/Contents/bin/ExtensionManagerRes.jar:/Applications/IBM/SPSS/Statistics/25/SPSSStatistics.app/Contents/bin/FieldChooser.jar:/Applications/IBM/SPSS/Statistics/25/SPSSStatistics.app/Contents/bin/InstallExtBundles.jar:/Applications/IBM/SPSS/Statistics/25/SPSSStatistics.app/Contents/bin/InstallExtBundlesRes.jar:/Applications/IBM/SPSS/Statistics/25/SPSSStatistics.app/Contents/bin/JRegEdit.jar:/Applications/IBM/SPSS/Statistics/25/SPSSStatistics.app/Contents/bin/JimiProClasses.jar:/Applications/IBM/SPSS/Statistics/25/SPSSStatistics.app/Contents/bin/LightTable.jar:/Applications/IBM/SPSS/Statistics/25/SPSSStatistics.app/Contents/bin/ModelViewer.jar:/Applications/IBM/SPSS/Statistics/25/SPSSStatistics.app/Contents/bin/PivotTableEditor.jar:/Applications/IBM/SPSS/Statistics/25/SPSSStatistics.app/Contents/bin/PivotTableEditorRes.jar:/Applications/IBM/SPSS/Statistics/25/SPSSStatistics.app/Contents/bin/RConfig.jar:/Applications/IBM/SPSS/Statistics/25/SPSSStatistics.app/Contents/bin/RapidSpell.jar:/Applications/IBM/SPSS/Statistics/25/SPSSStatistics.app/Contents/bin/RapidSpellMDict.jar:/Applications/IBM/SPSS/Stat
Launcher Type: generic

Environment Variables:
PATH=/Applications/IBM/SPSS/Statistics/25/SPSSStatistics.app/Contents/bin:/usr/bin:/bin:/usr/sbin:/sbin
SHELL=/bin/bash
DISPLAY=/private/tmp/com.apple.launchd.8OSSK3mkL0/org.macosforge.xquartz:0
DYLD_LIBRARY_PATH=/Applications/IBM/SPSS/Statistics/25/SPSSStatistics.app/Contents/lib:/Applications/IBM/SPSS/Statistics/25/SPSSStatistics.app/Contents/common/ext/bin/spss.common:/Applications/IBM/SPSS/Statistics/25/SPSSStatistics.app/Contents/ext/bin/spss.common:/Applications/IBM/SPSS/Statistics/25/SPSSStatistics.app/Contents/lib:/Applications/IBM/SPSS/Statistics/25/SPSSStatistics.app/Contents/Library/Frameworks/Sentinel.framework:/Applications/IBM/SPSS/Statistics/25/SPSSStatistics.app/Contents/Library/Frameworks/SuperPro.framework:/Applications/IBM/SPSS/Statistics/25/SPSSStatistics.app/Contents/JRE/lib/jli

Signal Handlers:
SIGSEGV: [libjvm.dylib+0x5b1141], sa_mask[0]=11111111011111110111111111111111, sa_flags=SA_ONSTACK|SA_RESTART|SA_SIGINFO
SIGBUS: [libjvm.dylib+0x5b1141], sa_mask[0]=11111111011111110111111111111111, sa_flags=SA_RESTART|SA_SIGINFO
SIGFPE: [libjvm.dylib+0x487bc4], sa_mask[0]=11111111011111110111111111111111, sa_flags=SA_RESTART|SA_SIGINFO
SIGPIPE: [libjvm.dylib+0x487bc4], sa_mask[0]=11111111011111110111111111111111, sa_flags=SA_RESTART|SA_SIGINFO
SIGXFSZ: [libjvm.dylib+0x487bc4], sa_mask[0]=11111111011111110111111111111111, sa_flags=SA_RESTART|SA_SIGINFO
SIGILL: [libjvm.dylib+0x487bc4], sa_mask[0]=11111111011111110111111111111111, sa_flags=SA_RESTART|SA_SIGINFO
SIGUSR1: SIG_DFL, sa_mask[0]=00000000000000000000000000000000, sa_flags=none
SIGUSR2: [libjvm.dylib+0x4876e2], sa_mask[0]=00100000000000000000000000000000, sa_flags=SA_RESTART|SA_SIGINFO
SIGHUP: [libjvm.dylib+0x485cb9], sa_mask[0]=11111111011111110111111111111111, sa_flags=SA_RESTART|SA_SIGINFO
SIGINT: [libjvm.dylib+0x485cb9], sa_mask[0]=11111111011111110111111111111111, sa_flags=SA_RESTART|SA_SIGINFO
SIGTERM: [libjvm.dylib+0x485cb9], sa_mask[0]=11111111011111110111111111111111, sa_flags=SA_RESTART|SA_SIGINFO
SIGQUIT: [libjvm.dylib+0x485cb9], sa_mask[0]=11111111011111110111111111111111, sa_flags=SA_RESTART|SA_SIGINFO


---------------  S Y S T E M  ---------------

OS:Bsduname:Darwin 17.3.0 Darwin Kernel Version 17.3.0: Thu Nov  9 18:09:22 PST 2017; root:xnu-4570.31.3~1/RELEASE_X86_64 x86_64
rlimit: STACK 8192k, CORE 0k, NPROC 1418, NOFILE 10240, AS infinity
load average:2.05 2.00 2.08

CPU:total 8 (4 cores per cpu, 2 threads per core) family 6 model 70 stepping 1, cmov, cx8, fxsr, mmx, sse, sse2, sse3, ssse3, sse4.1, sse4.2, popcnt, avx, avx2, aes, clmul, erms, lzcnt, ht, tsc, tscinvbit, bmi1, bmi2

Memory: 4k page, physical 16777216k(1543136k free)

/proc/meminfo:


vm_info: Java HotSpot(TM) 64-Bit Server VM (25.121-b13) for bsd-amd64 JRE (1.8.0_121-b13), built on Dec 12 2016 20:39:32 by "java_re" with gcc 4.2.1 (Based on Apple Inc. build 5658) (LLVM build 2336.11.00)

time: Sun Jun 10 01:39:46 2018
elapsed time: 1 seconds (0d 0h 0m 1s)

