#
# A fatal error has been detected by the Java Runtime Environment:
#
#  SIGSEGV (0xb) at pc=0x00007fff7438ef49, pid=1040, tid=0x0000000000000307
#
# JRE version: Java(TM) 2 Runtime Environment, Standard Edition (8.0_121-b13) (build 1.8.0_121-b13 14_Feb_2017_06_58 Mac OS X x64(SR4 FP1))
# Java VM: Java HotSpot(TM) 64-Bit Server VM (25.121-b13 mixed mode bsd-amd64 compressed oops)
# Problematic frame:
# C  [libsystem_platform.dylib+0x4f49]  _platform_memmove$VARIANT$Haswell+0x29
#
# Failed to write core dump. Core dumps have been disabled. To enable core dumping, try "ulimit -c unlimited" before starting Java again
#
# If you would like to submit a bug report, please visit:
#   http://bugreport.java.com/bugreport/crash.jsp
#

---------------  T H R E A D  ---------------

Current thread is native thread

siginfo: si_signo: 11 (SIGSEGV), si_code: 1 (SEGV_MAPERR), si_addr: 0x00007fa951300000

Registers:
RAX=0x0000000162471000, RBX=0x00007ffee42c2478, RCX=0x0000000017877dac, RDX=0x00000000206c4108
RSP=0x00007ffee42bfac0, RBP=0x00007ffee42bfac0, RSI=0x00007fa951300000, RDI=0x000000016b2bd35c
R8 =0x0000000003000001, R9 =0x0000000000000003, R10=0x0000000000000000, R11=0xffff805819fbd35c
R12=0x00007fa9484b3ca4, R13=0x0000000000000008, R14=0x00000000206c4108, R15=0x0000000162471000
RIP=0x00007fff7438ef49, EFLAGS=0x0000000000010202, ERR=0x0000000000000004
  TRAPNO=0x000000000000000e

Top of Stack: (sp=0x00007ffee42bfac0)
0x00007ffee42bfac0:   00007ffee42bfb70 000000010b94f2d8
0x00007ffee42bfad0:   00007ffee42bfb20 000000010b94d516
0x00007ffee42bfae0:   00007ffee42bfc4c 0000000200020000
0x00007ffee42bfaf0:   00007fa9484b3ca0 00000000484b3914
0x00007ffee42bfb00:   00007ffee42c2490 00007ffee42bfb40
0x00007ffee42bfb10:   0000000000000070 00007ffee42c2448
0x00007ffee42bfb20:   00007ffee42bfb70 000000010b94d3a1
0x00007ffee42bfb30:   0000000000000001 00007ffee42bfc50
0x00007ffee42bfb40:   0000078c00007fff 0000000000000004
0x00007ffee42bfb50:   00007ffee42c23f0 0000000000000000
0x00007ffee42bfb60:   000000000008039c 00007fa948433900
0x00007ffee42bfb70:   00007ffee42bfc80 000000010bc445e2
0x00007ffee42bfb80:   fd00000070001004 000000010b96ffff
0x00007ffee42bfb90:   00007ffee42bfc20 00007fff742c9758
0x00007ffee42bfba0:   000000010b963000 0000000000000000
0x00007ffee42bfbb0:   00007fa9485ce520 00000001121daa00
0x00007ffee42bfbc0:   0000000000000004 0000000000000010
0x00007ffee42bfbd0:   0000000000000001 000000010b964080
0x00007ffee42bfbe0:   000000010b964080 00000001121dd200
0x00007ffee42bfbf0:   000000010b963000 0000000000000000
0x00007ffee42bfc00:   00000000121daa00 0000000000000000
0x00007ffee42bfc10:   00007ffee42bfcc0 0000000000000000
0x00007ffee42bfc20:   00007fffad1fb000 0000000000000000
0x00007ffee42bfc30:   00007ffee42bfc60 00007fff742b2201
0x00007ffee42bfc40:   0000000000000000 0000000000000000
0x00007ffee42bfc50:   000000040008038c 00007ffee42c23f0
0x00007ffee42bfc60:   00007ffee42bfcc0 0000000000000000
0x00007ffee42bfc70:   00007fa948433900 0000000000000000
0x00007ffee42bfc80:   00007ffee42c1cf0 000000010bc3d9e9
0x00007ffee42bfc90:   0000000000000000 00007ffee42c23f0
0x00007ffee42bfca0:   00007fa948596380 00007fa948433900
0x00007ffee42bfcb0:   0000000000000000 0000000000000000 

Instructions: (pc=0x00007fff7438ef49)
0x00007fff7438ef29:   f3 48 89 f8 49 39 d3 72 1b 48 83 fa 60 76 2f 48
0x00007fff7438ef39:   81 fa 00 40 00 00 0f 82 cb 00 00 00 48 89 d1 fc
0x00007fff7438ef49:   f3 a4 5d c3 48 39 fe 74 f9 48 01 d6 48 01 d7 48
0x00007fff7438ef59:   83 fa 60 0f 82 8c 01 00 00 e9 a9 01 00 00 48 83 

Register to memory mapping:

RAX=0x0000000162471000 is an unknown value
RBX=0x00007ffee42c2478 is an unknown value
RCX=0x0000000017877dac is an unknown value
RDX=0x00000000206c4108 is an unknown value
RSP=0x00007ffee42bfac0 is an unknown value
RBP=0x00007ffee42bfac0 is an unknown value
RSI=0x00007fa951300000 is an unknown value
RDI=0x000000016b2bd35c is an unknown value
R8 =0x0000000003000001 is an unknown value
R9 =0x0000000000000003 is an unknown value
R10=0x0000000000000000 is an unknown value
R11=0xffff805819fbd35c is an unknown value
R12=0x00007fa9484b3ca4 is an unknown value
R13=0x0000000000000008 is an unknown value
R14=0x00000000206c4108 is an unknown value
R15=0x0000000162471000 is an unknown value


Stack: [0x00007ffee3ac3000,0x00007ffee42c3000],  sp=0x00007ffee42bfac0,  free space=8178k
Native frames: (J=compiled Java code, j=interpreted, Vv=VM code, C=native code)
C  [libsystem_platform.dylib+0x4f49]  _platform_memmove$VARIANT$Haswell+0x29
C  [StartXD+0x122d8]  StringData::ParseData(void*, int&)+0xe2
C  [libspssdxcom.dylib+0x125e2]  CleXDSmb::ParseBuf(void*)+0x90
C  [libspssdxcom.dylib+0xb9e9]  ReceiveData(JavaPlugInSocket*, CleXDSmb&)+0xfa
C  [StartXD+0x25fe]  main+0xa6b
C  [libdyld.dylib+0x1115]  start+0x1


---------------  P R O C E S S  ---------------

VM state:not at safepoint (normal execution)

VM Mutex/Monitor currently owned by a thread: None

Heap:
 PSYoungGen      total 473600K, used 9400K [0x0000000795580000, 0x00000007bef80000, 0x00000007c0000000)
  eden space 473088K, 1% used [0x0000000795580000,0x0000000795eae3d8,0x00000007b2380000)
  from space 512K, 0% used [0x00000007bef00000,0x00000007bef00000,0x00000007bef80000)
  to   space 9216K, 0% used [0x00000007bdd80000,0x00000007bdd80000,0x00000007be680000)
 ParOldGen       total 175104K, used 9975K [0x0000000740000000, 0x000000074ab00000, 0x0000000795580000)
  object space 175104K, 5% used [0x0000000740000000,0x00000007409bde28,0x000000074ab00000)
 Metaspace       used 19828K, capacity 20116K, committed 20224K, reserved 1067008K
  class space    used 2369K, capacity 2463K, committed 2560K, reserved 1048576K

Card table byte_map: [0x00000001291da000,0x00000001295db000] byte_map_base: 0x00000001257da000

Marking Bits: (ParMarkBitMap*) 0x0000000119b28d30
 Begin Bits: [0x0000000129886000, 0x000000012b886000)
 End Bits:   [0x000000012b886000, 0x000000012d886000)

Polling page: 0x000000010bd77000

CodeCache: size=245760Kb used=13668Kb max_used=14472Kb free=232092Kb
 bounds [0x000000011a1da000, 0x000000011b05a000, 0x00000001291da000]
 total_blobs=3700 nmethods=3190 adapters=423
 compilation: enabled

Compilation events (10 events):
Event: 17.803 Thread 0x00007fa94a09d000 3397       1       org.openxmlformats.schemas.spreadsheetml._2006.main.descriptors.IsDescriptor::getNameSpacePrefix (5 bytes)
Event: 17.803 Thread 0x00007fa94a09d000 nmethod 3397 0x000000011a4dff90 code [0x000000011a4e00e0, 0x000000011a4e01f0]
Event: 17.803 Thread 0x00007fa94a09d000 3415       1       org.openxmlformats.schemas.spreadsheetml._2006.main.descriptors.MergeCellDescriptor::getNameSpacePrefix (5 bytes)
Event: 17.803 Thread 0x00007fa94a09d000 nmethod 3415 0x000000011a5133d0 code [0x000000011a513520, 0x000000011a513630]
Event: 17.803 Thread 0x00007fa94a09d000 3399       1       org.openxmlformats.schemas.spreadsheetml._2006.main.descriptors.RowDescriptor::getNameSpacePrefix (5 bytes)
Event: 17.804 Thread 0x00007fa94a09d000 nmethod 3399 0x000000011a3f5490 code [0x000000011a3f55e0, 0x000000011a3f56f0]
Event: 17.804 Thread 0x00007fa94a09d000 3376       1       org.openxmlformats.schemas.spreadsheetml._2006.main.CT_VerticalAlignFontProperty::getVal (5 bytes)
Event: 17.804 Thread 0x00007fa94a09d000 nmethod 3376 0x000000011afdcb10 code [0x000000011afdcc60, 0x000000011afdcd70]
Event: 17.804 Thread 0x00007fa94a09d000 3377       1       org.openxmlformats.schemas.spreadsheetml._2006.main.types.ST_VerticalAlignRun::toString (5 bytes)
Event: 17.804 Thread 0x00007fa94a09d000 nmethod 3377 0x000000011a34f250 code [0x000000011a34f3a0, 0x000000011a34f4b0]

GC Heap History (10 events):
Event: 16.266 GC heap before
{Heap before GC invocations=9 (full 0):
 PSYoungGen      total 525824K, used 522466K [0x0000000795580000, 0x00000007b6080000, 0x00000007c0000000)
  eden space 517120K, 100% used [0x0000000795580000,0x00000007b4e80000,0x00000007b4e80000)
  from space 8704K, 61% used [0x00000007b5800000,0x00000007b5d38a90,0x00000007b6080000)
  to   space 9216K, 0% used [0x00000007b4e80000,0x00000007b4e80000,0x00000007b5780000)
 ParOldGen       total 175104K, used 7372K [0x0000000740000000, 0x000000074ab00000, 0x0000000795580000)
  object space 175104K, 4% used [0x0000000740000000,0x0000000740733218,0x000000074ab00000)
 Metaspace       used 19146K, capacity 19458K, committed 19584K, reserved 1067008K
  class space    used 2289K, capacity 2396K, committed 2432K, reserved 1048576K
Event: 16.272 GC heap after
Heap after GC invocations=9 (full 0):
 PSYoungGen      total 526336K, used 3904K [0x0000000795580000, 0x00000007c0000000, 0x00000007c0000000)
  eden space 517120K, 0% used [0x0000000795580000,0x0000000795580000,0x00000007b4e80000)
  from space 9216K, 42% used [0x00000007b4e80000,0x00000007b5250000,0x00000007b5780000)
  to   space 9216K, 0% used [0x00000007bf700000,0x00000007bf700000,0x00000007c0000000)
 ParOldGen       total 175104K, used 10567K [0x0000000740000000, 0x000000074ab00000, 0x0000000795580000)
  object space 175104K, 6% used [0x0000000740000000,0x0000000740a51d98,0x000000074ab00000)
 Metaspace       used 19146K, capacity 19458K, committed 19584K, reserved 1067008K
  class space    used 2289K, capacity 2396K, committed 2432K, reserved 1048576K
}
Event: 16.990 GC heap before
{Heap before GC invocations=10 (full 0):
 PSYoungGen      total 526336K, used 521024K [0x0000000795580000, 0x00000007c0000000, 0x00000007c0000000)
  eden space 517120K, 100% used [0x0000000795580000,0x00000007b4e80000,0x00000007b4e80000)
  from space 9216K, 42% used [0x00000007b4e80000,0x00000007b5250000,0x00000007b5780000)
  to   space 9216K, 0% used [0x00000007bf700000,0x00000007bf700000,0x00000007c0000000)
 ParOldGen       total 175104K, used 10567K [0x0000000740000000, 0x000000074ab00000, 0x0000000795580000)
  object space 175104K, 6% used [0x0000000740000000,0x0000000740a51d98,0x000000074ab00000)
 Metaspace       used 19333K, capacity 19586K, committed 19840K, reserved 1067008K
  class space    used 2292K, capacity 2396K, committed 2432K, reserved 1048576K
Event: 16.994 GC heap after
Heap after GC invocations=10 (full 0):
 PSYoungGen      total 498688K, used 3968K [0x0000000795580000, 0x00000007bfb00000, 0x00000007c0000000)
  eden space 494592K, 0% used [0x0000000795580000,0x0000000795580000,0x00000007b3880000)
  from space 4096K, 96% used [0x00000007bf700000,0x00000007bfae0000,0x00000007bfb00000)
  to   space 8704K, 0% used [0x00000007bea00000,0x00000007bea00000,0x00000007bf280000)
 ParOldGen       total 175104K, used 10687K [0x0000000740000000, 0x000000074ab00000, 0x0000000795580000)
  object space 175104K, 6% used [0x0000000740000000,0x0000000740a6fd98,0x000000074ab00000)
 Metaspace       used 19333K, capacity 19586K, committed 19840K, reserved 1067008K
  class space    used 2292K, capacity 2396K, committed 2432K, reserved 1048576K
}
Event: 17.651 GC heap before
{Heap before GC invocations=11 (full 0):
 PSYoungGen      total 498688K, used 498560K [0x0000000795580000, 0x00000007bfb00000, 0x00000007c0000000)
  eden space 494592K, 100% used [0x0000000795580000,0x00000007b3880000,0x00000007b3880000)
  from space 4096K, 96% used [0x00000007bf700000,0x00000007bfae0000,0x00000007bfb00000)
  to   space 8704K, 0% used [0x00000007bea00000,0x00000007bea00000,0x00000007bf280000)
 ParOldGen       total 175104K, used 10687K [0x0000000740000000, 0x000000074ab00000, 0x0000000795580000)
  object space 175104K, 6% used [0x0000000740000000,0x0000000740a6fd98,0x000000074ab00000)
 Metaspace       used 19733K, capacity 20014K, committed 20096K, reserved 1067008K
  class space    used 2352K, capacity 2430K, committed 2432K, reserved 1048576K
Event: 17.655 GC heap after
Heap after GC invocations=11 (full 0):
 PSYoungGen      total 477184K, used 3648K [0x0000000795580000, 0x00000007bf780000, 0x00000007c0000000)
  eden space 473088K, 0% used [0x0000000795580000,0x0000000795580000,0x00000007b2380000)
  from space 4096K, 89% used [0x00000007bea00000,0x00000007bed90000,0x00000007bee00000)
  to   space 8704K, 0% used [0x00000007bef00000,0x00000007bef00000,0x00000007bf780000)
 ParOldGen       total 175104K, used 10847K [0x0000000740000000, 0x000000074ab00000, 0x0000000795580000)
  object space 175104K, 6% used [0x0000000740000000,0x0000000740a97d98,0x000000074ab00000)
 Metaspace       used 19733K, capacity 20014K, committed 20096K, reserved 1067008K
  class space    used 2352K, capacity 2430K, committed 2432K, reserved 1048576K
}
Event: 17.744 GC heap before
{Heap before GC invocations=12 (full 0):
 PSYoungGen      total 477184K, used 22548K [0x0000000795580000, 0x00000007bf780000, 0x00000007c0000000)
  eden space 473088K, 3% used [0x0000000795580000,0x00000007967f5148,0x00000007b2380000)
  from space 4096K, 89% used [0x00000007bea00000,0x00000007bed90000,0x00000007bee00000)
  to   space 8704K, 0% used [0x00000007bef00000,0x00000007bef00000,0x00000007bf780000)
 ParOldGen       total 175104K, used 10847K [0x0000000740000000, 0x000000074ab00000, 0x0000000795580000)
  object space 175104K, 6% used [0x0000000740000000,0x0000000740a97d98,0x000000074ab00000)
 Metaspace       used 19801K, capacity 20116K, committed 20224K, reserved 1067008K
  class space    used 2365K, capacity 2463K, committed 2560K, reserved 1048576K
Event: 17.745 GC heap after
Heap after GC invocations=12 (full 0):
 PSYoungGen      total 473600K, used 192K [0x0000000795580000, 0x00000007bef80000, 0x00000007c0000000)
  eden space 473088K, 0% used [0x0000000795580000,0x0000000795580000,0x00000007b2380000)
  from space 512K, 37% used [0x00000007bef00000,0x00000007bef30000,0x00000007bef80000)
  to   space 9216K, 0% used [0x00000007bdd80000,0x00000007bdd80000,0x00000007be680000)
 ParOldGen       total 175104K, used 11033K [0x0000000740000000, 0x000000074ab00000, 0x0000000795580000)
  object space 175104K, 6% used [0x0000000740000000,0x0000000740ac65a8,0x000000074ab00000)
 Metaspace       used 19801K, capacity 20116K, committed 20224K, reserved 1067008K
  class space    used 2365K, capacity 2463K, committed 2560K, reserved 1048576K
}
Event: 17.745 GC heap before
{Heap before GC invocations=13 (full 1):
 PSYoungGen      total 473600K, used 192K [0x0000000795580000, 0x00000007bef80000, 0x00000007c0000000)
  eden space 473088K, 0% used [0x0000000795580000,0x0000000795580000,0x00000007b2380000)
  from space 512K, 37% used [0x00000007bef00000,0x00000007bef30000,0x00000007bef80000)
  to   space 9216K, 0% used [0x00000007bdd80000,0x00000007bdd80000,0x00000007be680000)
 ParOldGen       total 175104K, used 11033K [0x0000000740000000, 0x000000074ab00000, 0x0000000795580000)
  object space 175104K, 6% used [0x0000000740000000,0x0000000740ac65a8,0x000000074ab00000)
 Metaspace       used 19801K, capacity 20116K, committed 20224K, reserved 1067008K
  class space    used 2365K, capacity 2463K, committed 2560K, reserved 1048576K
Event: 17.788 GC heap after
Heap after GC invocations=13 (full 1):
 PSYoungGen      total 473600K, used 0K [0x0000000795580000, 0x00000007bef80000, 0x00000007c0000000)
  eden space 473088K, 0% used [0x0000000795580000,0x0000000795580000,0x00000007b2380000)
  from space 512K, 0% used [0x00000007bef00000,0x00000007bef00000,0x00000007bef80000)
  to   space 9216K, 0% used [0x00000007bdd80000,0x00000007bdd80000,0x00000007be680000)
 ParOldGen       total 175104K, used 9975K [0x0000000740000000, 0x000000074ab00000, 0x0000000795580000)
  object space 175104K, 5% used [0x0000000740000000,0x00000007409bde28,0x000000074ab00000)
 Metaspace       used 19801K, capacity 20116K, committed 20224K, reserved 1067008K
  class space    used 2365K, capacity 2463K, committed 2560K, reserved 1048576K
}

Deoptimization events (10 events):
Event: 17.618 Thread 0x00007fa949044800 Uncommon trap: reason=unstable_if action=reinterpret pc=0x000000011af1dcd8 method=org.xml.sax.helpers.AttributesImpl.ensureCapacity(I)V @ 34
Event: 17.624 Thread 0x00007fa949044800 Uncommon trap: reason=class_check action=maybe_recompile pc=0x000000011a5852b8 method=java.io.Writer.write(Ljava/lang/String;)V @ 7
Event: 17.640 Thread 0x00007fa949044800 Uncommon trap: reason=unstable_if action=reinterpret pc=0x000000011acab734 method=org.exolab.castor.xml.FieldValidator.validate(Ljava/lang/Object;Lorg/exolab/castor/xml/ValidationContext;)V @ 377
Event: 17.681 Thread 0x00007fa949044800 Uncommon trap: reason=unstable_if action=reinterpret pc=0x000000011af7c9f4 method=org.exolab.castor.xml.Marshaller.marshal(Ljava/lang/Object;Lorg/exolab/castor/xml/XMLFieldDescriptor;Lorg/xml/sax/ContentHandler;Lorg/exolab/castor/xml/Marshaller$MarshalSta
Event: 17.681 Thread 0x00007fa949044800 Uncommon trap: reason=unstable_if action=reinterpret pc=0x000000011a2fd0fc method=org.exolab.castor.xml.util.XMLFieldDescriptorImpl.getProperty(Ljava/lang/String;)Ljava/lang/String; @ 4
Event: 17.685 Thread 0x00007fa949044800 Uncommon trap: reason=unstable_if action=reinterpret pc=0x000000011ad120ec method=org.apache.xml.serialize.Printer.printText(C)V @ 7
Event: 17.697 Thread 0x00007fa949044800 Uncommon trap: reason=unstable_if action=reinterpret pc=0x000000011ab15738 method=org.apache.xml.serialize.Printer.printText(C)V @ 7
Event: 17.733 Thread 0x00007fa949044800 Uncommon trap: reason=class_check action=maybe_recompile pc=0x000000011a5852b8 method=java.io.Writer.write(Ljava/lang/String;)V @ 7
Event: 17.742 Thread 0x00007fa949044800 Uncommon trap: reason=unstable_if action=reinterpret pc=0x000000011afdfce8 method=org.exolab.castor.xml.Marshaller.processAttribute(Ljava/lang/Object;Lorg/exolab/castor/xml/XMLFieldDescriptor;Lorg/xml/sax/helpers/AttributesImpl;)V @ 145
Event: 17.744 Thread 0x00007fa949044800 Uncommon trap: reason=class_check action=maybe_recompile pc=0x000000011a32253c method=java.util.HashMap.putMapEntries(Ljava/util/Map;Z)V @ 1

Internal exceptions (10 events):
Event: 12.430 Thread 0x00007fa949044800 Exception <a 'java/lang/NoSuchFieldError': method resolution failed> (0x000000079cf84c08) thrown at [/Users/java_re/workspace/8-2-build-macosx-x86_64/jdk8u121/8372/hotspot/src/share/vm/prims/methodHandles.cpp, line 1146]
Event: 12.447 Thread 0x00007fa949044800 Exception <a 'java/io/FileNotFoundException'> (0x000000079cffd970) thrown at [/Users/java_re/workspace/8-2-build-macosx-x86_64/jdk8u121/8372/hotspot/src/share/vm/prims/jni.cpp, line 709]
Event: 12.447 Thread 0x00007fa949044800 Exception <a 'java/io/FileNotFoundException'> (0x000000079cffe4d0) thrown at [/Users/java_re/workspace/8-2-build-macosx-x86_64/jdk8u121/8372/hotspot/src/share/vm/prims/jni.cpp, line 709]
Event: 12.469 Thread 0x00007fa949044800 Exception <a 'java/io/FileNotFoundException'> (0x000000079d00b4b0) thrown at [/Users/java_re/workspace/8-2-build-macosx-x86_64/jdk8u121/8372/hotspot/src/share/vm/prims/jni.cpp, line 709]
Event: 12.849 Thread 0x00007fa949044800 Implicit null exception at 0x000000011a488b75 to 0x000000011a488dc9
Event: 12.849 Thread 0x00007fa949044800 Implicit null exception at 0x000000011a66757b to 0x000000011a667e25
Event: 12.849 Thread 0x00007fa949044800 Implicit null exception at 0x000000011a6d0caf to 0x000000011a6d0d19
Event: 15.556 Thread 0x00007fa949044800 Implicit null exception at 0x000000011ac2de41 to 0x000000011ac2df65
Event: 17.409 Thread 0x00007fa949044800 Implicit null exception at 0x000000011aef7693 to 0x000000011aefc82d
Event: 17.461 Thread 0x00007fa949044800 Implicit null exception at 0x000000011af112b0 to 0x000000011af11e05

Events (10 events):
Event: 17.797 Thread 0x00007fa94a09d000 flushing nmethod 0x000000011a5fa590
Event: 17.797 Thread 0x00007fa94a09d000 flushing nmethod 0x000000011a5ff6d0
Event: 17.797 Thread 0x00007fa94a09d000 flushing nmethod 0x000000011a608b90
Event: 17.797 Thread 0x00007fa94a09d000 flushing nmethod 0x000000011a60d5d0
Event: 17.797 Thread 0x00007fa94a09d000 flushing nmethod 0x000000011a610190
Event: 17.797 Thread 0x00007fa94a09d000 flushing nmethod 0x000000011a618c90
Event: 17.797 Thread 0x00007fa94a09d000 flushing nmethod 0x000000011a619710
Event: 17.797 Thread 0x00007fa94a09d000 flushing nmethod 0x000000011a62c290
Event: 17.797 Thread 0x00007fa94a09d000 flushing nmethod 0x000000011a67c050
Event: 17.797 Thread 0x00007fa94a09d000 flushing nmethod 0x000000011a6be1d0


Dynamic libraries:
0x0000000024e73000 	/System/Library/Frameworks/CoreFoundation.framework/Versions/A/CoreFoundation
0x0000000024e73000 	/System/Library/Frameworks/IOKit.framework/Versions/A/IOKit
0x0000000024e73000 	/usr/lib/libstdc++.6.0.9.dylib
0x000000010b965000 	/Applications/IBM/SPSS/Statistics/25/SPSSStatistics.app/Contents/lib/libtempdir.dylib
0x000000010b986000 	/Applications/IBM/SPSS/Statistics/25/SPSSStatistics.app/Contents/lib/libspssxd.dylib
0x000000010bc32000 	/Applications/IBM/SPSS/Statistics/25/SPSSStatistics.app/Contents/lib/libspssdxcom.dylib
0x000000010bc76000 	/Applications/IBM/SPSS/Statistics/25/SPSSStatistics.app/Contents/common/ext/bin/spss.common/libscorelib850r.dylib
0x000000010bd78000 	/Applications/IBM/SPSS/Statistics/25/SPSSStatistics.app/Contents/common/ext/bin/spss.common/libGeneralRegressionModel850r.dylib
0x000000010bdee000 	/Applications/IBM/SPSS/Statistics/25/SPSSStatistics.app/Contents/common/ext/bin/spss.common/libdiscriminant-model850r.dylib
0x0000000024e73000 	/usr/lib/libSystem.B.dylib
0x0000000024e73000 	/usr/lib/libDiagnosticMessagesClient.dylib
0x0000000024e73000 	/usr/lib/libicucore.A.dylib
0x0000000024e73000 	/usr/lib/libobjc.A.dylib
0x0000000024e73000 	/usr/lib/libz.1.dylib
0x0000000024e73000 	/usr/lib/system/libcache.dylib
0x0000000024e73000 	/usr/lib/system/libcommonCrypto.dylib
0x0000000024e73000 	/usr/lib/system/libcompiler_rt.dylib
0x0000000024e73000 	/usr/lib/system/libcopyfile.dylib
0x0000000024e73000 	/usr/lib/system/libcorecrypto.dylib
0x0000000024e73000 	/usr/lib/system/libdispatch.dylib
0x0000000024e73000 	/usr/lib/system/libdyld.dylib
0x0000000024e73000 	/usr/lib/system/libkeymgr.dylib
0x0000000024e73000 	/usr/lib/system/liblaunch.dylib
0x0000000024e73000 	/usr/lib/system/libmacho.dylib
0x0000000024e73000 	/usr/lib/system/libquarantine.dylib
0x0000000024e73000 	/usr/lib/system/libremovefile.dylib
0x0000000024e73000 	/usr/lib/system/libsystem_asl.dylib
0x0000000024e73000 	/usr/lib/system/libsystem_blocks.dylib
0x0000000024e73000 	/usr/lib/system/libsystem_c.dylib
0x0000000024e73000 	/usr/lib/system/libsystem_configuration.dylib
0x0000000024e73000 	/usr/lib/system/libsystem_coreservices.dylib
0x0000000024e73000 	/usr/lib/system/libsystem_darwin.dylib
0x0000000024e73000 	/usr/lib/system/libsystem_dnssd.dylib
0x0000000024e73000 	/usr/lib/system/libsystem_info.dylib
0x0000000024e73000 	/usr/lib/system/libsystem_m.dylib
0x0000000024e73000 	/usr/lib/system/libsystem_malloc.dylib
0x0000000024e73000 	/usr/lib/system/libsystem_network.dylib
0x0000000024e73000 	/usr/lib/system/libsystem_networkextension.dylib
0x0000000024e73000 	/usr/lib/system/libsystem_notify.dylib
0x0000000024e73000 	/usr/lib/system/libsystem_sandbox.dylib
0x0000000024e73000 	/usr/lib/system/libsystem_secinit.dylib
0x0000000024e73000 	/usr/lib/system/libsystem_kernel.dylib
0x0000000024e73000 	/usr/lib/system/libsystem_platform.dylib
0x0000000024e73000 	/usr/lib/system/libsystem_pthread.dylib
0x0000000024e73000 	/usr/lib/system/libsystem_symptoms.dylib
0x0000000024e73000 	/usr/lib/system/libsystem_trace.dylib
0x0000000024e73000 	/usr/lib/system/libunwind.dylib
0x0000000024e73000 	/usr/lib/system/libxpc.dylib
0x0000000024e73000 	/usr/lib/closure/libclosured.dylib
0x0000000024e73000 	/usr/lib/libc++abi.dylib
0x0000000024e73000 	/usr/lib/libc++.1.dylib
0x0000000024e73000 	/usr/lib/libenergytrace.dylib
0x0000000024e73000 	/usr/lib/libbsm.0.dylib
0x0000000024e73000 	/usr/lib/system/libkxld.dylib
0x000000010be14000 	/Applications/IBM/SPSS/Statistics/25/SPSSStatistics.app/Contents/lib/libifcoremt.dylib
0x000000010bf8a000 	/Applications/IBM/SPSS/Statistics/25/SPSSStatistics.app/Contents/lib/libimf.dylib
0x000000010c2ae000 	/Applications/IBM/SPSS/Statistics/25/SPSSStatistics.app/Contents/lib/libsvml.dylib
0x000000010cda8000 	/Applications/IBM/SPSS/Statistics/25/SPSSStatistics.app/Contents/lib/libintlc.dylib
0x000000010cdf8000 	/Applications/IBM/SPSS/Statistics/25/SPSSStatistics.app/Contents/lib/libplatdep.dylib
0x000000010ce49000 	/Applications/IBM/SPSS/Statistics/25/SPSSStatistics.app/Contents/lib/libgsk8iccs.dylib
0x000000010cec1000 	/Applications/IBM/SPSS/Statistics/25/SPSSStatistics.app/Contents/lib/libsockbsd.dylib
0x000000010ced2000 	/Applications/IBM/SPSS/Statistics/25/SPSSStatistics.app/Contents/lib/libsfthread.dylib
0x000000010cee7000 	/Applications/IBM/SPSS/Statistics/25/SPSSStatistics.app/Contents/lib/libvserial.dylib
0x000000010cefd000 	/Applications/IBM/SPSS/Statistics/25/SPSSStatistics.app/Contents/lib/libvutility.dylib
0x000000010cf0c000 	/Applications/IBM/SPSS/Statistics/25/SPSSStatistics.app/Contents/lib/libicuuc.51.2.dylib
0x000000010d0eb000 	/Applications/IBM/SPSS/Statistics/25/SPSSStatistics.app/Contents/lib/libicui18n.51.2.dylib
0x000000010d3bd000 	/Applications/IBM/SPSS/Statistics/25/SPSSStatistics.app/Contents/lib/libxerces-c-3.1.dylib
0x000000010d796000 	/Applications/IBM/SPSS/Statistics/25/SPSSStatistics.app/Contents/lib/libicudata.51.2.dylib
0x000000010ece5000 	/Applications/IBM/SPSS/Statistics/25/SPSSStatistics.app/Contents/lib/libspsswlib.dylib
0x00000001110aa000 	/Applications/IBM/SPSS/Statistics/25/SPSSStatistics.app/Contents/lib/libcpuinfo.dylib
0x00000001110b0000 	/Applications/IBM/SPSS/Statistics/25/SPSSStatistics.app/Contents/lib/libomcell.dylib
0x00000001110da000 	/Applications/IBM/SPSS/Statistics/25/SPSSStatistics.app/Contents/lib/libomfactry.dylib
0x0000000111182000 	/Applications/IBM/SPSS/Statistics/25/SPSSStatistics.app/Contents/lib/libomtree.dylib
0x00000001111c3000 	/Applications/IBM/SPSS/Statistics/25/SPSSStatistics.app/Contents/lib/libomxxml.dylib
0x0000000111204000 	/Applications/IBM/SPSS/Statistics/25/SPSSStatistics.app/Contents/lib/libomxsav.dylib
0x0000000111217000 	/Applications/IBM/SPSS/Statistics/25/SPSSStatistics.app/Contents/lib/libomxhtml.dylib
0x0000000111241000 	/Applications/IBM/SPSS/Statistics/25/SPSSStatistics.app/Contents/lib/libomxtext.dylib
0x000000011126a000 	/Applications/IBM/SPSS/Statistics/25/SPSSStatistics.app/Contents/lib/libomxspv.dylib
0x0000000111278000 	/Applications/IBM/SPSS/Statistics/25/SPSSStatistics.app/Contents/lib/libspssjni.dylib
0x0000000111282000 	/Applications/IBM/SPSS/Statistics/25/SPSSStatistics.app/Contents/lib/libspssjvm.dylib
0x000000011128f000 	/Applications/IBM/SPSS/Statistics/25/SPSSStatistics.app/Contents/lib/libvizedit.dylib
0x00000001112b1000 	/Applications/IBM/SPSS/Statistics/25/SPSSStatistics.app/Contents/lib/libtransspc.dylib
0x00000001112e5000 	/Applications/IBM/SPSS/Statistics/25/SPSSStatistics.app/Contents/lib/libdedstore.dylib
0x0000000111304000 	/Applications/IBM/SPSS/Statistics/25/SPSSStatistics.app/Contents/lib/libsvrdmgr.dylib
0x0000000111329000 	/Applications/IBM/SPSS/Statistics/25/SPSSStatistics.app/Contents/lib/libdatasrc.dylib
0x00000001113d1000 	/Applications/IBM/SPSS/Statistics/25/SPSSStatistics.app/Contents/lib/libsvrerrs.dylib
0x00000001113df000 	/Applications/IBM/SPSS/Statistics/25/SPSSStatistics.app/Contents/lib/libspssdemg.dylib
0x0000000111429000 	/Applications/IBM/SPSS/Statistics/25/SPSSStatistics.app/Contents/lib/libcpputil.dylib
0x0000000111465000 	/Applications/IBM/SPSS/Statistics/25/SPSSStatistics.app/Contents/lib/libstrtable.dylib
0x00000000d9476000 	/Applications/IBM/SPSS/Statistics/25/SPSSStatistics.app/Contents/lib/libxalan-c.111.0.dylib
0x0000000111ac3000 	/Applications/IBM/SPSS/Statistics/25/SPSSStatistics.app/Contents/lib/libchartutl.dylib
0x0000000111bd1000 	/Applications/IBM/SPSS/Statistics/25/SPSSStatistics.app/Contents/lib/libspssmsgs.dylib
0x0000000111bdd000 	/Applications/IBM/SPSS/Statistics/25/SPSSStatistics.app/Contents/lib/libvizchart.dylib
0x0000000111e05000 	/Applications/IBM/SPSS/Statistics/25/SPSSStatistics.app/Contents/lib/libzlib1211spss.dylib
0x0000000111e3c000 	/Applications/IBM/SPSS/Statistics/25/SPSSStatistics.app/Contents/lib/libindutil.dylib
0x00000000d1e4e000 	/Applications/IBM/SPSS/Statistics/25/SPSSStatistics.app/Contents/lib/libxalanMsg.111.0.dylib
0x0000000111e5d000 	/Applications/IBM/SPSS/Statistics/25/SPSSStatistics.app/Contents/lib/libspssiocv.dylib
0x0000000111e93000 	/Applications/IBM/SPSS/Statistics/25/SPSSStatistics.app/Contents/lib/libreadonly.dylib
0x0000000111e9c000 	/Applications/IBM/SPSS/Statistics/25/SPSSStatistics.app/Contents/lib/libtmsutil.dylib
0x0000000111ea3000 	/Applications/IBM/SPSS/Statistics/25/SPSSStatistics.app/Contents/lib/libcvtrans.dylib
0x0000000071eea000 	/Applications/IBM/SPSS/Statistics/25/SPSSStatistics.app/Contents/Library/Frameworks/Sentinel.framework/Versions/A/Sentinel
0x0000000111f08000 	/Applications/IBM/SPSS/Statistics/25/SPSSStatistics.app/Contents/Library/Frameworks/SuperPro.framework/Versions/A/SuperPro
0x0000000111f1f000 	/Applications/IBM/SPSS/Statistics/25/SPSSStatistics.app/Contents/lib/libcmddata.dylib
0x0000000111f29000 	/Applications/IBM/SPSS/Statistics/25/SPSSStatistics.app/Contents/lib/libmcbstsps.dylib
0x0000000024e73000 	/usr/lib/libiconv.2.dylib
0x0000000024e73000 	/System/Library/Frameworks/CoreServices.framework/Versions/A/CoreServices
0x0000000024e73000 	/System/Library/Frameworks/CFNetwork.framework/Versions/A/CFNetwork
0x0000000024e73000 	/System/Library/Frameworks/CoreServices.framework/Versions/A/Frameworks/FSEvents.framework/Versions/A/FSEvents
0x0000000024e73000 	/System/Library/Frameworks/CoreServices.framework/Versions/A/Frameworks/CarbonCore.framework/Versions/A/CarbonCore
0x0000000024e73000 	/System/Library/Frameworks/CoreServices.framework/Versions/A/Frameworks/Metadata.framework/Versions/A/Metadata
0x0000000024e73000 	/System/Library/Frameworks/CoreServices.framework/Versions/A/Frameworks/OSServices.framework/Versions/A/OSServices
0x0000000024e73000 	/System/Library/Frameworks/CoreServices.framework/Versions/A/Frameworks/SearchKit.framework/Versions/A/SearchKit
0x0000000024e73000 	/System/Library/Frameworks/CoreServices.framework/Versions/A/Frameworks/AE.framework/Versions/A/AE
0x0000000024e73000 	/System/Library/Frameworks/CoreServices.framework/Versions/A/Frameworks/LaunchServices.framework/Versions/A/LaunchServices
0x0000000024e73000 	/System/Library/Frameworks/CoreServices.framework/Versions/A/Frameworks/DictionaryServices.framework/Versions/A/DictionaryServices
0x0000000024e73000 	/System/Library/Frameworks/CoreServices.framework/Versions/A/Frameworks/SharedFileList.framework/Versions/A/SharedFileList
0x0000000024e73000 	/usr/lib/libauto.dylib
0x0000000024e73000 	/System/Library/Frameworks/SystemConfiguration.framework/Versions/A/SystemConfiguration
0x0000000024e73000 	/System/Library/Frameworks/Security.framework/Versions/A/Security
0x0000000024e73000 	/usr/lib/libsqlite3.dylib
0x0000000024e73000 	/usr/lib/libxml2.2.dylib
0x0000000024e73000 	/usr/lib/libnetwork.dylib
0x0000000024e73000 	/usr/lib/libapple_nghttp2.dylib
0x0000000024e73000 	/usr/lib/libpcap.A.dylib
0x0000000024e73000 	/usr/lib/libboringssl.dylib
0x0000000024e73000 	/usr/lib/libusrtcp.dylib
0x0000000024e73000 	/usr/lib/libcoretls.dylib
0x0000000024e73000 	/usr/lib/libcoretls_cfhelpers.dylib
0x0000000024e73000 	/usr/lib/libapple_crypto.dylib
0x0000000024e73000 	/System/Library/Frameworks/Foundation.framework/Versions/C/Foundation
0x0000000024e73000 	/usr/lib/libOpenScriptingUtil.dylib
0x0000000024e73000 	/usr/lib/libpam.2.dylib
0x0000000024e73000 	/usr/lib/libxar.1.dylib
0x0000000024e73000 	/System/Library/Frameworks/DiskArbitration.framework/Versions/A/DiskArbitration
0x0000000024e73000 	/usr/lib/libarchive.2.dylib
0x0000000024e73000 	/usr/lib/liblangid.dylib
0x0000000024e73000 	/usr/lib/libCRFSuite.dylib
0x0000000024e73000 	/usr/lib/libbz2.1.0.dylib
0x0000000024e73000 	/usr/lib/liblzma.5.dylib
0x0000000024e73000 	/System/Library/Frameworks/NetFS.framework/Versions/A/NetFS
0x0000000024e73000 	/System/Library/PrivateFrameworks/NetAuth.framework/Versions/A/NetAuth
0x0000000024e73000 	/System/Library/PrivateFrameworks/login.framework/Versions/A/Frameworks/loginsupport.framework/Versions/A/loginsupport
0x0000000024e73000 	/System/Library/PrivateFrameworks/TCC.framework/Versions/A/TCC
0x0000000024e73000 	/usr/lib/libmecabra.dylib
0x0000000024e73000 	/System/Library/Frameworks/ApplicationServices.framework/Versions/A/ApplicationServices
0x0000000024e73000 	/System/Library/Frameworks/CoreGraphics.framework/Versions/A/CoreGraphics
0x0000000024e73000 	/System/Library/Frameworks/CoreText.framework/Versions/A/CoreText
0x0000000024e73000 	/System/Library/Frameworks/ImageIO.framework/Versions/A/ImageIO
0x0000000024e73000 	/System/Library/Frameworks/ColorSync.framework/Versions/A/ColorSync
0x0000000024e73000 	/System/Library/Frameworks/ApplicationServices.framework/Versions/A/Frameworks/ATS.framework/Versions/A/ATS
0x0000000024e73000 	/System/Library/Frameworks/ApplicationServices.framework/Versions/A/Frameworks/ColorSyncLegacy.framework/Versions/A/ColorSyncLegacy
0x0000000024e73000 	/System/Library/Frameworks/ApplicationServices.framework/Versions/A/Frameworks/HIServices.framework/Versions/A/HIServices
0x0000000024e73000 	/System/Library/Frameworks/ApplicationServices.framework/Versions/A/Frameworks/LangAnalysis.framework/Versions/A/LangAnalysis
0x0000000024e73000 	/System/Library/Frameworks/ApplicationServices.framework/Versions/A/Frameworks/PrintCore.framework/Versions/A/PrintCore
0x0000000024e73000 	/System/Library/Frameworks/ApplicationServices.framework/Versions/A/Frameworks/QD.framework/Versions/A/QD
0x0000000024e73000 	/System/Library/Frameworks/ApplicationServices.framework/Versions/A/Frameworks/SpeechSynthesis.framework/Versions/A/SpeechSynthesis
0x0000000024e73000 	/System/Library/PrivateFrameworks/SkyLight.framework/Versions/A/SkyLight
0x0000000024e73000 	/System/Library/Frameworks/Accelerate.framework/Versions/A/Accelerate
0x0000000024e73000 	/System/Library/Frameworks/CoreDisplay.framework/Versions/A/CoreDisplay
0x0000000024e73000 	/System/Library/Frameworks/IOSurface.framework/Versions/A/IOSurface
0x0000000024e73000 	/System/Library/Frameworks/Metal.framework/Versions/A/Metal
0x0000000024e73000 	/System/Library/PrivateFrameworks/MultitouchSupport.framework/Versions/A/MultitouchSupport
0x0000000024e73000 	/System/Library/Frameworks/QuartzCore.framework/Versions/A/QuartzCore
0x0000000024e73000 	/System/Library/Frameworks/Accelerate.framework/Versions/A/Frameworks/vImage.framework/Versions/A/vImage
0x0000000024e73000 	/System/Library/Frameworks/Accelerate.framework/Versions/A/Frameworks/vecLib.framework/Versions/A/vecLib
0x0000000024e73000 	/System/Library/Frameworks/Accelerate.framework/Versions/A/Frameworks/vecLib.framework/Versions/A/libvDSP.dylib
0x0000000024e73000 	/System/Library/Frameworks/Accelerate.framework/Versions/A/Frameworks/vecLib.framework/Versions/A/libBNNS.dylib
0x0000000024e73000 	/System/Library/Frameworks/Accelerate.framework/Versions/A/Frameworks/vecLib.framework/Versions/A/libQuadrature.dylib
0x0000000024e73000 	/System/Library/Frameworks/Accelerate.framework/Versions/A/Frameworks/vecLib.framework/Versions/A/libvMisc.dylib
0x0000000024e73000 	/System/Library/Frameworks/Accelerate.framework/Versions/A/Frameworks/vecLib.framework/Versions/A/libLAPACK.dylib
0x0000000024e73000 	/System/Library/Frameworks/Accelerate.framework/Versions/A/Frameworks/vecLib.framework/Versions/A/libBLAS.dylib
0x0000000024e73000 	/System/Library/Frameworks/Accelerate.framework/Versions/A/Frameworks/vecLib.framework/Versions/A/libLinearAlgebra.dylib
0x0000000024e73000 	/System/Library/Frameworks/Accelerate.framework/Versions/A/Frameworks/vecLib.framework/Versions/A/libSparse.dylib
0x0000000024e73000 	/System/Library/Frameworks/Accelerate.framework/Versions/A/Frameworks/vecLib.framework/Versions/A/libSparseBLAS.dylib
0x0000000024e73000 	/System/Library/PrivateFrameworks/IOAccelerator.framework/Versions/A/IOAccelerator
0x0000000024e73000 	/System/Library/PrivateFrameworks/IOPresentment.framework/Versions/A/IOPresentment
0x0000000024e73000 	/System/Library/PrivateFrameworks/DSExternalDisplay.framework/Versions/A/DSExternalDisplay
0x0000000024e73000 	/System/Library/Frameworks/OpenGL.framework/Versions/A/Libraries/libCoreFSCache.dylib
0x0000000024e73000 	/System/Library/Frameworks/CoreImage.framework/Versions/A/CoreImage
0x0000000024e73000 	/System/Library/Frameworks/CoreVideo.framework/Versions/A/CoreVideo
0x0000000024e73000 	/System/Library/Frameworks/OpenGL.framework/Versions/A/OpenGL
0x0000000024e73000 	/System/Library/PrivateFrameworks/GraphVisualizer.framework/Versions/A/GraphVisualizer
0x0000000024e73000 	/System/Library/Frameworks/MetalPerformanceShaders.framework/Versions/A/MetalPerformanceShaders
0x0000000024e73000 	/usr/lib/libFosl_dynamic.dylib
0x0000000024e73000 	/System/Library/PrivateFrameworks/FaceCore.framework/Versions/A/FaceCore
0x0000000024e73000 	/System/Library/Frameworks/OpenCL.framework/Versions/A/OpenCL
0x0000000024e73000 	/usr/lib/libcompression.dylib
0x0000000024e73000 	/System/Library/Frameworks/ApplicationServices.framework/Versions/A/Frameworks/ATS.framework/Versions/A/Resources/libFontParser.dylib
0x0000000024e73000 	/System/Library/Frameworks/ApplicationServices.framework/Versions/A/Frameworks/ATS.framework/Versions/A/Resources/libFontRegistry.dylib
0x0000000024e73000 	/System/Library/Frameworks/ImageIO.framework/Versions/A/Resources/libJPEG.dylib
0x0000000024e73000 	/System/Library/Frameworks/ImageIO.framework/Versions/A/Resources/libTIFF.dylib
0x0000000024e73000 	/System/Library/Frameworks/ImageIO.framework/Versions/A/Resources/libPng.dylib
0x0000000024e73000 	/System/Library/Frameworks/ImageIO.framework/Versions/A/Resources/libGIF.dylib
0x0000000024e73000 	/System/Library/Frameworks/ImageIO.framework/Versions/A/Resources/libJP2.dylib
0x0000000024e73000 	/System/Library/Frameworks/ImageIO.framework/Versions/A/Resources/libRadiance.dylib
0x0000000024e73000 	/System/Library/PrivateFrameworks/AppleJPEG.framework/Versions/A/AppleJPEG
0x0000000024e73000 	/System/Library/PrivateFrameworks/MetalTools.framework/Versions/A/MetalTools
0x0000000024e73000 	/System/Library/Frameworks/MetalPerformanceShaders.framework/Frameworks/MPSCore.framework/Versions/A/MPSCore
0x0000000024e73000 	/System/Library/Frameworks/MetalPerformanceShaders.framework/Frameworks/MPSImage.framework/Versions/A/MPSImage
0x0000000024e73000 	/System/Library/Frameworks/MetalPerformanceShaders.framework/Frameworks/MPSMatrix.framework/Versions/A/MPSMatrix
0x0000000024e73000 	/System/Library/Frameworks/MetalPerformanceShaders.framework/Frameworks/MPSNeuralNetwork.framework/Versions/A/MPSNeuralNetwork
0x0000000024e73000 	/System/Library/Frameworks/OpenGL.framework/Versions/A/Libraries/libGLU.dylib
0x0000000024e73000 	/System/Library/Frameworks/OpenGL.framework/Versions/A/Libraries/libGFXShared.dylib
0x0000000024e73000 	/System/Library/Frameworks/OpenGL.framework/Versions/A/Libraries/libGL.dylib
0x0000000024e73000 	/System/Library/Frameworks/OpenGL.framework/Versions/A/Libraries/libGLImage.dylib
0x0000000024e73000 	/System/Library/Frameworks/OpenGL.framework/Versions/A/Libraries/libCVMSPluginSupport.dylib
0x0000000024e73000 	/System/Library/Frameworks/OpenGL.framework/Versions/A/Libraries/libCoreVMClient.dylib
0x0000000024e73000 	/usr/lib/libcups.2.dylib
0x0000000024e73000 	/System/Library/Frameworks/Kerberos.framework/Versions/A/Kerberos
0x0000000024e73000 	/System/Library/Frameworks/GSS.framework/Versions/A/GSS
0x0000000024e73000 	/usr/lib/libresolv.9.dylib
0x0000000024e73000 	/System/Library/PrivateFrameworks/Heimdal.framework/Versions/A/Heimdal
0x0000000024e73000 	/usr/lib/libheimdal-asn1.dylib
0x0000000024e73000 	/System/Library/Frameworks/OpenDirectory.framework/Versions/A/OpenDirectory
0x0000000024e73000 	/System/Library/PrivateFrameworks/CommonAuth.framework/Versions/A/CommonAuth
0x0000000024e73000 	/System/Library/Frameworks/OpenDirectory.framework/Versions/A/Frameworks/CFOpenDirectory.framework/Versions/A/CFOpenDirectory
0x0000000024e73000 	/System/Library/Frameworks/SecurityFoundation.framework/Versions/A/SecurityFoundation
0x0000000024e73000 	/System/Library/PrivateFrameworks/APFS.framework/Versions/A/APFS
0x0000000024e73000 	/usr/lib/libutil.dylib
0x0000000024e73000 	/System/Library/Frameworks/CoreAudio.framework/Versions/A/CoreAudio
0x0000000024e73000 	/System/Library/Frameworks/AudioToolbox.framework/Versions/A/AudioToolbox
0x0000000024e73000 	/System/Library/PrivateFrameworks/AppleSauce.framework/Versions/A/AppleSauce
0x0000000024e73000 	/System/Library/PrivateFrameworks/LinguisticData.framework/Versions/A/LinguisticData
0x0000000024e73000 	/usr/lib/libmarisa.dylib
0x0000000024e73000 	/System/Library/PrivateFrameworks/Lexicon.framework/Versions/A/Lexicon
0x0000000024e73000 	/usr/lib/libChineseTokenizer.dylib
0x0000000024e73000 	/usr/lib/libcmph.dylib
0x0000000024e73000 	/System/Library/PrivateFrameworks/LanguageModeling.framework/Versions/A/LanguageModeling
0x0000000024e73000 	/System/Library/Frameworks/CoreData.framework/Versions/A/CoreData
0x0000000024e73000 	/System/Library/PrivateFrameworks/CoreEmoji.framework/Versions/A/CoreEmoji
0x0000000024e73000 	/System/Library/Frameworks/ServiceManagement.framework/Versions/A/ServiceManagement
0x0000000024e73000 	/System/Library/PrivateFrameworks/BackgroundTaskManagement.framework/Versions/A/BackgroundTaskManagement
0x0000000024e73000 	/usr/lib/libxslt.1.dylib
0x0000000111f38000 	/Applications/IBM/SPSS/Statistics/25/SPSSStatistics.app/Contents/lib/libdatastr.dylib
0x0000000111f57000 	/Applications/IBM/SPSS/Statistics/25/SPSSStatistics.app/Contents/lib/libstacrypt.dylib
0x0000000111f64000 	/Applications/IBM/SPSS/Statistics/25/SPSSStatistics.app/Contents/lib/libmccomsps.dylib
0x000000011206c000 	/Applications/IBM/SPSS/Statistics/25/SPSSStatistics.app/Contents/lib/libspsspool.dylib
0x00000001120ad000 	/Applications/IBM/SPSS/Statistics/25/SPSSStatistics.app/Contents/lib/libxchart.dylib
0x0000000112134000 	/Applications/IBM/SPSS/Statistics/25/SPSSStatistics.app/Contents/lib/libviewerxml.dylib
0x0000000114bc7000 	/Applications/IBM/SPSS/Statistics/25/SPSSStatistics.app/Contents/lib/libspsswctl.dylib
0x0000000114cdb000 	/Applications/IBM/SPSS/Statistics/25/SPSSStatistics.app/Contents/lib/libuparser.dylib
0x0000000114d48000 	/Applications/IBM/SPSS/Statistics/25/SPSSStatistics.app/Contents/lib/libspssdx.dylib
0x0000000114d74000 	/Applications/IBM/SPSS/Statistics/25/SPSSStatistics.app/Contents/lib/libomsopmgr.dylib
0x0000000114d9b000 	/Applications/IBM/SPSS/Statistics/25/SPSSStatistics.app/Contents/lib/libspsswcis.dylib
0x0000000114ecc000 	/Applications/IBM/SPSS/Statistics/25/SPSSStatistics.app/Contents/lib/libspsswmsg.dylib
0x0000000114ef4000 	/Applications/IBM/SPSS/Statistics/25/SPSSStatistics.app/Contents/lib/libuadapter.dylib
0x0000000114f29000 	/Applications/IBM/SPSS/Statistics/25/SPSSStatistics.app/Contents/lib/libspssclef.dylib
0x0000000114f6d000 	/Applications/IBM/SPSS/Statistics/25/SPSSStatistics.app/Contents/ext/bin/spss.common/libcfcore.dylib
0x0000000115052000 	/Applications/IBM/SPSS/Statistics/25/SPSSStatistics.app/Contents/ext/bin/spss.common/libcfcommon.dylib
0x00000001150cb000 	/Applications/IBM/SPSS/Statistics/25/SPSSStatistics.app/Contents/lib/libfmsgs.dylib
0x00000001150ff000 	/Applications/IBM/SPSS/Statistics/25/SPSSStatistics.app/Contents/lib/libnetcom.dylib
0x0000000115127000 	/Applications/IBM/SPSS/Statistics/25/SPSSStatistics.app/Contents/lib/libfwutility.dylib
0x000000011512f000 	/Applications/IBM/SPSS/Statistics/25/SPSSStatistics.app/Contents/lib/libfilesort.dylib
0x0000000115143000 	/Applications/IBM/SPSS/Statistics/25/SPSSStatistics.app/Contents/lib/libmtxp.dylib
0x000000011515f000 	/Applications/IBM/SPSS/Statistics/25/SPSSStatistics.app/Contents/ext/bin/spss.common/libcorethread.dylib
0x000000010ce42000 	/Applications/IBM/SPSS/Statistics/25/SPSSStatistics.app/Contents/ext/bin/spss.common/libcfthread.dylib
0x000000011516f000 	/Applications/IBM/SPSS/Statistics/25/SPSSStatistics.app/Contents/common/ext/bin/spss.common/libcfcomserv.dylib
0x0000000115187000 	/Applications/IBM/SPSS/Statistics/25/SPSSStatistics.app/Contents/ext/bin/spss.common/libcfextension.dylib
0x00000001151bf000 	/Applications/IBM/SPSS/Statistics/25/SPSSStatistics.app/Contents/ext/bin/spss.common/libcffilter.dylib
0x00000001151ce000 	/Applications/IBM/SPSS/Statistics/25/SPSSStatistics.app/Contents/ext/bin/spss.common/libcfcatencode.dylib
0x000000010cda4000 	/Applications/IBM/SPSS/Statistics/25/SPSSStatistics.app/Contents/ext/bin/spss.common/libcfcomstatistic.dylib
0x00000001151ed000 	/Applications/IBM/SPSS/Statistics/25/SPSSStatistics.app/Contents/ext/bin/spss.common/libtempfiles.dylib
0x0000000115213000 	/Applications/IBM/SPSS/Statistics/25/SPSSStatistics.app/Contents/lib/libpesrepo.dylib
0x0000000115b2f000 	/Applications/IBM/SPSS/Statistics/25/SPSSStatistics.app/Contents/lib/libspsswfil.dylib
0x0000000115bcf000 	/Applications/IBM/SPSS/Statistics/25/SPSSStatistics.app/Contents/lib/libchartxml.dylib
0x0000000115c2f000 	/Applications/IBM/SPSS/Statistics/25/SPSSStatistics.app/Contents/lib/libxlsxdac.dylib
0x0000000115c67000 	/Applications/IBM/SPSS/Statistics/25/SPSSStatistics.app/Contents/lib/libpkginpr.dylib
0x0000000115c70000 	/Applications/IBM/SPSS/Statistics/25/SPSSStatistics.app/Contents/lib/libdacmmsgs.dylib
0x000000010cf05000 	/Applications/IBM/SPSS/Statistics/25/SPSSStatistics.app/Contents/lib/libtxtwdmsg.dylib
0x0000000115c7c000 	/Applications/IBM/SPSS/Statistics/25/SPSSStatistics.app/Contents/JRE/lib/jli/libjli.dylib
0x0000000024e73000 	/System/Library/Frameworks/Cocoa.framework/Versions/A/Cocoa
0x0000000024e73000 	/System/Library/Frameworks/AppKit.framework/Versions/C/AppKit
0x0000000024e73000 	/System/Library/PrivateFrameworks/RemoteViewServices.framework/Versions/A/RemoteViewServices
0x0000000024e73000 	/System/Library/PrivateFrameworks/UIFoundation.framework/Versions/A/UIFoundation
0x0000000024e73000 	/System/Library/PrivateFrameworks/DFRFoundation.framework/Versions/A/DFRFoundation
0x0000000024e73000 	/System/Library/PrivateFrameworks/DesktopServicesPriv.framework/Versions/A/DesktopServicesPriv
0x0000000024e73000 	/usr/lib/libScreenReader.dylib
0x0000000024e73000 	/System/Library/Frameworks/AudioUnit.framework/Versions/A/AudioUnit
0x0000000024e73000 	/System/Library/PrivateFrameworks/DataDetectorsCore.framework/Versions/A/DataDetectorsCore
0x0000000024e73000 	/System/Library/Frameworks/Carbon.framework/Versions/A/Frameworks/HIToolbox.framework/Versions/A/HIToolbox
0x0000000024e73000 	/System/Library/Frameworks/Carbon.framework/Versions/A/Frameworks/SpeechRecognition.framework/Versions/A/SpeechRecognition
0x0000000024e73000 	/System/Library/PrivateFrameworks/CoreUI.framework/Versions/A/CoreUI
0x0000000024e73000 	/System/Library/PrivateFrameworks/PerformanceAnalysis.framework/Versions/A/PerformanceAnalysis
0x0000000024e73000 	/System/Library/PrivateFrameworks/Backup.framework/Versions/A/Backup
0x0000000024e73000 	/System/Library/Frameworks/Carbon.framework/Versions/A/Frameworks/Ink.framework/Versions/A/Ink
0x0000000024e73000 	/System/Library/PrivateFrameworks/TextureIO.framework/Versions/A/TextureIO
0x0000000024e73000 	/usr/lib/libate.dylib
0x0000000024e73000 	/System/Library/PrivateFrameworks/CrashReporterSupport.framework/Versions/A/CrashReporterSupport
0x0000000024e73000 	/System/Library/PrivateFrameworks/Sharing.framework/Versions/A/Sharing
0x0000000024e73000 	/System/Library/PrivateFrameworks/IconServices.framework/Versions/A/IconServices
0x0000000024e73000 	/System/Library/PrivateFrameworks/ProtocolBuffer.framework/Versions/A/ProtocolBuffer
0x0000000024e73000 	/System/Library/PrivateFrameworks/Apple80211.framework/Versions/A/Apple80211
0x0000000024e73000 	/System/Library/Frameworks/CoreWLAN.framework/Versions/A/CoreWLAN
0x0000000024e73000 	/System/Library/PrivateFrameworks/CoreUtils.framework/Versions/A/CoreUtils
0x0000000024e73000 	/System/Library/Frameworks/IOBluetooth.framework/Versions/A/IOBluetooth
0x0000000024e73000 	/System/Library/PrivateFrameworks/CoreWiFi.framework/Versions/A/CoreWiFi
0x0000000024e73000 	/System/Library/Frameworks/CoreBluetooth.framework/Versions/A/CoreBluetooth
0x0000000024e73000 	/System/Library/PrivateFrameworks/SignpostNotification.framework/Versions/A/SignpostNotification
0x0000000024e73000 	/System/Library/PrivateFrameworks/DebugSymbols.framework/Versions/A/DebugSymbols
0x0000000024e73000 	/System/Library/PrivateFrameworks/CoreSymbolication.framework/Versions/A/CoreSymbolication
0x0000000024e73000 	/System/Library/PrivateFrameworks/Symbolication.framework/Versions/A/Symbolication
0x0000000024e73000 	/System/Library/PrivateFrameworks/AppleFSCompression.framework/Versions/A/AppleFSCompression
0x0000000024e73000 	/System/Library/PrivateFrameworks/SpeechRecognitionCore.framework/Versions/A/SpeechRecognitionCore
0x0000000119238000 	/Applications/IBM/SPSS/Statistics/25/SPSSStatistics.app/Contents/JRE//lib/server/libjvm.dylib
0x0000000115c8c000 	/Applications/IBM/SPSS/Statistics/25/SPSSStatistics.app/Contents/JRE/lib/libverify.dylib
0x0000000115c9a000 	/Applications/IBM/SPSS/Statistics/25/SPSSStatistics.app/Contents/JRE/lib/libjava.dylib
0x0000000115ccf000 	/Applications/IBM/SPSS/Statistics/25/SPSSStatistics.app/Contents/JRE/lib/libzip.dylib
0x0000000024e73000 	/System/Library/Frameworks/JavaVM.framework/Versions/A/Frameworks/JavaRuntimeSupport.framework/Versions/A/JavaRuntimeSupport
0x0000000024e73000 	/System/Library/Frameworks/JavaVM.framework/Versions/A/Frameworks/JavaNativeFoundation.framework/Versions/A/JavaNativeFoundation
0x0000000024e73000 	/System/Library/Frameworks/JavaVM.framework/Versions/A/JavaVM
0x0000000024e73000 	/System/Library/Frameworks/Carbon.framework/Versions/A/Carbon
0x0000000024e73000 	/System/Library/PrivateFrameworks/JavaLaunching.framework/Versions/A/JavaLaunching
0x0000000024e73000 	/System/Library/Frameworks/Carbon.framework/Versions/A/Frameworks/CommonPanels.framework/Versions/A/CommonPanels
0x0000000024e73000 	/System/Library/Frameworks/Carbon.framework/Versions/A/Frameworks/Help.framework/Versions/A/Help
0x0000000024e73000 	/System/Library/Frameworks/Carbon.framework/Versions/A/Frameworks/ImageCapture.framework/Versions/A/ImageCapture
0x0000000024e73000 	/System/Library/Frameworks/Carbon.framework/Versions/A/Frameworks/OpenScripting.framework/Versions/A/OpenScripting
0x0000000024e73000 	/System/Library/Frameworks/Carbon.framework/Versions/A/Frameworks/Print.framework/Versions/A/Print
0x0000000024e73000 	/System/Library/Frameworks/Carbon.framework/Versions/A/Frameworks/SecurityHI.framework/Versions/A/SecurityHI
0x000000011522c000 	/Applications/IBM/SPSS/Statistics/25/SPSSStatistics.app/Contents/JRE/lib/libnet.dylib
0x00000001152d2000 	/Applications/IBM/SPSS/Statistics/25/SPSSStatistics.app/Contents/lib/libspsswarc.dylib
0x00000001152f4000 	/Applications/IBM/SPSS/Statistics/25/SPSSStatistics.app/Contents/lib/libspsswalt.dylib
0x000000011530c000 	/Applications/IBM/SPSS/Statistics/25/SPSSStatistics.app/Contents/lib/libspsswoms.dylib
0x000000011533b000 	/Applications/IBM/SPSS/Statistics/25/SPSSStatistics.app/Contents/lib/libspsswbst.dylib
0x0000000115455000 	/Applications/IBM/SPSS/Statistics/25/SPSSStatistics.app/Contents/lib/libspsswone.dylib
0x0000000115488000 	/Applications/IBM/SPSS/Statistics/25/SPSSStatistics.app/Contents/lib/libspssweda.dylib
0x00000001152a9000 	/Applications/IBM/SPSS/Statistics/25/SPSSStatistics.app/Contents/JRE/lib/libmanagement.dylib
0x00000001152b7000 	/Applications/IBM/SPSS/Statistics/25/SPSSStatistics.app/Contents/JRE/lib/libosx.dylib
0x000000011534b000 	/Applications/IBM/SPSS/Statistics/25/SPSSStatistics.app/Contents/JRE/lib/./libosxapp.dylib
0x0000000024e73000 	/System/Library/Frameworks/ExceptionHandling.framework/Versions/A/ExceptionHandling
0x0000000115367000 	/Applications/IBM/SPSS/Statistics/25/SPSSStatistics.app/Contents/JRE/lib/libawt.dylib
0x000000011570b000 	/Applications/IBM/SPSS/Statistics/25/SPSSStatistics.app/Contents/JRE/lib/./libmlib_image.dylib
0x00000001157d7000 	/Applications/IBM/SPSS/Statistics/25/SPSSStatistics.app/Contents/JRE/lib/libawt_lwawt.dylib
0x000000011588e000 	/Applications/IBM/SPSS/Statistics/25/SPSSStatistics.app/Contents/lib/libjniviewer.dylib
0x000000011592a000 	/Applications/IBM/SPSS/Statistics/25/SPSSStatistics.app/Contents/JRE/lib/libfontmanager.dylib
0x0000000024e73000 	/System/Library/PrivateFrameworks/CoreServicesInternal.framework/Versions/A/CoreServicesInternal
0x0000000115297000 	/Applications/IBM/SPSS/Statistics/25/SPSSStatistics.app/Contents/JRE/lib/libnio.dylib
0x0000000024e73000 	/System/Library/Frameworks/ApplicationServices.framework/Versions/A/Frameworks/ATS.framework/Versions/A/Resources/libTrueTypeScaler.dylib

VM Arguments:
jvm_args: -Djava.library.path=/Applications/IBM/SPSS/Statistics/25/SPSSStatistics.app/Contents/bin/../JRE/lib/jli/:/Applications/IBM/SPSS/Statistics/25/SPSSStatistics.app/Contents/bin/../JRE/lib/:/Applications/IBM/SPSS/Statistics/25/SPSSStatistics.app/Contents/bin/../lib/:/Applications/IBM/SPSS/Statistics/25/SPSSStatistics.app/Contents/bin/ -Dapplication.home=/Applications/IBM/SPSS/Statistics/25/SPSSStatistics.app/Contents/bin -Dstatistics.home=/Applications/IBM/SPSS/Statistics/25/SPSSStatistics.app/Contents/bin -Djava.awt.headless=true -Dcom.sun.media.jai.disableMediaLib=true -Xms256M -Xmx2048M -XX:-UsePerfData -Dcom.ibm.jsse2.overrideDefaultProtocol=TLSv12 -Djava.io.tmpdir=/tmp/spss9m3N5m/ 
java_command: <unknown>
java_class_path (initial): :/Applications/IBM/SPSS/Statistics/25/SPSSStatistics.app/Contents/bin/ChartEditor.jar:/Applications/IBM/SPSS/Statistics/25/SPSSStatistics.app/Contents/bin/ChartEditorRes.jar:/Applications/IBM/SPSS/Statistics/25/SPSSStatistics.app/Contents/bin/CoreTools.jar:/Applications/IBM/SPSS/Statistics/25/SPSSStatistics.app/Contents/bin/CustomDialogBuilder.jar:/Applications/IBM/SPSS/Statistics/25/SPSSStatistics.app/Contents/bin/CustomDialogBuilderRes.jar:/Applications/IBM/SPSS/Statistics/25/SPSSStatistics.app/Contents/bin/ExViewerDialogDemo.jar:/Applications/IBM/SPSS/Statistics/25/SPSSStatistics.app/Contents/bin/ExViewerFrameDemo.jar:/Applications/IBM/SPSS/Statistics/25/SPSSStatistics.app/Contents/bin/ExportTools.jar:/Applications/IBM/SPSS/Statistics/25/SPSSStatistics.app/Contents/bin/ExtensionManager.jar:/Applications/IBM/SPSS/Statistics/25/SPSSStatistics.app/Contents/bin/ExtensionManagerRes.jar:/Applications/IBM/SPSS/Statistics/25/SPSSStatistics.app/Contents/bin/FieldChooser.jar:/Applications/IBM/SPSS/Statistics/25/SPSSStatistics.app/Contents/bin/InstallExtBundles.jar:/Applications/IBM/SPSS/Statistics/25/SPSSStatistics.app/Contents/bin/InstallExtBundlesRes.jar:/Applications/IBM/SPSS/Statistics/25/SPSSStatistics.app/Contents/bin/JRegEdit.jar:/Applications/IBM/SPSS/Statistics/25/SPSSStatistics.app/Contents/bin/JimiProClasses.jar:/Applications/IBM/SPSS/Statistics/25/SPSSStatistics.app/Contents/bin/LightTable.jar:/Applications/IBM/SPSS/Statistics/25/SPSSStatistics.app/Contents/bin/ModelViewer.jar:/Applications/IBM/SPSS/Statistics/25/SPSSStatistics.app/Contents/bin/PivotTableEditor.jar:/Applications/IBM/SPSS/Statistics/25/SPSSStatistics.app/Contents/bin/PivotTableEditorRes.jar:/Applications/IBM/SPSS/Statistics/25/SPSSStatistics.app/Contents/bin/RConfig.jar:/Applications/IBM/SPSS/Statistics/25/SPSSStatistics.app/Contents/bin/RapidSpell.jar:/Applications/IBM/SPSS/Statistics/25/SPSSStatistics.app/Contents/bin/RapidSpellMDict.jar:/Applications/IBM/SPSS/Stat
Launcher Type: generic

Environment Variables:
PATH=/Applications/IBM/SPSS/Statistics/25/SPSSStatistics.app/Contents/bin:/usr/bin:/bin:/usr/sbin:/sbin
SHELL=/bin/bash
DISPLAY=/private/tmp/com.apple.launchd.N9vY7htsxO/org.macosforge.xquartz:0
DYLD_LIBRARY_PATH=/Applications/IBM/SPSS/Statistics/25/SPSSStatistics.app/Contents/lib:/Applications/IBM/SPSS/Statistics/25/SPSSStatistics.app/Contents/common/ext/bin/spss.common:/Applications/IBM/SPSS/Statistics/25/SPSSStatistics.app/Contents/ext/bin/spss.common:/Applications/IBM/SPSS/Statistics/25/SPSSStatistics.app/Contents/lib:/Applications/IBM/SPSS/Statistics/25/SPSSStatistics.app/Contents/Library/Frameworks/Sentinel.framework:/Applications/IBM/SPSS/Statistics/25/SPSSStatistics.app/Contents/Library/Frameworks/SuperPro.framework:/Applications/IBM/SPSS/Statistics/25/SPSSStatistics.app/Contents/JRE/lib/jli

Signal Handlers:
SIGSEGV: [libjvm.dylib+0x5b1141], sa_mask[0]=11111111011111110111111111111111, sa_flags=SA_ONSTACK|SA_RESTART|SA_SIGINFO
SIGBUS: [libjvm.dylib+0x5b1141], sa_mask[0]=11111111011111110111111111111111, sa_flags=SA_RESTART|SA_SIGINFO
SIGFPE: [libjvm.dylib+0x487bc4], sa_mask[0]=11111111011111110111111111111111, sa_flags=SA_RESTART|SA_SIGINFO
SIGPIPE: [libjvm.dylib+0x487bc4], sa_mask[0]=11111111011111110111111111111111, sa_flags=SA_RESTART|SA_SIGINFO
SIGXFSZ: [libjvm.dylib+0x487bc4], sa_mask[0]=11111111011111110111111111111111, sa_flags=SA_RESTART|SA_SIGINFO
SIGILL: [libjvm.dylib+0x487bc4], sa_mask[0]=11111111011111110111111111111111, sa_flags=SA_RESTART|SA_SIGINFO
SIGUSR1: SIG_DFL, sa_mask[0]=00000000000000000000000000000000, sa_flags=none
SIGUSR2: [libjvm.dylib+0x4876e2], sa_mask[0]=00100000000000000000000000000000, sa_flags=SA_RESTART|SA_SIGINFO
SIGHUP: [libjvm.dylib+0x485cb9], sa_mask[0]=11111111011111110111111111111111, sa_flags=SA_RESTART|SA_SIGINFO
SIGINT: [libjvm.dylib+0x485cb9], sa_mask[0]=11111111011111110111111111111111, sa_flags=SA_RESTART|SA_SIGINFO
SIGTERM: [libjvm.dylib+0x485cb9], sa_mask[0]=11111111011111110111111111111111, sa_flags=SA_RESTART|SA_SIGINFO
SIGQUIT: [libjvm.dylib+0x485cb9], sa_mask[0]=11111111011111110111111111111111, sa_flags=SA_RESTART|SA_SIGINFO


---------------  S Y S T E M  ---------------

OS:Bsduname:Darwin 17.3.0 Darwin Kernel Version 17.3.0: Thu Nov  9 18:09:22 PST 2017; root:xnu-4570.31.3~1/RELEASE_X86_64 x86_64
rlimit: STACK 8192k, CORE 0k, NPROC 1418, NOFILE 10240, AS infinity
load average:2.20 2.44 2.41

CPU:total 8 (4 cores per cpu, 2 threads per core) family 6 model 70 stepping 1, cmov, cx8, fxsr, mmx, sse, sse2, sse3, ssse3, sse4.1, sse4.2, popcnt, avx, avx2, aes, clmul, erms, lzcnt, ht, tsc, tscinvbit, bmi1, bmi2

Memory: 4k page, physical 16777216k(2105220k free)

/proc/meminfo:


vm_info: Java HotSpot(TM) 64-Bit Server VM (25.121-b13) for bsd-amd64 JRE (1.8.0_121-b13), built on Dec 12 2016 20:39:32 by "java_re" with gcc 4.2.1 (Based on Apple Inc. build 5658) (LLVM build 2336.11.00)

time: Sat Jun 30 13:30:50 2018
elapsed time: 17 seconds (0d 0h 0m 17s)

