#
# A fatal error has been detected by the Java Runtime Environment:
#
#  SIGSEGV (0xb) at pc=0x000000010216ad3b, pid=994, tid=0x0000000000000307
#
# JRE version: Java(TM) 2 Runtime Environment, Standard Edition (8.0_121-b13) (build 1.8.0_121-b13 14_Feb_2017_06_58 Mac OS X x64(SR4 FP1))
# Java VM: Java HotSpot(TM) 64-Bit Server VM (25.121-b13 mixed mode bsd-amd64 compressed oops)
# Problematic frame:
# C  [StartXD+0x11d3b]  _ZN8LongData9ParseDataEPvRi+0x5b
#
# Failed to write core dump. Core dumps have been disabled. To enable core dumping, try "ulimit -c unlimited" before starting Java again
#
# If you would like to submit a bug report, please visit:
#   http://bugreport.java.com/bugreport/crash.jsp
#

---------------  T H R E A D  ---------------

Current thread is native thread

siginfo: si_signo: 11 (SIGSEGV), si_code: 1 (SEGV_MAPERR), si_addr: 0x00007f8166400000

Registers:
RAX=0x00000000075c25e8, RBX=0x00007f8166400000, RCX=0x0000000000000000, RDX=0x0000000000400000
RSP=0x00007ffeedaa3b20, RBP=0x00007ffeedaa3b60, RSI=0x000000016a1755e0, RDI=0x00007ffeedaa6420
R8 =0x00000000000002a7, R9 =0x00000000000001fe, R10=0x00007fffaa26c2cc, R11=0x0000000000000246
R12=0x00007ffeedaa6420, R13=0x00007ffeedaa3b34, R14=0x000000000e28fe7f, R15=0x00007ffeedaa6408
RIP=0x000000010216ad3b, EFLAGS=0x0000000000010206, ERR=0x0000000000000004
  TRAPNO=0x000000000000000e

Top of Stack: (sp=0x00007ffeedaa3b20)
0x00007ffeedaa3b20:   0000000000000002 00007ffeedaa3c44
0x00007ffeedaa3b30:   0000000000000001 00007ffeedaa63e0
0x00007ffeedaa3b40:   00007ffeedaa63e0 0000000000000000
0x00007ffeedaa3b50:   00007f815ee3da10 00007f815ee3da10
0x00007ffeedaa3b60:   00007ffeedaa3c70 000000010246759f
0x00007ffeedaa3b70:   fd00000070001000 000000010249ffff
0x00007ffeedaa3b80:   00007ffeedaa3c10 00007fff7133d758
0x00007ffeedaa3b90:   0000000000000000 0000000000000002
0x00007ffeedaa3ba0:   0000000000000000 00000001089d3a00
0x00007ffeedaa3bb0:   0000000000000000 0000000000000010
0x00007ffeedaa3bc0:   0000000000000001 000000010249b080
0x00007ffeedaa3bd0:   000000010249b080 00000001089d3a00
0x00007ffeedaa3be0:   000000010249a000 0000000000000002
0x00007ffeedaa3bf0:   00000000089d4e00 0000000000000000
0x00007ffeedaa3c00:   00007ffeedaa3cb0 0000000000000000
0x00007ffeedaa3c10:   00007fffaa26f000 0000000000000000
0x00007ffeedaa3c20:   00007ffeedaa3c50 00007fff71326201
0x00007ffeedaa3c30:   0000000000000000 0000000000000000
0x00007ffeedaa3c40:   0000000000000000 00007ffeedaa63e0
0x00007ffeedaa3c50:   00007ffeedaa3cb0 0000000000000000
0x00007ffeedaa3c60:   00007f815ee3da10 0000000000000000
0x00007ffeedaa3c70:   00007ffeedaa5ce0 00000001024609e9
0x00007ffeedaa3c80:   0000000000000000 00007ffeedaa63e0
0x00007ffeedaa3c90:   00007f815bd33360 00007f815ee3da10
0x00007ffeedaa3ca0:   0000000000000000 0000000000000000
0x00007ffeedaa3cb0:   0000000000000000 0000000000000000
0x00007ffeedaa3cc0:   0000000000000000 0000000000000000
0x00007ffeedaa3cd0:   0000000000000000 0000000000000000
0x00007ffeedaa3ce0:   0000000000000000 0000000000000000
0x00007ffeedaa3cf0:   0000000000000000 0000000000000000
0x00007ffeedaa3d00:   0000000000000000 0000000000000000
0x00007ffeedaa3d10:   0000000000000000 0000000000000000 

Instructions: (pc=0x000000010216ad3b)
0x000000010216ad1b:   41 ff ce 48 83 c3 04 4d 8d 67 18 b8 08 00 00 00
0x000000010216ad2b:   4c 8d 6d d4 eb 0a 41 ff ce 48 83 c3 04 83 c0 04
0x000000010216ad3b:   8b 0b 89 4d d4 41 89 47 10 4c 89 e7 4c 89 ee e8
0x000000010216ad4b:   4f 0a 00 00 41 8b 47 10 45 85 f6 75 d9 48 8b 55 

Register to memory mapping:

RAX=0x00000000075c25e8 is an unknown value
RBX=0x00007f8166400000 is an unknown value
RCX=0x0000000000000000 is an unknown value
RDX=0x0000000000400000 is an unknown value
RSP=0x00007ffeedaa3b20 is an unknown value
RBP=0x00007ffeedaa3b60 is an unknown value
RSI=0x000000016a1755e0 is an unknown value
RDI=0x00007ffeedaa6420 is an unknown value
R8 =0x00000000000002a7 is an unknown value
R9 =0x00000000000001fe is an unknown value
R10=0x00007fffaa26c2cc: mach_task_self_+0 in /usr/lib/system/libsystem_kernel.dylib at 0x00007fff712b2000
R11=0x0000000000000246 is an unknown value
R12=0x00007ffeedaa6420 is an unknown value
R13=0x00007ffeedaa3b34 is an unknown value
R14=0x000000000e28fe7f is an unknown value
R15=0x00007ffeedaa6408 is an unknown value


Stack: [0x00007ffeed2a7000,0x00007ffeedaa7000],  sp=0x00007ffeedaa3b20,  free space=8178k
Native frames: (J=compiled Java code, j=interpreted, Vv=VM code, C=native code)
C  [StartXD+0x11d3b]  _ZN8LongData9ParseDataEPvRi+0x5b
C  [libspssdxcom.dylib+0x1259f]  _ZN8CleXDSmb8ParseBufEPv+0x4d
C  [libspssdxcom.dylib+0xb9e9]  _Z11ReceiveDataP16JavaPlugInSocketR8CleXDSmb+0xfa
C  [StartXD+0x25fe]  main+0xa6b
C  [libdyld.dylib+0x1115]  start+0x1


---------------  P R O C E S S  ---------------

VM state:not at safepoint (normal execution)

VM Mutex/Monitor currently owned by a thread: None

Heap:
 PSYoungGen      total 167424K, used 3300K [0x0000000795580000, 0x00000007adc00000, 0x00000007c0000000)
  eden space 166400K, 1% used [0x0000000795580000,0x00000007958b92d0,0x000000079f800000)
  from space 1024K, 0% used [0x00000007adb00000,0x00000007adb00000,0x00000007adc00000)
  to   space 2560K, 0% used [0x00000007ad700000,0x00000007ad700000,0x00000007ad980000)
 ParOldGen       total 175104K, used 23867K [0x0000000740000000, 0x000000074ab00000, 0x0000000795580000)
  object space 175104K, 13% used [0x0000000740000000,0x000000074174ecc8,0x000000074ab00000)
 Metaspace       used 20729K, capacity 21138K, committed 21248K, reserved 1069056K
  class space    used 2402K, capacity 2516K, committed 2560K, reserved 1048576K

Card table byte_map: [0x000000011f839000,0x000000011fc3a000] byte_map_base: 0x000000011be39000

Marking Bits: (ParMarkBitMap*) 0x000000010fd7bd30
 Begin Bits: [0x000000011fee5000, 0x0000000121ee5000)
 End Bits:   [0x0000000121ee5000, 0x0000000123ee5000)

Polling page: 0x0000000102619000

CodeCache: size=245760Kb used=14649Kb max_used=15700Kb free=231110Kb
 bounds [0x0000000110479000, 0x00000001113e9000, 0x000000011f479000]
 total_blobs=4635 nmethods=4125 adapters=423
 compilation: enabled

Compilation events (10 events):
Event: 149.492 Thread 0x00007f815c90f000 5312       4       org.exolab.castor.xml.MarshalFramework$InternalXMLClassDescriptor::checkDescriptorForCorrectOrderWithinSequence (13 bytes)
Event: 149.493 Thread 0x00007f815c90f000 nmethod 5312 0x0000000110e35690 code [0x0000000110e357e0, 0x0000000110e35878]
Event: 149.609 Thread 0x00007f815e031800 5313       1       org.exolab.castor.xml.validators.DoubleValidator::setMinInclusive (11 bytes)
Event: 149.609 Thread 0x00007f815e031800 nmethod 5313 0x0000000110e44150 code [0x0000000110e442a0, 0x0000000110e443b0]
Event: 149.619 Thread 0x00007f815d02e000 5314       4       org.openxmlformats.schemas.spreadsheetml._2006.main.descriptors.CT_RowDescriptor$2::getValue (10 bytes)
Event: 149.619 Thread 0x00007f815d02f000 5315       4       org.openxmlformats.schemas.spreadsheetml._2006.main.descriptors.CT_RowDescriptor$3::getValue (26 bytes)
Event: 149.619 Thread 0x00007f815c90f000 5316       4       org.openxmlformats.schemas.spreadsheetml._2006.main.descriptors.CT_RowDescriptor$4::getValue (31 bytes)
Event: 149.620 Thread 0x00007f815c90f000 nmethod 5316 0x0000000110e50a90 code [0x0000000110e50be0, 0x0000000110e50c98]
Event: 149.620 Thread 0x00007f815d02f000 nmethod 5315 0x0000000110e50790 code [0x0000000110e508e0, 0x0000000110e50998]
Event: 149.622 Thread 0x00007f815d02e000 nmethod 5314 0x0000000110788310 code [0x00000001107884a0, 0x0000000110788878]

GC Heap History (10 events):
Event: 149.096 GC heap before
{Heap before GC invocations=144 (full 11):
 PSYoungGen      total 186880K, used 186880K [0x0000000795580000, 0x00000007ae100000, 0x00000007c0000000)
  eden space 185344K, 100% used [0x0000000795580000,0x00000007a0a80000,0x00000007a0a80000)
  from space 1536K, 100% used [0x00000007adf80000,0x00000007ae100000,0x00000007ae100000)
  to   space 3072K, 0% used [0x00000007adb00000,0x00000007adb00000,0x00000007ade00000)
 ParOldGen       total 175104K, used 29514K [0x0000000740000000, 0x000000074ab00000, 0x0000000795580000)
  object space 175104K, 16% used [0x0000000740000000,0x0000000741cd2be8,0x000000074ab00000)
 Metaspace       used 20729K, capacity 21138K, committed 21248K, reserved 1069056K
  class space    used 2402K, capacity 2516K, committed 2560K, reserved 1048576K
Event: 149.098 GC heap after
Heap after GC invocations=144 (full 11):
 PSYoungGen      total 180736K, used 1632K [0x0000000795580000, 0x00000007ae000000, 0x00000007c0000000)
  eden space 178688K, 0% used [0x0000000795580000,0x0000000795580000,0x00000007a0400000)
  from space 2048K, 79% used [0x00000007adb00000,0x00000007adc98000,0x00000007add00000)
  to   space 3072K, 0% used [0x00000007add00000,0x00000007add00000,0x00000007ae000000)
 ParOldGen       total 175104K, used 29562K [0x0000000740000000, 0x000000074ab00000, 0x0000000795580000)
  object space 175104K, 16% used [0x0000000740000000,0x0000000741cdebe8,0x000000074ab00000)
 Metaspace       used 20729K, capacity 21138K, committed 21248K, reserved 1069056K
  class space    used 2402K, capacity 2516K, committed 2560K, reserved 1048576K
}
Event: 149.286 GC heap before
{Heap before GC invocations=145 (full 11):
 PSYoungGen      total 180736K, used 180320K [0x0000000795580000, 0x00000007ae000000, 0x00000007c0000000)
  eden space 178688K, 100% used [0x0000000795580000,0x00000007a0400000,0x00000007a0400000)
  from space 2048K, 79% used [0x00000007adb00000,0x00000007adc98000,0x00000007add00000)
  to   space 3072K, 0% used [0x00000007add00000,0x00000007add00000,0x00000007ae000000)
 ParOldGen       total 175104K, used 29562K [0x0000000740000000, 0x000000074ab00000, 0x0000000795580000)
  object space 175104K, 16% used [0x0000000740000000,0x0000000741cdebe8,0x000000074ab00000)
 Metaspace       used 20729K, capacity 21138K, committed 21248K, reserved 1069056K
  class space    used 2402K, capacity 2516K, committed 2560K, reserved 1048576K
Event: 149.288 GC heap after
Heap after GC invocations=145 (full 11):
 PSYoungGen      total 174080K, used 1536K [0x0000000795580000, 0x00000007ade80000, 0x00000007c0000000)
  eden space 172544K, 0% used [0x0000000795580000,0x0000000795580000,0x000000079fe00000)
  from space 1536K, 100% used [0x00000007add00000,0x00000007ade80000,0x00000007ade80000)
  to   space 3072K, 0% used [0x00000007ad880000,0x00000007ad880000,0x00000007adb80000)
 ParOldGen       total 175104K, used 29602K [0x0000000740000000, 0x000000074ab00000, 0x0000000795580000)
  object space 175104K, 16% used [0x0000000740000000,0x0000000741ce8be8,0x000000074ab00000)
 Metaspace       used 20729K, capacity 21138K, committed 21248K, reserved 1069056K
  class space    used 2402K, capacity 2516K, committed 2560K, reserved 1048576K
}
Event: 149.465 GC heap before
{Heap before GC invocations=146 (full 11):
 PSYoungGen      total 174080K, used 174080K [0x0000000795580000, 0x00000007ade80000, 0x00000007c0000000)
  eden space 172544K, 100% used [0x0000000795580000,0x000000079fe00000,0x000000079fe00000)
  from space 1536K, 100% used [0x00000007add00000,0x00000007ade80000,0x00000007ade80000)
  to   space 3072K, 0% used [0x00000007ad880000,0x00000007ad880000,0x00000007adb80000)
 ParOldGen       total 175104K, used 29602K [0x0000000740000000, 0x000000074ab00000, 0x0000000795580000)
  object space 175104K, 16% used [0x0000000740000000,0x0000000741ce8be8,0x000000074ab00000)
 Metaspace       used 20729K, capacity 21138K, committed 21248K, reserved 1069056K
  class space    used 2402K, capacity 2516K, committed 2560K, reserved 1048576K
Event: 149.467 GC heap after
Heap after GC invocations=146 (full 11):
 PSYoungGen      total 167936K, used 1216K [0x0000000795580000, 0x00000007add80000, 0x00000007c0000000)
  eden space 166400K, 0% used [0x0000000795580000,0x0000000795580000,0x000000079f800000)
  from space 1536K, 79% used [0x00000007ad880000,0x00000007ad9b0000,0x00000007ada00000)
  to   space 2560K, 0% used [0x00000007adb00000,0x00000007adb00000,0x00000007add80000)
 ParOldGen       total 175104K, used 29642K [0x0000000740000000, 0x000000074ab00000, 0x0000000795580000)
  object space 175104K, 16% used [0x0000000740000000,0x0000000741cf2be8,0x000000074ab00000)
 Metaspace       used 20729K, capacity 21138K, committed 21248K, reserved 1069056K
  class space    used 2402K, capacity 2516K, committed 2560K, reserved 1048576K
}
Event: 149.649 GC heap before
{Heap before GC invocations=147 (full 11):
 PSYoungGen      total 167936K, used 160743K [0x0000000795580000, 0x00000007add80000, 0x00000007c0000000)
  eden space 166400K, 95% used [0x0000000795580000,0x000000079f149d98,0x000000079f800000)
  from space 1536K, 79% used [0x00000007ad880000,0x00000007ad9b0000,0x00000007ada00000)
  to   space 2560K, 0% used [0x00000007adb00000,0x00000007adb00000,0x00000007add80000)
 ParOldGen       total 175104K, used 29642K [0x0000000740000000, 0x000000074ab00000, 0x0000000795580000)
  object space 175104K, 16% used [0x0000000740000000,0x0000000741cf2be8,0x000000074ab00000)
 Metaspace       used 20729K, capacity 21138K, committed 21248K, reserved 1069056K
  class space    used 2402K, capacity 2516K, committed 2560K, reserved 1048576K
Event: 149.650 GC heap after
Heap after GC invocations=147 (full 11):
 PSYoungGen      total 167424K, used 992K [0x0000000795580000, 0x00000007adc00000, 0x00000007c0000000)
  eden space 166400K, 0% used [0x0000000795580000,0x0000000795580000,0x000000079f800000)
  from space 1024K, 96% used [0x00000007adb00000,0x00000007adbf8000,0x00000007adc00000)
  to   space 2560K, 0% used [0x00000007ad700000,0x00000007ad700000,0x00000007ad980000)
 ParOldGen       total 175104K, used 29738K [0x0000000740000000, 0x000000074ab00000, 0x0000000795580000)
  object space 175104K, 16% used [0x0000000740000000,0x0000000741d0abe8,0x000000074ab00000)
 Metaspace       used 20729K, capacity 21138K, committed 21248K, reserved 1069056K
  class space    used 2402K, capacity 2516K, committed 2560K, reserved 1048576K
}
Event: 149.650 GC heap before
{Heap before GC invocations=148 (full 12):
 PSYoungGen      total 167424K, used 992K [0x0000000795580000, 0x00000007adc00000, 0x00000007c0000000)
  eden space 166400K, 0% used [0x0000000795580000,0x0000000795580000,0x000000079f800000)
  from space 1024K, 96% used [0x00000007adb00000,0x00000007adbf8000,0x00000007adc00000)
  to   space 2560K, 0% used [0x00000007ad700000,0x00000007ad700000,0x00000007ad980000)
 ParOldGen       total 175104K, used 29738K [0x0000000740000000, 0x000000074ab00000, 0x0000000795580000)
  object space 175104K, 16% used [0x0000000740000000,0x0000000741d0abe8,0x000000074ab00000)
 Metaspace       used 20729K, capacity 21138K, committed 21248K, reserved 1069056K
  class space    used 2402K, capacity 2516K, committed 2560K, reserved 1048576K
Event: 149.698 GC heap after
Heap after GC invocations=148 (full 12):
 PSYoungGen      total 167424K, used 0K [0x0000000795580000, 0x00000007adc00000, 0x00000007c0000000)
  eden space 166400K, 0% used [0x0000000795580000,0x0000000795580000,0x000000079f800000)
  from space 1024K, 0% used [0x00000007adb00000,0x00000007adb00000,0x00000007adc00000)
  to   space 2560K, 0% used [0x00000007ad700000,0x00000007ad700000,0x00000007ad980000)
 ParOldGen       total 175104K, used 23867K [0x0000000740000000, 0x000000074ab00000, 0x0000000795580000)
  object space 175104K, 13% used [0x0000000740000000,0x000000074174ecc8,0x000000074ab00000)
 Metaspace       used 20729K, capacity 21138K, committed 21248K, reserved 1069056K
  class space    used 2402K, capacity 2516K, committed 2560K, reserved 1048576K
}

Deoptimization events (10 events):
Event: 76.374 Thread 0x00007f815c890800 Uncommon trap: reason=unstable_if action=reinterpret pc=0x00000001110a28f0 method=java.lang.Long.toString(J)Ljava/lang/String; @ 14
Event: 76.374 Thread 0x00007f815c890800 Uncommon trap: reason=unstable_if action=reinterpret pc=0x0000000111183274 method=java.lang.Long.getChars(JI[C)V @ 9
Event: 76.374 Thread 0x00007f815c890800 Uncommon trap: reason=unstable_if action=reinterpret pc=0x000000011066c924 method=java.math.BigDecimal.valueOf(J)Ljava/math/BigDecimal; @ 3
Event: 76.381 Thread 0x00007f815c890800 Uncommon trap: reason=unstable_if action=reinterpret pc=0x0000000110a9eb30 method=java.math.BigDecimal.valueOf(J)Ljava/math/BigDecimal; @ 3
Event: 76.381 Thread 0x00007f815c890800 Uncommon trap: reason=unstable_if action=reinterpret pc=0x0000000110d63a54 method=java.math.BigDecimal.valueOf(J)Ljava/math/BigDecimal; @ 3
Event: 110.548 Thread 0x00007f815c890800 Uncommon trap: reason=unstable_if action=reinterpret pc=0x0000000110bc32e8 method=java.lang.String.indexOf([CII[CIII)I @ 19
Event: 110.548 Thread 0x00007f815c890800 Uncommon trap: reason=unstable_if action=reinterpret pc=0x000000011074fc50 method=java.lang.String.indexOf([CII[CIII)I @ 19
Event: 110.569 Thread 0x00007f815c890800 Uncommon trap: reason=unstable_if action=reinterpret pc=0x0000000110679b4c method=java.lang.String.indexOf([CII[CIII)I @ 19
Event: 110.569 Thread 0x00007f815c890800 Uncommon trap: reason=unstable_if action=reinterpret pc=0x00000001105b2854 method=java.lang.String.indexOf([CII[CIII)I @ 134
Event: 130.527 Thread 0x00007f815c890800 Uncommon trap: reason=bimorphic action=maybe_recompile pc=0x0000000110833284 method=java.util.HashMap.putVal(ILjava/lang/Object;Ljava/lang/Object;ZZ)Ljava/lang/Object; @ 91

Internal exceptions (10 events):
Event: 35.704 Thread 0x00007f815c890800 Exception <a 'java/io/FileNotFoundException'> (0x0000000799b6d640) thrown at [/Users/java_re/workspace/8-2-build-macosx-x86_64/jdk8u121/8372/hotspot/src/share/vm/prims/jni.cpp, line 709]
Event: 44.278 Thread 0x00007f815c890800 Exception <a 'java/io/FileNotFoundException'> (0x0000000799ccb7f0) thrown at [/Users/java_re/workspace/8-2-build-macosx-x86_64/jdk8u121/8372/hotspot/src/share/vm/prims/jni.cpp, line 709]
Event: 47.329 Thread 0x00007f815c890800 Implicit null exception at 0x00000001108b9383 to 0x00000001108bc9a1
Event: 52.872 Thread 0x00007f815c890800 Exception <a 'java/io/FileNotFoundException'> (0x000000079a0c5678) thrown at [/Users/java_re/workspace/8-2-build-macosx-x86_64/jdk8u121/8372/hotspot/src/share/vm/prims/jni.cpp, line 709]
Event: 64.617 Thread 0x00007f815c890800 Exception <a 'java/io/FileNotFoundException'> (0x00000007a26ac7d8) thrown at [/Users/java_re/workspace/8-2-build-macosx-x86_64/jdk8u121/8372/hotspot/src/share/vm/prims/jni.cpp, line 709]
Event: 76.203 Thread 0x00007f815c890800 Exception <a 'java/io/FileNotFoundException'> (0x0000000796c88008) thrown at [/Users/java_re/workspace/8-2-build-macosx-x86_64/jdk8u121/8372/hotspot/src/share/vm/prims/jni.cpp, line 709]
Event: 87.647 Thread 0x00007f815c890800 Exception <a 'java/io/FileNotFoundException'> (0x000000079954f658) thrown at [/Users/java_re/workspace/8-2-build-macosx-x86_64/jdk8u121/8372/hotspot/src/share/vm/prims/jni.cpp, line 709]
Event: 107.643 Thread 0x00007f815c890800 Exception <a 'java/io/FileNotFoundException'> (0x000000079a8e7c50) thrown at [/Users/java_re/workspace/8-2-build-macosx-x86_64/jdk8u121/8372/hotspot/src/share/vm/prims/jni.cpp, line 709]
Event: 127.892 Thread 0x00007f815c890800 Exception <a 'java/io/FileNotFoundException'> (0x00000007a05152c8) thrown at [/Users/java_re/workspace/8-2-build-macosx-x86_64/jdk8u121/8372/hotspot/src/share/vm/prims/jni.cpp, line 709]
Event: 147.178 Thread 0x00007f815c890800 Exception <a 'java/io/FileNotFoundException'> (0x0000000797e70cb8) thrown at [/Users/java_re/workspace/8-2-build-macosx-x86_64/jdk8u121/8372/hotspot/src/share/vm/prims/jni.cpp, line 709]

Events (10 events):
Event: 149.646 loading class org/openxmlformats/schemas/spreadsheetml/_2006/main/WorkbookViewDescriptor
Event: 149.646 loading class org/openxmlformats/schemas/spreadsheetml/_2006/main/WorkbookViewDescriptor done
Event: 149.646 loading class org/openxmlformats/schemas/spreadsheetml/_2006/main/SheetsDescriptor
Event: 149.646 loading class org/openxmlformats/schemas/spreadsheetml/_2006/main/SheetsDescriptor done
Event: 149.647 loading class org/openxmlformats/schemas/spreadsheetml/_2006/main/SheetDescriptor
Event: 149.647 loading class org/openxmlformats/schemas/spreadsheetml/_2006/main/SheetDescriptor done
Event: 149.647 loading class org/openxmlformats/schemas/spreadsheetml/_2006/main/CalcPrDescriptor
Event: 149.647 loading class org/openxmlformats/schemas/spreadsheetml/_2006/main/CalcPrDescriptor done
Event: 149.649 Executing VM operation: ParallelGCSystemGC
Event: 149.698 Executing VM operation: ParallelGCSystemGC done


Dynamic libraries:
0x0000000021ee7000 	/System/Library/Frameworks/CoreFoundation.framework/Versions/A/CoreFoundation
0x0000000021ee7000 	/System/Library/Frameworks/IOKit.framework/Versions/A/IOKit
0x0000000021ee7000 	/usr/lib/libstdc++.6.0.9.dylib
0x000000010217e000 	/Applications/IBM/SPSS/Statistics/25/SPSSStatistics.app/Contents/lib/libtempdir.dylib
0x00000001021a4000 	/Applications/IBM/SPSS/Statistics/25/SPSSStatistics.app/Contents/lib/libspssxd.dylib
0x0000000102455000 	/Applications/IBM/SPSS/Statistics/25/SPSSStatistics.app/Contents/lib/libspssdxcom.dylib
0x000000010249c000 	/Applications/IBM/SPSS/Statistics/25/SPSSStatistics.app/Contents/common/ext/bin/spss.common/libscorelib850r.dylib
0x00000001025a0000 	/Applications/IBM/SPSS/Statistics/25/SPSSStatistics.app/Contents/common/ext/bin/spss.common/libGeneralRegressionModel850r.dylib
0x000000010261b000 	/Applications/IBM/SPSS/Statistics/25/SPSSStatistics.app/Contents/common/ext/bin/spss.common/libdiscriminant-model850r.dylib
0x0000000021ee7000 	/usr/lib/libSystem.B.dylib
0x0000000021ee7000 	/usr/lib/libDiagnosticMessagesClient.dylib
0x0000000021ee7000 	/usr/lib/libicucore.A.dylib
0x0000000021ee7000 	/usr/lib/libobjc.A.dylib
0x0000000021ee7000 	/usr/lib/libz.1.dylib
0x0000000021ee7000 	/usr/lib/system/libcache.dylib
0x0000000021ee7000 	/usr/lib/system/libcommonCrypto.dylib
0x0000000021ee7000 	/usr/lib/system/libcompiler_rt.dylib
0x0000000021ee7000 	/usr/lib/system/libcopyfile.dylib
0x0000000021ee7000 	/usr/lib/system/libcorecrypto.dylib
0x0000000021ee7000 	/usr/lib/system/libdispatch.dylib
0x0000000021ee7000 	/usr/lib/system/libdyld.dylib
0x0000000021ee7000 	/usr/lib/system/libkeymgr.dylib
0x0000000021ee7000 	/usr/lib/system/liblaunch.dylib
0x0000000021ee7000 	/usr/lib/system/libmacho.dylib
0x0000000021ee7000 	/usr/lib/system/libquarantine.dylib
0x0000000021ee7000 	/usr/lib/system/libremovefile.dylib
0x0000000021ee7000 	/usr/lib/system/libsystem_asl.dylib
0x0000000021ee7000 	/usr/lib/system/libsystem_blocks.dylib
0x0000000021ee7000 	/usr/lib/system/libsystem_c.dylib
0x0000000021ee7000 	/usr/lib/system/libsystem_configuration.dylib
0x0000000021ee7000 	/usr/lib/system/libsystem_coreservices.dylib
0x0000000021ee7000 	/usr/lib/system/libsystem_darwin.dylib
0x0000000021ee7000 	/usr/lib/system/libsystem_dnssd.dylib
0x0000000021ee7000 	/usr/lib/system/libsystem_info.dylib
0x0000000021ee7000 	/usr/lib/system/libsystem_m.dylib
0x0000000021ee7000 	/usr/lib/system/libsystem_malloc.dylib
0x0000000021ee7000 	/usr/lib/system/libsystem_network.dylib
0x0000000021ee7000 	/usr/lib/system/libsystem_networkextension.dylib
0x0000000021ee7000 	/usr/lib/system/libsystem_notify.dylib
0x0000000021ee7000 	/usr/lib/system/libsystem_sandbox.dylib
0x0000000021ee7000 	/usr/lib/system/libsystem_secinit.dylib
0x0000000021ee7000 	/usr/lib/system/libsystem_kernel.dylib
0x0000000021ee7000 	/usr/lib/system/libsystem_platform.dylib
0x0000000021ee7000 	/usr/lib/system/libsystem_pthread.dylib
0x0000000021ee7000 	/usr/lib/system/libsystem_symptoms.dylib
0x0000000021ee7000 	/usr/lib/system/libsystem_trace.dylib
0x0000000021ee7000 	/usr/lib/system/libunwind.dylib
0x0000000021ee7000 	/usr/lib/system/libxpc.dylib
0x0000000021ee7000 	/usr/lib/closure/libclosured.dylib
0x0000000021ee7000 	/usr/lib/libc++abi.dylib
0x0000000021ee7000 	/usr/lib/libc++.1.dylib
0x0000000021ee7000 	/usr/lib/libenergytrace.dylib
0x0000000021ee7000 	/usr/lib/libbsm.0.dylib
0x0000000021ee7000 	/usr/lib/system/libkxld.dylib
0x000000010263f000 	/Applications/IBM/SPSS/Statistics/25/SPSSStatistics.app/Contents/lib/libifcoremt.dylib
0x00000001027b7000 	/Applications/IBM/SPSS/Statistics/25/SPSSStatistics.app/Contents/lib/libimf.dylib
0x0000000102ad6000 	/Applications/IBM/SPSS/Statistics/25/SPSSStatistics.app/Contents/lib/libsvml.dylib
0x00000001035d3000 	/Applications/IBM/SPSS/Statistics/25/SPSSStatistics.app/Contents/lib/libintlc.dylib
0x0000000103624000 	/Applications/IBM/SPSS/Statistics/25/SPSSStatistics.app/Contents/lib/libplatdep.dylib
0x0000000103671000 	/Applications/IBM/SPSS/Statistics/25/SPSSStatistics.app/Contents/lib/libgsk8iccs.dylib
0x00000001036e7000 	/Applications/IBM/SPSS/Statistics/25/SPSSStatistics.app/Contents/lib/libsockbsd.dylib
0x00000001036f6000 	/Applications/IBM/SPSS/Statistics/25/SPSSStatistics.app/Contents/lib/libsfthread.dylib
0x000000010370c000 	/Applications/IBM/SPSS/Statistics/25/SPSSStatistics.app/Contents/lib/libvserial.dylib
0x0000000103726000 	/Applications/IBM/SPSS/Statistics/25/SPSSStatistics.app/Contents/lib/libvutility.dylib
0x000000010372e000 	/Applications/IBM/SPSS/Statistics/25/SPSSStatistics.app/Contents/lib/libicuuc.51.2.dylib
0x000000010390a000 	/Applications/IBM/SPSS/Statistics/25/SPSSStatistics.app/Contents/lib/libicui18n.51.2.dylib
0x0000000103bdb000 	/Applications/IBM/SPSS/Statistics/25/SPSSStatistics.app/Contents/lib/libxerces-c-3.1.dylib
0x0000000104064000 	/Applications/IBM/SPSS/Statistics/25/SPSSStatistics.app/Contents/lib/libicudata.51.2.dylib
0x00000001055b0000 	/Applications/IBM/SPSS/Statistics/25/SPSSStatistics.app/Contents/lib/libspsswlib.dylib
0x000000010219d000 	/Applications/IBM/SPSS/Statistics/25/SPSSStatistics.app/Contents/lib/libcpuinfo.dylib
0x0000000107974000 	/Applications/IBM/SPSS/Statistics/25/SPSSStatistics.app/Contents/lib/libomcell.dylib
0x0000000107997000 	/Applications/IBM/SPSS/Statistics/25/SPSSStatistics.app/Contents/lib/libomfactry.dylib
0x0000000107a3d000 	/Applications/IBM/SPSS/Statistics/25/SPSSStatistics.app/Contents/lib/libomtree.dylib
0x0000000107a78000 	/Applications/IBM/SPSS/Statistics/25/SPSSStatistics.app/Contents/lib/libomxxml.dylib
0x0000000103fb4000 	/Applications/IBM/SPSS/Statistics/25/SPSSStatistics.app/Contents/lib/libomxsav.dylib
0x0000000107ab2000 	/Applications/IBM/SPSS/Statistics/25/SPSSStatistics.app/Contents/lib/libomxhtml.dylib
0x0000000107ad7000 	/Applications/IBM/SPSS/Statistics/25/SPSSStatistics.app/Contents/lib/libomxtext.dylib
0x0000000107afa000 	/Applications/IBM/SPSS/Statistics/25/SPSSStatistics.app/Contents/lib/libomxspv.dylib
0x000000010244e000 	/Applications/IBM/SPSS/Statistics/25/SPSSStatistics.app/Contents/lib/libspssjni.dylib
0x0000000107b02000 	/Applications/IBM/SPSS/Statistics/25/SPSSStatistics.app/Contents/lib/libspssjvm.dylib
0x0000000107b0f000 	/Applications/IBM/SPSS/Statistics/25/SPSSStatistics.app/Contents/lib/libvizedit.dylib
0x0000000107b2e000 	/Applications/IBM/SPSS/Statistics/25/SPSSStatistics.app/Contents/lib/libtransspc.dylib
0x0000000107b5b000 	/Applications/IBM/SPSS/Statistics/25/SPSSStatistics.app/Contents/lib/libdedstore.dylib
0x0000000107b76000 	/Applications/IBM/SPSS/Statistics/25/SPSSStatistics.app/Contents/lib/libsvrdmgr.dylib
0x0000000107b97000 	/Applications/IBM/SPSS/Statistics/25/SPSSStatistics.app/Contents/lib/libdatasrc.dylib
0x0000000107c3b000 	/Applications/IBM/SPSS/Statistics/25/SPSSStatistics.app/Contents/lib/libsvrerrs.dylib
0x0000000107c43000 	/Applications/IBM/SPSS/Statistics/25/SPSSStatistics.app/Contents/lib/libspssdemg.dylib
0x0000000107c89000 	/Applications/IBM/SPSS/Statistics/25/SPSSStatistics.app/Contents/lib/libcpputil.dylib
0x0000000107cc4000 	/Applications/IBM/SPSS/Statistics/25/SPSSStatistics.app/Contents/lib/libstrtable.dylib
0x00000000cfcd4000 	/Applications/IBM/SPSS/Statistics/25/SPSSStatistics.app/Contents/lib/libxalan-c.111.0.dylib
0x000000010831e000 	/Applications/IBM/SPSS/Statistics/25/SPSSStatistics.app/Contents/lib/libchartutl.dylib
0x0000000102614000 	/Applications/IBM/SPSS/Statistics/25/SPSSStatistics.app/Contents/lib/libspssmsgs.dylib
0x0000000108429000 	/Applications/IBM/SPSS/Statistics/25/SPSSStatistics.app/Contents/lib/libvizchart.dylib
0x000000010864c000 	/Applications/IBM/SPSS/Statistics/25/SPSSStatistics.app/Contents/lib/libzlib1211spss.dylib
0x000000010867e000 	/Applications/IBM/SPSS/Statistics/25/SPSSStatistics.app/Contents/lib/libindutil.dylib
0x00000000c868a000 	/Applications/IBM/SPSS/Statistics/25/SPSSStatistics.app/Contents/lib/libxalanMsg.111.0.dylib
0x0000000108697000 	/Applications/IBM/SPSS/Statistics/25/SPSSStatistics.app/Contents/lib/libspssiocv.dylib
0x00000001021a0000 	/Applications/IBM/SPSS/Statistics/25/SPSSStatistics.app/Contents/lib/libreadonly.dylib
0x00000001035cc000 	/Applications/IBM/SPSS/Statistics/25/SPSSStatistics.app/Contents/lib/libtmsutil.dylib
0x00000001086cc000 	/Applications/IBM/SPSS/Statistics/25/SPSSStatistics.app/Contents/lib/libcvtrans.dylib
0x000000006870d000 	/Applications/IBM/SPSS/Statistics/25/SPSSStatistics.app/Contents/Library/Frameworks/Sentinel.framework/Versions/A/Sentinel
0x0000000108725000 	/Applications/IBM/SPSS/Statistics/25/SPSSStatistics.app/Contents/Library/Frameworks/SuperPro.framework/Versions/A/SuperPro
0x000000010361e000 	/Applications/IBM/SPSS/Statistics/25/SPSSStatistics.app/Contents/lib/libcmddata.dylib
0x000000010873b000 	/Applications/IBM/SPSS/Statistics/25/SPSSStatistics.app/Contents/lib/libmcbstsps.dylib
0x0000000021ee7000 	/usr/lib/libiconv.2.dylib
0x0000000021ee7000 	/System/Library/Frameworks/CoreServices.framework/Versions/A/CoreServices
0x0000000021ee7000 	/System/Library/Frameworks/CFNetwork.framework/Versions/A/CFNetwork
0x0000000021ee7000 	/System/Library/Frameworks/CoreServices.framework/Versions/A/Frameworks/FSEvents.framework/Versions/A/FSEvents
0x0000000021ee7000 	/System/Library/Frameworks/CoreServices.framework/Versions/A/Frameworks/CarbonCore.framework/Versions/A/CarbonCore
0x0000000021ee7000 	/System/Library/Frameworks/CoreServices.framework/Versions/A/Frameworks/Metadata.framework/Versions/A/Metadata
0x0000000021ee7000 	/System/Library/Frameworks/CoreServices.framework/Versions/A/Frameworks/OSServices.framework/Versions/A/OSServices
0x0000000021ee7000 	/System/Library/Frameworks/CoreServices.framework/Versions/A/Frameworks/SearchKit.framework/Versions/A/SearchKit
0x0000000021ee7000 	/System/Library/Frameworks/CoreServices.framework/Versions/A/Frameworks/AE.framework/Versions/A/AE
0x0000000021ee7000 	/System/Library/Frameworks/CoreServices.framework/Versions/A/Frameworks/LaunchServices.framework/Versions/A/LaunchServices
0x0000000021ee7000 	/System/Library/Frameworks/CoreServices.framework/Versions/A/Frameworks/DictionaryServices.framework/Versions/A/DictionaryServices
0x0000000021ee7000 	/System/Library/Frameworks/CoreServices.framework/Versions/A/Frameworks/SharedFileList.framework/Versions/A/SharedFileList
0x0000000021ee7000 	/usr/lib/libauto.dylib
0x0000000021ee7000 	/System/Library/Frameworks/SystemConfiguration.framework/Versions/A/SystemConfiguration
0x0000000021ee7000 	/System/Library/Frameworks/Security.framework/Versions/A/Security
0x0000000021ee7000 	/usr/lib/libsqlite3.dylib
0x0000000021ee7000 	/usr/lib/libxml2.2.dylib
0x0000000021ee7000 	/usr/lib/libnetwork.dylib
0x0000000021ee7000 	/usr/lib/libapple_nghttp2.dylib
0x0000000021ee7000 	/usr/lib/libpcap.A.dylib
0x0000000021ee7000 	/usr/lib/libboringssl.dylib
0x0000000021ee7000 	/usr/lib/libusrtcp.dylib
0x0000000021ee7000 	/usr/lib/libcoretls.dylib
0x0000000021ee7000 	/usr/lib/libcoretls_cfhelpers.dylib
0x0000000021ee7000 	/usr/lib/libapple_crypto.dylib
0x0000000021ee7000 	/System/Library/Frameworks/Foundation.framework/Versions/C/Foundation
0x0000000021ee7000 	/usr/lib/libOpenScriptingUtil.dylib
0x0000000021ee7000 	/usr/lib/libpam.2.dylib
0x0000000021ee7000 	/usr/lib/libxar.1.dylib
0x0000000021ee7000 	/System/Library/Frameworks/DiskArbitration.framework/Versions/A/DiskArbitration
0x0000000021ee7000 	/usr/lib/libarchive.2.dylib
0x0000000021ee7000 	/usr/lib/liblangid.dylib
0x0000000021ee7000 	/usr/lib/libCRFSuite.dylib
0x0000000021ee7000 	/usr/lib/libbz2.1.0.dylib
0x0000000021ee7000 	/usr/lib/liblzma.5.dylib
0x0000000021ee7000 	/System/Library/Frameworks/NetFS.framework/Versions/A/NetFS
0x0000000021ee7000 	/System/Library/PrivateFrameworks/NetAuth.framework/Versions/A/NetAuth
0x0000000021ee7000 	/System/Library/PrivateFrameworks/login.framework/Versions/A/Frameworks/loginsupport.framework/Versions/A/loginsupport
0x0000000021ee7000 	/System/Library/PrivateFrameworks/TCC.framework/Versions/A/TCC
0x0000000021ee7000 	/usr/lib/libmecabra.dylib
0x0000000021ee7000 	/System/Library/Frameworks/ApplicationServices.framework/Versions/A/ApplicationServices
0x0000000021ee7000 	/System/Library/Frameworks/CoreGraphics.framework/Versions/A/CoreGraphics
0x0000000021ee7000 	/System/Library/Frameworks/CoreText.framework/Versions/A/CoreText
0x0000000021ee7000 	/System/Library/Frameworks/ImageIO.framework/Versions/A/ImageIO
0x0000000021ee7000 	/System/Library/Frameworks/ColorSync.framework/Versions/A/ColorSync
0x0000000021ee7000 	/System/Library/Frameworks/ApplicationServices.framework/Versions/A/Frameworks/ATS.framework/Versions/A/ATS
0x0000000021ee7000 	/System/Library/Frameworks/ApplicationServices.framework/Versions/A/Frameworks/ColorSyncLegacy.framework/Versions/A/ColorSyncLegacy
0x0000000021ee7000 	/System/Library/Frameworks/ApplicationServices.framework/Versions/A/Frameworks/HIServices.framework/Versions/A/HIServices
0x0000000021ee7000 	/System/Library/Frameworks/ApplicationServices.framework/Versions/A/Frameworks/LangAnalysis.framework/Versions/A/LangAnalysis
0x0000000021ee7000 	/System/Library/Frameworks/ApplicationServices.framework/Versions/A/Frameworks/PrintCore.framework/Versions/A/PrintCore
0x0000000021ee7000 	/System/Library/Frameworks/ApplicationServices.framework/Versions/A/Frameworks/QD.framework/Versions/A/QD
0x0000000021ee7000 	/System/Library/Frameworks/ApplicationServices.framework/Versions/A/Frameworks/SpeechSynthesis.framework/Versions/A/SpeechSynthesis
0x0000000021ee7000 	/System/Library/PrivateFrameworks/SkyLight.framework/Versions/A/SkyLight
0x0000000021ee7000 	/System/Library/Frameworks/Accelerate.framework/Versions/A/Accelerate
0x0000000021ee7000 	/System/Library/Frameworks/CoreDisplay.framework/Versions/A/CoreDisplay
0x0000000021ee7000 	/System/Library/Frameworks/IOSurface.framework/Versions/A/IOSurface
0x0000000021ee7000 	/System/Library/Frameworks/Metal.framework/Versions/A/Metal
0x0000000021ee7000 	/System/Library/PrivateFrameworks/MultitouchSupport.framework/Versions/A/MultitouchSupport
0x0000000021ee7000 	/System/Library/Frameworks/QuartzCore.framework/Versions/A/QuartzCore
0x0000000021ee7000 	/System/Library/Frameworks/Accelerate.framework/Versions/A/Frameworks/vImage.framework/Versions/A/vImage
0x0000000021ee7000 	/System/Library/Frameworks/Accelerate.framework/Versions/A/Frameworks/vecLib.framework/Versions/A/vecLib
0x0000000021ee7000 	/System/Library/Frameworks/Accelerate.framework/Versions/A/Frameworks/vecLib.framework/Versions/A/libvDSP.dylib
0x0000000021ee7000 	/System/Library/Frameworks/Accelerate.framework/Versions/A/Frameworks/vecLib.framework/Versions/A/libBNNS.dylib
0x0000000021ee7000 	/System/Library/Frameworks/Accelerate.framework/Versions/A/Frameworks/vecLib.framework/Versions/A/libQuadrature.dylib
0x0000000021ee7000 	/System/Library/Frameworks/Accelerate.framework/Versions/A/Frameworks/vecLib.framework/Versions/A/libvMisc.dylib
0x0000000021ee7000 	/System/Library/Frameworks/Accelerate.framework/Versions/A/Frameworks/vecLib.framework/Versions/A/libLAPACK.dylib
0x0000000021ee7000 	/System/Library/Frameworks/Accelerate.framework/Versions/A/Frameworks/vecLib.framework/Versions/A/libBLAS.dylib
0x0000000021ee7000 	/System/Library/Frameworks/Accelerate.framework/Versions/A/Frameworks/vecLib.framework/Versions/A/libLinearAlgebra.dylib
0x0000000021ee7000 	/System/Library/Frameworks/Accelerate.framework/Versions/A/Frameworks/vecLib.framework/Versions/A/libSparse.dylib
0x0000000021ee7000 	/System/Library/Frameworks/Accelerate.framework/Versions/A/Frameworks/vecLib.framework/Versions/A/libSparseBLAS.dylib
0x0000000021ee7000 	/System/Library/PrivateFrameworks/IOAccelerator.framework/Versions/A/IOAccelerator
0x0000000021ee7000 	/System/Library/PrivateFrameworks/IOPresentment.framework/Versions/A/IOPresentment
0x0000000021ee7000 	/System/Library/PrivateFrameworks/DSExternalDisplay.framework/Versions/A/DSExternalDisplay
0x0000000021ee7000 	/System/Library/Frameworks/OpenGL.framework/Versions/A/Libraries/libCoreFSCache.dylib
0x0000000021ee7000 	/System/Library/Frameworks/CoreImage.framework/Versions/A/CoreImage
0x0000000021ee7000 	/System/Library/Frameworks/CoreVideo.framework/Versions/A/CoreVideo
0x0000000021ee7000 	/System/Library/Frameworks/OpenGL.framework/Versions/A/OpenGL
0x0000000021ee7000 	/System/Library/PrivateFrameworks/GraphVisualizer.framework/Versions/A/GraphVisualizer
0x0000000021ee7000 	/System/Library/Frameworks/MetalPerformanceShaders.framework/Versions/A/MetalPerformanceShaders
0x0000000021ee7000 	/usr/lib/libFosl_dynamic.dylib
0x0000000021ee7000 	/System/Library/PrivateFrameworks/FaceCore.framework/Versions/A/FaceCore
0x0000000021ee7000 	/System/Library/Frameworks/OpenCL.framework/Versions/A/OpenCL
0x0000000021ee7000 	/usr/lib/libcompression.dylib
0x0000000021ee7000 	/System/Library/Frameworks/ApplicationServices.framework/Versions/A/Frameworks/ATS.framework/Versions/A/Resources/libFontParser.dylib
0x0000000021ee7000 	/System/Library/Frameworks/ApplicationServices.framework/Versions/A/Frameworks/ATS.framework/Versions/A/Resources/libFontRegistry.dylib
0x0000000021ee7000 	/System/Library/Frameworks/ImageIO.framework/Versions/A/Resources/libJPEG.dylib
0x0000000021ee7000 	/System/Library/Frameworks/ImageIO.framework/Versions/A/Resources/libTIFF.dylib
0x0000000021ee7000 	/System/Library/Frameworks/ImageIO.framework/Versions/A/Resources/libPng.dylib
0x0000000021ee7000 	/System/Library/Frameworks/ImageIO.framework/Versions/A/Resources/libGIF.dylib
0x0000000021ee7000 	/System/Library/Frameworks/ImageIO.framework/Versions/A/Resources/libJP2.dylib
0x0000000021ee7000 	/System/Library/Frameworks/ImageIO.framework/Versions/A/Resources/libRadiance.dylib
0x0000000021ee7000 	/System/Library/PrivateFrameworks/AppleJPEG.framework/Versions/A/AppleJPEG
0x0000000021ee7000 	/System/Library/PrivateFrameworks/MetalTools.framework/Versions/A/MetalTools
0x0000000021ee7000 	/System/Library/Frameworks/MetalPerformanceShaders.framework/Frameworks/MPSCore.framework/Versions/A/MPSCore
0x0000000021ee7000 	/System/Library/Frameworks/MetalPerformanceShaders.framework/Frameworks/MPSImage.framework/Versions/A/MPSImage
0x0000000021ee7000 	/System/Library/Frameworks/MetalPerformanceShaders.framework/Frameworks/MPSMatrix.framework/Versions/A/MPSMatrix
0x0000000021ee7000 	/System/Library/Frameworks/MetalPerformanceShaders.framework/Frameworks/MPSNeuralNetwork.framework/Versions/A/MPSNeuralNetwork
0x0000000021ee7000 	/System/Library/Frameworks/OpenGL.framework/Versions/A/Libraries/libGLU.dylib
0x0000000021ee7000 	/System/Library/Frameworks/OpenGL.framework/Versions/A/Libraries/libGFXShared.dylib
0x0000000021ee7000 	/System/Library/Frameworks/OpenGL.framework/Versions/A/Libraries/libGL.dylib
0x0000000021ee7000 	/System/Library/Frameworks/OpenGL.framework/Versions/A/Libraries/libGLImage.dylib
0x0000000021ee7000 	/System/Library/Frameworks/OpenGL.framework/Versions/A/Libraries/libCVMSPluginSupport.dylib
0x0000000021ee7000 	/System/Library/Frameworks/OpenGL.framework/Versions/A/Libraries/libCoreVMClient.dylib
0x0000000021ee7000 	/usr/lib/libcups.2.dylib
0x0000000021ee7000 	/System/Library/Frameworks/Kerberos.framework/Versions/A/Kerberos
0x0000000021ee7000 	/System/Library/Frameworks/GSS.framework/Versions/A/GSS
0x0000000021ee7000 	/usr/lib/libresolv.9.dylib
0x0000000021ee7000 	/System/Library/PrivateFrameworks/Heimdal.framework/Versions/A/Heimdal
0x0000000021ee7000 	/usr/lib/libheimdal-asn1.dylib
0x0000000021ee7000 	/System/Library/Frameworks/OpenDirectory.framework/Versions/A/OpenDirectory
0x0000000021ee7000 	/System/Library/PrivateFrameworks/CommonAuth.framework/Versions/A/CommonAuth
0x0000000021ee7000 	/System/Library/Frameworks/OpenDirectory.framework/Versions/A/Frameworks/CFOpenDirectory.framework/Versions/A/CFOpenDirectory
0x0000000021ee7000 	/System/Library/Frameworks/SecurityFoundation.framework/Versions/A/SecurityFoundation
0x0000000021ee7000 	/System/Library/PrivateFrameworks/APFS.framework/Versions/A/APFS
0x0000000021ee7000 	/usr/lib/libutil.dylib
0x0000000021ee7000 	/System/Library/Frameworks/CoreAudio.framework/Versions/A/CoreAudio
0x0000000021ee7000 	/System/Library/Frameworks/AudioToolbox.framework/Versions/A/AudioToolbox
0x0000000021ee7000 	/System/Library/PrivateFrameworks/AppleSauce.framework/Versions/A/AppleSauce
0x0000000021ee7000 	/System/Library/PrivateFrameworks/LinguisticData.framework/Versions/A/LinguisticData
0x0000000021ee7000 	/usr/lib/libmarisa.dylib
0x0000000021ee7000 	/System/Library/PrivateFrameworks/Lexicon.framework/Versions/A/Lexicon
0x0000000021ee7000 	/usr/lib/libChineseTokenizer.dylib
0x0000000021ee7000 	/usr/lib/libcmph.dylib
0x0000000021ee7000 	/System/Library/PrivateFrameworks/LanguageModeling.framework/Versions/A/LanguageModeling
0x0000000021ee7000 	/System/Library/Frameworks/CoreData.framework/Versions/A/CoreData
0x0000000021ee7000 	/System/Library/PrivateFrameworks/CoreEmoji.framework/Versions/A/CoreEmoji
0x0000000021ee7000 	/System/Library/Frameworks/ServiceManagement.framework/Versions/A/ServiceManagement
0x0000000021ee7000 	/System/Library/PrivateFrameworks/BackgroundTaskManagement.framework/Versions/A/BackgroundTaskManagement
0x0000000021ee7000 	/usr/lib/libxslt.1.dylib
0x0000000108743000 	/Applications/IBM/SPSS/Statistics/25/SPSSStatistics.app/Contents/lib/libdatastr.dylib
0x000000010875f000 	/Applications/IBM/SPSS/Statistics/25/SPSSStatistics.app/Contents/lib/libstacrypt.dylib
0x000000010876c000 	/Applications/IBM/SPSS/Statistics/25/SPSSStatistics.app/Contents/lib/libmccomsps.dylib
0x000000010886f000 	/Applications/IBM/SPSS/Statistics/25/SPSSStatistics.app/Contents/lib/libspsspool.dylib
0x00000001088a9000 	/Applications/IBM/SPSS/Statistics/25/SPSSStatistics.app/Contents/lib/libxchart.dylib
0x000000010892d000 	/Applications/IBM/SPSS/Statistics/25/SPSSStatistics.app/Contents/lib/libviewerxml.dylib
0x000000010b3c7000 	/Applications/IBM/SPSS/Statistics/25/SPSSStatistics.app/Contents/lib/libspsswctl.dylib
0x000000010b4db000 	/Applications/IBM/SPSS/Statistics/25/SPSSStatistics.app/Contents/lib/libuparser.dylib
0x000000010b548000 	/Applications/IBM/SPSS/Statistics/25/SPSSStatistics.app/Contents/lib/libspssdx.dylib
0x000000010b574000 	/Applications/IBM/SPSS/Statistics/25/SPSSStatistics.app/Contents/lib/libomsopmgr.dylib
0x000000010b59b000 	/Applications/IBM/SPSS/Statistics/25/SPSSStatistics.app/Contents/lib/libspsswcis.dylib
0x000000010b6cc000 	/Applications/IBM/SPSS/Statistics/25/SPSSStatistics.app/Contents/lib/libspsswmsg.dylib
0x000000010b6f4000 	/Applications/IBM/SPSS/Statistics/25/SPSSStatistics.app/Contents/lib/libuadapter.dylib
0x000000010b729000 	/Applications/IBM/SPSS/Statistics/25/SPSSStatistics.app/Contents/lib/libspssclef.dylib
0x000000010b76d000 	/Applications/IBM/SPSS/Statistics/25/SPSSStatistics.app/Contents/ext/bin/spss.common/libcfcore.dylib
0x000000010b852000 	/Applications/IBM/SPSS/Statistics/25/SPSSStatistics.app/Contents/ext/bin/spss.common/libcfcommon.dylib
0x000000010b8cb000 	/Applications/IBM/SPSS/Statistics/25/SPSSStatistics.app/Contents/lib/libfmsgs.dylib
0x000000010b8ff000 	/Applications/IBM/SPSS/Statistics/25/SPSSStatistics.app/Contents/lib/libnetcom.dylib
0x00000001089f2000 	/Applications/IBM/SPSS/Statistics/25/SPSSStatistics.app/Contents/lib/libfwutility.dylib
0x000000010b927000 	/Applications/IBM/SPSS/Statistics/25/SPSSStatistics.app/Contents/lib/libfilesort.dylib
0x000000010b93b000 	/Applications/IBM/SPSS/Statistics/25/SPSSStatistics.app/Contents/lib/libmtxp.dylib
0x000000010b957000 	/Applications/IBM/SPSS/Statistics/25/SPSSStatistics.app/Contents/ext/bin/spss.common/libcorethread.dylib
0x0000000103705000 	/Applications/IBM/SPSS/Statistics/25/SPSSStatistics.app/Contents/ext/bin/spss.common/libcfthread.dylib
0x000000010b967000 	/Applications/IBM/SPSS/Statistics/25/SPSSStatistics.app/Contents/common/ext/bin/spss.common/libcfcomserv.dylib
0x000000010b97f000 	/Applications/IBM/SPSS/Statistics/25/SPSSStatistics.app/Contents/ext/bin/spss.common/libcfextension.dylib
0x000000010b9b7000 	/Applications/IBM/SPSS/Statistics/25/SPSSStatistics.app/Contents/ext/bin/spss.common/libcffilter.dylib
0x000000010b9c6000 	/Applications/IBM/SPSS/Statistics/25/SPSSStatistics.app/Contents/ext/bin/spss.common/libcfcatencode.dylib
0x0000000103722000 	/Applications/IBM/SPSS/Statistics/25/SPSSStatistics.app/Contents/ext/bin/spss.common/libcfcomstatistic.dylib
0x000000010b9e5000 	/Applications/IBM/SPSS/Statistics/25/SPSSStatistics.app/Contents/ext/bin/spss.common/libtempfiles.dylib
0x000000010ea0b000 	/Applications/IBM/SPSS/Statistics/25/SPSSStatistics.app/Contents/lib/libpesrepo.dylib
0x000000010f327000 	/Applications/IBM/SPSS/Statistics/25/SPSSStatistics.app/Contents/lib/libspsswfil.dylib
0x000000010f3c7000 	/Applications/IBM/SPSS/Statistics/25/SPSSStatistics.app/Contents/lib/libchartxml.dylib
0x000000010f427000 	/Applications/IBM/SPSS/Statistics/25/SPSSStatistics.app/Contents/lib/libxlsxdac.dylib
0x000000010f45f000 	/Applications/IBM/SPSS/Statistics/25/SPSSStatistics.app/Contents/lib/libpkginpr.dylib
0x000000010f468000 	/Applications/IBM/SPSS/Statistics/25/SPSSStatistics.app/Contents/lib/libdacmmsgs.dylib
0x000000010f474000 	/Applications/IBM/SPSS/Statistics/25/SPSSStatistics.app/Contents/lib/libtxtwdmsg.dylib
0x000000010f47b000 	/Applications/IBM/SPSS/Statistics/25/SPSSStatistics.app/Contents/JRE/lib/jli/libjli.dylib
0x0000000021ee7000 	/System/Library/Frameworks/Cocoa.framework/Versions/A/Cocoa
0x0000000021ee7000 	/System/Library/Frameworks/AppKit.framework/Versions/C/AppKit
0x0000000021ee7000 	/System/Library/PrivateFrameworks/RemoteViewServices.framework/Versions/A/RemoteViewServices
0x0000000021ee7000 	/System/Library/PrivateFrameworks/UIFoundation.framework/Versions/A/UIFoundation
0x0000000021ee7000 	/System/Library/PrivateFrameworks/DFRFoundation.framework/Versions/A/DFRFoundation
0x0000000021ee7000 	/System/Library/PrivateFrameworks/DesktopServicesPriv.framework/Versions/A/DesktopServicesPriv
0x0000000021ee7000 	/usr/lib/libScreenReader.dylib
0x0000000021ee7000 	/System/Library/Frameworks/AudioUnit.framework/Versions/A/AudioUnit
0x0000000021ee7000 	/System/Library/PrivateFrameworks/DataDetectorsCore.framework/Versions/A/DataDetectorsCore
0x0000000021ee7000 	/System/Library/Frameworks/Carbon.framework/Versions/A/Frameworks/HIToolbox.framework/Versions/A/HIToolbox
0x0000000021ee7000 	/System/Library/Frameworks/Carbon.framework/Versions/A/Frameworks/SpeechRecognition.framework/Versions/A/SpeechRecognition
0x0000000021ee7000 	/System/Library/PrivateFrameworks/CoreUI.framework/Versions/A/CoreUI
0x0000000021ee7000 	/System/Library/PrivateFrameworks/PerformanceAnalysis.framework/Versions/A/PerformanceAnalysis
0x0000000021ee7000 	/System/Library/PrivateFrameworks/Backup.framework/Versions/A/Backup
0x0000000021ee7000 	/System/Library/Frameworks/Carbon.framework/Versions/A/Frameworks/Ink.framework/Versions/A/Ink
0x0000000021ee7000 	/System/Library/PrivateFrameworks/TextureIO.framework/Versions/A/TextureIO
0x0000000021ee7000 	/usr/lib/libate.dylib
0x0000000021ee7000 	/System/Library/PrivateFrameworks/CrashReporterSupport.framework/Versions/A/CrashReporterSupport
0x0000000021ee7000 	/System/Library/PrivateFrameworks/Sharing.framework/Versions/A/Sharing
0x0000000021ee7000 	/System/Library/PrivateFrameworks/IconServices.framework/Versions/A/IconServices
0x0000000021ee7000 	/System/Library/PrivateFrameworks/ProtocolBuffer.framework/Versions/A/ProtocolBuffer
0x0000000021ee7000 	/System/Library/PrivateFrameworks/Apple80211.framework/Versions/A/Apple80211
0x0000000021ee7000 	/System/Library/Frameworks/CoreWLAN.framework/Versions/A/CoreWLAN
0x0000000021ee7000 	/System/Library/PrivateFrameworks/CoreUtils.framework/Versions/A/CoreUtils
0x0000000021ee7000 	/System/Library/Frameworks/IOBluetooth.framework/Versions/A/IOBluetooth
0x0000000021ee7000 	/System/Library/PrivateFrameworks/CoreWiFi.framework/Versions/A/CoreWiFi
0x0000000021ee7000 	/System/Library/Frameworks/CoreBluetooth.framework/Versions/A/CoreBluetooth
0x0000000021ee7000 	/System/Library/PrivateFrameworks/SignpostNotification.framework/Versions/A/SignpostNotification
0x0000000021ee7000 	/System/Library/PrivateFrameworks/DebugSymbols.framework/Versions/A/DebugSymbols
0x0000000021ee7000 	/System/Library/PrivateFrameworks/CoreSymbolication.framework/Versions/A/CoreSymbolication
0x0000000021ee7000 	/System/Library/PrivateFrameworks/Symbolication.framework/Versions/A/Symbolication
0x0000000021ee7000 	/System/Library/PrivateFrameworks/AppleFSCompression.framework/Versions/A/AppleFSCompression
0x0000000021ee7000 	/System/Library/PrivateFrameworks/SpeechRecognitionCore.framework/Versions/A/SpeechRecognitionCore
0x000000010f48b000 	/Applications/IBM/SPSS/Statistics/25/SPSSStatistics.app/Contents/JRE//lib/server/libjvm.dylib
0x000000011042d000 	/Applications/IBM/SPSS/Statistics/25/SPSSStatistics.app/Contents/JRE/lib/libverify.dylib
0x000000011043b000 	/Applications/IBM/SPSS/Statistics/25/SPSSStatistics.app/Contents/JRE/lib/libjava.dylib
0x0000000110470000 	/Applications/IBM/SPSS/Statistics/25/SPSSStatistics.app/Contents/JRE/lib/libzip.dylib
0x0000000021ee7000 	/System/Library/Frameworks/JavaVM.framework/Versions/A/Frameworks/JavaRuntimeSupport.framework/Versions/A/JavaRuntimeSupport
0x0000000021ee7000 	/System/Library/Frameworks/JavaVM.framework/Versions/A/Frameworks/JavaNativeFoundation.framework/Versions/A/JavaNativeFoundation
0x0000000021ee7000 	/System/Library/Frameworks/JavaVM.framework/Versions/A/JavaVM
0x0000000021ee7000 	/System/Library/Frameworks/Carbon.framework/Versions/A/Carbon
0x0000000021ee7000 	/System/Library/PrivateFrameworks/JavaLaunching.framework/Versions/A/JavaLaunching
0x0000000021ee7000 	/System/Library/Frameworks/Carbon.framework/Versions/A/Frameworks/CommonPanels.framework/Versions/A/CommonPanels
0x0000000021ee7000 	/System/Library/Frameworks/Carbon.framework/Versions/A/Frameworks/Help.framework/Versions/A/Help
0x0000000021ee7000 	/System/Library/Frameworks/Carbon.framework/Versions/A/Frameworks/ImageCapture.framework/Versions/A/ImageCapture
0x0000000021ee7000 	/System/Library/Frameworks/Carbon.framework/Versions/A/Frameworks/OpenScripting.framework/Versions/A/OpenScripting
0x0000000021ee7000 	/System/Library/Frameworks/Carbon.framework/Versions/A/Frameworks/Print.framework/Versions/A/Print
0x0000000021ee7000 	/System/Library/Frameworks/Carbon.framework/Versions/A/Frameworks/SecurityHI.framework/Versions/A/SecurityHI
0x0000000128145000 	/Applications/IBM/SPSS/Statistics/25/SPSSStatistics.app/Contents/JRE/lib/libnet.dylib
0x000000010db99000 	/Applications/IBM/SPSS/Statistics/25/SPSSStatistics.app/Contents/lib/libspsswarc.dylib
0x000000010d20b000 	/Applications/IBM/SPSS/Statistics/25/SPSSStatistics.app/Contents/lib/libspsswalt.dylib
0x000000010d269000 	/Applications/IBM/SPSS/Statistics/25/SPSSStatistics.app/Contents/lib/libspsswoms.dylib
0x000000010d223000 	/Applications/IBM/SPSS/Statistics/25/SPSSStatistics.app/Contents/lib/libspsswbst.dylib
0x000000010e7bb000 	/Applications/IBM/SPSS/Statistics/25/SPSSStatistics.app/Contents/lib/libspsswone.dylib
0x000000010e7ee000 	/Applications/IBM/SPSS/Statistics/25/SPSSStatistics.app/Contents/lib/libspssweda.dylib
0x000000010d298000 	/Applications/IBM/SPSS/Statistics/25/SPSSStatistics.app/Contents/JRE/lib/libmanagement.dylib
0x000000010d2a6000 	/Applications/IBM/SPSS/Statistics/25/SPSSStatistics.app/Contents/JRE/lib/libosx.dylib
0x000000010d2b4000 	/Applications/IBM/SPSS/Statistics/25/SPSSStatistics.app/Contents/JRE/lib/./libosxapp.dylib
0x0000000021ee7000 	/System/Library/Frameworks/ExceptionHandling.framework/Versions/A/ExceptionHandling
0x000000010e871000 	/Applications/IBM/SPSS/Statistics/25/SPSSStatistics.app/Contents/JRE/lib/libawt.dylib
0x000000010e919000 	/Applications/IBM/SPSS/Statistics/25/SPSSStatistics.app/Contents/JRE/lib/./libmlib_image.dylib
0x0000000127ed5000 	/Applications/IBM/SPSS/Statistics/25/SPSSStatistics.app/Contents/JRE/lib/libawt_lwawt.dylib
0x0000000127f8c000 	/Applications/IBM/SPSS/Statistics/25/SPSSStatistics.app/Contents/lib/libjniviewer.dylib
0x0000000127df4000 	/Applications/IBM/SPSS/Statistics/25/SPSSStatistics.app/Contents/JRE/lib/libfontmanager.dylib
0x0000000021ee7000 	/System/Library/PrivateFrameworks/CoreServicesInternal.framework/Versions/A/CoreServicesInternal
0x0000000128a81000 	/Applications/IBM/SPSS/Statistics/25/SPSSStatistics.app/Contents/JRE/lib/libnio.dylib
0x0000000021ee7000 	/System/Library/Frameworks/ApplicationServices.framework/Versions/A/Frameworks/ATS.framework/Versions/A/Resources/libTrueTypeScaler.dylib

VM Arguments:
jvm_args: -Djava.library.path=/Applications/IBM/SPSS/Statistics/25/SPSSStatistics.app/Contents/bin/../JRE/lib/jli/:/Applications/IBM/SPSS/Statistics/25/SPSSStatistics.app/Contents/bin/../JRE/lib/:/Applications/IBM/SPSS/Statistics/25/SPSSStatistics.app/Contents/bin/../lib/:/Applications/IBM/SPSS/Statistics/25/SPSSStatistics.app/Contents/bin/ -Dapplication.home=/Applications/IBM/SPSS/Statistics/25/SPSSStatistics.app/Contents/bin -Dstatistics.home=/Applications/IBM/SPSS/Statistics/25/SPSSStatistics.app/Contents/bin -Djava.awt.headless=true -Dcom.sun.media.jai.disableMediaLib=true -Xms256M -Xmx2048M -XX:-UsePerfData -Dcom.ibm.jsse2.overrideDefaultProtocol=TLSv12 -Djava.io.tmpdir=/tmp/spsswWD57J/ 
java_command: <unknown>
java_class_path (initial): :/Applications/IBM/SPSS/Statistics/25/SPSSStatistics.app/Contents/bin/ChartEditor.jar:/Applications/IBM/SPSS/Statistics/25/SPSSStatistics.app/Contents/bin/ChartEditorRes.jar:/Applications/IBM/SPSS/Statistics/25/SPSSStatistics.app/Contents/bin/CoreTools.jar:/Applications/IBM/SPSS/Statistics/25/SPSSStatistics.app/Contents/bin/CustomDialogBuilder.jar:/Applications/IBM/SPSS/Statistics/25/SPSSStatistics.app/Contents/bin/CustomDialogBuilderRes.jar:/Applications/IBM/SPSS/Statistics/25/SPSSStatistics.app/Contents/bin/ExViewerDialogDemo.jar:/Applications/IBM/SPSS/Statistics/25/SPSSStatistics.app/Contents/bin/ExViewerFrameDemo.jar:/Applications/IBM/SPSS/Statistics/25/SPSSStatistics.app/Contents/bin/ExportTools.jar:/Applications/IBM/SPSS/Statistics/25/SPSSStatistics.app/Contents/bin/ExtensionManager.jar:/Applications/IBM/SPSS/Statistics/25/SPSSStatistics.app/Contents/bin/ExtensionManagerRes.jar:/Applications/IBM/SPSS/Statistics/25/SPSSStatistics.app/Contents/bin/FieldChooser.jar:/Applications/IBM/SPSS/Statistics/25/SPSSStatistics.app/Contents/bin/InstallExtBundles.jar:/Applications/IBM/SPSS/Statistics/25/SPSSStatistics.app/Contents/bin/InstallExtBundlesRes.jar:/Applications/IBM/SPSS/Statistics/25/SPSSStatistics.app/Contents/bin/JRegEdit.jar:/Applications/IBM/SPSS/Statistics/25/SPSSStatistics.app/Contents/bin/JimiProClasses.jar:/Applications/IBM/SPSS/Statistics/25/SPSSStatistics.app/Contents/bin/LightTable.jar:/Applications/IBM/SPSS/Statistics/25/SPSSStatistics.app/Contents/bin/ModelViewer.jar:/Applications/IBM/SPSS/Statistics/25/SPSSStatistics.app/Contents/bin/PivotTableEditor.jar:/Applications/IBM/SPSS/Statistics/25/SPSSStatistics.app/Contents/bin/PivotTableEditorRes.jar:/Applications/IBM/SPSS/Statistics/25/SPSSStatistics.app/Contents/bin/RConfig.jar:/Applications/IBM/SPSS/Statistics/25/SPSSStatistics.app/Contents/bin/RapidSpell.jar:/Applications/IBM/SPSS/Statistics/25/SPSSStatistics.app/Contents/bin/RapidSpellMDict.jar:/Applications/IBM/SPSS/Stat
Launcher Type: generic

Environment Variables:
PATH=/Applications/IBM/SPSS/Statistics/25/SPSSStatistics.app/Contents/bin:/usr/bin:/bin:/usr/sbin:/sbin
SHELL=/bin/bash
DISPLAY=/private/tmp/com.apple.launchd.bMYPE4yQHd/org.macosforge.xquartz:0
DYLD_LIBRARY_PATH=/Applications/IBM/SPSS/Statistics/25/SPSSStatistics.app/Contents/lib:/Applications/IBM/SPSS/Statistics/25/SPSSStatistics.app/Contents/common/ext/bin/spss.common:/Applications/IBM/SPSS/Statistics/25/SPSSStatistics.app/Contents/ext/bin/spss.common:/Applications/IBM/SPSS/Statistics/25/SPSSStatistics.app/Contents/lib:/Applications/IBM/SPSS/Statistics/25/SPSSStatistics.app/Contents/Library/Frameworks/Sentinel.framework:/Applications/IBM/SPSS/Statistics/25/SPSSStatistics.app/Contents/Library/Frameworks/SuperPro.framework:/Applications/IBM/SPSS/Statistics/25/SPSSStatistics.app/Contents/JRE/lib/jli

Signal Handlers:
SIGSEGV: [libjvm.dylib+0x5b1141], sa_mask[0]=11111111011111110111111111111111, sa_flags=SA_ONSTACK|SA_RESTART|SA_SIGINFO
SIGBUS: [libjvm.dylib+0x5b1141], sa_mask[0]=11111111011111110111111111111111, sa_flags=SA_RESTART|SA_SIGINFO
SIGFPE: [libjvm.dylib+0x487bc4], sa_mask[0]=11111111011111110111111111111111, sa_flags=SA_RESTART|SA_SIGINFO
SIGPIPE: [libjvm.dylib+0x487bc4], sa_mask[0]=11111111011111110111111111111111, sa_flags=SA_RESTART|SA_SIGINFO
SIGXFSZ: [libjvm.dylib+0x487bc4], sa_mask[0]=11111111011111110111111111111111, sa_flags=SA_RESTART|SA_SIGINFO
SIGILL: [libjvm.dylib+0x487bc4], sa_mask[0]=11111111011111110111111111111111, sa_flags=SA_RESTART|SA_SIGINFO
SIGUSR1: SIG_DFL, sa_mask[0]=00000000000000000000000000000000, sa_flags=none
SIGUSR2: [libjvm.dylib+0x4876e2], sa_mask[0]=00100000000000000000000000000000, sa_flags=SA_RESTART|SA_SIGINFO
SIGHUP: [libjvm.dylib+0x485cb9], sa_mask[0]=11111111011111110111111111111111, sa_flags=SA_RESTART|SA_SIGINFO
SIGINT: [libjvm.dylib+0x485cb9], sa_mask[0]=11111111011111110111111111111111, sa_flags=SA_RESTART|SA_SIGINFO
SIGTERM: [libjvm.dylib+0x485cb9], sa_mask[0]=11111111011111110111111111111111, sa_flags=SA_RESTART|SA_SIGINFO
SIGQUIT: [libjvm.dylib+0x485cb9], sa_mask[0]=11111111011111110111111111111111, sa_flags=SA_RESTART|SA_SIGINFO


---------------  S Y S T E M  ---------------

OS:Bsduname:Darwin 17.3.0 Darwin Kernel Version 17.3.0: Thu Nov  9 18:09:22 PST 2017; root:xnu-4570.31.3~1/RELEASE_X86_64 x86_64
rlimit: STACK 8192k, CORE 0k, NPROC 1418, NOFILE 10240, AS infinity
load average:2.58 2.15 2.04

CPU:total 8 (4 cores per cpu, 2 threads per core) family 6 model 70 stepping 1, cmov, cx8, fxsr, mmx, sse, sse2, sse3, ssse3, sse4.1, sse4.2, popcnt, avx, avx2, aes, clmul, erms, lzcnt, ht, tsc, tscinvbit, bmi1, bmi2

Memory: 4k page, physical 16777216k(1943240k free)

/proc/meminfo:


vm_info: Java HotSpot(TM) 64-Bit Server VM (25.121-b13) for bsd-amd64 JRE (1.8.0_121-b13), built on Dec 12 2016 20:39:32 by "java_re" with gcc 4.2.1 (Based on Apple Inc. build 5658) (LLVM build 2336.11.00)

time: Sat Jun 23 21:30:55 2018
elapsed time: 150 seconds (0d 0h 2m 30s)

