#
# A fatal error has been detected by the Java Runtime Environment:
#
#  SIGSEGV (0xb) at pc=0x000000010b9bad3b, pid=1542, tid=0x0000000000000307
#
# JRE version: Java(TM) 2 Runtime Environment, Standard Edition (8.0_121-b13) (build 1.8.0_121-b13 14_Feb_2017_06_58 Mac OS X x64(SR4 FP1))
# Java VM: Java HotSpot(TM) 64-Bit Server VM (25.121-b13 mixed mode bsd-amd64 compressed oops)
# Problematic frame:
# C  [StartXD+0x11d3b]  _ZN8LongData9ParseDataEPvRi+0x5b
#
# Failed to write core dump. Core dumps have been disabled. To enable core dumping, try "ulimit -c unlimited" before starting Java again
#
# If you would like to submit a bug report, please visit:
#   http://bugreport.java.com/bugreport/crash.jsp
#

---------------  T H R E A D  ---------------

Current thread is native thread

siginfo: si_signo: 11 (SIGSEGV), si_code: 1 (SEGV_MAPERR), si_addr: 0x00007fb045c00000

Registers:
RAX=0x000000000776f088, RBX=0x00007fb045c00000, RCX=0x0000000000000000, RDX=0x0000000000029000
RSP=0x00007ffee4253b20, RBP=0x00007ffee4253b60, RSI=0x000000017327e080, RDI=0x00007ffee4256420
R8 =0x00000000000002a7, R9 =0x0000000000000220, R10=0x00007fffaa26c2cc, R11=0x0000000000000246
R12=0x00007ffee4256420, R13=0x00007ffee4253b34, R14=0x000000005e224bda, R15=0x00007ffee4256408
RIP=0x000000010b9bad3b, EFLAGS=0x0000000000010206, ERR=0x0000000000000004
  TRAPNO=0x000000000000000e

Top of Stack: (sp=0x00007ffee4253b20)
0x00007ffee4253b20:   0000000000000002 00007ffee4253c44
0x00007ffee4253b30:   0000000000000005 00007ffee42563e0
0x00007ffee4253b40:   00007ffee42563e0 0000000000000000
0x00007ffee4253b50:   00007fb03e490f70 00007fb03e490f70
0x00007ffee4253b60:   00007ffee4253c70 000000010bcaa59f
0x00007ffee4253b70:   fd00000070001000 000000010ce6ffff
0x00007ffee4253b80:   00007ffee4253c10 00007fff7133d758
0x00007ffee4253b90:   0000000000000000 0000000000000006
0x00007ffee4253ba0:   00007fb03e7f1d00 000000010f31ba00
0x00007ffee4253bb0:   0000000000000000 0000000000000010
0x00007ffee4253bc0:   0000000000000001 000000010ce61080
0x00007ffee4253bd0:   000000010ce61080 000000010f31ba00
0x00007ffee4253be0:   000000010ce60000 0000000000000006
0x00007ffee4253bf0:   000000000f31f600 0000000000000000
0x00007ffee4253c00:   00007ffee4253cb0 0000000000000000
0x00007ffee4253c10:   00007fffaa26f000 0000000000000000
0x00007ffee4253c20:   00007ffee4253c50 00007fff71326201
0x00007ffee4253c30:   0000000000000000 0000000000000000
0x00007ffee4253c40:   0000000000000000 00007ffee42563e0
0x00007ffee4253c50:   00007ffee4253cb0 0000000000000000
0x00007ffee4253c60:   00007fb03e490f70 0000000000000000
0x00007ffee4253c70:   00007ffee4255ce0 000000010bca39e9
0x00007ffee4253c80:   0000000000000000 00007ffee42563e0
0x00007ffee4253c90:   00007fb03bd161a0 00007fb03e490f70
0x00007ffee4253ca0:   0000000000000000 0000000000000000
0x00007ffee4253cb0:   0000000000000000 0000000000000000
0x00007ffee4253cc0:   0000000000000000 0000000000000000
0x00007ffee4253cd0:   0000000000000000 0000000000000000
0x00007ffee4253ce0:   0000000000000000 0000000000000000
0x00007ffee4253cf0:   0000000000000000 0000000000000000
0x00007ffee4253d00:   0000000000000000 0000000000000000
0x00007ffee4253d10:   0000000000000000 0000000000000000 

Instructions: (pc=0x000000010b9bad3b)
0x000000010b9bad1b:   41 ff ce 48 83 c3 04 4d 8d 67 18 b8 08 00 00 00
0x000000010b9bad2b:   4c 8d 6d d4 eb 0a 41 ff ce 48 83 c3 04 83 c0 04
0x000000010b9bad3b:   8b 0b 89 4d d4 41 89 47 10 4c 89 e7 4c 89 ee e8
0x000000010b9bad4b:   4f 0a 00 00 41 8b 47 10 45 85 f6 75 d9 48 8b 55 

Register to memory mapping:

RAX=0x000000000776f088 is an unknown value
RBX=0x00007fb045c00000 is an unknown value
RCX=0x0000000000000000 is an unknown value
RDX=0x0000000000029000 is an unknown value
RSP=0x00007ffee4253b20 is an unknown value
RBP=0x00007ffee4253b60 is an unknown value
RSI=0x000000017327e080 is an unknown value
RDI=0x00007ffee4256420 is an unknown value
R8 =0x00000000000002a7 is an unknown value
R9 =0x0000000000000220 is an unknown value
R10=0x00007fffaa26c2cc: mach_task_self_+0 in /usr/lib/system/libsystem_kernel.dylib at 0x00007fff712b2000
R11=0x0000000000000246 is an unknown value
R12=0x00007ffee4256420 is an unknown value
R13=0x00007ffee4253b34 is an unknown value
R14=0x000000005e224bda is an unknown value
R15=0x00007ffee4256408 is an unknown value


Stack: [0x00007ffee3a57000,0x00007ffee4257000],  sp=0x00007ffee4253b20,  free space=8178k
Native frames: (J=compiled Java code, j=interpreted, Vv=VM code, C=native code)
C  [StartXD+0x11d3b]  _ZN8LongData9ParseDataEPvRi+0x5b
C  [libspssdxcom.dylib+0x1259f]  _ZN8CleXDSmb8ParseBufEPv+0x4d
C  [libspssdxcom.dylib+0xb9e9]  _Z11ReceiveDataP16JavaPlugInSocketR8CleXDSmb+0xfa
C  [StartXD+0x25fe]  main+0xa6b
C  [libdyld.dylib+0x1115]  start+0x1


---------------  P R O C E S S  ---------------

VM state:not at safepoint (normal execution)

VM Mutex/Monitor currently owned by a thread: None

Heap:
 PSYoungGen      total 124416K, used 2451K [0x0000000795580000, 0x00000007ac680000, 0x00000007c0000000)
  eden space 123904K, 1% used [0x0000000795580000,0x00000007957e4ff8,0x000000079ce80000)
  from space 512K, 0% used [0x00000007ac280000,0x00000007ac280000,0x00000007ac300000)
  to   space 2560K, 0% used [0x00000007ac400000,0x00000007ac400000,0x00000007ac680000)
 ParOldGen       total 175104K, used 20121K [0x0000000740000000, 0x000000074ab00000, 0x0000000795580000)
  object space 175104K, 11% used [0x0000000740000000,0x00000007413a6420,0x000000074ab00000)
 Metaspace       used 20714K, capacity 21138K, committed 21248K, reserved 1069056K
  class space    used 2402K, capacity 2516K, committed 2560K, reserved 1048576K

Card table byte_map: [0x000000012907f000,0x0000000129480000] byte_map_base: 0x000000012567f000

Marking Bits: (ParMarkBitMap*) 0x00000001195c1d30
 Begin Bits: [0x000000012972b000, 0x000000012b72b000)
 End Bits:   [0x000000012b72b000, 0x000000012d72b000)

Polling page: 0x000000010c31d000

CodeCache: size=245760Kb used=14907Kb max_used=15923Kb free=230852Kb
 bounds [0x0000000119cbf000, 0x000000011ac9f000, 0x0000000128cbf000]
 total_blobs=4576 nmethods=4066 adapters=423
 compilation: enabled

Compilation events (10 events):
Event: 242.231 Thread 0x00007fb03d822000 5239   !   4       java.math.BigDecimal::<init> (1025 bytes)
Event: 242.307 Thread 0x00007fb03d822000 nmethod 5239 0x000000011a64f9d0 code [0x000000011a64fd00, 0x000000011a652d80]
Event: 242.535 Thread 0x00007fb03d81d800 5240   !   4       org.exolab.castor.xml.validators.BooleanValidator::validate (79 bytes)
Event: 242.536 Thread 0x00007fb03d81d800 nmethod 5240 0x000000011a70eb10 code [0x000000011a70ec60, 0x000000011a70ed78]
Event: 242.539 Thread 0x00007fb03d838000 5241       4       java.lang.Boolean::toString (15 bytes)
Event: 242.539 Thread 0x00007fb03d838000 nmethod 5241 0x0000000119eb44d0 code [0x0000000119eb4620, 0x0000000119eb4698]
Event: 242.551 Thread 0x00007fb03d822000 5242   !   4       org.exolab.castor.xml.validators.DoubleValidator::validate (86 bytes)
Event: 242.551 Thread 0x00007fb03d81d800 5243       4       org.exolab.castor.xml.validators.DoubleValidator::validate (312 bytes)
Event: 242.552 Thread 0x00007fb03d81d800 nmethod 5243 0x0000000119df2750 code [0x0000000119df28c0, 0x0000000119df2ad8]
Event: 242.561 Thread 0x00007fb03d822000 nmethod 5242 0x000000011a6d5fd0 code [0x000000011a6d6200, 0x000000011a6d6c90]

GC Heap History (10 events):
Event: 242.167 GC heap before
{Heap before GC invocations=141 (full 11):
 PSYoungGen      total 138240K, used 138016K [0x0000000795580000, 0x00000007aca80000, 0x00000007c0000000)
  eden space 136704K, 100% used [0x0000000795580000,0x000000079db00000,0x000000079db00000)
  from space 1536K, 85% used [0x00000007ac680000,0x00000007ac7c8000,0x00000007ac800000)
  to   space 2560K, 0% used [0x00000007ac800000,0x00000007ac800000,0x00000007aca80000)
 ParOldGen       total 175104K, used 27026K [0x0000000740000000, 0x000000074ab00000, 0x0000000795580000)
  object space 175104K, 15% used [0x0000000740000000,0x0000000741a64b20,0x000000074ab00000)
 Metaspace       used 20714K, capacity 21138K, committed 21248K, reserved 1069056K
  class space    used 2402K, capacity 2516K, committed 2560K, reserved 1048576K
Event: 242.168 GC heap after
Heap after GC invocations=141 (full 11):
 PSYoungGen      total 133632K, used 1152K [0x0000000795580000, 0x00000007ac980000, 0x00000007c0000000)
  eden space 132096K, 0% used [0x0000000795580000,0x0000000795580000,0x000000079d680000)
  from space 1536K, 75% used [0x00000007ac800000,0x00000007ac920000,0x00000007ac980000)
  to   space 2560K, 0% used [0x00000007ac480000,0x00000007ac480000,0x00000007ac700000)
 ParOldGen       total 175104K, used 27074K [0x0000000740000000, 0x000000074ab00000, 0x0000000795580000)
  object space 175104K, 15% used [0x0000000740000000,0x0000000741a70b20,0x000000074ab00000)
 Metaspace       used 20714K, capacity 21138K, committed 21248K, reserved 1069056K
  class space    used 2402K, capacity 2516K, committed 2560K, reserved 1048576K
}
Event: 242.328 GC heap before
{Heap before GC invocations=142 (full 11):
 PSYoungGen      total 133632K, used 133248K [0x0000000795580000, 0x00000007ac980000, 0x00000007c0000000)
  eden space 132096K, 100% used [0x0000000795580000,0x000000079d680000,0x000000079d680000)
  from space 1536K, 75% used [0x00000007ac800000,0x00000007ac920000,0x00000007ac980000)
  to   space 2560K, 0% used [0x00000007ac480000,0x00000007ac480000,0x00000007ac700000)
 ParOldGen       total 175104K, used 27074K [0x0000000740000000, 0x000000074ab00000, 0x0000000795580000)
  object space 175104K, 15% used [0x0000000740000000,0x0000000741a70b20,0x000000074ab00000)
 Metaspace       used 20714K, capacity 21138K, committed 21248K, reserved 1069056K
  class space    used 2402K, capacity 2516K, committed 2560K, reserved 1048576K
Event: 242.330 GC heap after
Heap after GC invocations=142 (full 11):
 PSYoungGen      total 129536K, used 1056K [0x0000000795580000, 0x00000007ac880000, 0x00000007c0000000)
  eden space 128000K, 0% used [0x0000000795580000,0x0000000795580000,0x000000079d280000)
  from space 1536K, 68% used [0x00000007ac480000,0x00000007ac588000,0x00000007ac600000)
  to   space 2560K, 0% used [0x00000007ac600000,0x00000007ac600000,0x00000007ac880000)
 ParOldGen       total 175104K, used 27114K [0x0000000740000000, 0x000000074ab00000, 0x0000000795580000)
  object space 175104K, 15% used [0x0000000740000000,0x0000000741a7ab20,0x000000074ab00000)
 Metaspace       used 20714K, capacity 21138K, committed 21248K, reserved 1069056K
  class space    used 2402K, capacity 2516K, committed 2560K, reserved 1048576K
}
Event: 242.472 GC heap before
{Heap before GC invocations=143 (full 11):
 PSYoungGen      total 129536K, used 129056K [0x0000000795580000, 0x00000007ac880000, 0x00000007c0000000)
  eden space 128000K, 100% used [0x0000000795580000,0x000000079d280000,0x000000079d280000)
  from space 1536K, 68% used [0x00000007ac480000,0x00000007ac588000,0x00000007ac600000)
  to   space 2560K, 0% used [0x00000007ac600000,0x00000007ac600000,0x00000007ac880000)
 ParOldGen       total 175104K, used 27114K [0x0000000740000000, 0x000000074ab00000, 0x0000000795580000)
  object space 175104K, 15% used [0x0000000740000000,0x0000000741a7ab20,0x000000074ab00000)
 Metaspace       used 20714K, capacity 21138K, committed 21248K, reserved 1069056K
  class space    used 2402K, capacity 2516K, committed 2560K, reserved 1048576K
Event: 242.473 GC heap after
Heap after GC invocations=143 (full 11):
 PSYoungGen      total 125440K, used 1056K [0x0000000795580000, 0x00000007ac780000, 0x00000007c0000000)
  eden space 123904K, 0% used [0x0000000795580000,0x0000000795580000,0x000000079ce80000)
  from space 1536K, 68% used [0x00000007ac600000,0x00000007ac708000,0x00000007ac780000)
  to   space 2560K, 0% used [0x00000007ac280000,0x00000007ac280000,0x00000007ac500000)
 ParOldGen       total 175104K, used 27210K [0x0000000740000000, 0x000000074ab00000, 0x0000000795580000)
  object space 175104K, 15% used [0x0000000740000000,0x0000000741a92b20,0x000000074ab00000)
 Metaspace       used 20714K, capacity 21138K, committed 21248K, reserved 1069056K
  class space    used 2402K, capacity 2516K, committed 2560K, reserved 1048576K
}
Event: 242.590 GC heap before
{Heap before GC invocations=144 (full 11):
 PSYoungGen      total 125440K, used 85281K [0x0000000795580000, 0x00000007ac780000, 0x00000007c0000000)
  eden space 123904K, 67% used [0x0000000795580000,0x000000079a7c0760,0x000000079ce80000)
  from space 1536K, 68% used [0x00000007ac600000,0x00000007ac708000,0x00000007ac780000)
  to   space 2560K, 0% used [0x00000007ac280000,0x00000007ac280000,0x00000007ac500000)
 ParOldGen       total 175104K, used 27210K [0x0000000740000000, 0x000000074ab00000, 0x0000000795580000)
  object space 175104K, 15% used [0x0000000740000000,0x0000000741a92b20,0x000000074ab00000)
 Metaspace       used 20714K, capacity 21138K, committed 21248K, reserved 1069056K
  class space    used 2402K, capacity 2516K, committed 2560K, reserved 1048576K
Event: 242.591 GC heap after
Heap after GC invocations=144 (full 11):
 PSYoungGen      total 124416K, used 512K [0x0000000795580000, 0x00000007ac680000, 0x00000007c0000000)
  eden space 123904K, 0% used [0x0000000795580000,0x0000000795580000,0x000000079ce80000)
  from space 512K, 100% used [0x00000007ac280000,0x00000007ac300000,0x00000007ac300000)
  to   space 2560K, 0% used [0x00000007ac400000,0x00000007ac400000,0x00000007ac680000)
 ParOldGen       total 175104K, used 27250K [0x0000000740000000, 0x000000074ab00000, 0x0000000795580000)
  object space 175104K, 15% used [0x0000000740000000,0x0000000741a9cb20,0x000000074ab00000)
 Metaspace       used 20714K, capacity 21138K, committed 21248K, reserved 1069056K
  class space    used 2402K, capacity 2516K, committed 2560K, reserved 1048576K
}
Event: 242.591 GC heap before
{Heap before GC invocations=145 (full 12):
 PSYoungGen      total 124416K, used 512K [0x0000000795580000, 0x00000007ac680000, 0x00000007c0000000)
  eden space 123904K, 0% used [0x0000000795580000,0x0000000795580000,0x000000079ce80000)
  from space 512K, 100% used [0x00000007ac280000,0x00000007ac300000,0x00000007ac300000)
  to   space 2560K, 0% used [0x00000007ac400000,0x00000007ac400000,0x00000007ac680000)
 ParOldGen       total 175104K, used 27250K [0x0000000740000000, 0x000000074ab00000, 0x0000000795580000)
  object space 175104K, 15% used [0x0000000740000000,0x0000000741a9cb20,0x000000074ab00000)
 Metaspace       used 20714K, capacity 21138K, committed 21248K, reserved 1069056K
  class space    used 2402K, capacity 2516K, committed 2560K, reserved 1048576K
Event: 242.638 GC heap after
Heap after GC invocations=145 (full 12):
 PSYoungGen      total 124416K, used 0K [0x0000000795580000, 0x00000007ac680000, 0x00000007c0000000)
  eden space 123904K, 0% used [0x0000000795580000,0x0000000795580000,0x000000079ce80000)
  from space 512K, 0% used [0x00000007ac280000,0x00000007ac280000,0x00000007ac300000)
  to   space 2560K, 0% used [0x00000007ac400000,0x00000007ac400000,0x00000007ac680000)
 ParOldGen       total 175104K, used 20121K [0x0000000740000000, 0x000000074ab00000, 0x0000000795580000)
  object space 175104K, 11% used [0x0000000740000000,0x00000007413a6420,0x000000074ab00000)
 Metaspace       used 20714K, capacity 21138K, committed 21248K, reserved 1069056K
  class space    used 2402K, capacity 2516K, committed 2560K, reserved 1048576K
}

Deoptimization events (10 events):
Event: 60.841 Thread 0x00007fb03c84b000 Uncommon trap: reason=null_check action=make_not_entrant pc=0x000000011ac3d17c method=org.exolab.castor.xml.UnmarshalHandler.startElement(Ljava/lang/String;Ljava/lang/String;Lorg/exolab/castor/xml/AttributeSet;)V @ 4368
Event: 72.969 Thread 0x00007fb03c84b000 Uncommon trap: reason=unstable_if action=reinterpret pc=0x000000011a0de280 method=java.lang.String.indexOf([CII[CIII)I @ 19
Event: 72.969 Thread 0x00007fb03c84b000 Uncommon trap: reason=unstable_if action=reinterpret pc=0x0000000119eb4a8c method=java.lang.String.indexOf([CII[CIII)I @ 19
Event: 72.969 Thread 0x00007fb03c84b000 Uncommon trap: reason=unstable_if action=reinterpret pc=0x0000000119df8454 method=java.lang.String.indexOf([CII[CIII)I @ 134
Event: 86.794 Thread 0x00007fb03c84b000 Uncommon trap: reason=unstable_if action=reinterpret pc=0x000000011ac4e0a8 method=java.math.BigDecimal.setScale(II)Ljava/math/BigDecimal; @ 63
Event: 159.977 Thread 0x00007fb03c84b000 Uncommon trap: reason=unstable_if action=reinterpret pc=0x000000011a1dc1c0 method=java.io.ExpiringCache.entryFor(Ljava/lang/String;)Ljava/io/ExpiringCache$Entry; @ 39
Event: 160.019 Thread 0x00007fb03c84b000 Uncommon trap: reason=unstable_if action=reinterpret pc=0x000000011a8ed598 method=java.io.ExpiringCache.entryFor(Ljava/lang/String;)Ljava/io/ExpiringCache$Entry; @ 39
Event: 199.997 Thread 0x00007fb03c84b000 Uncommon trap: reason=unstable_if action=reinterpret pc=0x0000000119eff5b0 method=sun.misc.FloatingDecimal$BinaryToASCIIBuffer.dtoa(IJIZ)V @ 88
Event: 239.974 Thread 0x00007fb03c84b000 Uncommon trap: reason=unstable_if action=reinterpret pc=0x000000011a70b088 method=com.spss.shared.core_tools.format.GeneralNumberFormat.stripLeadingZeros(Ljava/lang/StringBuffer;)V @ 49
Event: 239.977 Thread 0x00007fb03c84b000 Uncommon trap: reason=unstable_if action=reinterpret pc=0x000000011abfc37c method=java.math.BigDecimal.<init>([CIILjava/math/MathContext;)V @ 169

Internal exceptions (10 events):
Event: 45.425 Thread 0x00007fb03c84b000 Exception <a 'java/io/FileNotFoundException'> (0x00000007a150df00) thrown at [/Users/java_re/workspace/8-2-build-macosx-x86_64/jdk8u121/8372/hotspot/src/share/vm/prims/jni.cpp, line 709]
Event: 57.383 Thread 0x00007fb03c84b000 Exception <a 'java/io/FileNotFoundException'> (0x00000007a20e7790) thrown at [/Users/java_re/workspace/8-2-build-macosx-x86_64/jdk8u121/8372/hotspot/src/share/vm/prims/jni.cpp, line 709]
Event: 60.841 Thread 0x00007fb03c84b000 Implicit null exception at 0x000000011ac39b3b to 0x000000011ac3d171
Event: 69.574 Thread 0x00007fb03c84b000 Exception <a 'java/io/FileNotFoundException'> (0x00000007a1e28ab0) thrown at [/Users/java_re/workspace/8-2-build-macosx-x86_64/jdk8u121/8372/hotspot/src/share/vm/prims/jni.cpp, line 709]
Event: 86.616 Thread 0x00007fb03c84b000 Exception <a 'java/io/FileNotFoundException'> (0x000000079ccc64a8) thrown at [/Users/java_re/workspace/8-2-build-macosx-x86_64/jdk8u121/8372/hotspot/src/share/vm/prims/jni.cpp, line 709]
Event: 103.449 Thread 0x00007fb03c84b000 Exception <a 'java/io/FileNotFoundException'> (0x00000007958f4670) thrown at [/Users/java_re/workspace/8-2-build-macosx-x86_64/jdk8u121/8372/hotspot/src/share/vm/prims/jni.cpp, line 709]
Event: 120.261 Thread 0x00007fb03c84b000 Exception <a 'java/io/FileNotFoundException'> (0x000000079e3ab868) thrown at [/Users/java_re/workspace/8-2-build-macosx-x86_64/jdk8u121/8372/hotspot/src/share/vm/prims/jni.cpp, line 709]
Event: 159.976 Thread 0x00007fb03c84b000 Exception <a 'java/io/FileNotFoundException'> (0x00000007973e1308) thrown at [/Users/java_re/workspace/8-2-build-macosx-x86_64/jdk8u121/8372/hotspot/src/share/vm/prims/jni.cpp, line 709]
Event: 199.811 Thread 0x00007fb03c84b000 Exception <a 'java/io/FileNotFoundException'> (0x00000007a2951bf0) thrown at [/Users/java_re/workspace/8-2-build-macosx-x86_64/jdk8u121/8372/hotspot/src/share/vm/prims/jni.cpp, line 709]
Event: 239.778 Thread 0x00007fb03c84b000 Exception <a 'java/io/FileNotFoundException'> (0x00000007a06abc08) thrown at [/Users/java_re/workspace/8-2-build-macosx-x86_64/jdk8u121/8372/hotspot/src/share/vm/prims/jni.cpp, line 709]

Events (10 events):
Event: 242.586 loading class org/openxmlformats/schemas/spreadsheetml/_2006/main/WorkbookViewDescriptor
Event: 242.587 loading class org/openxmlformats/schemas/spreadsheetml/_2006/main/WorkbookViewDescriptor done
Event: 242.587 loading class org/openxmlformats/schemas/spreadsheetml/_2006/main/SheetsDescriptor
Event: 242.587 loading class org/openxmlformats/schemas/spreadsheetml/_2006/main/SheetsDescriptor done
Event: 242.588 loading class org/openxmlformats/schemas/spreadsheetml/_2006/main/SheetDescriptor
Event: 242.588 loading class org/openxmlformats/schemas/spreadsheetml/_2006/main/SheetDescriptor done
Event: 242.588 loading class org/openxmlformats/schemas/spreadsheetml/_2006/main/CalcPrDescriptor
Event: 242.588 loading class org/openxmlformats/schemas/spreadsheetml/_2006/main/CalcPrDescriptor done
Event: 242.590 Executing VM operation: ParallelGCSystemGC
Event: 242.638 Executing VM operation: ParallelGCSystemGC done


Dynamic libraries:
0x0000000021ee7000 	/System/Library/Frameworks/CoreFoundation.framework/Versions/A/CoreFoundation
0x0000000021ee7000 	/System/Library/Frameworks/IOKit.framework/Versions/A/IOKit
0x0000000021ee7000 	/usr/lib/libstdc++.6.0.9.dylib
0x000000010b9ce000 	/Applications/IBM/SPSS/Statistics/25/SPSSStatistics.app/Contents/lib/libtempdir.dylib
0x000000010b9ee000 	/Applications/IBM/SPSS/Statistics/25/SPSSStatistics.app/Contents/lib/libspssxd.dylib
0x000000010bc98000 	/Applications/IBM/SPSS/Statistics/25/SPSSStatistics.app/Contents/lib/libspssdxcom.dylib
0x000000010bcdd000 	/Applications/IBM/SPSS/Statistics/25/SPSSStatistics.app/Contents/common/ext/bin/spss.common/libscorelib850r.dylib
0x000000010bddf000 	/Applications/IBM/SPSS/Statistics/25/SPSSStatistics.app/Contents/common/ext/bin/spss.common/libGeneralRegressionModel850r.dylib
0x000000010be59000 	/Applications/IBM/SPSS/Statistics/25/SPSSStatistics.app/Contents/common/ext/bin/spss.common/libdiscriminant-model850r.dylib
0x0000000021ee7000 	/usr/lib/libSystem.B.dylib
0x0000000021ee7000 	/usr/lib/libDiagnosticMessagesClient.dylib
0x0000000021ee7000 	/usr/lib/libicucore.A.dylib
0x0000000021ee7000 	/usr/lib/libobjc.A.dylib
0x0000000021ee7000 	/usr/lib/libz.1.dylib
0x0000000021ee7000 	/usr/lib/system/libcache.dylib
0x0000000021ee7000 	/usr/lib/system/libcommonCrypto.dylib
0x0000000021ee7000 	/usr/lib/system/libcompiler_rt.dylib
0x0000000021ee7000 	/usr/lib/system/libcopyfile.dylib
0x0000000021ee7000 	/usr/lib/system/libcorecrypto.dylib
0x0000000021ee7000 	/usr/lib/system/libdispatch.dylib
0x0000000021ee7000 	/usr/lib/system/libdyld.dylib
0x0000000021ee7000 	/usr/lib/system/libkeymgr.dylib
0x0000000021ee7000 	/usr/lib/system/liblaunch.dylib
0x0000000021ee7000 	/usr/lib/system/libmacho.dylib
0x0000000021ee7000 	/usr/lib/system/libquarantine.dylib
0x0000000021ee7000 	/usr/lib/system/libremovefile.dylib
0x0000000021ee7000 	/usr/lib/system/libsystem_asl.dylib
0x0000000021ee7000 	/usr/lib/system/libsystem_blocks.dylib
0x0000000021ee7000 	/usr/lib/system/libsystem_c.dylib
0x0000000021ee7000 	/usr/lib/system/libsystem_configuration.dylib
0x0000000021ee7000 	/usr/lib/system/libsystem_coreservices.dylib
0x0000000021ee7000 	/usr/lib/system/libsystem_darwin.dylib
0x0000000021ee7000 	/usr/lib/system/libsystem_dnssd.dylib
0x0000000021ee7000 	/usr/lib/system/libsystem_info.dylib
0x0000000021ee7000 	/usr/lib/system/libsystem_m.dylib
0x0000000021ee7000 	/usr/lib/system/libsystem_malloc.dylib
0x0000000021ee7000 	/usr/lib/system/libsystem_network.dylib
0x0000000021ee7000 	/usr/lib/system/libsystem_networkextension.dylib
0x0000000021ee7000 	/usr/lib/system/libsystem_notify.dylib
0x0000000021ee7000 	/usr/lib/system/libsystem_sandbox.dylib
0x0000000021ee7000 	/usr/lib/system/libsystem_secinit.dylib
0x0000000021ee7000 	/usr/lib/system/libsystem_kernel.dylib
0x0000000021ee7000 	/usr/lib/system/libsystem_platform.dylib
0x0000000021ee7000 	/usr/lib/system/libsystem_pthread.dylib
0x0000000021ee7000 	/usr/lib/system/libsystem_symptoms.dylib
0x0000000021ee7000 	/usr/lib/system/libsystem_trace.dylib
0x0000000021ee7000 	/usr/lib/system/libunwind.dylib
0x0000000021ee7000 	/usr/lib/system/libxpc.dylib
0x0000000021ee7000 	/usr/lib/closure/libclosured.dylib
0x0000000021ee7000 	/usr/lib/libc++abi.dylib
0x0000000021ee7000 	/usr/lib/libc++.1.dylib
0x0000000021ee7000 	/usr/lib/libenergytrace.dylib
0x0000000021ee7000 	/usr/lib/libbsm.0.dylib
0x0000000021ee7000 	/usr/lib/system/libkxld.dylib
0x000000010be7e000 	/Applications/IBM/SPSS/Statistics/25/SPSSStatistics.app/Contents/lib/libifcoremt.dylib
0x000000010bffb000 	/Applications/IBM/SPSS/Statistics/25/SPSSStatistics.app/Contents/lib/libimf.dylib
0x000000010c31e000 	/Applications/IBM/SPSS/Statistics/25/SPSSStatistics.app/Contents/lib/libsvml.dylib
0x000000010ce15000 	/Applications/IBM/SPSS/Statistics/25/SPSSStatistics.app/Contents/lib/libintlc.dylib
0x000000010ce62000 	/Applications/IBM/SPSS/Statistics/25/SPSSStatistics.app/Contents/lib/libplatdep.dylib
0x000000010ceb0000 	/Applications/IBM/SPSS/Statistics/25/SPSSStatistics.app/Contents/lib/libgsk8iccs.dylib
0x000000010cf22000 	/Applications/IBM/SPSS/Statistics/25/SPSSStatistics.app/Contents/lib/libsockbsd.dylib
0x000000010cf30000 	/Applications/IBM/SPSS/Statistics/25/SPSSStatistics.app/Contents/lib/libsfthread.dylib
0x000000010cf46000 	/Applications/IBM/SPSS/Statistics/25/SPSSStatistics.app/Contents/lib/libvserial.dylib
0x000000010cf63000 	/Applications/IBM/SPSS/Statistics/25/SPSSStatistics.app/Contents/lib/libvutility.dylib
0x000000010cf6e000 	/Applications/IBM/SPSS/Statistics/25/SPSSStatistics.app/Contents/lib/libicuuc.51.2.dylib
0x000000010d149000 	/Applications/IBM/SPSS/Statistics/25/SPSSStatistics.app/Contents/lib/libicui18n.51.2.dylib
0x000000010d41a000 	/Applications/IBM/SPSS/Statistics/25/SPSSStatistics.app/Contents/lib/libxerces-c-3.1.dylib
0x000000010d7f7000 	/Applications/IBM/SPSS/Statistics/25/SPSSStatistics.app/Contents/lib/libicudata.51.2.dylib
0x000000010f420000 	/Applications/IBM/SPSS/Statistics/25/SPSSStatistics.app/Contents/lib/libspsswlib.dylib
0x000000010be53000 	/Applications/IBM/SPSS/Statistics/25/SPSSStatistics.app/Contents/lib/libcpuinfo.dylib
0x000000010ed43000 	/Applications/IBM/SPSS/Statistics/25/SPSSStatistics.app/Contents/lib/libomcell.dylib
0x000000010ed66000 	/Applications/IBM/SPSS/Statistics/25/SPSSStatistics.app/Contents/lib/libomfactry.dylib
0x000000010ee0c000 	/Applications/IBM/SPSS/Statistics/25/SPSSStatistics.app/Contents/lib/libomtree.dylib
0x000000010ee47000 	/Applications/IBM/SPSS/Statistics/25/SPSSStatistics.app/Contents/lib/libomxxml.dylib
0x000000010ee81000 	/Applications/IBM/SPSS/Statistics/25/SPSSStatistics.app/Contents/lib/libomxsav.dylib
0x000000010ee93000 	/Applications/IBM/SPSS/Statistics/25/SPSSStatistics.app/Contents/lib/libomxhtml.dylib
0x000000010eeb8000 	/Applications/IBM/SPSS/Statistics/25/SPSSStatistics.app/Contents/lib/libomxtext.dylib
0x000000010eedb000 	/Applications/IBM/SPSS/Statistics/25/SPSSStatistics.app/Contents/lib/libomxspv.dylib
0x000000010bff4000 	/Applications/IBM/SPSS/Statistics/25/SPSSStatistics.app/Contents/lib/libspssjni.dylib
0x000000010eee3000 	/Applications/IBM/SPSS/Statistics/25/SPSSStatistics.app/Contents/lib/libspssjvm.dylib
0x000000010eef0000 	/Applications/IBM/SPSS/Statistics/25/SPSSStatistics.app/Contents/lib/libvizedit.dylib
0x000000010ef0f000 	/Applications/IBM/SPSS/Statistics/25/SPSSStatistics.app/Contents/lib/libtransspc.dylib
0x000000010ef3c000 	/Applications/IBM/SPSS/Statistics/25/SPSSStatistics.app/Contents/lib/libdedstore.dylib
0x000000010ef57000 	/Applications/IBM/SPSS/Statistics/25/SPSSStatistics.app/Contents/lib/libsvrdmgr.dylib
0x000000010ef78000 	/Applications/IBM/SPSS/Statistics/25/SPSSStatistics.app/Contents/lib/libdatasrc.dylib
0x000000010f01c000 	/Applications/IBM/SPSS/Statistics/25/SPSSStatistics.app/Contents/lib/libsvrerrs.dylib
0x000000010f024000 	/Applications/IBM/SPSS/Statistics/25/SPSSStatistics.app/Contents/lib/libspssdemg.dylib
0x000000010f06a000 	/Applications/IBM/SPSS/Statistics/25/SPSSStatistics.app/Contents/lib/libcpputil.dylib
0x000000010f0a5000 	/Applications/IBM/SPSS/Statistics/25/SPSSStatistics.app/Contents/lib/libstrtable.dylib
0x00000000d97e4000 	/Applications/IBM/SPSS/Statistics/25/SPSSStatistics.app/Contents/lib/libxalan-c.111.0.dylib
0x000000010f0b5000 	/Applications/IBM/SPSS/Statistics/25/SPSSStatistics.app/Contents/lib/libchartutl.dylib
0x000000010be79000 	/Applications/IBM/SPSS/Statistics/25/SPSSStatistics.app/Contents/lib/libspssmsgs.dylib
0x0000000111e2e000 	/Applications/IBM/SPSS/Statistics/25/SPSSStatistics.app/Contents/lib/libvizchart.dylib
0x000000010f1c0000 	/Applications/IBM/SPSS/Statistics/25/SPSSStatistics.app/Contents/lib/libzlib1211spss.dylib
0x000000010f1f2000 	/Applications/IBM/SPSS/Statistics/25/SPSSStatistics.app/Contents/lib/libindutil.dylib
0x00000000cf1fe000 	/Applications/IBM/SPSS/Statistics/25/SPSSStatistics.app/Contents/lib/libxalanMsg.111.0.dylib
0x000000010f20b000 	/Applications/IBM/SPSS/Statistics/25/SPSSStatistics.app/Contents/lib/libspssiocv.dylib
0x000000010be56000 	/Applications/IBM/SPSS/Statistics/25/SPSSStatistics.app/Contents/lib/libreadonly.dylib
0x000000010c318000 	/Applications/IBM/SPSS/Statistics/25/SPSSStatistics.app/Contents/lib/libtmsutil.dylib
0x000000010f240000 	/Applications/IBM/SPSS/Statistics/25/SPSSStatistics.app/Contents/lib/libcvtrans.dylib
0x000000006f281000 	/Applications/IBM/SPSS/Statistics/25/SPSSStatistics.app/Contents/Library/Frameworks/Sentinel.framework/Versions/A/Sentinel
0x000000010f299000 	/Applications/IBM/SPSS/Statistics/25/SPSSStatistics.app/Contents/Library/Frameworks/SuperPro.framework/Versions/A/SuperPro
0x000000010cf3f000 	/Applications/IBM/SPSS/Statistics/25/SPSSStatistics.app/Contents/lib/libcmddata.dylib
0x000000010f2af000 	/Applications/IBM/SPSS/Statistics/25/SPSSStatistics.app/Contents/lib/libmcbstsps.dylib
0x0000000021ee7000 	/usr/lib/libiconv.2.dylib
0x0000000021ee7000 	/System/Library/Frameworks/CoreServices.framework/Versions/A/CoreServices
0x0000000021ee7000 	/System/Library/Frameworks/CFNetwork.framework/Versions/A/CFNetwork
0x0000000021ee7000 	/System/Library/Frameworks/CoreServices.framework/Versions/A/Frameworks/FSEvents.framework/Versions/A/FSEvents
0x0000000021ee7000 	/System/Library/Frameworks/CoreServices.framework/Versions/A/Frameworks/CarbonCore.framework/Versions/A/CarbonCore
0x0000000021ee7000 	/System/Library/Frameworks/CoreServices.framework/Versions/A/Frameworks/Metadata.framework/Versions/A/Metadata
0x0000000021ee7000 	/System/Library/Frameworks/CoreServices.framework/Versions/A/Frameworks/OSServices.framework/Versions/A/OSServices
0x0000000021ee7000 	/System/Library/Frameworks/CoreServices.framework/Versions/A/Frameworks/SearchKit.framework/Versions/A/SearchKit
0x0000000021ee7000 	/System/Library/Frameworks/CoreServices.framework/Versions/A/Frameworks/AE.framework/Versions/A/AE
0x0000000021ee7000 	/System/Library/Frameworks/CoreServices.framework/Versions/A/Frameworks/LaunchServices.framework/Versions/A/LaunchServices
0x0000000021ee7000 	/System/Library/Frameworks/CoreServices.framework/Versions/A/Frameworks/DictionaryServices.framework/Versions/A/DictionaryServices
0x0000000021ee7000 	/System/Library/Frameworks/CoreServices.framework/Versions/A/Frameworks/SharedFileList.framework/Versions/A/SharedFileList
0x0000000021ee7000 	/usr/lib/libauto.dylib
0x0000000021ee7000 	/System/Library/Frameworks/SystemConfiguration.framework/Versions/A/SystemConfiguration
0x0000000021ee7000 	/System/Library/Frameworks/Security.framework/Versions/A/Security
0x0000000021ee7000 	/usr/lib/libsqlite3.dylib
0x0000000021ee7000 	/usr/lib/libxml2.2.dylib
0x0000000021ee7000 	/usr/lib/libnetwork.dylib
0x0000000021ee7000 	/usr/lib/libapple_nghttp2.dylib
0x0000000021ee7000 	/usr/lib/libpcap.A.dylib
0x0000000021ee7000 	/usr/lib/libboringssl.dylib
0x0000000021ee7000 	/usr/lib/libusrtcp.dylib
0x0000000021ee7000 	/usr/lib/libcoretls.dylib
0x0000000021ee7000 	/usr/lib/libcoretls_cfhelpers.dylib
0x0000000021ee7000 	/usr/lib/libapple_crypto.dylib
0x0000000021ee7000 	/System/Library/Frameworks/Foundation.framework/Versions/C/Foundation
0x0000000021ee7000 	/usr/lib/libOpenScriptingUtil.dylib
0x0000000021ee7000 	/usr/lib/libpam.2.dylib
0x0000000021ee7000 	/usr/lib/libxar.1.dylib
0x0000000021ee7000 	/System/Library/Frameworks/DiskArbitration.framework/Versions/A/DiskArbitration
0x0000000021ee7000 	/usr/lib/libarchive.2.dylib
0x0000000021ee7000 	/usr/lib/liblangid.dylib
0x0000000021ee7000 	/usr/lib/libCRFSuite.dylib
0x0000000021ee7000 	/usr/lib/libbz2.1.0.dylib
0x0000000021ee7000 	/usr/lib/liblzma.5.dylib
0x0000000021ee7000 	/System/Library/Frameworks/NetFS.framework/Versions/A/NetFS
0x0000000021ee7000 	/System/Library/PrivateFrameworks/NetAuth.framework/Versions/A/NetAuth
0x0000000021ee7000 	/System/Library/PrivateFrameworks/login.framework/Versions/A/Frameworks/loginsupport.framework/Versions/A/loginsupport
0x0000000021ee7000 	/System/Library/PrivateFrameworks/TCC.framework/Versions/A/TCC
0x0000000021ee7000 	/usr/lib/libmecabra.dylib
0x0000000021ee7000 	/System/Library/Frameworks/ApplicationServices.framework/Versions/A/ApplicationServices
0x0000000021ee7000 	/System/Library/Frameworks/CoreGraphics.framework/Versions/A/CoreGraphics
0x0000000021ee7000 	/System/Library/Frameworks/CoreText.framework/Versions/A/CoreText
0x0000000021ee7000 	/System/Library/Frameworks/ImageIO.framework/Versions/A/ImageIO
0x0000000021ee7000 	/System/Library/Frameworks/ColorSync.framework/Versions/A/ColorSync
0x0000000021ee7000 	/System/Library/Frameworks/ApplicationServices.framework/Versions/A/Frameworks/ATS.framework/Versions/A/ATS
0x0000000021ee7000 	/System/Library/Frameworks/ApplicationServices.framework/Versions/A/Frameworks/ColorSyncLegacy.framework/Versions/A/ColorSyncLegacy
0x0000000021ee7000 	/System/Library/Frameworks/ApplicationServices.framework/Versions/A/Frameworks/HIServices.framework/Versions/A/HIServices
0x0000000021ee7000 	/System/Library/Frameworks/ApplicationServices.framework/Versions/A/Frameworks/LangAnalysis.framework/Versions/A/LangAnalysis
0x0000000021ee7000 	/System/Library/Frameworks/ApplicationServices.framework/Versions/A/Frameworks/PrintCore.framework/Versions/A/PrintCore
0x0000000021ee7000 	/System/Library/Frameworks/ApplicationServices.framework/Versions/A/Frameworks/QD.framework/Versions/A/QD
0x0000000021ee7000 	/System/Library/Frameworks/ApplicationServices.framework/Versions/A/Frameworks/SpeechSynthesis.framework/Versions/A/SpeechSynthesis
0x0000000021ee7000 	/System/Library/PrivateFrameworks/SkyLight.framework/Versions/A/SkyLight
0x0000000021ee7000 	/System/Library/Frameworks/Accelerate.framework/Versions/A/Accelerate
0x0000000021ee7000 	/System/Library/Frameworks/CoreDisplay.framework/Versions/A/CoreDisplay
0x0000000021ee7000 	/System/Library/Frameworks/IOSurface.framework/Versions/A/IOSurface
0x0000000021ee7000 	/System/Library/Frameworks/Metal.framework/Versions/A/Metal
0x0000000021ee7000 	/System/Library/PrivateFrameworks/MultitouchSupport.framework/Versions/A/MultitouchSupport
0x0000000021ee7000 	/System/Library/Frameworks/QuartzCore.framework/Versions/A/QuartzCore
0x0000000021ee7000 	/System/Library/Frameworks/Accelerate.framework/Versions/A/Frameworks/vImage.framework/Versions/A/vImage
0x0000000021ee7000 	/System/Library/Frameworks/Accelerate.framework/Versions/A/Frameworks/vecLib.framework/Versions/A/vecLib
0x0000000021ee7000 	/System/Library/Frameworks/Accelerate.framework/Versions/A/Frameworks/vecLib.framework/Versions/A/libvDSP.dylib
0x0000000021ee7000 	/System/Library/Frameworks/Accelerate.framework/Versions/A/Frameworks/vecLib.framework/Versions/A/libBNNS.dylib
0x0000000021ee7000 	/System/Library/Frameworks/Accelerate.framework/Versions/A/Frameworks/vecLib.framework/Versions/A/libQuadrature.dylib
0x0000000021ee7000 	/System/Library/Frameworks/Accelerate.framework/Versions/A/Frameworks/vecLib.framework/Versions/A/libvMisc.dylib
0x0000000021ee7000 	/System/Library/Frameworks/Accelerate.framework/Versions/A/Frameworks/vecLib.framework/Versions/A/libLAPACK.dylib
0x0000000021ee7000 	/System/Library/Frameworks/Accelerate.framework/Versions/A/Frameworks/vecLib.framework/Versions/A/libBLAS.dylib
0x0000000021ee7000 	/System/Library/Frameworks/Accelerate.framework/Versions/A/Frameworks/vecLib.framework/Versions/A/libLinearAlgebra.dylib
0x0000000021ee7000 	/System/Library/Frameworks/Accelerate.framework/Versions/A/Frameworks/vecLib.framework/Versions/A/libSparse.dylib
0x0000000021ee7000 	/System/Library/Frameworks/Accelerate.framework/Versions/A/Frameworks/vecLib.framework/Versions/A/libSparseBLAS.dylib
0x0000000021ee7000 	/System/Library/PrivateFrameworks/IOAccelerator.framework/Versions/A/IOAccelerator
0x0000000021ee7000 	/System/Library/PrivateFrameworks/IOPresentment.framework/Versions/A/IOPresentment
0x0000000021ee7000 	/System/Library/PrivateFrameworks/DSExternalDisplay.framework/Versions/A/DSExternalDisplay
0x0000000021ee7000 	/System/Library/Frameworks/OpenGL.framework/Versions/A/Libraries/libCoreFSCache.dylib
0x0000000021ee7000 	/System/Library/Frameworks/CoreImage.framework/Versions/A/CoreImage
0x0000000021ee7000 	/System/Library/Frameworks/CoreVideo.framework/Versions/A/CoreVideo
0x0000000021ee7000 	/System/Library/Frameworks/OpenGL.framework/Versions/A/OpenGL
0x0000000021ee7000 	/System/Library/PrivateFrameworks/GraphVisualizer.framework/Versions/A/GraphVisualizer
0x0000000021ee7000 	/System/Library/Frameworks/MetalPerformanceShaders.framework/Versions/A/MetalPerformanceShaders
0x0000000021ee7000 	/usr/lib/libFosl_dynamic.dylib
0x0000000021ee7000 	/System/Library/PrivateFrameworks/FaceCore.framework/Versions/A/FaceCore
0x0000000021ee7000 	/System/Library/Frameworks/OpenCL.framework/Versions/A/OpenCL
0x0000000021ee7000 	/usr/lib/libcompression.dylib
0x0000000021ee7000 	/System/Library/Frameworks/ApplicationServices.framework/Versions/A/Frameworks/ATS.framework/Versions/A/Resources/libFontParser.dylib
0x0000000021ee7000 	/System/Library/Frameworks/ApplicationServices.framework/Versions/A/Frameworks/ATS.framework/Versions/A/Resources/libFontRegistry.dylib
0x0000000021ee7000 	/System/Library/Frameworks/ImageIO.framework/Versions/A/Resources/libJPEG.dylib
0x0000000021ee7000 	/System/Library/Frameworks/ImageIO.framework/Versions/A/Resources/libTIFF.dylib
0x0000000021ee7000 	/System/Library/Frameworks/ImageIO.framework/Versions/A/Resources/libPng.dylib
0x0000000021ee7000 	/System/Library/Frameworks/ImageIO.framework/Versions/A/Resources/libGIF.dylib
0x0000000021ee7000 	/System/Library/Frameworks/ImageIO.framework/Versions/A/Resources/libJP2.dylib
0x0000000021ee7000 	/System/Library/Frameworks/ImageIO.framework/Versions/A/Resources/libRadiance.dylib
0x0000000021ee7000 	/System/Library/PrivateFrameworks/AppleJPEG.framework/Versions/A/AppleJPEG
0x0000000021ee7000 	/System/Library/PrivateFrameworks/MetalTools.framework/Versions/A/MetalTools
0x0000000021ee7000 	/System/Library/Frameworks/MetalPerformanceShaders.framework/Frameworks/MPSCore.framework/Versions/A/MPSCore
0x0000000021ee7000 	/System/Library/Frameworks/MetalPerformanceShaders.framework/Frameworks/MPSImage.framework/Versions/A/MPSImage
0x0000000021ee7000 	/System/Library/Frameworks/MetalPerformanceShaders.framework/Frameworks/MPSMatrix.framework/Versions/A/MPSMatrix
0x0000000021ee7000 	/System/Library/Frameworks/MetalPerformanceShaders.framework/Frameworks/MPSNeuralNetwork.framework/Versions/A/MPSNeuralNetwork
0x0000000021ee7000 	/System/Library/Frameworks/OpenGL.framework/Versions/A/Libraries/libGLU.dylib
0x0000000021ee7000 	/System/Library/Frameworks/OpenGL.framework/Versions/A/Libraries/libGFXShared.dylib
0x0000000021ee7000 	/System/Library/Frameworks/OpenGL.framework/Versions/A/Libraries/libGL.dylib
0x0000000021ee7000 	/System/Library/Frameworks/OpenGL.framework/Versions/A/Libraries/libGLImage.dylib
0x0000000021ee7000 	/System/Library/Frameworks/OpenGL.framework/Versions/A/Libraries/libCVMSPluginSupport.dylib
0x0000000021ee7000 	/System/Library/Frameworks/OpenGL.framework/Versions/A/Libraries/libCoreVMClient.dylib
0x0000000021ee7000 	/usr/lib/libcups.2.dylib
0x0000000021ee7000 	/System/Library/Frameworks/Kerberos.framework/Versions/A/Kerberos
0x0000000021ee7000 	/System/Library/Frameworks/GSS.framework/Versions/A/GSS
0x0000000021ee7000 	/usr/lib/libresolv.9.dylib
0x0000000021ee7000 	/System/Library/PrivateFrameworks/Heimdal.framework/Versions/A/Heimdal
0x0000000021ee7000 	/usr/lib/libheimdal-asn1.dylib
0x0000000021ee7000 	/System/Library/Frameworks/OpenDirectory.framework/Versions/A/OpenDirectory
0x0000000021ee7000 	/System/Library/PrivateFrameworks/CommonAuth.framework/Versions/A/CommonAuth
0x0000000021ee7000 	/System/Library/Frameworks/OpenDirectory.framework/Versions/A/Frameworks/CFOpenDirectory.framework/Versions/A/CFOpenDirectory
0x0000000021ee7000 	/System/Library/Frameworks/SecurityFoundation.framework/Versions/A/SecurityFoundation
0x0000000021ee7000 	/System/Library/PrivateFrameworks/APFS.framework/Versions/A/APFS
0x0000000021ee7000 	/usr/lib/libutil.dylib
0x0000000021ee7000 	/System/Library/Frameworks/CoreAudio.framework/Versions/A/CoreAudio
0x0000000021ee7000 	/System/Library/Frameworks/AudioToolbox.framework/Versions/A/AudioToolbox
0x0000000021ee7000 	/System/Library/PrivateFrameworks/AppleSauce.framework/Versions/A/AppleSauce
0x0000000021ee7000 	/System/Library/PrivateFrameworks/LinguisticData.framework/Versions/A/LinguisticData
0x0000000021ee7000 	/usr/lib/libmarisa.dylib
0x0000000021ee7000 	/System/Library/PrivateFrameworks/Lexicon.framework/Versions/A/Lexicon
0x0000000021ee7000 	/usr/lib/libChineseTokenizer.dylib
0x0000000021ee7000 	/usr/lib/libcmph.dylib
0x0000000021ee7000 	/System/Library/PrivateFrameworks/LanguageModeling.framework/Versions/A/LanguageModeling
0x0000000021ee7000 	/System/Library/Frameworks/CoreData.framework/Versions/A/CoreData
0x0000000021ee7000 	/System/Library/PrivateFrameworks/CoreEmoji.framework/Versions/A/CoreEmoji
0x0000000021ee7000 	/System/Library/Frameworks/ServiceManagement.framework/Versions/A/ServiceManagement
0x0000000021ee7000 	/System/Library/PrivateFrameworks/BackgroundTaskManagement.framework/Versions/A/BackgroundTaskManagement
0x0000000021ee7000 	/usr/lib/libxslt.1.dylib
0x000000010f2b7000 	/Applications/IBM/SPSS/Statistics/25/SPSSStatistics.app/Contents/lib/libdatastr.dylib
0x000000010f2d3000 	/Applications/IBM/SPSS/Statistics/25/SPSSStatistics.app/Contents/lib/libstacrypt.dylib
0x0000000112051000 	/Applications/IBM/SPSS/Statistics/25/SPSSStatistics.app/Contents/lib/libmccomsps.dylib
0x000000010f2e0000 	/Applications/IBM/SPSS/Statistics/25/SPSSStatistics.app/Contents/lib/libspsspool.dylib
0x0000000112154000 	/Applications/IBM/SPSS/Statistics/25/SPSSStatistics.app/Contents/lib/libxchart.dylib
0x00000001121d8000 	/Applications/IBM/SPSS/Statistics/25/SPSSStatistics.app/Contents/lib/libviewerxml.dylib
0x000000011227d000 	/Applications/IBM/SPSS/Statistics/25/SPSSStatistics.app/Contents/lib/libspsswctl.dylib
0x0000000112391000 	/Applications/IBM/SPSS/Statistics/25/SPSSStatistics.app/Contents/lib/libuparser.dylib
0x0000000114d87000 	/Applications/IBM/SPSS/Statistics/25/SPSSStatistics.app/Contents/lib/libspssdx.dylib
0x0000000114db3000 	/Applications/IBM/SPSS/Statistics/25/SPSSStatistics.app/Contents/lib/libomsopmgr.dylib
0x0000000114dda000 	/Applications/IBM/SPSS/Statistics/25/SPSSStatistics.app/Contents/lib/libspsswcis.dylib
0x0000000114f0b000 	/Applications/IBM/SPSS/Statistics/25/SPSSStatistics.app/Contents/lib/libspsswmsg.dylib
0x0000000114f33000 	/Applications/IBM/SPSS/Statistics/25/SPSSStatistics.app/Contents/lib/libuadapter.dylib
0x0000000114f68000 	/Applications/IBM/SPSS/Statistics/25/SPSSStatistics.app/Contents/lib/libspssclef.dylib
0x0000000114fac000 	/Applications/IBM/SPSS/Statistics/25/SPSSStatistics.app/Contents/ext/bin/spss.common/libcfcore.dylib
0x0000000115091000 	/Applications/IBM/SPSS/Statistics/25/SPSSStatistics.app/Contents/ext/bin/spss.common/libcfcommon.dylib
0x000000011510a000 	/Applications/IBM/SPSS/Statistics/25/SPSSStatistics.app/Contents/lib/libfmsgs.dylib
0x000000011513e000 	/Applications/IBM/SPSS/Statistics/25/SPSSStatistics.app/Contents/lib/libnetcom.dylib
0x000000010f37a000 	/Applications/IBM/SPSS/Statistics/25/SPSSStatistics.app/Contents/lib/libfwutility.dylib
0x0000000115166000 	/Applications/IBM/SPSS/Statistics/25/SPSSStatistics.app/Contents/lib/libfilesort.dylib
0x000000011517a000 	/Applications/IBM/SPSS/Statistics/25/SPSSStatistics.app/Contents/lib/libmtxp.dylib
0x0000000115196000 	/Applications/IBM/SPSS/Statistics/25/SPSSStatistics.app/Contents/ext/bin/spss.common/libcorethread.dylib
0x00000001151a6000 	/Applications/IBM/SPSS/Statistics/25/SPSSStatistics.app/Contents/ext/bin/spss.common/libcfthread.dylib
0x00000001151ad000 	/Applications/IBM/SPSS/Statistics/25/SPSSStatistics.app/Contents/common/ext/bin/spss.common/libcfcomserv.dylib
0x00000001151c5000 	/Applications/IBM/SPSS/Statistics/25/SPSSStatistics.app/Contents/ext/bin/spss.common/libcfextension.dylib
0x00000001151fd000 	/Applications/IBM/SPSS/Statistics/25/SPSSStatistics.app/Contents/ext/bin/spss.common/libcffilter.dylib
0x000000011520c000 	/Applications/IBM/SPSS/Statistics/25/SPSSStatistics.app/Contents/ext/bin/spss.common/libcfcatencode.dylib
0x000000010d7f3000 	/Applications/IBM/SPSS/Statistics/25/SPSSStatistics.app/Contents/ext/bin/spss.common/libcfcomstatistic.dylib
0x000000011522b000 	/Applications/IBM/SPSS/Statistics/25/SPSSStatistics.app/Contents/ext/bin/spss.common/libtempfiles.dylib
0x0000000118251000 	/Applications/IBM/SPSS/Statistics/25/SPSSStatistics.app/Contents/lib/libpesrepo.dylib
0x0000000118b6d000 	/Applications/IBM/SPSS/Statistics/25/SPSSStatistics.app/Contents/lib/libspsswfil.dylib
0x0000000118c0d000 	/Applications/IBM/SPSS/Statistics/25/SPSSStatistics.app/Contents/lib/libchartxml.dylib
0x0000000118c6d000 	/Applications/IBM/SPSS/Statistics/25/SPSSStatistics.app/Contents/lib/libxlsxdac.dylib
0x0000000118ca5000 	/Applications/IBM/SPSS/Statistics/25/SPSSStatistics.app/Contents/lib/libpkginpr.dylib
0x0000000118cae000 	/Applications/IBM/SPSS/Statistics/25/SPSSStatistics.app/Contents/lib/libdacmmsgs.dylib
0x0000000118cba000 	/Applications/IBM/SPSS/Statistics/25/SPSSStatistics.app/Contents/lib/libtxtwdmsg.dylib
0x0000000118cc1000 	/Applications/IBM/SPSS/Statistics/25/SPSSStatistics.app/Contents/JRE/lib/jli/libjli.dylib
0x0000000021ee7000 	/System/Library/Frameworks/Cocoa.framework/Versions/A/Cocoa
0x0000000021ee7000 	/System/Library/Frameworks/AppKit.framework/Versions/C/AppKit
0x0000000021ee7000 	/System/Library/PrivateFrameworks/RemoteViewServices.framework/Versions/A/RemoteViewServices
0x0000000021ee7000 	/System/Library/PrivateFrameworks/UIFoundation.framework/Versions/A/UIFoundation
0x0000000021ee7000 	/System/Library/PrivateFrameworks/DFRFoundation.framework/Versions/A/DFRFoundation
0x0000000021ee7000 	/System/Library/PrivateFrameworks/DesktopServicesPriv.framework/Versions/A/DesktopServicesPriv
0x0000000021ee7000 	/usr/lib/libScreenReader.dylib
0x0000000021ee7000 	/System/Library/Frameworks/AudioUnit.framework/Versions/A/AudioUnit
0x0000000021ee7000 	/System/Library/PrivateFrameworks/DataDetectorsCore.framework/Versions/A/DataDetectorsCore
0x0000000021ee7000 	/System/Library/Frameworks/Carbon.framework/Versions/A/Frameworks/HIToolbox.framework/Versions/A/HIToolbox
0x0000000021ee7000 	/System/Library/Frameworks/Carbon.framework/Versions/A/Frameworks/SpeechRecognition.framework/Versions/A/SpeechRecognition
0x0000000021ee7000 	/System/Library/PrivateFrameworks/CoreUI.framework/Versions/A/CoreUI
0x0000000021ee7000 	/System/Library/PrivateFrameworks/PerformanceAnalysis.framework/Versions/A/PerformanceAnalysis
0x0000000021ee7000 	/System/Library/PrivateFrameworks/Backup.framework/Versions/A/Backup
0x0000000021ee7000 	/System/Library/Frameworks/Carbon.framework/Versions/A/Frameworks/Ink.framework/Versions/A/Ink
0x0000000021ee7000 	/System/Library/PrivateFrameworks/TextureIO.framework/Versions/A/TextureIO
0x0000000021ee7000 	/usr/lib/libate.dylib
0x0000000021ee7000 	/System/Library/PrivateFrameworks/CrashReporterSupport.framework/Versions/A/CrashReporterSupport
0x0000000021ee7000 	/System/Library/PrivateFrameworks/Sharing.framework/Versions/A/Sharing
0x0000000021ee7000 	/System/Library/PrivateFrameworks/IconServices.framework/Versions/A/IconServices
0x0000000021ee7000 	/System/Library/PrivateFrameworks/ProtocolBuffer.framework/Versions/A/ProtocolBuffer
0x0000000021ee7000 	/System/Library/PrivateFrameworks/Apple80211.framework/Versions/A/Apple80211
0x0000000021ee7000 	/System/Library/Frameworks/CoreWLAN.framework/Versions/A/CoreWLAN
0x0000000021ee7000 	/System/Library/PrivateFrameworks/CoreUtils.framework/Versions/A/CoreUtils
0x0000000021ee7000 	/System/Library/Frameworks/IOBluetooth.framework/Versions/A/IOBluetooth
0x0000000021ee7000 	/System/Library/PrivateFrameworks/CoreWiFi.framework/Versions/A/CoreWiFi
0x0000000021ee7000 	/System/Library/Frameworks/CoreBluetooth.framework/Versions/A/CoreBluetooth
0x0000000021ee7000 	/System/Library/PrivateFrameworks/SignpostNotification.framework/Versions/A/SignpostNotification
0x0000000021ee7000 	/System/Library/PrivateFrameworks/DebugSymbols.framework/Versions/A/DebugSymbols
0x0000000021ee7000 	/System/Library/PrivateFrameworks/CoreSymbolication.framework/Versions/A/CoreSymbolication
0x0000000021ee7000 	/System/Library/PrivateFrameworks/Symbolication.framework/Versions/A/Symbolication
0x0000000021ee7000 	/System/Library/PrivateFrameworks/AppleFSCompression.framework/Versions/A/AppleFSCompression
0x0000000021ee7000 	/System/Library/PrivateFrameworks/SpeechRecognitionCore.framework/Versions/A/SpeechRecognitionCore
0x0000000118cd1000 	/Applications/IBM/SPSS/Statistics/25/SPSSStatistics.app/Contents/JRE//lib/server/libjvm.dylib
0x0000000119c73000 	/Applications/IBM/SPSS/Statistics/25/SPSSStatistics.app/Contents/JRE/lib/libverify.dylib
0x0000000119c81000 	/Applications/IBM/SPSS/Statistics/25/SPSSStatistics.app/Contents/JRE/lib/libjava.dylib
0x0000000119cb6000 	/Applications/IBM/SPSS/Statistics/25/SPSSStatistics.app/Contents/JRE/lib/libzip.dylib
0x0000000021ee7000 	/System/Library/Frameworks/JavaVM.framework/Versions/A/Frameworks/JavaRuntimeSupport.framework/Versions/A/JavaRuntimeSupport
0x0000000021ee7000 	/System/Library/Frameworks/JavaVM.framework/Versions/A/Frameworks/JavaNativeFoundation.framework/Versions/A/JavaNativeFoundation
0x0000000021ee7000 	/System/Library/Frameworks/JavaVM.framework/Versions/A/JavaVM
0x0000000021ee7000 	/System/Library/Frameworks/Carbon.framework/Versions/A/Carbon
0x0000000021ee7000 	/System/Library/PrivateFrameworks/JavaLaunching.framework/Versions/A/JavaLaunching
0x0000000021ee7000 	/System/Library/Frameworks/Carbon.framework/Versions/A/Frameworks/CommonPanels.framework/Versions/A/CommonPanels
0x0000000021ee7000 	/System/Library/Frameworks/Carbon.framework/Versions/A/Frameworks/Help.framework/Versions/A/Help
0x0000000021ee7000 	/System/Library/Frameworks/Carbon.framework/Versions/A/Frameworks/ImageCapture.framework/Versions/A/ImageCapture
0x0000000021ee7000 	/System/Library/Frameworks/Carbon.framework/Versions/A/Frameworks/OpenScripting.framework/Versions/A/OpenScripting
0x0000000021ee7000 	/System/Library/Frameworks/Carbon.framework/Versions/A/Frameworks/Print.framework/Versions/A/Print
0x0000000021ee7000 	/System/Library/Frameworks/Carbon.framework/Versions/A/Frameworks/SecurityHI.framework/Versions/A/SecurityHI
0x0000000131a76000 	/Applications/IBM/SPSS/Statistics/25/SPSSStatistics.app/Contents/JRE/lib/libnet.dylib
0x00000001174b6000 	/Applications/IBM/SPSS/Statistics/25/SPSSStatistics.app/Contents/lib/libspsswarc.dylib
0x00000001180d8000 	/Applications/IBM/SPSS/Statistics/25/SPSSStatistics.app/Contents/lib/libspsswalt.dylib
0x00000001180f0000 	/Applications/IBM/SPSS/Statistics/25/SPSSStatistics.app/Contents/lib/libspsswoms.dylib
0x000000011811f000 	/Applications/IBM/SPSS/Statistics/25/SPSSStatistics.app/Contents/lib/libspsswbst.dylib
0x000000011812f000 	/Applications/IBM/SPSS/Statistics/25/SPSSStatistics.app/Contents/lib/libspsswone.dylib
0x0000000118162000 	/Applications/IBM/SPSS/Statistics/25/SPSSStatistics.app/Contents/lib/libspssweda.dylib
0x00000001181e5000 	/Applications/IBM/SPSS/Statistics/25/SPSSStatistics.app/Contents/JRE/lib/libmanagement.dylib
0x00000001181f3000 	/Applications/IBM/SPSS/Statistics/25/SPSSStatistics.app/Contents/JRE/lib/libosx.dylib
0x0000000118201000 	/Applications/IBM/SPSS/Statistics/25/SPSSStatistics.app/Contents/JRE/lib/./libosxapp.dylib
0x0000000021ee7000 	/System/Library/Frameworks/ExceptionHandling.framework/Versions/A/ExceptionHandling
0x0000000131bf3000 	/Applications/IBM/SPSS/Statistics/25/SPSSStatistics.app/Contents/JRE/lib/libawt.dylib
0x0000000131c9b000 	/Applications/IBM/SPSS/Statistics/25/SPSSStatistics.app/Contents/JRE/lib/./libmlib_image.dylib
0x0000000131d67000 	/Applications/IBM/SPSS/Statistics/25/SPSSStatistics.app/Contents/JRE/lib/libawt_lwawt.dylib
0x0000000131621000 	/Applications/IBM/SPSS/Statistics/25/SPSSStatistics.app/Contents/lib/libjniviewer.dylib
0x0000000131a0e000 	/Applications/IBM/SPSS/Statistics/25/SPSSStatistics.app/Contents/JRE/lib/libfontmanager.dylib
0x0000000021ee7000 	/System/Library/PrivateFrameworks/CoreServicesInternal.framework/Versions/A/CoreServicesInternal
0x00000001319d7000 	/Applications/IBM/SPSS/Statistics/25/SPSSStatistics.app/Contents/JRE/lib/libnio.dylib
0x0000000021ee7000 	/System/Library/Frameworks/ApplicationServices.framework/Versions/A/Frameworks/ATS.framework/Versions/A/Resources/libTrueTypeScaler.dylib

VM Arguments:
jvm_args: -Djava.library.path=/Applications/IBM/SPSS/Statistics/25/SPSSStatistics.app/Contents/bin/../JRE/lib/jli/:/Applications/IBM/SPSS/Statistics/25/SPSSStatistics.app/Contents/bin/../JRE/lib/:/Applications/IBM/SPSS/Statistics/25/SPSSStatistics.app/Contents/bin/../lib/:/Applications/IBM/SPSS/Statistics/25/SPSSStatistics.app/Contents/bin/ -Dapplication.home=/Applications/IBM/SPSS/Statistics/25/SPSSStatistics.app/Contents/bin -Dstatistics.home=/Applications/IBM/SPSS/Statistics/25/SPSSStatistics.app/Contents/bin -Djava.awt.headless=true -Dcom.sun.media.jai.disableMediaLib=true -Xms256M -Xmx2048M -XX:-UsePerfData -Dcom.ibm.jsse2.overrideDefaultProtocol=TLSv12 -Djava.io.tmpdir=/tmp/spss8cW5QC/ 
java_command: <unknown>
java_class_path (initial): :/Applications/IBM/SPSS/Statistics/25/SPSSStatistics.app/Contents/bin/ChartEditor.jar:/Applications/IBM/SPSS/Statistics/25/SPSSStatistics.app/Contents/bin/ChartEditorRes.jar:/Applications/IBM/SPSS/Statistics/25/SPSSStatistics.app/Contents/bin/CoreTools.jar:/Applications/IBM/SPSS/Statistics/25/SPSSStatistics.app/Contents/bin/CustomDialogBuilder.jar:/Applications/IBM/SPSS/Statistics/25/SPSSStatistics.app/Contents/bin/CustomDialogBuilderRes.jar:/Applications/IBM/SPSS/Statistics/25/SPSSStatistics.app/Contents/bin/ExViewerDialogDemo.jar:/Applications/IBM/SPSS/Statistics/25/SPSSStatistics.app/Contents/bin/ExViewerFrameDemo.jar:/Applications/IBM/SPSS/Statistics/25/SPSSStatistics.app/Contents/bin/ExportTools.jar:/Applications/IBM/SPSS/Statistics/25/SPSSStatistics.app/Contents/bin/ExtensionManager.jar:/Applications/IBM/SPSS/Statistics/25/SPSSStatistics.app/Contents/bin/ExtensionManagerRes.jar:/Applications/IBM/SPSS/Statistics/25/SPSSStatistics.app/Contents/bin/FieldChooser.jar:/Applications/IBM/SPSS/Statistics/25/SPSSStatistics.app/Contents/bin/InstallExtBundles.jar:/Applications/IBM/SPSS/Statistics/25/SPSSStatistics.app/Contents/bin/InstallExtBundlesRes.jar:/Applications/IBM/SPSS/Statistics/25/SPSSStatistics.app/Contents/bin/JRegEdit.jar:/Applications/IBM/SPSS/Statistics/25/SPSSStatistics.app/Contents/bin/JimiProClasses.jar:/Applications/IBM/SPSS/Statistics/25/SPSSStatistics.app/Contents/bin/LightTable.jar:/Applications/IBM/SPSS/Statistics/25/SPSSStatistics.app/Contents/bin/ModelViewer.jar:/Applications/IBM/SPSS/Statistics/25/SPSSStatistics.app/Contents/bin/PivotTableEditor.jar:/Applications/IBM/SPSS/Statistics/25/SPSSStatistics.app/Contents/bin/PivotTableEditorRes.jar:/Applications/IBM/SPSS/Statistics/25/SPSSStatistics.app/Contents/bin/RConfig.jar:/Applications/IBM/SPSS/Statistics/25/SPSSStatistics.app/Contents/bin/RapidSpell.jar:/Applications/IBM/SPSS/Statistics/25/SPSSStatistics.app/Contents/bin/RapidSpellMDict.jar:/Applications/IBM/SPSS/Stat
Launcher Type: generic

Environment Variables:
PATH=/Applications/IBM/SPSS/Statistics/25/SPSSStatistics.app/Contents/bin:/usr/bin:/bin:/usr/sbin:/sbin
SHELL=/bin/bash
DISPLAY=/private/tmp/com.apple.launchd.bMYPE4yQHd/org.macosforge.xquartz:0
DYLD_LIBRARY_PATH=/Applications/IBM/SPSS/Statistics/25/SPSSStatistics.app/Contents/lib:/Applications/IBM/SPSS/Statistics/25/SPSSStatistics.app/Contents/common/ext/bin/spss.common:/Applications/IBM/SPSS/Statistics/25/SPSSStatistics.app/Contents/ext/bin/spss.common:/Applications/IBM/SPSS/Statistics/25/SPSSStatistics.app/Contents/lib:/Applications/IBM/SPSS/Statistics/25/SPSSStatistics.app/Contents/Library/Frameworks/Sentinel.framework:/Applications/IBM/SPSS/Statistics/25/SPSSStatistics.app/Contents/Library/Frameworks/SuperPro.framework:/Applications/IBM/SPSS/Statistics/25/SPSSStatistics.app/Contents/JRE/lib/jli

Signal Handlers:
SIGSEGV: [libjvm.dylib+0x5b1141], sa_mask[0]=11111111011111110111111111111111, sa_flags=SA_ONSTACK|SA_RESTART|SA_SIGINFO
SIGBUS: [libjvm.dylib+0x5b1141], sa_mask[0]=11111111011111110111111111111111, sa_flags=SA_RESTART|SA_SIGINFO
SIGFPE: [libjvm.dylib+0x487bc4], sa_mask[0]=11111111011111110111111111111111, sa_flags=SA_RESTART|SA_SIGINFO
SIGPIPE: [libjvm.dylib+0x487bc4], sa_mask[0]=11111111011111110111111111111111, sa_flags=SA_RESTART|SA_SIGINFO
SIGXFSZ: [libjvm.dylib+0x487bc4], sa_mask[0]=11111111011111110111111111111111, sa_flags=SA_RESTART|SA_SIGINFO
SIGILL: [libjvm.dylib+0x487bc4], sa_mask[0]=11111111011111110111111111111111, sa_flags=SA_RESTART|SA_SIGINFO
SIGUSR1: SIG_DFL, sa_mask[0]=00000000000000000000000000000000, sa_flags=none
SIGUSR2: [libjvm.dylib+0x4876e2], sa_mask[0]=00100000000000000000000000000000, sa_flags=SA_RESTART|SA_SIGINFO
SIGHUP: [libjvm.dylib+0x485cb9], sa_mask[0]=11111111011111110111111111111111, sa_flags=SA_RESTART|SA_SIGINFO
SIGINT: [libjvm.dylib+0x485cb9], sa_mask[0]=11111111011111110111111111111111, sa_flags=SA_RESTART|SA_SIGINFO
SIGTERM: [libjvm.dylib+0x485cb9], sa_mask[0]=11111111011111110111111111111111, sa_flags=SA_RESTART|SA_SIGINFO
SIGQUIT: [libjvm.dylib+0x485cb9], sa_mask[0]=11111111011111110111111111111111, sa_flags=SA_RESTART|SA_SIGINFO


---------------  S Y S T E M  ---------------

OS:Bsduname:Darwin 17.3.0 Darwin Kernel Version 17.3.0: Thu Nov  9 18:09:22 PST 2017; root:xnu-4570.31.3~1/RELEASE_X86_64 x86_64
rlimit: STACK 8192k, CORE 0k, NPROC 1418, NOFILE 10240, AS infinity
load average:2.82 2.64 2.32

CPU:total 8 (4 cores per cpu, 2 threads per core) family 6 model 70 stepping 1, cmov, cx8, fxsr, mmx, sse, sse2, sse3, ssse3, sse4.1, sse4.2, popcnt, avx, avx2, aes, clmul, erms, lzcnt, ht, tsc, tscinvbit, bmi1, bmi2

Memory: 4k page, physical 16777216k(26412k free)

/proc/meminfo:


vm_info: Java HotSpot(TM) 64-Bit Server VM (25.121-b13) for bsd-amd64 JRE (1.8.0_121-b13), built on Dec 12 2016 20:39:32 by "java_re" with gcc 4.2.1 (Based on Apple Inc. build 5658) (LLVM build 2336.11.00)

time: Sat Jun 23 23:06:31 2018
elapsed time: 243 seconds (0d 0h 4m 3s)

