#
# A fatal error has been detected by the Java Runtime Environment:
#
#  SIGSEGV (0xb) at pc=0x00007fff7438ef49, pid=69652, tid=0x0000000000000307
#
# JRE version: Java(TM) 2 Runtime Environment, Standard Edition (8.0_121-b13) (build 1.8.0_121-b13 14_Feb_2017_06_58 Mac OS X x64(SR4 FP1))
# Java VM: Java HotSpot(TM) 64-Bit Server VM (25.121-b13 mixed mode bsd-amd64 compressed oops)
# Problematic frame:
# C  [libsystem_platform.dylib+0x4f49]  _platform_memmove$VARIANT$Haswell+0x29
#
# Failed to write core dump. Core dumps have been disabled. To enable core dumping, try "ulimit -c unlimited" before starting Java again
#
# If you would like to submit a bug report, please visit:
#   http://bugreport.java.com/bugreport/crash.jsp
#

---------------  T H R E A D  ---------------

Current thread is native thread

siginfo: si_signo: 11 (SIGSEGV), si_code: 1 (SEGV_MAPERR), si_addr: 0x00007fc3bd300000

Registers:
RAX=0x000000015b42d000, RBX=0x00007ffeeb504478, RCX=0x000000005d1397e9, RDX=0x0000000066000000
RSP=0x00007ffeeb501ac0, RBP=0x00007ffeeb501ac0, RSI=0x00007fc3bd300000, RDI=0x00000001642f3817
R8 =0x0000000003000001, R9 =0x0000000000000003, R10=0x0000000000000000, R11=0xffff803da6ff3817
R12=0x00007fc3b44397e9, R13=0x000000000000001d, R14=0x0000000066000000, R15=0x000000015b42d000
RIP=0x00007fff7438ef49, EFLAGS=0x0000000000010206, ERR=0x0000000000000004
  TRAPNO=0x000000000000000e

Top of Stack: (sp=0x00007ffeeb501ac0)
0x00007ffeeb501ac0:   00007ffeeb501b70 000000010470d2d8
0x00007ffeeb501ad0:   00007ffeeb501b20 000000010470b516
0x00007ffeeb501ae0:   00007ffeeb501c4c 0000544900000008
0x00007ffeeb501af0:   00007fc3b44397e5 00000004b44397b4
0x00007ffeeb501b00:   00007ffeeb504490 00007ffeeb501b40
0x00007ffeeb501b10:   00007fffad121d98 00007ffeeb504448
0x00007ffeeb501b20:   00007fc3b440d6f8 000000010470b3a1
0x00007ffeeb501b30:   0000000000000002 00007ffeeb501c50
0x00007ffeeb501b40:   424f525000000000 0000000000000004
0x00007ffeeb501b50:   00007ffeeb5043f0 0000000000000000
0x00007ffeeb501b60:   000000000000004c 00007fc3b4439780
0x00007ffeeb501b70:   00007ffeeb501c80 0000000104a0a5e2
0x00007ffeeb501b80:   fd00000070001000 0000000104a4ffff
0x00007ffeeb501b90:   00007ffeeb501c20 00007fff742c9758
0x00007ffeeb501ba0:   0000000000000000 0000000000000000
0x00007ffeeb501bb0:   00007fc3b4443120 000000010af7ba00
0x00007ffeeb501bc0:   0000000000000000 0000000000000010
0x00007ffeeb501bd0:   0000000000000001 0000000104a41080
0x00007ffeeb501be0:   0000000104a41080 000000010af7ba00
0x00007ffeeb501bf0:   0000000104a40000 0000000000000000
0x00007ffeeb501c00:   000000000af7ba00 0000000000000000
0x00007ffeeb501c10:   00007ffeeb501cc0 0000000000000000
0x00007ffeeb501c20:   00007fffad1fb000 0000000000000000
0x00007ffeeb501c30:   00007ffeeb501c60 00007fff742b2201
0x00007ffeeb501c40:   0000000000000000 0000000000000000
0x00007ffeeb501c50:   000000040000003c 00007ffeeb5043f0
0x00007ffeeb501c60:   00007ffeeb501cc0 0000000000000000
0x00007ffeeb501c70:   00007fc3b4439780 0000000000000000
0x00007ffeeb501c80:   00007ffeeb503cf0 0000000104a039e9
0x00007ffeeb501c90:   0000000000000000 00007ffeeb5043f0
0x00007ffeeb501ca0:   00007fc3b4605390 00007fc3b4439780
0x00007ffeeb501cb0:   0000000000000000 0000000000000000 

Instructions: (pc=0x00007fff7438ef49)
0x00007fff7438ef29:   f3 48 89 f8 49 39 d3 72 1b 48 83 fa 60 76 2f 48
0x00007fff7438ef39:   81 fa 00 40 00 00 0f 82 cb 00 00 00 48 89 d1 fc
0x00007fff7438ef49:   f3 a4 5d c3 48 39 fe 74 f9 48 01 d6 48 01 d7 48
0x00007fff7438ef59:   83 fa 60 0f 82 8c 01 00 00 e9 a9 01 00 00 48 83 

Register to memory mapping:

RAX=0x000000015b42d000 is an unknown value
RBX=0x00007ffeeb504478 is an unknown value
RCX=0x000000005d1397e9 is an unknown value
RDX=0x0000000066000000 is an unknown value
RSP=0x00007ffeeb501ac0 is an unknown value
RBP=0x00007ffeeb501ac0 is an unknown value
RSI=0x00007fc3bd300000 is an unknown value
RDI=0x00000001642f3817 is an unknown value
R8 =0x0000000003000001 is an unknown value
R9 =0x0000000000000003 is an unknown value
R10=0x0000000000000000 is an unknown value
R11=0xffff803da6ff3817 is an unknown value
R12=0x00007fc3b44397e9 is an unknown value
R13=0x000000000000001d is an unknown value
R14=0x0000000066000000 is an unknown value
R15=0x000000015b42d000 is an unknown value


Stack: [0x00007ffeead05000,0x00007ffeeb505000],  sp=0x00007ffeeb501ac0,  free space=8178k
Native frames: (J=compiled Java code, j=interpreted, Vv=VM code, C=native code)
C  [libsystem_platform.dylib+0x4f49]  _platform_memmove$VARIANT$Haswell+0x29
C  [StartXD+0x122d8]  _ZN10StringData9ParseDataEPvRi+0xe2
C  [libspssdxcom.dylib+0x125e2]  _ZN8CleXDSmb8ParseBufEPv+0x90
C  [libspssdxcom.dylib+0xb9e9]  _Z11ReceiveDataP16JavaPlugInSocketR8CleXDSmb+0xfa
C  [StartXD+0x25fe]  main+0xa6b
C  [libdyld.dylib+0x1115]  start+0x1


---------------  P R O C E S S  ---------------

VM state:not at safepoint (normal execution)

VM Mutex/Monitor currently owned by a thread: None

Heap:
 PSYoungGen      total 689152K, used 13421K [0x0000000795580000, 0x00000007bff00000, 0x00000007c0000000)
  eden space 680448K, 1% used [0x0000000795580000,0x000000079629b610,0x00000007bee00000)
  from space 8704K, 0% used [0x00000007bee00000,0x00000007bee00000,0x00000007bf680000)
  to   space 8704K, 0% used [0x00000007bf680000,0x00000007bf680000,0x00000007bff00000)
 ParOldGen       total 175104K, used 13070K [0x0000000740000000, 0x000000074ab00000, 0x0000000795580000)
  object space 175104K, 7% used [0x0000000740000000,0x0000000740cc3918,0x000000074ab00000)
 Metaspace       used 19823K, capacity 20116K, committed 20480K, reserved 1067008K
  class space    used 2369K, capacity 2463K, committed 2560K, reserved 1048576K

Card table byte_map: [0x0000000121dd5000,0x00000001221d6000] byte_map_base: 0x000000011e3d5000

Marking Bits: (ParMarkBitMap*) 0x0000000112317d30
 Begin Bits: [0x0000000122481000, 0x0000000124481000)
 End Bits:   [0x0000000124481000, 0x0000000126481000)

Polling page: 0x0000000105076000

CodeCache: size=245760Kb used=14431Kb max_used=14460Kb free=231328Kb
 bounds [0x0000000112a15000, 0x0000000113855000, 0x0000000121a15000]
 total_blobs=3886 nmethods=3376 adapters=423
 compilation: enabled

Compilation events (10 events):
Event: 16.920 Thread 0x00007fc3b5830800 nmethod 3413 0x0000000112b7b710 code [0x0000000112b7b900, 0x0000000112b7c188]
Event: 16.920 Thread 0x00007fc3b5830800 3393       1       org.openxmlformats.schemas.spreadsheetml._2006.main.descriptors.IsDescriptor::getNameSpacePrefix (5 bytes)
Event: 16.920 Thread 0x00007fc3b5830800 nmethod 3393 0x0000000113792290 code [0x00000001137923e0, 0x00000001137924f0]
Event: 16.920 Thread 0x00007fc3b5830800 3414       1       org.openxmlformats.schemas.spreadsheetml._2006.main.descriptors.MergeCellDescriptor::getNameSpacePrefix (5 bytes)
Event: 16.920 Thread 0x00007fc3b5830800 nmethod 3414 0x0000000112b7b450 code [0x0000000112b7b5a0, 0x0000000112b7b6b0]
Event: 16.920 Thread 0x00007fc3b5830800 3396       1       org.openxmlformats.schemas.spreadsheetml._2006.main.descriptors.RowDescriptor::getNameSpacePrefix (5 bytes)
Event: 16.920 Thread 0x00007fc3b5830800 nmethod 3396 0x0000000112b7b190 code [0x0000000112b7b2e0, 0x0000000112b7b3f0]
Event: 16.920 Thread 0x00007fc3b5830800 3370       1       org.openxmlformats.schemas.spreadsheetml._2006.main.types.ST_VerticalAlignRun::toString (5 bytes)
Event: 16.920 Thread 0x00007fc3b5830800 nmethod 3370 0x0000000112b7aed0 code [0x0000000112b7b020, 0x0000000112b7b130]
Event: 16.946 Thread 0x00007fc3b48ef000 nmethod 3409 0x0000000113841450 code [0x0000000113841860, 0x0000000113845ee8]

GC Heap History (10 events):
Event: 14.540 GC heap before
{Heap before GC invocations=8 (full 0):
 PSYoungGen      total 268288K, used 263378K [0x0000000795580000, 0x00000007b6080000, 0x00000007c0000000)
  eden space 258048K, 100% used [0x0000000795580000,0x00000007a5180000,0x00000007a5180000)
  from space 10240K, 52% used [0x00000007a5180000,0x00000007a56b4a80,0x00000007a5b80000)
  to   space 9728K, 0% used [0x00000007b5700000,0x00000007b5700000,0x00000007b6080000)
 ParOldGen       total 175104K, used 7899K [0x0000000740000000, 0x000000074ab00000, 0x0000000795580000)
  object space 175104K, 4% used [0x0000000740000000,0x00000007407b6c70,0x000000074ab00000)
 Metaspace       used 18969K, capacity 19228K, committed 19584K, reserved 1067008K
  class space    used 2281K, capacity 2363K, committed 2432K, reserved 1048576K
Event: 14.545 GC heap after
Heap after GC invocations=8 (full 0):
 PSYoungGen      total 524800K, used 5298K [0x0000000795580000, 0x00000007b5f80000, 0x00000007c0000000)
  eden space 516096K, 0% used [0x0000000795580000,0x0000000795580000,0x00000007b4d80000)
  from space 8704K, 60% used [0x00000007b5700000,0x00000007b5c2ca80,0x00000007b5f80000)
  to   space 9216K, 0% used [0x00000007b4d80000,0x00000007b4d80000,0x00000007b5680000)
 ParOldGen       total 175104K, used 7939K [0x0000000740000000, 0x000000074ab00000, 0x0000000795580000)
  object space 175104K, 4% used [0x0000000740000000,0x00000007407c0c70,0x000000074ab00000)
 Metaspace       used 18969K, capacity 19228K, committed 19584K, reserved 1067008K
  class space    used 2281K, capacity 2363K, committed 2432K, reserved 1048576K
}
Event: 15.386 GC heap before
{Heap before GC invocations=9 (full 0):
 PSYoungGen      total 524800K, used 521394K [0x0000000795580000, 0x00000007b5f80000, 0x00000007c0000000)
  eden space 516096K, 100% used [0x0000000795580000,0x00000007b4d80000,0x00000007b4d80000)
  from space 8704K, 60% used [0x00000007b5700000,0x00000007b5c2ca80,0x00000007b5f80000)
  to   space 9216K, 0% used [0x00000007b4d80000,0x00000007b4d80000,0x00000007b5680000)
 ParOldGen       total 175104K, used 7939K [0x0000000740000000, 0x000000074ab00000, 0x0000000795580000)
  object space 175104K, 4% used [0x0000000740000000,0x00000007407c0c70,0x000000074ab00000)
 Metaspace       used 19153K, capacity 19458K, committed 19584K, reserved 1067008K
  class space    used 2289K, capacity 2396K, committed 2432K, reserved 1048576K
Event: 15.392 GC heap after
Heap after GC invocations=9 (full 0):
 PSYoungGen      total 525312K, used 3904K [0x0000000795580000, 0x00000007c0000000, 0x00000007c0000000)
  eden space 516096K, 0% used [0x0000000795580000,0x0000000795580000,0x00000007b4d80000)
  from space 9216K, 42% used [0x00000007b4d80000,0x00000007b5150000,0x00000007b5680000)
  to   space 9216K, 0% used [0x00000007bf700000,0x00000007bf700000,0x00000007c0000000)
 ParOldGen       total 175104K, used 11146K [0x0000000740000000, 0x000000074ab00000, 0x0000000795580000)
  object space 175104K, 6% used [0x0000000740000000,0x0000000740ae2af8,0x000000074ab00000)
 Metaspace       used 19153K, capacity 19458K, committed 19584K, reserved 1067008K
  class space    used 2289K, capacity 2396K, committed 2432K, reserved 1048576K
}
Event: 16.123 GC heap before
{Heap before GC invocations=10 (full 0):
 PSYoungGen      total 525312K, used 520000K [0x0000000795580000, 0x00000007c0000000, 0x00000007c0000000)
  eden space 516096K, 100% used [0x0000000795580000,0x00000007b4d80000,0x00000007b4d80000)
  from space 9216K, 42% used [0x00000007b4d80000,0x00000007b5150000,0x00000007b5680000)
  to   space 9216K, 0% used [0x00000007bf700000,0x00000007bf700000,0x00000007c0000000)
 ParOldGen       total 175104K, used 11146K [0x0000000740000000, 0x000000074ab00000, 0x0000000795580000)
  object space 175104K, 6% used [0x0000000740000000,0x0000000740ae2af8,0x000000074ab00000)
 Metaspace       used 19356K, capacity 19650K, committed 19840K, reserved 1067008K
  class space    used 2292K, capacity 2396K, committed 2432K, reserved 1048576K
Event: 16.127 GC heap after
Heap after GC invocations=10 (full 0):
 PSYoungGen      total 688640K, used 4000K [0x0000000795580000, 0x00000007bff00000, 0x00000007c0000000)
  eden space 680448K, 0% used [0x0000000795580000,0x0000000795580000,0x00000007bee00000)
  from space 8192K, 48% used [0x00000007bf700000,0x00000007bfae8000,0x00000007bff00000)
  to   space 8704K, 0% used [0x00000007bee00000,0x00000007bee00000,0x00000007bf680000)
 ParOldGen       total 175104K, used 11274K [0x0000000740000000, 0x000000074ab00000, 0x0000000795580000)
  object space 175104K, 6% used [0x0000000740000000,0x0000000740b02af8,0x000000074ab00000)
 Metaspace       used 19356K, capacity 19650K, committed 19840K, reserved 1067008K
  class space    used 2292K, capacity 2396K, committed 2432K, reserved 1048576K
}
Event: 16.863 GC heap before
{Heap before GC invocations=11 (full 0):
 PSYoungGen      total 688640K, used 531167K [0x0000000795580000, 0x00000007bff00000, 0x00000007c0000000)
  eden space 680448K, 77% used [0x0000000795580000,0x00000007b584fcf8,0x00000007bee00000)
  from space 8192K, 48% used [0x00000007bf700000,0x00000007bfae8000,0x00000007bff00000)
  to   space 8704K, 0% used [0x00000007bee00000,0x00000007bee00000,0x00000007bf680000)
 ParOldGen       total 175104K, used 11274K [0x0000000740000000, 0x000000074ab00000, 0x0000000795580000)
  object space 175104K, 6% used [0x0000000740000000,0x0000000740b02af8,0x000000074ab00000)
 Metaspace       used 19794K, capacity 20116K, committed 20480K, reserved 1067008K
  class space    used 2365K, capacity 2463K, committed 2560K, reserved 1048576K
Event: 16.867 GC heap after
Heap after GC invocations=11 (full 0):
 PSYoungGen      total 689152K, used 3712K [0x0000000795580000, 0x00000007bff00000, 0x00000007c0000000)
  eden space 680448K, 0% used [0x0000000795580000,0x0000000795580000,0x00000007bee00000)
  from space 8704K, 42% used [0x00000007bee00000,0x00000007bf1a0000,0x00000007bf680000)
  to   space 8704K, 0% used [0x00000007bf680000,0x00000007bf680000,0x00000007bff00000)
 ParOldGen       total 175104K, used 11418K [0x0000000740000000, 0x000000074ab00000, 0x0000000795580000)
  object space 175104K, 6% used [0x0000000740000000,0x0000000740b26af8,0x000000074ab00000)
 Metaspace       used 19794K, capacity 20116K, committed 20480K, reserved 1067008K
  class space    used 2365K, capacity 2463K, committed 2560K, reserved 1048576K
}
Event: 16.867 GC heap before
{Heap before GC invocations=12 (full 1):
 PSYoungGen      total 689152K, used 3712K [0x0000000795580000, 0x00000007bff00000, 0x00000007c0000000)
  eden space 680448K, 0% used [0x0000000795580000,0x0000000795580000,0x00000007bee00000)
  from space 8704K, 42% used [0x00000007bee00000,0x00000007bf1a0000,0x00000007bf680000)
  to   space 8704K, 0% used [0x00000007bf680000,0x00000007bf680000,0x00000007bff00000)
 ParOldGen       total 175104K, used 11418K [0x0000000740000000, 0x000000074ab00000, 0x0000000795580000)
  object space 175104K, 6% used [0x0000000740000000,0x0000000740b26af8,0x000000074ab00000)
 Metaspace       used 19794K, capacity 20116K, committed 20480K, reserved 1067008K
  class space    used 2365K, capacity 2463K, committed 2560K, reserved 1048576K
Event: 16.903 GC heap after
Heap after GC invocations=12 (full 1):
 PSYoungGen      total 689152K, used 0K [0x0000000795580000, 0x00000007bff00000, 0x00000007c0000000)
  eden space 680448K, 0% used [0x0000000795580000,0x0000000795580000,0x00000007bee00000)
  from space 8704K, 0% used [0x00000007bee00000,0x00000007bee00000,0x00000007bf680000)
  to   space 8704K, 0% used [0x00000007bf680000,0x00000007bf680000,0x00000007bff00000)
 ParOldGen       total 175104K, used 13070K [0x0000000740000000, 0x000000074ab00000, 0x0000000795580000)
  object space 175104K, 7% used [0x0000000740000000,0x0000000740cc3918,0x000000074ab00000)
 Metaspace       used 19794K, capacity 20116K, committed 20480K, reserved 1067008K
  class space    used 2365K, capacity 2463K, committed 2560K, reserved 1048576K
}

Deoptimization events (10 events):
Event: 16.754 Thread 0x00007fc3b4885000 Uncommon trap: reason=class_check action=maybe_recompile pc=0x0000000112ddf5b8 method=java.io.Writer.write(Ljava/lang/String;)V @ 7
Event: 16.768 Thread 0x00007fc3b4885000 Uncommon trap: reason=unstable_if action=reinterpret pc=0x000000011349cef4 method=org.exolab.castor.xml.FieldValidator.validate(Ljava/lang/Object;Lorg/exolab/castor/xml/ValidationContext;)V @ 377
Event: 16.800 Thread 0x00007fc3b4885000 Uncommon trap: reason=unstable_if action=reinterpret pc=0x000000011374c28c method=org.exolab.castor.xml.Marshaller.marshal(Ljava/lang/Object;Lorg/exolab/castor/xml/XMLFieldDescriptor;Lorg/xml/sax/ContentHandler;Lorg/exolab/castor/xml/Marshaller$MarshalSta
Event: 16.800 Thread 0x00007fc3b4885000 Uncommon trap: reason=unstable_if action=reinterpret pc=0x0000000112b22a3c method=org.exolab.castor.xml.util.XMLFieldDescriptorImpl.getProperty(Ljava/lang/String;)Ljava/lang/String; @ 4
Event: 16.804 Thread 0x00007fc3b4885000 Uncommon trap: reason=unstable_if action=reinterpret pc=0x00000001134fddac method=org.apache.xml.serialize.Printer.printText(C)V @ 7
Event: 16.815 Thread 0x00007fc3b4885000 Uncommon trap: reason=unstable_if action=reinterpret pc=0x0000000113308e38 method=org.apache.xml.serialize.Printer.printText(C)V @ 7
Event: 16.830 Thread 0x00007fc3b4885000 Uncommon trap: reason=unstable_if action=reinterpret pc=0x00000001137a9778 method=org.apache.xml.serialize.Printer.printSpace()V @ 7
Event: 16.853 Thread 0x00007fc3b4885000 Uncommon trap: reason=class_check action=maybe_recompile pc=0x0000000112ddf5b8 method=java.io.Writer.write(Ljava/lang/String;)V @ 7
Event: 16.861 Thread 0x00007fc3b4885000 Uncommon trap: reason=unstable_if action=reinterpret pc=0x00000001137ac6d8 method=org.exolab.castor.xml.Marshaller.processAttribute(Ljava/lang/Object;Lorg/exolab/castor/xml/XMLFieldDescriptor;Lorg/xml/sax/helpers/AttributesImpl;)V @ 145
Event: 16.863 Thread 0x00007fc3b4885000 Uncommon trap: reason=class_check action=maybe_recompile pc=0x000000011364ba3c method=java.util.HashMap.putMapEntries(Ljava/util/Map;Z)V @ 1

Internal exceptions (10 events):
Event: 11.945 Thread 0x00007fc3b4885000 Exception <a 'java/lang/NoSuchFieldError': method resolution failed> (0x000000079cfd7ad0) thrown at [/Users/java_re/workspace/8-2-build-macosx-x86_64/jdk8u121/8372/hotspot/src/share/vm/prims/methodHandles.cpp, line 1146]
Event: 11.947 Thread 0x00007fc3b4885000 Exception <a 'java/lang/NoSuchFieldError': method resolution failed> (0x000000079cfe51c0) thrown at [/Users/java_re/workspace/8-2-build-macosx-x86_64/jdk8u121/8372/hotspot/src/share/vm/prims/methodHandles.cpp, line 1146]
Event: 11.960 Thread 0x00007fc3b4885000 Exception <a 'java/io/FileNotFoundException'> (0x000000079d05df28) thrown at [/Users/java_re/workspace/8-2-build-macosx-x86_64/jdk8u121/8372/hotspot/src/share/vm/prims/jni.cpp, line 709]
Event: 11.960 Thread 0x00007fc3b4885000 Exception <a 'java/io/FileNotFoundException'> (0x000000079d05ea88) thrown at [/Users/java_re/workspace/8-2-build-macosx-x86_64/jdk8u121/8372/hotspot/src/share/vm/prims/jni.cpp, line 709]
Event: 11.983 Thread 0x00007fc3b4885000 Exception <a 'java/io/FileNotFoundException'> (0x000000079d06ba88) thrown at [/Users/java_re/workspace/8-2-build-macosx-x86_64/jdk8u121/8372/hotspot/src/share/vm/prims/jni.cpp, line 709]
Event: 12.279 Thread 0x00007fc3b4885000 Implicit null exception at 0x0000000112cabb35 to 0x0000000112cabd89
Event: 12.279 Thread 0x00007fc3b4885000 Implicit null exception at 0x0000000112e844fb to 0x0000000112e84d9d
Event: 14.653 Thread 0x00007fc3b4885000 Implicit null exception at 0x000000011341e141 to 0x000000011341e265
Event: 16.528 Thread 0x00007fc3b4885000 Implicit null exception at 0x00000001136e0d5a to 0x00000001136e4d59
Event: 16.594 Thread 0x00007fc3b4885000 Implicit null exception at 0x00000001136ef370 to 0x00000001136efec5

Events (10 events):
Event: 16.906 loading class com/spss/repository/client/application/RepositoryServerErrorException
Event: 16.906 loading class com/spss/repository/client/application/RepositoryServerErrorException done
Event: 16.906 loading class com/spss/repository/client/application/RepositoryServerLockException
Event: 16.906 loading class com/spss/repository/client/application/RepositoryServerLockException done
Event: 16.906 loading class com/spss/repository/client/application/RepositoryServerDuplicateObjectNameException
Event: 16.906 loading class com/spss/repository/client/application/RepositoryServerDuplicateObjectNameException done
Event: 16.906 loading class javax/activation/MimeTypeParseException
Event: 16.906 loading class javax/activation/MimeTypeParseException done
Event: 16.907 loading class java/net/URISyntaxException
Event: 16.907 loading class java/net/URISyntaxException done


Dynamic libraries:
0x0000000024e73000 	/System/Library/Frameworks/CoreFoundation.framework/Versions/A/CoreFoundation
0x0000000024e73000 	/System/Library/Frameworks/IOKit.framework/Versions/A/IOKit
0x0000000024e73000 	/usr/lib/libstdc++.6.0.9.dylib
0x0000000104722000 	/Applications/IBM/SPSS/Statistics/25/SPSSStatistics.app/Contents/lib/libtempdir.dylib
0x0000000104747000 	/Applications/IBM/SPSS/Statistics/25/SPSSStatistics.app/Contents/lib/libspssxd.dylib
0x00000001049f8000 	/Applications/IBM/SPSS/Statistics/25/SPSSStatistics.app/Contents/lib/libspssdxcom.dylib
0x0000000104a42000 	/Applications/IBM/SPSS/Statistics/25/SPSSStatistics.app/Contents/common/ext/bin/spss.common/libscorelib850r.dylib
0x0000000104b48000 	/Applications/IBM/SPSS/Statistics/25/SPSSStatistics.app/Contents/common/ext/bin/spss.common/libGeneralRegressionModel850r.dylib
0x0000000104bbc000 	/Applications/IBM/SPSS/Statistics/25/SPSSStatistics.app/Contents/common/ext/bin/spss.common/libdiscriminant-model850r.dylib
0x0000000024e73000 	/usr/lib/libSystem.B.dylib
0x0000000024e73000 	/usr/lib/libDiagnosticMessagesClient.dylib
0x0000000024e73000 	/usr/lib/libicucore.A.dylib
0x0000000024e73000 	/usr/lib/libobjc.A.dylib
0x0000000024e73000 	/usr/lib/libz.1.dylib
0x0000000024e73000 	/usr/lib/system/libcache.dylib
0x0000000024e73000 	/usr/lib/system/libcommonCrypto.dylib
0x0000000024e73000 	/usr/lib/system/libcompiler_rt.dylib
0x0000000024e73000 	/usr/lib/system/libcopyfile.dylib
0x0000000024e73000 	/usr/lib/system/libcorecrypto.dylib
0x0000000024e73000 	/usr/lib/system/libdispatch.dylib
0x0000000024e73000 	/usr/lib/system/libdyld.dylib
0x0000000024e73000 	/usr/lib/system/libkeymgr.dylib
0x0000000024e73000 	/usr/lib/system/liblaunch.dylib
0x0000000024e73000 	/usr/lib/system/libmacho.dylib
0x0000000024e73000 	/usr/lib/system/libquarantine.dylib
0x0000000024e73000 	/usr/lib/system/libremovefile.dylib
0x0000000024e73000 	/usr/lib/system/libsystem_asl.dylib
0x0000000024e73000 	/usr/lib/system/libsystem_blocks.dylib
0x0000000024e73000 	/usr/lib/system/libsystem_c.dylib
0x0000000024e73000 	/usr/lib/system/libsystem_configuration.dylib
0x0000000024e73000 	/usr/lib/system/libsystem_coreservices.dylib
0x0000000024e73000 	/usr/lib/system/libsystem_darwin.dylib
0x0000000024e73000 	/usr/lib/system/libsystem_dnssd.dylib
0x0000000024e73000 	/usr/lib/system/libsystem_info.dylib
0x0000000024e73000 	/usr/lib/system/libsystem_m.dylib
0x0000000024e73000 	/usr/lib/system/libsystem_malloc.dylib
0x0000000024e73000 	/usr/lib/system/libsystem_network.dylib
0x0000000024e73000 	/usr/lib/system/libsystem_networkextension.dylib
0x0000000024e73000 	/usr/lib/system/libsystem_notify.dylib
0x0000000024e73000 	/usr/lib/system/libsystem_sandbox.dylib
0x0000000024e73000 	/usr/lib/system/libsystem_secinit.dylib
0x0000000024e73000 	/usr/lib/system/libsystem_kernel.dylib
0x0000000024e73000 	/usr/lib/system/libsystem_platform.dylib
0x0000000024e73000 	/usr/lib/system/libsystem_pthread.dylib
0x0000000024e73000 	/usr/lib/system/libsystem_symptoms.dylib
0x0000000024e73000 	/usr/lib/system/libsystem_trace.dylib
0x0000000024e73000 	/usr/lib/system/libunwind.dylib
0x0000000024e73000 	/usr/lib/system/libxpc.dylib
0x0000000024e73000 	/usr/lib/closure/libclosured.dylib
0x0000000024e73000 	/usr/lib/libc++abi.dylib
0x0000000024e73000 	/usr/lib/libc++.1.dylib
0x0000000024e73000 	/usr/lib/libenergytrace.dylib
0x0000000024e73000 	/usr/lib/libbsm.0.dylib
0x0000000024e73000 	/usr/lib/system/libkxld.dylib
0x0000000104bdc000 	/Applications/IBM/SPSS/Statistics/25/SPSSStatistics.app/Contents/lib/libifcoremt.dylib
0x0000000104d59000 	/Applications/IBM/SPSS/Statistics/25/SPSSStatistics.app/Contents/lib/libimf.dylib
0x0000000105077000 	/Applications/IBM/SPSS/Statistics/25/SPSSStatistics.app/Contents/lib/libsvml.dylib
0x0000000105b73000 	/Applications/IBM/SPSS/Statistics/25/SPSSStatistics.app/Contents/lib/libintlc.dylib
0x0000000105bc2000 	/Applications/IBM/SPSS/Statistics/25/SPSSStatistics.app/Contents/lib/libplatdep.dylib
0x0000000105c12000 	/Applications/IBM/SPSS/Statistics/25/SPSSStatistics.app/Contents/lib/libgsk8iccs.dylib
0x0000000105c8b000 	/Applications/IBM/SPSS/Statistics/25/SPSSStatistics.app/Contents/lib/libsockbsd.dylib
0x0000000105c98000 	/Applications/IBM/SPSS/Statistics/25/SPSSStatistics.app/Contents/lib/libsfthread.dylib
0x0000000105ca8000 	/Applications/IBM/SPSS/Statistics/25/SPSSStatistics.app/Contents/lib/libvserial.dylib
0x0000000105cc5000 	/Applications/IBM/SPSS/Statistics/25/SPSSStatistics.app/Contents/lib/libvutility.dylib
0x0000000105cd3000 	/Applications/IBM/SPSS/Statistics/25/SPSSStatistics.app/Contents/lib/libicuuc.51.2.dylib
0x0000000105eae000 	/Applications/IBM/SPSS/Statistics/25/SPSSStatistics.app/Contents/lib/libicui18n.51.2.dylib
0x0000000106183000 	/Applications/IBM/SPSS/Statistics/25/SPSSStatistics.app/Contents/lib/libxerces-c-3.1.dylib
0x00000001069b7000 	/Applications/IBM/SPSS/Statistics/25/SPSSStatistics.app/Contents/lib/libicudata.51.2.dylib
0x0000000107f03000 	/Applications/IBM/SPSS/Statistics/25/SPSSStatistics.app/Contents/lib/libspsswlib.dylib
0x000000010471f000 	/Applications/IBM/SPSS/Statistics/25/SPSSStatistics.app/Contents/lib/libcpuinfo.dylib
0x000000010655c000 	/Applications/IBM/SPSS/Statistics/25/SPSSStatistics.app/Contents/lib/libomcell.dylib
0x000000010657f000 	/Applications/IBM/SPSS/Statistics/25/SPSSStatistics.app/Contents/lib/libomfactry.dylib
0x0000000106625000 	/Applications/IBM/SPSS/Statistics/25/SPSSStatistics.app/Contents/lib/libomtree.dylib
0x0000000106660000 	/Applications/IBM/SPSS/Statistics/25/SPSSStatistics.app/Contents/lib/libomxxml.dylib
0x000000010669a000 	/Applications/IBM/SPSS/Statistics/25/SPSSStatistics.app/Contents/lib/libomxsav.dylib
0x00000001066ac000 	/Applications/IBM/SPSS/Statistics/25/SPSSStatistics.app/Contents/lib/libomxhtml.dylib
0x00000001066d1000 	/Applications/IBM/SPSS/Statistics/25/SPSSStatistics.app/Contents/lib/libomxtext.dylib
0x00000001066f4000 	/Applications/IBM/SPSS/Statistics/25/SPSSStatistics.app/Contents/lib/libomxspv.dylib
0x00000001049f1000 	/Applications/IBM/SPSS/Statistics/25/SPSSStatistics.app/Contents/lib/libspssjni.dylib
0x00000001066fc000 	/Applications/IBM/SPSS/Statistics/25/SPSSStatistics.app/Contents/lib/libspssjvm.dylib
0x0000000106709000 	/Applications/IBM/SPSS/Statistics/25/SPSSStatistics.app/Contents/lib/libvizedit.dylib
0x0000000106728000 	/Applications/IBM/SPSS/Statistics/25/SPSSStatistics.app/Contents/lib/libtransspc.dylib
0x0000000106755000 	/Applications/IBM/SPSS/Statistics/25/SPSSStatistics.app/Contents/lib/libdedstore.dylib
0x0000000106770000 	/Applications/IBM/SPSS/Statistics/25/SPSSStatistics.app/Contents/lib/libsvrdmgr.dylib
0x0000000106791000 	/Applications/IBM/SPSS/Statistics/25/SPSSStatistics.app/Contents/lib/libdatasrc.dylib
0x0000000106835000 	/Applications/IBM/SPSS/Statistics/25/SPSSStatistics.app/Contents/lib/libsvrerrs.dylib
0x000000010683d000 	/Applications/IBM/SPSS/Statistics/25/SPSSStatistics.app/Contents/lib/libspssdemg.dylib
0x0000000106883000 	/Applications/IBM/SPSS/Statistics/25/SPSSStatistics.app/Contents/lib/libcpputil.dylib
0x00000001068be000 	/Applications/IBM/SPSS/Statistics/25/SPSSStatistics.app/Contents/lib/libstrtable.dylib
0x00000000d22c7000 	/Applications/IBM/SPSS/Statistics/25/SPSSStatistics.app/Contents/lib/libxalan-c.111.0.dylib
0x000000010a911000 	/Applications/IBM/SPSS/Statistics/25/SPSSStatistics.app/Contents/lib/libchartutl.dylib
0x0000000104741000 	/Applications/IBM/SPSS/Statistics/25/SPSSStatistics.app/Contents/lib/libspssmsgs.dylib
0x000000010aa1c000 	/Applications/IBM/SPSS/Statistics/25/SPSSStatistics.app/Contents/lib/libvizchart.dylib
0x00000001068ce000 	/Applications/IBM/SPSS/Statistics/25/SPSSStatistics.app/Contents/lib/libzlib1211spss.dylib
0x0000000106900000 	/Applications/IBM/SPSS/Statistics/25/SPSSStatistics.app/Contents/lib/libindutil.dylib
0x00000000c690c000 	/Applications/IBM/SPSS/Statistics/25/SPSSStatistics.app/Contents/lib/libxalanMsg.111.0.dylib
0x000000010ac3f000 	/Applications/IBM/SPSS/Statistics/25/SPSSStatistics.app/Contents/lib/libspssiocv.dylib
0x0000000104a3b000 	/Applications/IBM/SPSS/Statistics/25/SPSSStatistics.app/Contents/lib/libreadonly.dylib
0x0000000104b43000 	/Applications/IBM/SPSS/Statistics/25/SPSSStatistics.app/Contents/lib/libtmsutil.dylib
0x000000010ac74000 	/Applications/IBM/SPSS/Statistics/25/SPSSStatistics.app/Contents/lib/libcvtrans.dylib
0x000000006acb5000 	/Applications/IBM/SPSS/Statistics/25/SPSSStatistics.app/Contents/Library/Frameworks/Sentinel.framework/Versions/A/Sentinel
0x000000010accd000 	/Applications/IBM/SPSS/Statistics/25/SPSSStatistics.app/Contents/Library/Frameworks/SuperPro.framework/Versions/A/SuperPro
0x0000000104d52000 	/Applications/IBM/SPSS/Statistics/25/SPSSStatistics.app/Contents/lib/libcmddata.dylib
0x000000010ace3000 	/Applications/IBM/SPSS/Statistics/25/SPSSStatistics.app/Contents/lib/libmcbstsps.dylib
0x0000000024e73000 	/usr/lib/libiconv.2.dylib
0x0000000024e73000 	/System/Library/Frameworks/CoreServices.framework/Versions/A/CoreServices
0x0000000024e73000 	/System/Library/Frameworks/CFNetwork.framework/Versions/A/CFNetwork
0x0000000024e73000 	/System/Library/Frameworks/CoreServices.framework/Versions/A/Frameworks/FSEvents.framework/Versions/A/FSEvents
0x0000000024e73000 	/System/Library/Frameworks/CoreServices.framework/Versions/A/Frameworks/CarbonCore.framework/Versions/A/CarbonCore
0x0000000024e73000 	/System/Library/Frameworks/CoreServices.framework/Versions/A/Frameworks/Metadata.framework/Versions/A/Metadata
0x0000000024e73000 	/System/Library/Frameworks/CoreServices.framework/Versions/A/Frameworks/OSServices.framework/Versions/A/OSServices
0x0000000024e73000 	/System/Library/Frameworks/CoreServices.framework/Versions/A/Frameworks/SearchKit.framework/Versions/A/SearchKit
0x0000000024e73000 	/System/Library/Frameworks/CoreServices.framework/Versions/A/Frameworks/AE.framework/Versions/A/AE
0x0000000024e73000 	/System/Library/Frameworks/CoreServices.framework/Versions/A/Frameworks/LaunchServices.framework/Versions/A/LaunchServices
0x0000000024e73000 	/System/Library/Frameworks/CoreServices.framework/Versions/A/Frameworks/DictionaryServices.framework/Versions/A/DictionaryServices
0x0000000024e73000 	/System/Library/Frameworks/CoreServices.framework/Versions/A/Frameworks/SharedFileList.framework/Versions/A/SharedFileList
0x0000000024e73000 	/usr/lib/libauto.dylib
0x0000000024e73000 	/System/Library/Frameworks/SystemConfiguration.framework/Versions/A/SystemConfiguration
0x0000000024e73000 	/System/Library/Frameworks/Security.framework/Versions/A/Security
0x0000000024e73000 	/usr/lib/libsqlite3.dylib
0x0000000024e73000 	/usr/lib/libxml2.2.dylib
0x0000000024e73000 	/usr/lib/libnetwork.dylib
0x0000000024e73000 	/usr/lib/libapple_nghttp2.dylib
0x0000000024e73000 	/usr/lib/libpcap.A.dylib
0x0000000024e73000 	/usr/lib/libboringssl.dylib
0x0000000024e73000 	/usr/lib/libusrtcp.dylib
0x0000000024e73000 	/usr/lib/libcoretls.dylib
0x0000000024e73000 	/usr/lib/libcoretls_cfhelpers.dylib
0x0000000024e73000 	/usr/lib/libapple_crypto.dylib
0x0000000024e73000 	/System/Library/Frameworks/Foundation.framework/Versions/C/Foundation
0x0000000024e73000 	/usr/lib/libOpenScriptingUtil.dylib
0x0000000024e73000 	/usr/lib/libpam.2.dylib
0x0000000024e73000 	/usr/lib/libxar.1.dylib
0x0000000024e73000 	/System/Library/Frameworks/DiskArbitration.framework/Versions/A/DiskArbitration
0x0000000024e73000 	/usr/lib/libarchive.2.dylib
0x0000000024e73000 	/usr/lib/liblangid.dylib
0x0000000024e73000 	/usr/lib/libCRFSuite.dylib
0x0000000024e73000 	/usr/lib/libbz2.1.0.dylib
0x0000000024e73000 	/usr/lib/liblzma.5.dylib
0x0000000024e73000 	/System/Library/Frameworks/NetFS.framework/Versions/A/NetFS
0x0000000024e73000 	/System/Library/PrivateFrameworks/NetAuth.framework/Versions/A/NetAuth
0x0000000024e73000 	/System/Library/PrivateFrameworks/login.framework/Versions/A/Frameworks/loginsupport.framework/Versions/A/loginsupport
0x0000000024e73000 	/System/Library/PrivateFrameworks/TCC.framework/Versions/A/TCC
0x0000000024e73000 	/usr/lib/libmecabra.dylib
0x0000000024e73000 	/System/Library/Frameworks/ApplicationServices.framework/Versions/A/ApplicationServices
0x0000000024e73000 	/System/Library/Frameworks/CoreGraphics.framework/Versions/A/CoreGraphics
0x0000000024e73000 	/System/Library/Frameworks/CoreText.framework/Versions/A/CoreText
0x0000000024e73000 	/System/Library/Frameworks/ImageIO.framework/Versions/A/ImageIO
0x0000000024e73000 	/System/Library/Frameworks/ColorSync.framework/Versions/A/ColorSync
0x0000000024e73000 	/System/Library/Frameworks/ApplicationServices.framework/Versions/A/Frameworks/ATS.framework/Versions/A/ATS
0x0000000024e73000 	/System/Library/Frameworks/ApplicationServices.framework/Versions/A/Frameworks/ColorSyncLegacy.framework/Versions/A/ColorSyncLegacy
0x0000000024e73000 	/System/Library/Frameworks/ApplicationServices.framework/Versions/A/Frameworks/HIServices.framework/Versions/A/HIServices
0x0000000024e73000 	/System/Library/Frameworks/ApplicationServices.framework/Versions/A/Frameworks/LangAnalysis.framework/Versions/A/LangAnalysis
0x0000000024e73000 	/System/Library/Frameworks/ApplicationServices.framework/Versions/A/Frameworks/PrintCore.framework/Versions/A/PrintCore
0x0000000024e73000 	/System/Library/Frameworks/ApplicationServices.framework/Versions/A/Frameworks/QD.framework/Versions/A/QD
0x0000000024e73000 	/System/Library/Frameworks/ApplicationServices.framework/Versions/A/Frameworks/SpeechSynthesis.framework/Versions/A/SpeechSynthesis
0x0000000024e73000 	/System/Library/PrivateFrameworks/SkyLight.framework/Versions/A/SkyLight
0x0000000024e73000 	/System/Library/Frameworks/Accelerate.framework/Versions/A/Accelerate
0x0000000024e73000 	/System/Library/Frameworks/CoreDisplay.framework/Versions/A/CoreDisplay
0x0000000024e73000 	/System/Library/Frameworks/IOSurface.framework/Versions/A/IOSurface
0x0000000024e73000 	/System/Library/Frameworks/Metal.framework/Versions/A/Metal
0x0000000024e73000 	/System/Library/PrivateFrameworks/MultitouchSupport.framework/Versions/A/MultitouchSupport
0x0000000024e73000 	/System/Library/Frameworks/QuartzCore.framework/Versions/A/QuartzCore
0x0000000024e73000 	/System/Library/Frameworks/Accelerate.framework/Versions/A/Frameworks/vImage.framework/Versions/A/vImage
0x0000000024e73000 	/System/Library/Frameworks/Accelerate.framework/Versions/A/Frameworks/vecLib.framework/Versions/A/vecLib
0x0000000024e73000 	/System/Library/Frameworks/Accelerate.framework/Versions/A/Frameworks/vecLib.framework/Versions/A/libvDSP.dylib
0x0000000024e73000 	/System/Library/Frameworks/Accelerate.framework/Versions/A/Frameworks/vecLib.framework/Versions/A/libBNNS.dylib
0x0000000024e73000 	/System/Library/Frameworks/Accelerate.framework/Versions/A/Frameworks/vecLib.framework/Versions/A/libQuadrature.dylib
0x0000000024e73000 	/System/Library/Frameworks/Accelerate.framework/Versions/A/Frameworks/vecLib.framework/Versions/A/libvMisc.dylib
0x0000000024e73000 	/System/Library/Frameworks/Accelerate.framework/Versions/A/Frameworks/vecLib.framework/Versions/A/libLAPACK.dylib
0x0000000024e73000 	/System/Library/Frameworks/Accelerate.framework/Versions/A/Frameworks/vecLib.framework/Versions/A/libBLAS.dylib
0x0000000024e73000 	/System/Library/Frameworks/Accelerate.framework/Versions/A/Frameworks/vecLib.framework/Versions/A/libLinearAlgebra.dylib
0x0000000024e73000 	/System/Library/Frameworks/Accelerate.framework/Versions/A/Frameworks/vecLib.framework/Versions/A/libSparse.dylib
0x0000000024e73000 	/System/Library/Frameworks/Accelerate.framework/Versions/A/Frameworks/vecLib.framework/Versions/A/libSparseBLAS.dylib
0x0000000024e73000 	/System/Library/PrivateFrameworks/IOAccelerator.framework/Versions/A/IOAccelerator
0x0000000024e73000 	/System/Library/PrivateFrameworks/IOPresentment.framework/Versions/A/IOPresentment
0x0000000024e73000 	/System/Library/PrivateFrameworks/DSExternalDisplay.framework/Versions/A/DSExternalDisplay
0x0000000024e73000 	/System/Library/Frameworks/OpenGL.framework/Versions/A/Libraries/libCoreFSCache.dylib
0x0000000024e73000 	/System/Library/Frameworks/CoreImage.framework/Versions/A/CoreImage
0x0000000024e73000 	/System/Library/Frameworks/CoreVideo.framework/Versions/A/CoreVideo
0x0000000024e73000 	/System/Library/Frameworks/OpenGL.framework/Versions/A/OpenGL
0x0000000024e73000 	/System/Library/PrivateFrameworks/GraphVisualizer.framework/Versions/A/GraphVisualizer
0x0000000024e73000 	/System/Library/Frameworks/MetalPerformanceShaders.framework/Versions/A/MetalPerformanceShaders
0x0000000024e73000 	/usr/lib/libFosl_dynamic.dylib
0x0000000024e73000 	/System/Library/PrivateFrameworks/FaceCore.framework/Versions/A/FaceCore
0x0000000024e73000 	/System/Library/Frameworks/OpenCL.framework/Versions/A/OpenCL
0x0000000024e73000 	/usr/lib/libcompression.dylib
0x0000000024e73000 	/System/Library/Frameworks/ApplicationServices.framework/Versions/A/Frameworks/ATS.framework/Versions/A/Resources/libFontParser.dylib
0x0000000024e73000 	/System/Library/Frameworks/ApplicationServices.framework/Versions/A/Frameworks/ATS.framework/Versions/A/Resources/libFontRegistry.dylib
0x0000000024e73000 	/System/Library/Frameworks/ImageIO.framework/Versions/A/Resources/libJPEG.dylib
0x0000000024e73000 	/System/Library/Frameworks/ImageIO.framework/Versions/A/Resources/libTIFF.dylib
0x0000000024e73000 	/System/Library/Frameworks/ImageIO.framework/Versions/A/Resources/libPng.dylib
0x0000000024e73000 	/System/Library/Frameworks/ImageIO.framework/Versions/A/Resources/libGIF.dylib
0x0000000024e73000 	/System/Library/Frameworks/ImageIO.framework/Versions/A/Resources/libJP2.dylib
0x0000000024e73000 	/System/Library/Frameworks/ImageIO.framework/Versions/A/Resources/libRadiance.dylib
0x0000000024e73000 	/System/Library/PrivateFrameworks/AppleJPEG.framework/Versions/A/AppleJPEG
0x0000000024e73000 	/System/Library/PrivateFrameworks/MetalTools.framework/Versions/A/MetalTools
0x0000000024e73000 	/System/Library/Frameworks/MetalPerformanceShaders.framework/Frameworks/MPSCore.framework/Versions/A/MPSCore
0x0000000024e73000 	/System/Library/Frameworks/MetalPerformanceShaders.framework/Frameworks/MPSImage.framework/Versions/A/MPSImage
0x0000000024e73000 	/System/Library/Frameworks/MetalPerformanceShaders.framework/Frameworks/MPSMatrix.framework/Versions/A/MPSMatrix
0x0000000024e73000 	/System/Library/Frameworks/MetalPerformanceShaders.framework/Frameworks/MPSNeuralNetwork.framework/Versions/A/MPSNeuralNetwork
0x0000000024e73000 	/System/Library/Frameworks/OpenGL.framework/Versions/A/Libraries/libGLU.dylib
0x0000000024e73000 	/System/Library/Frameworks/OpenGL.framework/Versions/A/Libraries/libGFXShared.dylib
0x0000000024e73000 	/System/Library/Frameworks/OpenGL.framework/Versions/A/Libraries/libGL.dylib
0x0000000024e73000 	/System/Library/Frameworks/OpenGL.framework/Versions/A/Libraries/libGLImage.dylib
0x0000000024e73000 	/System/Library/Frameworks/OpenGL.framework/Versions/A/Libraries/libCVMSPluginSupport.dylib
0x0000000024e73000 	/System/Library/Frameworks/OpenGL.framework/Versions/A/Libraries/libCoreVMClient.dylib
0x0000000024e73000 	/usr/lib/libcups.2.dylib
0x0000000024e73000 	/System/Library/Frameworks/Kerberos.framework/Versions/A/Kerberos
0x0000000024e73000 	/System/Library/Frameworks/GSS.framework/Versions/A/GSS
0x0000000024e73000 	/usr/lib/libresolv.9.dylib
0x0000000024e73000 	/System/Library/PrivateFrameworks/Heimdal.framework/Versions/A/Heimdal
0x0000000024e73000 	/usr/lib/libheimdal-asn1.dylib
0x0000000024e73000 	/System/Library/Frameworks/OpenDirectory.framework/Versions/A/OpenDirectory
0x0000000024e73000 	/System/Library/PrivateFrameworks/CommonAuth.framework/Versions/A/CommonAuth
0x0000000024e73000 	/System/Library/Frameworks/OpenDirectory.framework/Versions/A/Frameworks/CFOpenDirectory.framework/Versions/A/CFOpenDirectory
0x0000000024e73000 	/System/Library/Frameworks/SecurityFoundation.framework/Versions/A/SecurityFoundation
0x0000000024e73000 	/System/Library/PrivateFrameworks/APFS.framework/Versions/A/APFS
0x0000000024e73000 	/usr/lib/libutil.dylib
0x0000000024e73000 	/System/Library/Frameworks/CoreAudio.framework/Versions/A/CoreAudio
0x0000000024e73000 	/System/Library/Frameworks/AudioToolbox.framework/Versions/A/AudioToolbox
0x0000000024e73000 	/System/Library/PrivateFrameworks/AppleSauce.framework/Versions/A/AppleSauce
0x0000000024e73000 	/System/Library/PrivateFrameworks/LinguisticData.framework/Versions/A/LinguisticData
0x0000000024e73000 	/usr/lib/libmarisa.dylib
0x0000000024e73000 	/System/Library/PrivateFrameworks/Lexicon.framework/Versions/A/Lexicon
0x0000000024e73000 	/usr/lib/libChineseTokenizer.dylib
0x0000000024e73000 	/usr/lib/libcmph.dylib
0x0000000024e73000 	/System/Library/PrivateFrameworks/LanguageModeling.framework/Versions/A/LanguageModeling
0x0000000024e73000 	/System/Library/Frameworks/CoreData.framework/Versions/A/CoreData
0x0000000024e73000 	/System/Library/PrivateFrameworks/CoreEmoji.framework/Versions/A/CoreEmoji
0x0000000024e73000 	/System/Library/Frameworks/ServiceManagement.framework/Versions/A/ServiceManagement
0x0000000024e73000 	/System/Library/PrivateFrameworks/BackgroundTaskManagement.framework/Versions/A/BackgroundTaskManagement
0x0000000024e73000 	/usr/lib/libxslt.1.dylib
0x000000010aceb000 	/Applications/IBM/SPSS/Statistics/25/SPSSStatistics.app/Contents/lib/libdatastr.dylib
0x000000010ad07000 	/Applications/IBM/SPSS/Statistics/25/SPSSStatistics.app/Contents/lib/libstacrypt.dylib
0x000000010ad14000 	/Applications/IBM/SPSS/Statistics/25/SPSSStatistics.app/Contents/lib/libmccomsps.dylib
0x000000010ae17000 	/Applications/IBM/SPSS/Statistics/25/SPSSStatistics.app/Contents/lib/libspsspool.dylib
0x000000010ae51000 	/Applications/IBM/SPSS/Statistics/25/SPSSStatistics.app/Contents/lib/libxchart.dylib
0x000000010aed5000 	/Applications/IBM/SPSS/Statistics/25/SPSSStatistics.app/Contents/lib/libviewerxml.dylib
0x000000010d987000 	/Applications/IBM/SPSS/Statistics/25/SPSSStatistics.app/Contents/lib/libspsswctl.dylib
0x000000010da9b000 	/Applications/IBM/SPSS/Statistics/25/SPSSStatistics.app/Contents/lib/libuparser.dylib
0x000000010db08000 	/Applications/IBM/SPSS/Statistics/25/SPSSStatistics.app/Contents/lib/libspssdx.dylib
0x000000010db34000 	/Applications/IBM/SPSS/Statistics/25/SPSSStatistics.app/Contents/lib/libomsopmgr.dylib
0x000000010db5b000 	/Applications/IBM/SPSS/Statistics/25/SPSSStatistics.app/Contents/lib/libspsswcis.dylib
0x000000010dc8c000 	/Applications/IBM/SPSS/Statistics/25/SPSSStatistics.app/Contents/lib/libspsswmsg.dylib
0x000000010dcb4000 	/Applications/IBM/SPSS/Statistics/25/SPSSStatistics.app/Contents/lib/libuadapter.dylib
0x000000010dce9000 	/Applications/IBM/SPSS/Statistics/25/SPSSStatistics.app/Contents/lib/libspssclef.dylib
0x000000010dd2d000 	/Applications/IBM/SPSS/Statistics/25/SPSSStatistics.app/Contents/ext/bin/spss.common/libcfcore.dylib
0x000000010de12000 	/Applications/IBM/SPSS/Statistics/25/SPSSStatistics.app/Contents/ext/bin/spss.common/libcfcommon.dylib
0x000000010de8b000 	/Applications/IBM/SPSS/Statistics/25/SPSSStatistics.app/Contents/lib/libfmsgs.dylib
0x000000010debf000 	/Applications/IBM/SPSS/Statistics/25/SPSSStatistics.app/Contents/lib/libnetcom.dylib
0x000000010afda000 	/Applications/IBM/SPSS/Statistics/25/SPSSStatistics.app/Contents/lib/libfwutility.dylib
0x000000010afe2000 	/Applications/IBM/SPSS/Statistics/25/SPSSStatistics.app/Contents/lib/libfilesort.dylib
0x000000010dee7000 	/Applications/IBM/SPSS/Statistics/25/SPSSStatistics.app/Contents/lib/libmtxp.dylib
0x000000010df03000 	/Applications/IBM/SPSS/Statistics/25/SPSSStatistics.app/Contents/ext/bin/spss.common/libcorethread.dylib
0x0000000105c84000 	/Applications/IBM/SPSS/Statistics/25/SPSSStatistics.app/Contents/ext/bin/spss.common/libcfthread.dylib
0x000000010df13000 	/Applications/IBM/SPSS/Statistics/25/SPSSStatistics.app/Contents/common/ext/bin/spss.common/libcfcomserv.dylib
0x000000010df2b000 	/Applications/IBM/SPSS/Statistics/25/SPSSStatistics.app/Contents/ext/bin/spss.common/libcfextension.dylib
0x000000010df63000 	/Applications/IBM/SPSS/Statistics/25/SPSSStatistics.app/Contents/ext/bin/spss.common/libcffilter.dylib
0x000000010df72000 	/Applications/IBM/SPSS/Statistics/25/SPSSStatistics.app/Contents/ext/bin/spss.common/libcfcatencode.dylib
0x0000000105c0c000 	/Applications/IBM/SPSS/Statistics/25/SPSSStatistics.app/Contents/ext/bin/spss.common/libcfcomstatistic.dylib
0x000000010df91000 	/Applications/IBM/SPSS/Statistics/25/SPSSStatistics.app/Contents/ext/bin/spss.common/libtempfiles.dylib
0x0000000110fb7000 	/Applications/IBM/SPSS/Statistics/25/SPSSStatistics.app/Contents/lib/libpesrepo.dylib
0x00000001118d3000 	/Applications/IBM/SPSS/Statistics/25/SPSSStatistics.app/Contents/lib/libspsswfil.dylib
0x0000000111973000 	/Applications/IBM/SPSS/Statistics/25/SPSSStatistics.app/Contents/lib/libchartxml.dylib
0x00000001119d3000 	/Applications/IBM/SPSS/Statistics/25/SPSSStatistics.app/Contents/lib/libxlsxdac.dylib
0x000000010aff6000 	/Applications/IBM/SPSS/Statistics/25/SPSSStatistics.app/Contents/lib/libpkginpr.dylib
0x0000000111a0b000 	/Applications/IBM/SPSS/Statistics/25/SPSSStatistics.app/Contents/lib/libdacmmsgs.dylib
0x0000000105cbe000 	/Applications/IBM/SPSS/Statistics/25/SPSSStatistics.app/Contents/lib/libtxtwdmsg.dylib
0x0000000111a17000 	/Applications/IBM/SPSS/Statistics/25/SPSSStatistics.app/Contents/JRE/lib/jli/libjli.dylib
0x0000000024e73000 	/System/Library/Frameworks/Cocoa.framework/Versions/A/Cocoa
0x0000000024e73000 	/System/Library/Frameworks/AppKit.framework/Versions/C/AppKit
0x0000000024e73000 	/System/Library/PrivateFrameworks/RemoteViewServices.framework/Versions/A/RemoteViewServices
0x0000000024e73000 	/System/Library/PrivateFrameworks/UIFoundation.framework/Versions/A/UIFoundation
0x0000000024e73000 	/System/Library/PrivateFrameworks/DFRFoundation.framework/Versions/A/DFRFoundation
0x0000000024e73000 	/System/Library/PrivateFrameworks/DesktopServicesPriv.framework/Versions/A/DesktopServicesPriv
0x0000000024e73000 	/usr/lib/libScreenReader.dylib
0x0000000024e73000 	/System/Library/Frameworks/AudioUnit.framework/Versions/A/AudioUnit
0x0000000024e73000 	/System/Library/PrivateFrameworks/DataDetectorsCore.framework/Versions/A/DataDetectorsCore
0x0000000024e73000 	/System/Library/Frameworks/Carbon.framework/Versions/A/Frameworks/HIToolbox.framework/Versions/A/HIToolbox
0x0000000024e73000 	/System/Library/Frameworks/Carbon.framework/Versions/A/Frameworks/SpeechRecognition.framework/Versions/A/SpeechRecognition
0x0000000024e73000 	/System/Library/PrivateFrameworks/CoreUI.framework/Versions/A/CoreUI
0x0000000024e73000 	/System/Library/PrivateFrameworks/PerformanceAnalysis.framework/Versions/A/PerformanceAnalysis
0x0000000024e73000 	/System/Library/PrivateFrameworks/Backup.framework/Versions/A/Backup
0x0000000024e73000 	/System/Library/Frameworks/Carbon.framework/Versions/A/Frameworks/Ink.framework/Versions/A/Ink
0x0000000024e73000 	/System/Library/PrivateFrameworks/TextureIO.framework/Versions/A/TextureIO
0x0000000024e73000 	/usr/lib/libate.dylib
0x0000000024e73000 	/System/Library/PrivateFrameworks/CrashReporterSupport.framework/Versions/A/CrashReporterSupport
0x0000000024e73000 	/System/Library/PrivateFrameworks/Sharing.framework/Versions/A/Sharing
0x0000000024e73000 	/System/Library/PrivateFrameworks/IconServices.framework/Versions/A/IconServices
0x0000000024e73000 	/System/Library/PrivateFrameworks/ProtocolBuffer.framework/Versions/A/ProtocolBuffer
0x0000000024e73000 	/System/Library/PrivateFrameworks/Apple80211.framework/Versions/A/Apple80211
0x0000000024e73000 	/System/Library/Frameworks/CoreWLAN.framework/Versions/A/CoreWLAN
0x0000000024e73000 	/System/Library/PrivateFrameworks/CoreUtils.framework/Versions/A/CoreUtils
0x0000000024e73000 	/System/Library/Frameworks/IOBluetooth.framework/Versions/A/IOBluetooth
0x0000000024e73000 	/System/Library/PrivateFrameworks/CoreWiFi.framework/Versions/A/CoreWiFi
0x0000000024e73000 	/System/Library/Frameworks/CoreBluetooth.framework/Versions/A/CoreBluetooth
0x0000000024e73000 	/System/Library/PrivateFrameworks/SignpostNotification.framework/Versions/A/SignpostNotification
0x0000000024e73000 	/System/Library/PrivateFrameworks/DebugSymbols.framework/Versions/A/DebugSymbols
0x0000000024e73000 	/System/Library/PrivateFrameworks/CoreSymbolication.framework/Versions/A/CoreSymbolication
0x0000000024e73000 	/System/Library/PrivateFrameworks/Symbolication.framework/Versions/A/Symbolication
0x0000000024e73000 	/System/Library/PrivateFrameworks/AppleFSCompression.framework/Versions/A/AppleFSCompression
0x0000000024e73000 	/System/Library/PrivateFrameworks/SpeechRecognitionCore.framework/Versions/A/SpeechRecognitionCore
0x0000000111a27000 	/Applications/IBM/SPSS/Statistics/25/SPSSStatistics.app/Contents/JRE//lib/server/libjvm.dylib
0x00000001129c9000 	/Applications/IBM/SPSS/Statistics/25/SPSSStatistics.app/Contents/JRE/lib/libverify.dylib
0x00000001129d7000 	/Applications/IBM/SPSS/Statistics/25/SPSSStatistics.app/Contents/JRE/lib/libjava.dylib
0x0000000112a0c000 	/Applications/IBM/SPSS/Statistics/25/SPSSStatistics.app/Contents/JRE/lib/libzip.dylib
0x0000000024e73000 	/System/Library/Frameworks/JavaVM.framework/Versions/A/Frameworks/JavaRuntimeSupport.framework/Versions/A/JavaRuntimeSupport
0x0000000024e73000 	/System/Library/Frameworks/JavaVM.framework/Versions/A/Frameworks/JavaNativeFoundation.framework/Versions/A/JavaNativeFoundation
0x0000000024e73000 	/System/Library/Frameworks/JavaVM.framework/Versions/A/JavaVM
0x0000000024e73000 	/System/Library/Frameworks/Carbon.framework/Versions/A/Carbon
0x0000000024e73000 	/System/Library/PrivateFrameworks/JavaLaunching.framework/Versions/A/JavaLaunching
0x0000000024e73000 	/System/Library/Frameworks/Carbon.framework/Versions/A/Frameworks/CommonPanels.framework/Versions/A/CommonPanels
0x0000000024e73000 	/System/Library/Frameworks/Carbon.framework/Versions/A/Frameworks/Help.framework/Versions/A/Help
0x0000000024e73000 	/System/Library/Frameworks/Carbon.framework/Versions/A/Frameworks/ImageCapture.framework/Versions/A/ImageCapture
0x0000000024e73000 	/System/Library/Frameworks/Carbon.framework/Versions/A/Frameworks/OpenScripting.framework/Versions/A/OpenScripting
0x0000000024e73000 	/System/Library/Frameworks/Carbon.framework/Versions/A/Frameworks/Print.framework/Versions/A/Print
0x0000000024e73000 	/System/Library/Frameworks/Carbon.framework/Versions/A/Frameworks/SecurityHI.framework/Versions/A/SecurityHI
0x000000012a762000 	/Applications/IBM/SPSS/Statistics/25/SPSSStatistics.app/Contents/JRE/lib/libnet.dylib
0x0000000110242000 	/Applications/IBM/SPSS/Statistics/25/SPSSStatistics.app/Contents/lib/libspsswarc.dylib
0x0000000110e64000 	/Applications/IBM/SPSS/Statistics/25/SPSSStatistics.app/Contents/lib/libspsswalt.dylib
0x0000000110e7c000 	/Applications/IBM/SPSS/Statistics/25/SPSSStatistics.app/Contents/lib/libspsswoms.dylib
0x0000000110eab000 	/Applications/IBM/SPSS/Statistics/25/SPSSStatistics.app/Contents/lib/libspsswbst.dylib
0x0000000110ebb000 	/Applications/IBM/SPSS/Statistics/25/SPSSStatistics.app/Contents/lib/libspsswone.dylib
0x0000000110eee000 	/Applications/IBM/SPSS/Statistics/25/SPSSStatistics.app/Contents/lib/libspssweda.dylib
0x000000010f956000 	/Applications/IBM/SPSS/Statistics/25/SPSSStatistics.app/Contents/JRE/lib/libmanagement.dylib
0x000000010f964000 	/Applications/IBM/SPSS/Statistics/25/SPSSStatistics.app/Contents/JRE/lib/libosx.dylib
0x000000010f972000 	/Applications/IBM/SPSS/Statistics/25/SPSSStatistics.app/Contents/JRE/lib/./libosxapp.dylib
0x0000000024e73000 	/System/Library/Frameworks/ExceptionHandling.framework/Versions/A/ExceptionHandling
0x000000010f98e000 	/Applications/IBM/SPSS/Statistics/25/SPSSStatistics.app/Contents/JRE/lib/libawt.dylib
0x000000012a894000 	/Applications/IBM/SPSS/Statistics/25/SPSSStatistics.app/Contents/JRE/lib/./libmlib_image.dylib
0x000000012a960000 	/Applications/IBM/SPSS/Statistics/25/SPSSStatistics.app/Contents/JRE/lib/libawt_lwawt.dylib
0x000000012aa17000 	/Applications/IBM/SPSS/Statistics/25/SPSSStatistics.app/Contents/lib/libjniviewer.dylib
0x000000012a6a7000 	/Applications/IBM/SPSS/Statistics/25/SPSSStatistics.app/Contents/JRE/lib/libfontmanager.dylib
0x0000000024e73000 	/System/Library/PrivateFrameworks/CoreServicesInternal.framework/Versions/A/CoreServicesInternal
0x000000012b133000 	/Applications/IBM/SPSS/Statistics/25/SPSSStatistics.app/Contents/JRE/lib/libnio.dylib
0x0000000024e73000 	/System/Library/Frameworks/ApplicationServices.framework/Versions/A/Frameworks/ATS.framework/Versions/A/Resources/libTrueTypeScaler.dylib

VM Arguments:
jvm_args: -Djava.library.path=/Applications/IBM/SPSS/Statistics/25/SPSSStatistics.app/Contents/bin/../JRE/lib/jli/:/Applications/IBM/SPSS/Statistics/25/SPSSStatistics.app/Contents/bin/../JRE/lib/:/Applications/IBM/SPSS/Statistics/25/SPSSStatistics.app/Contents/bin/../lib/:/Applications/IBM/SPSS/Statistics/25/SPSSStatistics.app/Contents/bin/ -Dapplication.home=/Applications/IBM/SPSS/Statistics/25/SPSSStatistics.app/Contents/bin -Dstatistics.home=/Applications/IBM/SPSS/Statistics/25/SPSSStatistics.app/Contents/bin -Djava.awt.headless=true -Dcom.sun.media.jai.disableMediaLib=true -Xms256M -Xmx2048M -XX:-UsePerfData -Dcom.ibm.jsse2.overrideDefaultProtocol=TLSv12 -Djava.io.tmpdir=/tmp/spssHB9GTg/ 
java_command: <unknown>
java_class_path (initial): :/Applications/IBM/SPSS/Statistics/25/SPSSStatistics.app/Contents/bin/ChartEditor.jar:/Applications/IBM/SPSS/Statistics/25/SPSSStatistics.app/Contents/bin/ChartEditorRes.jar:/Applications/IBM/SPSS/Statistics/25/SPSSStatistics.app/Contents/bin/CoreTools.jar:/Applications/IBM/SPSS/Statistics/25/SPSSStatistics.app/Contents/bin/CustomDialogBuilder.jar:/Applications/IBM/SPSS/Statistics/25/SPSSStatistics.app/Contents/bin/CustomDialogBuilderRes.jar:/Applications/IBM/SPSS/Statistics/25/SPSSStatistics.app/Contents/bin/ExViewerDialogDemo.jar:/Applications/IBM/SPSS/Statistics/25/SPSSStatistics.app/Contents/bin/ExViewerFrameDemo.jar:/Applications/IBM/SPSS/Statistics/25/SPSSStatistics.app/Contents/bin/ExportTools.jar:/Applications/IBM/SPSS/Statistics/25/SPSSStatistics.app/Contents/bin/ExtensionManager.jar:/Applications/IBM/SPSS/Statistics/25/SPSSStatistics.app/Contents/bin/ExtensionManagerRes.jar:/Applications/IBM/SPSS/Statistics/25/SPSSStatistics.app/Contents/bin/FieldChooser.jar:/Applications/IBM/SPSS/Statistics/25/SPSSStatistics.app/Contents/bin/InstallExtBundles.jar:/Applications/IBM/SPSS/Statistics/25/SPSSStatistics.app/Contents/bin/InstallExtBundlesRes.jar:/Applications/IBM/SPSS/Statistics/25/SPSSStatistics.app/Contents/bin/JRegEdit.jar:/Applications/IBM/SPSS/Statistics/25/SPSSStatistics.app/Contents/bin/JimiProClasses.jar:/Applications/IBM/SPSS/Statistics/25/SPSSStatistics.app/Contents/bin/LightTable.jar:/Applications/IBM/SPSS/Statistics/25/SPSSStatistics.app/Contents/bin/ModelViewer.jar:/Applications/IBM/SPSS/Statistics/25/SPSSStatistics.app/Contents/bin/PivotTableEditor.jar:/Applications/IBM/SPSS/Statistics/25/SPSSStatistics.app/Contents/bin/PivotTableEditorRes.jar:/Applications/IBM/SPSS/Statistics/25/SPSSStatistics.app/Contents/bin/RConfig.jar:/Applications/IBM/SPSS/Statistics/25/SPSSStatistics.app/Contents/bin/RapidSpell.jar:/Applications/IBM/SPSS/Statistics/25/SPSSStatistics.app/Contents/bin/RapidSpellMDict.jar:/Applications/IBM/SPSS/Stat
Launcher Type: generic

Environment Variables:
PATH=/Applications/IBM/SPSS/Statistics/25/SPSSStatistics.app/Contents/bin:/usr/bin:/bin:/usr/sbin:/sbin
SHELL=/bin/bash
DISPLAY=/private/tmp/com.apple.launchd.N9vY7htsxO/org.macosforge.xquartz:0
DYLD_LIBRARY_PATH=/Applications/IBM/SPSS/Statistics/25/SPSSStatistics.app/Contents/lib:/Applications/IBM/SPSS/Statistics/25/SPSSStatistics.app/Contents/common/ext/bin/spss.common:/Applications/IBM/SPSS/Statistics/25/SPSSStatistics.app/Contents/ext/bin/spss.common:/Applications/IBM/SPSS/Statistics/25/SPSSStatistics.app/Contents/lib:/Applications/IBM/SPSS/Statistics/25/SPSSStatistics.app/Contents/Library/Frameworks/Sentinel.framework:/Applications/IBM/SPSS/Statistics/25/SPSSStatistics.app/Contents/Library/Frameworks/SuperPro.framework:/Applications/IBM/SPSS/Statistics/25/SPSSStatistics.app/Contents/JRE/lib/jli

Signal Handlers:
SIGSEGV: [libjvm.dylib+0x5b1141], sa_mask[0]=11111111011111110111111111111111, sa_flags=SA_ONSTACK|SA_RESTART|SA_SIGINFO
SIGBUS: [libjvm.dylib+0x5b1141], sa_mask[0]=11111111011111110111111111111111, sa_flags=SA_RESTART|SA_SIGINFO
SIGFPE: [libjvm.dylib+0x487bc4], sa_mask[0]=11111111011111110111111111111111, sa_flags=SA_RESTART|SA_SIGINFO
SIGPIPE: [libjvm.dylib+0x487bc4], sa_mask[0]=11111111011111110111111111111111, sa_flags=SA_RESTART|SA_SIGINFO
SIGXFSZ: [libjvm.dylib+0x487bc4], sa_mask[0]=11111111011111110111111111111111, sa_flags=SA_RESTART|SA_SIGINFO
SIGILL: [libjvm.dylib+0x487bc4], sa_mask[0]=11111111011111110111111111111111, sa_flags=SA_RESTART|SA_SIGINFO
SIGUSR1: SIG_DFL, sa_mask[0]=00000000000000000000000000000000, sa_flags=none
SIGUSR2: [libjvm.dylib+0x4876e2], sa_mask[0]=00100000000000000000000000000000, sa_flags=SA_RESTART|SA_SIGINFO
SIGHUP: [libjvm.dylib+0x485cb9], sa_mask[0]=11111111011111110111111111111111, sa_flags=SA_RESTART|SA_SIGINFO
SIGINT: [libjvm.dylib+0x485cb9], sa_mask[0]=11111111011111110111111111111111, sa_flags=SA_RESTART|SA_SIGINFO
SIGTERM: [libjvm.dylib+0x485cb9], sa_mask[0]=11111111011111110111111111111111, sa_flags=SA_RESTART|SA_SIGINFO
SIGQUIT: [libjvm.dylib+0x485cb9], sa_mask[0]=11111111011111110111111111111111, sa_flags=SA_RESTART|SA_SIGINFO


---------------  S Y S T E M  ---------------

OS:Bsduname:Darwin 17.3.0 Darwin Kernel Version 17.3.0: Thu Nov  9 18:09:22 PST 2017; root:xnu-4570.31.3~1/RELEASE_X86_64 x86_64
rlimit: STACK 8192k, CORE 0k, NPROC 1418, NOFILE 10240, AS infinity
load average:2.09 2.06 1.98

CPU:total 8 (4 cores per cpu, 2 threads per core) family 6 model 70 stepping 1, cmov, cx8, fxsr, mmx, sse, sse2, sse3, ssse3, sse4.1, sse4.2, popcnt, avx, avx2, aes, clmul, erms, lzcnt, ht, tsc, tscinvbit, bmi1, bmi2

Memory: 4k page, physical 16777216k(28896k free)

/proc/meminfo:


vm_info: Java HotSpot(TM) 64-Bit Server VM (25.121-b13) for bsd-amd64 JRE (1.8.0_121-b13), built on Dec 12 2016 20:39:32 by "java_re" with gcc 4.2.1 (Based on Apple Inc. build 5658) (LLVM build 2336.11.00)

time: Sat Jun 30 21:37:30 2018
elapsed time: 17 seconds (0d 0h 0m 17s)

