#
# A fatal error has been detected by the Java Runtime Environment:
#
#  SIGSEGV (0xb) at pc=0x000000010c340d3b, pid=8571, tid=0x0000000000000307
#
# JRE version: Java(TM) 2 Runtime Environment, Standard Edition (8.0_121-b13) (build 1.8.0_121-b13 14_Feb_2017_06_58 Mac OS X x64(SR4 FP1))
# Java VM: Java HotSpot(TM) 64-Bit Server VM (25.121-b13 mixed mode bsd-amd64 compressed oops)
# Problematic frame:
# C  [StartXD+0x11d3b]  _ZN8LongData9ParseDataEPvRi+0x5b
#
# Failed to write core dump. Core dumps have been disabled. To enable core dumping, try "ulimit -c unlimited" before starting Java again
#
# If you would like to submit a bug report, please visit:
#   http://bugreport.java.com/bugreport/crash.jsp
#

---------------  T H R E A D  ---------------

Current thread is native thread

siginfo: si_signo: 11 (SIGSEGV), si_code: 1 (SEGV_MAPERR), si_addr: 0x00007f8516c00000

Registers:
RAX=0x00000000097987d8, RBX=0x00007f8516c00000, RCX=0x0000000000000000, RDX=0x0000000008000000
RSP=0x00007ffee38cdb20, RBP=0x00007ffee38cdb60, RSI=0x000000017de877d0, RDI=0x00007ffee38d0420
R8 =0x00000000000002a7, R9 =0x0000000000000115, R10=0x00007fffaa26c2cc, R11=0x0000000000000246
R12=0x00007ffee38d0420, R13=0x00007ffee38cdb34, R14=0x000000001da1a603, R15=0x00007ffee38d0408
RIP=0x000000010c340d3b, EFLAGS=0x0000000000010206, ERR=0x0000000000000004
  TRAPNO=0x000000000000000e

Top of Stack: (sp=0x00007ffee38cdb20)
0x00007ffee38cdb20:   0000000000000002 00007ffee38cdc44
0x00007ffee38cdb30:   0000000000000001 00007ffee38d03e0
0x00007ffee38cdb40:   00007ffee38d03e0 0000000000000000
0x00007ffee38cdb50:   00007f850d467820 00007f850d467820
0x00007ffee38cdb60:   00007ffee38cdc70 000000010c63759f
0x00007ffee38cdb70:   fd00000070001002 000000010c37ffff
0x00007ffee38cdb80:   00007ffee38cdc10 00007fff7133d758
0x00007ffee38cdb90:   0000000000000000 0000000000000004
0x00007ffee38cdba0:   0000000000001400 0000000112ba2a00
0x00007ffee38cdbb0:   0000000000000002 0000000000000010
0x00007ffee38cdbc0:   0000000000000001 000000010c375080
0x00007ffee38cdbd0:   000000010c375080 0000000112ba3e00
0x00007ffee38cdbe0:   000000010c374000 0000000000000004
0x00007ffee38cdbf0:   0000000012ba5200 0000000000000000
0x00007ffee38cdc00:   00007ffee38cdcb0 0000000000000000
0x00007ffee38cdc10:   00007fffaa26f000 0000000000000000
0x00007ffee38cdc20:   00007ffee38cdc50 00007fff71326201
0x00007ffee38cdc30:   0000000000000000 0000000000000000
0x00007ffee38cdc40:   0000000000000000 00007ffee38d03e0
0x00007ffee38cdc50:   00007ffee38cdcb0 0000000000000000
0x00007ffee38cdc60:   00007f850d467820 0000000000000000
0x00007ffee38cdc70:   00007ffee38cfce0 000000010c6309e9
0x00007ffee38cdc80:   0000000000000000 00007ffee38d03e0
0x00007ffee38cdc90:   00007f850e9bbba0 00007f850d467820
0x00007ffee38cdca0:   0000000000000000 0000000000000000
0x00007ffee38cdcb0:   0000000000000000 0000000000000000
0x00007ffee38cdcc0:   0000000000000000 0000000000000000
0x00007ffee38cdcd0:   0000000000000000 0000000000000000
0x00007ffee38cdce0:   0000000000000000 0000000000000000
0x00007ffee38cdcf0:   0000000000000000 0000000000000000
0x00007ffee38cdd00:   0000000000000000 0000000000000000
0x00007ffee38cdd10:   0000000000000000 0000000000000000 

Instructions: (pc=0x000000010c340d3b)
0x000000010c340d1b:   41 ff ce 48 83 c3 04 4d 8d 67 18 b8 08 00 00 00
0x000000010c340d2b:   4c 8d 6d d4 eb 0a 41 ff ce 48 83 c3 04 83 c0 04
0x000000010c340d3b:   8b 0b 89 4d d4 41 89 47 10 4c 89 e7 4c 89 ee e8
0x000000010c340d4b:   4f 0a 00 00 41 8b 47 10 45 85 f6 75 d9 48 8b 55 

Register to memory mapping:

RAX=0x00000000097987d8 is an unknown value
RBX=0x00007f8516c00000 is an unknown value
RCX=0x0000000000000000 is an unknown value
RDX=0x0000000008000000 is an unknown value
RSP=0x00007ffee38cdb20 is an unknown value
RBP=0x00007ffee38cdb60 is an unknown value
RSI=0x000000017de877d0 is an unknown value
RDI=0x00007ffee38d0420 is an unknown value
R8 =0x00000000000002a7 is an unknown value
R9 =0x0000000000000115 is an unknown value
R10=0x00007fffaa26c2cc: mach_task_self_+0 in /usr/lib/system/libsystem_kernel.dylib at 0x00007fff712b2000
R11=0x0000000000000246 is an unknown value
R12=0x00007ffee38d0420 is an unknown value
R13=0x00007ffee38cdb34 is an unknown value
R14=0x000000001da1a603 is an unknown value
R15=0x00007ffee38d0408 is an unknown value


Stack: [0x00007ffee30d1000,0x00007ffee38d1000],  sp=0x00007ffee38cdb20,  free space=8178k
Native frames: (J=compiled Java code, j=interpreted, Vv=VM code, C=native code)
C  [StartXD+0x11d3b]  _ZN8LongData9ParseDataEPvRi+0x5b
C  [libspssdxcom.dylib+0x1259f]  _ZN8CleXDSmb8ParseBufEPv+0x4d
C  [libspssdxcom.dylib+0xb9e9]  _Z11ReceiveDataP16JavaPlugInSocketR8CleXDSmb+0xfa
C  [StartXD+0x25fe]  main+0xa6b
C  [libdyld.dylib+0x1115]  start+0x1


---------------  P R O C E S S  ---------------

VM state:not at safepoint (normal execution)

VM Mutex/Monitor currently owned by a thread: None

Heap:
 PSYoungGen      total 155648K, used 3100K [0x0000000795580000, 0x00000007abe00000, 0x00000007c0000000)
  eden space 155136K, 1% used [0x0000000795580000,0x0000000795887300,0x000000079ed00000)
  from space 512K, 0% used [0x00000007abd80000,0x00000007abd80000,0x00000007abe00000)
  to   space 3072K, 0% used [0x00000007ab800000,0x00000007ab800000,0x00000007abb00000)
 ParOldGen       total 175104K, used 19870K [0x0000000740000000, 0x000000074ab00000, 0x0000000795580000)
  object space 175104K, 11% used [0x0000000740000000,0x0000000741367838,0x000000074ab00000)
 Metaspace       used 20715K, capacity 21138K, committed 21248K, reserved 1069056K
  class space    used 2402K, capacity 2516K, committed 2560K, reserved 1048576K

Card table byte_map: [0x0000000129ac5000,0x0000000129ec6000] byte_map_base: 0x00000001260c5000

Marking Bits: (ParMarkBitMap*) 0x0000000119f44d30
 Begin Bits: [0x000000012a171000, 0x000000012c171000)
 End Bits:   [0x000000012c171000, 0x000000012e171000)

Polling page: 0x000000010c66c000

CodeCache: size=245760Kb used=14771Kb max_used=15571Kb free=230988Kb
 bounds [0x000000011aac5000, 0x000000011ba75000, 0x0000000129ac5000]
 total_blobs=4599 nmethods=4089 adapters=423
 compilation: enabled

Compilation events (10 events):
Event: 236.578 Thread 0x00007f850e00a800 5224   !   4       java.math.BigDecimal::<init> (1025 bytes)
Event: 236.650 Thread 0x00007f850e00a800 nmethod 5224 0x000000011b6954d0 code [0x000000011b695800, 0x000000011b6988c0]
Event: 236.872 Thread 0x00007f850e00b800 5225       4       java.lang.Boolean::toString (15 bytes)
Event: 236.872 Thread 0x00007f850e00b800 nmethod 5225 0x000000011b254350 code [0x000000011b2544a0, 0x000000011b254518]
Event: 236.879 Thread 0x00007f850f070800 5226   !   4       org.exolab.castor.xml.validators.BooleanValidator::validate (79 bytes)
Event: 236.879 Thread 0x00007f850f070800 nmethod 5226 0x000000011b523e50 code [0x000000011b523fa0, 0x000000011b5240b8]
Event: 236.888 Thread 0x00007f850e00a800 5227   !   4       org.exolab.castor.xml.validators.DoubleValidator::validate (86 bytes)
Event: 236.888 Thread 0x00007f850e00b800 5228       4       org.exolab.castor.xml.validators.DoubleValidator::validate (312 bytes)
Event: 236.889 Thread 0x00007f850e00b800 nmethod 5228 0x000000011b69df50 code [0x000000011b69e0c0, 0x000000011b69e2d8]
Event: 236.898 Thread 0x00007f850e00a800 nmethod 5227 0x000000011b692ed0 code [0x000000011b693100, 0x000000011b693b90]

GC Heap History (10 events):
Event: 236.535 GC heap before
{Heap before GC invocations=152 (full 11):
 PSYoungGen      total 174080K, used 174080K [0x0000000795580000, 0x00000007ac400000, 0x00000007c0000000)
  eden space 172544K, 100% used [0x0000000795580000,0x000000079fe00000,0x000000079fe00000)
  from space 1536K, 100% used [0x00000007ac280000,0x00000007ac400000,0x00000007ac400000)
  to   space 3072K, 0% used [0x00000007abe00000,0x00000007abe00000,0x00000007ac100000)
 ParOldGen       total 175104K, used 27167K [0x0000000740000000, 0x000000074ab00000, 0x0000000795580000)
  object space 175104K, 15% used [0x0000000740000000,0x0000000741a87f50,0x000000074ab00000)
 Metaspace       used 20715K, capacity 21138K, committed 21248K, reserved 1069056K
  class space    used 2402K, capacity 2516K, committed 2560K, reserved 1048576K
Event: 236.537 GC heap after
Heap after GC invocations=152 (full 11):
 PSYoungGen      total 167936K, used 1504K [0x0000000795580000, 0x00000007ac300000, 0x00000007c0000000)
  eden space 166400K, 0% used [0x0000000795580000,0x0000000795580000,0x000000079f800000)
  from space 1536K, 97% used [0x00000007abe00000,0x00000007abf78000,0x00000007abf80000)
  to   space 3072K, 0% used [0x00000007ac000000,0x00000007ac000000,0x00000007ac300000)
 ParOldGen       total 175104K, used 27207K [0x0000000740000000, 0x000000074ab00000, 0x0000000795580000)
  object space 175104K, 15% used [0x0000000740000000,0x0000000741a91f50,0x000000074ab00000)
 Metaspace       used 20715K, capacity 21138K, committed 21248K, reserved 1069056K
  class space    used 2402K, capacity 2516K, committed 2560K, reserved 1048576K
}
Event: 236.720 GC heap before
{Heap before GC invocations=153 (full 11):
 PSYoungGen      total 167936K, used 167904K [0x0000000795580000, 0x00000007ac300000, 0x00000007c0000000)
  eden space 166400K, 100% used [0x0000000795580000,0x000000079f800000,0x000000079f800000)
  from space 1536K, 97% used [0x00000007abe00000,0x00000007abf78000,0x00000007abf80000)
  to   space 3072K, 0% used [0x00000007ac000000,0x00000007ac000000,0x00000007ac300000)
 ParOldGen       total 175104K, used 27207K [0x0000000740000000, 0x000000074ab00000, 0x0000000795580000)
  object space 175104K, 15% used [0x0000000740000000,0x0000000741a91f50,0x000000074ab00000)
 Metaspace       used 20715K, capacity 21138K, committed 21248K, reserved 1069056K
  class space    used 2402K, capacity 2516K, committed 2560K, reserved 1048576K
Event: 236.721 GC heap after
Heap after GC invocations=153 (full 11):
 PSYoungGen      total 162304K, used 1216K [0x0000000795580000, 0x00000007ac180000, 0x00000007c0000000)
  eden space 160768K, 0% used [0x0000000795580000,0x0000000795580000,0x000000079f280000)
  from space 1536K, 79% used [0x00000007ac000000,0x00000007ac130000,0x00000007ac180000)
  to   space 3072K, 0% used [0x00000007abb80000,0x00000007abb80000,0x00000007abe80000)
 ParOldGen       total 175104K, used 27247K [0x0000000740000000, 0x000000074ab00000, 0x0000000795580000)
  object space 175104K, 15% used [0x0000000740000000,0x0000000741a9bf50,0x000000074ab00000)
 Metaspace       used 20715K, capacity 21138K, committed 21248K, reserved 1069056K
  class space    used 2402K, capacity 2516K, committed 2560K, reserved 1048576K
}
Event: 236.918 GC heap before
{Heap before GC invocations=154 (full 11):
 PSYoungGen      total 162304K, used 161984K [0x0000000795580000, 0x00000007ac180000, 0x00000007c0000000)
  eden space 160768K, 100% used [0x0000000795580000,0x000000079f280000,0x000000079f280000)
  from space 1536K, 79% used [0x00000007ac000000,0x00000007ac130000,0x00000007ac180000)
  to   space 3072K, 0% used [0x00000007abb80000,0x00000007abb80000,0x00000007abe80000)
 ParOldGen       total 175104K, used 27247K [0x0000000740000000, 0x000000074ab00000, 0x0000000795580000)
  object space 175104K, 15% used [0x0000000740000000,0x0000000741a9bf50,0x000000074ab00000)
 Metaspace       used 20715K, capacity 21138K, committed 21248K, reserved 1069056K
  class space    used 2402K, capacity 2516K, committed 2560K, reserved 1048576K
Event: 236.920 GC heap after
Heap after GC invocations=154 (full 11):
 PSYoungGen      total 156672K, used 1056K [0x0000000795580000, 0x00000007ac080000, 0x00000007c0000000)
  eden space 155136K, 0% used [0x0000000795580000,0x0000000795580000,0x000000079ed00000)
  from space 1536K, 68% used [0x00000007abb80000,0x00000007abc88000,0x00000007abd00000)
  to   space 3072K, 0% used [0x00000007abd80000,0x00000007abd80000,0x00000007ac080000)
 ParOldGen       total 175104K, used 27335K [0x0000000740000000, 0x000000074ab00000, 0x0000000795580000)
  object space 175104K, 15% used [0x0000000740000000,0x0000000741ab1f50,0x000000074ab00000)
 Metaspace       used 20715K, capacity 21138K, committed 21248K, reserved 1069056K
  class space    used 2402K, capacity 2516K, committed 2560K, reserved 1048576K
}
Event: 236.922 GC heap before
{Heap before GC invocations=155 (full 11):
 PSYoungGen      total 156672K, used 4156K [0x0000000795580000, 0x00000007ac080000, 0x00000007c0000000)
  eden space 155136K, 1% used [0x0000000795580000,0x0000000795887360,0x000000079ed00000)
  from space 1536K, 68% used [0x00000007abb80000,0x00000007abc88000,0x00000007abd00000)
  to   space 3072K, 0% used [0x00000007abd80000,0x00000007abd80000,0x00000007ac080000)
 ParOldGen       total 175104K, used 27335K [0x0000000740000000, 0x000000074ab00000, 0x0000000795580000)
  object space 175104K, 15% used [0x0000000740000000,0x0000000741ab1f50,0x000000074ab00000)
 Metaspace       used 20715K, capacity 21138K, committed 21248K, reserved 1069056K
  class space    used 2402K, capacity 2516K, committed 2560K, reserved 1048576K
Event: 236.923 GC heap after
Heap after GC invocations=155 (full 11):
 PSYoungGen      total 155648K, used 192K [0x0000000795580000, 0x00000007abe00000, 0x00000007c0000000)
  eden space 155136K, 0% used [0x0000000795580000,0x0000000795580000,0x000000079ed00000)
  from space 512K, 37% used [0x00000007abd80000,0x00000007abdb0000,0x00000007abe00000)
  to   space 3072K, 0% used [0x00000007ab800000,0x00000007ab800000,0x00000007abb00000)
 ParOldGen       total 175104K, used 27431K [0x0000000740000000, 0x000000074ab00000, 0x0000000795580000)
  object space 175104K, 15% used [0x0000000740000000,0x0000000741ac9f50,0x000000074ab00000)
 Metaspace       used 20715K, capacity 21138K, committed 21248K, reserved 1069056K
  class space    used 2402K, capacity 2516K, committed 2560K, reserved 1048576K
}
Event: 236.923 GC heap before
{Heap before GC invocations=156 (full 12):
 PSYoungGen      total 155648K, used 192K [0x0000000795580000, 0x00000007abe00000, 0x00000007c0000000)
  eden space 155136K, 0% used [0x0000000795580000,0x0000000795580000,0x000000079ed00000)
  from space 512K, 37% used [0x00000007abd80000,0x00000007abdb0000,0x00000007abe00000)
  to   space 3072K, 0% used [0x00000007ab800000,0x00000007ab800000,0x00000007abb00000)
 ParOldGen       total 175104K, used 27431K [0x0000000740000000, 0x000000074ab00000, 0x0000000795580000)
  object space 175104K, 15% used [0x0000000740000000,0x0000000741ac9f50,0x000000074ab00000)
 Metaspace       used 20715K, capacity 21138K, committed 21248K, reserved 1069056K
  class space    used 2402K, capacity 2516K, committed 2560K, reserved 1048576K
Event: 236.972 GC heap after
Heap after GC invocations=156 (full 12):
 PSYoungGen      total 155648K, used 0K [0x0000000795580000, 0x00000007abe00000, 0x00000007c0000000)
  eden space 155136K, 0% used [0x0000000795580000,0x0000000795580000,0x000000079ed00000)
  from space 512K, 0% used [0x00000007abd80000,0x00000007abd80000,0x00000007abe00000)
  to   space 3072K, 0% used [0x00000007ab800000,0x00000007ab800000,0x00000007abb00000)
 ParOldGen       total 175104K, used 19870K [0x0000000740000000, 0x000000074ab00000, 0x0000000795580000)
  object space 175104K, 11% used [0x0000000740000000,0x0000000741367838,0x000000074ab00000)
 Metaspace       used 20715K, capacity 21138K, committed 21248K, reserved 1069056K
  class space    used 2402K, capacity 2516K, committed 2560K, reserved 1048576K
}

Deoptimization events (10 events):
Event: 60.503 Thread 0x00007f851083f000 Uncommon trap: reason=null_check action=make_not_entrant pc=0x000000011b403b84 method=org.exolab.castor.xml.UnmarshalHandler.startElement(Ljava/lang/String;Ljava/lang/String;Lorg/exolab/castor/xml/AttributeSet;)V @ 4368
Event: 72.218 Thread 0x00007f851083f000 Uncommon trap: reason=unstable_if action=reinterpret pc=0x000000011b225358 method=java.lang.String.indexOf([CII[CIII)I @ 19
Event: 72.218 Thread 0x00007f851083f000 Uncommon trap: reason=unstable_if action=reinterpret pc=0x000000011acbd40c method=java.lang.String.indexOf([CII[CIII)I @ 19
Event: 72.218 Thread 0x00007f851083f000 Uncommon trap: reason=unstable_if action=reinterpret pc=0x000000011abfe254 method=java.lang.String.indexOf([CII[CIII)I @ 134
Event: 85.563 Thread 0x00007f851083f000 Uncommon trap: reason=unstable_if action=reinterpret pc=0x000000011b8c8038 method=java.math.BigDecimal.setScale(II)Ljava/math/BigDecimal; @ 63
Event: 157.481 Thread 0x00007f851083f000 Uncommon trap: reason=unstable_if action=reinterpret pc=0x000000011aeb2ec4 method=java.io.ExpiringCache.entryFor(Ljava/lang/String;)Ljava/io/ExpiringCache$Entry; @ 39
Event: 157.518 Thread 0x00007f851083f000 Uncommon trap: reason=unstable_if action=reinterpret pc=0x000000011b6e6598 method=java.io.ExpiringCache.entryFor(Ljava/lang/String;)Ljava/io/ExpiringCache$Entry; @ 39
Event: 196.002 Thread 0x00007f851083f000 Uncommon trap: reason=unstable_if action=reinterpret pc=0x000000011adb8828 method=sun.misc.FloatingDecimal$BinaryToASCIIBuffer.dtoa(IJIZ)V @ 88
Event: 234.470 Thread 0x00007f851083f000 Uncommon trap: reason=unstable_if action=reinterpret pc=0x000000011b3add08 method=com.spss.shared.core_tools.format.GeneralNumberFormat.stripLeadingZeros(Ljava/lang/StringBuffer;)V @ 49
Event: 234.472 Thread 0x00007f851083f000 Uncommon trap: reason=unstable_if action=reinterpret pc=0x000000011ba053c4 method=java.math.BigDecimal.<init>([CIILjava/math/MathContext;)V @ 169

Internal exceptions (10 events):
Event: 45.307 Thread 0x00007f851083f000 Exception <a 'java/io/FileNotFoundException'> (0x00000007a14c3a38) thrown at [/Users/java_re/workspace/8-2-build-macosx-x86_64/jdk8u121/8372/hotspot/src/share/vm/prims/jni.cpp, line 709]
Event: 57.271 Thread 0x00007f851083f000 Exception <a 'java/io/FileNotFoundException'> (0x00000007a20ee4a0) thrown at [/Users/java_re/workspace/8-2-build-macosx-x86_64/jdk8u121/8372/hotspot/src/share/vm/prims/jni.cpp, line 709]
Event: 60.503 Thread 0x00007f851083f000 Implicit null exception at 0x000000011b400547 to 0x000000011b403b79
Event: 68.991 Thread 0x00007f851083f000 Exception <a 'java/io/FileNotFoundException'> (0x00000007a1d6f4b0) thrown at [/Users/java_re/workspace/8-2-build-macosx-x86_64/jdk8u121/8372/hotspot/src/share/vm/prims/jni.cpp, line 709]
Event: 85.391 Thread 0x00007f851083f000 Exception <a 'java/io/FileNotFoundException'> (0x000000079ff357b0) thrown at [/Users/java_re/workspace/8-2-build-macosx-x86_64/jdk8u121/8372/hotspot/src/share/vm/prims/jni.cpp, line 709]
Event: 101.872 Thread 0x00007f851083f000 Exception <a 'java/io/FileNotFoundException'> (0x000000079b6fdb28) thrown at [/Users/java_re/workspace/8-2-build-macosx-x86_64/jdk8u121/8372/hotspot/src/share/vm/prims/jni.cpp, line 709]
Event: 118.249 Thread 0x00007f851083f000 Exception <a 'java/io/FileNotFoundException'> (0x0000000799b8aac0) thrown at [/Users/java_re/workspace/8-2-build-macosx-x86_64/jdk8u121/8372/hotspot/src/share/vm/prims/jni.cpp, line 709]
Event: 157.480 Thread 0x00007f851083f000 Exception <a 'java/io/FileNotFoundException'> (0x00000007997859c0) thrown at [/Users/java_re/workspace/8-2-build-macosx-x86_64/jdk8u121/8372/hotspot/src/share/vm/prims/jni.cpp, line 709]
Event: 195.815 Thread 0x00007f851083f000 Exception <a 'java/io/FileNotFoundException'> (0x000000079b205658) thrown at [/Users/java_re/workspace/8-2-build-macosx-x86_64/jdk8u121/8372/hotspot/src/share/vm/prims/jni.cpp, line 709]
Event: 234.290 Thread 0x00007f851083f000 Exception <a 'java/io/FileNotFoundException'> (0x00000007a2b52978) thrown at [/Users/java_re/workspace/8-2-build-macosx-x86_64/jdk8u121/8372/hotspot/src/share/vm/prims/jni.cpp, line 709]

Events (10 events):
Event: 236.918 loading class org/openxmlformats/schemas/spreadsheetml/_2006/main/SheetDescriptor
Event: 236.918 loading class org/openxmlformats/schemas/spreadsheetml/_2006/main/SheetDescriptor done
Event: 236.918 Executing VM operation: ParallelGCFailedAllocation
Event: 236.920 Executing VM operation: ParallelGCFailedAllocation done
Event: 236.920 Executing VM operation: RevokeBias
Event: 236.920 Executing VM operation: RevokeBias done
Event: 236.921 loading class org/openxmlformats/schemas/spreadsheetml/_2006/main/CalcPrDescriptor
Event: 236.921 loading class org/openxmlformats/schemas/spreadsheetml/_2006/main/CalcPrDescriptor done
Event: 236.922 Executing VM operation: ParallelGCSystemGC
Event: 236.972 Executing VM operation: ParallelGCSystemGC done


Dynamic libraries:
0x0000000021ee7000 	/System/Library/Frameworks/CoreFoundation.framework/Versions/A/CoreFoundation
0x0000000021ee7000 	/System/Library/Frameworks/IOKit.framework/Versions/A/IOKit
0x0000000021ee7000 	/usr/lib/libstdc++.6.0.9.dylib
0x000000010c355000 	/Applications/IBM/SPSS/Statistics/25/SPSSStatistics.app/Contents/lib/libtempdir.dylib
0x000000010c377000 	/Applications/IBM/SPSS/Statistics/25/SPSSStatistics.app/Contents/lib/libspssxd.dylib
0x000000010c625000 	/Applications/IBM/SPSS/Statistics/25/SPSSStatistics.app/Contents/lib/libspssdxcom.dylib
0x000000010c66f000 	/Applications/IBM/SPSS/Statistics/25/SPSSStatistics.app/Contents/common/ext/bin/spss.common/libscorelib850r.dylib
0x000000010c776000 	/Applications/IBM/SPSS/Statistics/25/SPSSStatistics.app/Contents/common/ext/bin/spss.common/libGeneralRegressionModel850r.dylib
0x000000010c7ef000 	/Applications/IBM/SPSS/Statistics/25/SPSSStatistics.app/Contents/common/ext/bin/spss.common/libdiscriminant-model850r.dylib
0x0000000021ee7000 	/usr/lib/libSystem.B.dylib
0x0000000021ee7000 	/usr/lib/libDiagnosticMessagesClient.dylib
0x0000000021ee7000 	/usr/lib/libicucore.A.dylib
0x0000000021ee7000 	/usr/lib/libobjc.A.dylib
0x0000000021ee7000 	/usr/lib/libz.1.dylib
0x0000000021ee7000 	/usr/lib/system/libcache.dylib
0x0000000021ee7000 	/usr/lib/system/libcommonCrypto.dylib
0x0000000021ee7000 	/usr/lib/system/libcompiler_rt.dylib
0x0000000021ee7000 	/usr/lib/system/libcopyfile.dylib
0x0000000021ee7000 	/usr/lib/system/libcorecrypto.dylib
0x0000000021ee7000 	/usr/lib/system/libdispatch.dylib
0x0000000021ee7000 	/usr/lib/system/libdyld.dylib
0x0000000021ee7000 	/usr/lib/system/libkeymgr.dylib
0x0000000021ee7000 	/usr/lib/system/liblaunch.dylib
0x0000000021ee7000 	/usr/lib/system/libmacho.dylib
0x0000000021ee7000 	/usr/lib/system/libquarantine.dylib
0x0000000021ee7000 	/usr/lib/system/libremovefile.dylib
0x0000000021ee7000 	/usr/lib/system/libsystem_asl.dylib
0x0000000021ee7000 	/usr/lib/system/libsystem_blocks.dylib
0x0000000021ee7000 	/usr/lib/system/libsystem_c.dylib
0x0000000021ee7000 	/usr/lib/system/libsystem_configuration.dylib
0x0000000021ee7000 	/usr/lib/system/libsystem_coreservices.dylib
0x0000000021ee7000 	/usr/lib/system/libsystem_darwin.dylib
0x0000000021ee7000 	/usr/lib/system/libsystem_dnssd.dylib
0x0000000021ee7000 	/usr/lib/system/libsystem_info.dylib
0x0000000021ee7000 	/usr/lib/system/libsystem_m.dylib
0x0000000021ee7000 	/usr/lib/system/libsystem_malloc.dylib
0x0000000021ee7000 	/usr/lib/system/libsystem_network.dylib
0x0000000021ee7000 	/usr/lib/system/libsystem_networkextension.dylib
0x0000000021ee7000 	/usr/lib/system/libsystem_notify.dylib
0x0000000021ee7000 	/usr/lib/system/libsystem_sandbox.dylib
0x0000000021ee7000 	/usr/lib/system/libsystem_secinit.dylib
0x0000000021ee7000 	/usr/lib/system/libsystem_kernel.dylib
0x0000000021ee7000 	/usr/lib/system/libsystem_platform.dylib
0x0000000021ee7000 	/usr/lib/system/libsystem_pthread.dylib
0x0000000021ee7000 	/usr/lib/system/libsystem_symptoms.dylib
0x0000000021ee7000 	/usr/lib/system/libsystem_trace.dylib
0x0000000021ee7000 	/usr/lib/system/libunwind.dylib
0x0000000021ee7000 	/usr/lib/system/libxpc.dylib
0x0000000021ee7000 	/usr/lib/closure/libclosured.dylib
0x0000000021ee7000 	/usr/lib/libc++abi.dylib
0x0000000021ee7000 	/usr/lib/libc++.1.dylib
0x0000000021ee7000 	/usr/lib/libenergytrace.dylib
0x0000000021ee7000 	/usr/lib/libbsm.0.dylib
0x0000000021ee7000 	/usr/lib/system/libkxld.dylib
0x000000010c811000 	/Applications/IBM/SPSS/Statistics/25/SPSSStatistics.app/Contents/lib/libifcoremt.dylib
0x000000010c98c000 	/Applications/IBM/SPSS/Statistics/25/SPSSStatistics.app/Contents/lib/libimf.dylib
0x000000010ccb0000 	/Applications/IBM/SPSS/Statistics/25/SPSSStatistics.app/Contents/lib/libsvml.dylib
0x000000010d7a9000 	/Applications/IBM/SPSS/Statistics/25/SPSSStatistics.app/Contents/lib/libintlc.dylib
0x000000010d7fa000 	/Applications/IBM/SPSS/Statistics/25/SPSSStatistics.app/Contents/lib/libplatdep.dylib
0x000000010d846000 	/Applications/IBM/SPSS/Statistics/25/SPSSStatistics.app/Contents/lib/libgsk8iccs.dylib
0x000000010d8bb000 	/Applications/IBM/SPSS/Statistics/25/SPSSStatistics.app/Contents/lib/libsockbsd.dylib
0x000000010d8cd000 	/Applications/IBM/SPSS/Statistics/25/SPSSStatistics.app/Contents/lib/libsfthread.dylib
0x000000010d8df000 	/Applications/IBM/SPSS/Statistics/25/SPSSStatistics.app/Contents/lib/libvserial.dylib
0x000000010d8f5000 	/Applications/IBM/SPSS/Statistics/25/SPSSStatistics.app/Contents/lib/libvutility.dylib
0x000000010d903000 	/Applications/IBM/SPSS/Statistics/25/SPSSStatistics.app/Contents/lib/libicuuc.51.2.dylib
0x000000010dadd000 	/Applications/IBM/SPSS/Statistics/25/SPSSStatistics.app/Contents/lib/libicui18n.51.2.dylib
0x000000010ddb0000 	/Applications/IBM/SPSS/Statistics/25/SPSSStatistics.app/Contents/lib/libxerces-c-3.1.dylib
0x000000010e18d000 	/Applications/IBM/SPSS/Statistics/25/SPSSStatistics.app/Contents/lib/libicudata.51.2.dylib
0x000000010f6de000 	/Applications/IBM/SPSS/Statistics/25/SPSSStatistics.app/Contents/lib/libspsswlib.dylib
0x0000000111aa2000 	/Applications/IBM/SPSS/Statistics/25/SPSSStatistics.app/Contents/lib/libcpuinfo.dylib
0x0000000111aa5000 	/Applications/IBM/SPSS/Statistics/25/SPSSStatistics.app/Contents/lib/libomcell.dylib
0x0000000111acb000 	/Applications/IBM/SPSS/Statistics/25/SPSSStatistics.app/Contents/lib/libomfactry.dylib
0x0000000111b78000 	/Applications/IBM/SPSS/Statistics/25/SPSSStatistics.app/Contents/lib/libomtree.dylib
0x0000000111bb3000 	/Applications/IBM/SPSS/Statistics/25/SPSSStatistics.app/Contents/lib/libomxxml.dylib
0x0000000111bf0000 	/Applications/IBM/SPSS/Statistics/25/SPSSStatistics.app/Contents/lib/libomxsav.dylib
0x0000000111c04000 	/Applications/IBM/SPSS/Statistics/25/SPSSStatistics.app/Contents/lib/libomxhtml.dylib
0x0000000111c2b000 	/Applications/IBM/SPSS/Statistics/25/SPSSStatistics.app/Contents/lib/libomxtext.dylib
0x0000000111c4e000 	/Applications/IBM/SPSS/Statistics/25/SPSSStatistics.app/Contents/lib/libomxspv.dylib
0x0000000111c58000 	/Applications/IBM/SPSS/Statistics/25/SPSSStatistics.app/Contents/lib/libspssjni.dylib
0x0000000111c62000 	/Applications/IBM/SPSS/Statistics/25/SPSSStatistics.app/Contents/lib/libspssjvm.dylib
0x0000000111c6f000 	/Applications/IBM/SPSS/Statistics/25/SPSSStatistics.app/Contents/lib/libvizedit.dylib
0x0000000111c94000 	/Applications/IBM/SPSS/Statistics/25/SPSSStatistics.app/Contents/lib/libtransspc.dylib
0x0000000111cc1000 	/Applications/IBM/SPSS/Statistics/25/SPSSStatistics.app/Contents/lib/libdedstore.dylib
0x0000000111cdd000 	/Applications/IBM/SPSS/Statistics/25/SPSSStatistics.app/Contents/lib/libsvrdmgr.dylib
0x0000000111d01000 	/Applications/IBM/SPSS/Statistics/25/SPSSStatistics.app/Contents/lib/libdatasrc.dylib
0x0000000111daa000 	/Applications/IBM/SPSS/Statistics/25/SPSSStatistics.app/Contents/lib/libsvrerrs.dylib
0x0000000111db3000 	/Applications/IBM/SPSS/Statistics/25/SPSSStatistics.app/Contents/lib/libspssdemg.dylib
0x0000000111dff000 	/Applications/IBM/SPSS/Statistics/25/SPSSStatistics.app/Contents/lib/libcpputil.dylib
0x0000000111e3c000 	/Applications/IBM/SPSS/Statistics/25/SPSSStatistics.app/Contents/lib/libstrtable.dylib
0x00000000d9e4c000 	/Applications/IBM/SPSS/Statistics/25/SPSSStatistics.app/Contents/lib/libxalan-c.111.0.dylib
0x000000011249d000 	/Applications/IBM/SPSS/Statistics/25/SPSSStatistics.app/Contents/lib/libchartutl.dylib
0x00000001125af000 	/Applications/IBM/SPSS/Statistics/25/SPSSStatistics.app/Contents/lib/libspssmsgs.dylib
0x00000001125b8000 	/Applications/IBM/SPSS/Statistics/25/SPSSStatistics.app/Contents/lib/libvizchart.dylib
0x00000001127df000 	/Applications/IBM/SPSS/Statistics/25/SPSSStatistics.app/Contents/lib/libzlib1211spss.dylib
0x0000000112811000 	/Applications/IBM/SPSS/Statistics/25/SPSSStatistics.app/Contents/lib/libindutil.dylib
0x00000000d2823000 	/Applications/IBM/SPSS/Statistics/25/SPSSStatistics.app/Contents/lib/libxalanMsg.111.0.dylib
0x0000000112831000 	/Applications/IBM/SPSS/Statistics/25/SPSSStatistics.app/Contents/lib/libspssiocv.dylib
0x000000011286d000 	/Applications/IBM/SPSS/Statistics/25/SPSSStatistics.app/Contents/lib/libreadonly.dylib
0x0000000112875000 	/Applications/IBM/SPSS/Statistics/25/SPSSStatistics.app/Contents/lib/libtmsutil.dylib
0x000000011287d000 	/Applications/IBM/SPSS/Statistics/25/SPSSStatistics.app/Contents/lib/libcvtrans.dylib
0x00000000728bf000 	/Applications/IBM/SPSS/Statistics/25/SPSSStatistics.app/Contents/Library/Frameworks/Sentinel.framework/Versions/A/Sentinel
0x00000001128da000 	/Applications/IBM/SPSS/Statistics/25/SPSSStatistics.app/Contents/Library/Frameworks/SuperPro.framework/Versions/A/SuperPro
0x00000001128f1000 	/Applications/IBM/SPSS/Statistics/25/SPSSStatistics.app/Contents/lib/libcmddata.dylib
0x00000001128f9000 	/Applications/IBM/SPSS/Statistics/25/SPSSStatistics.app/Contents/lib/libmcbstsps.dylib
0x0000000021ee7000 	/usr/lib/libiconv.2.dylib
0x0000000021ee7000 	/System/Library/Frameworks/CoreServices.framework/Versions/A/CoreServices
0x0000000021ee7000 	/System/Library/Frameworks/CFNetwork.framework/Versions/A/CFNetwork
0x0000000021ee7000 	/System/Library/Frameworks/CoreServices.framework/Versions/A/Frameworks/FSEvents.framework/Versions/A/FSEvents
0x0000000021ee7000 	/System/Library/Frameworks/CoreServices.framework/Versions/A/Frameworks/CarbonCore.framework/Versions/A/CarbonCore
0x0000000021ee7000 	/System/Library/Frameworks/CoreServices.framework/Versions/A/Frameworks/Metadata.framework/Versions/A/Metadata
0x0000000021ee7000 	/System/Library/Frameworks/CoreServices.framework/Versions/A/Frameworks/OSServices.framework/Versions/A/OSServices
0x0000000021ee7000 	/System/Library/Frameworks/CoreServices.framework/Versions/A/Frameworks/SearchKit.framework/Versions/A/SearchKit
0x0000000021ee7000 	/System/Library/Frameworks/CoreServices.framework/Versions/A/Frameworks/AE.framework/Versions/A/AE
0x0000000021ee7000 	/System/Library/Frameworks/CoreServices.framework/Versions/A/Frameworks/LaunchServices.framework/Versions/A/LaunchServices
0x0000000021ee7000 	/System/Library/Frameworks/CoreServices.framework/Versions/A/Frameworks/DictionaryServices.framework/Versions/A/DictionaryServices
0x0000000021ee7000 	/System/Library/Frameworks/CoreServices.framework/Versions/A/Frameworks/SharedFileList.framework/Versions/A/SharedFileList
0x0000000021ee7000 	/usr/lib/libauto.dylib
0x0000000021ee7000 	/System/Library/Frameworks/SystemConfiguration.framework/Versions/A/SystemConfiguration
0x0000000021ee7000 	/System/Library/Frameworks/Security.framework/Versions/A/Security
0x0000000021ee7000 	/usr/lib/libsqlite3.dylib
0x0000000021ee7000 	/usr/lib/libxml2.2.dylib
0x0000000021ee7000 	/usr/lib/libnetwork.dylib
0x0000000021ee7000 	/usr/lib/libapple_nghttp2.dylib
0x0000000021ee7000 	/usr/lib/libpcap.A.dylib
0x0000000021ee7000 	/usr/lib/libboringssl.dylib
0x0000000021ee7000 	/usr/lib/libusrtcp.dylib
0x0000000021ee7000 	/usr/lib/libcoretls.dylib
0x0000000021ee7000 	/usr/lib/libcoretls_cfhelpers.dylib
0x0000000021ee7000 	/usr/lib/libapple_crypto.dylib
0x0000000021ee7000 	/System/Library/Frameworks/Foundation.framework/Versions/C/Foundation
0x0000000021ee7000 	/usr/lib/libOpenScriptingUtil.dylib
0x0000000021ee7000 	/usr/lib/libpam.2.dylib
0x0000000021ee7000 	/usr/lib/libxar.1.dylib
0x0000000021ee7000 	/System/Library/Frameworks/DiskArbitration.framework/Versions/A/DiskArbitration
0x0000000021ee7000 	/usr/lib/libarchive.2.dylib
0x0000000021ee7000 	/usr/lib/liblangid.dylib
0x0000000021ee7000 	/usr/lib/libCRFSuite.dylib
0x0000000021ee7000 	/usr/lib/libbz2.1.0.dylib
0x0000000021ee7000 	/usr/lib/liblzma.5.dylib
0x0000000021ee7000 	/System/Library/Frameworks/NetFS.framework/Versions/A/NetFS
0x0000000021ee7000 	/System/Library/PrivateFrameworks/NetAuth.framework/Versions/A/NetAuth
0x0000000021ee7000 	/System/Library/PrivateFrameworks/login.framework/Versions/A/Frameworks/loginsupport.framework/Versions/A/loginsupport
0x0000000021ee7000 	/System/Library/PrivateFrameworks/TCC.framework/Versions/A/TCC
0x0000000021ee7000 	/usr/lib/libmecabra.dylib
0x0000000021ee7000 	/System/Library/Frameworks/ApplicationServices.framework/Versions/A/ApplicationServices
0x0000000021ee7000 	/System/Library/Frameworks/CoreGraphics.framework/Versions/A/CoreGraphics
0x0000000021ee7000 	/System/Library/Frameworks/CoreText.framework/Versions/A/CoreText
0x0000000021ee7000 	/System/Library/Frameworks/ImageIO.framework/Versions/A/ImageIO
0x0000000021ee7000 	/System/Library/Frameworks/ColorSync.framework/Versions/A/ColorSync
0x0000000021ee7000 	/System/Library/Frameworks/ApplicationServices.framework/Versions/A/Frameworks/ATS.framework/Versions/A/ATS
0x0000000021ee7000 	/System/Library/Frameworks/ApplicationServices.framework/Versions/A/Frameworks/ColorSyncLegacy.framework/Versions/A/ColorSyncLegacy
0x0000000021ee7000 	/System/Library/Frameworks/ApplicationServices.framework/Versions/A/Frameworks/HIServices.framework/Versions/A/HIServices
0x0000000021ee7000 	/System/Library/Frameworks/ApplicationServices.framework/Versions/A/Frameworks/LangAnalysis.framework/Versions/A/LangAnalysis
0x0000000021ee7000 	/System/Library/Frameworks/ApplicationServices.framework/Versions/A/Frameworks/PrintCore.framework/Versions/A/PrintCore
0x0000000021ee7000 	/System/Library/Frameworks/ApplicationServices.framework/Versions/A/Frameworks/QD.framework/Versions/A/QD
0x0000000021ee7000 	/System/Library/Frameworks/ApplicationServices.framework/Versions/A/Frameworks/SpeechSynthesis.framework/Versions/A/SpeechSynthesis
0x0000000021ee7000 	/System/Library/PrivateFrameworks/SkyLight.framework/Versions/A/SkyLight
0x0000000021ee7000 	/System/Library/Frameworks/Accelerate.framework/Versions/A/Accelerate
0x0000000021ee7000 	/System/Library/Frameworks/CoreDisplay.framework/Versions/A/CoreDisplay
0x0000000021ee7000 	/System/Library/Frameworks/IOSurface.framework/Versions/A/IOSurface
0x0000000021ee7000 	/System/Library/Frameworks/Metal.framework/Versions/A/Metal
0x0000000021ee7000 	/System/Library/PrivateFrameworks/MultitouchSupport.framework/Versions/A/MultitouchSupport
0x0000000021ee7000 	/System/Library/Frameworks/QuartzCore.framework/Versions/A/QuartzCore
0x0000000021ee7000 	/System/Library/Frameworks/Accelerate.framework/Versions/A/Frameworks/vImage.framework/Versions/A/vImage
0x0000000021ee7000 	/System/Library/Frameworks/Accelerate.framework/Versions/A/Frameworks/vecLib.framework/Versions/A/vecLib
0x0000000021ee7000 	/System/Library/Frameworks/Accelerate.framework/Versions/A/Frameworks/vecLib.framework/Versions/A/libvDSP.dylib
0x0000000021ee7000 	/System/Library/Frameworks/Accelerate.framework/Versions/A/Frameworks/vecLib.framework/Versions/A/libBNNS.dylib
0x0000000021ee7000 	/System/Library/Frameworks/Accelerate.framework/Versions/A/Frameworks/vecLib.framework/Versions/A/libQuadrature.dylib
0x0000000021ee7000 	/System/Library/Frameworks/Accelerate.framework/Versions/A/Frameworks/vecLib.framework/Versions/A/libvMisc.dylib
0x0000000021ee7000 	/System/Library/Frameworks/Accelerate.framework/Versions/A/Frameworks/vecLib.framework/Versions/A/libLAPACK.dylib
0x0000000021ee7000 	/System/Library/Frameworks/Accelerate.framework/Versions/A/Frameworks/vecLib.framework/Versions/A/libBLAS.dylib
0x0000000021ee7000 	/System/Library/Frameworks/Accelerate.framework/Versions/A/Frameworks/vecLib.framework/Versions/A/libLinearAlgebra.dylib
0x0000000021ee7000 	/System/Library/Frameworks/Accelerate.framework/Versions/A/Frameworks/vecLib.framework/Versions/A/libSparse.dylib
0x0000000021ee7000 	/System/Library/Frameworks/Accelerate.framework/Versions/A/Frameworks/vecLib.framework/Versions/A/libSparseBLAS.dylib
0x0000000021ee7000 	/System/Library/PrivateFrameworks/IOAccelerator.framework/Versions/A/IOAccelerator
0x0000000021ee7000 	/System/Library/PrivateFrameworks/IOPresentment.framework/Versions/A/IOPresentment
0x0000000021ee7000 	/System/Library/PrivateFrameworks/DSExternalDisplay.framework/Versions/A/DSExternalDisplay
0x0000000021ee7000 	/System/Library/Frameworks/OpenGL.framework/Versions/A/Libraries/libCoreFSCache.dylib
0x0000000021ee7000 	/System/Library/Frameworks/CoreImage.framework/Versions/A/CoreImage
0x0000000021ee7000 	/System/Library/Frameworks/CoreVideo.framework/Versions/A/CoreVideo
0x0000000021ee7000 	/System/Library/Frameworks/OpenGL.framework/Versions/A/OpenGL
0x0000000021ee7000 	/System/Library/PrivateFrameworks/GraphVisualizer.framework/Versions/A/GraphVisualizer
0x0000000021ee7000 	/System/Library/Frameworks/MetalPerformanceShaders.framework/Versions/A/MetalPerformanceShaders
0x0000000021ee7000 	/usr/lib/libFosl_dynamic.dylib
0x0000000021ee7000 	/System/Library/PrivateFrameworks/FaceCore.framework/Versions/A/FaceCore
0x0000000021ee7000 	/System/Library/Frameworks/OpenCL.framework/Versions/A/OpenCL
0x0000000021ee7000 	/usr/lib/libcompression.dylib
0x0000000021ee7000 	/System/Library/Frameworks/ApplicationServices.framework/Versions/A/Frameworks/ATS.framework/Versions/A/Resources/libFontParser.dylib
0x0000000021ee7000 	/System/Library/Frameworks/ApplicationServices.framework/Versions/A/Frameworks/ATS.framework/Versions/A/Resources/libFontRegistry.dylib
0x0000000021ee7000 	/System/Library/Frameworks/ImageIO.framework/Versions/A/Resources/libJPEG.dylib
0x0000000021ee7000 	/System/Library/Frameworks/ImageIO.framework/Versions/A/Resources/libTIFF.dylib
0x0000000021ee7000 	/System/Library/Frameworks/ImageIO.framework/Versions/A/Resources/libPng.dylib
0x0000000021ee7000 	/System/Library/Frameworks/ImageIO.framework/Versions/A/Resources/libGIF.dylib
0x0000000021ee7000 	/System/Library/Frameworks/ImageIO.framework/Versions/A/Resources/libJP2.dylib
0x0000000021ee7000 	/System/Library/Frameworks/ImageIO.framework/Versions/A/Resources/libRadiance.dylib
0x0000000021ee7000 	/System/Library/PrivateFrameworks/AppleJPEG.framework/Versions/A/AppleJPEG
0x0000000021ee7000 	/System/Library/PrivateFrameworks/MetalTools.framework/Versions/A/MetalTools
0x0000000021ee7000 	/System/Library/Frameworks/MetalPerformanceShaders.framework/Frameworks/MPSCore.framework/Versions/A/MPSCore
0x0000000021ee7000 	/System/Library/Frameworks/MetalPerformanceShaders.framework/Frameworks/MPSImage.framework/Versions/A/MPSImage
0x0000000021ee7000 	/System/Library/Frameworks/MetalPerformanceShaders.framework/Frameworks/MPSMatrix.framework/Versions/A/MPSMatrix
0x0000000021ee7000 	/System/Library/Frameworks/MetalPerformanceShaders.framework/Frameworks/MPSNeuralNetwork.framework/Versions/A/MPSNeuralNetwork
0x0000000021ee7000 	/System/Library/Frameworks/OpenGL.framework/Versions/A/Libraries/libGLU.dylib
0x0000000021ee7000 	/System/Library/Frameworks/OpenGL.framework/Versions/A/Libraries/libGFXShared.dylib
0x0000000021ee7000 	/System/Library/Frameworks/OpenGL.framework/Versions/A/Libraries/libGL.dylib
0x0000000021ee7000 	/System/Library/Frameworks/OpenGL.framework/Versions/A/Libraries/libGLImage.dylib
0x0000000021ee7000 	/System/Library/Frameworks/OpenGL.framework/Versions/A/Libraries/libCVMSPluginSupport.dylib
0x0000000021ee7000 	/System/Library/Frameworks/OpenGL.framework/Versions/A/Libraries/libCoreVMClient.dylib
0x0000000021ee7000 	/usr/lib/libcups.2.dylib
0x0000000021ee7000 	/System/Library/Frameworks/Kerberos.framework/Versions/A/Kerberos
0x0000000021ee7000 	/System/Library/Frameworks/GSS.framework/Versions/A/GSS
0x0000000021ee7000 	/usr/lib/libresolv.9.dylib
0x0000000021ee7000 	/System/Library/PrivateFrameworks/Heimdal.framework/Versions/A/Heimdal
0x0000000021ee7000 	/usr/lib/libheimdal-asn1.dylib
0x0000000021ee7000 	/System/Library/Frameworks/OpenDirectory.framework/Versions/A/OpenDirectory
0x0000000021ee7000 	/System/Library/PrivateFrameworks/CommonAuth.framework/Versions/A/CommonAuth
0x0000000021ee7000 	/System/Library/Frameworks/OpenDirectory.framework/Versions/A/Frameworks/CFOpenDirectory.framework/Versions/A/CFOpenDirectory
0x0000000021ee7000 	/System/Library/Frameworks/SecurityFoundation.framework/Versions/A/SecurityFoundation
0x0000000021ee7000 	/System/Library/PrivateFrameworks/APFS.framework/Versions/A/APFS
0x0000000021ee7000 	/usr/lib/libutil.dylib
0x0000000021ee7000 	/System/Library/Frameworks/CoreAudio.framework/Versions/A/CoreAudio
0x0000000021ee7000 	/System/Library/Frameworks/AudioToolbox.framework/Versions/A/AudioToolbox
0x0000000021ee7000 	/System/Library/PrivateFrameworks/AppleSauce.framework/Versions/A/AppleSauce
0x0000000021ee7000 	/System/Library/PrivateFrameworks/LinguisticData.framework/Versions/A/LinguisticData
0x0000000021ee7000 	/usr/lib/libmarisa.dylib
0x0000000021ee7000 	/System/Library/PrivateFrameworks/Lexicon.framework/Versions/A/Lexicon
0x0000000021ee7000 	/usr/lib/libChineseTokenizer.dylib
0x0000000021ee7000 	/usr/lib/libcmph.dylib
0x0000000021ee7000 	/System/Library/PrivateFrameworks/LanguageModeling.framework/Versions/A/LanguageModeling
0x0000000021ee7000 	/System/Library/Frameworks/CoreData.framework/Versions/A/CoreData
0x0000000021ee7000 	/System/Library/PrivateFrameworks/CoreEmoji.framework/Versions/A/CoreEmoji
0x0000000021ee7000 	/System/Library/Frameworks/ServiceManagement.framework/Versions/A/ServiceManagement
0x0000000021ee7000 	/System/Library/PrivateFrameworks/BackgroundTaskManagement.framework/Versions/A/BackgroundTaskManagement
0x0000000021ee7000 	/usr/lib/libxslt.1.dylib
0x0000000112902000 	/Applications/IBM/SPSS/Statistics/25/SPSSStatistics.app/Contents/lib/libdatastr.dylib
0x000000011291e000 	/Applications/IBM/SPSS/Statistics/25/SPSSStatistics.app/Contents/lib/libstacrypt.dylib
0x000000011292e000 	/Applications/IBM/SPSS/Statistics/25/SPSSStatistics.app/Contents/lib/libmccomsps.dylib
0x0000000112a35000 	/Applications/IBM/SPSS/Statistics/25/SPSSStatistics.app/Contents/lib/libspsspool.dylib
0x0000000112a74000 	/Applications/IBM/SPSS/Statistics/25/SPSSStatistics.app/Contents/lib/libxchart.dylib
0x0000000112afc000 	/Applications/IBM/SPSS/Statistics/25/SPSSStatistics.app/Contents/lib/libviewerxml.dylib
0x000000011558f000 	/Applications/IBM/SPSS/Statistics/25/SPSSStatistics.app/Contents/lib/libspsswctl.dylib
0x00000001156a3000 	/Applications/IBM/SPSS/Statistics/25/SPSSStatistics.app/Contents/lib/libuparser.dylib
0x0000000115710000 	/Applications/IBM/SPSS/Statistics/25/SPSSStatistics.app/Contents/lib/libspssdx.dylib
0x000000011573c000 	/Applications/IBM/SPSS/Statistics/25/SPSSStatistics.app/Contents/lib/libomsopmgr.dylib
0x0000000115763000 	/Applications/IBM/SPSS/Statistics/25/SPSSStatistics.app/Contents/lib/libspsswcis.dylib
0x0000000115894000 	/Applications/IBM/SPSS/Statistics/25/SPSSStatistics.app/Contents/lib/libspsswmsg.dylib
0x00000001158bc000 	/Applications/IBM/SPSS/Statistics/25/SPSSStatistics.app/Contents/lib/libuadapter.dylib
0x00000001158f1000 	/Applications/IBM/SPSS/Statistics/25/SPSSStatistics.app/Contents/lib/libspssclef.dylib
0x0000000115935000 	/Applications/IBM/SPSS/Statistics/25/SPSSStatistics.app/Contents/ext/bin/spss.common/libcfcore.dylib
0x0000000115a1a000 	/Applications/IBM/SPSS/Statistics/25/SPSSStatistics.app/Contents/ext/bin/spss.common/libcfcommon.dylib
0x0000000115a93000 	/Applications/IBM/SPSS/Statistics/25/SPSSStatistics.app/Contents/lib/libfmsgs.dylib
0x0000000115ac7000 	/Applications/IBM/SPSS/Statistics/25/SPSSStatistics.app/Contents/lib/libnetcom.dylib
0x0000000115aef000 	/Applications/IBM/SPSS/Statistics/25/SPSSStatistics.app/Contents/lib/libfwutility.dylib
0x0000000115af7000 	/Applications/IBM/SPSS/Statistics/25/SPSSStatistics.app/Contents/lib/libfilesort.dylib
0x0000000115b0b000 	/Applications/IBM/SPSS/Statistics/25/SPSSStatistics.app/Contents/lib/libmtxp.dylib
0x0000000115b27000 	/Applications/IBM/SPSS/Statistics/25/SPSSStatistics.app/Contents/ext/bin/spss.common/libcorethread.dylib
0x000000010cca9000 	/Applications/IBM/SPSS/Statistics/25/SPSSStatistics.app/Contents/ext/bin/spss.common/libcfthread.dylib
0x0000000115b37000 	/Applications/IBM/SPSS/Statistics/25/SPSSStatistics.app/Contents/common/ext/bin/spss.common/libcfcomserv.dylib
0x0000000115b4f000 	/Applications/IBM/SPSS/Statistics/25/SPSSStatistics.app/Contents/ext/bin/spss.common/libcfextension.dylib
0x0000000115b87000 	/Applications/IBM/SPSS/Statistics/25/SPSSStatistics.app/Contents/ext/bin/spss.common/libcffilter.dylib
0x0000000115b96000 	/Applications/IBM/SPSS/Statistics/25/SPSSStatistics.app/Contents/ext/bin/spss.common/libcfcatencode.dylib
0x000000010c7ea000 	/Applications/IBM/SPSS/Statistics/25/SPSSStatistics.app/Contents/ext/bin/spss.common/libcfcomstatistic.dylib
0x0000000115bb5000 	/Applications/IBM/SPSS/Statistics/25/SPSSStatistics.app/Contents/ext/bin/spss.common/libtempfiles.dylib
0x0000000118bdb000 	/Applications/IBM/SPSS/Statistics/25/SPSSStatistics.app/Contents/lib/libpesrepo.dylib
0x00000001194f7000 	/Applications/IBM/SPSS/Statistics/25/SPSSStatistics.app/Contents/lib/libspsswfil.dylib
0x0000000119597000 	/Applications/IBM/SPSS/Statistics/25/SPSSStatistics.app/Contents/lib/libchartxml.dylib
0x00000001195f7000 	/Applications/IBM/SPSS/Statistics/25/SPSSStatistics.app/Contents/lib/libxlsxdac.dylib
0x000000011962f000 	/Applications/IBM/SPSS/Statistics/25/SPSSStatistics.app/Contents/lib/libpkginpr.dylib
0x0000000119638000 	/Applications/IBM/SPSS/Statistics/25/SPSSStatistics.app/Contents/lib/libdacmmsgs.dylib
0x0000000111b71000 	/Applications/IBM/SPSS/Statistics/25/SPSSStatistics.app/Contents/lib/libtxtwdmsg.dylib
0x0000000119644000 	/Applications/IBM/SPSS/Statistics/25/SPSSStatistics.app/Contents/JRE/lib/jli/libjli.dylib
0x0000000021ee7000 	/System/Library/Frameworks/Cocoa.framework/Versions/A/Cocoa
0x0000000021ee7000 	/System/Library/Frameworks/AppKit.framework/Versions/C/AppKit
0x0000000021ee7000 	/System/Library/PrivateFrameworks/RemoteViewServices.framework/Versions/A/RemoteViewServices
0x0000000021ee7000 	/System/Library/PrivateFrameworks/UIFoundation.framework/Versions/A/UIFoundation
0x0000000021ee7000 	/System/Library/PrivateFrameworks/DFRFoundation.framework/Versions/A/DFRFoundation
0x0000000021ee7000 	/System/Library/PrivateFrameworks/DesktopServicesPriv.framework/Versions/A/DesktopServicesPriv
0x0000000021ee7000 	/usr/lib/libScreenReader.dylib
0x0000000021ee7000 	/System/Library/Frameworks/AudioUnit.framework/Versions/A/AudioUnit
0x0000000021ee7000 	/System/Library/PrivateFrameworks/DataDetectorsCore.framework/Versions/A/DataDetectorsCore
0x0000000021ee7000 	/System/Library/Frameworks/Carbon.framework/Versions/A/Frameworks/HIToolbox.framework/Versions/A/HIToolbox
0x0000000021ee7000 	/System/Library/Frameworks/Carbon.framework/Versions/A/Frameworks/SpeechRecognition.framework/Versions/A/SpeechRecognition
0x0000000021ee7000 	/System/Library/PrivateFrameworks/CoreUI.framework/Versions/A/CoreUI
0x0000000021ee7000 	/System/Library/PrivateFrameworks/PerformanceAnalysis.framework/Versions/A/PerformanceAnalysis
0x0000000021ee7000 	/System/Library/PrivateFrameworks/Backup.framework/Versions/A/Backup
0x0000000021ee7000 	/System/Library/Frameworks/Carbon.framework/Versions/A/Frameworks/Ink.framework/Versions/A/Ink
0x0000000021ee7000 	/System/Library/PrivateFrameworks/TextureIO.framework/Versions/A/TextureIO
0x0000000021ee7000 	/usr/lib/libate.dylib
0x0000000021ee7000 	/System/Library/PrivateFrameworks/CrashReporterSupport.framework/Versions/A/CrashReporterSupport
0x0000000021ee7000 	/System/Library/PrivateFrameworks/Sharing.framework/Versions/A/Sharing
0x0000000021ee7000 	/System/Library/PrivateFrameworks/IconServices.framework/Versions/A/IconServices
0x0000000021ee7000 	/System/Library/PrivateFrameworks/ProtocolBuffer.framework/Versions/A/ProtocolBuffer
0x0000000021ee7000 	/System/Library/PrivateFrameworks/Apple80211.framework/Versions/A/Apple80211
0x0000000021ee7000 	/System/Library/Frameworks/CoreWLAN.framework/Versions/A/CoreWLAN
0x0000000021ee7000 	/System/Library/PrivateFrameworks/CoreUtils.framework/Versions/A/CoreUtils
0x0000000021ee7000 	/System/Library/Frameworks/IOBluetooth.framework/Versions/A/IOBluetooth
0x0000000021ee7000 	/System/Library/PrivateFrameworks/CoreWiFi.framework/Versions/A/CoreWiFi
0x0000000021ee7000 	/System/Library/Frameworks/CoreBluetooth.framework/Versions/A/CoreBluetooth
0x0000000021ee7000 	/System/Library/PrivateFrameworks/SignpostNotification.framework/Versions/A/SignpostNotification
0x0000000021ee7000 	/System/Library/PrivateFrameworks/DebugSymbols.framework/Versions/A/DebugSymbols
0x0000000021ee7000 	/System/Library/PrivateFrameworks/CoreSymbolication.framework/Versions/A/CoreSymbolication
0x0000000021ee7000 	/System/Library/PrivateFrameworks/Symbolication.framework/Versions/A/Symbolication
0x0000000021ee7000 	/System/Library/PrivateFrameworks/AppleFSCompression.framework/Versions/A/AppleFSCompression
0x0000000021ee7000 	/System/Library/PrivateFrameworks/SpeechRecognitionCore.framework/Versions/A/SpeechRecognitionCore
0x0000000119654000 	/Applications/IBM/SPSS/Statistics/25/SPSSStatistics.app/Contents/JRE//lib/server/libjvm.dylib
0x000000011a5f6000 	/Applications/IBM/SPSS/Statistics/25/SPSSStatistics.app/Contents/JRE/lib/libverify.dylib
0x000000011a604000 	/Applications/IBM/SPSS/Statistics/25/SPSSStatistics.app/Contents/JRE/lib/libjava.dylib
0x000000011a639000 	/Applications/IBM/SPSS/Statistics/25/SPSSStatistics.app/Contents/JRE/lib/libzip.dylib
0x0000000021ee7000 	/System/Library/Frameworks/JavaVM.framework/Versions/A/Frameworks/JavaRuntimeSupport.framework/Versions/A/JavaRuntimeSupport
0x0000000021ee7000 	/System/Library/Frameworks/JavaVM.framework/Versions/A/Frameworks/JavaNativeFoundation.framework/Versions/A/JavaNativeFoundation
0x0000000021ee7000 	/System/Library/Frameworks/JavaVM.framework/Versions/A/JavaVM
0x0000000021ee7000 	/System/Library/Frameworks/Carbon.framework/Versions/A/Carbon
0x0000000021ee7000 	/System/Library/PrivateFrameworks/JavaLaunching.framework/Versions/A/JavaLaunching
0x0000000021ee7000 	/System/Library/Frameworks/Carbon.framework/Versions/A/Frameworks/CommonPanels.framework/Versions/A/CommonPanels
0x0000000021ee7000 	/System/Library/Frameworks/Carbon.framework/Versions/A/Frameworks/Help.framework/Versions/A/Help
0x0000000021ee7000 	/System/Library/Frameworks/Carbon.framework/Versions/A/Frameworks/ImageCapture.framework/Versions/A/ImageCapture
0x0000000021ee7000 	/System/Library/Frameworks/Carbon.framework/Versions/A/Frameworks/OpenScripting.framework/Versions/A/OpenScripting
0x0000000021ee7000 	/System/Library/Frameworks/Carbon.framework/Versions/A/Frameworks/Print.framework/Versions/A/Print
0x0000000021ee7000 	/System/Library/Frameworks/Carbon.framework/Versions/A/Frameworks/SecurityHI.framework/Versions/A/SecurityHI
0x0000000132374000 	/Applications/IBM/SPSS/Statistics/25/SPSSStatistics.app/Contents/JRE/lib/libnet.dylib
0x0000000117d8a000 	/Applications/IBM/SPSS/Statistics/25/SPSSStatistics.app/Contents/lib/libspsswarc.dylib
0x00000001189ac000 	/Applications/IBM/SPSS/Statistics/25/SPSSStatistics.app/Contents/lib/libspsswalt.dylib
0x00000001189c4000 	/Applications/IBM/SPSS/Statistics/25/SPSSStatistics.app/Contents/lib/libspsswoms.dylib
0x00000001189f3000 	/Applications/IBM/SPSS/Statistics/25/SPSSStatistics.app/Contents/lib/libspsswbst.dylib
0x0000000118a03000 	/Applications/IBM/SPSS/Statistics/25/SPSSStatistics.app/Contents/lib/libspsswone.dylib
0x0000000118a36000 	/Applications/IBM/SPSS/Statistics/25/SPSSStatistics.app/Contents/lib/libspssweda.dylib
0x0000000118ab9000 	/Applications/IBM/SPSS/Statistics/25/SPSSStatistics.app/Contents/JRE/lib/libmanagement.dylib
0x0000000118ac7000 	/Applications/IBM/SPSS/Statistics/25/SPSSStatistics.app/Contents/JRE/lib/libosx.dylib
0x0000000118ad5000 	/Applications/IBM/SPSS/Statistics/25/SPSSStatistics.app/Contents/JRE/lib/./libosxapp.dylib
0x0000000021ee7000 	/System/Library/Frameworks/ExceptionHandling.framework/Versions/A/ExceptionHandling
0x0000000118af1000 	/Applications/IBM/SPSS/Statistics/25/SPSSStatistics.app/Contents/JRE/lib/libawt.dylib
0x00000001324f0000 	/Applications/IBM/SPSS/Statistics/25/SPSSStatistics.app/Contents/JRE/lib/./libmlib_image.dylib
0x00000001326c2000 	/Applications/IBM/SPSS/Statistics/25/SPSSStatistics.app/Contents/JRE/lib/libawt_lwawt.dylib
0x0000000131fa7000 	/Applications/IBM/SPSS/Statistics/25/SPSSStatistics.app/Contents/lib/libjniviewer.dylib
0x00000001322db000 	/Applications/IBM/SPSS/Statistics/25/SPSSStatistics.app/Contents/JRE/lib/libfontmanager.dylib
0x0000000021ee7000 	/System/Library/PrivateFrameworks/CoreServicesInternal.framework/Versions/A/CoreServicesInternal
0x0000000132601000 	/Applications/IBM/SPSS/Statistics/25/SPSSStatistics.app/Contents/JRE/lib/libnio.dylib
0x0000000021ee7000 	/System/Library/Frameworks/ApplicationServices.framework/Versions/A/Frameworks/ATS.framework/Versions/A/Resources/libTrueTypeScaler.dylib

VM Arguments:
jvm_args: -Djava.library.path=/Applications/IBM/SPSS/Statistics/25/SPSSStatistics.app/Contents/bin/../JRE/lib/jli/:/Applications/IBM/SPSS/Statistics/25/SPSSStatistics.app/Contents/bin/../JRE/lib/:/Applications/IBM/SPSS/Statistics/25/SPSSStatistics.app/Contents/bin/../lib/:/Applications/IBM/SPSS/Statistics/25/SPSSStatistics.app/Contents/bin/ -Dapplication.home=/Applications/IBM/SPSS/Statistics/25/SPSSStatistics.app/Contents/bin -Dstatistics.home=/Applications/IBM/SPSS/Statistics/25/SPSSStatistics.app/Contents/bin -Djava.awt.headless=true -Dcom.sun.media.jai.disableMediaLib=true -Xms256M -Xmx2048M -XX:-UsePerfData -Dcom.ibm.jsse2.overrideDefaultProtocol=TLSv12 -Djava.io.tmpdir=/tmp/spss7n31LN/ 
java_command: <unknown>
java_class_path (initial): :/Applications/IBM/SPSS/Statistics/25/SPSSStatistics.app/Contents/bin/ChartEditor.jar:/Applications/IBM/SPSS/Statistics/25/SPSSStatistics.app/Contents/bin/ChartEditorRes.jar:/Applications/IBM/SPSS/Statistics/25/SPSSStatistics.app/Contents/bin/CoreTools.jar:/Applications/IBM/SPSS/Statistics/25/SPSSStatistics.app/Contents/bin/CustomDialogBuilder.jar:/Applications/IBM/SPSS/Statistics/25/SPSSStatistics.app/Contents/bin/CustomDialogBuilderRes.jar:/Applications/IBM/SPSS/Statistics/25/SPSSStatistics.app/Contents/bin/ExViewerDialogDemo.jar:/Applications/IBM/SPSS/Statistics/25/SPSSStatistics.app/Contents/bin/ExViewerFrameDemo.jar:/Applications/IBM/SPSS/Statistics/25/SPSSStatistics.app/Contents/bin/ExportTools.jar:/Applications/IBM/SPSS/Statistics/25/SPSSStatistics.app/Contents/bin/ExtensionManager.jar:/Applications/IBM/SPSS/Statistics/25/SPSSStatistics.app/Contents/bin/ExtensionManagerRes.jar:/Applications/IBM/SPSS/Statistics/25/SPSSStatistics.app/Contents/bin/FieldChooser.jar:/Applications/IBM/SPSS/Statistics/25/SPSSStatistics.app/Contents/bin/InstallExtBundles.jar:/Applications/IBM/SPSS/Statistics/25/SPSSStatistics.app/Contents/bin/InstallExtBundlesRes.jar:/Applications/IBM/SPSS/Statistics/25/SPSSStatistics.app/Contents/bin/JRegEdit.jar:/Applications/IBM/SPSS/Statistics/25/SPSSStatistics.app/Contents/bin/JimiProClasses.jar:/Applications/IBM/SPSS/Statistics/25/SPSSStatistics.app/Contents/bin/LightTable.jar:/Applications/IBM/SPSS/Statistics/25/SPSSStatistics.app/Contents/bin/ModelViewer.jar:/Applications/IBM/SPSS/Statistics/25/SPSSStatistics.app/Contents/bin/PivotTableEditor.jar:/Applications/IBM/SPSS/Statistics/25/SPSSStatistics.app/Contents/bin/PivotTableEditorRes.jar:/Applications/IBM/SPSS/Statistics/25/SPSSStatistics.app/Contents/bin/RConfig.jar:/Applications/IBM/SPSS/Statistics/25/SPSSStatistics.app/Contents/bin/RapidSpell.jar:/Applications/IBM/SPSS/Statistics/25/SPSSStatistics.app/Contents/bin/RapidSpellMDict.jar:/Applications/IBM/SPSS/Stat
Launcher Type: generic

Environment Variables:
PATH=/Applications/IBM/SPSS/Statistics/25/SPSSStatistics.app/Contents/bin:/usr/bin:/bin:/usr/sbin:/sbin
SHELL=/bin/bash
DISPLAY=/private/tmp/com.apple.launchd.nqALtPz533/org.macosforge.xquartz:0
DYLD_LIBRARY_PATH=/Applications/IBM/SPSS/Statistics/25/SPSSStatistics.app/Contents/lib:/Applications/IBM/SPSS/Statistics/25/SPSSStatistics.app/Contents/common/ext/bin/spss.common:/Applications/IBM/SPSS/Statistics/25/SPSSStatistics.app/Contents/ext/bin/spss.common:/Applications/IBM/SPSS/Statistics/25/SPSSStatistics.app/Contents/lib:/Applications/IBM/SPSS/Statistics/25/SPSSStatistics.app/Contents/Library/Frameworks/Sentinel.framework:/Applications/IBM/SPSS/Statistics/25/SPSSStatistics.app/Contents/Library/Frameworks/SuperPro.framework:/Applications/IBM/SPSS/Statistics/25/SPSSStatistics.app/Contents/JRE/lib/jli

Signal Handlers:
SIGSEGV: [libjvm.dylib+0x5b1141], sa_mask[0]=11111111011111110111111111111111, sa_flags=SA_ONSTACK|SA_RESTART|SA_SIGINFO
SIGBUS: [libjvm.dylib+0x5b1141], sa_mask[0]=11111111011111110111111111111111, sa_flags=SA_RESTART|SA_SIGINFO
SIGFPE: [libjvm.dylib+0x487bc4], sa_mask[0]=11111111011111110111111111111111, sa_flags=SA_RESTART|SA_SIGINFO
SIGPIPE: [libjvm.dylib+0x487bc4], sa_mask[0]=11111111011111110111111111111111, sa_flags=SA_RESTART|SA_SIGINFO
SIGXFSZ: [libjvm.dylib+0x487bc4], sa_mask[0]=11111111011111110111111111111111, sa_flags=SA_RESTART|SA_SIGINFO
SIGILL: [libjvm.dylib+0x487bc4], sa_mask[0]=11111111011111110111111111111111, sa_flags=SA_RESTART|SA_SIGINFO
SIGUSR1: SIG_DFL, sa_mask[0]=00000000000000000000000000000000, sa_flags=none
SIGUSR2: [libjvm.dylib+0x4876e2], sa_mask[0]=00100000000000000000000000000000, sa_flags=SA_RESTART|SA_SIGINFO
SIGHUP: [libjvm.dylib+0x485cb9], sa_mask[0]=11111111011111110111111111111111, sa_flags=SA_RESTART|SA_SIGINFO
SIGINT: [libjvm.dylib+0x485cb9], sa_mask[0]=11111111011111110111111111111111, sa_flags=SA_RESTART|SA_SIGINFO
SIGTERM: [libjvm.dylib+0x485cb9], sa_mask[0]=11111111011111110111111111111111, sa_flags=SA_RESTART|SA_SIGINFO
SIGQUIT: [libjvm.dylib+0x485cb9], sa_mask[0]=11111111011111110111111111111111, sa_flags=SA_RESTART|SA_SIGINFO


---------------  S Y S T E M  ---------------

OS:Bsduname:Darwin 17.3.0 Darwin Kernel Version 17.3.0: Thu Nov  9 18:09:22 PST 2017; root:xnu-4570.31.3~1/RELEASE_X86_64 x86_64
rlimit: STACK 8192k, CORE 0k, NPROC 1418, NOFILE 10240, AS infinity
load average:2.30 2.43 2.37

CPU:total 8 (4 cores per cpu, 2 threads per core) family 6 model 70 stepping 1, cmov, cx8, fxsr, mmx, sse, sse2, sse3, ssse3, sse4.1, sse4.2, popcnt, avx, avx2, aes, clmul, erms, lzcnt, ht, tsc, tscinvbit, bmi1, bmi2

Memory: 4k page, physical 16777216k(2097640k free)

/proc/meminfo:


vm_info: Java HotSpot(TM) 64-Bit Server VM (25.121-b13) for bsd-amd64 JRE (1.8.0_121-b13), built on Dec 12 2016 20:39:32 by "java_re" with gcc 4.2.1 (Based on Apple Inc. build 5658) (LLVM build 2336.11.00)

time: Mon Jun 25 02:29:50 2018
elapsed time: 238 seconds (0d 0h 3m 58s)

