#
# A fatal error has been detected by the Java Runtime Environment:
#
#  SIGSEGV (0xb) at pc=0x000000010c3fbd3b, pid=2125, tid=0x0000000000000307
#
# JRE version: Java(TM) 2 Runtime Environment, Standard Edition (8.0_121-b13) (build 1.8.0_121-b13 14_Feb_2017_06_58 Mac OS X x64(SR4 FP1))
# Java VM: Java HotSpot(TM) 64-Bit Server VM (25.121-b13 mixed mode bsd-amd64 compressed oops)
# Problematic frame:
# C  [StartXD+0x11d3b]  LongData::ParseData(void*, int&)+0x5b
#
# Failed to write core dump. Core dumps have been disabled. To enable core dumping, try "ulimit -c unlimited" before starting Java again
#
# If you would like to submit a bug report, please visit:
#   http://bugreport.java.com/bugreport/crash.jsp
#

---------------  T H R E A D  ---------------

Current thread is native thread

siginfo: si_signo: 11 (SIGSEGV), si_code: 1 (SEGV_MAPERR), si_addr: 0x00007f8a8a200000

Registers:
RAX=0x00000000085ea598, RBX=0x00007f8a8a200000, RCX=0x0000000000000000, RDX=0x0000000008000000
RSP=0x00007ffee3812b30, RBP=0x00007ffee3812b70, RSI=0x000000017b1c4590, RDI=0x00007ffee3815430
R8 =0x00000000000002a7, R9 =0x0000000000000086, R10=0x00007fff89fd92cc, R11=0x0000000000000246
R12=0x00007ffee3815430, R13=0x00007ffee3812b44, R14=0x000000001de85e93, R15=0x00007ffee3815418
RIP=0x000000010c3fbd3b, EFLAGS=0x0000000000010202, ERR=0x0000000000000004
  TRAPNO=0x000000000000000e

Top of Stack: (sp=0x00007ffee3812b30)
0x00007ffee3812b30:   0000000000000001 00007ffee3812c54
0x00007ffee3812b40:   0000000000000004 00007ffee38153f0
0x00007ffee3812b50:   00007ffee38153f0 0000000000000000
0x00007ffee3812b60:   00007f8a81c15a60 00007f8a81c15a60
0x00007ffee3812b70:   00007ffee3812c80 000000010c6f359f
0x00007ffee3812b80:   fd00000070001004 000000010c72ffff
0x00007ffee3812b90:   00007ffee3812c20 00007fff510aa758
0x00007ffee3812ba0:   000000010c724000 0000000000000001
0x00007ffee3812bb0:   00007f8a81902060 000000010f2aca00
0x00007ffee3812bc0:   0000000000000004 0000000000000010
0x00007ffee3812bd0:   0000000000000001 000000010c725080
0x00007ffee3812be0:   000000010c725080 000000010f2af200
0x00007ffee3812bf0:   000000010c724000 0000000000000001
0x00007ffee3812c00:   000000000f2ad400 0000000000000000
0x00007ffee3812c10:   00007ffee3812cc0 0000000000000000
0x00007ffee3812c20:   00007fff89fdc000 0000000000000000
0x00007ffee3812c30:   00007ffee3812c60 00007fff51093201
0x00007ffee3812c40:   0000000000000000 0000000000000000
0x00007ffee3812c50:   0000000000000000 00007ffee38153f0
0x00007ffee3812c60:   00007ffee3812cc0 0000000000000000
0x00007ffee3812c70:   00007f8a81c15a60 0000000000000000
0x00007ffee3812c80:   00007ffee3814cf0 000000010c6ec9e9
0x00007ffee3812c90:   0000000000000000 00007ffee38153f0
0x00007ffee3812ca0:   00007f8a81a00000 00007f8a81c15a60
0x00007ffee3812cb0:   0000000000000000 0000000000000000
0x00007ffee3812cc0:   0000000000000000 0000000000000000
0x00007ffee3812cd0:   0000000000000000 0000000000000000
0x00007ffee3812ce0:   0000000000000000 0000000000000000
0x00007ffee3812cf0:   0000000000000000 0000000000000000
0x00007ffee3812d00:   0000000000000000 0000000000000000
0x00007ffee3812d10:   0000000000000000 0000000000000000
0x00007ffee3812d20:   0000000000000000 0000000000000000 

Instructions: (pc=0x000000010c3fbd3b)
0x000000010c3fbd1b:   41 ff ce 48 83 c3 04 4d 8d 67 18 b8 08 00 00 00
0x000000010c3fbd2b:   4c 8d 6d d4 eb 0a 41 ff ce 48 83 c3 04 83 c0 04
0x000000010c3fbd3b:   8b 0b 89 4d d4 41 89 47 10 4c 89 e7 4c 89 ee e8
0x000000010c3fbd4b:   4f 0a 00 00 41 8b 47 10 45 85 f6 75 d9 48 8b 55 

Register to memory mapping:

RAX=0x00000000085ea598 is an unknown value
RBX=0x00007f8a8a200000 is an unknown value
RCX=0x0000000000000000 is an unknown value
RDX=0x0000000008000000 is an unknown value
RSP=0x00007ffee3812b30 is an unknown value
RBP=0x00007ffee3812b70 is an unknown value
RSI=0x000000017b1c4590 is an unknown value
RDI=0x00007ffee3815430 is an unknown value
R8 =0x00000000000002a7 is an unknown value
R9 =0x0000000000000086 is an unknown value
R10=0x00007fff89fd92cc: mach_task_self_+0 in /usr/lib/system/libsystem_kernel.dylib at 0x00007fff5101f000
R11=0x0000000000000246 is an unknown value
R12=0x00007ffee3815430 is an unknown value
R13=0x00007ffee3812b44 is an unknown value
R14=0x000000001de85e93 is an unknown value
R15=0x00007ffee3815418 is an unknown value


Stack: [0x00007ffee3016000,0x00007ffee3816000],  sp=0x00007ffee3812b30,  free space=8178k
Native frames: (J=compiled Java code, j=interpreted, Vv=VM code, C=native code)
C  [StartXD+0x11d3b]  LongData::ParseData(void*, int&)+0x5b
C  [libspssdxcom.dylib+0x1259f]  CleXDSmb::ParseBuf(void*)+0x4d
C  [libspssdxcom.dylib+0xb9e9]  ReceiveData(JavaPlugInSocket*, CleXDSmb&)+0xfa
C  [StartXD+0x25fe]  main+0xa6b
C  [libdyld.dylib+0x1115]  start+0x1


---------------  P R O C E S S  ---------------

VM state:not at safepoint (normal execution)

VM Mutex/Monitor currently owned by a thread: None

Heap:
 PSYoungGen      total 689152K, used 13401K [0x0000000795580000, 0x00000007bff00000, 0x00000007c0000000)
  eden space 680448K, 1% used [0x0000000795580000,0x0000000796296700,0x00000007bee00000)
  from space 8704K, 0% used [0x00000007bee00000,0x00000007bee00000,0x00000007bf680000)
  to   space 8704K, 0% used [0x00000007bf680000,0x00000007bf680000,0x00000007bff00000)
 ParOldGen       total 175104K, used 13069K [0x0000000740000000, 0x000000074ab00000, 0x0000000795580000)
  object space 175104K, 7% used [0x0000000740000000,0x0000000740cc3708,0x000000074ab00000)
 Metaspace       used 19832K, capacity 20116K, committed 20480K, reserved 1067008K
  class space    used 2369K, capacity 2463K, committed 2560K, reserved 1048576K

Card table byte_map: [0x0000000129ac8000,0x0000000129ec9000] byte_map_base: 0x00000001260c8000

Marking Bits: (ParMarkBitMap*) 0x000000011a00ad30
 Begin Bits: [0x000000012a174000, 0x000000012c174000)
 End Bits:   [0x000000012c174000, 0x000000012e174000)

Polling page: 0x000000010c82d000

CodeCache: size=245760Kb used=14773Kb max_used=14773Kb free=230986Kb
 bounds [0x000000011a708000, 0x000000011b588000, 0x0000000129708000]
 total_blobs=3917 nmethods=3407 adapters=423
 compilation: enabled

Compilation events (10 events):
Event: 17.152 Thread 0x00007f8a84800000 3413       1       org.openxmlformats.schemas.spreadsheetml._2006.main.descriptors.IsDescriptor::getNameSpacePrefix (5 bytes)
Event: 17.152 Thread 0x00007f8a84800000 nmethod 3413 0x000000011b508150 code [0x000000011b5082a0, 0x000000011b5083b0]
Event: 17.152 Thread 0x00007f8a84800000 3437       1       org.openxmlformats.schemas.spreadsheetml._2006.main.descriptors.MergeCellDescriptor::getNameSpacePrefix (5 bytes)
Event: 17.152 Thread 0x00007f8a84800000 nmethod 3437 0x000000011b507e90 code [0x000000011b507fe0, 0x000000011b5080f0]
Event: 17.152 Thread 0x00007f8a84800000 3417       1       org.openxmlformats.schemas.spreadsheetml._2006.main.descriptors.RowDescriptor::getNameSpacePrefix (5 bytes)
Event: 17.152 Thread 0x00007f8a84800000 nmethod 3417 0x000000011b507b90 code [0x000000011b507ce0, 0x000000011b507df0]
Event: 17.152 Thread 0x00007f8a84800000 3393       1       org.openxmlformats.schemas.spreadsheetml._2006.main.CT_VerticalAlignFontProperty::getVal (5 bytes)
Event: 17.152 Thread 0x00007f8a84800000 nmethod 3393 0x000000011a82c950 code [0x000000011a82caa0, 0x000000011a82cbb0]
Event: 17.152 Thread 0x00007f8a84800000 3394       1       org.openxmlformats.schemas.spreadsheetml._2006.main.types.ST_VerticalAlignRun::toString (5 bytes)
Event: 17.152 Thread 0x00007f8a84800000 nmethod 3394 0x000000011a82c690 code [0x000000011a82c7e0, 0x000000011a82c8f0]

GC Heap History (10 events):
Event: 14.684 GC heap before
{Heap before GC invocations=8 (full 0):
 PSYoungGen      total 268288K, used 263381K [0x0000000795580000, 0x00000007b6080000, 0x00000007c0000000)
  eden space 258048K, 100% used [0x0000000795580000,0x00000007a5180000,0x00000007a5180000)
  from space 10240K, 52% used [0x00000007a5180000,0x00000007a56b5510,0x00000007a5b80000)
  to   space 9728K, 0% used [0x00000007b5700000,0x00000007b5700000,0x00000007b6080000)
 ParOldGen       total 175104K, used 7898K [0x0000000740000000, 0x000000074ab00000, 0x0000000795580000)
  object space 175104K, 4% used [0x0000000740000000,0x00000007407b68b0,0x000000074ab00000)
 Metaspace       used 18961K, capacity 19228K, committed 19584K, reserved 1067008K
  class space    used 2281K, capacity 2363K, committed 2432K, reserved 1048576K
Event: 14.689 GC heap after
Heap after GC invocations=8 (full 0):
 PSYoungGen      total 524800K, used 5248K [0x0000000795580000, 0x00000007b5f80000, 0x00000007c0000000)
  eden space 516096K, 0% used [0x0000000795580000,0x0000000795580000,0x00000007b4d80000)
  from space 8704K, 60% used [0x00000007b5700000,0x00000007b5c20020,0x00000007b5f80000)
  to   space 9216K, 0% used [0x00000007b4d80000,0x00000007b4d80000,0x00000007b5680000)
 ParOldGen       total 175104K, used 7938K [0x0000000740000000, 0x000000074ab00000, 0x0000000795580000)
  object space 175104K, 4% used [0x0000000740000000,0x00000007407c08b0,0x000000074ab00000)
 Metaspace       used 18961K, capacity 19228K, committed 19584K, reserved 1067008K
  class space    used 2281K, capacity 2363K, committed 2432K, reserved 1048576K
}
Event: 15.533 GC heap before
{Heap before GC invocations=9 (full 0):
 PSYoungGen      total 524800K, used 521344K [0x0000000795580000, 0x00000007b5f80000, 0x00000007c0000000)
  eden space 516096K, 100% used [0x0000000795580000,0x00000007b4d80000,0x00000007b4d80000)
  from space 8704K, 60% used [0x00000007b5700000,0x00000007b5c20020,0x00000007b5f80000)
  to   space 9216K, 0% used [0x00000007b4d80000,0x00000007b4d80000,0x00000007b5680000)
 ParOldGen       total 175104K, used 7938K [0x0000000740000000, 0x000000074ab00000, 0x0000000795580000)
  object space 175104K, 4% used [0x0000000740000000,0x00000007407c08b0,0x000000074ab00000)
 Metaspace       used 19146K, capacity 19458K, committed 19584K, reserved 1067008K
  class space    used 2289K, capacity 2396K, committed 2432K, reserved 1048576K
Event: 15.540 GC heap after
Heap after GC invocations=9 (full 0):
 PSYoungGen      total 525312K, used 3936K [0x0000000795580000, 0x00000007c0000000, 0x00000007c0000000)
  eden space 516096K, 0% used [0x0000000795580000,0x0000000795580000,0x00000007b4d80000)
  from space 9216K, 42% used [0x00000007b4d80000,0x00000007b5158000,0x00000007b5680000)
  to   space 9216K, 0% used [0x00000007bf700000,0x00000007bf700000,0x00000007c0000000)
 ParOldGen       total 175104K, used 11130K [0x0000000740000000, 0x000000074ab00000, 0x0000000795580000)
  object space 175104K, 6% used [0x0000000740000000,0x0000000740adeb08,0x000000074ab00000)
 Metaspace       used 19146K, capacity 19458K, committed 19584K, reserved 1067008K
  class space    used 2289K, capacity 2396K, committed 2432K, reserved 1048576K
}
Event: 16.310 GC heap before
{Heap before GC invocations=10 (full 0):
 PSYoungGen      total 525312K, used 520032K [0x0000000795580000, 0x00000007c0000000, 0x00000007c0000000)
  eden space 516096K, 100% used [0x0000000795580000,0x00000007b4d80000,0x00000007b4d80000)
  from space 9216K, 42% used [0x00000007b4d80000,0x00000007b5158000,0x00000007b5680000)
  to   space 9216K, 0% used [0x00000007bf700000,0x00000007bf700000,0x00000007c0000000)
 ParOldGen       total 175104K, used 11130K [0x0000000740000000, 0x000000074ab00000, 0x0000000795580000)
  object space 175104K, 6% used [0x0000000740000000,0x0000000740adeb08,0x000000074ab00000)
 Metaspace       used 19350K, capacity 19650K, committed 19840K, reserved 1067008K
  class space    used 2292K, capacity 2396K, committed 2432K, reserved 1048576K
Event: 16.315 GC heap after
Heap after GC invocations=10 (full 0):
 PSYoungGen      total 688640K, used 3968K [0x0000000795580000, 0x00000007bff00000, 0x00000007c0000000)
  eden space 680448K, 0% used [0x0000000795580000,0x0000000795580000,0x00000007bee00000)
  from space 8192K, 48% used [0x00000007bf700000,0x00000007bfae0000,0x00000007bff00000)
  to   space 8704K, 0% used [0x00000007bee00000,0x00000007bee00000,0x00000007bf680000)
 ParOldGen       total 175104K, used 11242K [0x0000000740000000, 0x000000074ab00000, 0x0000000795580000)
  object space 175104K, 6% used [0x0000000740000000,0x0000000740afab08,0x000000074ab00000)
 Metaspace       used 19350K, capacity 19650K, committed 19840K, reserved 1067008K
  class space    used 2292K, capacity 2396K, committed 2432K, reserved 1048576K
}
Event: 17.092 GC heap before
{Heap before GC invocations=11 (full 0):
 PSYoungGen      total 688640K, used 529954K [0x0000000795580000, 0x00000007bff00000, 0x00000007c0000000)
  eden space 680448K, 77% used [0x0000000795580000,0x00000007b5728b40,0x00000007bee00000)
  from space 8192K, 48% used [0x00000007bf700000,0x00000007bfae0000,0x00000007bff00000)
  to   space 8704K, 0% used [0x00000007bee00000,0x00000007bee00000,0x00000007bf680000)
 ParOldGen       total 175104K, used 11242K [0x0000000740000000, 0x000000074ab00000, 0x0000000795580000)
  object space 175104K, 6% used [0x0000000740000000,0x0000000740afab08,0x000000074ab00000)
 Metaspace       used 19804K, capacity 20116K, committed 20480K, reserved 1067008K
  class space    used 2365K, capacity 2463K, committed 2560K, reserved 1048576K
Event: 17.096 GC heap after
Heap after GC invocations=11 (full 0):
 PSYoungGen      total 689152K, used 3680K [0x0000000795580000, 0x00000007bff00000, 0x00000007c0000000)
  eden space 680448K, 0% used [0x0000000795580000,0x0000000795580000,0x00000007bee00000)
  from space 8704K, 42% used [0x00000007bee00000,0x00000007bf198000,0x00000007bf680000)
  to   space 8704K, 0% used [0x00000007bf680000,0x00000007bf680000,0x00000007bff00000)
 ParOldGen       total 175104K, used 11386K [0x0000000740000000, 0x000000074ab00000, 0x0000000795580000)
  object space 175104K, 6% used [0x0000000740000000,0x0000000740b1eb08,0x000000074ab00000)
 Metaspace       used 19804K, capacity 20116K, committed 20480K, reserved 1067008K
  class space    used 2365K, capacity 2463K, committed 2560K, reserved 1048576K
}
Event: 17.096 GC heap before
{Heap before GC invocations=12 (full 1):
 PSYoungGen      total 689152K, used 3680K [0x0000000795580000, 0x00000007bff00000, 0x00000007c0000000)
  eden space 680448K, 0% used [0x0000000795580000,0x0000000795580000,0x00000007bee00000)
  from space 8704K, 42% used [0x00000007bee00000,0x00000007bf198000,0x00000007bf680000)
  to   space 8704K, 0% used [0x00000007bf680000,0x00000007bf680000,0x00000007bff00000)
 ParOldGen       total 175104K, used 11386K [0x0000000740000000, 0x000000074ab00000, 0x0000000795580000)
  object space 175104K, 6% used [0x0000000740000000,0x0000000740b1eb08,0x000000074ab00000)
 Metaspace       used 19804K, capacity 20116K, committed 20480K, reserved 1067008K
  class space    used 2365K, capacity 2463K, committed 2560K, reserved 1048576K
Event: 17.135 GC heap after
Heap after GC invocations=12 (full 1):
 PSYoungGen      total 689152K, used 0K [0x0000000795580000, 0x00000007bff00000, 0x00000007c0000000)
  eden space 680448K, 0% used [0x0000000795580000,0x0000000795580000,0x00000007bee00000)
  from space 8704K, 0% used [0x00000007bee00000,0x00000007bee00000,0x00000007bf680000)
  to   space 8704K, 0% used [0x00000007bf680000,0x00000007bf680000,0x00000007bff00000)
 ParOldGen       total 175104K, used 13069K [0x0000000740000000, 0x000000074ab00000, 0x0000000795580000)
  object space 175104K, 7% used [0x0000000740000000,0x0000000740cc3708,0x000000074ab00000)
 Metaspace       used 19804K, capacity 20116K, committed 20480K, reserved 1067008K
  class space    used 2365K, capacity 2463K, committed 2560K, reserved 1048576K
}

Deoptimization events (10 events):
Event: 16.978 Thread 0x00007f8a81020000 Uncommon trap: reason=class_check action=maybe_recompile pc=0x000000011aa9e978 method=java.io.Writer.write(Ljava/lang/String;)V @ 7
Event: 16.993 Thread 0x00007f8a81020000 Uncommon trap: reason=unstable_if action=reinterpret pc=0x000000011b1c10b4 method=org.exolab.castor.xml.FieldValidator.validate(Ljava/lang/Object;Lorg/exolab/castor/xml/ValidationContext;)V @ 377
Event: 17.027 Thread 0x00007f8a81020000 Uncommon trap: reason=unstable_if action=reinterpret pc=0x000000011b49bb88 method=org.exolab.castor.xml.Marshaller.marshal(Ljava/lang/Object;Lorg/exolab/castor/xml/XMLFieldDescriptor;Lorg/xml/sax/ContentHandler;Lorg/exolab/castor/xml/Marshaller$MarshalSta
Event: 17.027 Thread 0x00007f8a81020000 Uncommon trap: reason=unstable_if action=reinterpret pc=0x000000011a80883c method=org.exolab.castor.xml.util.XMLFieldDescriptorImpl.getProperty(Ljava/lang/String;)Ljava/lang/String; @ 4
Event: 17.031 Thread 0x00007f8a81020000 Uncommon trap: reason=unstable_if action=reinterpret pc=0x000000011b226f6c method=org.apache.xml.serialize.Printer.printText(C)V @ 7
Event: 17.044 Thread 0x00007f8a81020000 Uncommon trap: reason=unstable_if action=reinterpret pc=0x000000011b022a78 method=org.apache.xml.serialize.Printer.printText(C)V @ 7
Event: 17.058 Thread 0x00007f8a81020000 Uncommon trap: reason=unstable_if action=reinterpret pc=0x000000011b4e82f8 method=org.apache.xml.serialize.Printer.printSpace()V @ 7
Event: 17.079 Thread 0x00007f8a81020000 Uncommon trap: reason=class_check action=maybe_recompile pc=0x000000011aa9e978 method=java.io.Writer.write(Ljava/lang/String;)V @ 7
Event: 17.090 Thread 0x00007f8a81020000 Uncommon trap: reason=unstable_if action=reinterpret pc=0x000000011b506758 method=org.exolab.castor.xml.Marshaller.processAttribute(Ljava/lang/Object;Lorg/exolab/castor/xml/XMLFieldDescriptor;Lorg/xml/sax/helpers/AttributesImpl;)V @ 145
Event: 17.092 Thread 0x00007f8a81020000 Uncommon trap: reason=class_check action=maybe_recompile pc=0x000000011b37f1bc method=java.util.HashMap.putMapEntries(Ljava/util/Map;Z)V @ 1

Internal exceptions (10 events):
Event: 12.112 Thread 0x00007f8a81020000 Exception <a 'java/lang/NoSuchFieldError': method resolution failed> (0x000000079cfe9a70) thrown at [/Users/java_re/workspace/8-2-build-macosx-x86_64/jdk8u121/8372/hotspot/src/share/vm/prims/methodHandles.cpp, line 1146]
Event: 12.126 Thread 0x00007f8a81020000 Exception <a 'java/io/FileNotFoundException'> (0x000000079d0627d8) thrown at [/Users/java_re/workspace/8-2-build-macosx-x86_64/jdk8u121/8372/hotspot/src/share/vm/prims/jni.cpp, line 709]
Event: 12.126 Thread 0x00007f8a81020000 Exception <a 'java/io/FileNotFoundException'> (0x000000079d063338) thrown at [/Users/java_re/workspace/8-2-build-macosx-x86_64/jdk8u121/8372/hotspot/src/share/vm/prims/jni.cpp, line 709]
Event: 12.143 Thread 0x00007f8a81020000 Exception <a 'java/io/FileNotFoundException'> (0x000000079d070318) thrown at [/Users/java_re/workspace/8-2-build-macosx-x86_64/jdk8u121/8372/hotspot/src/share/vm/prims/jni.cpp, line 709]
Event: 12.448 Thread 0x00007f8a81020000 Implicit null exception at 0x000000011a9978f5 to 0x000000011a997b49
Event: 12.448 Thread 0x00007f8a81020000 Implicit null exception at 0x000000011ab5173b to 0x000000011ab51fe5
Event: 12.449 Thread 0x00007f8a81020000 Implicit null exception at 0x000000011a9e176f to 0x000000011a9e17d9
Event: 14.795 Thread 0x00007f8a81020000 Implicit null exception at 0x000000011b139241 to 0x000000011b139365
Event: 16.755 Thread 0x00007f8a81020000 Implicit null exception at 0x000000011b426cd3 to 0x000000011b42be79
Event: 16.845 Thread 0x00007f8a81020000 Implicit null exception at 0x000000011a84c970 to 0x000000011a84d4c5

Events (10 events):
Event: 17.138 loading class com/spss/repository/client/application/RepositoryServerResourceAuthorizationException
Event: 17.138 loading class com/spss/repository/client/application/RepositoryServerResourceAuthorizationException done
Event: 17.138 loading class com/spss/repository/client/application/RepositoryServerLockException
Event: 17.138 loading class com/spss/repository/client/application/RepositoryServerLockException done
Event: 17.138 loading class java/net/URISyntaxException
Event: 17.138 loading class java/net/URISyntaxException done
Event: 17.138 loading class com/spss/repository/client/application/RepositoryServerDuplicateObjectNameException
Event: 17.138 loading class com/spss/repository/client/application/RepositoryServerDuplicateObjectNameException done
Event: 17.139 loading class javax/activation/MimeTypeParseException
Event: 17.139 loading class javax/activation/MimeTypeParseException done


Dynamic libraries:
0x0000000001c54000 	/System/Library/Frameworks/CoreFoundation.framework/Versions/A/CoreFoundation
0x0000000001c54000 	/System/Library/Frameworks/IOKit.framework/Versions/A/IOKit
0x0000000001c54000 	/usr/lib/libstdc++.6.0.9.dylib
0x000000010c415000 	/Applications/IBM/SPSS/Statistics/25/SPSSStatistics.app/Contents/lib/libtempdir.dylib
0x000000010c436000 	/Applications/IBM/SPSS/Statistics/25/SPSSStatistics.app/Contents/lib/libspssxd.dylib
0x000000010c6e1000 	/Applications/IBM/SPSS/Statistics/25/SPSSStatistics.app/Contents/lib/libspssdxcom.dylib
0x000000010c727000 	/Applications/IBM/SPSS/Statistics/25/SPSSStatistics.app/Contents/common/ext/bin/spss.common/libscorelib850r.dylib
0x000000010c82e000 	/Applications/IBM/SPSS/Statistics/25/SPSSStatistics.app/Contents/common/ext/bin/spss.common/libGeneralRegressionModel850r.dylib
0x000000010c8a7000 	/Applications/IBM/SPSS/Statistics/25/SPSSStatistics.app/Contents/common/ext/bin/spss.common/libdiscriminant-model850r.dylib
0x0000000001c54000 	/usr/lib/libSystem.B.dylib
0x0000000001c54000 	/usr/lib/libDiagnosticMessagesClient.dylib
0x0000000001c54000 	/usr/lib/libicucore.A.dylib
0x0000000001c54000 	/usr/lib/libobjc.A.dylib
0x0000000001c54000 	/usr/lib/libz.1.dylib
0x0000000001c54000 	/usr/lib/system/libcache.dylib
0x0000000001c54000 	/usr/lib/system/libcommonCrypto.dylib
0x0000000001c54000 	/usr/lib/system/libcompiler_rt.dylib
0x0000000001c54000 	/usr/lib/system/libcopyfile.dylib
0x0000000001c54000 	/usr/lib/system/libcorecrypto.dylib
0x0000000001c54000 	/usr/lib/system/libdispatch.dylib
0x0000000001c54000 	/usr/lib/system/libdyld.dylib
0x0000000001c54000 	/usr/lib/system/libkeymgr.dylib
0x0000000001c54000 	/usr/lib/system/liblaunch.dylib
0x0000000001c54000 	/usr/lib/system/libmacho.dylib
0x0000000001c54000 	/usr/lib/system/libquarantine.dylib
0x0000000001c54000 	/usr/lib/system/libremovefile.dylib
0x0000000001c54000 	/usr/lib/system/libsystem_asl.dylib
0x0000000001c54000 	/usr/lib/system/libsystem_blocks.dylib
0x0000000001c54000 	/usr/lib/system/libsystem_c.dylib
0x0000000001c54000 	/usr/lib/system/libsystem_configuration.dylib
0x0000000001c54000 	/usr/lib/system/libsystem_coreservices.dylib
0x0000000001c54000 	/usr/lib/system/libsystem_darwin.dylib
0x0000000001c54000 	/usr/lib/system/libsystem_dnssd.dylib
0x0000000001c54000 	/usr/lib/system/libsystem_info.dylib
0x0000000001c54000 	/usr/lib/system/libsystem_m.dylib
0x0000000001c54000 	/usr/lib/system/libsystem_malloc.dylib
0x0000000001c54000 	/usr/lib/system/libsystem_network.dylib
0x0000000001c54000 	/usr/lib/system/libsystem_networkextension.dylib
0x0000000001c54000 	/usr/lib/system/libsystem_notify.dylib
0x0000000001c54000 	/usr/lib/system/libsystem_sandbox.dylib
0x0000000001c54000 	/usr/lib/system/libsystem_secinit.dylib
0x0000000001c54000 	/usr/lib/system/libsystem_kernel.dylib
0x0000000001c54000 	/usr/lib/system/libsystem_platform.dylib
0x0000000001c54000 	/usr/lib/system/libsystem_pthread.dylib
0x0000000001c54000 	/usr/lib/system/libsystem_symptoms.dylib
0x0000000001c54000 	/usr/lib/system/libsystem_trace.dylib
0x0000000001c54000 	/usr/lib/system/libunwind.dylib
0x0000000001c54000 	/usr/lib/system/libxpc.dylib
0x0000000001c54000 	/usr/lib/closure/libclosured.dylib
0x0000000001c54000 	/usr/lib/libc++abi.dylib
0x0000000001c54000 	/usr/lib/libc++.1.dylib
0x0000000001c54000 	/usr/lib/libenergytrace.dylib
0x0000000001c54000 	/usr/lib/libbsm.0.dylib
0x0000000001c54000 	/usr/lib/system/libkxld.dylib
0x000000010c8cb000 	/Applications/IBM/SPSS/Statistics/25/SPSSStatistics.app/Contents/lib/libifcoremt.dylib
0x000000010ca42000 	/Applications/IBM/SPSS/Statistics/25/SPSSStatistics.app/Contents/lib/libimf.dylib
0x000000010cd61000 	/Applications/IBM/SPSS/Statistics/25/SPSSStatistics.app/Contents/lib/libsvml.dylib
0x000000010d857000 	/Applications/IBM/SPSS/Statistics/25/SPSSStatistics.app/Contents/lib/libintlc.dylib
0x000000010d8a8000 	/Applications/IBM/SPSS/Statistics/25/SPSSStatistics.app/Contents/lib/libplatdep.dylib
0x000000010d8f5000 	/Applications/IBM/SPSS/Statistics/25/SPSSStatistics.app/Contents/lib/libgsk8iccs.dylib
0x000000010d96a000 	/Applications/IBM/SPSS/Statistics/25/SPSSStatistics.app/Contents/lib/libsockbsd.dylib
0x000000010d978000 	/Applications/IBM/SPSS/Statistics/25/SPSSStatistics.app/Contents/lib/libsfthread.dylib
0x000000010d98c000 	/Applications/IBM/SPSS/Statistics/25/SPSSStatistics.app/Contents/lib/libvserial.dylib
0x000000010d9a2000 	/Applications/IBM/SPSS/Statistics/25/SPSSStatistics.app/Contents/lib/libvutility.dylib
0x000000010d9b1000 	/Applications/IBM/SPSS/Statistics/25/SPSSStatistics.app/Contents/lib/libicuuc.51.2.dylib
0x000000010db8d000 	/Applications/IBM/SPSS/Statistics/25/SPSSStatistics.app/Contents/lib/libicui18n.51.2.dylib
0x000000010de62000 	/Applications/IBM/SPSS/Statistics/25/SPSSStatistics.app/Contents/lib/libxerces-c-3.1.dylib
0x000000010f419000 	/Applications/IBM/SPSS/Statistics/25/SPSSStatistics.app/Contents/lib/libicudata.51.2.dylib
0x0000000110965000 	/Applications/IBM/SPSS/Statistics/25/SPSSStatistics.app/Contents/lib/libspsswlib.dylib
0x000000010c40e000 	/Applications/IBM/SPSS/Statistics/25/SPSSStatistics.app/Contents/lib/libcpuinfo.dylib
0x000000010e23b000 	/Applications/IBM/SPSS/Statistics/25/SPSSStatistics.app/Contents/lib/libomcell.dylib
0x000000010e25e000 	/Applications/IBM/SPSS/Statistics/25/SPSSStatistics.app/Contents/lib/libomfactry.dylib
0x000000010e304000 	/Applications/IBM/SPSS/Statistics/25/SPSSStatistics.app/Contents/lib/libomtree.dylib
0x000000010e33f000 	/Applications/IBM/SPSS/Statistics/25/SPSSStatistics.app/Contents/lib/libomxxml.dylib
0x000000010e379000 	/Applications/IBM/SPSS/Statistics/25/SPSSStatistics.app/Contents/lib/libomxsav.dylib
0x000000010e38b000 	/Applications/IBM/SPSS/Statistics/25/SPSSStatistics.app/Contents/lib/libomxhtml.dylib
0x000000010e3b0000 	/Applications/IBM/SPSS/Statistics/25/SPSSStatistics.app/Contents/lib/libomxtext.dylib
0x000000010e3d3000 	/Applications/IBM/SPSS/Statistics/25/SPSSStatistics.app/Contents/lib/libomxspv.dylib
0x000000010d9aa000 	/Applications/IBM/SPSS/Statistics/25/SPSSStatistics.app/Contents/lib/libspssjni.dylib
0x000000010e3db000 	/Applications/IBM/SPSS/Statistics/25/SPSSStatistics.app/Contents/lib/libspssjvm.dylib
0x000000010e3e8000 	/Applications/IBM/SPSS/Statistics/25/SPSSStatistics.app/Contents/lib/libvizedit.dylib
0x000000010e407000 	/Applications/IBM/SPSS/Statistics/25/SPSSStatistics.app/Contents/lib/libtransspc.dylib
0x000000010e434000 	/Applications/IBM/SPSS/Statistics/25/SPSSStatistics.app/Contents/lib/libdedstore.dylib
0x000000010e44f000 	/Applications/IBM/SPSS/Statistics/25/SPSSStatistics.app/Contents/lib/libsvrdmgr.dylib
0x000000010e470000 	/Applications/IBM/SPSS/Statistics/25/SPSSStatistics.app/Contents/lib/libdatasrc.dylib
0x000000010e514000 	/Applications/IBM/SPSS/Statistics/25/SPSSStatistics.app/Contents/lib/libsvrerrs.dylib
0x000000010e51c000 	/Applications/IBM/SPSS/Statistics/25/SPSSStatistics.app/Contents/lib/libspssdemg.dylib
0x000000010e562000 	/Applications/IBM/SPSS/Statistics/25/SPSSStatistics.app/Contents/lib/libcpputil.dylib
0x000000010e59d000 	/Applications/IBM/SPSS/Statistics/25/SPSSStatistics.app/Contents/lib/libstrtable.dylib
0x00000000d65ad000 	/Applications/IBM/SPSS/Statistics/25/SPSSStatistics.app/Contents/lib/libxalan-c.111.0.dylib
0x000000010ebf7000 	/Applications/IBM/SPSS/Statistics/25/SPSSStatistics.app/Contents/lib/libchartutl.dylib
0x000000010c828000 	/Applications/IBM/SPSS/Statistics/25/SPSSStatistics.app/Contents/lib/libspssmsgs.dylib
0x000000010ed02000 	/Applications/IBM/SPSS/Statistics/25/SPSSStatistics.app/Contents/lib/libvizchart.dylib
0x000000010ef25000 	/Applications/IBM/SPSS/Statistics/25/SPSSStatistics.app/Contents/lib/libzlib1211spss.dylib
0x000000010ef57000 	/Applications/IBM/SPSS/Statistics/25/SPSSStatistics.app/Contents/lib/libindutil.dylib
0x00000000cef63000 	/Applications/IBM/SPSS/Statistics/25/SPSSStatistics.app/Contents/lib/libxalanMsg.111.0.dylib
0x000000010ef70000 	/Applications/IBM/SPSS/Statistics/25/SPSSStatistics.app/Contents/lib/libspssiocv.dylib
0x000000010c411000 	/Applications/IBM/SPSS/Statistics/25/SPSSStatistics.app/Contents/lib/libreadonly.dylib
0x000000010c8a2000 	/Applications/IBM/SPSS/Statistics/25/SPSSStatistics.app/Contents/lib/libtmsutil.dylib
0x000000010efa5000 	/Applications/IBM/SPSS/Statistics/25/SPSSStatistics.app/Contents/lib/libcvtrans.dylib
0x000000006efe6000 	/Applications/IBM/SPSS/Statistics/25/SPSSStatistics.app/Contents/Library/Frameworks/Sentinel.framework/Versions/A/Sentinel
0x000000010effe000 	/Applications/IBM/SPSS/Statistics/25/SPSSStatistics.app/Contents/Library/Frameworks/SuperPro.framework/Versions/A/SuperPro
0x000000010d8a2000 	/Applications/IBM/SPSS/Statistics/25/SPSSStatistics.app/Contents/lib/libcmddata.dylib
0x000000010f014000 	/Applications/IBM/SPSS/Statistics/25/SPSSStatistics.app/Contents/lib/libmcbstsps.dylib
0x0000000001c54000 	/usr/lib/libiconv.2.dylib
0x0000000001c54000 	/System/Library/Frameworks/CoreServices.framework/Versions/A/CoreServices
0x0000000001c54000 	/System/Library/Frameworks/CFNetwork.framework/Versions/A/CFNetwork
0x0000000001c54000 	/System/Library/Frameworks/CoreServices.framework/Versions/A/Frameworks/FSEvents.framework/Versions/A/FSEvents
0x0000000001c54000 	/System/Library/Frameworks/CoreServices.framework/Versions/A/Frameworks/CarbonCore.framework/Versions/A/CarbonCore
0x0000000001c54000 	/System/Library/Frameworks/CoreServices.framework/Versions/A/Frameworks/Metadata.framework/Versions/A/Metadata
0x0000000001c54000 	/System/Library/Frameworks/CoreServices.framework/Versions/A/Frameworks/OSServices.framework/Versions/A/OSServices
0x0000000001c54000 	/System/Library/Frameworks/CoreServices.framework/Versions/A/Frameworks/SearchKit.framework/Versions/A/SearchKit
0x0000000001c54000 	/System/Library/Frameworks/CoreServices.framework/Versions/A/Frameworks/AE.framework/Versions/A/AE
0x0000000001c54000 	/System/Library/Frameworks/CoreServices.framework/Versions/A/Frameworks/LaunchServices.framework/Versions/A/LaunchServices
0x0000000001c54000 	/System/Library/Frameworks/CoreServices.framework/Versions/A/Frameworks/DictionaryServices.framework/Versions/A/DictionaryServices
0x0000000001c54000 	/System/Library/Frameworks/CoreServices.framework/Versions/A/Frameworks/SharedFileList.framework/Versions/A/SharedFileList
0x0000000001c54000 	/usr/lib/libauto.dylib
0x0000000001c54000 	/System/Library/Frameworks/SystemConfiguration.framework/Versions/A/SystemConfiguration
0x0000000001c54000 	/System/Library/Frameworks/Security.framework/Versions/A/Security
0x0000000001c54000 	/usr/lib/libsqlite3.dylib
0x0000000001c54000 	/usr/lib/libxml2.2.dylib
0x0000000001c54000 	/usr/lib/libnetwork.dylib
0x0000000001c54000 	/usr/lib/libapple_nghttp2.dylib
0x0000000001c54000 	/usr/lib/libpcap.A.dylib
0x0000000001c54000 	/usr/lib/libboringssl.dylib
0x0000000001c54000 	/usr/lib/libusrtcp.dylib
0x0000000001c54000 	/usr/lib/libcoretls.dylib
0x0000000001c54000 	/usr/lib/libcoretls_cfhelpers.dylib
0x0000000001c54000 	/usr/lib/libapple_crypto.dylib
0x0000000001c54000 	/System/Library/Frameworks/Foundation.framework/Versions/C/Foundation
0x0000000001c54000 	/usr/lib/libOpenScriptingUtil.dylib
0x0000000001c54000 	/usr/lib/libpam.2.dylib
0x0000000001c54000 	/usr/lib/libxar.1.dylib
0x0000000001c54000 	/System/Library/Frameworks/DiskArbitration.framework/Versions/A/DiskArbitration
0x0000000001c54000 	/usr/lib/libarchive.2.dylib
0x0000000001c54000 	/usr/lib/liblangid.dylib
0x0000000001c54000 	/usr/lib/libCRFSuite.dylib
0x0000000001c54000 	/usr/lib/libbz2.1.0.dylib
0x0000000001c54000 	/usr/lib/liblzma.5.dylib
0x0000000001c54000 	/System/Library/Frameworks/NetFS.framework/Versions/A/NetFS
0x0000000001c54000 	/System/Library/PrivateFrameworks/NetAuth.framework/Versions/A/NetAuth
0x0000000001c54000 	/System/Library/PrivateFrameworks/login.framework/Versions/A/Frameworks/loginsupport.framework/Versions/A/loginsupport
0x0000000001c54000 	/System/Library/PrivateFrameworks/TCC.framework/Versions/A/TCC
0x0000000001c54000 	/usr/lib/libmecabra.dylib
0x0000000001c54000 	/System/Library/Frameworks/ApplicationServices.framework/Versions/A/ApplicationServices
0x0000000001c54000 	/System/Library/Frameworks/CoreGraphics.framework/Versions/A/CoreGraphics
0x0000000001c54000 	/System/Library/Frameworks/CoreText.framework/Versions/A/CoreText
0x0000000001c54000 	/System/Library/Frameworks/ImageIO.framework/Versions/A/ImageIO
0x0000000001c54000 	/System/Library/Frameworks/ColorSync.framework/Versions/A/ColorSync
0x0000000001c54000 	/System/Library/Frameworks/ApplicationServices.framework/Versions/A/Frameworks/ATS.framework/Versions/A/ATS
0x0000000001c54000 	/System/Library/Frameworks/ApplicationServices.framework/Versions/A/Frameworks/ColorSyncLegacy.framework/Versions/A/ColorSyncLegacy
0x0000000001c54000 	/System/Library/Frameworks/ApplicationServices.framework/Versions/A/Frameworks/HIServices.framework/Versions/A/HIServices
0x0000000001c54000 	/System/Library/Frameworks/ApplicationServices.framework/Versions/A/Frameworks/LangAnalysis.framework/Versions/A/LangAnalysis
0x0000000001c54000 	/System/Library/Frameworks/ApplicationServices.framework/Versions/A/Frameworks/PrintCore.framework/Versions/A/PrintCore
0x0000000001c54000 	/System/Library/Frameworks/ApplicationServices.framework/Versions/A/Frameworks/QD.framework/Versions/A/QD
0x0000000001c54000 	/System/Library/Frameworks/ApplicationServices.framework/Versions/A/Frameworks/SpeechSynthesis.framework/Versions/A/SpeechSynthesis
0x0000000001c54000 	/System/Library/PrivateFrameworks/SkyLight.framework/Versions/A/SkyLight
0x0000000001c54000 	/System/Library/Frameworks/Accelerate.framework/Versions/A/Accelerate
0x0000000001c54000 	/System/Library/Frameworks/CoreDisplay.framework/Versions/A/CoreDisplay
0x0000000001c54000 	/System/Library/Frameworks/IOSurface.framework/Versions/A/IOSurface
0x0000000001c54000 	/System/Library/Frameworks/Metal.framework/Versions/A/Metal
0x0000000001c54000 	/System/Library/PrivateFrameworks/MultitouchSupport.framework/Versions/A/MultitouchSupport
0x0000000001c54000 	/System/Library/Frameworks/QuartzCore.framework/Versions/A/QuartzCore
0x0000000001c54000 	/System/Library/Frameworks/Accelerate.framework/Versions/A/Frameworks/vImage.framework/Versions/A/vImage
0x0000000001c54000 	/System/Library/Frameworks/Accelerate.framework/Versions/A/Frameworks/vecLib.framework/Versions/A/vecLib
0x0000000001c54000 	/System/Library/Frameworks/Accelerate.framework/Versions/A/Frameworks/vecLib.framework/Versions/A/libvDSP.dylib
0x0000000001c54000 	/System/Library/Frameworks/Accelerate.framework/Versions/A/Frameworks/vecLib.framework/Versions/A/libBNNS.dylib
0x0000000001c54000 	/System/Library/Frameworks/Accelerate.framework/Versions/A/Frameworks/vecLib.framework/Versions/A/libQuadrature.dylib
0x0000000001c54000 	/System/Library/Frameworks/Accelerate.framework/Versions/A/Frameworks/vecLib.framework/Versions/A/libvMisc.dylib
0x0000000001c54000 	/System/Library/Frameworks/Accelerate.framework/Versions/A/Frameworks/vecLib.framework/Versions/A/libLAPACK.dylib
0x0000000001c54000 	/System/Library/Frameworks/Accelerate.framework/Versions/A/Frameworks/vecLib.framework/Versions/A/libBLAS.dylib
0x0000000001c54000 	/System/Library/Frameworks/Accelerate.framework/Versions/A/Frameworks/vecLib.framework/Versions/A/libLinearAlgebra.dylib
0x0000000001c54000 	/System/Library/Frameworks/Accelerate.framework/Versions/A/Frameworks/vecLib.framework/Versions/A/libSparse.dylib
0x0000000001c54000 	/System/Library/Frameworks/Accelerate.framework/Versions/A/Frameworks/vecLib.framework/Versions/A/libSparseBLAS.dylib
0x0000000001c54000 	/System/Library/PrivateFrameworks/IOAccelerator.framework/Versions/A/IOAccelerator
0x0000000001c54000 	/System/Library/PrivateFrameworks/IOPresentment.framework/Versions/A/IOPresentment
0x0000000001c54000 	/System/Library/PrivateFrameworks/DSExternalDisplay.framework/Versions/A/DSExternalDisplay
0x0000000001c54000 	/System/Library/Frameworks/OpenGL.framework/Versions/A/Libraries/libCoreFSCache.dylib
0x0000000001c54000 	/System/Library/Frameworks/CoreImage.framework/Versions/A/CoreImage
0x0000000001c54000 	/System/Library/Frameworks/CoreVideo.framework/Versions/A/CoreVideo
0x0000000001c54000 	/System/Library/Frameworks/OpenGL.framework/Versions/A/OpenGL
0x0000000001c54000 	/System/Library/PrivateFrameworks/GraphVisualizer.framework/Versions/A/GraphVisualizer
0x0000000001c54000 	/System/Library/Frameworks/MetalPerformanceShaders.framework/Versions/A/MetalPerformanceShaders
0x0000000001c54000 	/usr/lib/libFosl_dynamic.dylib
0x0000000001c54000 	/System/Library/PrivateFrameworks/FaceCore.framework/Versions/A/FaceCore
0x0000000001c54000 	/System/Library/Frameworks/OpenCL.framework/Versions/A/OpenCL
0x0000000001c54000 	/usr/lib/libcompression.dylib
0x0000000001c54000 	/System/Library/Frameworks/ApplicationServices.framework/Versions/A/Frameworks/ATS.framework/Versions/A/Resources/libFontParser.dylib
0x0000000001c54000 	/System/Library/Frameworks/ApplicationServices.framework/Versions/A/Frameworks/ATS.framework/Versions/A/Resources/libFontRegistry.dylib
0x0000000001c54000 	/System/Library/Frameworks/ImageIO.framework/Versions/A/Resources/libJPEG.dylib
0x0000000001c54000 	/System/Library/Frameworks/ImageIO.framework/Versions/A/Resources/libTIFF.dylib
0x0000000001c54000 	/System/Library/Frameworks/ImageIO.framework/Versions/A/Resources/libPng.dylib
0x0000000001c54000 	/System/Library/Frameworks/ImageIO.framework/Versions/A/Resources/libGIF.dylib
0x0000000001c54000 	/System/Library/Frameworks/ImageIO.framework/Versions/A/Resources/libJP2.dylib
0x0000000001c54000 	/System/Library/Frameworks/ImageIO.framework/Versions/A/Resources/libRadiance.dylib
0x0000000001c54000 	/System/Library/PrivateFrameworks/AppleJPEG.framework/Versions/A/AppleJPEG
0x0000000001c54000 	/System/Library/PrivateFrameworks/MetalTools.framework/Versions/A/MetalTools
0x0000000001c54000 	/System/Library/Frameworks/MetalPerformanceShaders.framework/Frameworks/MPSCore.framework/Versions/A/MPSCore
0x0000000001c54000 	/System/Library/Frameworks/MetalPerformanceShaders.framework/Frameworks/MPSImage.framework/Versions/A/MPSImage
0x0000000001c54000 	/System/Library/Frameworks/MetalPerformanceShaders.framework/Frameworks/MPSMatrix.framework/Versions/A/MPSMatrix
0x0000000001c54000 	/System/Library/Frameworks/MetalPerformanceShaders.framework/Frameworks/MPSNeuralNetwork.framework/Versions/A/MPSNeuralNetwork
0x0000000001c54000 	/System/Library/Frameworks/OpenGL.framework/Versions/A/Libraries/libGLU.dylib
0x0000000001c54000 	/System/Library/Frameworks/OpenGL.framework/Versions/A/Libraries/libGFXShared.dylib
0x0000000001c54000 	/System/Library/Frameworks/OpenGL.framework/Versions/A/Libraries/libGL.dylib
0x0000000001c54000 	/System/Library/Frameworks/OpenGL.framework/Versions/A/Libraries/libGLImage.dylib
0x0000000001c54000 	/System/Library/Frameworks/OpenGL.framework/Versions/A/Libraries/libCVMSPluginSupport.dylib
0x0000000001c54000 	/System/Library/Frameworks/OpenGL.framework/Versions/A/Libraries/libCoreVMClient.dylib
0x0000000001c54000 	/usr/lib/libcups.2.dylib
0x0000000001c54000 	/System/Library/Frameworks/Kerberos.framework/Versions/A/Kerberos
0x0000000001c54000 	/System/Library/Frameworks/GSS.framework/Versions/A/GSS
0x0000000001c54000 	/usr/lib/libresolv.9.dylib
0x0000000001c54000 	/System/Library/PrivateFrameworks/Heimdal.framework/Versions/A/Heimdal
0x0000000001c54000 	/usr/lib/libheimdal-asn1.dylib
0x0000000001c54000 	/System/Library/Frameworks/OpenDirectory.framework/Versions/A/OpenDirectory
0x0000000001c54000 	/System/Library/PrivateFrameworks/CommonAuth.framework/Versions/A/CommonAuth
0x0000000001c54000 	/System/Library/Frameworks/OpenDirectory.framework/Versions/A/Frameworks/CFOpenDirectory.framework/Versions/A/CFOpenDirectory
0x0000000001c54000 	/System/Library/Frameworks/SecurityFoundation.framework/Versions/A/SecurityFoundation
0x0000000001c54000 	/System/Library/PrivateFrameworks/APFS.framework/Versions/A/APFS
0x0000000001c54000 	/usr/lib/libutil.dylib
0x0000000001c54000 	/System/Library/Frameworks/CoreAudio.framework/Versions/A/CoreAudio
0x0000000001c54000 	/System/Library/Frameworks/AudioToolbox.framework/Versions/A/AudioToolbox
0x0000000001c54000 	/System/Library/PrivateFrameworks/AppleSauce.framework/Versions/A/AppleSauce
0x0000000001c54000 	/System/Library/PrivateFrameworks/LinguisticData.framework/Versions/A/LinguisticData
0x0000000001c54000 	/usr/lib/libmarisa.dylib
0x0000000001c54000 	/System/Library/PrivateFrameworks/Lexicon.framework/Versions/A/Lexicon
0x0000000001c54000 	/usr/lib/libChineseTokenizer.dylib
0x0000000001c54000 	/usr/lib/libcmph.dylib
0x0000000001c54000 	/System/Library/PrivateFrameworks/LanguageModeling.framework/Versions/A/LanguageModeling
0x0000000001c54000 	/System/Library/Frameworks/CoreData.framework/Versions/A/CoreData
0x0000000001c54000 	/System/Library/PrivateFrameworks/CoreEmoji.framework/Versions/A/CoreEmoji
0x0000000001c54000 	/System/Library/Frameworks/ServiceManagement.framework/Versions/A/ServiceManagement
0x0000000001c54000 	/System/Library/PrivateFrameworks/BackgroundTaskManagement.framework/Versions/A/BackgroundTaskManagement
0x0000000001c54000 	/usr/lib/libxslt.1.dylib
0x000000010f01c000 	/Applications/IBM/SPSS/Statistics/25/SPSSStatistics.app/Contents/lib/libdatastr.dylib
0x000000010f038000 	/Applications/IBM/SPSS/Statistics/25/SPSSStatistics.app/Contents/lib/libstacrypt.dylib
0x000000010f045000 	/Applications/IBM/SPSS/Statistics/25/SPSSStatistics.app/Contents/lib/libmccomsps.dylib
0x000000010f148000 	/Applications/IBM/SPSS/Statistics/25/SPSSStatistics.app/Contents/lib/libspsspool.dylib
0x000000010f182000 	/Applications/IBM/SPSS/Statistics/25/SPSSStatistics.app/Contents/lib/libxchart.dylib
0x000000010f206000 	/Applications/IBM/SPSS/Statistics/25/SPSSStatistics.app/Contents/lib/libviewerxml.dylib
0x0000000115787000 	/Applications/IBM/SPSS/Statistics/25/SPSSStatistics.app/Contents/lib/libspsswctl.dylib
0x000000010f30b000 	/Applications/IBM/SPSS/Statistics/25/SPSSStatistics.app/Contents/lib/libuparser.dylib
0x0000000112d29000 	/Applications/IBM/SPSS/Statistics/25/SPSSStatistics.app/Contents/lib/libspssdx.dylib
0x0000000112d55000 	/Applications/IBM/SPSS/Statistics/25/SPSSStatistics.app/Contents/lib/libomsopmgr.dylib
0x000000011589b000 	/Applications/IBM/SPSS/Statistics/25/SPSSStatistics.app/Contents/lib/libspsswcis.dylib
0x0000000112d7c000 	/Applications/IBM/SPSS/Statistics/25/SPSSStatistics.app/Contents/lib/libspsswmsg.dylib
0x0000000112da4000 	/Applications/IBM/SPSS/Statistics/25/SPSSStatistics.app/Contents/lib/libuadapter.dylib
0x00000001159cc000 	/Applications/IBM/SPSS/Statistics/25/SPSSStatistics.app/Contents/lib/libspssclef.dylib
0x0000000115a10000 	/Applications/IBM/SPSS/Statistics/25/SPSSStatistics.app/Contents/ext/bin/spss.common/libcfcore.dylib
0x0000000115af5000 	/Applications/IBM/SPSS/Statistics/25/SPSSStatistics.app/Contents/ext/bin/spss.common/libcfcommon.dylib
0x0000000115b6e000 	/Applications/IBM/SPSS/Statistics/25/SPSSStatistics.app/Contents/lib/libfmsgs.dylib
0x0000000115ba2000 	/Applications/IBM/SPSS/Statistics/25/SPSSStatistics.app/Contents/lib/libnetcom.dylib
0x0000000112dd9000 	/Applications/IBM/SPSS/Statistics/25/SPSSStatistics.app/Contents/lib/libfwutility.dylib
0x0000000112de1000 	/Applications/IBM/SPSS/Statistics/25/SPSSStatistics.app/Contents/lib/libfilesort.dylib
0x0000000115bca000 	/Applications/IBM/SPSS/Statistics/25/SPSSStatistics.app/Contents/lib/libmtxp.dylib
0x0000000115be6000 	/Applications/IBM/SPSS/Statistics/25/SPSSStatistics.app/Contents/ext/bin/spss.common/libcorethread.dylib
0x0000000112df5000 	/Applications/IBM/SPSS/Statistics/25/SPSSStatistics.app/Contents/ext/bin/spss.common/libcfthread.dylib
0x0000000115bf6000 	/Applications/IBM/SPSS/Statistics/25/SPSSStatistics.app/Contents/common/ext/bin/spss.common/libcfcomserv.dylib
0x0000000115c0e000 	/Applications/IBM/SPSS/Statistics/25/SPSSStatistics.app/Contents/ext/bin/spss.common/libcfextension.dylib
0x0000000115c46000 	/Applications/IBM/SPSS/Statistics/25/SPSSStatistics.app/Contents/ext/bin/spss.common/libcffilter.dylib
0x0000000115c55000 	/Applications/IBM/SPSS/Statistics/25/SPSSStatistics.app/Contents/ext/bin/spss.common/libcfcatencode.dylib
0x000000010de5d000 	/Applications/IBM/SPSS/Statistics/25/SPSSStatistics.app/Contents/ext/bin/spss.common/libcfcomstatistic.dylib
0x0000000115c74000 	/Applications/IBM/SPSS/Statistics/25/SPSSStatistics.app/Contents/ext/bin/spss.common/libtempfiles.dylib
0x0000000118c9a000 	/Applications/IBM/SPSS/Statistics/25/SPSSStatistics.app/Contents/lib/libpesrepo.dylib
0x00000001195b6000 	/Applications/IBM/SPSS/Statistics/25/SPSSStatistics.app/Contents/lib/libspsswfil.dylib
0x0000000119656000 	/Applications/IBM/SPSS/Statistics/25/SPSSStatistics.app/Contents/lib/libchartxml.dylib
0x00000001196b6000 	/Applications/IBM/SPSS/Statistics/25/SPSSStatistics.app/Contents/lib/libxlsxdac.dylib
0x00000001196ee000 	/Applications/IBM/SPSS/Statistics/25/SPSSStatistics.app/Contents/lib/libpkginpr.dylib
0x00000001196f7000 	/Applications/IBM/SPSS/Statistics/25/SPSSStatistics.app/Contents/lib/libdacmmsgs.dylib
0x0000000119703000 	/Applications/IBM/SPSS/Statistics/25/SPSSStatistics.app/Contents/lib/libtxtwdmsg.dylib
0x000000011970a000 	/Applications/IBM/SPSS/Statistics/25/SPSSStatistics.app/Contents/JRE/lib/jli/libjli.dylib
0x0000000001c54000 	/System/Library/Frameworks/Cocoa.framework/Versions/A/Cocoa
0x0000000001c54000 	/System/Library/Frameworks/AppKit.framework/Versions/C/AppKit
0x0000000001c54000 	/System/Library/PrivateFrameworks/RemoteViewServices.framework/Versions/A/RemoteViewServices
0x0000000001c54000 	/System/Library/PrivateFrameworks/UIFoundation.framework/Versions/A/UIFoundation
0x0000000001c54000 	/System/Library/PrivateFrameworks/DFRFoundation.framework/Versions/A/DFRFoundation
0x0000000001c54000 	/System/Library/PrivateFrameworks/DesktopServicesPriv.framework/Versions/A/DesktopServicesPriv
0x0000000001c54000 	/usr/lib/libScreenReader.dylib
0x0000000001c54000 	/System/Library/Frameworks/AudioUnit.framework/Versions/A/AudioUnit
0x0000000001c54000 	/System/Library/PrivateFrameworks/DataDetectorsCore.framework/Versions/A/DataDetectorsCore
0x0000000001c54000 	/System/Library/Frameworks/Carbon.framework/Versions/A/Frameworks/HIToolbox.framework/Versions/A/HIToolbox
0x0000000001c54000 	/System/Library/Frameworks/Carbon.framework/Versions/A/Frameworks/SpeechRecognition.framework/Versions/A/SpeechRecognition
0x0000000001c54000 	/System/Library/PrivateFrameworks/CoreUI.framework/Versions/A/CoreUI
0x0000000001c54000 	/System/Library/PrivateFrameworks/PerformanceAnalysis.framework/Versions/A/PerformanceAnalysis
0x0000000001c54000 	/System/Library/PrivateFrameworks/Backup.framework/Versions/A/Backup
0x0000000001c54000 	/System/Library/Frameworks/Carbon.framework/Versions/A/Frameworks/Ink.framework/Versions/A/Ink
0x0000000001c54000 	/System/Library/PrivateFrameworks/TextureIO.framework/Versions/A/TextureIO
0x0000000001c54000 	/usr/lib/libate.dylib
0x0000000001c54000 	/System/Library/PrivateFrameworks/CrashReporterSupport.framework/Versions/A/CrashReporterSupport
0x0000000001c54000 	/System/Library/PrivateFrameworks/Sharing.framework/Versions/A/Sharing
0x0000000001c54000 	/System/Library/PrivateFrameworks/IconServices.framework/Versions/A/IconServices
0x0000000001c54000 	/System/Library/PrivateFrameworks/ProtocolBuffer.framework/Versions/A/ProtocolBuffer
0x0000000001c54000 	/System/Library/PrivateFrameworks/Apple80211.framework/Versions/A/Apple80211
0x0000000001c54000 	/System/Library/Frameworks/CoreWLAN.framework/Versions/A/CoreWLAN
0x0000000001c54000 	/System/Library/PrivateFrameworks/CoreUtils.framework/Versions/A/CoreUtils
0x0000000001c54000 	/System/Library/Frameworks/IOBluetooth.framework/Versions/A/IOBluetooth
0x0000000001c54000 	/System/Library/PrivateFrameworks/CoreWiFi.framework/Versions/A/CoreWiFi
0x0000000001c54000 	/System/Library/Frameworks/CoreBluetooth.framework/Versions/A/CoreBluetooth
0x0000000001c54000 	/System/Library/PrivateFrameworks/SignpostNotification.framework/Versions/A/SignpostNotification
0x0000000001c54000 	/System/Library/PrivateFrameworks/DebugSymbols.framework/Versions/A/DebugSymbols
0x0000000001c54000 	/System/Library/PrivateFrameworks/CoreSymbolication.framework/Versions/A/CoreSymbolication
0x0000000001c54000 	/System/Library/PrivateFrameworks/Symbolication.framework/Versions/A/Symbolication
0x0000000001c54000 	/System/Library/PrivateFrameworks/AppleFSCompression.framework/Versions/A/AppleFSCompression
0x0000000001c54000 	/System/Library/PrivateFrameworks/SpeechRecognitionCore.framework/Versions/A/SpeechRecognitionCore
0x000000011971a000 	/Applications/IBM/SPSS/Statistics/25/SPSSStatistics.app/Contents/JRE//lib/server/libjvm.dylib
0x000000011a6bc000 	/Applications/IBM/SPSS/Statistics/25/SPSSStatistics.app/Contents/JRE/lib/libverify.dylib
0x000000011a6ca000 	/Applications/IBM/SPSS/Statistics/25/SPSSStatistics.app/Contents/JRE/lib/libjava.dylib
0x000000011a6ff000 	/Applications/IBM/SPSS/Statistics/25/SPSSStatistics.app/Contents/JRE/lib/libzip.dylib
0x0000000001c54000 	/System/Library/Frameworks/JavaVM.framework/Versions/A/Frameworks/JavaRuntimeSupport.framework/Versions/A/JavaRuntimeSupport
0x0000000001c54000 	/System/Library/Frameworks/JavaVM.framework/Versions/A/Frameworks/JavaNativeFoundation.framework/Versions/A/JavaNativeFoundation
0x0000000001c54000 	/System/Library/Frameworks/JavaVM.framework/Versions/A/JavaVM
0x0000000001c54000 	/System/Library/Frameworks/Carbon.framework/Versions/A/Carbon
0x0000000001c54000 	/System/Library/PrivateFrameworks/JavaLaunching.framework/Versions/A/JavaLaunching
0x0000000001c54000 	/System/Library/Frameworks/Carbon.framework/Versions/A/Frameworks/CommonPanels.framework/Versions/A/CommonPanels
0x0000000001c54000 	/System/Library/Frameworks/Carbon.framework/Versions/A/Frameworks/Help.framework/Versions/A/Help
0x0000000001c54000 	/System/Library/Frameworks/Carbon.framework/Versions/A/Frameworks/ImageCapture.framework/Versions/A/ImageCapture
0x0000000001c54000 	/System/Library/Frameworks/Carbon.framework/Versions/A/Frameworks/OpenScripting.framework/Versions/A/OpenScripting
0x0000000001c54000 	/System/Library/Frameworks/Carbon.framework/Versions/A/Frameworks/Print.framework/Versions/A/Print
0x0000000001c54000 	/System/Library/Frameworks/Carbon.framework/Versions/A/Frameworks/SecurityHI.framework/Versions/A/SecurityHI
0x0000000132462000 	/Applications/IBM/SPSS/Statistics/25/SPSSStatistics.app/Contents/JRE/lib/libnet.dylib
0x0000000117feb000 	/Applications/IBM/SPSS/Statistics/25/SPSSStatistics.app/Contents/lib/libspsswarc.dylib
0x00000001174da000 	/Applications/IBM/SPSS/Statistics/25/SPSSStatistics.app/Contents/lib/libspsswalt.dylib
0x0000000118c0d000 	/Applications/IBM/SPSS/Statistics/25/SPSSStatistics.app/Contents/lib/libspsswoms.dylib
0x00000001174f2000 	/Applications/IBM/SPSS/Statistics/25/SPSSStatistics.app/Contents/lib/libspsswbst.dylib
0x0000000118c3c000 	/Applications/IBM/SPSS/Statistics/25/SPSSStatistics.app/Contents/lib/libspsswone.dylib
0x0000000132062000 	/Applications/IBM/SPSS/Statistics/25/SPSSStatistics.app/Contents/lib/libspssweda.dylib
0x000000011749a000 	/Applications/IBM/SPSS/Statistics/25/SPSSStatistics.app/Contents/JRE/lib/libmanagement.dylib
0x00000001174a8000 	/Applications/IBM/SPSS/Statistics/25/SPSSStatistics.app/Contents/JRE/lib/libosx.dylib
0x00000001174b6000 	/Applications/IBM/SPSS/Statistics/25/SPSSStatistics.app/Contents/JRE/lib/./libosxapp.dylib
0x0000000001c54000 	/System/Library/Frameworks/ExceptionHandling.framework/Versions/A/ExceptionHandling
0x000000011754b000 	/Applications/IBM/SPSS/Statistics/25/SPSSStatistics.app/Contents/JRE/lib/libawt.dylib
0x00000001321bc000 	/Applications/IBM/SPSS/Statistics/25/SPSSStatistics.app/Contents/JRE/lib/./libmlib_image.dylib
0x0000000132288000 	/Applications/IBM/SPSS/Statistics/25/SPSSStatistics.app/Contents/JRE/lib/libawt_lwawt.dylib
0x0000000137470000 	/Applications/IBM/SPSS/Statistics/25/SPSSStatistics.app/Contents/lib/libjniviewer.dylib
0x00000001320e5000 	/Applications/IBM/SPSS/Statistics/25/SPSSStatistics.app/Contents/JRE/lib/libfontmanager.dylib
0x0000000001c54000 	/System/Library/PrivateFrameworks/CoreServicesInternal.framework/Versions/A/CoreServicesInternal
0x0000000132baf000 	/Applications/IBM/SPSS/Statistics/25/SPSSStatistics.app/Contents/JRE/lib/libnio.dylib
0x0000000001c54000 	/System/Library/Frameworks/ApplicationServices.framework/Versions/A/Frameworks/ATS.framework/Versions/A/Resources/libTrueTypeScaler.dylib

VM Arguments:
jvm_args: -Djava.library.path=/Applications/IBM/SPSS/Statistics/25/SPSSStatistics.app/Contents/bin/../JRE/lib/jli/:/Applications/IBM/SPSS/Statistics/25/SPSSStatistics.app/Contents/bin/../JRE/lib/:/Applications/IBM/SPSS/Statistics/25/SPSSStatistics.app/Contents/bin/../lib/:/Applications/IBM/SPSS/Statistics/25/SPSSStatistics.app/Contents/bin/ -Dapplication.home=/Applications/IBM/SPSS/Statistics/25/SPSSStatistics.app/Contents/bin -Dstatistics.home=/Applications/IBM/SPSS/Statistics/25/SPSSStatistics.app/Contents/bin -Djava.awt.headless=true -Dcom.sun.media.jai.disableMediaLib=true -Xms256M -Xmx2048M -XX:-UsePerfData -Dcom.ibm.jsse2.overrideDefaultProtocol=TLSv12 -Djava.io.tmpdir=/tmp/spss1gqiJe/ 
java_command: <unknown>
java_class_path (initial): :/Applications/IBM/SPSS/Statistics/25/SPSSStatistics.app/Contents/bin/ChartEditor.jar:/Applications/IBM/SPSS/Statistics/25/SPSSStatistics.app/Contents/bin/ChartEditorRes.jar:/Applications/IBM/SPSS/Statistics/25/SPSSStatistics.app/Contents/bin/CoreTools.jar:/Applications/IBM/SPSS/Statistics/25/SPSSStatistics.app/Contents/bin/CustomDialogBuilder.jar:/Applications/IBM/SPSS/Statistics/25/SPSSStatistics.app/Contents/bin/CustomDialogBuilderRes.jar:/Applications/IBM/SPSS/Statistics/25/SPSSStatistics.app/Contents/bin/ExViewerDialogDemo.jar:/Applications/IBM/SPSS/Statistics/25/SPSSStatistics.app/Contents/bin/ExViewerFrameDemo.jar:/Applications/IBM/SPSS/Statistics/25/SPSSStatistics.app/Contents/bin/ExportTools.jar:/Applications/IBM/SPSS/Statistics/25/SPSSStatistics.app/Contents/bin/ExtensionManager.jar:/Applications/IBM/SPSS/Statistics/25/SPSSStatistics.app/Contents/bin/ExtensionManagerRes.jar:/Applications/IBM/SPSS/Statistics/25/SPSSStatistics.app/Contents/bin/FieldChooser.jar:/Applications/IBM/SPSS/Statistics/25/SPSSStatistics.app/Contents/bin/InstallExtBundles.jar:/Applications/IBM/SPSS/Statistics/25/SPSSStatistics.app/Contents/bin/InstallExtBundlesRes.jar:/Applications/IBM/SPSS/Statistics/25/SPSSStatistics.app/Contents/bin/JRegEdit.jar:/Applications/IBM/SPSS/Statistics/25/SPSSStatistics.app/Contents/bin/JimiProClasses.jar:/Applications/IBM/SPSS/Statistics/25/SPSSStatistics.app/Contents/bin/LightTable.jar:/Applications/IBM/SPSS/Statistics/25/SPSSStatistics.app/Contents/bin/ModelViewer.jar:/Applications/IBM/SPSS/Statistics/25/SPSSStatistics.app/Contents/bin/PivotTableEditor.jar:/Applications/IBM/SPSS/Statistics/25/SPSSStatistics.app/Contents/bin/PivotTableEditorRes.jar:/Applications/IBM/SPSS/Statistics/25/SPSSStatistics.app/Contents/bin/RConfig.jar:/Applications/IBM/SPSS/Statistics/25/SPSSStatistics.app/Contents/bin/RapidSpell.jar:/Applications/IBM/SPSS/Statistics/25/SPSSStatistics.app/Contents/bin/RapidSpellMDict.jar:/Applications/IBM/SPSS/Stat
Launcher Type: generic

Environment Variables:
PATH=/Applications/IBM/SPSS/Statistics/25/SPSSStatistics.app/Contents/bin:/usr/bin:/bin:/usr/sbin:/sbin
SHELL=/bin/bash
DISPLAY=/private/tmp/com.apple.launchd.KxjS9ogdMB/org.macosforge.xquartz:0
DYLD_LIBRARY_PATH=/Applications/IBM/SPSS/Statistics/25/SPSSStatistics.app/Contents/lib:/Applications/IBM/SPSS/Statistics/25/SPSSStatistics.app/Contents/common/ext/bin/spss.common:/Applications/IBM/SPSS/Statistics/25/SPSSStatistics.app/Contents/ext/bin/spss.common:/Applications/IBM/SPSS/Statistics/25/SPSSStatistics.app/Contents/lib:/Applications/IBM/SPSS/Statistics/25/SPSSStatistics.app/Contents/Library/Frameworks/Sentinel.framework:/Applications/IBM/SPSS/Statistics/25/SPSSStatistics.app/Contents/Library/Frameworks/SuperPro.framework:/Applications/IBM/SPSS/Statistics/25/SPSSStatistics.app/Contents/JRE/lib/jli

Signal Handlers:
SIGSEGV: [libjvm.dylib+0x5b1141], sa_mask[0]=11111111011111110111111111111111, sa_flags=SA_ONSTACK|SA_RESTART|SA_SIGINFO
SIGBUS: [libjvm.dylib+0x5b1141], sa_mask[0]=11111111011111110111111111111111, sa_flags=SA_RESTART|SA_SIGINFO
SIGFPE: [libjvm.dylib+0x487bc4], sa_mask[0]=11111111011111110111111111111111, sa_flags=SA_RESTART|SA_SIGINFO
SIGPIPE: [libjvm.dylib+0x487bc4], sa_mask[0]=11111111011111110111111111111111, sa_flags=SA_RESTART|SA_SIGINFO
SIGXFSZ: [libjvm.dylib+0x487bc4], sa_mask[0]=11111111011111110111111111111111, sa_flags=SA_RESTART|SA_SIGINFO
SIGILL: [libjvm.dylib+0x487bc4], sa_mask[0]=11111111011111110111111111111111, sa_flags=SA_RESTART|SA_SIGINFO
SIGUSR1: SIG_DFL, sa_mask[0]=00000000000000000000000000000000, sa_flags=none
SIGUSR2: [libjvm.dylib+0x4876e2], sa_mask[0]=00100000000000000000000000000000, sa_flags=SA_RESTART|SA_SIGINFO
SIGHUP: [libjvm.dylib+0x485cb9], sa_mask[0]=11111111011111110111111111111111, sa_flags=SA_RESTART|SA_SIGINFO
SIGINT: [libjvm.dylib+0x485cb9], sa_mask[0]=11111111011111110111111111111111, sa_flags=SA_RESTART|SA_SIGINFO
SIGTERM: [libjvm.dylib+0x485cb9], sa_mask[0]=11111111011111110111111111111111, sa_flags=SA_RESTART|SA_SIGINFO
SIGQUIT: [libjvm.dylib+0x485cb9], sa_mask[0]=11111111011111110111111111111111, sa_flags=SA_RESTART|SA_SIGINFO


---------------  S Y S T E M  ---------------

OS:Bsduname:Darwin 17.3.0 Darwin Kernel Version 17.3.0: Thu Nov  9 18:09:22 PST 2017; root:xnu-4570.31.3~1/RELEASE_X86_64 x86_64
rlimit: STACK 8192k, CORE 0k, NPROC 1418, NOFILE 10240, AS infinity
load average:3.11 2.14 1.93

CPU:total 8 (4 cores per cpu, 2 threads per core) family 6 model 70 stepping 1, cmov, cx8, fxsr, mmx, sse, sse2, sse3, ssse3, sse4.1, sse4.2, popcnt, avx, avx2, aes, clmul, erms, lzcnt, ht, tsc, tscinvbit, bmi1, bmi2

Memory: 4k page, physical 16777216k(654784k free)

/proc/meminfo:


vm_info: Java HotSpot(TM) 64-Bit Server VM (25.121-b13) for bsd-amd64 JRE (1.8.0_121-b13), built on Dec 12 2016 20:39:32 by "java_re" with gcc 4.2.1 (Based on Apple Inc. build 5658) (LLVM build 2336.11.00)

time: Sun Jun 17 16:28:22 2018
elapsed time: 17 seconds (0d 0h 0m 17s)

