#
# A fatal error has been detected by the Java Runtime Environment:
#
#  SIGSEGV (0xb) at pc=0x000000010096e389, pid=1212, tid=0x0000000000000307
#
# JRE version: Java(TM) 2 Runtime Environment, Standard Edition (8.0_121-b13) (build 1.8.0_121-b13 14_Feb_2017_06_58 Mac OS X x64(SR4 FP1))
# Java VM: Java HotSpot(TM) 64-Bit Server VM (25.121-b13 mixed mode bsd-amd64 compressed oops)
# Problematic frame:
# C  [StartXD+0x10389]  _ZN10DoubleData9ParseDataEPvRi+0x5f
#
# Failed to write core dump. Core dumps have been disabled. To enable core dumping, try "ulimit -c unlimited" before starting Java again
#
# If you would like to submit a bug report, please visit:
#   http://bugreport.java.com/bugreport/crash.jsp
#

---------------  T H R E A D  ---------------

Current thread is native thread

siginfo: si_signo: 11 (SIGSEGV), si_code: 1 (SEGV_MAPERR), si_addr: 0x00007ff2a4a00000

Registers:
RAX=0x00000000085f6ef4, RBX=0x00007ff2a49ffffc, RCX=0x00007fff59d4d6f6, RDX=0x0000000008000000
RSP=0x00007ffeef29eb20, RBP=0x00007ffeef29eb60, RSI=0x000000016f867ee8, RDI=0x00007ffeef2a1450
R8 =0x00000000000002a7, R9 =0x00000000000000c7, R10=0x00007fff92cf52cc, R11=0x0000000000000246
R12=0x00007ffeef2a1450, R13=0x00007ffeef29eb30, R14=0x000000006f645351, R15=0x00007ffeef2a1438
RIP=0x000000010096e389, EFLAGS=0x0000000000010212, ERR=0x0000000000000004
  TRAPNO=0x000000000000000e

Top of Stack: (sp=0x00007ffeef29eb20)
0x00007ffeef29eb20:   0000000000000002 00007ffeef29ec40
0x00007ffeef29eb30:   0000000000000000 0000000000000004
0x00007ffeef29eb40:   00007ffeef2a13e0 0000000000000000
0x00007ffeef29eb50:   00007ff29c409100 00007ff29c409100
0x00007ffeef29eb60:   00007ffeef29ec70 0000000100c675bd
0x00007ffeef29eb70:   fd00000070001002 0000000100c9ffff
0x00007ffeef29eb80:   00007ffeef29ec10 00007fff59dc6758
0x00007ffeef29eb90:   0000000100c98000 0000000000000000
0x00007ffeef29eba0:   0000000000001400 00000001071daa00
0x00007ffeef29ebb0:   0000000000000002 0000000000000010
0x00007ffeef29ebc0:   0000000000000001 0000000100c99080
0x00007ffeef29ebd0:   0000000100c99080 00000001071dbe00
0x00007ffeef29ebe0:   0000000100c98000 0000000000000000
0x00007ffeef29ebf0:   00000000071daa00 0000000000000000
0x00007ffeef29ec00:   00007ffeef29ecb0 0000000000000000
0x00007ffeef29ec10:   00007fff92cf8000 0000000000000000
0x00007ffeef29ec20:   00007ffeef29ec50 00007fff59daf201
0x00007ffeef29ec30:   0000000000000000 0000000000000000
0x00007ffeef29ec40:   0000000400000000 00007ffeef2a13e0
0x00007ffeef29ec50:   00007ffeef29ecb0 0000000000000000
0x00007ffeef29ec60:   00007ff29c409100 0000000000000000
0x00007ffeef29ec70:   00007ffeef2a0ce0 0000000100c609e9
0x00007ffeef29ec80:   0000000000000000 00007ffeef2a13e0
0x00007ffeef29ec90:   00007ff29c53e770 00007ff29c409100
0x00007ffeef29eca0:   0000000000000000 0000000000000000
0x00007ffeef29ecb0:   0000000000000000 0000000000000000
0x00007ffeef29ecc0:   0000000000000000 0000000000000000
0x00007ffeef29ecd0:   0000000000000000 0000000000000000
0x00007ffeef29ece0:   0000000000000000 0000000000000000
0x00007ffeef29ecf0:   0000000000000000 0000000000000000
0x00007ffeef29ed00:   0000000000000000 0000000000000000
0x00007ffeef29ed10:   0000000000000000 0000000000000000 

Instructions: (pc=0x000000010096e389)
0x000000010096e369:   8d 67 18 48 83 c3 04 b8 0c 00 00 00 4c 8d 6d d0
0x000000010096e379:   eb 0e 41 ff ce 48 83 c3 08 41 8b 47 10 83 c0 08
0x000000010096e389:   f2 0f 10 03 f2 0f 11 45 d0 41 89 47 10 4c 89 e7
0x000000010096e399:   4c 89 ee e8 eb 23 00 00 45 85 f6 75 d5 41 8b 47 

Register to memory mapping:

RAX=0x00000000085f6ef4 is an unknown value
RBX=0x00007ff2a49ffffc is an unknown value
RCX=0x00007fff59d4d6f6: _kernelrpc_mach_vm_deallocate_trap+0xa in /usr/lib/system/libsystem_kernel.dylib at 0x00007fff59d3b000
RDX=0x0000000008000000 is an unknown value
RSP=0x00007ffeef29eb20 is an unknown value
RBP=0x00007ffeef29eb60 is an unknown value
RSI=0x000000016f867ee8 is an unknown value
RDI=0x00007ffeef2a1450 is an unknown value
R8 =0x00000000000002a7 is an unknown value
R9 =0x00000000000000c7 is an unknown value
R10=0x00007fff92cf52cc: mach_task_self_+0 in /usr/lib/system/libsystem_kernel.dylib at 0x00007fff59d3b000
R11=0x0000000000000246 is an unknown value
R12=0x00007ffeef2a1450 is an unknown value
R13=0x00007ffeef29eb30 is an unknown value
R14=0x000000006f645351 is an unknown value
R15=0x00007ffeef2a1438 is an unknown value


Stack: [0x00007ffeeeaa2000,0x00007ffeef2a2000],  sp=0x00007ffeef29eb20,  free space=8178k
Native frames: (J=compiled Java code, j=interpreted, Vv=VM code, C=native code)
C  [StartXD+0x10389]  _ZN10DoubleData9ParseDataEPvRi+0x5f
C  [libspssdxcom.dylib+0x125bd]  _ZN8CleXDSmb8ParseBufEPv+0x6b
C  [libspssdxcom.dylib+0xb9e9]  _Z11ReceiveDataP16JavaPlugInSocketR8CleXDSmb+0xfa
C  [StartXD+0x25fe]  main+0xa6b
C  [libdyld.dylib+0x1115]  start+0x1


---------------  P R O C E S S  ---------------

VM state:not at safepoint (normal execution)

VM Mutex/Monitor currently owned by a thread: None

Heap:
 PSYoungGen      total 225792K, used 4448K [0x0000000795580000, 0x00000007af280000, 0x00000007c0000000)
  eden space 224256K, 1% used [0x0000000795580000,0x00000007959d8008,0x00000007a3080000)
  from space 1536K, 0% used [0x00000007af100000,0x00000007af100000,0x00000007af280000)
  to   space 6656K, 0% used [0x00000007ae580000,0x00000007ae580000,0x00000007aec00000)
 ParOldGen       total 175104K, used 12385K [0x0000000740000000, 0x000000074ab00000, 0x0000000795580000)
  object space 175104K, 7% used [0x0000000740000000,0x0000000740c184d8,0x000000074ab00000)
 Metaspace       used 20340K, capacity 20720K, committed 20992K, reserved 1067008K
  class space    used 2386K, capacity 2489K, committed 2560K, reserved 1048576K

Card table byte_map: [0x000000011e03a000,0x000000011e43b000] byte_map_base: 0x000000011a63a000

Marking Bits: (ParMarkBitMap*) 0x000000010e57cd30
 Begin Bits: [0x000000011e6e6000, 0x00000001206e6000)
 End Bits:   [0x00000001206e6000, 0x00000001226e6000)

Polling page: 0x0000000100fb0000

CodeCache: size=245760Kb used=13954Kb max_used=15215Kb free=231805Kb
 bounds [0x000000010ec7a000, 0x000000010fb6a000, 0x000000011dc7a000]
 total_blobs=4163 nmethods=3653 adapters=423
 compilation: enabled

Compilation events (10 events):
Event: 47.106 Thread 0x00007ff29c81b000 nmethod 4391 0x000000010f6b4c10 code [0x000000010f6b4da0, 0x000000010f6b52f0]
Event: 47.106 Thread 0x00007ff29c81b000 4392       3       org.openxmlformats.schemas.spreadsheetml._2006.main.descriptors.CT_CellAlignmentDescriptor$7::getValue (31 bytes)
Event: 47.106 Thread 0x00007ff29c81b000 nmethod 4392 0x000000010f6b4590 code [0x000000010f6b4700, 0x000000010f6b4b30]
Event: 47.111 Thread 0x00007ff29c81b000 4393       3       java.util.zip.ZipOutputStream::ensureOpen (18 bytes)
Event: 47.112 Thread 0x00007ff29c81b000 nmethod 4393 0x000000010f93d450 code [0x000000010f93d5c0, 0x000000010f93d808]
Event: 47.114 Thread 0x00007ff29d166000 4394       4       java.util.TreeMap$ValueIterator::next (8 bytes)
Event: 47.116 Thread 0x00007ff29d166000 nmethod 4394 0x000000010f6b2c10 code [0x000000010f6b2d60, 0x000000010f6b2ed8]
Event: 47.137 Thread 0x00007ff29d165800 4395   !   4       org.apache.xml.serialize.XMLSerializer::startElement (345 bytes)
Event: 47.201 Thread 0x00007ff29d165800 nmethod 4395 0x000000010f962bd0 code [0x000000010f962f80, 0x000000010f9657e0]
Event: 47.376 Thread 0x00007ff29e03c800 nmethod 4334 0x000000010f4af110 code [0x000000010f4afca0, 0x000000010f4bacd8]

GC Heap History (10 events):
Event: 46.289 GC heap before
{Heap before GC invocations=38 (full 3):
 PSYoungGen      total 253952K, used 253888K [0x0000000795580000, 0x00000007b0080000, 0x00000007c0000000)
  eden space 251904K, 100% used [0x0000000795580000,0x00000007a4b80000,0x00000007a4b80000)
  from space 2048K, 96% used [0x00000007afe80000,0x00000007b0070000,0x00000007b0080000)
  to   space 7680K, 0% used [0x00000007af180000,0x00000007af180000,0x00000007af900000)
 ParOldGen       total 175104K, used 15769K [0x0000000740000000, 0x000000074ab00000, 0x0000000795580000)
  object space 175104K, 9% used [0x0000000740000000,0x0000000740f664a0,0x000000074ab00000)
 Metaspace       used 20274K, capacity 20648K, committed 20736K, reserved 1067008K
  class space    used 2379K, capacity 2477K, committed 2560K, reserved 1048576K
Event: 46.291 GC heap after
Heap after GC invocations=38 (full 3):
 PSYoungGen      total 244224K, used 1888K [0x0000000795580000, 0x00000007aff00000, 0x00000007c0000000)
  eden space 242176K, 0% used [0x0000000795580000,0x0000000795580000,0x00000007a4200000)
  from space 2048K, 92% used [0x00000007af180000,0x00000007af358000,0x00000007af380000)
  to   space 7680K, 0% used [0x00000007af780000,0x00000007af780000,0x00000007aff00000)
 ParOldGen       total 175104K, used 15801K [0x0000000740000000, 0x000000074ab00000, 0x0000000795580000)
  object space 175104K, 9% used [0x0000000740000000,0x0000000740f6e4a0,0x000000074ab00000)
 Metaspace       used 20274K, capacity 20648K, committed 20736K, reserved 1067008K
  class space    used 2379K, capacity 2477K, committed 2560K, reserved 1048576K
}
Event: 46.588 GC heap before
{Heap before GC invocations=39 (full 3):
 PSYoungGen      total 244224K, used 244064K [0x0000000795580000, 0x00000007aff00000, 0x00000007c0000000)
  eden space 242176K, 100% used [0x0000000795580000,0x00000007a4200000,0x00000007a4200000)
  from space 2048K, 92% used [0x00000007af180000,0x00000007af358000,0x00000007af380000)
  to   space 7680K, 0% used [0x00000007af780000,0x00000007af780000,0x00000007aff00000)
 ParOldGen       total 175104K, used 15801K [0x0000000740000000, 0x000000074ab00000, 0x0000000795580000)
  object space 175104K, 9% used [0x0000000740000000,0x0000000740f6e4a0,0x000000074ab00000)
 Metaspace       used 20274K, capacity 20648K, committed 20736K, reserved 1067008K
  class space    used 2379K, capacity 2477K, committed 2560K, reserved 1048576K
Event: 46.590 GC heap after
Heap after GC invocations=39 (full 3):
 PSYoungGen      total 235008K, used 2048K [0x0000000795580000, 0x00000007af980000, 0x00000007c0000000)
  eden space 232960K, 0% used [0x0000000795580000,0x0000000795580000,0x00000007a3900000)
  from space 2048K, 100% used [0x00000007af780000,0x00000007af980000,0x00000007af980000)
  to   space 7168K, 0% used [0x00000007aeb80000,0x00000007aeb80000,0x00000007af280000)
 ParOldGen       total 175104K, used 15881K [0x0000000740000000, 0x000000074ab00000, 0x0000000795580000)
  object space 175104K, 9% used [0x0000000740000000,0x0000000740f824a0,0x000000074ab00000)
 Metaspace       used 20274K, capacity 20648K, committed 20736K, reserved 1067008K
  class space    used 2379K, capacity 2477K, committed 2560K, reserved 1048576K
}
Event: 46.894 GC heap before
{Heap before GC invocations=40 (full 3):
 PSYoungGen      total 235008K, used 235008K [0x0000000795580000, 0x00000007af980000, 0x00000007c0000000)
  eden space 232960K, 100% used [0x0000000795580000,0x00000007a3900000,0x00000007a3900000)
  from space 2048K, 100% used [0x00000007af780000,0x00000007af980000,0x00000007af980000)
  to   space 7168K, 0% used [0x00000007aeb80000,0x00000007aeb80000,0x00000007af280000)
 ParOldGen       total 175104K, used 15881K [0x0000000740000000, 0x000000074ab00000, 0x0000000795580000)
  object space 175104K, 9% used [0x0000000740000000,0x0000000740f824a0,0x000000074ab00000)
 Metaspace       used 20282K, capacity 20648K, committed 20736K, reserved 1067008K
  class space    used 2380K, capacity 2477K, committed 2560K, reserved 1048576K
Event: 46.896 GC heap after
Heap after GC invocations=40 (full 3):
 PSYoungGen      total 226304K, used 1824K [0x0000000795580000, 0x00000007af800000, 0x00000007c0000000)
  eden space 224256K, 0% used [0x0000000795580000,0x0000000795580000,0x00000007a3080000)
  from space 2048K, 89% used [0x00000007aeb80000,0x00000007aed48000,0x00000007aed80000)
  to   space 7168K, 0% used [0x00000007af100000,0x00000007af100000,0x00000007af800000)
 ParOldGen       total 175104K, used 15921K [0x0000000740000000, 0x000000074ab00000, 0x0000000795580000)
  object space 175104K, 9% used [0x0000000740000000,0x0000000740f8c4a0,0x000000074ab00000)
 Metaspace       used 20282K, capacity 20648K, committed 20736K, reserved 1067008K
  class space    used 2380K, capacity 2477K, committed 2560K, reserved 1048576K
}
Event: 47.153 GC heap before
{Heap before GC invocations=41 (full 3):
 PSYoungGen      total 226304K, used 212359K [0x0000000795580000, 0x00000007af800000, 0x00000007c0000000)
  eden space 224256K, 93% used [0x0000000795580000,0x00000007a2319d28,0x00000007a3080000)
  from space 2048K, 89% used [0x00000007aeb80000,0x00000007aed48000,0x00000007aed80000)
  to   space 7168K, 0% used [0x00000007af100000,0x00000007af100000,0x00000007af800000)
 ParOldGen       total 175104K, used 15921K [0x0000000740000000, 0x000000074ab00000, 0x0000000795580000)
  object space 175104K, 9% used [0x0000000740000000,0x0000000740f8c4a0,0x000000074ab00000)
 Metaspace       used 20340K, capacity 20720K, committed 20992K, reserved 1067008K
  class space    used 2386K, capacity 2489K, committed 2560K, reserved 1048576K
Event: 47.155 GC heap after
Heap after GC invocations=41 (full 3):
 PSYoungGen      total 225792K, used 1312K [0x0000000795580000, 0x00000007af280000, 0x00000007c0000000)
  eden space 224256K, 0% used [0x0000000795580000,0x0000000795580000,0x00000007a3080000)
  from space 1536K, 85% used [0x00000007af100000,0x00000007af248000,0x00000007af280000)
  to   space 6656K, 0% used [0x00000007ae580000,0x00000007ae580000,0x00000007aec00000)
 ParOldGen       total 175104K, used 15985K [0x0000000740000000, 0x000000074ab00000, 0x0000000795580000)
  object space 175104K, 9% used [0x0000000740000000,0x0000000740f9c4a0,0x000000074ab00000)
 Metaspace       used 20340K, capacity 20720K, committed 20992K, reserved 1067008K
  class space    used 2386K, capacity 2489K, committed 2560K, reserved 1048576K
}
Event: 47.155 GC heap before
{Heap before GC invocations=42 (full 4):
 PSYoungGen      total 225792K, used 1312K [0x0000000795580000, 0x00000007af280000, 0x00000007c0000000)
  eden space 224256K, 0% used [0x0000000795580000,0x0000000795580000,0x00000007a3080000)
  from space 1536K, 85% used [0x00000007af100000,0x00000007af248000,0x00000007af280000)
  to   space 6656K, 0% used [0x00000007ae580000,0x00000007ae580000,0x00000007aec00000)
 ParOldGen       total 175104K, used 15985K [0x0000000740000000, 0x000000074ab00000, 0x0000000795580000)
  object space 175104K, 9% used [0x0000000740000000,0x0000000740f9c4a0,0x000000074ab00000)
 Metaspace       used 20340K, capacity 20720K, committed 20992K, reserved 1067008K
  class space    used 2386K, capacity 2489K, committed 2560K, reserved 1048576K
Event: 47.200 GC heap after
Heap after GC invocations=42 (full 4):
 PSYoungGen      total 225792K, used 0K [0x0000000795580000, 0x00000007af280000, 0x00000007c0000000)
  eden space 224256K, 0% used [0x0000000795580000,0x0000000795580000,0x00000007a3080000)
  from space 1536K, 0% used [0x00000007af100000,0x00000007af100000,0x00000007af280000)
  to   space 6656K, 0% used [0x00000007ae580000,0x00000007ae580000,0x00000007aec00000)
 ParOldGen       total 175104K, used 12385K [0x0000000740000000, 0x000000074ab00000, 0x0000000795580000)
  object space 175104K, 7% used [0x0000000740000000,0x0000000740c184d8,0x000000074ab00000)
 Metaspace       used 20340K, capacity 20720K, committed 20992K, reserved 1067008K
  class space    used 2386K, capacity 2489K, committed 2560K, reserved 1048576K
}

Deoptimization events (10 events):
Event: 19.706 Thread 0x00007ff29d08d000 Uncommon trap: reason=class_check action=maybe_recompile pc=0x000000010f035438 method=java.io.Writer.write(Ljava/lang/String;)V @ 7
Event: 19.892 Thread 0x00007ff29d08d000 Uncommon trap: reason=class_check action=maybe_recompile pc=0x000000010f732c20 method=java.util.regex.Pattern$CharProperty.study(Ljava/util/regex/Pattern$TreeInfo;)Z @ 25
Event: 20.007 Thread 0x00007ff29d08d000 Uncommon trap: reason=class_check action=maybe_recompile pc=0x000000010f732c20 method=java.util.regex.Pattern$CharProperty.study(Ljava/util/regex/Pattern$TreeInfo;)Z @ 25
Event: 20.013 Thread 0x00007ff29d08d000 Uncommon trap: reason=predicate action=maybe_recompile pc=0x000000010f6ee87c method=java.util.AbstractCollection.toArray([Ljava/lang/Object;)[Ljava/lang/Object; @ 49
Event: 20.018 Thread 0x00007ff29d08d000 Uncommon trap: reason=array_check action=maybe_recompile pc=0x000000010f255bfc method=java.util.AbstractCollection.toArray([Ljava/lang/Object;)[Ljava/lang/Object; @ 119
Event: 20.018 Thread 0x00007ff29d08d000 Uncommon trap: reason=array_check action=maybe_recompile pc=0x000000010f255bfc method=java.util.AbstractCollection.toArray([Ljava/lang/Object;)[Ljava/lang/Object; @ 119
Event: 20.018 Thread 0x00007ff29d08d000 Uncommon trap: reason=array_check action=maybe_recompile pc=0x000000010f255bfc method=java.util.AbstractCollection.toArray([Ljava/lang/Object;)[Ljava/lang/Object; @ 119
Event: 20.019 Thread 0x00007ff29d08d000 Uncommon trap: reason=array_check action=maybe_recompile pc=0x000000010f255bfc method=java.util.AbstractCollection.toArray([Ljava/lang/Object;)[Ljava/lang/Object; @ 119
Event: 26.307 Thread 0x00007ff29d08d000 Uncommon trap: reason=unstable_if action=reinterpret pc=0x000000010edba174 method=sun.misc.FloatingDecimal$BinaryToASCIIBuffer.dtoa(IJIZ)V @ 859
Event: 29.133 Thread 0x00007ff29d08d000 Uncommon trap: reason=unstable_if action=reinterpret pc=0x000000010f9ee714 method=org.apache.xml.serialize.Printer.printSpace()V @ 7

Internal exceptions (10 events):
Event: 6.163 Thread 0x00007ff29d08d000 Exception <a 'java/io/FileNotFoundException'> (0x0000000798043dc8) thrown at [/Users/java_re/workspace/8-2-build-macosx-x86_64/jdk8u121/8372/hotspot/src/share/vm/prims/jni.cpp, line 709]
Event: 6.543 Thread 0x00007ff29d08d000 Implicit null exception at 0x000000010ef1b0f5 to 0x000000010ef1b349
Event: 6.543 Thread 0x00007ff29d08d000 Implicit null exception at 0x000000010f09f3bb to 0x000000010f09fc65
Event: 6.544 Thread 0x00007ff29d08d000 Implicit null exception at 0x000000010f10e5ef to 0x000000010f10e659
Event: 9.111 Thread 0x00007ff29d08d000 Implicit null exception at 0x000000010f637901 to 0x000000010f637a25
Event: 11.117 Thread 0x00007ff29d08d000 Implicit null exception at 0x000000010f91deea to 0x000000010f921efd
Event: 11.217 Thread 0x00007ff29d08d000 Implicit null exception at 0x000000010f905670 to 0x000000010f9061c5
Event: 16.696 Thread 0x00007ff29d08d000 Exception <a 'java/io/FileNotFoundException'> (0x000000079cf3aff8) thrown at [/Users/java_re/workspace/8-2-build-macosx-x86_64/jdk8u121/8372/hotspot/src/share/vm/prims/jni.cpp, line 709]
Event: 26.136 Thread 0x00007ff29d08d000 Exception <a 'java/io/FileNotFoundException'> (0x00000007a0793928) thrown at [/Users/java_re/workspace/8-2-build-macosx-x86_64/jdk8u121/8372/hotspot/src/share/vm/prims/jni.cpp, line 709]
Event: 44.225 Thread 0x00007ff29d08d000 Exception <a 'java/io/FileNotFoundException'> (0x00000007a36ff588) thrown at [/Users/java_re/workspace/8-2-build-macosx-x86_64/jdk8u121/8372/hotspot/src/share/vm/prims/jni.cpp, line 709]

Events (10 events):
Event: 47.200 Executing VM operation: RevokeBias done
Event: 47.200 Executing VM operation: RevokeBias
Event: 47.200 Executing VM operation: RevokeBias done
Event: 47.201 Executing VM operation: RevokeBias
Event: 47.201 Executing VM operation: RevokeBias done
Event: 47.201 Executing VM operation: RevokeBias
Event: 47.201 Executing VM operation: RevokeBias done
Event: 47.201 Thread 0x00007ff29d165800 flushing nmethod 0x000000010edb7a50
Event: 47.201 Thread 0x00007ff29d165800 flushing nmethod 0x000000010edd4f10
Event: 47.201 Thread 0x00007ff29d165800 flushing nmethod 0x000000010eddf910


Dynamic libraries:
0x000000000a970000 	/System/Library/Frameworks/CoreFoundation.framework/Versions/A/CoreFoundation
0x000000000a970000 	/System/Library/Frameworks/IOKit.framework/Versions/A/IOKit
0x000000000a970000 	/usr/lib/libstdc++.6.0.9.dylib
0x0000000100989000 	/Applications/IBM/SPSS/Statistics/25/SPSSStatistics.app/Contents/lib/libtempdir.dylib
0x00000001009a8000 	/Applications/IBM/SPSS/Statistics/25/SPSSStatistics.app/Contents/lib/libspssxd.dylib
0x0000000100c55000 	/Applications/IBM/SPSS/Statistics/25/SPSSStatistics.app/Contents/lib/libspssdxcom.dylib
0x0000000100c9b000 	/Applications/IBM/SPSS/Statistics/25/SPSSStatistics.app/Contents/common/ext/bin/spss.common/libscorelib850r.dylib
0x0000000100d9e000 	/Applications/IBM/SPSS/Statistics/25/SPSSStatistics.app/Contents/common/ext/bin/spss.common/libGeneralRegressionModel850r.dylib
0x0000000100e16000 	/Applications/IBM/SPSS/Statistics/25/SPSSStatistics.app/Contents/common/ext/bin/spss.common/libdiscriminant-model850r.dylib
0x000000000a970000 	/usr/lib/libSystem.B.dylib
0x000000000a970000 	/usr/lib/libDiagnosticMessagesClient.dylib
0x000000000a970000 	/usr/lib/libicucore.A.dylib
0x000000000a970000 	/usr/lib/libobjc.A.dylib
0x000000000a970000 	/usr/lib/libz.1.dylib
0x000000000a970000 	/usr/lib/system/libcache.dylib
0x000000000a970000 	/usr/lib/system/libcommonCrypto.dylib
0x000000000a970000 	/usr/lib/system/libcompiler_rt.dylib
0x000000000a970000 	/usr/lib/system/libcopyfile.dylib
0x000000000a970000 	/usr/lib/system/libcorecrypto.dylib
0x000000000a970000 	/usr/lib/system/libdispatch.dylib
0x000000000a970000 	/usr/lib/system/libdyld.dylib
0x000000000a970000 	/usr/lib/system/libkeymgr.dylib
0x000000000a970000 	/usr/lib/system/liblaunch.dylib
0x000000000a970000 	/usr/lib/system/libmacho.dylib
0x000000000a970000 	/usr/lib/system/libquarantine.dylib
0x000000000a970000 	/usr/lib/system/libremovefile.dylib
0x000000000a970000 	/usr/lib/system/libsystem_asl.dylib
0x000000000a970000 	/usr/lib/system/libsystem_blocks.dylib
0x000000000a970000 	/usr/lib/system/libsystem_c.dylib
0x000000000a970000 	/usr/lib/system/libsystem_configuration.dylib
0x000000000a970000 	/usr/lib/system/libsystem_coreservices.dylib
0x000000000a970000 	/usr/lib/system/libsystem_darwin.dylib
0x000000000a970000 	/usr/lib/system/libsystem_dnssd.dylib
0x000000000a970000 	/usr/lib/system/libsystem_info.dylib
0x000000000a970000 	/usr/lib/system/libsystem_m.dylib
0x000000000a970000 	/usr/lib/system/libsystem_malloc.dylib
0x000000000a970000 	/usr/lib/system/libsystem_network.dylib
0x000000000a970000 	/usr/lib/system/libsystem_networkextension.dylib
0x000000000a970000 	/usr/lib/system/libsystem_notify.dylib
0x000000000a970000 	/usr/lib/system/libsystem_sandbox.dylib
0x000000000a970000 	/usr/lib/system/libsystem_secinit.dylib
0x000000000a970000 	/usr/lib/system/libsystem_kernel.dylib
0x000000000a970000 	/usr/lib/system/libsystem_platform.dylib
0x000000000a970000 	/usr/lib/system/libsystem_pthread.dylib
0x000000000a970000 	/usr/lib/system/libsystem_symptoms.dylib
0x000000000a970000 	/usr/lib/system/libsystem_trace.dylib
0x000000000a970000 	/usr/lib/system/libunwind.dylib
0x000000000a970000 	/usr/lib/system/libxpc.dylib
0x000000000a970000 	/usr/lib/closure/libclosured.dylib
0x000000000a970000 	/usr/lib/libc++abi.dylib
0x000000000a970000 	/usr/lib/libc++.1.dylib
0x000000000a970000 	/usr/lib/libenergytrace.dylib
0x000000000a970000 	/usr/lib/libbsm.0.dylib
0x000000000a970000 	/usr/lib/system/libkxld.dylib
0x0000000100e3a000 	/Applications/IBM/SPSS/Statistics/25/SPSSStatistics.app/Contents/lib/libifcoremt.dylib
0x0000000100fb2000 	/Applications/IBM/SPSS/Statistics/25/SPSSStatistics.app/Contents/lib/libimf.dylib
0x00000001012d1000 	/Applications/IBM/SPSS/Statistics/25/SPSSStatistics.app/Contents/lib/libsvml.dylib
0x0000000101dc9000 	/Applications/IBM/SPSS/Statistics/25/SPSSStatistics.app/Contents/lib/libintlc.dylib
0x0000000101e19000 	/Applications/IBM/SPSS/Statistics/25/SPSSStatistics.app/Contents/lib/libplatdep.dylib
0x0000000101e67000 	/Applications/IBM/SPSS/Statistics/25/SPSSStatistics.app/Contents/lib/libgsk8iccs.dylib
0x0000000101edf000 	/Applications/IBM/SPSS/Statistics/25/SPSSStatistics.app/Contents/lib/libsockbsd.dylib
0x0000000101eec000 	/Applications/IBM/SPSS/Statistics/25/SPSSStatistics.app/Contents/lib/libsfthread.dylib
0x0000000101eff000 	/Applications/IBM/SPSS/Statistics/25/SPSSStatistics.app/Contents/lib/libvserial.dylib
0x0000000101f15000 	/Applications/IBM/SPSS/Statistics/25/SPSSStatistics.app/Contents/lib/libvutility.dylib
0x0000000101f24000 	/Applications/IBM/SPSS/Statistics/25/SPSSStatistics.app/Contents/lib/libicuuc.51.2.dylib
0x0000000102104000 	/Applications/IBM/SPSS/Statistics/25/SPSSStatistics.app/Contents/lib/libicui18n.51.2.dylib
0x00000001023db000 	/Applications/IBM/SPSS/Statistics/25/SPSSStatistics.app/Contents/lib/libxerces-c-3.1.dylib
0x0000000102fca000 	/Applications/IBM/SPSS/Statistics/25/SPSSStatistics.app/Contents/lib/libicudata.51.2.dylib
0x0000000104516000 	/Applications/IBM/SPSS/Statistics/25/SPSSStatistics.app/Contents/lib/libspsswlib.dylib
0x0000000100982000 	/Applications/IBM/SPSS/Statistics/25/SPSSStatistics.app/Contents/lib/libcpuinfo.dylib
0x00000001027b4000 	/Applications/IBM/SPSS/Statistics/25/SPSSStatistics.app/Contents/lib/libomcell.dylib
0x00000001027d7000 	/Applications/IBM/SPSS/Statistics/25/SPSSStatistics.app/Contents/lib/libomfactry.dylib
0x000000010287d000 	/Applications/IBM/SPSS/Statistics/25/SPSSStatistics.app/Contents/lib/libomtree.dylib
0x00000001028b8000 	/Applications/IBM/SPSS/Statistics/25/SPSSStatistics.app/Contents/lib/libomxxml.dylib
0x00000001028f2000 	/Applications/IBM/SPSS/Statistics/25/SPSSStatistics.app/Contents/lib/libomxsav.dylib
0x0000000102904000 	/Applications/IBM/SPSS/Statistics/25/SPSSStatistics.app/Contents/lib/libomxhtml.dylib
0x0000000102929000 	/Applications/IBM/SPSS/Statistics/25/SPSSStatistics.app/Contents/lib/libomxtext.dylib
0x000000010294c000 	/Applications/IBM/SPSS/Statistics/25/SPSSStatistics.app/Contents/lib/libomxspv.dylib
0x0000000101f1d000 	/Applications/IBM/SPSS/Statistics/25/SPSSStatistics.app/Contents/lib/libspssjni.dylib
0x0000000102954000 	/Applications/IBM/SPSS/Statistics/25/SPSSStatistics.app/Contents/lib/libspssjvm.dylib
0x0000000102961000 	/Applications/IBM/SPSS/Statistics/25/SPSSStatistics.app/Contents/lib/libvizedit.dylib
0x0000000102980000 	/Applications/IBM/SPSS/Statistics/25/SPSSStatistics.app/Contents/lib/libtransspc.dylib
0x00000001029ad000 	/Applications/IBM/SPSS/Statistics/25/SPSSStatistics.app/Contents/lib/libdedstore.dylib
0x00000001029c8000 	/Applications/IBM/SPSS/Statistics/25/SPSSStatistics.app/Contents/lib/libsvrdmgr.dylib
0x00000001029e9000 	/Applications/IBM/SPSS/Statistics/25/SPSSStatistics.app/Contents/lib/libdatasrc.dylib
0x0000000102a8d000 	/Applications/IBM/SPSS/Statistics/25/SPSSStatistics.app/Contents/lib/libsvrerrs.dylib
0x0000000102a95000 	/Applications/IBM/SPSS/Statistics/25/SPSSStatistics.app/Contents/lib/libspssdemg.dylib
0x0000000102adb000 	/Applications/IBM/SPSS/Statistics/25/SPSSStatistics.app/Contents/lib/libcpputil.dylib
0x0000000102b16000 	/Applications/IBM/SPSS/Statistics/25/SPSSStatistics.app/Contents/lib/libstrtable.dylib
0x00000000ce8da000 	/Applications/IBM/SPSS/Statistics/25/SPSSStatistics.app/Contents/lib/libxalan-c.111.0.dylib
0x0000000102b26000 	/Applications/IBM/SPSS/Statistics/25/SPSSStatistics.app/Contents/lib/libchartutl.dylib
0x0000000101e14000 	/Applications/IBM/SPSS/Statistics/25/SPSSStatistics.app/Contents/lib/libspssmsgs.dylib
0x0000000102c31000 	/Applications/IBM/SPSS/Statistics/25/SPSSStatistics.app/Contents/lib/libvizchart.dylib
0x0000000102e54000 	/Applications/IBM/SPSS/Statistics/25/SPSSStatistics.app/Contents/lib/libzlib1211spss.dylib
0x0000000102e86000 	/Applications/IBM/SPSS/Statistics/25/SPSSStatistics.app/Contents/lib/libindutil.dylib
0x00000000c2e92000 	/Applications/IBM/SPSS/Statistics/25/SPSSStatistics.app/Contents/lib/libxalanMsg.111.0.dylib
0x0000000102e9f000 	/Applications/IBM/SPSS/Statistics/25/SPSSStatistics.app/Contents/lib/libspssiocv.dylib
0x0000000100985000 	/Applications/IBM/SPSS/Statistics/25/SPSSStatistics.app/Contents/lib/libreadonly.dylib
0x0000000101ed9000 	/Applications/IBM/SPSS/Statistics/25/SPSSStatistics.app/Contents/lib/libtmsutil.dylib
0x0000000102ed4000 	/Applications/IBM/SPSS/Statistics/25/SPSSStatistics.app/Contents/lib/libcvtrans.dylib
0x0000000066f14000 	/Applications/IBM/SPSS/Statistics/25/SPSSStatistics.app/Contents/Library/Frameworks/Sentinel.framework/Versions/A/Sentinel
0x0000000106f2c000 	/Applications/IBM/SPSS/Statistics/25/SPSSStatistics.app/Contents/Library/Frameworks/SuperPro.framework/Versions/A/SuperPro
0x00000001020fe000 	/Applications/IBM/SPSS/Statistics/25/SPSSStatistics.app/Contents/lib/libcmddata.dylib
0x0000000106f42000 	/Applications/IBM/SPSS/Statistics/25/SPSSStatistics.app/Contents/lib/libmcbstsps.dylib
0x000000000a970000 	/usr/lib/libiconv.2.dylib
0x000000000a970000 	/System/Library/Frameworks/CoreServices.framework/Versions/A/CoreServices
0x000000000a970000 	/System/Library/Frameworks/CFNetwork.framework/Versions/A/CFNetwork
0x000000000a970000 	/System/Library/Frameworks/CoreServices.framework/Versions/A/Frameworks/FSEvents.framework/Versions/A/FSEvents
0x000000000a970000 	/System/Library/Frameworks/CoreServices.framework/Versions/A/Frameworks/CarbonCore.framework/Versions/A/CarbonCore
0x000000000a970000 	/System/Library/Frameworks/CoreServices.framework/Versions/A/Frameworks/Metadata.framework/Versions/A/Metadata
0x000000000a970000 	/System/Library/Frameworks/CoreServices.framework/Versions/A/Frameworks/OSServices.framework/Versions/A/OSServices
0x000000000a970000 	/System/Library/Frameworks/CoreServices.framework/Versions/A/Frameworks/SearchKit.framework/Versions/A/SearchKit
0x000000000a970000 	/System/Library/Frameworks/CoreServices.framework/Versions/A/Frameworks/AE.framework/Versions/A/AE
0x000000000a970000 	/System/Library/Frameworks/CoreServices.framework/Versions/A/Frameworks/LaunchServices.framework/Versions/A/LaunchServices
0x000000000a970000 	/System/Library/Frameworks/CoreServices.framework/Versions/A/Frameworks/DictionaryServices.framework/Versions/A/DictionaryServices
0x000000000a970000 	/System/Library/Frameworks/CoreServices.framework/Versions/A/Frameworks/SharedFileList.framework/Versions/A/SharedFileList
0x000000000a970000 	/usr/lib/libauto.dylib
0x000000000a970000 	/System/Library/Frameworks/SystemConfiguration.framework/Versions/A/SystemConfiguration
0x000000000a970000 	/System/Library/Frameworks/Security.framework/Versions/A/Security
0x000000000a970000 	/usr/lib/libsqlite3.dylib
0x000000000a970000 	/usr/lib/libxml2.2.dylib
0x000000000a970000 	/usr/lib/libnetwork.dylib
0x000000000a970000 	/usr/lib/libapple_nghttp2.dylib
0x000000000a970000 	/usr/lib/libpcap.A.dylib
0x000000000a970000 	/usr/lib/libboringssl.dylib
0x000000000a970000 	/usr/lib/libusrtcp.dylib
0x000000000a970000 	/usr/lib/libcoretls.dylib
0x000000000a970000 	/usr/lib/libcoretls_cfhelpers.dylib
0x000000000a970000 	/usr/lib/libapple_crypto.dylib
0x000000000a970000 	/System/Library/Frameworks/Foundation.framework/Versions/C/Foundation
0x000000000a970000 	/usr/lib/libOpenScriptingUtil.dylib
0x000000000a970000 	/usr/lib/libpam.2.dylib
0x000000000a970000 	/usr/lib/libxar.1.dylib
0x000000000a970000 	/System/Library/Frameworks/DiskArbitration.framework/Versions/A/DiskArbitration
0x000000000a970000 	/usr/lib/libarchive.2.dylib
0x000000000a970000 	/usr/lib/liblangid.dylib
0x000000000a970000 	/usr/lib/libCRFSuite.dylib
0x000000000a970000 	/usr/lib/libbz2.1.0.dylib
0x000000000a970000 	/usr/lib/liblzma.5.dylib
0x000000000a970000 	/System/Library/Frameworks/NetFS.framework/Versions/A/NetFS
0x000000000a970000 	/System/Library/PrivateFrameworks/NetAuth.framework/Versions/A/NetAuth
0x000000000a970000 	/System/Library/PrivateFrameworks/login.framework/Versions/A/Frameworks/loginsupport.framework/Versions/A/loginsupport
0x000000000a970000 	/System/Library/PrivateFrameworks/TCC.framework/Versions/A/TCC
0x000000000a970000 	/usr/lib/libmecabra.dylib
0x000000000a970000 	/System/Library/Frameworks/ApplicationServices.framework/Versions/A/ApplicationServices
0x000000000a970000 	/System/Library/Frameworks/CoreGraphics.framework/Versions/A/CoreGraphics
0x000000000a970000 	/System/Library/Frameworks/CoreText.framework/Versions/A/CoreText
0x000000000a970000 	/System/Library/Frameworks/ImageIO.framework/Versions/A/ImageIO
0x000000000a970000 	/System/Library/Frameworks/ColorSync.framework/Versions/A/ColorSync
0x000000000a970000 	/System/Library/Frameworks/ApplicationServices.framework/Versions/A/Frameworks/ATS.framework/Versions/A/ATS
0x000000000a970000 	/System/Library/Frameworks/ApplicationServices.framework/Versions/A/Frameworks/ColorSyncLegacy.framework/Versions/A/ColorSyncLegacy
0x000000000a970000 	/System/Library/Frameworks/ApplicationServices.framework/Versions/A/Frameworks/HIServices.framework/Versions/A/HIServices
0x000000000a970000 	/System/Library/Frameworks/ApplicationServices.framework/Versions/A/Frameworks/LangAnalysis.framework/Versions/A/LangAnalysis
0x000000000a970000 	/System/Library/Frameworks/ApplicationServices.framework/Versions/A/Frameworks/PrintCore.framework/Versions/A/PrintCore
0x000000000a970000 	/System/Library/Frameworks/ApplicationServices.framework/Versions/A/Frameworks/QD.framework/Versions/A/QD
0x000000000a970000 	/System/Library/Frameworks/ApplicationServices.framework/Versions/A/Frameworks/SpeechSynthesis.framework/Versions/A/SpeechSynthesis
0x000000000a970000 	/System/Library/PrivateFrameworks/SkyLight.framework/Versions/A/SkyLight
0x000000000a970000 	/System/Library/Frameworks/Accelerate.framework/Versions/A/Accelerate
0x000000000a970000 	/System/Library/Frameworks/CoreDisplay.framework/Versions/A/CoreDisplay
0x000000000a970000 	/System/Library/Frameworks/IOSurface.framework/Versions/A/IOSurface
0x000000000a970000 	/System/Library/Frameworks/Metal.framework/Versions/A/Metal
0x000000000a970000 	/System/Library/PrivateFrameworks/MultitouchSupport.framework/Versions/A/MultitouchSupport
0x000000000a970000 	/System/Library/Frameworks/QuartzCore.framework/Versions/A/QuartzCore
0x000000000a970000 	/System/Library/Frameworks/Accelerate.framework/Versions/A/Frameworks/vImage.framework/Versions/A/vImage
0x000000000a970000 	/System/Library/Frameworks/Accelerate.framework/Versions/A/Frameworks/vecLib.framework/Versions/A/vecLib
0x000000000a970000 	/System/Library/Frameworks/Accelerate.framework/Versions/A/Frameworks/vecLib.framework/Versions/A/libvDSP.dylib
0x000000000a970000 	/System/Library/Frameworks/Accelerate.framework/Versions/A/Frameworks/vecLib.framework/Versions/A/libBNNS.dylib
0x000000000a970000 	/System/Library/Frameworks/Accelerate.framework/Versions/A/Frameworks/vecLib.framework/Versions/A/libQuadrature.dylib
0x000000000a970000 	/System/Library/Frameworks/Accelerate.framework/Versions/A/Frameworks/vecLib.framework/Versions/A/libvMisc.dylib
0x000000000a970000 	/System/Library/Frameworks/Accelerate.framework/Versions/A/Frameworks/vecLib.framework/Versions/A/libLAPACK.dylib
0x000000000a970000 	/System/Library/Frameworks/Accelerate.framework/Versions/A/Frameworks/vecLib.framework/Versions/A/libBLAS.dylib
0x000000000a970000 	/System/Library/Frameworks/Accelerate.framework/Versions/A/Frameworks/vecLib.framework/Versions/A/libLinearAlgebra.dylib
0x000000000a970000 	/System/Library/Frameworks/Accelerate.framework/Versions/A/Frameworks/vecLib.framework/Versions/A/libSparse.dylib
0x000000000a970000 	/System/Library/Frameworks/Accelerate.framework/Versions/A/Frameworks/vecLib.framework/Versions/A/libSparseBLAS.dylib
0x000000000a970000 	/System/Library/PrivateFrameworks/IOAccelerator.framework/Versions/A/IOAccelerator
0x000000000a970000 	/System/Library/PrivateFrameworks/IOPresentment.framework/Versions/A/IOPresentment
0x000000000a970000 	/System/Library/PrivateFrameworks/DSExternalDisplay.framework/Versions/A/DSExternalDisplay
0x000000000a970000 	/System/Library/Frameworks/OpenGL.framework/Versions/A/Libraries/libCoreFSCache.dylib
0x000000000a970000 	/System/Library/Frameworks/CoreImage.framework/Versions/A/CoreImage
0x000000000a970000 	/System/Library/Frameworks/CoreVideo.framework/Versions/A/CoreVideo
0x000000000a970000 	/System/Library/Frameworks/OpenGL.framework/Versions/A/OpenGL
0x000000000a970000 	/System/Library/PrivateFrameworks/GraphVisualizer.framework/Versions/A/GraphVisualizer
0x000000000a970000 	/System/Library/Frameworks/MetalPerformanceShaders.framework/Versions/A/MetalPerformanceShaders
0x000000000a970000 	/usr/lib/libFosl_dynamic.dylib
0x000000000a970000 	/System/Library/PrivateFrameworks/FaceCore.framework/Versions/A/FaceCore
0x000000000a970000 	/System/Library/Frameworks/OpenCL.framework/Versions/A/OpenCL
0x000000000a970000 	/usr/lib/libcompression.dylib
0x000000000a970000 	/System/Library/Frameworks/ApplicationServices.framework/Versions/A/Frameworks/ATS.framework/Versions/A/Resources/libFontParser.dylib
0x000000000a970000 	/System/Library/Frameworks/ApplicationServices.framework/Versions/A/Frameworks/ATS.framework/Versions/A/Resources/libFontRegistry.dylib
0x000000000a970000 	/System/Library/Frameworks/ImageIO.framework/Versions/A/Resources/libJPEG.dylib
0x000000000a970000 	/System/Library/Frameworks/ImageIO.framework/Versions/A/Resources/libTIFF.dylib
0x000000000a970000 	/System/Library/Frameworks/ImageIO.framework/Versions/A/Resources/libPng.dylib
0x000000000a970000 	/System/Library/Frameworks/ImageIO.framework/Versions/A/Resources/libGIF.dylib
0x000000000a970000 	/System/Library/Frameworks/ImageIO.framework/Versions/A/Resources/libJP2.dylib
0x000000000a970000 	/System/Library/Frameworks/ImageIO.framework/Versions/A/Resources/libRadiance.dylib
0x000000000a970000 	/System/Library/PrivateFrameworks/AppleJPEG.framework/Versions/A/AppleJPEG
0x000000000a970000 	/System/Library/PrivateFrameworks/MetalTools.framework/Versions/A/MetalTools
0x000000000a970000 	/System/Library/Frameworks/MetalPerformanceShaders.framework/Frameworks/MPSCore.framework/Versions/A/MPSCore
0x000000000a970000 	/System/Library/Frameworks/MetalPerformanceShaders.framework/Frameworks/MPSImage.framework/Versions/A/MPSImage
0x000000000a970000 	/System/Library/Frameworks/MetalPerformanceShaders.framework/Frameworks/MPSMatrix.framework/Versions/A/MPSMatrix
0x000000000a970000 	/System/Library/Frameworks/MetalPerformanceShaders.framework/Frameworks/MPSNeuralNetwork.framework/Versions/A/MPSNeuralNetwork
0x000000000a970000 	/System/Library/Frameworks/OpenGL.framework/Versions/A/Libraries/libGLU.dylib
0x000000000a970000 	/System/Library/Frameworks/OpenGL.framework/Versions/A/Libraries/libGFXShared.dylib
0x000000000a970000 	/System/Library/Frameworks/OpenGL.framework/Versions/A/Libraries/libGL.dylib
0x000000000a970000 	/System/Library/Frameworks/OpenGL.framework/Versions/A/Libraries/libGLImage.dylib
0x000000000a970000 	/System/Library/Frameworks/OpenGL.framework/Versions/A/Libraries/libCVMSPluginSupport.dylib
0x000000000a970000 	/System/Library/Frameworks/OpenGL.framework/Versions/A/Libraries/libCoreVMClient.dylib
0x000000000a970000 	/usr/lib/libcups.2.dylib
0x000000000a970000 	/System/Library/Frameworks/Kerberos.framework/Versions/A/Kerberos
0x000000000a970000 	/System/Library/Frameworks/GSS.framework/Versions/A/GSS
0x000000000a970000 	/usr/lib/libresolv.9.dylib
0x000000000a970000 	/System/Library/PrivateFrameworks/Heimdal.framework/Versions/A/Heimdal
0x000000000a970000 	/usr/lib/libheimdal-asn1.dylib
0x000000000a970000 	/System/Library/Frameworks/OpenDirectory.framework/Versions/A/OpenDirectory
0x000000000a970000 	/System/Library/PrivateFrameworks/CommonAuth.framework/Versions/A/CommonAuth
0x000000000a970000 	/System/Library/Frameworks/OpenDirectory.framework/Versions/A/Frameworks/CFOpenDirectory.framework/Versions/A/CFOpenDirectory
0x000000000a970000 	/System/Library/Frameworks/SecurityFoundation.framework/Versions/A/SecurityFoundation
0x000000000a970000 	/System/Library/PrivateFrameworks/APFS.framework/Versions/A/APFS
0x000000000a970000 	/usr/lib/libutil.dylib
0x000000000a970000 	/System/Library/Frameworks/CoreAudio.framework/Versions/A/CoreAudio
0x000000000a970000 	/System/Library/Frameworks/AudioToolbox.framework/Versions/A/AudioToolbox
0x000000000a970000 	/System/Library/PrivateFrameworks/AppleSauce.framework/Versions/A/AppleSauce
0x000000000a970000 	/System/Library/PrivateFrameworks/LinguisticData.framework/Versions/A/LinguisticData
0x000000000a970000 	/usr/lib/libmarisa.dylib
0x000000000a970000 	/System/Library/PrivateFrameworks/Lexicon.framework/Versions/A/Lexicon
0x000000000a970000 	/usr/lib/libChineseTokenizer.dylib
0x000000000a970000 	/usr/lib/libcmph.dylib
0x000000000a970000 	/System/Library/PrivateFrameworks/LanguageModeling.framework/Versions/A/LanguageModeling
0x000000000a970000 	/System/Library/Frameworks/CoreData.framework/Versions/A/CoreData
0x000000000a970000 	/System/Library/PrivateFrameworks/CoreEmoji.framework/Versions/A/CoreEmoji
0x000000000a970000 	/System/Library/Frameworks/ServiceManagement.framework/Versions/A/ServiceManagement
0x000000000a970000 	/System/Library/PrivateFrameworks/BackgroundTaskManagement.framework/Versions/A/BackgroundTaskManagement
0x000000000a970000 	/usr/lib/libxslt.1.dylib
0x0000000106f4a000 	/Applications/IBM/SPSS/Statistics/25/SPSSStatistics.app/Contents/lib/libdatastr.dylib
0x0000000106f66000 	/Applications/IBM/SPSS/Statistics/25/SPSSStatistics.app/Contents/lib/libstacrypt.dylib
0x0000000106f73000 	/Applications/IBM/SPSS/Statistics/25/SPSSStatistics.app/Contents/lib/libmccomsps.dylib
0x0000000107076000 	/Applications/IBM/SPSS/Statistics/25/SPSSStatistics.app/Contents/lib/libspsspool.dylib
0x00000001070b0000 	/Applications/IBM/SPSS/Statistics/25/SPSSStatistics.app/Contents/lib/libxchart.dylib
0x0000000107134000 	/Applications/IBM/SPSS/Statistics/25/SPSSStatistics.app/Contents/lib/libviewerxml.dylib
0x0000000109bc7000 	/Applications/IBM/SPSS/Statistics/25/SPSSStatistics.app/Contents/lib/libspsswctl.dylib
0x0000000109cdb000 	/Applications/IBM/SPSS/Statistics/25/SPSSStatistics.app/Contents/lib/libuparser.dylib
0x0000000109d48000 	/Applications/IBM/SPSS/Statistics/25/SPSSStatistics.app/Contents/lib/libspssdx.dylib
0x0000000109d74000 	/Applications/IBM/SPSS/Statistics/25/SPSSStatistics.app/Contents/lib/libomsopmgr.dylib
0x0000000109d9b000 	/Applications/IBM/SPSS/Statistics/25/SPSSStatistics.app/Contents/lib/libspsswcis.dylib
0x0000000109ecc000 	/Applications/IBM/SPSS/Statistics/25/SPSSStatistics.app/Contents/lib/libspsswmsg.dylib
0x0000000109ef4000 	/Applications/IBM/SPSS/Statistics/25/SPSSStatistics.app/Contents/lib/libuadapter.dylib
0x0000000109f29000 	/Applications/IBM/SPSS/Statistics/25/SPSSStatistics.app/Contents/lib/libspssclef.dylib
0x0000000109f6d000 	/Applications/IBM/SPSS/Statistics/25/SPSSStatistics.app/Contents/ext/bin/spss.common/libcfcore.dylib
0x000000010a052000 	/Applications/IBM/SPSS/Statistics/25/SPSSStatistics.app/Contents/ext/bin/spss.common/libcfcommon.dylib
0x000000010a0cb000 	/Applications/IBM/SPSS/Statistics/25/SPSSStatistics.app/Contents/lib/libfmsgs.dylib
0x000000010a0ff000 	/Applications/IBM/SPSS/Statistics/25/SPSSStatistics.app/Contents/lib/libnetcom.dylib
0x000000010a127000 	/Applications/IBM/SPSS/Statistics/25/SPSSStatistics.app/Contents/lib/libfwutility.dylib
0x000000010a12f000 	/Applications/IBM/SPSS/Statistics/25/SPSSStatistics.app/Contents/lib/libfilesort.dylib
0x000000010a143000 	/Applications/IBM/SPSS/Statistics/25/SPSSStatistics.app/Contents/lib/libmtxp.dylib
0x000000010a15f000 	/Applications/IBM/SPSS/Statistics/25/SPSSStatistics.app/Contents/ext/bin/spss.common/libcorethread.dylib
0x00000001023d4000 	/Applications/IBM/SPSS/Statistics/25/SPSSStatistics.app/Contents/ext/bin/spss.common/libcfthread.dylib
0x000000010a16f000 	/Applications/IBM/SPSS/Statistics/25/SPSSStatistics.app/Contents/common/ext/bin/spss.common/libcfcomserv.dylib
0x000000010a187000 	/Applications/IBM/SPSS/Statistics/25/SPSSStatistics.app/Contents/ext/bin/spss.common/libcfextension.dylib
0x000000010a1bf000 	/Applications/IBM/SPSS/Statistics/25/SPSSStatistics.app/Contents/ext/bin/spss.common/libcffilter.dylib
0x000000010a1ce000 	/Applications/IBM/SPSS/Statistics/25/SPSSStatistics.app/Contents/ext/bin/spss.common/libcfcatencode.dylib
0x0000000101e63000 	/Applications/IBM/SPSS/Statistics/25/SPSSStatistics.app/Contents/ext/bin/spss.common/libcfcomstatistic.dylib
0x000000010a1ed000 	/Applications/IBM/SPSS/Statistics/25/SPSSStatistics.app/Contents/ext/bin/spss.common/libtempfiles.dylib
0x000000010d213000 	/Applications/IBM/SPSS/Statistics/25/SPSSStatistics.app/Contents/lib/libpesrepo.dylib
0x000000010db2f000 	/Applications/IBM/SPSS/Statistics/25/SPSSStatistics.app/Contents/lib/libspsswfil.dylib
0x000000010dbcf000 	/Applications/IBM/SPSS/Statistics/25/SPSSStatistics.app/Contents/lib/libchartxml.dylib
0x000000010dc2f000 	/Applications/IBM/SPSS/Statistics/25/SPSSStatistics.app/Contents/lib/libxlsxdac.dylib
0x000000010dc67000 	/Applications/IBM/SPSS/Statistics/25/SPSSStatistics.app/Contents/lib/libpkginpr.dylib
0x000000010dc70000 	/Applications/IBM/SPSS/Statistics/25/SPSSStatistics.app/Contents/lib/libdacmmsgs.dylib
0x0000000102f25000 	/Applications/IBM/SPSS/Statistics/25/SPSSStatistics.app/Contents/lib/libtxtwdmsg.dylib
0x000000010dc7c000 	/Applications/IBM/SPSS/Statistics/25/SPSSStatistics.app/Contents/JRE/lib/jli/libjli.dylib
0x000000000a970000 	/System/Library/Frameworks/Cocoa.framework/Versions/A/Cocoa
0x000000000a970000 	/System/Library/Frameworks/AppKit.framework/Versions/C/AppKit
0x000000000a970000 	/System/Library/PrivateFrameworks/RemoteViewServices.framework/Versions/A/RemoteViewServices
0x000000000a970000 	/System/Library/PrivateFrameworks/UIFoundation.framework/Versions/A/UIFoundation
0x000000000a970000 	/System/Library/PrivateFrameworks/DFRFoundation.framework/Versions/A/DFRFoundation
0x000000000a970000 	/System/Library/PrivateFrameworks/DesktopServicesPriv.framework/Versions/A/DesktopServicesPriv
0x000000000a970000 	/usr/lib/libScreenReader.dylib
0x000000000a970000 	/System/Library/Frameworks/AudioUnit.framework/Versions/A/AudioUnit
0x000000000a970000 	/System/Library/PrivateFrameworks/DataDetectorsCore.framework/Versions/A/DataDetectorsCore
0x000000000a970000 	/System/Library/Frameworks/Carbon.framework/Versions/A/Frameworks/HIToolbox.framework/Versions/A/HIToolbox
0x000000000a970000 	/System/Library/Frameworks/Carbon.framework/Versions/A/Frameworks/SpeechRecognition.framework/Versions/A/SpeechRecognition
0x000000000a970000 	/System/Library/PrivateFrameworks/CoreUI.framework/Versions/A/CoreUI
0x000000000a970000 	/System/Library/PrivateFrameworks/PerformanceAnalysis.framework/Versions/A/PerformanceAnalysis
0x000000000a970000 	/System/Library/PrivateFrameworks/Backup.framework/Versions/A/Backup
0x000000000a970000 	/System/Library/Frameworks/Carbon.framework/Versions/A/Frameworks/Ink.framework/Versions/A/Ink
0x000000000a970000 	/System/Library/PrivateFrameworks/TextureIO.framework/Versions/A/TextureIO
0x000000000a970000 	/usr/lib/libate.dylib
0x000000000a970000 	/System/Library/PrivateFrameworks/CrashReporterSupport.framework/Versions/A/CrashReporterSupport
0x000000000a970000 	/System/Library/PrivateFrameworks/Sharing.framework/Versions/A/Sharing
0x000000000a970000 	/System/Library/PrivateFrameworks/IconServices.framework/Versions/A/IconServices
0x000000000a970000 	/System/Library/PrivateFrameworks/ProtocolBuffer.framework/Versions/A/ProtocolBuffer
0x000000000a970000 	/System/Library/PrivateFrameworks/Apple80211.framework/Versions/A/Apple80211
0x000000000a970000 	/System/Library/Frameworks/CoreWLAN.framework/Versions/A/CoreWLAN
0x000000000a970000 	/System/Library/PrivateFrameworks/CoreUtils.framework/Versions/A/CoreUtils
0x000000000a970000 	/System/Library/Frameworks/IOBluetooth.framework/Versions/A/IOBluetooth
0x000000000a970000 	/System/Library/PrivateFrameworks/CoreWiFi.framework/Versions/A/CoreWiFi
0x000000000a970000 	/System/Library/Frameworks/CoreBluetooth.framework/Versions/A/CoreBluetooth
0x000000000a970000 	/System/Library/PrivateFrameworks/SignpostNotification.framework/Versions/A/SignpostNotification
0x000000000a970000 	/System/Library/PrivateFrameworks/DebugSymbols.framework/Versions/A/DebugSymbols
0x000000000a970000 	/System/Library/PrivateFrameworks/CoreSymbolication.framework/Versions/A/CoreSymbolication
0x000000000a970000 	/System/Library/PrivateFrameworks/Symbolication.framework/Versions/A/Symbolication
0x000000000a970000 	/System/Library/PrivateFrameworks/AppleFSCompression.framework/Versions/A/AppleFSCompression
0x000000000a970000 	/System/Library/PrivateFrameworks/SpeechRecognitionCore.framework/Versions/A/SpeechRecognitionCore
0x000000010dc8c000 	/Applications/IBM/SPSS/Statistics/25/SPSSStatistics.app/Contents/JRE//lib/server/libjvm.dylib
0x000000010ec2e000 	/Applications/IBM/SPSS/Statistics/25/SPSSStatistics.app/Contents/JRE/lib/libverify.dylib
0x000000010ec3c000 	/Applications/IBM/SPSS/Statistics/25/SPSSStatistics.app/Contents/JRE/lib/libjava.dylib
0x000000010ec71000 	/Applications/IBM/SPSS/Statistics/25/SPSSStatistics.app/Contents/JRE/lib/libzip.dylib
0x000000000a970000 	/System/Library/Frameworks/JavaVM.framework/Versions/A/Frameworks/JavaRuntimeSupport.framework/Versions/A/JavaRuntimeSupport
0x000000000a970000 	/System/Library/Frameworks/JavaVM.framework/Versions/A/Frameworks/JavaNativeFoundation.framework/Versions/A/JavaNativeFoundation
0x000000000a970000 	/System/Library/Frameworks/JavaVM.framework/Versions/A/JavaVM
0x000000000a970000 	/System/Library/Frameworks/Carbon.framework/Versions/A/Carbon
0x000000000a970000 	/System/Library/PrivateFrameworks/JavaLaunching.framework/Versions/A/JavaLaunching
0x000000000a970000 	/System/Library/Frameworks/Carbon.framework/Versions/A/Frameworks/CommonPanels.framework/Versions/A/CommonPanels
0x000000000a970000 	/System/Library/Frameworks/Carbon.framework/Versions/A/Frameworks/Help.framework/Versions/A/Help
0x000000000a970000 	/System/Library/Frameworks/Carbon.framework/Versions/A/Frameworks/ImageCapture.framework/Versions/A/ImageCapture
0x000000000a970000 	/System/Library/Frameworks/Carbon.framework/Versions/A/Frameworks/OpenScripting.framework/Versions/A/OpenScripting
0x000000000a970000 	/System/Library/Frameworks/Carbon.framework/Versions/A/Frameworks/Print.framework/Versions/A/Print
0x000000000a970000 	/System/Library/Frameworks/Carbon.framework/Versions/A/Frameworks/SecurityHI.framework/Versions/A/SecurityHI
0x0000000126a94000 	/Applications/IBM/SPSS/Statistics/25/SPSSStatistics.app/Contents/JRE/lib/libnet.dylib
0x000000010c23a000 	/Applications/IBM/SPSS/Statistics/25/SPSSStatistics.app/Contents/lib/libspsswarc.dylib
0x000000010ce5c000 	/Applications/IBM/SPSS/Statistics/25/SPSSStatistics.app/Contents/lib/libspsswalt.dylib
0x000000010ce74000 	/Applications/IBM/SPSS/Statistics/25/SPSSStatistics.app/Contents/lib/libspsswoms.dylib
0x000000010cea3000 	/Applications/IBM/SPSS/Statistics/25/SPSSStatistics.app/Contents/lib/libspsswbst.dylib
0x000000010ceb3000 	/Applications/IBM/SPSS/Statistics/25/SPSSStatistics.app/Contents/lib/libspsswone.dylib
0x000000010cee6000 	/Applications/IBM/SPSS/Statistics/25/SPSSStatistics.app/Contents/lib/libspssweda.dylib
0x000000010cf69000 	/Applications/IBM/SPSS/Statistics/25/SPSSStatistics.app/Contents/JRE/lib/libmanagement.dylib
0x000000010cf77000 	/Applications/IBM/SPSS/Statistics/25/SPSSStatistics.app/Contents/JRE/lib/libosx.dylib
0x000000010cf85000 	/Applications/IBM/SPSS/Statistics/25/SPSSStatistics.app/Contents/JRE/lib/./libosxapp.dylib
0x000000000a970000 	/System/Library/Frameworks/ExceptionHandling.framework/Versions/A/ExceptionHandling
0x0000000126693000 	/Applications/IBM/SPSS/Statistics/25/SPSSStatistics.app/Contents/JRE/lib/libawt.dylib
0x000000012673b000 	/Applications/IBM/SPSS/Statistics/25/SPSSStatistics.app/Contents/JRE/lib/./libmlib_image.dylib
0x0000000126863000 	/Applications/IBM/SPSS/Statistics/25/SPSSStatistics.app/Contents/JRE/lib/libawt_lwawt.dylib
0x000000012691a000 	/Applications/IBM/SPSS/Statistics/25/SPSSStatistics.app/Contents/lib/libjniviewer.dylib
0x000000010d1a1000 	/Applications/IBM/SPSS/Statistics/25/SPSSStatistics.app/Contents/JRE/lib/libfontmanager.dylib
0x000000000a970000 	/System/Library/PrivateFrameworks/CoreServicesInternal.framework/Versions/A/CoreServicesInternal
0x0000000126eb8000 	/Applications/IBM/SPSS/Statistics/25/SPSSStatistics.app/Contents/JRE/lib/libnio.dylib
0x000000000a970000 	/System/Library/Frameworks/ApplicationServices.framework/Versions/A/Frameworks/ATS.framework/Versions/A/Resources/libTrueTypeScaler.dylib

VM Arguments:
jvm_args: -Djava.library.path=/Applications/IBM/SPSS/Statistics/25/SPSSStatistics.app/Contents/bin/../JRE/lib/jli/:/Applications/IBM/SPSS/Statistics/25/SPSSStatistics.app/Contents/bin/../JRE/lib/:/Applications/IBM/SPSS/Statistics/25/SPSSStatistics.app/Contents/bin/../lib/:/Applications/IBM/SPSS/Statistics/25/SPSSStatistics.app/Contents/bin/ -Dapplication.home=/Applications/IBM/SPSS/Statistics/25/SPSSStatistics.app/Contents/bin -Dstatistics.home=/Applications/IBM/SPSS/Statistics/25/SPSSStatistics.app/Contents/bin -Djava.awt.headless=true -Dcom.sun.media.jai.disableMediaLib=true -Xms256M -Xmx2048M -XX:-UsePerfData -Dcom.ibm.jsse2.overrideDefaultProtocol=TLSv12 -Djava.io.tmpdir=/tmp/spss11ac74/ 
java_command: <unknown>
java_class_path (initial): :/Applications/IBM/SPSS/Statistics/25/SPSSStatistics.app/Contents/bin/ChartEditor.jar:/Applications/IBM/SPSS/Statistics/25/SPSSStatistics.app/Contents/bin/ChartEditorRes.jar:/Applications/IBM/SPSS/Statistics/25/SPSSStatistics.app/Contents/bin/CoreTools.jar:/Applications/IBM/SPSS/Statistics/25/SPSSStatistics.app/Contents/bin/CustomDialogBuilder.jar:/Applications/IBM/SPSS/Statistics/25/SPSSStatistics.app/Contents/bin/CustomDialogBuilderRes.jar:/Applications/IBM/SPSS/Statistics/25/SPSSStatistics.app/Contents/bin/ExViewerDialogDemo.jar:/Applications/IBM/SPSS/Statistics/25/SPSSStatistics.app/Contents/bin/ExViewerFrameDemo.jar:/Applications/IBM/SPSS/Statistics/25/SPSSStatistics.app/Contents/bin/ExportTools.jar:/Applications/IBM/SPSS/Statistics/25/SPSSStatistics.app/Contents/bin/ExtensionManager.jar:/Applications/IBM/SPSS/Statistics/25/SPSSStatistics.app/Contents/bin/ExtensionManagerRes.jar:/Applications/IBM/SPSS/Statistics/25/SPSSStatistics.app/Contents/bin/FieldChooser.jar:/Applications/IBM/SPSS/Statistics/25/SPSSStatistics.app/Contents/bin/InstallExtBundles.jar:/Applications/IBM/SPSS/Statistics/25/SPSSStatistics.app/Contents/bin/InstallExtBundlesRes.jar:/Applications/IBM/SPSS/Statistics/25/SPSSStatistics.app/Contents/bin/JRegEdit.jar:/Applications/IBM/SPSS/Statistics/25/SPSSStatistics.app/Contents/bin/JimiProClasses.jar:/Applications/IBM/SPSS/Statistics/25/SPSSStatistics.app/Contents/bin/LightTable.jar:/Applications/IBM/SPSS/Statistics/25/SPSSStatistics.app/Contents/bin/ModelViewer.jar:/Applications/IBM/SPSS/Statistics/25/SPSSStatistics.app/Contents/bin/PivotTableEditor.jar:/Applications/IBM/SPSS/Statistics/25/SPSSStatistics.app/Contents/bin/PivotTableEditorRes.jar:/Applications/IBM/SPSS/Statistics/25/SPSSStatistics.app/Contents/bin/RConfig.jar:/Applications/IBM/SPSS/Statistics/25/SPSSStatistics.app/Contents/bin/RapidSpell.jar:/Applications/IBM/SPSS/Statistics/25/SPSSStatistics.app/Contents/bin/RapidSpellMDict.jar:/Applications/IBM/SPSS/Stat
Launcher Type: generic

Environment Variables:
PATH=/Applications/IBM/SPSS/Statistics/25/SPSSStatistics.app/Contents/bin:/usr/bin:/bin:/usr/sbin:/sbin
SHELL=/bin/bash
DISPLAY=/private/tmp/com.apple.launchd.2l2RvHH4Pf/org.macosforge.xquartz:0
DYLD_LIBRARY_PATH=/Applications/IBM/SPSS/Statistics/25/SPSSStatistics.app/Contents/lib:/Applications/IBM/SPSS/Statistics/25/SPSSStatistics.app/Contents/common/ext/bin/spss.common:/Applications/IBM/SPSS/Statistics/25/SPSSStatistics.app/Contents/ext/bin/spss.common:/Applications/IBM/SPSS/Statistics/25/SPSSStatistics.app/Contents/lib:/Applications/IBM/SPSS/Statistics/25/SPSSStatistics.app/Contents/Library/Frameworks/Sentinel.framework:/Applications/IBM/SPSS/Statistics/25/SPSSStatistics.app/Contents/Library/Frameworks/SuperPro.framework:/Applications/IBM/SPSS/Statistics/25/SPSSStatistics.app/Contents/JRE/lib/jli

Signal Handlers:
SIGSEGV: [libjvm.dylib+0x5b1141], sa_mask[0]=11111111011111110111111111111111, sa_flags=SA_ONSTACK|SA_RESTART|SA_SIGINFO
SIGBUS: [libjvm.dylib+0x5b1141], sa_mask[0]=11111111011111110111111111111111, sa_flags=SA_RESTART|SA_SIGINFO
SIGFPE: [libjvm.dylib+0x487bc4], sa_mask[0]=11111111011111110111111111111111, sa_flags=SA_RESTART|SA_SIGINFO
SIGPIPE: [libjvm.dylib+0x487bc4], sa_mask[0]=11111111011111110111111111111111, sa_flags=SA_RESTART|SA_SIGINFO
SIGXFSZ: [libjvm.dylib+0x487bc4], sa_mask[0]=11111111011111110111111111111111, sa_flags=SA_RESTART|SA_SIGINFO
SIGILL: [libjvm.dylib+0x487bc4], sa_mask[0]=11111111011111110111111111111111, sa_flags=SA_RESTART|SA_SIGINFO
SIGUSR1: SIG_DFL, sa_mask[0]=00000000000000000000000000000000, sa_flags=none
SIGUSR2: [libjvm.dylib+0x4876e2], sa_mask[0]=00100000000000000000000000000000, sa_flags=SA_RESTART|SA_SIGINFO
SIGHUP: [libjvm.dylib+0x485cb9], sa_mask[0]=11111111011111110111111111111111, sa_flags=SA_RESTART|SA_SIGINFO
SIGINT: [libjvm.dylib+0x485cb9], sa_mask[0]=11111111011111110111111111111111, sa_flags=SA_RESTART|SA_SIGINFO
SIGTERM: [libjvm.dylib+0x485cb9], sa_mask[0]=11111111011111110111111111111111, sa_flags=SA_RESTART|SA_SIGINFO
SIGQUIT: [libjvm.dylib+0x485cb9], sa_mask[0]=11111111011111110111111111111111, sa_flags=SA_RESTART|SA_SIGINFO


---------------  S Y S T E M  ---------------

OS:Bsduname:Darwin 17.3.0 Darwin Kernel Version 17.3.0: Thu Nov  9 18:09:22 PST 2017; root:xnu-4570.31.3~1/RELEASE_X86_64 x86_64
rlimit: STACK 8192k, CORE 0k, NPROC 1418, NOFILE 10240, AS infinity
load average:2.93 3.70 2.91

CPU:total 8 (4 cores per cpu, 2 threads per core) family 6 model 70 stepping 1, cmov, cx8, fxsr, mmx, sse, sse2, sse3, ssse3, sse4.1, sse4.2, popcnt, avx, avx2, aes, clmul, erms, lzcnt, ht, tsc, tscinvbit, bmi1, bmi2

Memory: 4k page, physical 16777216k(549804k free)

/proc/meminfo:


vm_info: Java HotSpot(TM) 64-Bit Server VM (25.121-b13) for bsd-amd64 JRE (1.8.0_121-b13), built on Dec 12 2016 20:39:32 by "java_re" with gcc 4.2.1 (Based on Apple Inc. build 5658) (LLVM build 2336.11.00)

time: Thu Jun 28 08:42:23 2018
elapsed time: 48 seconds (0d 0h 0m 48s)

