#
# A fatal error has been detected by the Java Runtime Environment:
#
#  SIGSEGV (0xb) at pc=0x0000000101fd6d3b, pid=2536, tid=0x0000000000000307
#
# JRE version: Java(TM) 2 Runtime Environment, Standard Edition (8.0_121-b13) (build 1.8.0_121-b13 14_Feb_2017_06_58 Mac OS X x64(SR4 FP1))
# Java VM: Java HotSpot(TM) 64-Bit Server VM (25.121-b13 mixed mode bsd-amd64 compressed oops)
# Problematic frame:
# C  [StartXD+0x11d3b]  _ZN8LongData9ParseDataEPvRi+0x5b
#
# Failed to write core dump. Core dumps have been disabled. To enable core dumping, try "ulimit -c unlimited" before starting Java again
#
# If you would like to submit a bug report, please visit:
#   http://bugreport.java.com/bugreport/crash.jsp
#

---------------  T H R E A D  ---------------

Current thread is native thread

siginfo: si_signo: 11 (SIGSEGV), si_code: 1 (SEGV_MAPERR), si_addr: 0x00007f8209a00000

Registers:
RAX=0x0000000007b3a628, RBX=0x00007f8209a00000, RCX=0x0000000000000000, RDX=0x000000000003b000
RSP=0x00007ffeedc37b20, RBP=0x00007ffeedc37b60, RSI=0x0000000168e8c620, RDI=0x00007ffeedc3a420
R8 =0x00000000000002a7, R9 =0x000000000000017c, R10=0x00007fff8cdb42cc, R11=0x0000000000000246
R12=0x00007ffeedc3a420, R13=0x00007ffeedc37b34, R14=0x000000000e131e6f, R15=0x00007ffeedc3a408
RIP=0x0000000101fd6d3b, EFLAGS=0x0000000000010206, ERR=0x0000000000000004
  TRAPNO=0x000000000000000e

Top of Stack: (sp=0x00007ffeedc37b20)
0x00007ffeedc37b20:   0000000000000002 00007ffeedc37c44
0x00007ffeedc37b30:   0000000000000001 00007ffeedc3a3e0
0x00007ffeedc37b40:   00007ffeedc3a3e0 0000000000000000
0x00007ffeedc37b50:   00007f8201ec59d0 00007f8201ec59d0
0x00007ffeedc37b60:   00007ffeedc37c70 00000001022d059f
0x00007ffeedc37b70:   fd00000070001004 00000001022bffff
0x00007ffeedc37b80:   00007ffeedc37c10 00007fff53e85758
0x00007ffeedc37b90:   0000000000000000 0000000000000002
0x00007ffeedc37ba0:   0000000000002800 00000001043b1a00
0x00007ffeedc37bb0:   0000000000000004 0000000000000010
0x00007ffeedc37bc0:   0000000000000002 00000001022bc080
0x00007ffeedc37bd0:   00000001022bc080 00000001043b4200
0x00007ffeedc37be0:   00000001022bb000 0000000000000002
0x00007ffeedc37bf0:   00000000043b2e00 0000000000000000
0x00007ffeedc37c00:   00007ffeedc37cb0 0000000000000000
0x00007ffeedc37c10:   00007fff8cdb7000 0000000000000000
0x00007ffeedc37c20:   00007ffeedc37c50 00007fff53e6e201
0x00007ffeedc37c30:   0000000000000000 0000000000000000
0x00007ffeedc37c40:   0000000000000000 00007ffeedc3a3e0
0x00007ffeedc37c50:   00007ffeedc37cb0 0000000000000000
0x00007ffeedc37c60:   00007f8201ec59d0 0000000000000000
0x00007ffeedc37c70:   00007ffeedc39ce0 00000001022c99e9
0x00007ffeedc37c80:   0000000000000000 00007ffeedc3a3e0
0x00007ffeedc37c90:   00007f8201e06900 00007f8201ec59d0
0x00007ffeedc37ca0:   0000000000000000 0000000000000000
0x00007ffeedc37cb0:   0000000000000000 0000000000000000
0x00007ffeedc37cc0:   0000000000000000 0000000000000000
0x00007ffeedc37cd0:   0000000000000000 0000000000000000
0x00007ffeedc37ce0:   0000000000000000 0000000000000000
0x00007ffeedc37cf0:   0000000000000000 0000000000000000
0x00007ffeedc37d00:   0000000000000000 0000000000000000
0x00007ffeedc37d10:   0000000000000000 0000000000000000 

Instructions: (pc=0x0000000101fd6d3b)
0x0000000101fd6d1b:   41 ff ce 48 83 c3 04 4d 8d 67 18 b8 08 00 00 00
0x0000000101fd6d2b:   4c 8d 6d d4 eb 0a 41 ff ce 48 83 c3 04 83 c0 04
0x0000000101fd6d3b:   8b 0b 89 4d d4 41 89 47 10 4c 89 e7 4c 89 ee e8
0x0000000101fd6d4b:   4f 0a 00 00 41 8b 47 10 45 85 f6 75 d9 48 8b 55 

Register to memory mapping:

RAX=0x0000000007b3a628 is an unknown value
RBX=0x00007f8209a00000 is an unknown value
RCX=0x0000000000000000 is an unknown value
RDX=0x000000000003b000 is an unknown value
RSP=0x00007ffeedc37b20 is an unknown value
RBP=0x00007ffeedc37b60 is an unknown value
RSI=0x0000000168e8c620 is an unknown value
RDI=0x00007ffeedc3a420 is an unknown value
R8 =0x00000000000002a7 is an unknown value
R9 =0x000000000000017c is an unknown value
R10=0x00007fff8cdb42cc: mach_task_self_+0 in /usr/lib/system/libsystem_kernel.dylib at 0x00007fff53dfa000
R11=0x0000000000000246 is an unknown value
R12=0x00007ffeedc3a420 is an unknown value
R13=0x00007ffeedc37b34 is an unknown value
R14=0x000000000e131e6f is an unknown value
R15=0x00007ffeedc3a408 is an unknown value


Stack: [0x00007ffeed43b000,0x00007ffeedc3b000],  sp=0x00007ffeedc37b20,  free space=8178k
Native frames: (J=compiled Java code, j=interpreted, Vv=VM code, C=native code)
C  [StartXD+0x11d3b]  _ZN8LongData9ParseDataEPvRi+0x5b
C  [libspssdxcom.dylib+0x1259f]  _ZN8CleXDSmb8ParseBufEPv+0x4d
C  [libspssdxcom.dylib+0xb9e9]  _Z11ReceiveDataP16JavaPlugInSocketR8CleXDSmb+0xfa
C  [StartXD+0x25fe]  main+0xa6b
C  [libdyld.dylib+0x1115]  start+0x1


---------------  P R O C E S S  ---------------

VM state:not at safepoint (normal execution)

VM Mutex/Monitor currently owned by a thread: None

Heap:
 PSYoungGen      total 217088K, used 4322K [0x0000000795580000, 0x00000007af280000, 0x00000007c0000000)
  eden space 216576K, 1% used [0x0000000795580000,0x00000007959b8968,0x00000007a2900000)
  from space 512K, 0% used [0x00000007ae600000,0x00000007ae600000,0x00000007ae680000)
  to   space 7168K, 0% used [0x00000007aeb80000,0x00000007aeb80000,0x00000007af280000)
 ParOldGen       total 175104K, used 11157K [0x0000000740000000, 0x000000074ab00000, 0x0000000795580000)
  object space 175104K, 6% used [0x0000000740000000,0x0000000740ae55c0,0x000000074ab00000)
 Metaspace       used 20310K, capacity 20656K, committed 20736K, reserved 1067008K
  class space    used 2386K, capacity 2489K, committed 2560K, reserved 1048576K

Card table byte_map: [0x000000011f6a1000,0x000000011faa2000] byte_map_base: 0x000000011bca1000

Marking Bits: (ParMarkBitMap*) 0x000000010fbe3d30
 Begin Bits: [0x000000011fd4d000, 0x0000000121d4d000)
 End Bits:   [0x0000000121d4d000, 0x0000000123d4d000)

Polling page: 0x000000010249c000

CodeCache: size=245760Kb used=13804Kb max_used=14936Kb free=231956Kb
 bounds [0x00000001102e1000, 0x0000000111191000, 0x000000011f2e1000]
 total_blobs=4136 nmethods=3626 adapters=423
 compilation: enabled

Compilation events (10 events):
Event: 47.533 Thread 0x00007f820301b000 4352       3       java.util.zip.DeflaterOutputStream::deflate (36 bytes)
Event: 47.533 Thread 0x00007f820301b000 nmethod 4352 0x00000001109e5310 code [0x00000001109e54a0, 0x00000001109e57f8]
Event: 47.533 Thread 0x00007f820301b000 4354       3       org.openxmlformats.schemas.spreadsheetml._2006.main.CT_Row::addSpans (12 bytes)
Event: 47.533 Thread 0x00007f820301b000 nmethod 4354 0x00000001109e4e90 code [0x00000001109e5000, 0x00000001109e5228]
Event: 47.533 Thread 0x00007f820301b000 4355       3       org.openxmlformats.schemas.spreadsheetml._2006.main.CT_SheetData::addRow (12 bytes)
Event: 47.534 Thread 0x00007f820301b000 nmethod 4355 0x00000001109e4a10 code [0x00000001109e4b80, 0x00000001109e4da8]
Event: 47.554 Thread 0x00007f820301b000 4356       1       org.exolab.castor.xml.descriptors.StringClassDescriptor::getAttributeDescriptors (4 bytes)
Event: 47.554 Thread 0x00007f820301b000 nmethod 4356 0x00000001109e4750 code [0x00000001109e48a0, 0x00000001109e49b0]
Event: 47.556 Thread 0x00007f820301b000 4357       1       org.exolab.castor.xml.descriptors.StringClassDescriptor::getContentDescriptor (4 bytes)
Event: 47.556 Thread 0x00007f820301b000 nmethod 4357 0x00000001109e4490 code [0x00000001109e45e0, 0x00000001109e46f0]

GC Heap History (10 events):
Event: 46.967 GC heap before
{Heap before GC invocations=39 (full 3):
 PSYoungGen      total 245248K, used 245120K [0x0000000795580000, 0x00000007b0080000, 0x00000007c0000000)
  eden space 243200K, 100% used [0x0000000795580000,0x00000007a4300000,0x00000007a4300000)
  from space 2048K, 93% used [0x00000007af280000,0x00000007af460000,0x00000007af480000)
  to   space 8192K, 0% used [0x00000007af880000,0x00000007af880000,0x00000007b0080000)
 ParOldGen       total 175104K, used 16830K [0x0000000740000000, 0x000000074ab00000, 0x0000000795580000)
  object space 175104K, 9% used [0x0000000740000000,0x000000074106fb78,0x000000074ab00000)
 Metaspace       used 20249K, capacity 20520K, committed 20736K, reserved 1067008K
  class space    used 2379K, capacity 2477K, committed 2560K, reserved 1048576K
Event: 46.969 GC heap after
Heap after GC invocations=39 (full 3):
 PSYoungGen      total 236032K, used 1984K [0x0000000795580000, 0x00000007afa80000, 0x00000007c0000000)
  eden space 233984K, 0% used [0x0000000795580000,0x0000000795580000,0x00000007a3a00000)
  from space 2048K, 96% used [0x00000007af880000,0x00000007afa70000,0x00000007afa80000)
  to   space 7680K, 0% used [0x00000007aeb80000,0x00000007aeb80000,0x00000007af300000)
 ParOldGen       total 175104K, used 16902K [0x0000000740000000, 0x000000074ab00000, 0x0000000795580000)
  object space 175104K, 9% used [0x0000000740000000,0x0000000741081b78,0x000000074ab00000)
 Metaspace       used 20249K, capacity 20520K, committed 20736K, reserved 1067008K
  class space    used 2379K, capacity 2477K, committed 2560K, reserved 1048576K
}
Event: 47.237 GC heap before
{Heap before GC invocations=40 (full 3):
 PSYoungGen      total 236032K, used 235968K [0x0000000795580000, 0x00000007afa80000, 0x00000007c0000000)
  eden space 233984K, 100% used [0x0000000795580000,0x00000007a3a00000,0x00000007a3a00000)
  from space 2048K, 96% used [0x00000007af880000,0x00000007afa70000,0x00000007afa80000)
  to   space 7680K, 0% used [0x00000007aeb80000,0x00000007aeb80000,0x00000007af300000)
 ParOldGen       total 175104K, used 16902K [0x0000000740000000, 0x000000074ab00000, 0x0000000795580000)
  object space 175104K, 9% used [0x0000000740000000,0x0000000741081b78,0x000000074ab00000)
 Metaspace       used 20250K, capacity 20520K, committed 20736K, reserved 1067008K
  class space    used 2379K, capacity 2477K, committed 2560K, reserved 1048576K
Event: 47.239 GC heap after
Heap after GC invocations=40 (full 3):
 PSYoungGen      total 227328K, used 1792K [0x0000000795580000, 0x00000007af900000, 0x00000007c0000000)
  eden space 225280K, 0% used [0x0000000795580000,0x0000000795580000,0x00000007a3180000)
  from space 2048K, 87% used [0x00000007aeb80000,0x00000007aed40000,0x00000007aed80000)
  to   space 7168K, 0% used [0x00000007af200000,0x00000007af200000,0x00000007af900000)
 ParOldGen       total 175104K, used 16926K [0x0000000740000000, 0x000000074ab00000, 0x0000000795580000)
  object space 175104K, 9% used [0x0000000740000000,0x0000000741087b78,0x000000074ab00000)
 Metaspace       used 20250K, capacity 20520K, committed 20736K, reserved 1067008K
  class space    used 2379K, capacity 2477K, committed 2560K, reserved 1048576K
}
Event: 47.496 GC heap before
{Heap before GC invocations=41 (full 3):
 PSYoungGen      total 227328K, used 227072K [0x0000000795580000, 0x00000007af900000, 0x00000007c0000000)
  eden space 225280K, 100% used [0x0000000795580000,0x00000007a3180000,0x00000007a3180000)
  from space 2048K, 87% used [0x00000007aeb80000,0x00000007aed40000,0x00000007aed80000)
  to   space 7168K, 0% used [0x00000007af200000,0x00000007af200000,0x00000007af900000)
 ParOldGen       total 175104K, used 16926K [0x0000000740000000, 0x000000074ab00000, 0x0000000795580000)
  object space 175104K, 9% used [0x0000000740000000,0x0000000741087b78,0x000000074ab00000)
 Metaspace       used 20258K, capacity 20584K, committed 20736K, reserved 1067008K
  class space    used 2379K, capacity 2477K, committed 2560K, reserved 1048576K
Event: 47.498 GC heap after
Heap after GC invocations=41 (full 3):
 PSYoungGen      total 218624K, used 1792K [0x0000000795580000, 0x00000007af400000, 0x00000007c0000000)
  eden space 216576K, 0% used [0x0000000795580000,0x0000000795580000,0x00000007a2900000)
  from space 2048K, 87% used [0x00000007af200000,0x00000007af3c0000,0x00000007af400000)
  to   space 7168K, 0% used [0x00000007ae600000,0x00000007ae600000,0x00000007aed00000)
 ParOldGen       total 175104K, used 16982K [0x0000000740000000, 0x000000074ab00000, 0x0000000795580000)
  object space 175104K, 9% used [0x0000000740000000,0x0000000741095b78,0x000000074ab00000)
 Metaspace       used 20258K, capacity 20584K, committed 20736K, reserved 1067008K
  class space    used 2379K, capacity 2477K, committed 2560K, reserved 1048576K
}
Event: 47.568 GC heap before
{Heap before GC invocations=42 (full 3):
 PSYoungGen      total 218624K, used 57982K [0x0000000795580000, 0x00000007af400000, 0x00000007c0000000)
  eden space 216576K, 25% used [0x0000000795580000,0x0000000798c5fad0,0x00000007a2900000)
  from space 2048K, 87% used [0x00000007af200000,0x00000007af3c0000,0x00000007af400000)
  to   space 7168K, 0% used [0x00000007ae600000,0x00000007ae600000,0x00000007aed00000)
 ParOldGen       total 175104K, used 16982K [0x0000000740000000, 0x000000074ab00000, 0x0000000795580000)
  object space 175104K, 9% used [0x0000000740000000,0x0000000741095b78,0x000000074ab00000)
 Metaspace       used 20310K, capacity 20656K, committed 20736K, reserved 1067008K
  class space    used 2386K, capacity 2489K, committed 2560K, reserved 1048576K
Event: 47.570 GC heap after
Heap after GC invocations=42 (full 3):
 PSYoungGen      total 217088K, used 352K [0x0000000795580000, 0x00000007af280000, 0x00000007c0000000)
  eden space 216576K, 0% used [0x0000000795580000,0x0000000795580000,0x00000007a2900000)
  from space 512K, 68% used [0x00000007ae600000,0x00000007ae658000,0x00000007ae680000)
  to   space 7168K, 0% used [0x00000007aeb80000,0x00000007aeb80000,0x00000007af280000)
 ParOldGen       total 175104K, used 17022K [0x0000000740000000, 0x000000074ab00000, 0x0000000795580000)
  object space 175104K, 9% used [0x0000000740000000,0x000000074109fb78,0x000000074ab00000)
 Metaspace       used 20310K, capacity 20656K, committed 20736K, reserved 1067008K
  class space    used 2386K, capacity 2489K, committed 2560K, reserved 1048576K
}
Event: 47.570 GC heap before
{Heap before GC invocations=43 (full 4):
 PSYoungGen      total 217088K, used 352K [0x0000000795580000, 0x00000007af280000, 0x00000007c0000000)
  eden space 216576K, 0% used [0x0000000795580000,0x0000000795580000,0x00000007a2900000)
  from space 512K, 68% used [0x00000007ae600000,0x00000007ae658000,0x00000007ae680000)
  to   space 7168K, 0% used [0x00000007aeb80000,0x00000007aeb80000,0x00000007af280000)
 ParOldGen       total 175104K, used 17022K [0x0000000740000000, 0x000000074ab00000, 0x0000000795580000)
  object space 175104K, 9% used [0x0000000740000000,0x000000074109fb78,0x000000074ab00000)
 Metaspace       used 20310K, capacity 20656K, committed 20736K, reserved 1067008K
  class space    used 2386K, capacity 2489K, committed 2560K, reserved 1048576K
Event: 47.617 GC heap after
Heap after GC invocations=43 (full 4):
 PSYoungGen      total 217088K, used 0K [0x0000000795580000, 0x00000007af280000, 0x00000007c0000000)
  eden space 216576K, 0% used [0x0000000795580000,0x0000000795580000,0x00000007a2900000)
  from space 512K, 0% used [0x00000007ae600000,0x00000007ae600000,0x00000007ae680000)
  to   space 7168K, 0% used [0x00000007aeb80000,0x00000007aeb80000,0x00000007af280000)
 ParOldGen       total 175104K, used 11157K [0x0000000740000000, 0x000000074ab00000, 0x0000000795580000)
  object space 175104K, 6% used [0x0000000740000000,0x0000000740ae55c0,0x000000074ab00000)
 Metaspace       used 20310K, capacity 20656K, committed 20736K, reserved 1067008K
  class space    used 2386K, capacity 2489K, committed 2560K, reserved 1048576K
}

Deoptimization events (10 events):
Event: 18.722 Thread 0x00007f8202057800 Uncommon trap: reason=array_check action=maybe_recompile pc=0x000000011078fa80 method=java.util.AbstractCollection.toArray([Ljava/lang/Object;)[Ljava/lang/Object; @ 119
Event: 18.722 Thread 0x00007f8202057800 Uncommon trap: reason=array_check action=maybe_recompile pc=0x000000011078fa80 method=java.util.AbstractCollection.toArray([Ljava/lang/Object;)[Ljava/lang/Object; @ 119
Event: 18.857 Thread 0x00007f8202057800 Uncommon trap: reason=unstable_if action=reinterpret pc=0x00000001104e71cc method=java.lang.String.indexOf([CII[CIII)I @ 19
Event: 18.858 Thread 0x00007f8202057800 Uncommon trap: reason=unstable_if action=reinterpret pc=0x000000011041ae14 method=java.lang.String.indexOf([CII[CIII)I @ 134
Event: 25.129 Thread 0x00007f8202057800 Uncommon trap: reason=unstable_if action=reinterpret pc=0x000000011096acf8 method=sun.misc.FDBigInteger.cmp(Lsun/misc/FDBigInteger;)I @ 29
Event: 27.784 Thread 0x00007f8202057800 Uncommon trap: reason=unstable_if action=reinterpret pc=0x0000000111008338 method=org.apache.xml.serialize.Printer.printSpace()V @ 7
Event: 28.413 Thread 0x00007f8202057800 Uncommon trap: reason=unstable_if action=reinterpret pc=0x00000001106f415c method=java.io.BufferedWriter.write(I)V @ 19
Event: 28.560 Thread 0x00007f8202057800 Uncommon trap: reason=unstable_if action=reinterpret pc=0x0000000110f5cc2c method=com.spss.officeopenxml.excel2007.SPSSExcel2007ReaderHelper.writeWorksheetData(Ljava/util/Iterator;Ljava/io/BufferedWriter;Ljava/io/BufferedWriter;[I[IZZ)V @ 389
Event: 45.125 Thread 0x00007f8202057800 Uncommon trap: reason=unstable_if action=reinterpret pc=0x000000011059569c method=java.lang.Long.toString(J)Ljava/lang/String; @ 14
Event: 45.125 Thread 0x00007f8202057800 Uncommon trap: reason=unstable_if action=reinterpret pc=0x0000000111137558 method=java.lang.Long.getChars(JI[C)V @ 9

Internal exceptions (10 events):
Event: 5.871 Thread 0x00007f8202057800 Exception <a 'java/io/FileNotFoundException'> (0x0000000798919f30) thrown at [/Users/java_re/workspace/8-2-build-macosx-x86_64/jdk8u121/8372/hotspot/src/share/vm/prims/jni.cpp, line 709]
Event: 6.233 Thread 0x00007f8202057800 Implicit null exception at 0x000000011057eaf5 to 0x000000011057ed49
Event: 6.233 Thread 0x00007f8202057800 Implicit null exception at 0x000000011071a67b to 0x000000011071af21
Event: 6.233 Thread 0x00007f8202057800 Implicit null exception at 0x0000000110785def to 0x0000000110785e59
Event: 8.723 Thread 0x00007f8202057800 Implicit null exception at 0x0000000110c87241 to 0x0000000110c87365
Event: 10.525 Thread 0x00007f8202057800 Implicit null exception at 0x0000000110f5713a to 0x0000000110f5b2f9
Event: 10.711 Thread 0x00007f8202057800 Implicit null exception at 0x0000000110f51c30 to 0x0000000110f52785
Event: 15.725 Thread 0x00007f8202057800 Exception <a 'java/io/FileNotFoundException'> (0x000000079d9a43e0) thrown at [/Users/java_re/workspace/8-2-build-macosx-x86_64/jdk8u121/8372/hotspot/src/share/vm/prims/jni.cpp, line 709]
Event: 24.974 Thread 0x00007f8202057800 Exception <a 'java/io/FileNotFoundException'> (0x00000007a1b75978) thrown at [/Users/java_re/workspace/8-2-build-macosx-x86_64/jdk8u121/8372/hotspot/src/share/vm/prims/jni.cpp, line 709]
Event: 44.981 Thread 0x00007f8202057800 Exception <a 'java/io/FileNotFoundException'> (0x00000007956dd6f0) thrown at [/Users/java_re/workspace/8-2-build-macosx-x86_64/jdk8u121/8372/hotspot/src/share/vm/prims/jni.cpp, line 709]

Events (10 events):
Event: 47.617 Executing VM operation: RevokeBias
Event: 47.617 Executing VM operation: RevokeBias done
Event: 47.617 Executing VM operation: RevokeBias
Event: 47.617 Executing VM operation: RevokeBias done
Event: 47.617 Executing VM operation: RevokeBias
Event: 47.617 Executing VM operation: RevokeBias done
Event: 47.618 Executing VM operation: RevokeBias
Event: 47.618 Executing VM operation: RevokeBias done
Event: 47.618 Executing VM operation: RevokeBias
Event: 47.618 Executing VM operation: RevokeBias done


Dynamic libraries:
0x0000000004a2f000 	/System/Library/Frameworks/CoreFoundation.framework/Versions/A/CoreFoundation
0x0000000004a2f000 	/System/Library/Frameworks/IOKit.framework/Versions/A/IOKit
0x0000000004a2f000 	/usr/lib/libstdc++.6.0.9.dylib
0x0000000101fef000 	/Applications/IBM/SPSS/Statistics/25/SPSSStatistics.app/Contents/lib/libtempdir.dylib
0x0000000102011000 	/Applications/IBM/SPSS/Statistics/25/SPSSStatistics.app/Contents/lib/libspssxd.dylib
0x00000001022be000 	/Applications/IBM/SPSS/Statistics/25/SPSSStatistics.app/Contents/lib/libspssdxcom.dylib
0x0000000102302000 	/Applications/IBM/SPSS/Statistics/25/SPSSStatistics.app/Contents/common/ext/bin/spss.common/libscorelib850r.dylib
0x0000000102403000 	/Applications/IBM/SPSS/Statistics/25/SPSSStatistics.app/Contents/common/ext/bin/spss.common/libGeneralRegressionModel850r.dylib
0x0000000102477000 	/Applications/IBM/SPSS/Statistics/25/SPSSStatistics.app/Contents/common/ext/bin/spss.common/libdiscriminant-model850r.dylib
0x0000000004a2f000 	/usr/lib/libSystem.B.dylib
0x0000000004a2f000 	/usr/lib/libDiagnosticMessagesClient.dylib
0x0000000004a2f000 	/usr/lib/libicucore.A.dylib
0x0000000004a2f000 	/usr/lib/libobjc.A.dylib
0x0000000004a2f000 	/usr/lib/libz.1.dylib
0x0000000004a2f000 	/usr/lib/system/libcache.dylib
0x0000000004a2f000 	/usr/lib/system/libcommonCrypto.dylib
0x0000000004a2f000 	/usr/lib/system/libcompiler_rt.dylib
0x0000000004a2f000 	/usr/lib/system/libcopyfile.dylib
0x0000000004a2f000 	/usr/lib/system/libcorecrypto.dylib
0x0000000004a2f000 	/usr/lib/system/libdispatch.dylib
0x0000000004a2f000 	/usr/lib/system/libdyld.dylib
0x0000000004a2f000 	/usr/lib/system/libkeymgr.dylib
0x0000000004a2f000 	/usr/lib/system/liblaunch.dylib
0x0000000004a2f000 	/usr/lib/system/libmacho.dylib
0x0000000004a2f000 	/usr/lib/system/libquarantine.dylib
0x0000000004a2f000 	/usr/lib/system/libremovefile.dylib
0x0000000004a2f000 	/usr/lib/system/libsystem_asl.dylib
0x0000000004a2f000 	/usr/lib/system/libsystem_blocks.dylib
0x0000000004a2f000 	/usr/lib/system/libsystem_c.dylib
0x0000000004a2f000 	/usr/lib/system/libsystem_configuration.dylib
0x0000000004a2f000 	/usr/lib/system/libsystem_coreservices.dylib
0x0000000004a2f000 	/usr/lib/system/libsystem_darwin.dylib
0x0000000004a2f000 	/usr/lib/system/libsystem_dnssd.dylib
0x0000000004a2f000 	/usr/lib/system/libsystem_info.dylib
0x0000000004a2f000 	/usr/lib/system/libsystem_m.dylib
0x0000000004a2f000 	/usr/lib/system/libsystem_malloc.dylib
0x0000000004a2f000 	/usr/lib/system/libsystem_network.dylib
0x0000000004a2f000 	/usr/lib/system/libsystem_networkextension.dylib
0x0000000004a2f000 	/usr/lib/system/libsystem_notify.dylib
0x0000000004a2f000 	/usr/lib/system/libsystem_sandbox.dylib
0x0000000004a2f000 	/usr/lib/system/libsystem_secinit.dylib
0x0000000004a2f000 	/usr/lib/system/libsystem_kernel.dylib
0x0000000004a2f000 	/usr/lib/system/libsystem_platform.dylib
0x0000000004a2f000 	/usr/lib/system/libsystem_pthread.dylib
0x0000000004a2f000 	/usr/lib/system/libsystem_symptoms.dylib
0x0000000004a2f000 	/usr/lib/system/libsystem_trace.dylib
0x0000000004a2f000 	/usr/lib/system/libunwind.dylib
0x0000000004a2f000 	/usr/lib/system/libxpc.dylib
0x0000000004a2f000 	/usr/lib/closure/libclosured.dylib
0x0000000004a2f000 	/usr/lib/libc++abi.dylib
0x0000000004a2f000 	/usr/lib/libc++.1.dylib
0x0000000004a2f000 	/usr/lib/libenergytrace.dylib
0x0000000004a2f000 	/usr/lib/libbsm.0.dylib
0x0000000004a2f000 	/usr/lib/system/libkxld.dylib
0x000000010249d000 	/Applications/IBM/SPSS/Statistics/25/SPSSStatistics.app/Contents/lib/libifcoremt.dylib
0x000000010261a000 	/Applications/IBM/SPSS/Statistics/25/SPSSStatistics.app/Contents/lib/libimf.dylib
0x000000010293a000 	/Applications/IBM/SPSS/Statistics/25/SPSSStatistics.app/Contents/lib/libsvml.dylib
0x0000000103431000 	/Applications/IBM/SPSS/Statistics/25/SPSSStatistics.app/Contents/lib/libintlc.dylib
0x0000000103480000 	/Applications/IBM/SPSS/Statistics/25/SPSSStatistics.app/Contents/lib/libplatdep.dylib
0x00000001034cd000 	/Applications/IBM/SPSS/Statistics/25/SPSSStatistics.app/Contents/lib/libgsk8iccs.dylib
0x0000000103543000 	/Applications/IBM/SPSS/Statistics/25/SPSSStatistics.app/Contents/lib/libsockbsd.dylib
0x0000000103552000 	/Applications/IBM/SPSS/Statistics/25/SPSSStatistics.app/Contents/lib/libsfthread.dylib
0x0000000103566000 	/Applications/IBM/SPSS/Statistics/25/SPSSStatistics.app/Contents/lib/libvserial.dylib
0x0000000103582000 	/Applications/IBM/SPSS/Statistics/25/SPSSStatistics.app/Contents/lib/libvutility.dylib
0x000000010358d000 	/Applications/IBM/SPSS/Statistics/25/SPSSStatistics.app/Contents/lib/libicuuc.51.2.dylib
0x0000000103769000 	/Applications/IBM/SPSS/Statistics/25/SPSSStatistics.app/Contents/lib/libicui18n.51.2.dylib
0x0000000103a3a000 	/Applications/IBM/SPSS/Statistics/25/SPSSStatistics.app/Contents/lib/libxerces-c-3.1.dylib
0x0000000104474000 	/Applications/IBM/SPSS/Statistics/25/SPSSStatistics.app/Contents/lib/libicudata.51.2.dylib
0x00000001059c0000 	/Applications/IBM/SPSS/Statistics/25/SPSSStatistics.app/Contents/lib/libspsswlib.dylib
0x0000000101fe9000 	/Applications/IBM/SPSS/Statistics/25/SPSSStatistics.app/Contents/lib/libcpuinfo.dylib
0x0000000103e13000 	/Applications/IBM/SPSS/Statistics/25/SPSSStatistics.app/Contents/lib/libomcell.dylib
0x0000000103e36000 	/Applications/IBM/SPSS/Statistics/25/SPSSStatistics.app/Contents/lib/libomfactry.dylib
0x0000000103edc000 	/Applications/IBM/SPSS/Statistics/25/SPSSStatistics.app/Contents/lib/libomtree.dylib
0x0000000103f17000 	/Applications/IBM/SPSS/Statistics/25/SPSSStatistics.app/Contents/lib/libomxxml.dylib
0x0000000103f51000 	/Applications/IBM/SPSS/Statistics/25/SPSSStatistics.app/Contents/lib/libomxsav.dylib
0x0000000103f63000 	/Applications/IBM/SPSS/Statistics/25/SPSSStatistics.app/Contents/lib/libomxhtml.dylib
0x0000000103f88000 	/Applications/IBM/SPSS/Statistics/25/SPSSStatistics.app/Contents/lib/libomxtext.dylib
0x0000000103fab000 	/Applications/IBM/SPSS/Statistics/25/SPSSStatistics.app/Contents/lib/libomxspv.dylib
0x0000000102613000 	/Applications/IBM/SPSS/Statistics/25/SPSSStatistics.app/Contents/lib/libspssjni.dylib
0x0000000103fb3000 	/Applications/IBM/SPSS/Statistics/25/SPSSStatistics.app/Contents/lib/libspssjvm.dylib
0x0000000103fc0000 	/Applications/IBM/SPSS/Statistics/25/SPSSStatistics.app/Contents/lib/libvizedit.dylib
0x0000000103fdf000 	/Applications/IBM/SPSS/Statistics/25/SPSSStatistics.app/Contents/lib/libtransspc.dylib
0x000000010400c000 	/Applications/IBM/SPSS/Statistics/25/SPSSStatistics.app/Contents/lib/libdedstore.dylib
0x0000000104027000 	/Applications/IBM/SPSS/Statistics/25/SPSSStatistics.app/Contents/lib/libsvrdmgr.dylib
0x0000000104048000 	/Applications/IBM/SPSS/Statistics/25/SPSSStatistics.app/Contents/lib/libdatasrc.dylib
0x00000001040ec000 	/Applications/IBM/SPSS/Statistics/25/SPSSStatistics.app/Contents/lib/libsvrerrs.dylib
0x00000001040f4000 	/Applications/IBM/SPSS/Statistics/25/SPSSStatistics.app/Contents/lib/libspssdemg.dylib
0x000000010413a000 	/Applications/IBM/SPSS/Statistics/25/SPSSStatistics.app/Contents/lib/libcpputil.dylib
0x0000000104175000 	/Applications/IBM/SPSS/Statistics/25/SPSSStatistics.app/Contents/lib/libstrtable.dylib
0x00000000cfd84000 	/Applications/IBM/SPSS/Statistics/25/SPSSStatistics.app/Contents/lib/libxalan-c.111.0.dylib
0x0000000104185000 	/Applications/IBM/SPSS/Statistics/25/SPSSStatistics.app/Contents/lib/libchartutl.dylib
0x0000000102497000 	/Applications/IBM/SPSS/Statistics/25/SPSSStatistics.app/Contents/lib/libspssmsgs.dylib
0x00000001083ce000 	/Applications/IBM/SPSS/Statistics/25/SPSSStatistics.app/Contents/lib/libvizchart.dylib
0x0000000104290000 	/Applications/IBM/SPSS/Statistics/25/SPSSStatistics.app/Contents/lib/libzlib1211spss.dylib
0x00000001042c2000 	/Applications/IBM/SPSS/Statistics/25/SPSSStatistics.app/Contents/lib/libindutil.dylib
0x00000000c42ce000 	/Applications/IBM/SPSS/Statistics/25/SPSSStatistics.app/Contents/lib/libxalanMsg.111.0.dylib
0x00000001042db000 	/Applications/IBM/SPSS/Statistics/25/SPSSStatistics.app/Contents/lib/libspssiocv.dylib
0x0000000101fec000 	/Applications/IBM/SPSS/Statistics/25/SPSSStatistics.app/Contents/lib/libreadonly.dylib
0x0000000103561000 	/Applications/IBM/SPSS/Statistics/25/SPSSStatistics.app/Contents/lib/libtmsutil.dylib
0x0000000104310000 	/Applications/IBM/SPSS/Statistics/25/SPSSStatistics.app/Contents/lib/libcvtrans.dylib
0x0000000064351000 	/Applications/IBM/SPSS/Statistics/25/SPSSStatistics.app/Contents/Library/Frameworks/Sentinel.framework/Versions/A/Sentinel
0x0000000104369000 	/Applications/IBM/SPSS/Statistics/25/SPSSStatistics.app/Contents/Library/Frameworks/SuperPro.framework/Versions/A/SuperPro
0x000000010357c000 	/Applications/IBM/SPSS/Statistics/25/SPSSStatistics.app/Contents/lib/libcmddata.dylib
0x000000010437f000 	/Applications/IBM/SPSS/Statistics/25/SPSSStatistics.app/Contents/lib/libmcbstsps.dylib
0x0000000004a2f000 	/usr/lib/libiconv.2.dylib
0x0000000004a2f000 	/System/Library/Frameworks/CoreServices.framework/Versions/A/CoreServices
0x0000000004a2f000 	/System/Library/Frameworks/CFNetwork.framework/Versions/A/CFNetwork
0x0000000004a2f000 	/System/Library/Frameworks/CoreServices.framework/Versions/A/Frameworks/FSEvents.framework/Versions/A/FSEvents
0x0000000004a2f000 	/System/Library/Frameworks/CoreServices.framework/Versions/A/Frameworks/CarbonCore.framework/Versions/A/CarbonCore
0x0000000004a2f000 	/System/Library/Frameworks/CoreServices.framework/Versions/A/Frameworks/Metadata.framework/Versions/A/Metadata
0x0000000004a2f000 	/System/Library/Frameworks/CoreServices.framework/Versions/A/Frameworks/OSServices.framework/Versions/A/OSServices
0x0000000004a2f000 	/System/Library/Frameworks/CoreServices.framework/Versions/A/Frameworks/SearchKit.framework/Versions/A/SearchKit
0x0000000004a2f000 	/System/Library/Frameworks/CoreServices.framework/Versions/A/Frameworks/AE.framework/Versions/A/AE
0x0000000004a2f000 	/System/Library/Frameworks/CoreServices.framework/Versions/A/Frameworks/LaunchServices.framework/Versions/A/LaunchServices
0x0000000004a2f000 	/System/Library/Frameworks/CoreServices.framework/Versions/A/Frameworks/DictionaryServices.framework/Versions/A/DictionaryServices
0x0000000004a2f000 	/System/Library/Frameworks/CoreServices.framework/Versions/A/Frameworks/SharedFileList.framework/Versions/A/SharedFileList
0x0000000004a2f000 	/usr/lib/libauto.dylib
0x0000000004a2f000 	/System/Library/Frameworks/SystemConfiguration.framework/Versions/A/SystemConfiguration
0x0000000004a2f000 	/System/Library/Frameworks/Security.framework/Versions/A/Security
0x0000000004a2f000 	/usr/lib/libsqlite3.dylib
0x0000000004a2f000 	/usr/lib/libxml2.2.dylib
0x0000000004a2f000 	/usr/lib/libnetwork.dylib
0x0000000004a2f000 	/usr/lib/libapple_nghttp2.dylib
0x0000000004a2f000 	/usr/lib/libpcap.A.dylib
0x0000000004a2f000 	/usr/lib/libboringssl.dylib
0x0000000004a2f000 	/usr/lib/libusrtcp.dylib
0x0000000004a2f000 	/usr/lib/libcoretls.dylib
0x0000000004a2f000 	/usr/lib/libcoretls_cfhelpers.dylib
0x0000000004a2f000 	/usr/lib/libapple_crypto.dylib
0x0000000004a2f000 	/System/Library/Frameworks/Foundation.framework/Versions/C/Foundation
0x0000000004a2f000 	/usr/lib/libOpenScriptingUtil.dylib
0x0000000004a2f000 	/usr/lib/libpam.2.dylib
0x0000000004a2f000 	/usr/lib/libxar.1.dylib
0x0000000004a2f000 	/System/Library/Frameworks/DiskArbitration.framework/Versions/A/DiskArbitration
0x0000000004a2f000 	/usr/lib/libarchive.2.dylib
0x0000000004a2f000 	/usr/lib/liblangid.dylib
0x0000000004a2f000 	/usr/lib/libCRFSuite.dylib
0x0000000004a2f000 	/usr/lib/libbz2.1.0.dylib
0x0000000004a2f000 	/usr/lib/liblzma.5.dylib
0x0000000004a2f000 	/System/Library/Frameworks/NetFS.framework/Versions/A/NetFS
0x0000000004a2f000 	/System/Library/PrivateFrameworks/NetAuth.framework/Versions/A/NetAuth
0x0000000004a2f000 	/System/Library/PrivateFrameworks/login.framework/Versions/A/Frameworks/loginsupport.framework/Versions/A/loginsupport
0x0000000004a2f000 	/System/Library/PrivateFrameworks/TCC.framework/Versions/A/TCC
0x0000000004a2f000 	/usr/lib/libmecabra.dylib
0x0000000004a2f000 	/System/Library/Frameworks/ApplicationServices.framework/Versions/A/ApplicationServices
0x0000000004a2f000 	/System/Library/Frameworks/CoreGraphics.framework/Versions/A/CoreGraphics
0x0000000004a2f000 	/System/Library/Frameworks/CoreText.framework/Versions/A/CoreText
0x0000000004a2f000 	/System/Library/Frameworks/ImageIO.framework/Versions/A/ImageIO
0x0000000004a2f000 	/System/Library/Frameworks/ColorSync.framework/Versions/A/ColorSync
0x0000000004a2f000 	/System/Library/Frameworks/ApplicationServices.framework/Versions/A/Frameworks/ATS.framework/Versions/A/ATS
0x0000000004a2f000 	/System/Library/Frameworks/ApplicationServices.framework/Versions/A/Frameworks/ColorSyncLegacy.framework/Versions/A/ColorSyncLegacy
0x0000000004a2f000 	/System/Library/Frameworks/ApplicationServices.framework/Versions/A/Frameworks/HIServices.framework/Versions/A/HIServices
0x0000000004a2f000 	/System/Library/Frameworks/ApplicationServices.framework/Versions/A/Frameworks/LangAnalysis.framework/Versions/A/LangAnalysis
0x0000000004a2f000 	/System/Library/Frameworks/ApplicationServices.framework/Versions/A/Frameworks/PrintCore.framework/Versions/A/PrintCore
0x0000000004a2f000 	/System/Library/Frameworks/ApplicationServices.framework/Versions/A/Frameworks/QD.framework/Versions/A/QD
0x0000000004a2f000 	/System/Library/Frameworks/ApplicationServices.framework/Versions/A/Frameworks/SpeechSynthesis.framework/Versions/A/SpeechSynthesis
0x0000000004a2f000 	/System/Library/PrivateFrameworks/SkyLight.framework/Versions/A/SkyLight
0x0000000004a2f000 	/System/Library/Frameworks/Accelerate.framework/Versions/A/Accelerate
0x0000000004a2f000 	/System/Library/Frameworks/CoreDisplay.framework/Versions/A/CoreDisplay
0x0000000004a2f000 	/System/Library/Frameworks/IOSurface.framework/Versions/A/IOSurface
0x0000000004a2f000 	/System/Library/Frameworks/Metal.framework/Versions/A/Metal
0x0000000004a2f000 	/System/Library/PrivateFrameworks/MultitouchSupport.framework/Versions/A/MultitouchSupport
0x0000000004a2f000 	/System/Library/Frameworks/QuartzCore.framework/Versions/A/QuartzCore
0x0000000004a2f000 	/System/Library/Frameworks/Accelerate.framework/Versions/A/Frameworks/vImage.framework/Versions/A/vImage
0x0000000004a2f000 	/System/Library/Frameworks/Accelerate.framework/Versions/A/Frameworks/vecLib.framework/Versions/A/vecLib
0x0000000004a2f000 	/System/Library/Frameworks/Accelerate.framework/Versions/A/Frameworks/vecLib.framework/Versions/A/libvDSP.dylib
0x0000000004a2f000 	/System/Library/Frameworks/Accelerate.framework/Versions/A/Frameworks/vecLib.framework/Versions/A/libBNNS.dylib
0x0000000004a2f000 	/System/Library/Frameworks/Accelerate.framework/Versions/A/Frameworks/vecLib.framework/Versions/A/libQuadrature.dylib
0x0000000004a2f000 	/System/Library/Frameworks/Accelerate.framework/Versions/A/Frameworks/vecLib.framework/Versions/A/libvMisc.dylib
0x0000000004a2f000 	/System/Library/Frameworks/Accelerate.framework/Versions/A/Frameworks/vecLib.framework/Versions/A/libLAPACK.dylib
0x0000000004a2f000 	/System/Library/Frameworks/Accelerate.framework/Versions/A/Frameworks/vecLib.framework/Versions/A/libBLAS.dylib
0x0000000004a2f000 	/System/Library/Frameworks/Accelerate.framework/Versions/A/Frameworks/vecLib.framework/Versions/A/libLinearAlgebra.dylib
0x0000000004a2f000 	/System/Library/Frameworks/Accelerate.framework/Versions/A/Frameworks/vecLib.framework/Versions/A/libSparse.dylib
0x0000000004a2f000 	/System/Library/Frameworks/Accelerate.framework/Versions/A/Frameworks/vecLib.framework/Versions/A/libSparseBLAS.dylib
0x0000000004a2f000 	/System/Library/PrivateFrameworks/IOAccelerator.framework/Versions/A/IOAccelerator
0x0000000004a2f000 	/System/Library/PrivateFrameworks/IOPresentment.framework/Versions/A/IOPresentment
0x0000000004a2f000 	/System/Library/PrivateFrameworks/DSExternalDisplay.framework/Versions/A/DSExternalDisplay
0x0000000004a2f000 	/System/Library/Frameworks/OpenGL.framework/Versions/A/Libraries/libCoreFSCache.dylib
0x0000000004a2f000 	/System/Library/Frameworks/CoreImage.framework/Versions/A/CoreImage
0x0000000004a2f000 	/System/Library/Frameworks/CoreVideo.framework/Versions/A/CoreVideo
0x0000000004a2f000 	/System/Library/Frameworks/OpenGL.framework/Versions/A/OpenGL
0x0000000004a2f000 	/System/Library/PrivateFrameworks/GraphVisualizer.framework/Versions/A/GraphVisualizer
0x0000000004a2f000 	/System/Library/Frameworks/MetalPerformanceShaders.framework/Versions/A/MetalPerformanceShaders
0x0000000004a2f000 	/usr/lib/libFosl_dynamic.dylib
0x0000000004a2f000 	/System/Library/PrivateFrameworks/FaceCore.framework/Versions/A/FaceCore
0x0000000004a2f000 	/System/Library/Frameworks/OpenCL.framework/Versions/A/OpenCL
0x0000000004a2f000 	/usr/lib/libcompression.dylib
0x0000000004a2f000 	/System/Library/Frameworks/ApplicationServices.framework/Versions/A/Frameworks/ATS.framework/Versions/A/Resources/libFontParser.dylib
0x0000000004a2f000 	/System/Library/Frameworks/ApplicationServices.framework/Versions/A/Frameworks/ATS.framework/Versions/A/Resources/libFontRegistry.dylib
0x0000000004a2f000 	/System/Library/Frameworks/ImageIO.framework/Versions/A/Resources/libJPEG.dylib
0x0000000004a2f000 	/System/Library/Frameworks/ImageIO.framework/Versions/A/Resources/libTIFF.dylib
0x0000000004a2f000 	/System/Library/Frameworks/ImageIO.framework/Versions/A/Resources/libPng.dylib
0x0000000004a2f000 	/System/Library/Frameworks/ImageIO.framework/Versions/A/Resources/libGIF.dylib
0x0000000004a2f000 	/System/Library/Frameworks/ImageIO.framework/Versions/A/Resources/libJP2.dylib
0x0000000004a2f000 	/System/Library/Frameworks/ImageIO.framework/Versions/A/Resources/libRadiance.dylib
0x0000000004a2f000 	/System/Library/PrivateFrameworks/AppleJPEG.framework/Versions/A/AppleJPEG
0x0000000004a2f000 	/System/Library/PrivateFrameworks/MetalTools.framework/Versions/A/MetalTools
0x0000000004a2f000 	/System/Library/Frameworks/MetalPerformanceShaders.framework/Frameworks/MPSCore.framework/Versions/A/MPSCore
0x0000000004a2f000 	/System/Library/Frameworks/MetalPerformanceShaders.framework/Frameworks/MPSImage.framework/Versions/A/MPSImage
0x0000000004a2f000 	/System/Library/Frameworks/MetalPerformanceShaders.framework/Frameworks/MPSMatrix.framework/Versions/A/MPSMatrix
0x0000000004a2f000 	/System/Library/Frameworks/MetalPerformanceShaders.framework/Frameworks/MPSNeuralNetwork.framework/Versions/A/MPSNeuralNetwork
0x0000000004a2f000 	/System/Library/Frameworks/OpenGL.framework/Versions/A/Libraries/libGLU.dylib
0x0000000004a2f000 	/System/Library/Frameworks/OpenGL.framework/Versions/A/Libraries/libGFXShared.dylib
0x0000000004a2f000 	/System/Library/Frameworks/OpenGL.framework/Versions/A/Libraries/libGL.dylib
0x0000000004a2f000 	/System/Library/Frameworks/OpenGL.framework/Versions/A/Libraries/libGLImage.dylib
0x0000000004a2f000 	/System/Library/Frameworks/OpenGL.framework/Versions/A/Libraries/libCVMSPluginSupport.dylib
0x0000000004a2f000 	/System/Library/Frameworks/OpenGL.framework/Versions/A/Libraries/libCoreVMClient.dylib
0x0000000004a2f000 	/usr/lib/libcups.2.dylib
0x0000000004a2f000 	/System/Library/Frameworks/Kerberos.framework/Versions/A/Kerberos
0x0000000004a2f000 	/System/Library/Frameworks/GSS.framework/Versions/A/GSS
0x0000000004a2f000 	/usr/lib/libresolv.9.dylib
0x0000000004a2f000 	/System/Library/PrivateFrameworks/Heimdal.framework/Versions/A/Heimdal
0x0000000004a2f000 	/usr/lib/libheimdal-asn1.dylib
0x0000000004a2f000 	/System/Library/Frameworks/OpenDirectory.framework/Versions/A/OpenDirectory
0x0000000004a2f000 	/System/Library/PrivateFrameworks/CommonAuth.framework/Versions/A/CommonAuth
0x0000000004a2f000 	/System/Library/Frameworks/OpenDirectory.framework/Versions/A/Frameworks/CFOpenDirectory.framework/Versions/A/CFOpenDirectory
0x0000000004a2f000 	/System/Library/Frameworks/SecurityFoundation.framework/Versions/A/SecurityFoundation
0x0000000004a2f000 	/System/Library/PrivateFrameworks/APFS.framework/Versions/A/APFS
0x0000000004a2f000 	/usr/lib/libutil.dylib
0x0000000004a2f000 	/System/Library/Frameworks/CoreAudio.framework/Versions/A/CoreAudio
0x0000000004a2f000 	/System/Library/Frameworks/AudioToolbox.framework/Versions/A/AudioToolbox
0x0000000004a2f000 	/System/Library/PrivateFrameworks/AppleSauce.framework/Versions/A/AppleSauce
0x0000000004a2f000 	/System/Library/PrivateFrameworks/LinguisticData.framework/Versions/A/LinguisticData
0x0000000004a2f000 	/usr/lib/libmarisa.dylib
0x0000000004a2f000 	/System/Library/PrivateFrameworks/Lexicon.framework/Versions/A/Lexicon
0x0000000004a2f000 	/usr/lib/libChineseTokenizer.dylib
0x0000000004a2f000 	/usr/lib/libcmph.dylib
0x0000000004a2f000 	/System/Library/PrivateFrameworks/LanguageModeling.framework/Versions/A/LanguageModeling
0x0000000004a2f000 	/System/Library/Frameworks/CoreData.framework/Versions/A/CoreData
0x0000000004a2f000 	/System/Library/PrivateFrameworks/CoreEmoji.framework/Versions/A/CoreEmoji
0x0000000004a2f000 	/System/Library/Frameworks/ServiceManagement.framework/Versions/A/ServiceManagement
0x0000000004a2f000 	/System/Library/PrivateFrameworks/BackgroundTaskManagement.framework/Versions/A/BackgroundTaskManagement
0x0000000004a2f000 	/usr/lib/libxslt.1.dylib
0x0000000104387000 	/Applications/IBM/SPSS/Statistics/25/SPSSStatistics.app/Contents/lib/libdatastr.dylib
0x00000001043a3000 	/Applications/IBM/SPSS/Statistics/25/SPSSStatistics.app/Contents/lib/libstacrypt.dylib
0x00000001085f1000 	/Applications/IBM/SPSS/Statistics/25/SPSSStatistics.app/Contents/lib/libmccomsps.dylib
0x00000001086f4000 	/Applications/IBM/SPSS/Statistics/25/SPSSStatistics.app/Contents/lib/libspsspool.dylib
0x000000010872e000 	/Applications/IBM/SPSS/Statistics/25/SPSSStatistics.app/Contents/lib/libxchart.dylib
0x00000001087b2000 	/Applications/IBM/SPSS/Statistics/25/SPSSStatistics.app/Contents/lib/libviewerxml.dylib
0x0000000108897000 	/Applications/IBM/SPSS/Statistics/25/SPSSStatistics.app/Contents/lib/libspsswctl.dylib
0x000000010b387000 	/Applications/IBM/SPSS/Statistics/25/SPSSStatistics.app/Contents/lib/libuparser.dylib
0x00000001089ab000 	/Applications/IBM/SPSS/Statistics/25/SPSSStatistics.app/Contents/lib/libspssdx.dylib
0x00000001089d7000 	/Applications/IBM/SPSS/Statistics/25/SPSSStatistics.app/Contents/lib/libomsopmgr.dylib
0x000000010b3f4000 	/Applications/IBM/SPSS/Statistics/25/SPSSStatistics.app/Contents/lib/libspsswcis.dylib
0x000000010b525000 	/Applications/IBM/SPSS/Statistics/25/SPSSStatistics.app/Contents/lib/libspsswmsg.dylib
0x000000010b54d000 	/Applications/IBM/SPSS/Statistics/25/SPSSStatistics.app/Contents/lib/libuadapter.dylib
0x000000010b582000 	/Applications/IBM/SPSS/Statistics/25/SPSSStatistics.app/Contents/lib/libspssclef.dylib
0x000000010b5c6000 	/Applications/IBM/SPSS/Statistics/25/SPSSStatistics.app/Contents/ext/bin/spss.common/libcfcore.dylib
0x000000010b6ab000 	/Applications/IBM/SPSS/Statistics/25/SPSSStatistics.app/Contents/ext/bin/spss.common/libcfcommon.dylib
0x000000010b724000 	/Applications/IBM/SPSS/Statistics/25/SPSSStatistics.app/Contents/lib/libfmsgs.dylib
0x000000010b758000 	/Applications/IBM/SPSS/Statistics/25/SPSSStatistics.app/Contents/lib/libnetcom.dylib
0x000000010b780000 	/Applications/IBM/SPSS/Statistics/25/SPSSStatistics.app/Contents/lib/libfwutility.dylib
0x000000010b788000 	/Applications/IBM/SPSS/Statistics/25/SPSSStatistics.app/Contents/lib/libfilesort.dylib
0x000000010b79c000 	/Applications/IBM/SPSS/Statistics/25/SPSSStatistics.app/Contents/lib/libmtxp.dylib
0x000000010b7b8000 	/Applications/IBM/SPSS/Statistics/25/SPSSStatistics.app/Contents/ext/bin/spss.common/libcorethread.dylib
0x000000010b7c8000 	/Applications/IBM/SPSS/Statistics/25/SPSSStatistics.app/Contents/ext/bin/spss.common/libcfthread.dylib
0x000000010b7cf000 	/Applications/IBM/SPSS/Statistics/25/SPSSStatistics.app/Contents/common/ext/bin/spss.common/libcfcomserv.dylib
0x000000010b7e7000 	/Applications/IBM/SPSS/Statistics/25/SPSSStatistics.app/Contents/ext/bin/spss.common/libcfextension.dylib
0x000000010b81f000 	/Applications/IBM/SPSS/Statistics/25/SPSSStatistics.app/Contents/ext/bin/spss.common/libcffilter.dylib
0x000000010b82e000 	/Applications/IBM/SPSS/Statistics/25/SPSSStatistics.app/Contents/ext/bin/spss.common/libcfcatencode.dylib
0x00000001043d0000 	/Applications/IBM/SPSS/Statistics/25/SPSSStatistics.app/Contents/ext/bin/spss.common/libcfcomstatistic.dylib
0x000000010b84d000 	/Applications/IBM/SPSS/Statistics/25/SPSSStatistics.app/Contents/ext/bin/spss.common/libtempfiles.dylib
0x000000010e873000 	/Applications/IBM/SPSS/Statistics/25/SPSSStatistics.app/Contents/lib/libpesrepo.dylib
0x000000010f18f000 	/Applications/IBM/SPSS/Statistics/25/SPSSStatistics.app/Contents/lib/libspsswfil.dylib
0x000000010f22f000 	/Applications/IBM/SPSS/Statistics/25/SPSSStatistics.app/Contents/lib/libchartxml.dylib
0x000000010f28f000 	/Applications/IBM/SPSS/Statistics/25/SPSSStatistics.app/Contents/lib/libxlsxdac.dylib
0x000000010f2c7000 	/Applications/IBM/SPSS/Statistics/25/SPSSStatistics.app/Contents/lib/libpkginpr.dylib
0x000000010f2d0000 	/Applications/IBM/SPSS/Statistics/25/SPSSStatistics.app/Contents/lib/libdacmmsgs.dylib
0x000000010f2dc000 	/Applications/IBM/SPSS/Statistics/25/SPSSStatistics.app/Contents/lib/libtxtwdmsg.dylib
0x000000010f2e3000 	/Applications/IBM/SPSS/Statistics/25/SPSSStatistics.app/Contents/JRE/lib/jli/libjli.dylib
0x0000000004a2f000 	/System/Library/Frameworks/Cocoa.framework/Versions/A/Cocoa
0x0000000004a2f000 	/System/Library/Frameworks/AppKit.framework/Versions/C/AppKit
0x0000000004a2f000 	/System/Library/PrivateFrameworks/RemoteViewServices.framework/Versions/A/RemoteViewServices
0x0000000004a2f000 	/System/Library/PrivateFrameworks/UIFoundation.framework/Versions/A/UIFoundation
0x0000000004a2f000 	/System/Library/PrivateFrameworks/DFRFoundation.framework/Versions/A/DFRFoundation
0x0000000004a2f000 	/System/Library/PrivateFrameworks/DesktopServicesPriv.framework/Versions/A/DesktopServicesPriv
0x0000000004a2f000 	/usr/lib/libScreenReader.dylib
0x0000000004a2f000 	/System/Library/Frameworks/AudioUnit.framework/Versions/A/AudioUnit
0x0000000004a2f000 	/System/Library/PrivateFrameworks/DataDetectorsCore.framework/Versions/A/DataDetectorsCore
0x0000000004a2f000 	/System/Library/Frameworks/Carbon.framework/Versions/A/Frameworks/HIToolbox.framework/Versions/A/HIToolbox
0x0000000004a2f000 	/System/Library/Frameworks/Carbon.framework/Versions/A/Frameworks/SpeechRecognition.framework/Versions/A/SpeechRecognition
0x0000000004a2f000 	/System/Library/PrivateFrameworks/CoreUI.framework/Versions/A/CoreUI
0x0000000004a2f000 	/System/Library/PrivateFrameworks/PerformanceAnalysis.framework/Versions/A/PerformanceAnalysis
0x0000000004a2f000 	/System/Library/PrivateFrameworks/Backup.framework/Versions/A/Backup
0x0000000004a2f000 	/System/Library/Frameworks/Carbon.framework/Versions/A/Frameworks/Ink.framework/Versions/A/Ink
0x0000000004a2f000 	/System/Library/PrivateFrameworks/TextureIO.framework/Versions/A/TextureIO
0x0000000004a2f000 	/usr/lib/libate.dylib
0x0000000004a2f000 	/System/Library/PrivateFrameworks/CrashReporterSupport.framework/Versions/A/CrashReporterSupport
0x0000000004a2f000 	/System/Library/PrivateFrameworks/Sharing.framework/Versions/A/Sharing
0x0000000004a2f000 	/System/Library/PrivateFrameworks/IconServices.framework/Versions/A/IconServices
0x0000000004a2f000 	/System/Library/PrivateFrameworks/ProtocolBuffer.framework/Versions/A/ProtocolBuffer
0x0000000004a2f000 	/System/Library/PrivateFrameworks/Apple80211.framework/Versions/A/Apple80211
0x0000000004a2f000 	/System/Library/Frameworks/CoreWLAN.framework/Versions/A/CoreWLAN
0x0000000004a2f000 	/System/Library/PrivateFrameworks/CoreUtils.framework/Versions/A/CoreUtils
0x0000000004a2f000 	/System/Library/Frameworks/IOBluetooth.framework/Versions/A/IOBluetooth
0x0000000004a2f000 	/System/Library/PrivateFrameworks/CoreWiFi.framework/Versions/A/CoreWiFi
0x0000000004a2f000 	/System/Library/Frameworks/CoreBluetooth.framework/Versions/A/CoreBluetooth
0x0000000004a2f000 	/System/Library/PrivateFrameworks/SignpostNotification.framework/Versions/A/SignpostNotification
0x0000000004a2f000 	/System/Library/PrivateFrameworks/DebugSymbols.framework/Versions/A/DebugSymbols
0x0000000004a2f000 	/System/Library/PrivateFrameworks/CoreSymbolication.framework/Versions/A/CoreSymbolication
0x0000000004a2f000 	/System/Library/PrivateFrameworks/Symbolication.framework/Versions/A/Symbolication
0x0000000004a2f000 	/System/Library/PrivateFrameworks/AppleFSCompression.framework/Versions/A/AppleFSCompression
0x0000000004a2f000 	/System/Library/PrivateFrameworks/SpeechRecognitionCore.framework/Versions/A/SpeechRecognitionCore
0x000000010f2f3000 	/Applications/IBM/SPSS/Statistics/25/SPSSStatistics.app/Contents/JRE//lib/server/libjvm.dylib
0x0000000110295000 	/Applications/IBM/SPSS/Statistics/25/SPSSStatistics.app/Contents/JRE/lib/libverify.dylib
0x00000001102a3000 	/Applications/IBM/SPSS/Statistics/25/SPSSStatistics.app/Contents/JRE/lib/libjava.dylib
0x00000001102d8000 	/Applications/IBM/SPSS/Statistics/25/SPSSStatistics.app/Contents/JRE/lib/libzip.dylib
0x0000000004a2f000 	/System/Library/Frameworks/JavaVM.framework/Versions/A/Frameworks/JavaRuntimeSupport.framework/Versions/A/JavaRuntimeSupport
0x0000000004a2f000 	/System/Library/Frameworks/JavaVM.framework/Versions/A/Frameworks/JavaNativeFoundation.framework/Versions/A/JavaNativeFoundation
0x0000000004a2f000 	/System/Library/Frameworks/JavaVM.framework/Versions/A/JavaVM
0x0000000004a2f000 	/System/Library/Frameworks/Carbon.framework/Versions/A/Carbon
0x0000000004a2f000 	/System/Library/PrivateFrameworks/JavaLaunching.framework/Versions/A/JavaLaunching
0x0000000004a2f000 	/System/Library/Frameworks/Carbon.framework/Versions/A/Frameworks/CommonPanels.framework/Versions/A/CommonPanels
0x0000000004a2f000 	/System/Library/Frameworks/Carbon.framework/Versions/A/Frameworks/Help.framework/Versions/A/Help
0x0000000004a2f000 	/System/Library/Frameworks/Carbon.framework/Versions/A/Frameworks/ImageCapture.framework/Versions/A/ImageCapture
0x0000000004a2f000 	/System/Library/Frameworks/Carbon.framework/Versions/A/Frameworks/OpenScripting.framework/Versions/A/OpenScripting
0x0000000004a2f000 	/System/Library/Frameworks/Carbon.framework/Versions/A/Frameworks/Print.framework/Versions/A/Print
0x0000000004a2f000 	/System/Library/Frameworks/Carbon.framework/Versions/A/Frameworks/SecurityHI.framework/Versions/A/SecurityHI
0x000000012811c000 	/Applications/IBM/SPSS/Statistics/25/SPSSStatistics.app/Contents/JRE/lib/libnet.dylib
0x000000010d874000 	/Applications/IBM/SPSS/Statistics/25/SPSSStatistics.app/Contents/lib/libspsswarc.dylib
0x000000010e54c000 	/Applications/IBM/SPSS/Statistics/25/SPSSStatistics.app/Contents/lib/libspsswalt.dylib
0x000000010e64c000 	/Applications/IBM/SPSS/Statistics/25/SPSSStatistics.app/Contents/lib/libspsswoms.dylib
0x000000010e767000 	/Applications/IBM/SPSS/Statistics/25/SPSSStatistics.app/Contents/lib/libspsswbst.dylib
0x000000010e777000 	/Applications/IBM/SPSS/Statistics/25/SPSSStatistics.app/Contents/lib/libspsswone.dylib
0x000000010e7aa000 	/Applications/IBM/SPSS/Statistics/25/SPSSStatistics.app/Contents/lib/libspssweda.dylib
0x000000010e82d000 	/Applications/IBM/SPSS/Statistics/25/SPSSStatistics.app/Contents/JRE/lib/libmanagement.dylib
0x000000010e83b000 	/Applications/IBM/SPSS/Statistics/25/SPSSStatistics.app/Contents/JRE/lib/libosx.dylib
0x000000010e849000 	/Applications/IBM/SPSS/Statistics/25/SPSSStatistics.app/Contents/JRE/lib/./libosxapp.dylib
0x0000000004a2f000 	/System/Library/Frameworks/ExceptionHandling.framework/Versions/A/ExceptionHandling
0x0000000127cb7000 	/Applications/IBM/SPSS/Statistics/25/SPSSStatistics.app/Contents/JRE/lib/libawt.dylib
0x0000000127d5f000 	/Applications/IBM/SPSS/Statistics/25/SPSSStatistics.app/Contents/JRE/lib/./libmlib_image.dylib
0x0000000127eeb000 	/Applications/IBM/SPSS/Statistics/25/SPSSStatistics.app/Contents/JRE/lib/libawt_lwawt.dylib
0x0000000127fa2000 	/Applications/IBM/SPSS/Statistics/25/SPSSStatistics.app/Contents/lib/libjniviewer.dylib
0x000000012803e000 	/Applications/IBM/SPSS/Statistics/25/SPSSStatistics.app/Contents/JRE/lib/libfontmanager.dylib
0x0000000004a2f000 	/System/Library/PrivateFrameworks/CoreServicesInternal.framework/Versions/A/CoreServicesInternal
0x00000001280b8000 	/Applications/IBM/SPSS/Statistics/25/SPSSStatistics.app/Contents/JRE/lib/libnio.dylib
0x0000000004a2f000 	/System/Library/Frameworks/ApplicationServices.framework/Versions/A/Frameworks/ATS.framework/Versions/A/Resources/libTrueTypeScaler.dylib

VM Arguments:
jvm_args: -Djava.library.path=/Applications/IBM/SPSS/Statistics/25/SPSSStatistics.app/Contents/bin/../JRE/lib/jli/:/Applications/IBM/SPSS/Statistics/25/SPSSStatistics.app/Contents/bin/../JRE/lib/:/Applications/IBM/SPSS/Statistics/25/SPSSStatistics.app/Contents/bin/../lib/:/Applications/IBM/SPSS/Statistics/25/SPSSStatistics.app/Contents/bin/ -Dapplication.home=/Applications/IBM/SPSS/Statistics/25/SPSSStatistics.app/Contents/bin -Dstatistics.home=/Applications/IBM/SPSS/Statistics/25/SPSSStatistics.app/Contents/bin -Djava.awt.headless=true -Dcom.sun.media.jai.disableMediaLib=true -Xms256M -Xmx2048M -XX:-UsePerfData -Dcom.ibm.jsse2.overrideDefaultProtocol=TLSv12 -Djava.io.tmpdir=/tmp/spssGUKEuz/ 
java_command: <unknown>
java_class_path (initial): :/Applications/IBM/SPSS/Statistics/25/SPSSStatistics.app/Contents/bin/ChartEditor.jar:/Applications/IBM/SPSS/Statistics/25/SPSSStatistics.app/Contents/bin/ChartEditorRes.jar:/Applications/IBM/SPSS/Statistics/25/SPSSStatistics.app/Contents/bin/CoreTools.jar:/Applications/IBM/SPSS/Statistics/25/SPSSStatistics.app/Contents/bin/CustomDialogBuilder.jar:/Applications/IBM/SPSS/Statistics/25/SPSSStatistics.app/Contents/bin/CustomDialogBuilderRes.jar:/Applications/IBM/SPSS/Statistics/25/SPSSStatistics.app/Contents/bin/ExViewerDialogDemo.jar:/Applications/IBM/SPSS/Statistics/25/SPSSStatistics.app/Contents/bin/ExViewerFrameDemo.jar:/Applications/IBM/SPSS/Statistics/25/SPSSStatistics.app/Contents/bin/ExportTools.jar:/Applications/IBM/SPSS/Statistics/25/SPSSStatistics.app/Contents/bin/ExtensionManager.jar:/Applications/IBM/SPSS/Statistics/25/SPSSStatistics.app/Contents/bin/ExtensionManagerRes.jar:/Applications/IBM/SPSS/Statistics/25/SPSSStatistics.app/Contents/bin/FieldChooser.jar:/Applications/IBM/SPSS/Statistics/25/SPSSStatistics.app/Contents/bin/InstallExtBundles.jar:/Applications/IBM/SPSS/Statistics/25/SPSSStatistics.app/Contents/bin/InstallExtBundlesRes.jar:/Applications/IBM/SPSS/Statistics/25/SPSSStatistics.app/Contents/bin/JRegEdit.jar:/Applications/IBM/SPSS/Statistics/25/SPSSStatistics.app/Contents/bin/JimiProClasses.jar:/Applications/IBM/SPSS/Statistics/25/SPSSStatistics.app/Contents/bin/LightTable.jar:/Applications/IBM/SPSS/Statistics/25/SPSSStatistics.app/Contents/bin/ModelViewer.jar:/Applications/IBM/SPSS/Statistics/25/SPSSStatistics.app/Contents/bin/PivotTableEditor.jar:/Applications/IBM/SPSS/Statistics/25/SPSSStatistics.app/Contents/bin/PivotTableEditorRes.jar:/Applications/IBM/SPSS/Statistics/25/SPSSStatistics.app/Contents/bin/RConfig.jar:/Applications/IBM/SPSS/Statistics/25/SPSSStatistics.app/Contents/bin/RapidSpell.jar:/Applications/IBM/SPSS/Statistics/25/SPSSStatistics.app/Contents/bin/RapidSpellMDict.jar:/Applications/IBM/SPSS/Stat
Launcher Type: generic

Environment Variables:
PATH=/Applications/IBM/SPSS/Statistics/25/SPSSStatistics.app/Contents/bin:/usr/bin:/bin:/usr/sbin:/sbin
SHELL=/bin/bash
DISPLAY=/private/tmp/com.apple.launchd.dIBIpAYTaX/org.macosforge.xquartz:0
DYLD_LIBRARY_PATH=/Applications/IBM/SPSS/Statistics/25/SPSSStatistics.app/Contents/lib:/Applications/IBM/SPSS/Statistics/25/SPSSStatistics.app/Contents/common/ext/bin/spss.common:/Applications/IBM/SPSS/Statistics/25/SPSSStatistics.app/Contents/ext/bin/spss.common:/Applications/IBM/SPSS/Statistics/25/SPSSStatistics.app/Contents/lib:/Applications/IBM/SPSS/Statistics/25/SPSSStatistics.app/Contents/Library/Frameworks/Sentinel.framework:/Applications/IBM/SPSS/Statistics/25/SPSSStatistics.app/Contents/Library/Frameworks/SuperPro.framework:/Applications/IBM/SPSS/Statistics/25/SPSSStatistics.app/Contents/JRE/lib/jli

Signal Handlers:
SIGSEGV: [libjvm.dylib+0x5b1141], sa_mask[0]=11111111011111110111111111111111, sa_flags=SA_ONSTACK|SA_RESTART|SA_SIGINFO
SIGBUS: [libjvm.dylib+0x5b1141], sa_mask[0]=11111111011111110111111111111111, sa_flags=SA_RESTART|SA_SIGINFO
SIGFPE: [libjvm.dylib+0x487bc4], sa_mask[0]=11111111011111110111111111111111, sa_flags=SA_RESTART|SA_SIGINFO
SIGPIPE: [libjvm.dylib+0x487bc4], sa_mask[0]=11111111011111110111111111111111, sa_flags=SA_RESTART|SA_SIGINFO
SIGXFSZ: [libjvm.dylib+0x487bc4], sa_mask[0]=11111111011111110111111111111111, sa_flags=SA_RESTART|SA_SIGINFO
SIGILL: [libjvm.dylib+0x487bc4], sa_mask[0]=11111111011111110111111111111111, sa_flags=SA_RESTART|SA_SIGINFO
SIGUSR1: SIG_DFL, sa_mask[0]=00000000000000000000000000000000, sa_flags=none
SIGUSR2: [libjvm.dylib+0x4876e2], sa_mask[0]=00100000000000000000000000000000, sa_flags=SA_RESTART|SA_SIGINFO
SIGHUP: [libjvm.dylib+0x485cb9], sa_mask[0]=11111111011111110111111111111111, sa_flags=SA_RESTART|SA_SIGINFO
SIGINT: [libjvm.dylib+0x485cb9], sa_mask[0]=11111111011111110111111111111111, sa_flags=SA_RESTART|SA_SIGINFO
SIGTERM: [libjvm.dylib+0x485cb9], sa_mask[0]=11111111011111110111111111111111, sa_flags=SA_RESTART|SA_SIGINFO
SIGQUIT: [libjvm.dylib+0x485cb9], sa_mask[0]=11111111011111110111111111111111, sa_flags=SA_RESTART|SA_SIGINFO


---------------  S Y S T E M  ---------------

OS:Bsduname:Darwin 17.3.0 Darwin Kernel Version 17.3.0: Thu Nov  9 18:09:22 PST 2017; root:xnu-4570.31.3~1/RELEASE_X86_64 x86_64
rlimit: STACK 8192k, CORE 0k, NPROC 1418, NOFILE 10240, AS infinity
load average:2.69 2.07 1.78

CPU:total 8 (4 cores per cpu, 2 threads per core) family 6 model 70 stepping 1, cmov, cx8, fxsr, mmx, sse, sse2, sse3, ssse3, sse4.1, sse4.2, popcnt, avx, avx2, aes, clmul, erms, lzcnt, ht, tsc, tscinvbit, bmi1, bmi2

Memory: 4k page, physical 16777216k(3260796k free)

/proc/meminfo:


vm_info: Java HotSpot(TM) 64-Bit Server VM (25.121-b13) for bsd-amd64 JRE (1.8.0_121-b13), built on Dec 12 2016 20:39:32 by "java_re" with gcc 4.2.1 (Based on Apple Inc. build 5658) (LLVM build 2336.11.00)

time: Thu Jul 12 17:52:31 2018
elapsed time: 48 seconds (0d 0h 0m 48s)

