#
# A fatal error has been detected by the Java Runtime Environment:
#
#  SIGSEGV (0xb) at pc=0x0000000100a7bd3b, pid=1938, tid=0x0000000000000307
#
# JRE version: Java(TM) 2 Runtime Environment, Standard Edition (8.0_121-b13) (build 1.8.0_121-b13 14_Feb_2017_06_58 Mac OS X x64(SR4 FP1))
# Java VM: Java HotSpot(TM) 64-Bit Server VM (25.121-b13 mixed mode bsd-amd64 compressed oops)
# Problematic frame:
# C  [StartXD+0x11d3b]  _ZN8LongData9ParseDataEPvRi+0x5b
#
# Failed to write core dump. Core dumps have been disabled. To enable core dumping, try "ulimit -c unlimited" before starting Java again
#
# If you would like to submit a bug report, please visit:
#   http://bugreport.java.com/bugreport/crash.jsp
#

---------------  T H R E A D  ---------------

Current thread is native thread

siginfo: si_signo: 11 (SIGSEGV), si_code: 1 (SEGV_MAPERR), si_addr: 0x00007f92aab00000

Registers:
RAX=0x0000000006661c18, RBX=0x00007f92aab00000, RCX=0x0000000000000000, RDX=0x0000000004000000
RSP=0x00007ffeef192b20, RBP=0x00007ffeef192b60, RSI=0x0000000166448c10, RDI=0x00007ffeef195420
R8 =0x00000000000002a7, R9 =0x0000000000000149, R10=0x000000010cf8e000, R11=0x0000000000000000
R12=0x00007ffeef195420, R13=0x00007ffeef192b34, R14=0x000000001e6680f4, R15=0x00007ffeef195408
RIP=0x0000000100a7bd3b, EFLAGS=0x0000000000010206, ERR=0x0000000000000004
  TRAPNO=0x000000000000000e

Top of Stack: (sp=0x00007ffeef192b20)
0x00007ffeef192b20:   0000000000000001 00007ffeef192c44
0x00007ffeef192b30:   0000000000000005 00007ffeef1953e0
0x00007ffeef192b40:   00007ffeef1953e0 0000000000000000
0x00007ffeef192b50:   00007f92a449e3e0 00007f92a449e3e0
0x00007ffeef192b60:   00007ffeef192c70 0000000100d7359f
0x00007ffeef192b70:   fd00000070001004 0000000100abffff
0x00007ffeef192b80:   00007ffeef192c10 00007fff7133d758
0x00007ffeef192b90:   0000000000000000 0000000000000003
0x00007ffeef192ba0:   00007f92a2702ab0 00000001072f6a00
0x00007ffeef192bb0:   0000000000000004 0000000000000010
0x00007ffeef192bc0:   0000000000000001 0000000100ab0080
0x00007ffeef192bd0:   0000000100ab0080 00000001072f9200
0x00007ffeef192be0:   0000000100aaf000 0000000000000003
0x00007ffeef192bf0:   00000000072f8800 0000000000000000
0x00007ffeef192c00:   00007ffeef192cb0 0000000000000000
0x00007ffeef192c10:   00007fffaa26f000 0000000000000000
0x00007ffeef192c20:   00007ffeef192c50 00007fff71326201
0x00007ffeef192c30:   0000000000000000 0000000000000000
0x00007ffeef192c40:   0000000000000000 00007ffeef1953e0
0x00007ffeef192c50:   00007ffeef192cb0 0000000000000000
0x00007ffeef192c60:   00007f92a449e3e0 0000000000000000
0x00007ffeef192c70:   00007ffeef194ce0 0000000100d6c9e9
0x00007ffeef192c80:   0000000000000000 00007ffeef1953e0
0x00007ffeef192c90:   00007f92a25a5bb0 00007f92a449e3e0
0x00007ffeef192ca0:   0000000000000000 0000000000000000
0x00007ffeef192cb0:   0000000000000000 0000000000000000
0x00007ffeef192cc0:   0000000000000000 0000000000000000
0x00007ffeef192cd0:   0000000000000000 0000000000000000
0x00007ffeef192ce0:   0000000000000000 0000000000000000
0x00007ffeef192cf0:   0000000000000000 0000000000000000
0x00007ffeef192d00:   0000000000000000 0000000000000000
0x00007ffeef192d10:   0000000000000000 0000000000000000 

Instructions: (pc=0x0000000100a7bd3b)
0x0000000100a7bd1b:   41 ff ce 48 83 c3 04 4d 8d 67 18 b8 08 00 00 00
0x0000000100a7bd2b:   4c 8d 6d d4 eb 0a 41 ff ce 48 83 c3 04 83 c0 04
0x0000000100a7bd3b:   8b 0b 89 4d d4 41 89 47 10 4c 89 e7 4c 89 ee e8
0x0000000100a7bd4b:   4f 0a 00 00 41 8b 47 10 45 85 f6 75 d9 48 8b 55 

Register to memory mapping:

RAX=0x0000000006661c18 is an unknown value
RBX=0x00007f92aab00000 is an unknown value
RCX=0x0000000000000000 is an unknown value
RDX=0x0000000004000000 is an unknown value
RSP=0x00007ffeef192b20 is an unknown value
RBP=0x00007ffeef192b60 is an unknown value
RSI=0x0000000166448c10 is an unknown value
RDI=0x00007ffeef195420 is an unknown value
R8 =0x00000000000002a7 is an unknown value
R9 =0x0000000000000149 is an unknown value
R10=0x000000010cf8e000 is an unknown value
R11=0x0000000000000000 is an unknown value
R12=0x00007ffeef195420 is an unknown value
R13=0x00007ffeef192b34 is an unknown value
R14=0x000000001e6680f4 is an unknown value
R15=0x00007ffeef195408 is an unknown value


Stack: [0x00007ffeee996000,0x00007ffeef196000],  sp=0x00007ffeef192b20,  free space=8178k
Native frames: (J=compiled Java code, j=interpreted, Vv=VM code, C=native code)
C  [StartXD+0x11d3b]  _ZN8LongData9ParseDataEPvRi+0x5b
C  [libspssdxcom.dylib+0x1259f]  _ZN8CleXDSmb8ParseBufEPv+0x4d
C  [libspssdxcom.dylib+0xb9e9]  _Z11ReceiveDataP16JavaPlugInSocketR8CleXDSmb+0xfa
C  [StartXD+0x25fe]  main+0xa6b
C  [libdyld.dylib+0x1115]  start+0x1


---------------  P R O C E S S  ---------------

VM state:not at safepoint (normal execution)

VM Mutex/Monitor currently owned by a thread: None

Heap:
 PSYoungGen      total 254464K, used 5009K [0x0000000795580000, 0x00000007b0980000, 0x00000007c0000000)
  eden space 252928K, 1% used [0x0000000795580000,0x0000000795a64450,0x00000007a4c80000)
  from space 1536K, 0% used [0x00000007afc80000,0x00000007afc80000,0x00000007afe00000)
  to   space 7680K, 0% used [0x00000007b0200000,0x00000007b0200000,0x00000007b0980000)
 ParOldGen       total 175104K, used 12611K [0x0000000740000000, 0x000000074ab00000, 0x0000000795580000)
  object space 175104K, 7% used [0x0000000740000000,0x0000000740c50ce8,0x000000074ab00000)
 Metaspace       used 20326K, capacity 20720K, committed 20992K, reserved 1067008K
  class space    used 2386K, capacity 2489K, committed 2560K, reserved 1048576K

Card table byte_map: [0x000000011e428000,0x000000011e829000] byte_map_base: 0x000000011aa28000

Marking Bits: (ParMarkBitMap*) 0x000000010e692d30
 Begin Bits: [0x000000011ead4000, 0x0000000120ad4000)
 End Bits:   [0x0000000120ad4000, 0x0000000122ad4000)

Polling page: 0x00000001010ba000

CodeCache: size=245760Kb used=13791Kb max_used=15107Kb free=231968Kb
 bounds [0x000000010f068000, 0x000000010ff48000, 0x000000011e068000]
 total_blobs=4125 nmethods=3615 adapters=423
 compilation: enabled

Compilation events (10 events):
Event: 43.239 Thread 0x00007f92a3829000 nmethod 4346 0x000000010f5774d0 code [0x000000010f577640, 0x000000010f577a70]
Event: 43.239 Thread 0x00007f92a3829000 4347       3       org.openxmlformats.schemas.spreadsheetml._2006.main.descriptors.CT_CellAlignmentDescriptor$8::getValue (31 bytes)
Event: 43.239 Thread 0x00007f92a3829000 nmethod 4347 0x000000010f3d8790 code [0x000000010f3d8900, 0x000000010f3d8d30]
Event: 43.239 Thread 0x00007f92a3829000 4348   !   3       sun.reflect.GeneratedMethodAccessor16::invoke (61 bytes)
Event: 43.239 Thread 0x00007f92a3829000 nmethod 4348 0x000000010f7f6d10 code [0x000000010f7f6ee0, 0x000000010f7f7568]
Event: 43.244 Thread 0x00007f92a3829000 4349       3       java.util.zip.ZipOutputStream::ensureOpen (18 bytes)
Event: 43.244 Thread 0x00007f92a3829000 nmethod 4349 0x000000010ff2f7d0 code [0x000000010ff2f940, 0x000000010ff2fb88]
Event: 43.247 Thread 0x00007f92a3818000 4350       4       java.util.TreeMap$ValueIterator::next (8 bytes)
Event: 43.248 Thread 0x00007f92a3818000 nmethod 4350 0x000000010f7f6890 code [0x000000010f7f69e0, 0x000000010f7f6b58]
Event: 43.976 Thread 0x00007f92a30bb800 nmethod 4316 0x000000010f408350 code [0x000000010f408aa0, 0x000000010f40d288]

GC Heap History (10 events):
Event: 42.397 GC heap before
{Heap before GC invocations=35 (full 3):
 PSYoungGen      total 287744K, used 287520K [0x0000000795580000, 0x00000007b1900000, 0x00000007c0000000)
  eden space 285184K, 100% used [0x0000000795580000,0x00000007a6c00000,0x00000007a6c00000)
  from space 2560K, 91% used [0x00000007b0a00000,0x00000007b0c48000,0x00000007b0c80000)
  to   space 8704K, 0% used [0x00000007b1080000,0x00000007b1080000,0x00000007b1900000)
 ParOldGen       total 175104K, used 17184K [0x0000000740000000, 0x000000074ab00000, 0x0000000795580000)
  object space 175104K, 9% used [0x0000000740000000,0x00000007410c8048,0x000000074ab00000)
 Metaspace       used 20266K, capacity 20648K, committed 20736K, reserved 1067008K
  class space    used 2379K, capacity 2477K, committed 2560K, reserved 1048576K
Event: 42.399 GC heap after
Heap after GC invocations=35 (full 3):
 PSYoungGen      total 276480K, used 2176K [0x0000000795580000, 0x00000007b1300000, 0x00000007c0000000)
  eden space 273920K, 0% used [0x0000000795580000,0x0000000795580000,0x00000007a6100000)
  from space 2560K, 85% used [0x00000007b1080000,0x00000007b12a0000,0x00000007b1300000)
  to   space 8192K, 0% used [0x00000007b0300000,0x00000007b0300000,0x00000007b0b00000)
 ParOldGen       total 175104K, used 17216K [0x0000000740000000, 0x000000074ab00000, 0x0000000795580000)
  object space 175104K, 9% used [0x0000000740000000,0x00000007410d0048,0x000000074ab00000)
 Metaspace       used 20266K, capacity 20648K, committed 20736K, reserved 1067008K
  class space    used 2379K, capacity 2477K, committed 2560K, reserved 1048576K
}
Event: 42.699 GC heap before
{Heap before GC invocations=36 (full 3):
 PSYoungGen      total 276480K, used 276096K [0x0000000795580000, 0x00000007b1300000, 0x00000007c0000000)
  eden space 273920K, 100% used [0x0000000795580000,0x00000007a6100000,0x00000007a6100000)
  from space 2560K, 85% used [0x00000007b1080000,0x00000007b12a0000,0x00000007b1300000)
  to   space 8192K, 0% used [0x00000007b0300000,0x00000007b0300000,0x00000007b0b00000)
 ParOldGen       total 175104K, used 17216K [0x0000000740000000, 0x000000074ab00000, 0x0000000795580000)
  object space 175104K, 9% used [0x0000000740000000,0x00000007410d0048,0x000000074ab00000)
 Metaspace       used 20268K, capacity 20648K, committed 20736K, reserved 1067008K
  class space    used 2379K, capacity 2477K, committed 2560K, reserved 1048576K
Event: 42.702 GC heap after
Heap after GC invocations=36 (full 3):
 PSYoungGen      total 265728K, used 2176K [0x0000000795580000, 0x00000007b1100000, 0x00000007c0000000)
  eden space 263168K, 0% used [0x0000000795580000,0x0000000795580000,0x00000007a5680000)
  from space 2560K, 85% used [0x00000007b0300000,0x00000007b0520000,0x00000007b0580000)
  to   space 8192K, 0% used [0x00000007b0900000,0x00000007b0900000,0x00000007b1100000)
 ParOldGen       total 175104K, used 17296K [0x0000000740000000, 0x000000074ab00000, 0x0000000795580000)
  object space 175104K, 9% used [0x0000000740000000,0x00000007410e4048,0x000000074ab00000)
 Metaspace       used 20268K, capacity 20648K, committed 20736K, reserved 1067008K
  class space    used 2379K, capacity 2477K, committed 2560K, reserved 1048576K
}
Event: 43.003 GC heap before
{Heap before GC invocations=37 (full 3):
 PSYoungGen      total 265728K, used 265344K [0x0000000795580000, 0x00000007b1100000, 0x00000007c0000000)
  eden space 263168K, 100% used [0x0000000795580000,0x00000007a5680000,0x00000007a5680000)
  from space 2560K, 85% used [0x00000007b0300000,0x00000007b0520000,0x00000007b0580000)
  to   space 8192K, 0% used [0x00000007b0900000,0x00000007b0900000,0x00000007b1100000)
 ParOldGen       total 175104K, used 17296K [0x0000000740000000, 0x000000074ab00000, 0x0000000795580000)
  object space 175104K, 9% used [0x0000000740000000,0x00000007410e4048,0x000000074ab00000)
 Metaspace       used 20268K, capacity 20648K, committed 20736K, reserved 1067008K
  class space    used 2379K, capacity 2477K, committed 2560K, reserved 1048576K
Event: 43.005 GC heap after
Heap after GC invocations=37 (full 3):
 PSYoungGen      total 255488K, used 2080K [0x0000000795580000, 0x00000007b0b80000, 0x00000007c0000000)
  eden space 252928K, 0% used [0x0000000795580000,0x0000000795580000,0x00000007a4c80000)
  from space 2560K, 81% used [0x00000007b0900000,0x00000007b0b08000,0x00000007b0b80000)
  to   space 7680K, 0% used [0x00000007afc80000,0x00000007afc80000,0x00000007b0400000)
 ParOldGen       total 175104K, used 17328K [0x0000000740000000, 0x000000074ab00000, 0x0000000795580000)
  object space 175104K, 9% used [0x0000000740000000,0x00000007410ec048,0x000000074ab00000)
 Metaspace       used 20268K, capacity 20648K, committed 20736K, reserved 1067008K
  class space    used 2379K, capacity 2477K, committed 2560K, reserved 1048576K
}
Event: 43.286 GC heap before
{Heap before GC invocations=38 (full 3):
 PSYoungGen      total 255488K, used 243962K [0x0000000795580000, 0x00000007b0b80000, 0x00000007c0000000)
  eden space 252928K, 95% used [0x0000000795580000,0x00000007a41b6960,0x00000007a4c80000)
  from space 2560K, 81% used [0x00000007b0900000,0x00000007b0b08000,0x00000007b0b80000)
  to   space 7680K, 0% used [0x00000007afc80000,0x00000007afc80000,0x00000007b0400000)
 ParOldGen       total 175104K, used 17328K [0x0000000740000000, 0x000000074ab00000, 0x0000000795580000)
  object space 175104K, 9% used [0x0000000740000000,0x00000007410ec048,0x000000074ab00000)
 Metaspace       used 20326K, capacity 20720K, committed 20992K, reserved 1067008K
  class space    used 2386K, capacity 2489K, committed 2560K, reserved 1048576K
Event: 43.288 GC heap after
Heap after GC invocations=38 (full 3):
 PSYoungGen      total 254464K, used 1504K [0x0000000795580000, 0x00000007b0980000, 0x00000007c0000000)
  eden space 252928K, 0% used [0x0000000795580000,0x0000000795580000,0x00000007a4c80000)
  from space 1536K, 97% used [0x00000007afc80000,0x00000007afdf8000,0x00000007afe00000)
  to   space 7680K, 0% used [0x00000007b0200000,0x00000007b0200000,0x00000007b0980000)
 ParOldGen       total 175104K, used 17400K [0x0000000740000000, 0x000000074ab00000, 0x0000000795580000)
  object space 175104K, 9% used [0x0000000740000000,0x00000007410fe048,0x000000074ab00000)
 Metaspace       used 20326K, capacity 20720K, committed 20992K, reserved 1067008K
  class space    used 2386K, capacity 2489K, committed 2560K, reserved 1048576K
}
Event: 43.288 GC heap before
{Heap before GC invocations=39 (full 4):
 PSYoungGen      total 254464K, used 1504K [0x0000000795580000, 0x00000007b0980000, 0x00000007c0000000)
  eden space 252928K, 0% used [0x0000000795580000,0x0000000795580000,0x00000007a4c80000)
  from space 1536K, 97% used [0x00000007afc80000,0x00000007afdf8000,0x00000007afe00000)
  to   space 7680K, 0% used [0x00000007b0200000,0x00000007b0200000,0x00000007b0980000)
 ParOldGen       total 175104K, used 17400K [0x0000000740000000, 0x000000074ab00000, 0x0000000795580000)
  object space 175104K, 9% used [0x0000000740000000,0x00000007410fe048,0x000000074ab00000)
 Metaspace       used 20326K, capacity 20720K, committed 20992K, reserved 1067008K
  class space    used 2386K, capacity 2489K, committed 2560K, reserved 1048576K
Event: 43.349 GC heap after
Heap after GC invocations=39 (full 4):
 PSYoungGen      total 254464K, used 0K [0x0000000795580000, 0x00000007b0980000, 0x00000007c0000000)
  eden space 252928K, 0% used [0x0000000795580000,0x0000000795580000,0x00000007a4c80000)
  from space 1536K, 0% used [0x00000007afc80000,0x00000007afc80000,0x00000007afe00000)
  to   space 7680K, 0% used [0x00000007b0200000,0x00000007b0200000,0x00000007b0980000)
 ParOldGen       total 175104K, used 12611K [0x0000000740000000, 0x000000074ab00000, 0x0000000795580000)
  object space 175104K, 7% used [0x0000000740000000,0x0000000740c50ce8,0x000000074ab00000)
 Metaspace       used 20326K, capacity 20720K, committed 20992K, reserved 1067008K
  class space    used 2386K, capacity 2489K, committed 2560K, reserved 1048576K
}

Deoptimization events (10 events):
Event: 17.691 Thread 0x00007f92a3828000 Uncommon trap: reason=class_check action=maybe_recompile pc=0x000000010fb05d20 method=java.util.regex.Pattern$CharProperty.study(Ljava/util/regex/Pattern$TreeInfo;)Z @ 25
Event: 17.791 Thread 0x00007f92a3828000 Uncommon trap: reason=class_check action=maybe_recompile pc=0x000000010fb05d20 method=java.util.regex.Pattern$CharProperty.study(Ljava/util/regex/Pattern$TreeInfo;)Z @ 25
Event: 17.799 Thread 0x00007f92a3828000 Uncommon trap: reason=predicate action=maybe_recompile pc=0x000000010f56112c method=java.util.AbstractCollection.toArray([Ljava/lang/Object;)[Ljava/lang/Object; @ 49
Event: 17.806 Thread 0x00007f92a3828000 Uncommon trap: reason=array_check action=maybe_recompile pc=0x000000010f99077c method=java.util.AbstractCollection.toArray([Ljava/lang/Object;)[Ljava/lang/Object; @ 119
Event: 17.806 Thread 0x00007f92a3828000 Uncommon trap: reason=array_check action=maybe_recompile pc=0x000000010f99077c method=java.util.AbstractCollection.toArray([Ljava/lang/Object;)[Ljava/lang/Object; @ 119
Event: 17.806 Thread 0x00007f92a3828000 Uncommon trap: reason=array_check action=maybe_recompile pc=0x000000010f99077c method=java.util.AbstractCollection.toArray([Ljava/lang/Object;)[Ljava/lang/Object; @ 119
Event: 17.807 Thread 0x00007f92a3828000 Uncommon trap: reason=array_check action=maybe_recompile pc=0x000000010f99077c method=java.util.AbstractCollection.toArray([Ljava/lang/Object;)[Ljava/lang/Object; @ 119
Event: 23.766 Thread 0x00007f92a3828000 Uncommon trap: reason=unstable_if action=reinterpret pc=0x000000010f20839c method=java.lang.Long.toString(J)Ljava/lang/String; @ 14
Event: 23.766 Thread 0x00007f92a3828000 Uncommon trap: reason=unstable_if action=reinterpret pc=0x000000010feff3e4 method=java.lang.Long.getChars(JI[C)V @ 9
Event: 40.829 Thread 0x00007f92a3828000 Uncommon trap: reason=unstable_if action=reinterpret pc=0x000000010f1b8c10 method=sun.misc.FloatingDecimal$BinaryToASCIIBuffer.dtoa(IJIZ)V @ 1213

Internal exceptions (10 events):
Event: 5.214 Thread 0x00007f92a3828000 Exception <a 'java/io/FileNotFoundException'> (0x0000000797f52880) thrown at [/Users/java_re/workspace/8-2-build-macosx-x86_64/jdk8u121/8372/hotspot/src/share/vm/prims/jni.cpp, line 709]
Event: 5.231 Thread 0x00007f92a3828000 Exception <a 'java/io/FileNotFoundException'> (0x0000000797f5f860) thrown at [/Users/java_re/workspace/8-2-build-macosx-x86_64/jdk8u121/8372/hotspot/src/share/vm/prims/jni.cpp, line 709]
Event: 5.510 Thread 0x00007f92a3828000 Implicit null exception at 0x000000010f2f96b5 to 0x000000010f2f9909
Event: 5.510 Thread 0x00007f92a3828000 Implicit null exception at 0x000000010f462ffb to 0x000000010f4638a1
Event: 7.738 Thread 0x00007f92a3828000 Implicit null exception at 0x000000010fa1da41 to 0x000000010fa1db65
Event: 9.504 Thread 0x00007f92a3828000 Implicit null exception at 0x000000010fcfc85a to 0x000000010fd00849
Event: 9.583 Thread 0x00007f92a3828000 Implicit null exception at 0x000000010fcf64b0 to 0x000000010fcf7005
Event: 14.730 Thread 0x00007f92a3828000 Exception <a 'java/io/FileNotFoundException'> (0x000000079ce5a660) thrown at [/Users/java_re/workspace/8-2-build-macosx-x86_64/jdk8u121/8372/hotspot/src/share/vm/prims/jni.cpp, line 709]
Event: 23.613 Thread 0x00007f92a3828000 Exception <a 'java/io/FileNotFoundException'> (0x00000007a0695780) thrown at [/Users/java_re/workspace/8-2-build-macosx-x86_64/jdk8u121/8372/hotspot/src/share/vm/prims/jni.cpp, line 709]
Event: 40.670 Thread 0x00007f92a3828000 Exception <a 'java/io/FileNotFoundException'> (0x00000007a0f9c5a8) thrown at [/Users/java_re/workspace/8-2-build-macosx-x86_64/jdk8u121/8372/hotspot/src/share/vm/prims/jni.cpp, line 709]

Events (10 events):
Event: 43.350 Executing VM operation: RevokeBias done
Event: 43.350 Executing VM operation: RevokeBias
Event: 43.350 Executing VM operation: RevokeBias done
Event: 43.350 Executing VM operation: RevokeBias
Event: 43.350 Executing VM operation: RevokeBias done
Event: 43.350 Executing VM operation: RevokeBias
Event: 43.350 Executing VM operation: RevokeBias done
Event: 43.350 Executing VM operation: RevokeBias
Event: 43.350 Executing VM operation: RevokeBias done
Event: 43.977 Thread 0x00007f92a30bb800 flushing nmethod 0x000000010f1bf6d0


Dynamic libraries:
0x0000000021ee7000 	/System/Library/Frameworks/CoreFoundation.framework/Versions/A/CoreFoundation
0x0000000021ee7000 	/System/Library/Frameworks/IOKit.framework/Versions/A/IOKit
0x0000000021ee7000 	/usr/lib/libstdc++.6.0.9.dylib
0x0000000100a90000 	/Applications/IBM/SPSS/Statistics/25/SPSSStatistics.app/Contents/lib/libtempdir.dylib
0x0000000100ab2000 	/Applications/IBM/SPSS/Statistics/25/SPSSStatistics.app/Contents/lib/libspssxd.dylib
0x0000000100d61000 	/Applications/IBM/SPSS/Statistics/25/SPSSStatistics.app/Contents/lib/libspssdxcom.dylib
0x0000000100da8000 	/Applications/IBM/SPSS/Statistics/25/SPSSStatistics.app/Contents/common/ext/bin/spss.common/libscorelib850r.dylib
0x0000000100eab000 	/Applications/IBM/SPSS/Statistics/25/SPSSStatistics.app/Contents/common/ext/bin/spss.common/libGeneralRegressionModel850r.dylib
0x0000000100f1f000 	/Applications/IBM/SPSS/Statistics/25/SPSSStatistics.app/Contents/common/ext/bin/spss.common/libdiscriminant-model850r.dylib
0x0000000021ee7000 	/usr/lib/libSystem.B.dylib
0x0000000021ee7000 	/usr/lib/libDiagnosticMessagesClient.dylib
0x0000000021ee7000 	/usr/lib/libicucore.A.dylib
0x0000000021ee7000 	/usr/lib/libobjc.A.dylib
0x0000000021ee7000 	/usr/lib/libz.1.dylib
0x0000000021ee7000 	/usr/lib/system/libcache.dylib
0x0000000021ee7000 	/usr/lib/system/libcommonCrypto.dylib
0x0000000021ee7000 	/usr/lib/system/libcompiler_rt.dylib
0x0000000021ee7000 	/usr/lib/system/libcopyfile.dylib
0x0000000021ee7000 	/usr/lib/system/libcorecrypto.dylib
0x0000000021ee7000 	/usr/lib/system/libdispatch.dylib
0x0000000021ee7000 	/usr/lib/system/libdyld.dylib
0x0000000021ee7000 	/usr/lib/system/libkeymgr.dylib
0x0000000021ee7000 	/usr/lib/system/liblaunch.dylib
0x0000000021ee7000 	/usr/lib/system/libmacho.dylib
0x0000000021ee7000 	/usr/lib/system/libquarantine.dylib
0x0000000021ee7000 	/usr/lib/system/libremovefile.dylib
0x0000000021ee7000 	/usr/lib/system/libsystem_asl.dylib
0x0000000021ee7000 	/usr/lib/system/libsystem_blocks.dylib
0x0000000021ee7000 	/usr/lib/system/libsystem_c.dylib
0x0000000021ee7000 	/usr/lib/system/libsystem_configuration.dylib
0x0000000021ee7000 	/usr/lib/system/libsystem_coreservices.dylib
0x0000000021ee7000 	/usr/lib/system/libsystem_darwin.dylib
0x0000000021ee7000 	/usr/lib/system/libsystem_dnssd.dylib
0x0000000021ee7000 	/usr/lib/system/libsystem_info.dylib
0x0000000021ee7000 	/usr/lib/system/libsystem_m.dylib
0x0000000021ee7000 	/usr/lib/system/libsystem_malloc.dylib
0x0000000021ee7000 	/usr/lib/system/libsystem_network.dylib
0x0000000021ee7000 	/usr/lib/system/libsystem_networkextension.dylib
0x0000000021ee7000 	/usr/lib/system/libsystem_notify.dylib
0x0000000021ee7000 	/usr/lib/system/libsystem_sandbox.dylib
0x0000000021ee7000 	/usr/lib/system/libsystem_secinit.dylib
0x0000000021ee7000 	/usr/lib/system/libsystem_kernel.dylib
0x0000000021ee7000 	/usr/lib/system/libsystem_platform.dylib
0x0000000021ee7000 	/usr/lib/system/libsystem_pthread.dylib
0x0000000021ee7000 	/usr/lib/system/libsystem_symptoms.dylib
0x0000000021ee7000 	/usr/lib/system/libsystem_trace.dylib
0x0000000021ee7000 	/usr/lib/system/libunwind.dylib
0x0000000021ee7000 	/usr/lib/system/libxpc.dylib
0x0000000021ee7000 	/usr/lib/closure/libclosured.dylib
0x0000000021ee7000 	/usr/lib/libc++abi.dylib
0x0000000021ee7000 	/usr/lib/libc++.1.dylib
0x0000000021ee7000 	/usr/lib/libenergytrace.dylib
0x0000000021ee7000 	/usr/lib/libbsm.0.dylib
0x0000000021ee7000 	/usr/lib/system/libkxld.dylib
0x0000000100f44000 	/Applications/IBM/SPSS/Statistics/25/SPSSStatistics.app/Contents/lib/libifcoremt.dylib
0x00000001010bd000 	/Applications/IBM/SPSS/Statistics/25/SPSSStatistics.app/Contents/lib/libimf.dylib
0x00000001013dc000 	/Applications/IBM/SPSS/Statistics/25/SPSSStatistics.app/Contents/lib/libsvml.dylib
0x0000000101ed6000 	/Applications/IBM/SPSS/Statistics/25/SPSSStatistics.app/Contents/lib/libintlc.dylib
0x0000000101f23000 	/Applications/IBM/SPSS/Statistics/25/SPSSStatistics.app/Contents/lib/libplatdep.dylib
0x0000000101f70000 	/Applications/IBM/SPSS/Statistics/25/SPSSStatistics.app/Contents/lib/libgsk8iccs.dylib
0x0000000101fe5000 	/Applications/IBM/SPSS/Statistics/25/SPSSStatistics.app/Contents/lib/libsockbsd.dylib
0x0000000101ff7000 	/Applications/IBM/SPSS/Statistics/25/SPSSStatistics.app/Contents/lib/libsfthread.dylib
0x0000000102007000 	/Applications/IBM/SPSS/Statistics/25/SPSSStatistics.app/Contents/lib/libvserial.dylib
0x0000000102024000 	/Applications/IBM/SPSS/Statistics/25/SPSSStatistics.app/Contents/lib/libvutility.dylib
0x0000000102030000 	/Applications/IBM/SPSS/Statistics/25/SPSSStatistics.app/Contents/lib/libicuuc.51.2.dylib
0x0000000102210000 	/Applications/IBM/SPSS/Statistics/25/SPSSStatistics.app/Contents/lib/libicui18n.51.2.dylib
0x00000001024e1000 	/Applications/IBM/SPSS/Statistics/25/SPSSStatistics.app/Contents/lib/libxerces-c-3.1.dylib
0x00000001028c0000 	/Applications/IBM/SPSS/Statistics/25/SPSSStatistics.app/Contents/lib/libicudata.51.2.dylib
0x0000000103e11000 	/Applications/IBM/SPSS/Statistics/25/SPSSStatistics.app/Contents/lib/libspsswlib.dylib
0x00000001061d7000 	/Applications/IBM/SPSS/Statistics/25/SPSSStatistics.app/Contents/lib/libcpuinfo.dylib
0x00000001061e0000 	/Applications/IBM/SPSS/Statistics/25/SPSSStatistics.app/Contents/lib/libomcell.dylib
0x0000000106208000 	/Applications/IBM/SPSS/Statistics/25/SPSSStatistics.app/Contents/lib/libomfactry.dylib
0x00000001062b3000 	/Applications/IBM/SPSS/Statistics/25/SPSSStatistics.app/Contents/lib/libomtree.dylib
0x00000001062f1000 	/Applications/IBM/SPSS/Statistics/25/SPSSStatistics.app/Contents/lib/libomxxml.dylib
0x000000010632e000 	/Applications/IBM/SPSS/Statistics/25/SPSSStatistics.app/Contents/lib/libomxsav.dylib
0x0000000106346000 	/Applications/IBM/SPSS/Statistics/25/SPSSStatistics.app/Contents/lib/libomxhtml.dylib
0x000000010636e000 	/Applications/IBM/SPSS/Statistics/25/SPSSStatistics.app/Contents/lib/libomxtext.dylib
0x0000000106393000 	/Applications/IBM/SPSS/Statistics/25/SPSSStatistics.app/Contents/lib/libomxspv.dylib
0x000000010639c000 	/Applications/IBM/SPSS/Statistics/25/SPSSStatistics.app/Contents/lib/libspssjni.dylib
0x00000001063a3000 	/Applications/IBM/SPSS/Statistics/25/SPSSStatistics.app/Contents/lib/libspssjvm.dylib
0x00000001063b3000 	/Applications/IBM/SPSS/Statistics/25/SPSSStatistics.app/Contents/lib/libvizedit.dylib
0x00000001063d4000 	/Applications/IBM/SPSS/Statistics/25/SPSSStatistics.app/Contents/lib/libtransspc.dylib
0x0000000106405000 	/Applications/IBM/SPSS/Statistics/25/SPSSStatistics.app/Contents/lib/libdedstore.dylib
0x0000000106427000 	/Applications/IBM/SPSS/Statistics/25/SPSSStatistics.app/Contents/lib/libsvrdmgr.dylib
0x000000010644d000 	/Applications/IBM/SPSS/Statistics/25/SPSSStatistics.app/Contents/lib/libdatasrc.dylib
0x00000001064f5000 	/Applications/IBM/SPSS/Statistics/25/SPSSStatistics.app/Contents/lib/libsvrerrs.dylib
0x0000000106504000 	/Applications/IBM/SPSS/Statistics/25/SPSSStatistics.app/Contents/lib/libspssdemg.dylib
0x000000010654a000 	/Applications/IBM/SPSS/Statistics/25/SPSSStatistics.app/Contents/lib/libcpputil.dylib
0x0000000106587000 	/Applications/IBM/SPSS/Statistics/25/SPSSStatistics.app/Contents/lib/libstrtable.dylib
0x00000000ce59b000 	/Applications/IBM/SPSS/Statistics/25/SPSSStatistics.app/Contents/lib/libxalan-c.111.0.dylib
0x0000000106be5000 	/Applications/IBM/SPSS/Statistics/25/SPSSStatistics.app/Contents/lib/libchartutl.dylib
0x0000000106cf5000 	/Applications/IBM/SPSS/Statistics/25/SPSSStatistics.app/Contents/lib/libspssmsgs.dylib
0x0000000106d01000 	/Applications/IBM/SPSS/Statistics/25/SPSSStatistics.app/Contents/lib/libvizchart.dylib
0x0000000106f27000 	/Applications/IBM/SPSS/Statistics/25/SPSSStatistics.app/Contents/lib/libzlib1211spss.dylib
0x0000000106f60000 	/Applications/IBM/SPSS/Statistics/25/SPSSStatistics.app/Contents/lib/libindutil.dylib
0x00000000c6f71000 	/Applications/IBM/SPSS/Statistics/25/SPSSStatistics.app/Contents/lib/libxalanMsg.111.0.dylib
0x0000000106f84000 	/Applications/IBM/SPSS/Statistics/25/SPSSStatistics.app/Contents/lib/libspssiocv.dylib
0x0000000106fbc000 	/Applications/IBM/SPSS/Statistics/25/SPSSStatistics.app/Contents/lib/libreadonly.dylib
0x0000000106fc3000 	/Applications/IBM/SPSS/Statistics/25/SPSSStatistics.app/Contents/lib/libtmsutil.dylib
0x0000000106fcf000 	/Applications/IBM/SPSS/Statistics/25/SPSSStatistics.app/Contents/lib/libcvtrans.dylib
0x0000000067014000 	/Applications/IBM/SPSS/Statistics/25/SPSSStatistics.app/Contents/Library/Frameworks/Sentinel.framework/Versions/A/Sentinel
0x000000010702f000 	/Applications/IBM/SPSS/Statistics/25/SPSSStatistics.app/Contents/Library/Frameworks/SuperPro.framework/Versions/A/SuperPro
0x0000000107046000 	/Applications/IBM/SPSS/Statistics/25/SPSSStatistics.app/Contents/lib/libcmddata.dylib
0x0000000107051000 	/Applications/IBM/SPSS/Statistics/25/SPSSStatistics.app/Contents/lib/libmcbstsps.dylib
0x0000000021ee7000 	/usr/lib/libiconv.2.dylib
0x0000000021ee7000 	/System/Library/Frameworks/CoreServices.framework/Versions/A/CoreServices
0x0000000021ee7000 	/System/Library/Frameworks/CFNetwork.framework/Versions/A/CFNetwork
0x0000000021ee7000 	/System/Library/Frameworks/CoreServices.framework/Versions/A/Frameworks/FSEvents.framework/Versions/A/FSEvents
0x0000000021ee7000 	/System/Library/Frameworks/CoreServices.framework/Versions/A/Frameworks/CarbonCore.framework/Versions/A/CarbonCore
0x0000000021ee7000 	/System/Library/Frameworks/CoreServices.framework/Versions/A/Frameworks/Metadata.framework/Versions/A/Metadata
0x0000000021ee7000 	/System/Library/Frameworks/CoreServices.framework/Versions/A/Frameworks/OSServices.framework/Versions/A/OSServices
0x0000000021ee7000 	/System/Library/Frameworks/CoreServices.framework/Versions/A/Frameworks/SearchKit.framework/Versions/A/SearchKit
0x0000000021ee7000 	/System/Library/Frameworks/CoreServices.framework/Versions/A/Frameworks/AE.framework/Versions/A/AE
0x0000000021ee7000 	/System/Library/Frameworks/CoreServices.framework/Versions/A/Frameworks/LaunchServices.framework/Versions/A/LaunchServices
0x0000000021ee7000 	/System/Library/Frameworks/CoreServices.framework/Versions/A/Frameworks/DictionaryServices.framework/Versions/A/DictionaryServices
0x0000000021ee7000 	/System/Library/Frameworks/CoreServices.framework/Versions/A/Frameworks/SharedFileList.framework/Versions/A/SharedFileList
0x0000000021ee7000 	/usr/lib/libauto.dylib
0x0000000021ee7000 	/System/Library/Frameworks/SystemConfiguration.framework/Versions/A/SystemConfiguration
0x0000000021ee7000 	/System/Library/Frameworks/Security.framework/Versions/A/Security
0x0000000021ee7000 	/usr/lib/libsqlite3.dylib
0x0000000021ee7000 	/usr/lib/libxml2.2.dylib
0x0000000021ee7000 	/usr/lib/libnetwork.dylib
0x0000000021ee7000 	/usr/lib/libapple_nghttp2.dylib
0x0000000021ee7000 	/usr/lib/libpcap.A.dylib
0x0000000021ee7000 	/usr/lib/libboringssl.dylib
0x0000000021ee7000 	/usr/lib/libusrtcp.dylib
0x0000000021ee7000 	/usr/lib/libcoretls.dylib
0x0000000021ee7000 	/usr/lib/libcoretls_cfhelpers.dylib
0x0000000021ee7000 	/usr/lib/libapple_crypto.dylib
0x0000000021ee7000 	/System/Library/Frameworks/Foundation.framework/Versions/C/Foundation
0x0000000021ee7000 	/usr/lib/libOpenScriptingUtil.dylib
0x0000000021ee7000 	/usr/lib/libpam.2.dylib
0x0000000021ee7000 	/usr/lib/libxar.1.dylib
0x0000000021ee7000 	/System/Library/Frameworks/DiskArbitration.framework/Versions/A/DiskArbitration
0x0000000021ee7000 	/usr/lib/libarchive.2.dylib
0x0000000021ee7000 	/usr/lib/liblangid.dylib
0x0000000021ee7000 	/usr/lib/libCRFSuite.dylib
0x0000000021ee7000 	/usr/lib/libbz2.1.0.dylib
0x0000000021ee7000 	/usr/lib/liblzma.5.dylib
0x0000000021ee7000 	/System/Library/Frameworks/NetFS.framework/Versions/A/NetFS
0x0000000021ee7000 	/System/Library/PrivateFrameworks/NetAuth.framework/Versions/A/NetAuth
0x0000000021ee7000 	/System/Library/PrivateFrameworks/login.framework/Versions/A/Frameworks/loginsupport.framework/Versions/A/loginsupport
0x0000000021ee7000 	/System/Library/PrivateFrameworks/TCC.framework/Versions/A/TCC
0x0000000021ee7000 	/usr/lib/libmecabra.dylib
0x0000000021ee7000 	/System/Library/Frameworks/ApplicationServices.framework/Versions/A/ApplicationServices
0x0000000021ee7000 	/System/Library/Frameworks/CoreGraphics.framework/Versions/A/CoreGraphics
0x0000000021ee7000 	/System/Library/Frameworks/CoreText.framework/Versions/A/CoreText
0x0000000021ee7000 	/System/Library/Frameworks/ImageIO.framework/Versions/A/ImageIO
0x0000000021ee7000 	/System/Library/Frameworks/ColorSync.framework/Versions/A/ColorSync
0x0000000021ee7000 	/System/Library/Frameworks/ApplicationServices.framework/Versions/A/Frameworks/ATS.framework/Versions/A/ATS
0x0000000021ee7000 	/System/Library/Frameworks/ApplicationServices.framework/Versions/A/Frameworks/ColorSyncLegacy.framework/Versions/A/ColorSyncLegacy
0x0000000021ee7000 	/System/Library/Frameworks/ApplicationServices.framework/Versions/A/Frameworks/HIServices.framework/Versions/A/HIServices
0x0000000021ee7000 	/System/Library/Frameworks/ApplicationServices.framework/Versions/A/Frameworks/LangAnalysis.framework/Versions/A/LangAnalysis
0x0000000021ee7000 	/System/Library/Frameworks/ApplicationServices.framework/Versions/A/Frameworks/PrintCore.framework/Versions/A/PrintCore
0x0000000021ee7000 	/System/Library/Frameworks/ApplicationServices.framework/Versions/A/Frameworks/QD.framework/Versions/A/QD
0x0000000021ee7000 	/System/Library/Frameworks/ApplicationServices.framework/Versions/A/Frameworks/SpeechSynthesis.framework/Versions/A/SpeechSynthesis
0x0000000021ee7000 	/System/Library/PrivateFrameworks/SkyLight.framework/Versions/A/SkyLight
0x0000000021ee7000 	/System/Library/Frameworks/Accelerate.framework/Versions/A/Accelerate
0x0000000021ee7000 	/System/Library/Frameworks/CoreDisplay.framework/Versions/A/CoreDisplay
0x0000000021ee7000 	/System/Library/Frameworks/IOSurface.framework/Versions/A/IOSurface
0x0000000021ee7000 	/System/Library/Frameworks/Metal.framework/Versions/A/Metal
0x0000000021ee7000 	/System/Library/PrivateFrameworks/MultitouchSupport.framework/Versions/A/MultitouchSupport
0x0000000021ee7000 	/System/Library/Frameworks/QuartzCore.framework/Versions/A/QuartzCore
0x0000000021ee7000 	/System/Library/Frameworks/Accelerate.framework/Versions/A/Frameworks/vImage.framework/Versions/A/vImage
0x0000000021ee7000 	/System/Library/Frameworks/Accelerate.framework/Versions/A/Frameworks/vecLib.framework/Versions/A/vecLib
0x0000000021ee7000 	/System/Library/Frameworks/Accelerate.framework/Versions/A/Frameworks/vecLib.framework/Versions/A/libvDSP.dylib
0x0000000021ee7000 	/System/Library/Frameworks/Accelerate.framework/Versions/A/Frameworks/vecLib.framework/Versions/A/libBNNS.dylib
0x0000000021ee7000 	/System/Library/Frameworks/Accelerate.framework/Versions/A/Frameworks/vecLib.framework/Versions/A/libQuadrature.dylib
0x0000000021ee7000 	/System/Library/Frameworks/Accelerate.framework/Versions/A/Frameworks/vecLib.framework/Versions/A/libvMisc.dylib
0x0000000021ee7000 	/System/Library/Frameworks/Accelerate.framework/Versions/A/Frameworks/vecLib.framework/Versions/A/libLAPACK.dylib
0x0000000021ee7000 	/System/Library/Frameworks/Accelerate.framework/Versions/A/Frameworks/vecLib.framework/Versions/A/libBLAS.dylib
0x0000000021ee7000 	/System/Library/Frameworks/Accelerate.framework/Versions/A/Frameworks/vecLib.framework/Versions/A/libLinearAlgebra.dylib
0x0000000021ee7000 	/System/Library/Frameworks/Accelerate.framework/Versions/A/Frameworks/vecLib.framework/Versions/A/libSparse.dylib
0x0000000021ee7000 	/System/Library/Frameworks/Accelerate.framework/Versions/A/Frameworks/vecLib.framework/Versions/A/libSparseBLAS.dylib
0x0000000021ee7000 	/System/Library/PrivateFrameworks/IOAccelerator.framework/Versions/A/IOAccelerator
0x0000000021ee7000 	/System/Library/PrivateFrameworks/IOPresentment.framework/Versions/A/IOPresentment
0x0000000021ee7000 	/System/Library/PrivateFrameworks/DSExternalDisplay.framework/Versions/A/DSExternalDisplay
0x0000000021ee7000 	/System/Library/Frameworks/OpenGL.framework/Versions/A/Libraries/libCoreFSCache.dylib
0x0000000021ee7000 	/System/Library/Frameworks/CoreImage.framework/Versions/A/CoreImage
0x0000000021ee7000 	/System/Library/Frameworks/CoreVideo.framework/Versions/A/CoreVideo
0x0000000021ee7000 	/System/Library/Frameworks/OpenGL.framework/Versions/A/OpenGL
0x0000000021ee7000 	/System/Library/PrivateFrameworks/GraphVisualizer.framework/Versions/A/GraphVisualizer
0x0000000021ee7000 	/System/Library/Frameworks/MetalPerformanceShaders.framework/Versions/A/MetalPerformanceShaders
0x0000000021ee7000 	/usr/lib/libFosl_dynamic.dylib
0x0000000021ee7000 	/System/Library/PrivateFrameworks/FaceCore.framework/Versions/A/FaceCore
0x0000000021ee7000 	/System/Library/Frameworks/OpenCL.framework/Versions/A/OpenCL
0x0000000021ee7000 	/usr/lib/libcompression.dylib
0x0000000021ee7000 	/System/Library/Frameworks/ApplicationServices.framework/Versions/A/Frameworks/ATS.framework/Versions/A/Resources/libFontParser.dylib
0x0000000021ee7000 	/System/Library/Frameworks/ApplicationServices.framework/Versions/A/Frameworks/ATS.framework/Versions/A/Resources/libFontRegistry.dylib
0x0000000021ee7000 	/System/Library/Frameworks/ImageIO.framework/Versions/A/Resources/libJPEG.dylib
0x0000000021ee7000 	/System/Library/Frameworks/ImageIO.framework/Versions/A/Resources/libTIFF.dylib
0x0000000021ee7000 	/System/Library/Frameworks/ImageIO.framework/Versions/A/Resources/libPng.dylib
0x0000000021ee7000 	/System/Library/Frameworks/ImageIO.framework/Versions/A/Resources/libGIF.dylib
0x0000000021ee7000 	/System/Library/Frameworks/ImageIO.framework/Versions/A/Resources/libJP2.dylib
0x0000000021ee7000 	/System/Library/Frameworks/ImageIO.framework/Versions/A/Resources/libRadiance.dylib
0x0000000021ee7000 	/System/Library/PrivateFrameworks/AppleJPEG.framework/Versions/A/AppleJPEG
0x0000000021ee7000 	/System/Library/PrivateFrameworks/MetalTools.framework/Versions/A/MetalTools
0x0000000021ee7000 	/System/Library/Frameworks/MetalPerformanceShaders.framework/Frameworks/MPSCore.framework/Versions/A/MPSCore
0x0000000021ee7000 	/System/Library/Frameworks/MetalPerformanceShaders.framework/Frameworks/MPSImage.framework/Versions/A/MPSImage
0x0000000021ee7000 	/System/Library/Frameworks/MetalPerformanceShaders.framework/Frameworks/MPSMatrix.framework/Versions/A/MPSMatrix
0x0000000021ee7000 	/System/Library/Frameworks/MetalPerformanceShaders.framework/Frameworks/MPSNeuralNetwork.framework/Versions/A/MPSNeuralNetwork
0x0000000021ee7000 	/System/Library/Frameworks/OpenGL.framework/Versions/A/Libraries/libGLU.dylib
0x0000000021ee7000 	/System/Library/Frameworks/OpenGL.framework/Versions/A/Libraries/libGFXShared.dylib
0x0000000021ee7000 	/System/Library/Frameworks/OpenGL.framework/Versions/A/Libraries/libGL.dylib
0x0000000021ee7000 	/System/Library/Frameworks/OpenGL.framework/Versions/A/Libraries/libGLImage.dylib
0x0000000021ee7000 	/System/Library/Frameworks/OpenGL.framework/Versions/A/Libraries/libCVMSPluginSupport.dylib
0x0000000021ee7000 	/System/Library/Frameworks/OpenGL.framework/Versions/A/Libraries/libCoreVMClient.dylib
0x0000000021ee7000 	/usr/lib/libcups.2.dylib
0x0000000021ee7000 	/System/Library/Frameworks/Kerberos.framework/Versions/A/Kerberos
0x0000000021ee7000 	/System/Library/Frameworks/GSS.framework/Versions/A/GSS
0x0000000021ee7000 	/usr/lib/libresolv.9.dylib
0x0000000021ee7000 	/System/Library/PrivateFrameworks/Heimdal.framework/Versions/A/Heimdal
0x0000000021ee7000 	/usr/lib/libheimdal-asn1.dylib
0x0000000021ee7000 	/System/Library/Frameworks/OpenDirectory.framework/Versions/A/OpenDirectory
0x0000000021ee7000 	/System/Library/PrivateFrameworks/CommonAuth.framework/Versions/A/CommonAuth
0x0000000021ee7000 	/System/Library/Frameworks/OpenDirectory.framework/Versions/A/Frameworks/CFOpenDirectory.framework/Versions/A/CFOpenDirectory
0x0000000021ee7000 	/System/Library/Frameworks/SecurityFoundation.framework/Versions/A/SecurityFoundation
0x0000000021ee7000 	/System/Library/PrivateFrameworks/APFS.framework/Versions/A/APFS
0x0000000021ee7000 	/usr/lib/libutil.dylib
0x0000000021ee7000 	/System/Library/Frameworks/CoreAudio.framework/Versions/A/CoreAudio
0x0000000021ee7000 	/System/Library/Frameworks/AudioToolbox.framework/Versions/A/AudioToolbox
0x0000000021ee7000 	/System/Library/PrivateFrameworks/AppleSauce.framework/Versions/A/AppleSauce
0x0000000021ee7000 	/System/Library/PrivateFrameworks/LinguisticData.framework/Versions/A/LinguisticData
0x0000000021ee7000 	/usr/lib/libmarisa.dylib
0x0000000021ee7000 	/System/Library/PrivateFrameworks/Lexicon.framework/Versions/A/Lexicon
0x0000000021ee7000 	/usr/lib/libChineseTokenizer.dylib
0x0000000021ee7000 	/usr/lib/libcmph.dylib
0x0000000021ee7000 	/System/Library/PrivateFrameworks/LanguageModeling.framework/Versions/A/LanguageModeling
0x0000000021ee7000 	/System/Library/Frameworks/CoreData.framework/Versions/A/CoreData
0x0000000021ee7000 	/System/Library/PrivateFrameworks/CoreEmoji.framework/Versions/A/CoreEmoji
0x0000000021ee7000 	/System/Library/Frameworks/ServiceManagement.framework/Versions/A/ServiceManagement
0x0000000021ee7000 	/System/Library/PrivateFrameworks/BackgroundTaskManagement.framework/Versions/A/BackgroundTaskManagement
0x0000000021ee7000 	/usr/lib/libxslt.1.dylib
0x000000010705c000 	/Applications/IBM/SPSS/Statistics/25/SPSSStatistics.app/Contents/lib/libdatastr.dylib
0x0000000107079000 	/Applications/IBM/SPSS/Statistics/25/SPSSStatistics.app/Contents/lib/libstacrypt.dylib
0x0000000107086000 	/Applications/IBM/SPSS/Statistics/25/SPSSStatistics.app/Contents/lib/libmccomsps.dylib
0x000000010718a000 	/Applications/IBM/SPSS/Statistics/25/SPSSStatistics.app/Contents/lib/libspsspool.dylib
0x00000001071ca000 	/Applications/IBM/SPSS/Statistics/25/SPSSStatistics.app/Contents/lib/libxchart.dylib
0x0000000107250000 	/Applications/IBM/SPSS/Statistics/25/SPSSStatistics.app/Contents/lib/libviewerxml.dylib
0x0000000109d87000 	/Applications/IBM/SPSS/Statistics/25/SPSSStatistics.app/Contents/lib/libspsswctl.dylib
0x0000000107355000 	/Applications/IBM/SPSS/Statistics/25/SPSSStatistics.app/Contents/lib/libuparser.dylib
0x00000001073c2000 	/Applications/IBM/SPSS/Statistics/25/SPSSStatistics.app/Contents/lib/libspssdx.dylib
0x0000000109e9b000 	/Applications/IBM/SPSS/Statistics/25/SPSSStatistics.app/Contents/lib/libomsopmgr.dylib
0x0000000109ec2000 	/Applications/IBM/SPSS/Statistics/25/SPSSStatistics.app/Contents/lib/libspsswcis.dylib
0x0000000109ff3000 	/Applications/IBM/SPSS/Statistics/25/SPSSStatistics.app/Contents/lib/libspsswmsg.dylib
0x000000010a01b000 	/Applications/IBM/SPSS/Statistics/25/SPSSStatistics.app/Contents/lib/libuadapter.dylib
0x000000010a050000 	/Applications/IBM/SPSS/Statistics/25/SPSSStatistics.app/Contents/lib/libspssclef.dylib
0x000000010a094000 	/Applications/IBM/SPSS/Statistics/25/SPSSStatistics.app/Contents/ext/bin/spss.common/libcfcore.dylib
0x000000010a179000 	/Applications/IBM/SPSS/Statistics/25/SPSSStatistics.app/Contents/ext/bin/spss.common/libcfcommon.dylib
0x000000010a1f2000 	/Applications/IBM/SPSS/Statistics/25/SPSSStatistics.app/Contents/lib/libfmsgs.dylib
0x000000010a226000 	/Applications/IBM/SPSS/Statistics/25/SPSSStatistics.app/Contents/lib/libnetcom.dylib
0x00000001073ee000 	/Applications/IBM/SPSS/Statistics/25/SPSSStatistics.app/Contents/lib/libfwutility.dylib
0x000000010a24e000 	/Applications/IBM/SPSS/Statistics/25/SPSSStatistics.app/Contents/lib/libfilesort.dylib
0x000000010a262000 	/Applications/IBM/SPSS/Statistics/25/SPSSStatistics.app/Contents/lib/libmtxp.dylib
0x000000010a27e000 	/Applications/IBM/SPSS/Statistics/25/SPSSStatistics.app/Contents/ext/bin/spss.common/libcorethread.dylib
0x000000010201d000 	/Applications/IBM/SPSS/Statistics/25/SPSSStatistics.app/Contents/ext/bin/spss.common/libcfthread.dylib
0x000000010a28e000 	/Applications/IBM/SPSS/Statistics/25/SPSSStatistics.app/Contents/common/ext/bin/spss.common/libcfcomserv.dylib
0x000000010a2a6000 	/Applications/IBM/SPSS/Statistics/25/SPSSStatistics.app/Contents/ext/bin/spss.common/libcfextension.dylib
0x000000010a2de000 	/Applications/IBM/SPSS/Statistics/25/SPSSStatistics.app/Contents/ext/bin/spss.common/libcffilter.dylib
0x000000010a2ed000 	/Applications/IBM/SPSS/Statistics/25/SPSSStatistics.app/Contents/ext/bin/spss.common/libcfcatencode.dylib
0x0000000100f3f000 	/Applications/IBM/SPSS/Statistics/25/SPSSStatistics.app/Contents/ext/bin/spss.common/libcfcomstatistic.dylib
0x000000010a30c000 	/Applications/IBM/SPSS/Statistics/25/SPSSStatistics.app/Contents/ext/bin/spss.common/libtempfiles.dylib
0x000000010d332000 	/Applications/IBM/SPSS/Statistics/25/SPSSStatistics.app/Contents/lib/libpesrepo.dylib
0x000000010dc4e000 	/Applications/IBM/SPSS/Statistics/25/SPSSStatistics.app/Contents/lib/libspsswfil.dylib
0x000000010dcee000 	/Applications/IBM/SPSS/Statistics/25/SPSSStatistics.app/Contents/lib/libchartxml.dylib
0x000000010dd4e000 	/Applications/IBM/SPSS/Statistics/25/SPSSStatistics.app/Contents/lib/libxlsxdac.dylib
0x00000001073f6000 	/Applications/IBM/SPSS/Statistics/25/SPSSStatistics.app/Contents/lib/libpkginpr.dylib
0x000000010dd86000 	/Applications/IBM/SPSS/Statistics/25/SPSSStatistics.app/Contents/lib/libdacmmsgs.dylib
0x0000000106420000 	/Applications/IBM/SPSS/Statistics/25/SPSSStatistics.app/Contents/lib/libtxtwdmsg.dylib
0x000000010dd92000 	/Applications/IBM/SPSS/Statistics/25/SPSSStatistics.app/Contents/JRE/lib/jli/libjli.dylib
0x0000000021ee7000 	/System/Library/Frameworks/Cocoa.framework/Versions/A/Cocoa
0x0000000021ee7000 	/System/Library/Frameworks/AppKit.framework/Versions/C/AppKit
0x0000000021ee7000 	/System/Library/PrivateFrameworks/RemoteViewServices.framework/Versions/A/RemoteViewServices
0x0000000021ee7000 	/System/Library/PrivateFrameworks/UIFoundation.framework/Versions/A/UIFoundation
0x0000000021ee7000 	/System/Library/PrivateFrameworks/DFRFoundation.framework/Versions/A/DFRFoundation
0x0000000021ee7000 	/System/Library/PrivateFrameworks/DesktopServicesPriv.framework/Versions/A/DesktopServicesPriv
0x0000000021ee7000 	/usr/lib/libScreenReader.dylib
0x0000000021ee7000 	/System/Library/Frameworks/AudioUnit.framework/Versions/A/AudioUnit
0x0000000021ee7000 	/System/Library/PrivateFrameworks/DataDetectorsCore.framework/Versions/A/DataDetectorsCore
0x0000000021ee7000 	/System/Library/Frameworks/Carbon.framework/Versions/A/Frameworks/HIToolbox.framework/Versions/A/HIToolbox
0x0000000021ee7000 	/System/Library/Frameworks/Carbon.framework/Versions/A/Frameworks/SpeechRecognition.framework/Versions/A/SpeechRecognition
0x0000000021ee7000 	/System/Library/PrivateFrameworks/CoreUI.framework/Versions/A/CoreUI
0x0000000021ee7000 	/System/Library/PrivateFrameworks/PerformanceAnalysis.framework/Versions/A/PerformanceAnalysis
0x0000000021ee7000 	/System/Library/PrivateFrameworks/Backup.framework/Versions/A/Backup
0x0000000021ee7000 	/System/Library/Frameworks/Carbon.framework/Versions/A/Frameworks/Ink.framework/Versions/A/Ink
0x0000000021ee7000 	/System/Library/PrivateFrameworks/TextureIO.framework/Versions/A/TextureIO
0x0000000021ee7000 	/usr/lib/libate.dylib
0x0000000021ee7000 	/System/Library/PrivateFrameworks/CrashReporterSupport.framework/Versions/A/CrashReporterSupport
0x0000000021ee7000 	/System/Library/PrivateFrameworks/Sharing.framework/Versions/A/Sharing
0x0000000021ee7000 	/System/Library/PrivateFrameworks/IconServices.framework/Versions/A/IconServices
0x0000000021ee7000 	/System/Library/PrivateFrameworks/ProtocolBuffer.framework/Versions/A/ProtocolBuffer
0x0000000021ee7000 	/System/Library/PrivateFrameworks/Apple80211.framework/Versions/A/Apple80211
0x0000000021ee7000 	/System/Library/Frameworks/CoreWLAN.framework/Versions/A/CoreWLAN
0x0000000021ee7000 	/System/Library/PrivateFrameworks/CoreUtils.framework/Versions/A/CoreUtils
0x0000000021ee7000 	/System/Library/Frameworks/IOBluetooth.framework/Versions/A/IOBluetooth
0x0000000021ee7000 	/System/Library/PrivateFrameworks/CoreWiFi.framework/Versions/A/CoreWiFi
0x0000000021ee7000 	/System/Library/Frameworks/CoreBluetooth.framework/Versions/A/CoreBluetooth
0x0000000021ee7000 	/System/Library/PrivateFrameworks/SignpostNotification.framework/Versions/A/SignpostNotification
0x0000000021ee7000 	/System/Library/PrivateFrameworks/DebugSymbols.framework/Versions/A/DebugSymbols
0x0000000021ee7000 	/System/Library/PrivateFrameworks/CoreSymbolication.framework/Versions/A/CoreSymbolication
0x0000000021ee7000 	/System/Library/PrivateFrameworks/Symbolication.framework/Versions/A/Symbolication
0x0000000021ee7000 	/System/Library/PrivateFrameworks/AppleFSCompression.framework/Versions/A/AppleFSCompression
0x0000000021ee7000 	/System/Library/PrivateFrameworks/SpeechRecognitionCore.framework/Versions/A/SpeechRecognitionCore
0x000000010dda2000 	/Applications/IBM/SPSS/Statistics/25/SPSSStatistics.app/Contents/JRE//lib/server/libjvm.dylib
0x000000010ed44000 	/Applications/IBM/SPSS/Statistics/25/SPSSStatistics.app/Contents/JRE/lib/libverify.dylib
0x000000010ed52000 	/Applications/IBM/SPSS/Statistics/25/SPSSStatistics.app/Contents/JRE/lib/libjava.dylib
0x000000010ed87000 	/Applications/IBM/SPSS/Statistics/25/SPSSStatistics.app/Contents/JRE/lib/libzip.dylib
0x0000000021ee7000 	/System/Library/Frameworks/JavaVM.framework/Versions/A/Frameworks/JavaRuntimeSupport.framework/Versions/A/JavaRuntimeSupport
0x0000000021ee7000 	/System/Library/Frameworks/JavaVM.framework/Versions/A/Frameworks/JavaNativeFoundation.framework/Versions/A/JavaNativeFoundation
0x0000000021ee7000 	/System/Library/Frameworks/JavaVM.framework/Versions/A/JavaVM
0x0000000021ee7000 	/System/Library/Frameworks/Carbon.framework/Versions/A/Carbon
0x0000000021ee7000 	/System/Library/PrivateFrameworks/JavaLaunching.framework/Versions/A/JavaLaunching
0x0000000021ee7000 	/System/Library/Frameworks/Carbon.framework/Versions/A/Frameworks/CommonPanels.framework/Versions/A/CommonPanels
0x0000000021ee7000 	/System/Library/Frameworks/Carbon.framework/Versions/A/Frameworks/Help.framework/Versions/A/Help
0x0000000021ee7000 	/System/Library/Frameworks/Carbon.framework/Versions/A/Frameworks/ImageCapture.framework/Versions/A/ImageCapture
0x0000000021ee7000 	/System/Library/Frameworks/Carbon.framework/Versions/A/Frameworks/OpenScripting.framework/Versions/A/OpenScripting
0x0000000021ee7000 	/System/Library/Frameworks/Carbon.framework/Versions/A/Frameworks/Print.framework/Versions/A/Print
0x0000000021ee7000 	/System/Library/Frameworks/Carbon.framework/Versions/A/Frameworks/SecurityHI.framework/Versions/A/SecurityHI
0x0000000126b16000 	/Applications/IBM/SPSS/Statistics/25/SPSSStatistics.app/Contents/JRE/lib/libnet.dylib
0x000000010c333000 	/Applications/IBM/SPSS/Statistics/25/SPSSStatistics.app/Contents/lib/libspsswarc.dylib
0x000000010cf55000 	/Applications/IBM/SPSS/Statistics/25/SPSSStatistics.app/Contents/lib/libspsswalt.dylib
0x000000010d02a000 	/Applications/IBM/SPSS/Statistics/25/SPSSStatistics.app/Contents/lib/libspsswoms.dylib
0x000000010d149000 	/Applications/IBM/SPSS/Statistics/25/SPSSStatistics.app/Contents/lib/libspsswbst.dylib
0x000000010d24a000 	/Applications/IBM/SPSS/Statistics/25/SPSSStatistics.app/Contents/lib/libspsswone.dylib
0x000000010d27d000 	/Applications/IBM/SPSS/Statistics/25/SPSSStatistics.app/Contents/lib/libspssweda.dylib
0x000000010d300000 	/Applications/IBM/SPSS/Statistics/25/SPSSStatistics.app/Contents/JRE/lib/libmanagement.dylib
0x000000010d30e000 	/Applications/IBM/SPSS/Statistics/25/SPSSStatistics.app/Contents/JRE/lib/libosx.dylib
0x00000001266e2000 	/Applications/IBM/SPSS/Statistics/25/SPSSStatistics.app/Contents/JRE/lib/./libosxapp.dylib
0x0000000021ee7000 	/System/Library/Frameworks/ExceptionHandling.framework/Versions/A/ExceptionHandling
0x0000000126cb4000 	/Applications/IBM/SPSS/Statistics/25/SPSSStatistics.app/Contents/JRE/lib/libawt.dylib
0x0000000126d5c000 	/Applications/IBM/SPSS/Statistics/25/SPSSStatistics.app/Contents/JRE/lib/./libmlib_image.dylib
0x0000000126f34000 	/Applications/IBM/SPSS/Statistics/25/SPSSStatistics.app/Contents/JRE/lib/libawt_lwawt.dylib
0x0000000126feb000 	/Applications/IBM/SPSS/Statistics/25/SPSSStatistics.app/Contents/lib/libjniviewer.dylib
0x00000001266fe000 	/Applications/IBM/SPSS/Statistics/25/SPSSStatistics.app/Contents/JRE/lib/libfontmanager.dylib
0x0000000021ee7000 	/System/Library/PrivateFrameworks/CoreServicesInternal.framework/Versions/A/CoreServicesInternal
0x000000010d016000 	/Applications/IBM/SPSS/Statistics/25/SPSSStatistics.app/Contents/JRE/lib/libnio.dylib
0x0000000021ee7000 	/System/Library/Frameworks/ApplicationServices.framework/Versions/A/Frameworks/ATS.framework/Versions/A/Resources/libTrueTypeScaler.dylib

VM Arguments:
jvm_args: -Djava.library.path=/Applications/IBM/SPSS/Statistics/25/SPSSStatistics.app/Contents/bin/../JRE/lib/jli/:/Applications/IBM/SPSS/Statistics/25/SPSSStatistics.app/Contents/bin/../JRE/lib/:/Applications/IBM/SPSS/Statistics/25/SPSSStatistics.app/Contents/bin/../lib/:/Applications/IBM/SPSS/Statistics/25/SPSSStatistics.app/Contents/bin/ -Dapplication.home=/Applications/IBM/SPSS/Statistics/25/SPSSStatistics.app/Contents/bin -Dstatistics.home=/Applications/IBM/SPSS/Statistics/25/SPSSStatistics.app/Contents/bin -Djava.awt.headless=true -Dcom.sun.media.jai.disableMediaLib=true -Xms256M -Xmx2048M -XX:-UsePerfData -Dcom.ibm.jsse2.overrideDefaultProtocol=TLSv12 -Djava.io.tmpdir=/tmp/spssJN04ZS/ 
java_command: <unknown>
java_class_path (initial): :/Applications/IBM/SPSS/Statistics/25/SPSSStatistics.app/Contents/bin/ChartEditor.jar:/Applications/IBM/SPSS/Statistics/25/SPSSStatistics.app/Contents/bin/ChartEditorRes.jar:/Applications/IBM/SPSS/Statistics/25/SPSSStatistics.app/Contents/bin/CoreTools.jar:/Applications/IBM/SPSS/Statistics/25/SPSSStatistics.app/Contents/bin/CustomDialogBuilder.jar:/Applications/IBM/SPSS/Statistics/25/SPSSStatistics.app/Contents/bin/CustomDialogBuilderRes.jar:/Applications/IBM/SPSS/Statistics/25/SPSSStatistics.app/Contents/bin/ExViewerDialogDemo.jar:/Applications/IBM/SPSS/Statistics/25/SPSSStatistics.app/Contents/bin/ExViewerFrameDemo.jar:/Applications/IBM/SPSS/Statistics/25/SPSSStatistics.app/Contents/bin/ExportTools.jar:/Applications/IBM/SPSS/Statistics/25/SPSSStatistics.app/Contents/bin/ExtensionManager.jar:/Applications/IBM/SPSS/Statistics/25/SPSSStatistics.app/Contents/bin/ExtensionManagerRes.jar:/Applications/IBM/SPSS/Statistics/25/SPSSStatistics.app/Contents/bin/FieldChooser.jar:/Applications/IBM/SPSS/Statistics/25/SPSSStatistics.app/Contents/bin/InstallExtBundles.jar:/Applications/IBM/SPSS/Statistics/25/SPSSStatistics.app/Contents/bin/InstallExtBundlesRes.jar:/Applications/IBM/SPSS/Statistics/25/SPSSStatistics.app/Contents/bin/JRegEdit.jar:/Applications/IBM/SPSS/Statistics/25/SPSSStatistics.app/Contents/bin/JimiProClasses.jar:/Applications/IBM/SPSS/Statistics/25/SPSSStatistics.app/Contents/bin/LightTable.jar:/Applications/IBM/SPSS/Statistics/25/SPSSStatistics.app/Contents/bin/ModelViewer.jar:/Applications/IBM/SPSS/Statistics/25/SPSSStatistics.app/Contents/bin/PivotTableEditor.jar:/Applications/IBM/SPSS/Statistics/25/SPSSStatistics.app/Contents/bin/PivotTableEditorRes.jar:/Applications/IBM/SPSS/Statistics/25/SPSSStatistics.app/Contents/bin/RConfig.jar:/Applications/IBM/SPSS/Statistics/25/SPSSStatistics.app/Contents/bin/RapidSpell.jar:/Applications/IBM/SPSS/Statistics/25/SPSSStatistics.app/Contents/bin/RapidSpellMDict.jar:/Applications/IBM/SPSS/Stat
Launcher Type: generic

Environment Variables:
PATH=/Applications/IBM/SPSS/Statistics/25/SPSSStatistics.app/Contents/bin:/usr/bin:/bin:/usr/sbin:/sbin
SHELL=/bin/bash
DISPLAY=/private/tmp/com.apple.launchd.bMYPE4yQHd/org.macosforge.xquartz:0
DYLD_LIBRARY_PATH=/Applications/IBM/SPSS/Statistics/25/SPSSStatistics.app/Contents/lib:/Applications/IBM/SPSS/Statistics/25/SPSSStatistics.app/Contents/common/ext/bin/spss.common:/Applications/IBM/SPSS/Statistics/25/SPSSStatistics.app/Contents/ext/bin/spss.common:/Applications/IBM/SPSS/Statistics/25/SPSSStatistics.app/Contents/lib:/Applications/IBM/SPSS/Statistics/25/SPSSStatistics.app/Contents/Library/Frameworks/Sentinel.framework:/Applications/IBM/SPSS/Statistics/25/SPSSStatistics.app/Contents/Library/Frameworks/SuperPro.framework:/Applications/IBM/SPSS/Statistics/25/SPSSStatistics.app/Contents/JRE/lib/jli

Signal Handlers:
SIGSEGV: [libjvm.dylib+0x5b1141], sa_mask[0]=11111111011111110111111111111111, sa_flags=SA_ONSTACK|SA_RESTART|SA_SIGINFO
SIGBUS: [libjvm.dylib+0x5b1141], sa_mask[0]=11111111011111110111111111111111, sa_flags=SA_RESTART|SA_SIGINFO
SIGFPE: [libjvm.dylib+0x487bc4], sa_mask[0]=11111111011111110111111111111111, sa_flags=SA_RESTART|SA_SIGINFO
SIGPIPE: [libjvm.dylib+0x487bc4], sa_mask[0]=11111111011111110111111111111111, sa_flags=SA_RESTART|SA_SIGINFO
SIGXFSZ: [libjvm.dylib+0x487bc4], sa_mask[0]=11111111011111110111111111111111, sa_flags=SA_RESTART|SA_SIGINFO
SIGILL: [libjvm.dylib+0x487bc4], sa_mask[0]=11111111011111110111111111111111, sa_flags=SA_RESTART|SA_SIGINFO
SIGUSR1: SIG_DFL, sa_mask[0]=00000000000000000000000000000000, sa_flags=none
SIGUSR2: [libjvm.dylib+0x4876e2], sa_mask[0]=00100000000000000000000000000000, sa_flags=SA_RESTART|SA_SIGINFO
SIGHUP: [libjvm.dylib+0x485cb9], sa_mask[0]=11111111011111110111111111111111, sa_flags=SA_RESTART|SA_SIGINFO
SIGINT: [libjvm.dylib+0x485cb9], sa_mask[0]=11111111011111110111111111111111, sa_flags=SA_RESTART|SA_SIGINFO
SIGTERM: [libjvm.dylib+0x485cb9], sa_mask[0]=11111111011111110111111111111111, sa_flags=SA_RESTART|SA_SIGINFO
SIGQUIT: [libjvm.dylib+0x485cb9], sa_mask[0]=11111111011111110111111111111111, sa_flags=SA_RESTART|SA_SIGINFO


---------------  S Y S T E M  ---------------

OS:Bsduname:Darwin 17.3.0 Darwin Kernel Version 17.3.0: Thu Nov  9 18:09:22 PST 2017; root:xnu-4570.31.3~1/RELEASE_X86_64 x86_64
rlimit: STACK 8192k, CORE 0k, NPROC 1418, NOFILE 10240, AS infinity
load average:2.87 2.53 2.35

CPU:total 8 (4 cores per cpu, 2 threads per core) family 6 model 70 stepping 1, cmov, cx8, fxsr, mmx, sse, sse2, sse3, ssse3, sse4.1, sse4.2, popcnt, avx, avx2, aes, clmul, erms, lzcnt, ht, tsc, tscinvbit, bmi1, bmi2

Memory: 4k page, physical 16777216k(393744k free)

/proc/meminfo:


vm_info: Java HotSpot(TM) 64-Bit Server VM (25.121-b13) for bsd-amd64 JRE (1.8.0_121-b13), built on Dec 12 2016 20:39:32 by "java_re" with gcc 4.2.1 (Based on Apple Inc. build 5658) (LLVM build 2336.11.00)

time: Sat Jun 23 23:17:31 2018
elapsed time: 44 seconds (0d 0h 0m 44s)

