#
# A fatal error has been detected by the Java Runtime Environment:
#
#  SIGSEGV (0xb) at pc=0x00007fff63e90f49, pid=99089, tid=0x0000000000000307
#
# JRE version: Java(TM) 2 Runtime Environment, Standard Edition (8.0_121-b13) (build 1.8.0_121-b13 14_Feb_2017_06_58 Mac OS X x64(SR4 FP1))
# Java VM: Java HotSpot(TM) 64-Bit Server VM (25.121-b13 mixed mode bsd-amd64 compressed oops)
# Problematic frame:
# C  [libsystem_platform.dylib+0x4f49]  _platform_memmove$VARIANT$Haswell+0x29
#
# Failed to write core dump. Core dumps have been disabled. To enable core dumping, try "ulimit -c unlimited" before starting Java again
#
# If you would like to submit a bug report, please visit:
#   http://bugreport.java.com/bugreport/crash.jsp
#

---------------  T H R E A D  ---------------

Current thread is native thread

siginfo: si_signo: 11 (SIGSEGV), si_code: 1 (SEGV_MAPERR), si_addr: 0x00007feba1200000

Registers:
RAX=0x000000015aacd000, RBX=0x00007feb9b60e3f8, RCX=0x000000006fb2e43a, RDX=0x000000007572003e
RSP=0x00007ffee94b8b70, RBP=0x00007ffee94b8b70, RSI=0x00007feba1200000, RDI=0x00000001606bec04
R8 =0x0000000003000001, R9 =0x0000000000000003, R10=0x0000000000000000, R11=0xffff8015bf4bec04
R12=0x000000007572003e, R13=0x000000015aacd000, R14=0x000000007572003d, R15=0x00007ffee94bb3f0
RIP=0x00007fff63e90f49, EFLAGS=0x0000000000010202, ERR=0x0000000000000004
  TRAPNO=0x000000000000000e

Top of Stack: (sp=0x00007ffee94b8b70)
0x00007ffee94b8b70:   00007ffee94b8c80 0000000106a478e7
0x00007ffee94b8b80:   00007ffee94bb3f0 0000000106b7ffff
0x00007ffee94b8b90:   00007ffee94b8c20 00007feb9b60e3fc
0x00007ffee94b8ba0:   0000000000000000 0000000000000004
0x00007ffee94b8bb0:   0000000000002800 000000010cfc5a00
0x00007ffee94b8bc0:   0000000000000004 0000000000000100
0x00007ffee94b8bd0:   0000000000000010 0000000106b7b080
0x00007ffee94b8be0:   0000000106b7b080 000000010cfc8200
0x00007ffee94b8bf0:   0000000106b7a000 0000000000000004
0x00007ffee94b8c00:   000000000cfc8200 0000000000000000
0x00007ffee94b8c10:   00007ffee94b8cc0 0000000000000000
0x00007ffee94b8c20:   00007fff9ccfd000 0000000000000000
0x00007ffee94b8c30:   00007ffee94b8c60 00007fff63db4201
0x00007ffee94b8c40:   0000000000000000 0000000400000004
0x00007ffee94b8c50:   0000000400000004 00007ffee94bb3f0
0x00007ffee94b8c60:   00007ffee94b8cc0 0000000000000000
0x00007ffee94b8c70:   00007feb9b60e3d0 0000000000000000
0x00007ffee94b8c80:   00007ffee94bacf0 0000000106a409e9
0x00007ffee94b8c90:   0000000000000000 00007ffee94bb3f0
0x00007ffee94b8ca0:   00007feb9b57d0c0 00007feb9b60e3d0
0x00007ffee94b8cb0:   0000000000000000 0000000000000000
0x00007ffee94b8cc0:   0000000000000000 0000000000000000
0x00007ffee94b8cd0:   0000000000000000 0000000000000000
0x00007ffee94b8ce0:   0000000000000000 0000000000000000
0x00007ffee94b8cf0:   0000000000000000 0000000000000000
0x00007ffee94b8d00:   0000000000000000 0000000000000000
0x00007ffee94b8d10:   0000000000000000 0000000000000000
0x00007ffee94b8d20:   0000000000000000 0000000000000000
0x00007ffee94b8d30:   0000000000000000 0000000000000000
0x00007ffee94b8d40:   0000000000000000 0000000000000000
0x00007ffee94b8d50:   0000000000000000 0000000000000000
0x00007ffee94b8d60:   0000000000000000 0000000000000000 

Instructions: (pc=0x00007fff63e90f49)
0x00007fff63e90f29:   f3 48 89 f8 49 39 d3 72 1b 48 83 fa 60 76 2f 48
0x00007fff63e90f39:   81 fa 00 40 00 00 0f 82 cb 00 00 00 48 89 d1 fc
0x00007fff63e90f49:   f3 a4 5d c3 48 39 fe 74 f9 48 01 d6 48 01 d7 48
0x00007fff63e90f59:   83 fa 60 0f 82 8c 01 00 00 e9 a9 01 00 00 48 83 

Register to memory mapping:

RAX=0x000000015aacd000 is an unknown value
RBX=0x00007feb9b60e3f8 is an unknown value
RCX=0x000000006fb2e43a is an unknown value
RDX=0x000000007572003e is an unknown value
RSP=0x00007ffee94b8b70 is an unknown value
RBP=0x00007ffee94b8b70 is an unknown value
RSI=0x00007feba1200000 is an unknown value
RDI=0x00000001606bec04 is an unknown value
R8 =0x0000000003000001 is an unknown value
R9 =0x0000000000000003 is an unknown value
R10=0x0000000000000000 is an unknown value
R11=0xffff8015bf4bec04 is an unknown value
R12=0x000000007572003e is an unknown value
R13=0x000000015aacd000 is an unknown value
R14=0x000000007572003d is an unknown value
R15=0x00007ffee94bb3f0 is an unknown value


Stack: [0x00007ffee8cbc000,0x00007ffee94bc000],  sp=0x00007ffee94b8b70,  free space=8178k
Native frames: (J=compiled Java code, j=interpreted, Vv=VM code, C=native code)
C  [libsystem_platform.dylib+0x4f49]  _platform_memmove$VARIANT$Haswell+0x29
C  [libspssdxcom.dylib+0x128e7]  CleXDSmb::ParseBuf(void*)+0x395
C  [libspssdxcom.dylib+0xb9e9]  ReceiveData(JavaPlugInSocket*, CleXDSmb&)+0xfa
C  [StartXD+0x25fe]  main+0xa6b
C  [libdyld.dylib+0x1115]  start+0x1


---------------  P R O C E S S  ---------------

VM state:not at safepoint (normal execution)

VM Mutex/Monitor currently owned by a thread: None

Heap:
 PSYoungGen      total 272896K, used 9011K [0x0000000795580000, 0x00000007a6a80000, 0x00000007c0000000)
  eden space 262144K, 3% used [0x0000000795580000,0x0000000795e4ce38,0x00000007a5580000)
  from space 10752K, 0% used [0x00000007a5580000,0x00000007a5580000,0x00000007a6000000)
  to   space 10752K, 0% used [0x00000007a6000000,0x00000007a6000000,0x00000007a6a80000)
 ParOldGen       total 175104K, used 9919K [0x0000000740000000, 0x000000074ab00000, 0x0000000795580000)
  object space 175104K, 5% used [0x0000000740000000,0x00000007409afcf0,0x000000074ab00000)
 Metaspace       used 18374K, capacity 18656K, committed 18816K, reserved 1064960K
  class space    used 2321K, capacity 2417K, committed 2432K, reserved 1048576K

Card table byte_map: [0x0000000112a6e000,0x0000000112e6f000] byte_map_base: 0x000000010f06e000

Marking Bits: (ParMarkBitMap*) 0x00000001150b3d30
 Begin Bits: [0x0000000124a10000, 0x0000000126a10000)
 End Bits:   [0x0000000126a10000, 0x0000000128a10000)

Polling page: 0x0000000106bf2000

CodeCache: size=245760Kb used=6555Kb max_used=6569Kb free=239204Kb
 bounds [0x0000000115765000, 0x0000000115dd5000, 0x0000000124765000]
 total_blobs=2091 nmethods=1583 adapters=421
 compilation: enabled

Compilation events (10 events):
Event: 3.054 Thread 0x00007feb9e88b000 1580       3       org.exolab.castor.xml.util.XMLClassDescriptorImpl::setCompositorAsSequence (6 bytes)
Event: 3.054 Thread 0x00007feb9e88b000 nmethod 1580 0x0000000115dc9190 code [0x0000000115dc92e0, 0x0000000115dc9430]
Event: 3.057 Thread 0x00007feb9d815800 1581  s    4       java.util.Vector::addElement (38 bytes)
Event: 3.057 Thread 0x00007feb9e88b000 1582       3       org.exolab.castor.xml.MarshalFramework$InternalXMLClassDescriptor::getContentDescriptor (10 bytes)
Event: 3.057 Thread 0x00007feb9e88b000 nmethod 1582 0x0000000115dc94d0 code [0x0000000115dc9640, 0x0000000115dc9868]
Event: 3.059 Thread 0x00007feb9d815800 nmethod 1581 0x0000000115dcc8d0 code [0x0000000115dcca40, 0x0000000115dcce28]
Event: 3.091 Thread 0x00007feb9e88b000 1583       3       java.lang.Character::forDigit (42 bytes)
Event: 3.092 Thread 0x00007feb9e88b000 nmethod 1583 0x0000000115dcaf50 code [0x0000000115dcb0c0, 0x0000000115dcb370]
Event: 3.092 Thread 0x00007feb9b8a7000 nmethod 1564 0x0000000115dd02d0 code [0x0000000115dd0580, 0x0000000115dd2090]
Event: 3.096 Thread 0x00007feb9e88a000 nmethod 1579 0x0000000115dccfd0 code [0x0000000115dcd160, 0x0000000115dcdb58]

GC Heap History (10 events):
Event: 1.158 GC heap before
{Heap before GC invocations=2 (full 0):
 PSYoungGen      total 76288K, used 76256K [0x0000000795580000, 0x000000079ea80000, 0x00000007c0000000)
  eden space 65536K, 100% used [0x0000000795580000,0x0000000799580000,0x0000000799580000)
  from space 10752K, 99% used [0x0000000799580000,0x0000000799ff8098,0x000000079a000000)
  to   space 10752K, 0% used [0x000000079e000000,0x000000079e000000,0x000000079ea80000)
 ParOldGen       total 175104K, used 830K [0x0000000740000000, 0x000000074ab00000, 0x0000000795580000)
  object space 175104K, 0% used [0x0000000740000000,0x00000007400cf800,0x000000074ab00000)
 Metaspace       used 15044K, capacity 15234K, committed 15616K, reserved 1062912K
  class space    used 1881K, capacity 1968K, committed 2048K, reserved 1048576K
Event: 1.164 GC heap after
Heap after GC invocations=2 (full 0):
 PSYoungGen      total 141824K, used 9530K [0x0000000795580000, 0x000000079ea80000, 0x00000007c0000000)
  eden space 131072K, 0% used [0x0000000795580000,0x0000000795580000,0x000000079d580000)
  from space 10752K, 88% used [0x000000079e000000,0x000000079e94eb48,0x000000079ea80000)
  to   space 10752K, 0% used [0x000000079d580000,0x000000079d580000,0x000000079e000000)
 ParOldGen       total 175104K, used 838K [0x0000000740000000, 0x000000074ab00000, 0x0000000795580000)
  object space 175104K, 0% used [0x0000000740000000,0x00000007400d1800,0x000000074ab00000)
 Metaspace       used 15044K, capacity 15234K, committed 15616K, reserved 1062912K
  class space    used 1881K, capacity 1968K, committed 2048K, reserved 1048576K
}
Event: 2.612 GC heap before
{Heap before GC invocations=3 (full 0):
 PSYoungGen      total 141824K, used 140602K [0x0000000795580000, 0x000000079ea80000, 0x00000007c0000000)
  eden space 131072K, 100% used [0x0000000795580000,0x000000079d580000,0x000000079d580000)
  from space 10752K, 88% used [0x000000079e000000,0x000000079e94eb48,0x000000079ea80000)
  to   space 10752K, 0% used [0x000000079d580000,0x000000079d580000,0x000000079e000000)
 ParOldGen       total 175104K, used 838K [0x0000000740000000, 0x000000074ab00000, 0x0000000795580000)
  object space 175104K, 0% used [0x0000000740000000,0x00000007400d1800,0x000000074ab00000)
 Metaspace       used 17716K, capacity 17952K, committed 18304K, reserved 1064960K
  class space    used 2227K, capacity 2305K, committed 2432K, reserved 1048576K
Event: 2.621 GC heap after
Heap after GC invocations=3 (full 0):
 PSYoungGen      total 141824K, used 10725K [0x0000000795580000, 0x00000007a6a80000, 0x00000007c0000000)
  eden space 131072K, 0% used [0x0000000795580000,0x0000000795580000,0x000000079d580000)
  from space 10752K, 99% used [0x000000079d580000,0x000000079dff9620,0x000000079e000000)
  to   space 10752K, 0% used [0x00000007a6000000,0x00000007a6000000,0x00000007a6a80000)
 ParOldGen       total 175104K, used 920K [0x0000000740000000, 0x000000074ab00000, 0x0000000795580000)
  object space 175104K, 0% used [0x0000000740000000,0x00000007400e61a8,0x000000074ab00000)
 Metaspace       used 17716K, capacity 17952K, committed 18304K, reserved 1064960K
  class space    used 2227K, capacity 2305K, committed 2432K, reserved 1048576K
}
Event: 2.823 GC heap before
{Heap before GC invocations=4 (full 0):
 PSYoungGen      total 141824K, used 141797K [0x0000000795580000, 0x00000007a6a80000, 0x00000007c0000000)
  eden space 131072K, 100% used [0x0000000795580000,0x000000079d580000,0x000000079d580000)
  from space 10752K, 99% used [0x000000079d580000,0x000000079dff9620,0x000000079e000000)
  to   space 10752K, 0% used [0x00000007a6000000,0x00000007a6000000,0x00000007a6a80000)
 ParOldGen       total 175104K, used 920K [0x0000000740000000, 0x000000074ab00000, 0x0000000795580000)
  object space 175104K, 0% used [0x0000000740000000,0x00000007400e61a8,0x000000074ab00000)
 Metaspace       used 17887K, capacity 18122K, committed 18560K, reserved 1064960K
  class space    used 2233K, capacity 2312K, committed 2432K, reserved 1048576K
Event: 2.831 GC heap after
Heap after GC invocations=4 (full 0):
 PSYoungGen      total 272896K, used 10194K [0x0000000795580000, 0x00000007a6a80000, 0x00000007c0000000)
  eden space 262144K, 0% used [0x0000000795580000,0x0000000795580000,0x00000007a5580000)
  from space 10752K, 94% used [0x00000007a6000000,0x00000007a69f4a58,0x00000007a6a80000)
  to   space 10752K, 0% used [0x00000007a5580000,0x00000007a5580000,0x00000007a6000000)
 ParOldGen       total 175104K, used 928K [0x0000000740000000, 0x000000074ab00000, 0x0000000795580000)
  object space 175104K, 0% used [0x0000000740000000,0x00000007400e81a8,0x000000074ab00000)
 Metaspace       used 17887K, capacity 18122K, committed 18560K, reserved 1064960K
  class space    used 2233K, capacity 2312K, committed 2432K, reserved 1048576K
}
Event: 3.059 GC heap before
{Heap before GC invocations=5 (full 0):
 PSYoungGen      total 272896K, used 153871K [0x0000000795580000, 0x00000007a6a80000, 0x00000007c0000000)
  eden space 262144K, 54% used [0x0000000795580000,0x000000079e1cf348,0x00000007a5580000)
  from space 10752K, 94% used [0x00000007a6000000,0x00000007a69f4a58,0x00000007a6a80000)
  to   space 10752K, 0% used [0x00000007a5580000,0x00000007a5580000,0x00000007a6000000)
 ParOldGen       total 175104K, used 928K [0x0000000740000000, 0x000000074ab00000, 0x0000000795580000)
  object space 175104K, 0% used [0x0000000740000000,0x00000007400e81a8,0x000000074ab00000)
 Metaspace       used 18346K, capacity 18624K, committed 18816K, reserved 1064960K
  class space    used 2315K, capacity 2385K, committed 2432K, reserved 1048576K
Event: 3.067 GC heap after
Heap after GC invocations=5 (full 0):
 PSYoungGen      total 272896K, used 10037K [0x0000000795580000, 0x00000007a6a80000, 0x00000007c0000000)
  eden space 262144K, 0% used [0x0000000795580000,0x0000000795580000,0x00000007a5580000)
  from space 10752K, 93% used [0x00000007a5580000,0x00000007a5f4d4e8,0x00000007a6000000)
  to   space 10752K, 0% used [0x00000007a6000000,0x00000007a6000000,0x00000007a6a80000)
 ParOldGen       total 175104K, used 936K [0x0000000740000000, 0x000000074ab00000, 0x0000000795580000)
  object space 175104K, 0% used [0x0000000740000000,0x00000007400ea1a8,0x000000074ab00000)
 Metaspace       used 18346K, capacity 18624K, committed 18816K, reserved 1064960K
  class space    used 2315K, capacity 2385K, committed 2432K, reserved 1048576K
}
Event: 3.067 GC heap before
{Heap before GC invocations=6 (full 1):
 PSYoungGen      total 272896K, used 10037K [0x0000000795580000, 0x00000007a6a80000, 0x00000007c0000000)
  eden space 262144K, 0% used [0x0000000795580000,0x0000000795580000,0x00000007a5580000)
  from space 10752K, 93% used [0x00000007a5580000,0x00000007a5f4d4e8,0x00000007a6000000)
  to   space 10752K, 0% used [0x00000007a6000000,0x00000007a6000000,0x00000007a6a80000)
 ParOldGen       total 175104K, used 936K [0x0000000740000000, 0x000000074ab00000, 0x0000000795580000)
  object space 175104K, 0% used [0x0000000740000000,0x00000007400ea1a8,0x000000074ab00000)
 Metaspace       used 18346K, capacity 18624K, committed 18816K, reserved 1064960K
  class space    used 2315K, capacity 2385K, committed 2432K, reserved 1048576K
Event: 3.091 GC heap after
Heap after GC invocations=6 (full 1):
 PSYoungGen      total 272896K, used 0K [0x0000000795580000, 0x00000007a6a80000, 0x00000007c0000000)
  eden space 262144K, 0% used [0x0000000795580000,0x0000000795580000,0x00000007a5580000)
  from space 10752K, 0% used [0x00000007a5580000,0x00000007a5580000,0x00000007a6000000)
  to   space 10752K, 0% used [0x00000007a6000000,0x00000007a6000000,0x00000007a6a80000)
 ParOldGen       total 175104K, used 9919K [0x0000000740000000, 0x000000074ab00000, 0x0000000795580000)
  object space 175104K, 5% used [0x0000000740000000,0x00000007409afcf0,0x000000074ab00000)
 Metaspace       used 18346K, capacity 18624K, committed 18816K, reserved 1064960K
  class space    used 2315K, capacity 2385K, committed 2432K, reserved 1048576K
}

Deoptimization events (10 events):
Event: 0.195 Thread 0x00007feb9e86c800 Uncommon trap: reason=unstable_if action=reinterpret pc=0x0000000115870f98 method=java.lang.String.hashCode()I @ 14
Event: 0.221 Thread 0x00007feb9e86c800 Uncommon trap: reason=unstable_if action=reinterpret pc=0x00000001158a0d44 method=java.lang.String.indexOf([CII[CIII)I @ 134
Event: 0.348 Thread 0x00007feb9e86c800 Uncommon trap: reason=unstable_if action=reinterpret pc=0x0000000115924f14 method=java.lang.AbstractStringBuilder.append(Ljava/lang/String;)Ljava/lang/AbstractStringBuilder; @ 1
Event: 1.089 Thread 0x00007feb9e86c800 Uncommon trap: reason=unstable_if action=reinterpret pc=0x00000001159a16c8 method=sun.misc.MetaIndex.mayContain(Ljava/lang/String;)Z @ 38
Event: 1.090 Thread 0x00007feb9e86c800 Uncommon trap: reason=unstable_if action=reinterpret pc=0x0000000115a6142c method=java.util.HashMap.hash(Ljava/lang/Object;)I @ 1
Event: 1.090 Thread 0x00007feb9e86c800 Uncommon trap: reason=unstable_if action=reinterpret pc=0x0000000115a8de70 method=java.util.HashMap.hash(Ljava/lang/Object;)I @ 1
Event: 1.213 Thread 0x00007feb9e86c800 Uncommon trap: reason=unstable_if action=reinterpret pc=0x0000000115a75b04 method=java.lang.String.lastIndexOf([CII[CIII)I @ 118
Event: 2.324 Thread 0x00007feb9e86c800 Uncommon trap: reason=class_check action=maybe_recompile pc=0x0000000115aa4afc method=java.util.Properties$LineReader.readLine()I @ 62
Event: 2.324 Thread 0x00007feb9e86c800 Uncommon trap: reason=unstable_if action=reinterpret pc=0x0000000115aa49a4 method=java.util.Properties$LineReader.readLine()I @ 246
Event: 2.324 Thread 0x00007feb9e86c800 Uncommon trap: reason=unstable_if action=reinterpret pc=0x0000000115a7ed94 method=java.util.Properties$LineReader.readLine()I @ 246

Internal exceptions (10 events):
Event: 0.348 Thread 0x00007feb9e86c800 Implicit null exception at 0x0000000115924b36 to 0x0000000115924efd
Event: 0.396 Thread 0x00007feb9e86c800 Exception <a 'java/io/FileNotFoundException'> (0x0000000796383b20) thrown at [/Users/java_re/workspace/8-2-build-macosx-x86_64/jdk8u121/8372/hotspot/src/share/vm/prims/jni.cpp, line 709]
Event: 0.555 Thread 0x00007feb9e86c800 Exception <a 'java/lang/ClassNotFoundException': jdk/xml/internal/HashMap> (0x0000000796cd5ac8) thrown at [/Users/java_re/workspace/8-2-build-macosx-x86_64/jdk8u121/8372/hotspot/src/share/vm/classfile/systemDictionary.cpp, line 210]
Event: 0.623 Thread 0x00007feb9e86c800 Exception <a 'java/lang/NoSuchFieldError': method resolution failed> (0x0000000796f24b68) thrown at [/Users/java_re/workspace/8-2-build-macosx-x86_64/jdk8u121/8372/hotspot/src/share/vm/prims/methodHandles.cpp, line 1146]
Event: 0.625 Thread 0x00007feb9e86c800 Exception <a 'java/lang/NoSuchFieldError': method resolution failed> (0x0000000796f32258) thrown at [/Users/java_re/workspace/8-2-build-macosx-x86_64/jdk8u121/8372/hotspot/src/share/vm/prims/methodHandles.cpp, line 1146]
Event: 0.640 Thread 0x00007feb9e86c800 Exception <a 'java/io/FileNotFoundException'> (0x0000000796fab290) thrown at [/Users/java_re/workspace/8-2-build-macosx-x86_64/jdk8u121/8372/hotspot/src/share/vm/prims/jni.cpp, line 709]
Event: 0.640 Thread 0x00007feb9e86c800 Exception <a 'java/io/FileNotFoundException'> (0x0000000796fabdf0) thrown at [/Users/java_re/workspace/8-2-build-macosx-x86_64/jdk8u121/8372/hotspot/src/share/vm/prims/jni.cpp, line 709]
Event: 0.660 Thread 0x00007feb9e86c800 Exception <a 'java/io/FileNotFoundException'> (0x0000000796fb8df0) thrown at [/Users/java_re/workspace/8-2-build-macosx-x86_64/jdk8u121/8372/hotspot/src/share/vm/prims/jni.cpp, line 709]
Event: 1.090 Thread 0x00007feb9e86c800 Implicit null exception at 0x0000000115a611b5 to 0x0000000115a6141d
Event: 1.090 Thread 0x00007feb9e86c800 Implicit null exception at 0x0000000115a8ddd8 to 0x0000000115a8de66

Events (10 events):
Event: 3.093 loading class com/spss/repository/client/application/RepositoryServerDuplicateObjectNameException
Event: 3.093 loading class com/spss/repository/client/application/RepositoryServerDuplicateObjectNameException done
Event: 3.093 loading class javax/activation/MimeTypeParseException
Event: 3.093 loading class javax/activation/MimeTypeParseException done
Event: 3.093 loading class com/spss/repository/client/application/RepositoryServerLockException
Event: 3.093 loading class com/spss/repository/client/application/RepositoryServerLockException done
Event: 3.387 Thread 0x00007feba076d000 Thread exited: 0x00007feba076d000
Event: 3.388 Thread 0x00007feba0889000 Thread exited: 0x00007feba0889000
Event: 4.153 Executing VM operation: EnableBiasedLocking
Event: 4.153 Executing VM operation: EnableBiasedLocking done


Dynamic libraries:
0x0000000014975000 	/System/Library/Frameworks/CoreFoundation.framework/Versions/A/CoreFoundation
0x0000000014975000 	/System/Library/Frameworks/IOKit.framework/Versions/A/IOKit
0x0000000014975000 	/usr/lib/libstdc++.6.0.9.dylib
0x0000000106769000 	/Applications/IBM/SPSS/Statistics/25/SPSSStatistics.app/Contents/lib/libtempdir.dylib
0x0000000106789000 	/Applications/IBM/SPSS/Statistics/25/SPSSStatistics.app/Contents/lib/libspssxd.dylib
0x0000000106a35000 	/Applications/IBM/SPSS/Statistics/25/SPSSStatistics.app/Contents/lib/libspssdxcom.dylib
0x0000000106a79000 	/Applications/IBM/SPSS/Statistics/25/SPSSStatistics.app/Contents/common/ext/bin/spss.common/libscorelib850r.dylib
0x0000000106b7c000 	/Applications/IBM/SPSS/Statistics/25/SPSSStatistics.app/Contents/common/ext/bin/spss.common/libGeneralRegressionModel850r.dylib
0x0000000106bf3000 	/Applications/IBM/SPSS/Statistics/25/SPSSStatistics.app/Contents/common/ext/bin/spss.common/libdiscriminant-model850r.dylib
0x0000000014975000 	/usr/lib/libSystem.B.dylib
0x0000000014975000 	/usr/lib/libDiagnosticMessagesClient.dylib
0x0000000014975000 	/usr/lib/libicucore.A.dylib
0x0000000014975000 	/usr/lib/libobjc.A.dylib
0x0000000014975000 	/usr/lib/libz.1.dylib
0x0000000014975000 	/usr/lib/system/libcache.dylib
0x0000000014975000 	/usr/lib/system/libcommonCrypto.dylib
0x0000000014975000 	/usr/lib/system/libcompiler_rt.dylib
0x0000000014975000 	/usr/lib/system/libcopyfile.dylib
0x0000000014975000 	/usr/lib/system/libcorecrypto.dylib
0x0000000014975000 	/usr/lib/system/libdispatch.dylib
0x0000000014975000 	/usr/lib/system/libdyld.dylib
0x0000000014975000 	/usr/lib/system/libkeymgr.dylib
0x0000000014975000 	/usr/lib/system/liblaunch.dylib
0x0000000014975000 	/usr/lib/system/libmacho.dylib
0x0000000014975000 	/usr/lib/system/libquarantine.dylib
0x0000000014975000 	/usr/lib/system/libremovefile.dylib
0x0000000014975000 	/usr/lib/system/libsystem_asl.dylib
0x0000000014975000 	/usr/lib/system/libsystem_blocks.dylib
0x0000000014975000 	/usr/lib/system/libsystem_c.dylib
0x0000000014975000 	/usr/lib/system/libsystem_configuration.dylib
0x0000000014975000 	/usr/lib/system/libsystem_coreservices.dylib
0x0000000014975000 	/usr/lib/system/libsystem_darwin.dylib
0x0000000014975000 	/usr/lib/system/libsystem_dnssd.dylib
0x0000000014975000 	/usr/lib/system/libsystem_info.dylib
0x0000000014975000 	/usr/lib/system/libsystem_m.dylib
0x0000000014975000 	/usr/lib/system/libsystem_malloc.dylib
0x0000000014975000 	/usr/lib/system/libsystem_network.dylib
0x0000000014975000 	/usr/lib/system/libsystem_networkextension.dylib
0x0000000014975000 	/usr/lib/system/libsystem_notify.dylib
0x0000000014975000 	/usr/lib/system/libsystem_sandbox.dylib
0x0000000014975000 	/usr/lib/system/libsystem_secinit.dylib
0x0000000014975000 	/usr/lib/system/libsystem_kernel.dylib
0x0000000014975000 	/usr/lib/system/libsystem_platform.dylib
0x0000000014975000 	/usr/lib/system/libsystem_pthread.dylib
0x0000000014975000 	/usr/lib/system/libsystem_symptoms.dylib
0x0000000014975000 	/usr/lib/system/libsystem_trace.dylib
0x0000000014975000 	/usr/lib/system/libunwind.dylib
0x0000000014975000 	/usr/lib/system/libxpc.dylib
0x0000000014975000 	/usr/lib/closure/libclosured.dylib
0x0000000014975000 	/usr/lib/libc++abi.dylib
0x0000000014975000 	/usr/lib/libc++.1.dylib
0x0000000014975000 	/usr/lib/libenergytrace.dylib
0x0000000014975000 	/usr/lib/libbsm.0.dylib
0x0000000014975000 	/usr/lib/system/libkxld.dylib
0x0000000106c15000 	/Applications/IBM/SPSS/Statistics/25/SPSSStatistics.app/Contents/lib/libifcoremt.dylib
0x0000000106d90000 	/Applications/IBM/SPSS/Statistics/25/SPSSStatistics.app/Contents/lib/libimf.dylib
0x00000001070b4000 	/Applications/IBM/SPSS/Statistics/25/SPSSStatistics.app/Contents/lib/libsvml.dylib
0x0000000107baa000 	/Applications/IBM/SPSS/Statistics/25/SPSSStatistics.app/Contents/lib/libintlc.dylib
0x0000000107bf8000 	/Applications/IBM/SPSS/Statistics/25/SPSSStatistics.app/Contents/lib/libplatdep.dylib
0x0000000107c49000 	/Applications/IBM/SPSS/Statistics/25/SPSSStatistics.app/Contents/lib/libgsk8iccs.dylib
0x0000000107cc1000 	/Applications/IBM/SPSS/Statistics/25/SPSSStatistics.app/Contents/lib/libsockbsd.dylib
0x0000000107cd2000 	/Applications/IBM/SPSS/Statistics/25/SPSSStatistics.app/Contents/lib/libsfthread.dylib
0x0000000107ce3000 	/Applications/IBM/SPSS/Statistics/25/SPSSStatistics.app/Contents/lib/libvserial.dylib
0x0000000107cff000 	/Applications/IBM/SPSS/Statistics/25/SPSSStatistics.app/Contents/lib/libvutility.dylib
0x0000000107d0e000 	/Applications/IBM/SPSS/Statistics/25/SPSSStatistics.app/Contents/lib/libicuuc.51.2.dylib
0x0000000107eec000 	/Applications/IBM/SPSS/Statistics/25/SPSSStatistics.app/Contents/lib/libicui18n.51.2.dylib
0x00000001081be000 	/Applications/IBM/SPSS/Statistics/25/SPSSStatistics.app/Contents/lib/libxerces-c-3.1.dylib
0x0000000108598000 	/Applications/IBM/SPSS/Statistics/25/SPSSStatistics.app/Contents/lib/libicudata.51.2.dylib
0x0000000109ae4000 	/Applications/IBM/SPSS/Statistics/25/SPSSStatistics.app/Contents/lib/libspsswlib.dylib
0x000000010beac000 	/Applications/IBM/SPSS/Statistics/25/SPSSStatistics.app/Contents/lib/libcpuinfo.dylib
0x000000010beb3000 	/Applications/IBM/SPSS/Statistics/25/SPSSStatistics.app/Contents/lib/libomcell.dylib
0x000000010bed7000 	/Applications/IBM/SPSS/Statistics/25/SPSSStatistics.app/Contents/lib/libomfactry.dylib
0x000000010bf80000 	/Applications/IBM/SPSS/Statistics/25/SPSSStatistics.app/Contents/lib/libomtree.dylib
0x000000010bfc1000 	/Applications/IBM/SPSS/Statistics/25/SPSSStatistics.app/Contents/lib/libomxxml.dylib
0x000000010bfff000 	/Applications/IBM/SPSS/Statistics/25/SPSSStatistics.app/Contents/lib/libomxsav.dylib
0x000000010c015000 	/Applications/IBM/SPSS/Statistics/25/SPSSStatistics.app/Contents/lib/libomxhtml.dylib
0x000000010c040000 	/Applications/IBM/SPSS/Statistics/25/SPSSStatistics.app/Contents/lib/libomxtext.dylib
0x000000010c064000 	/Applications/IBM/SPSS/Statistics/25/SPSSStatistics.app/Contents/lib/libomxspv.dylib
0x000000010c070000 	/Applications/IBM/SPSS/Statistics/25/SPSSStatistics.app/Contents/lib/libspssjni.dylib
0x000000010c077000 	/Applications/IBM/SPSS/Statistics/25/SPSSStatistics.app/Contents/lib/libspssjvm.dylib
0x000000010c08a000 	/Applications/IBM/SPSS/Statistics/25/SPSSStatistics.app/Contents/lib/libvizedit.dylib
0x000000010c0af000 	/Applications/IBM/SPSS/Statistics/25/SPSSStatistics.app/Contents/lib/libtransspc.dylib
0x000000010c0de000 	/Applications/IBM/SPSS/Statistics/25/SPSSStatistics.app/Contents/lib/libdedstore.dylib
0x000000010c0fe000 	/Applications/IBM/SPSS/Statistics/25/SPSSStatistics.app/Contents/lib/libsvrdmgr.dylib
0x000000010c123000 	/Applications/IBM/SPSS/Statistics/25/SPSSStatistics.app/Contents/lib/libdatasrc.dylib
0x000000010c1c7000 	/Applications/IBM/SPSS/Statistics/25/SPSSStatistics.app/Contents/lib/libsvrerrs.dylib
0x000000010c1d6000 	/Applications/IBM/SPSS/Statistics/25/SPSSStatistics.app/Contents/lib/libspssdemg.dylib
0x000000010c223000 	/Applications/IBM/SPSS/Statistics/25/SPSSStatistics.app/Contents/lib/libcpputil.dylib
0x000000010c260000 	/Applications/IBM/SPSS/Statistics/25/SPSSStatistics.app/Contents/lib/libstrtable.dylib
0x00000000d4272000 	/Applications/IBM/SPSS/Statistics/25/SPSSStatistics.app/Contents/lib/libxalan-c.111.0.dylib
0x000000010c8c3000 	/Applications/IBM/SPSS/Statistics/25/SPSSStatistics.app/Contents/lib/libchartutl.dylib
0x000000010c9d5000 	/Applications/IBM/SPSS/Statistics/25/SPSSStatistics.app/Contents/lib/libspssmsgs.dylib
0x000000010c9da000 	/Applications/IBM/SPSS/Statistics/25/SPSSStatistics.app/Contents/lib/libvizchart.dylib
0x000000010cc03000 	/Applications/IBM/SPSS/Statistics/25/SPSSStatistics.app/Contents/lib/libzlib1211spss.dylib
0x000000010cc37000 	/Applications/IBM/SPSS/Statistics/25/SPSSStatistics.app/Contents/lib/libindutil.dylib
0x00000000ccc44000 	/Applications/IBM/SPSS/Statistics/25/SPSSStatistics.app/Contents/lib/libxalanMsg.111.0.dylib
0x000000010cc51000 	/Applications/IBM/SPSS/Statistics/25/SPSSStatistics.app/Contents/lib/libspssiocv.dylib
0x000000010cc8b000 	/Applications/IBM/SPSS/Statistics/25/SPSSStatistics.app/Contents/lib/libreadonly.dylib
0x000000010cc90000 	/Applications/IBM/SPSS/Statistics/25/SPSSStatistics.app/Contents/lib/libtmsutil.dylib
0x000000010cc97000 	/Applications/IBM/SPSS/Statistics/25/SPSSStatistics.app/Contents/lib/libcvtrans.dylib
0x000000006ccda000 	/Applications/IBM/SPSS/Statistics/25/SPSSStatistics.app/Contents/Library/Frameworks/Sentinel.framework/Versions/A/Sentinel
0x000000010ccf5000 	/Applications/IBM/SPSS/Statistics/25/SPSSStatistics.app/Contents/Library/Frameworks/SuperPro.framework/Versions/A/SuperPro
0x000000010cd0d000 	/Applications/IBM/SPSS/Statistics/25/SPSSStatistics.app/Contents/lib/libcmddata.dylib
0x000000010cd14000 	/Applications/IBM/SPSS/Statistics/25/SPSSStatistics.app/Contents/lib/libmcbstsps.dylib
0x0000000014975000 	/usr/lib/libiconv.2.dylib
0x0000000014975000 	/System/Library/Frameworks/CoreServices.framework/Versions/A/CoreServices
0x0000000014975000 	/System/Library/Frameworks/CFNetwork.framework/Versions/A/CFNetwork
0x0000000014975000 	/System/Library/Frameworks/CoreServices.framework/Versions/A/Frameworks/FSEvents.framework/Versions/A/FSEvents
0x0000000014975000 	/System/Library/Frameworks/CoreServices.framework/Versions/A/Frameworks/CarbonCore.framework/Versions/A/CarbonCore
0x0000000014975000 	/System/Library/Frameworks/CoreServices.framework/Versions/A/Frameworks/Metadata.framework/Versions/A/Metadata
0x0000000014975000 	/System/Library/Frameworks/CoreServices.framework/Versions/A/Frameworks/OSServices.framework/Versions/A/OSServices
0x0000000014975000 	/System/Library/Frameworks/CoreServices.framework/Versions/A/Frameworks/SearchKit.framework/Versions/A/SearchKit
0x0000000014975000 	/System/Library/Frameworks/CoreServices.framework/Versions/A/Frameworks/AE.framework/Versions/A/AE
0x0000000014975000 	/System/Library/Frameworks/CoreServices.framework/Versions/A/Frameworks/LaunchServices.framework/Versions/A/LaunchServices
0x0000000014975000 	/System/Library/Frameworks/CoreServices.framework/Versions/A/Frameworks/DictionaryServices.framework/Versions/A/DictionaryServices
0x0000000014975000 	/System/Library/Frameworks/CoreServices.framework/Versions/A/Frameworks/SharedFileList.framework/Versions/A/SharedFileList
0x0000000014975000 	/usr/lib/libauto.dylib
0x0000000014975000 	/System/Library/Frameworks/SystemConfiguration.framework/Versions/A/SystemConfiguration
0x0000000014975000 	/System/Library/Frameworks/Security.framework/Versions/A/Security
0x0000000014975000 	/usr/lib/libsqlite3.dylib
0x0000000014975000 	/usr/lib/libxml2.2.dylib
0x0000000014975000 	/usr/lib/libnetwork.dylib
0x0000000014975000 	/usr/lib/libapple_nghttp2.dylib
0x0000000014975000 	/usr/lib/libpcap.A.dylib
0x0000000014975000 	/usr/lib/libboringssl.dylib
0x0000000014975000 	/usr/lib/libusrtcp.dylib
0x0000000014975000 	/usr/lib/libcoretls.dylib
0x0000000014975000 	/usr/lib/libcoretls_cfhelpers.dylib
0x0000000014975000 	/usr/lib/libapple_crypto.dylib
0x0000000014975000 	/System/Library/Frameworks/Foundation.framework/Versions/C/Foundation
0x0000000014975000 	/usr/lib/libOpenScriptingUtil.dylib
0x0000000014975000 	/usr/lib/libpam.2.dylib
0x0000000014975000 	/usr/lib/libxar.1.dylib
0x0000000014975000 	/System/Library/Frameworks/DiskArbitration.framework/Versions/A/DiskArbitration
0x0000000014975000 	/usr/lib/libarchive.2.dylib
0x0000000014975000 	/usr/lib/liblangid.dylib
0x0000000014975000 	/usr/lib/libCRFSuite.dylib
0x0000000014975000 	/usr/lib/libbz2.1.0.dylib
0x0000000014975000 	/usr/lib/liblzma.5.dylib
0x0000000014975000 	/System/Library/Frameworks/NetFS.framework/Versions/A/NetFS
0x0000000014975000 	/System/Library/PrivateFrameworks/NetAuth.framework/Versions/A/NetAuth
0x0000000014975000 	/System/Library/PrivateFrameworks/login.framework/Versions/A/Frameworks/loginsupport.framework/Versions/A/loginsupport
0x0000000014975000 	/System/Library/PrivateFrameworks/TCC.framework/Versions/A/TCC
0x0000000014975000 	/usr/lib/libmecabra.dylib
0x0000000014975000 	/System/Library/Frameworks/ApplicationServices.framework/Versions/A/ApplicationServices
0x0000000014975000 	/System/Library/Frameworks/CoreGraphics.framework/Versions/A/CoreGraphics
0x0000000014975000 	/System/Library/Frameworks/CoreText.framework/Versions/A/CoreText
0x0000000014975000 	/System/Library/Frameworks/ImageIO.framework/Versions/A/ImageIO
0x0000000014975000 	/System/Library/Frameworks/ColorSync.framework/Versions/A/ColorSync
0x0000000014975000 	/System/Library/Frameworks/ApplicationServices.framework/Versions/A/Frameworks/ATS.framework/Versions/A/ATS
0x0000000014975000 	/System/Library/Frameworks/ApplicationServices.framework/Versions/A/Frameworks/ColorSyncLegacy.framework/Versions/A/ColorSyncLegacy
0x0000000014975000 	/System/Library/Frameworks/ApplicationServices.framework/Versions/A/Frameworks/HIServices.framework/Versions/A/HIServices
0x0000000014975000 	/System/Library/Frameworks/ApplicationServices.framework/Versions/A/Frameworks/LangAnalysis.framework/Versions/A/LangAnalysis
0x0000000014975000 	/System/Library/Frameworks/ApplicationServices.framework/Versions/A/Frameworks/PrintCore.framework/Versions/A/PrintCore
0x0000000014975000 	/System/Library/Frameworks/ApplicationServices.framework/Versions/A/Frameworks/QD.framework/Versions/A/QD
0x0000000014975000 	/System/Library/Frameworks/ApplicationServices.framework/Versions/A/Frameworks/SpeechSynthesis.framework/Versions/A/SpeechSynthesis
0x0000000014975000 	/System/Library/PrivateFrameworks/SkyLight.framework/Versions/A/SkyLight
0x0000000014975000 	/System/Library/Frameworks/Accelerate.framework/Versions/A/Accelerate
0x0000000014975000 	/System/Library/Frameworks/CoreDisplay.framework/Versions/A/CoreDisplay
0x0000000014975000 	/System/Library/Frameworks/IOSurface.framework/Versions/A/IOSurface
0x0000000014975000 	/System/Library/Frameworks/Metal.framework/Versions/A/Metal
0x0000000014975000 	/System/Library/PrivateFrameworks/MultitouchSupport.framework/Versions/A/MultitouchSupport
0x0000000014975000 	/System/Library/Frameworks/QuartzCore.framework/Versions/A/QuartzCore
0x0000000014975000 	/System/Library/Frameworks/Accelerate.framework/Versions/A/Frameworks/vImage.framework/Versions/A/vImage
0x0000000014975000 	/System/Library/Frameworks/Accelerate.framework/Versions/A/Frameworks/vecLib.framework/Versions/A/vecLib
0x0000000014975000 	/System/Library/Frameworks/Accelerate.framework/Versions/A/Frameworks/vecLib.framework/Versions/A/libvDSP.dylib
0x0000000014975000 	/System/Library/Frameworks/Accelerate.framework/Versions/A/Frameworks/vecLib.framework/Versions/A/libBNNS.dylib
0x0000000014975000 	/System/Library/Frameworks/Accelerate.framework/Versions/A/Frameworks/vecLib.framework/Versions/A/libQuadrature.dylib
0x0000000014975000 	/System/Library/Frameworks/Accelerate.framework/Versions/A/Frameworks/vecLib.framework/Versions/A/libvMisc.dylib
0x0000000014975000 	/System/Library/Frameworks/Accelerate.framework/Versions/A/Frameworks/vecLib.framework/Versions/A/libLAPACK.dylib
0x0000000014975000 	/System/Library/Frameworks/Accelerate.framework/Versions/A/Frameworks/vecLib.framework/Versions/A/libBLAS.dylib
0x0000000014975000 	/System/Library/Frameworks/Accelerate.framework/Versions/A/Frameworks/vecLib.framework/Versions/A/libLinearAlgebra.dylib
0x0000000014975000 	/System/Library/Frameworks/Accelerate.framework/Versions/A/Frameworks/vecLib.framework/Versions/A/libSparse.dylib
0x0000000014975000 	/System/Library/Frameworks/Accelerate.framework/Versions/A/Frameworks/vecLib.framework/Versions/A/libSparseBLAS.dylib
0x0000000014975000 	/System/Library/PrivateFrameworks/IOAccelerator.framework/Versions/A/IOAccelerator
0x0000000014975000 	/System/Library/PrivateFrameworks/IOPresentment.framework/Versions/A/IOPresentment
0x0000000014975000 	/System/Library/PrivateFrameworks/DSExternalDisplay.framework/Versions/A/DSExternalDisplay
0x0000000014975000 	/System/Library/Frameworks/OpenGL.framework/Versions/A/Libraries/libCoreFSCache.dylib
0x0000000014975000 	/System/Library/Frameworks/CoreImage.framework/Versions/A/CoreImage
0x0000000014975000 	/System/Library/Frameworks/CoreVideo.framework/Versions/A/CoreVideo
0x0000000014975000 	/System/Library/Frameworks/OpenGL.framework/Versions/A/OpenGL
0x0000000014975000 	/System/Library/PrivateFrameworks/GraphVisualizer.framework/Versions/A/GraphVisualizer
0x0000000014975000 	/System/Library/Frameworks/MetalPerformanceShaders.framework/Versions/A/MetalPerformanceShaders
0x0000000014975000 	/usr/lib/libFosl_dynamic.dylib
0x0000000014975000 	/System/Library/PrivateFrameworks/FaceCore.framework/Versions/A/FaceCore
0x0000000014975000 	/System/Library/Frameworks/OpenCL.framework/Versions/A/OpenCL
0x0000000014975000 	/usr/lib/libcompression.dylib
0x0000000014975000 	/System/Library/Frameworks/ApplicationServices.framework/Versions/A/Frameworks/ATS.framework/Versions/A/Resources/libFontParser.dylib
0x0000000014975000 	/System/Library/Frameworks/ApplicationServices.framework/Versions/A/Frameworks/ATS.framework/Versions/A/Resources/libFontRegistry.dylib
0x0000000014975000 	/System/Library/Frameworks/ImageIO.framework/Versions/A/Resources/libJPEG.dylib
0x0000000014975000 	/System/Library/Frameworks/ImageIO.framework/Versions/A/Resources/libTIFF.dylib
0x0000000014975000 	/System/Library/Frameworks/ImageIO.framework/Versions/A/Resources/libPng.dylib
0x0000000014975000 	/System/Library/Frameworks/ImageIO.framework/Versions/A/Resources/libGIF.dylib
0x0000000014975000 	/System/Library/Frameworks/ImageIO.framework/Versions/A/Resources/libJP2.dylib
0x0000000014975000 	/System/Library/Frameworks/ImageIO.framework/Versions/A/Resources/libRadiance.dylib
0x0000000014975000 	/System/Library/PrivateFrameworks/AppleJPEG.framework/Versions/A/AppleJPEG
0x0000000014975000 	/System/Library/PrivateFrameworks/MetalTools.framework/Versions/A/MetalTools
0x0000000014975000 	/System/Library/Frameworks/MetalPerformanceShaders.framework/Frameworks/MPSCore.framework/Versions/A/MPSCore
0x0000000014975000 	/System/Library/Frameworks/MetalPerformanceShaders.framework/Frameworks/MPSImage.framework/Versions/A/MPSImage
0x0000000014975000 	/System/Library/Frameworks/MetalPerformanceShaders.framework/Frameworks/MPSMatrix.framework/Versions/A/MPSMatrix
0x0000000014975000 	/System/Library/Frameworks/MetalPerformanceShaders.framework/Frameworks/MPSNeuralNetwork.framework/Versions/A/MPSNeuralNetwork
0x0000000014975000 	/System/Library/Frameworks/OpenGL.framework/Versions/A/Libraries/libGLU.dylib
0x0000000014975000 	/System/Library/Frameworks/OpenGL.framework/Versions/A/Libraries/libGFXShared.dylib
0x0000000014975000 	/System/Library/Frameworks/OpenGL.framework/Versions/A/Libraries/libGL.dylib
0x0000000014975000 	/System/Library/Frameworks/OpenGL.framework/Versions/A/Libraries/libGLImage.dylib
0x0000000014975000 	/System/Library/Frameworks/OpenGL.framework/Versions/A/Libraries/libCVMSPluginSupport.dylib
0x0000000014975000 	/System/Library/Frameworks/OpenGL.framework/Versions/A/Libraries/libCoreVMClient.dylib
0x0000000014975000 	/usr/lib/libcups.2.dylib
0x0000000014975000 	/System/Library/Frameworks/Kerberos.framework/Versions/A/Kerberos
0x0000000014975000 	/System/Library/Frameworks/GSS.framework/Versions/A/GSS
0x0000000014975000 	/usr/lib/libresolv.9.dylib
0x0000000014975000 	/System/Library/PrivateFrameworks/Heimdal.framework/Versions/A/Heimdal
0x0000000014975000 	/usr/lib/libheimdal-asn1.dylib
0x0000000014975000 	/System/Library/Frameworks/OpenDirectory.framework/Versions/A/OpenDirectory
0x0000000014975000 	/System/Library/PrivateFrameworks/CommonAuth.framework/Versions/A/CommonAuth
0x0000000014975000 	/System/Library/Frameworks/OpenDirectory.framework/Versions/A/Frameworks/CFOpenDirectory.framework/Versions/A/CFOpenDirectory
0x0000000014975000 	/System/Library/Frameworks/SecurityFoundation.framework/Versions/A/SecurityFoundation
0x0000000014975000 	/System/Library/PrivateFrameworks/APFS.framework/Versions/A/APFS
0x0000000014975000 	/usr/lib/libutil.dylib
0x0000000014975000 	/System/Library/Frameworks/CoreAudio.framework/Versions/A/CoreAudio
0x0000000014975000 	/System/Library/Frameworks/AudioToolbox.framework/Versions/A/AudioToolbox
0x0000000014975000 	/System/Library/PrivateFrameworks/AppleSauce.framework/Versions/A/AppleSauce
0x0000000014975000 	/System/Library/PrivateFrameworks/LinguisticData.framework/Versions/A/LinguisticData
0x0000000014975000 	/usr/lib/libmarisa.dylib
0x0000000014975000 	/System/Library/PrivateFrameworks/Lexicon.framework/Versions/A/Lexicon
0x0000000014975000 	/usr/lib/libChineseTokenizer.dylib
0x0000000014975000 	/usr/lib/libcmph.dylib
0x0000000014975000 	/System/Library/PrivateFrameworks/LanguageModeling.framework/Versions/A/LanguageModeling
0x0000000014975000 	/System/Library/Frameworks/CoreData.framework/Versions/A/CoreData
0x0000000014975000 	/System/Library/PrivateFrameworks/CoreEmoji.framework/Versions/A/CoreEmoji
0x0000000014975000 	/System/Library/Frameworks/ServiceManagement.framework/Versions/A/ServiceManagement
0x0000000014975000 	/System/Library/PrivateFrameworks/BackgroundTaskManagement.framework/Versions/A/BackgroundTaskManagement
0x0000000014975000 	/usr/lib/libxslt.1.dylib
0x000000010cd1f000 	/Applications/IBM/SPSS/Statistics/25/SPSSStatistics.app/Contents/lib/libdatastr.dylib
0x000000010cd40000 	/Applications/IBM/SPSS/Statistics/25/SPSSStatistics.app/Contents/lib/libstacrypt.dylib
0x000000010cd51000 	/Applications/IBM/SPSS/Statistics/25/SPSSStatistics.app/Contents/lib/libmccomsps.dylib
0x000000010ce56000 	/Applications/IBM/SPSS/Statistics/25/SPSSStatistics.app/Contents/lib/libspsspool.dylib
0x000000010ce97000 	/Applications/IBM/SPSS/Statistics/25/SPSSStatistics.app/Contents/lib/libxchart.dylib
0x000000010cf1f000 	/Applications/IBM/SPSS/Statistics/25/SPSSStatistics.app/Contents/lib/libviewerxml.dylib
0x000000010f9c7000 	/Applications/IBM/SPSS/Statistics/25/SPSSStatistics.app/Contents/lib/libspsswctl.dylib
0x000000010fadb000 	/Applications/IBM/SPSS/Statistics/25/SPSSStatistics.app/Contents/lib/libuparser.dylib
0x000000010fb48000 	/Applications/IBM/SPSS/Statistics/25/SPSSStatistics.app/Contents/lib/libspssdx.dylib
0x000000010fb74000 	/Applications/IBM/SPSS/Statistics/25/SPSSStatistics.app/Contents/lib/libomsopmgr.dylib
0x000000010fb9b000 	/Applications/IBM/SPSS/Statistics/25/SPSSStatistics.app/Contents/lib/libspsswcis.dylib
0x000000010fccc000 	/Applications/IBM/SPSS/Statistics/25/SPSSStatistics.app/Contents/lib/libspsswmsg.dylib
0x000000010fcf4000 	/Applications/IBM/SPSS/Statistics/25/SPSSStatistics.app/Contents/lib/libuadapter.dylib
0x000000010fd29000 	/Applications/IBM/SPSS/Statistics/25/SPSSStatistics.app/Contents/lib/libspssclef.dylib
0x000000010fd6d000 	/Applications/IBM/SPSS/Statistics/25/SPSSStatistics.app/Contents/ext/bin/spss.common/libcfcore.dylib
0x000000010fe52000 	/Applications/IBM/SPSS/Statistics/25/SPSSStatistics.app/Contents/ext/bin/spss.common/libcfcommon.dylib
0x000000010fecb000 	/Applications/IBM/SPSS/Statistics/25/SPSSStatistics.app/Contents/lib/libfmsgs.dylib
0x000000010feff000 	/Applications/IBM/SPSS/Statistics/25/SPSSStatistics.app/Contents/lib/libnetcom.dylib
0x000000010cfe4000 	/Applications/IBM/SPSS/Statistics/25/SPSSStatistics.app/Contents/lib/libfwutility.dylib
0x000000010cfec000 	/Applications/IBM/SPSS/Statistics/25/SPSSStatistics.app/Contents/lib/libfilesort.dylib
0x000000010ff27000 	/Applications/IBM/SPSS/Statistics/25/SPSSStatistics.app/Contents/lib/libmtxp.dylib
0x000000010ff43000 	/Applications/IBM/SPSS/Statistics/25/SPSSStatistics.app/Contents/ext/bin/spss.common/libcorethread.dylib
0x0000000107c42000 	/Applications/IBM/SPSS/Statistics/25/SPSSStatistics.app/Contents/ext/bin/spss.common/libcfthread.dylib
0x000000010ff53000 	/Applications/IBM/SPSS/Statistics/25/SPSSStatistics.app/Contents/common/ext/bin/spss.common/libcfcomserv.dylib
0x000000010ff6b000 	/Applications/IBM/SPSS/Statistics/25/SPSSStatistics.app/Contents/ext/bin/spss.common/libcfextension.dylib
0x000000010ffa3000 	/Applications/IBM/SPSS/Statistics/25/SPSSStatistics.app/Contents/ext/bin/spss.common/libcffilter.dylib
0x000000010ffb2000 	/Applications/IBM/SPSS/Statistics/25/SPSSStatistics.app/Contents/ext/bin/spss.common/libcfcatencode.dylib
0x0000000107cbb000 	/Applications/IBM/SPSS/Statistics/25/SPSSStatistics.app/Contents/ext/bin/spss.common/libcfcomstatistic.dylib
0x000000010ffd1000 	/Applications/IBM/SPSS/Statistics/25/SPSSStatistics.app/Contents/ext/bin/spss.common/libtempfiles.dylib
0x00000001117f7000 	/Applications/IBM/SPSS/Statistics/25/SPSSStatistics.app/Contents/lib/libpesrepo.dylib
0x0000000112113000 	/Applications/IBM/SPSS/Statistics/25/SPSSStatistics.app/Contents/lib/libspsswfil.dylib
0x00000001121b3000 	/Applications/IBM/SPSS/Statistics/25/SPSSStatistics.app/Contents/lib/libchartxml.dylib
0x0000000112613000 	/Applications/IBM/SPSS/Statistics/25/SPSSStatistics.app/Contents/lib/libspsswoms.dylib
0x0000000112642000 	/Applications/IBM/SPSS/Statistics/25/SPSSStatistics.app/Contents/lib/libspsswbst.dylib
0x0000000112652000 	/Applications/IBM/SPSS/Statistics/25/SPSSStatistics.app/Contents/JRE/lib/jli/libjli.dylib
0x0000000014975000 	/System/Library/Frameworks/Cocoa.framework/Versions/A/Cocoa
0x0000000014975000 	/System/Library/Frameworks/AppKit.framework/Versions/C/AppKit
0x0000000014975000 	/System/Library/PrivateFrameworks/RemoteViewServices.framework/Versions/A/RemoteViewServices
0x0000000014975000 	/System/Library/PrivateFrameworks/UIFoundation.framework/Versions/A/UIFoundation
0x0000000014975000 	/System/Library/PrivateFrameworks/DFRFoundation.framework/Versions/A/DFRFoundation
0x0000000014975000 	/System/Library/PrivateFrameworks/DesktopServicesPriv.framework/Versions/A/DesktopServicesPriv
0x0000000014975000 	/usr/lib/libScreenReader.dylib
0x0000000014975000 	/System/Library/Frameworks/AudioUnit.framework/Versions/A/AudioUnit
0x0000000014975000 	/System/Library/PrivateFrameworks/DataDetectorsCore.framework/Versions/A/DataDetectorsCore
0x0000000014975000 	/System/Library/Frameworks/Carbon.framework/Versions/A/Frameworks/HIToolbox.framework/Versions/A/HIToolbox
0x0000000014975000 	/System/Library/Frameworks/Carbon.framework/Versions/A/Frameworks/SpeechRecognition.framework/Versions/A/SpeechRecognition
0x0000000014975000 	/System/Library/PrivateFrameworks/CoreUI.framework/Versions/A/CoreUI
0x0000000014975000 	/System/Library/PrivateFrameworks/PerformanceAnalysis.framework/Versions/A/PerformanceAnalysis
0x0000000014975000 	/System/Library/PrivateFrameworks/Backup.framework/Versions/A/Backup
0x0000000014975000 	/System/Library/Frameworks/Carbon.framework/Versions/A/Frameworks/Ink.framework/Versions/A/Ink
0x0000000014975000 	/System/Library/PrivateFrameworks/TextureIO.framework/Versions/A/TextureIO
0x0000000014975000 	/usr/lib/libate.dylib
0x0000000014975000 	/System/Library/PrivateFrameworks/CrashReporterSupport.framework/Versions/A/CrashReporterSupport
0x0000000014975000 	/System/Library/PrivateFrameworks/Sharing.framework/Versions/A/Sharing
0x0000000014975000 	/System/Library/PrivateFrameworks/IconServices.framework/Versions/A/IconServices
0x0000000014975000 	/System/Library/PrivateFrameworks/ProtocolBuffer.framework/Versions/A/ProtocolBuffer
0x0000000014975000 	/System/Library/PrivateFrameworks/Apple80211.framework/Versions/A/Apple80211
0x0000000014975000 	/System/Library/Frameworks/CoreWLAN.framework/Versions/A/CoreWLAN
0x0000000014975000 	/System/Library/PrivateFrameworks/CoreUtils.framework/Versions/A/CoreUtils
0x0000000014975000 	/System/Library/Frameworks/IOBluetooth.framework/Versions/A/IOBluetooth
0x0000000014975000 	/System/Library/PrivateFrameworks/CoreWiFi.framework/Versions/A/CoreWiFi
0x0000000014975000 	/System/Library/Frameworks/CoreBluetooth.framework/Versions/A/CoreBluetooth
0x0000000014975000 	/System/Library/PrivateFrameworks/SignpostNotification.framework/Versions/A/SignpostNotification
0x0000000014975000 	/System/Library/PrivateFrameworks/DebugSymbols.framework/Versions/A/DebugSymbols
0x0000000014975000 	/System/Library/PrivateFrameworks/CoreSymbolication.framework/Versions/A/CoreSymbolication
0x0000000014975000 	/System/Library/PrivateFrameworks/Symbolication.framework/Versions/A/Symbolication
0x0000000014975000 	/System/Library/PrivateFrameworks/AppleFSCompression.framework/Versions/A/AppleFSCompression
0x0000000014975000 	/System/Library/PrivateFrameworks/SpeechRecognitionCore.framework/Versions/A/SpeechRecognitionCore
0x00000001147c3000 	/Applications/IBM/SPSS/Statistics/25/SPSSStatistics.app/Contents/JRE//lib/server/libjvm.dylib
0x0000000112662000 	/Applications/IBM/SPSS/Statistics/25/SPSSStatistics.app/Contents/JRE/lib/libverify.dylib
0x0000000112670000 	/Applications/IBM/SPSS/Statistics/25/SPSSStatistics.app/Contents/JRE/lib/libjava.dylib
0x00000001126a5000 	/Applications/IBM/SPSS/Statistics/25/SPSSStatistics.app/Contents/JRE/lib/libzip.dylib
0x0000000014975000 	/System/Library/Frameworks/JavaVM.framework/Versions/A/Frameworks/JavaRuntimeSupport.framework/Versions/A/JavaRuntimeSupport
0x0000000014975000 	/System/Library/Frameworks/JavaVM.framework/Versions/A/Frameworks/JavaNativeFoundation.framework/Versions/A/JavaNativeFoundation
0x0000000014975000 	/System/Library/Frameworks/JavaVM.framework/Versions/A/JavaVM
0x0000000014975000 	/System/Library/Frameworks/Carbon.framework/Versions/A/Carbon
0x0000000014975000 	/System/Library/PrivateFrameworks/JavaLaunching.framework/Versions/A/JavaLaunching
0x0000000014975000 	/System/Library/Frameworks/Carbon.framework/Versions/A/Frameworks/CommonPanels.framework/Versions/A/CommonPanels
0x0000000014975000 	/System/Library/Frameworks/Carbon.framework/Versions/A/Frameworks/Help.framework/Versions/A/Help
0x0000000014975000 	/System/Library/Frameworks/Carbon.framework/Versions/A/Frameworks/ImageCapture.framework/Versions/A/ImageCapture
0x0000000014975000 	/System/Library/Frameworks/Carbon.framework/Versions/A/Frameworks/OpenScripting.framework/Versions/A/OpenScripting
0x0000000014975000 	/System/Library/Frameworks/Carbon.framework/Versions/A/Frameworks/Print.framework/Versions/A/Print
0x0000000014975000 	/System/Library/Frameworks/Carbon.framework/Versions/A/Frameworks/SecurityHI.framework/Versions/A/SecurityHI
0x000000012cce2000 	/Applications/IBM/SPSS/Statistics/25/SPSSStatistics.app/Contents/JRE/lib/libmanagement.dylib
0x000000012ccf0000 	/Applications/IBM/SPSS/Statistics/25/SPSSStatistics.app/Contents/JRE/lib/libnet.dylib
0x000000011180a000 	/Applications/IBM/SPSS/Statistics/25/SPSSStatistics.app/Contents/JRE/lib/libosx.dylib
0x0000000111818000 	/Applications/IBM/SPSS/Statistics/25/SPSSStatistics.app/Contents/JRE/lib/./libosxapp.dylib
0x0000000014975000 	/System/Library/Frameworks/ExceptionHandling.framework/Versions/A/ExceptionHandling
0x000000011189d000 	/Applications/IBM/SPSS/Statistics/25/SPSSStatistics.app/Contents/JRE/lib/libawt.dylib
0x0000000111945000 	/Applications/IBM/SPSS/Statistics/25/SPSSStatistics.app/Contents/JRE/lib/./libmlib_image.dylib
0x0000000111a11000 	/Applications/IBM/SPSS/Statistics/25/SPSSStatistics.app/Contents/JRE/lib/libawt_lwawt.dylib
0x0000000111ac8000 	/Applications/IBM/SPSS/Statistics/25/SPSSStatistics.app/Contents/lib/libjniviewer.dylib
0x0000000111b64000 	/Applications/IBM/SPSS/Statistics/25/SPSSStatistics.app/Contents/JRE/lib/libfontmanager.dylib
0x0000000014975000 	/System/Library/PrivateFrameworks/CoreServicesInternal.framework/Versions/A/CoreServicesInternal
0x00000001132d7000 	/Applications/IBM/SPSS/Statistics/25/SPSSStatistics.app/Contents/JRE/lib/libnio.dylib
0x0000000014975000 	/System/Library/Frameworks/ApplicationServices.framework/Versions/A/Frameworks/ATS.framework/Versions/A/Resources/libTrueTypeScaler.dylib
0x000000012ce4e000 	/Applications/IBM/SPSS/Statistics/25/SPSSStatistics.app/Contents/lib/libspsswone.dylib
0x000000012ce81000 	/Applications/IBM/SPSS/Statistics/25/SPSSStatistics.app/Contents/lib/libspssweda.dylib

VM Arguments:
jvm_args: -Djava.library.path=/Applications/IBM/SPSS/Statistics/25/SPSSStatistics.app/Contents/bin/../JRE/lib/jli/:/Applications/IBM/SPSS/Statistics/25/SPSSStatistics.app/Contents/bin/../JRE/lib/:/Applications/IBM/SPSS/Statistics/25/SPSSStatistics.app/Contents/bin/../lib/:/Applications/IBM/SPSS/Statistics/25/SPSSStatistics.app/Contents/bin/ -Dapplication.home=/Applications/IBM/SPSS/Statistics/25/SPSSStatistics.app/Contents/bin -Dstatistics.home=/Applications/IBM/SPSS/Statistics/25/SPSSStatistics.app/Contents/bin -Djava.awt.headless=true -Dcom.sun.media.jai.disableMediaLib=true -Xms256M -Xmx2048M -XX:-UsePerfData -Dcom.ibm.jsse2.overrideDefaultProtocol=TLSv12 -Djava.io.tmpdir=/tmp/spssSRfceG/ 
java_command: <unknown>
java_class_path (initial): :/Applications/IBM/SPSS/Statistics/25/SPSSStatistics.app/Contents/bin/ChartEditor.jar:/Applications/IBM/SPSS/Statistics/25/SPSSStatistics.app/Contents/bin/ChartEditorRes.jar:/Applications/IBM/SPSS/Statistics/25/SPSSStatistics.app/Contents/bin/CoreTools.jar:/Applications/IBM/SPSS/Statistics/25/SPSSStatistics.app/Contents/bin/CustomDialogBuilder.jar:/Applications/IBM/SPSS/Statistics/25/SPSSStatistics.app/Contents/bin/CustomDialogBuilderRes.jar:/Applications/IBM/SPSS/Statistics/25/SPSSStatistics.app/Contents/bin/ExViewerDialogDemo.jar:/Applications/IBM/SPSS/Statistics/25/SPSSStatistics.app/Contents/bin/ExViewerFrameDemo.jar:/Applications/IBM/SPSS/Statistics/25/SPSSStatistics.app/Contents/bin/ExportTools.jar:/Applications/IBM/SPSS/Statistics/25/SPSSStatistics.app/Contents/bin/ExtensionManager.jar:/Applications/IBM/SPSS/Statistics/25/SPSSStatistics.app/Contents/bin/ExtensionManagerRes.jar:/Applications/IBM/SPSS/Statistics/25/SPSSStatistics.app/Contents/bin/FieldChooser.jar:/Applications/IBM/SPSS/Statistics/25/SPSSStatistics.app/Contents/bin/InstallExtBundles.jar:/Applications/IBM/SPSS/Statistics/25/SPSSStatistics.app/Contents/bin/InstallExtBundlesRes.jar:/Applications/IBM/SPSS/Statistics/25/SPSSStatistics.app/Contents/bin/JRegEdit.jar:/Applications/IBM/SPSS/Statistics/25/SPSSStatistics.app/Contents/bin/JimiProClasses.jar:/Applications/IBM/SPSS/Statistics/25/SPSSStatistics.app/Contents/bin/LightTable.jar:/Applications/IBM/SPSS/Statistics/25/SPSSStatistics.app/Contents/bin/ModelViewer.jar:/Applications/IBM/SPSS/Statistics/25/SPSSStatistics.app/Contents/bin/PivotTableEditor.jar:/Applications/IBM/SPSS/Statistics/25/SPSSStatistics.app/Contents/bin/PivotTableEditorRes.jar:/Applications/IBM/SPSS/Statistics/25/SPSSStatistics.app/Contents/bin/RConfig.jar:/Applications/IBM/SPSS/Statistics/25/SPSSStatistics.app/Contents/bin/RapidSpell.jar:/Applications/IBM/SPSS/Statistics/25/SPSSStatistics.app/Contents/bin/RapidSpellMDict.jar:/Applications/IBM/SPSS/Stat
Launcher Type: generic

Environment Variables:
PATH=/Applications/IBM/SPSS/Statistics/25/SPSSStatistics.app/Contents/bin:/usr/bin:/bin:/usr/sbin:/sbin
SHELL=/bin/bash
DISPLAY=/private/tmp/com.apple.launchd.UpHxmYwgUA/org.macosforge.xquartz:0
DYLD_LIBRARY_PATH=/Applications/IBM/SPSS/Statistics/25/SPSSStatistics.app/Contents/lib:/Applications/IBM/SPSS/Statistics/25/SPSSStatistics.app/Contents/common/ext/bin/spss.common:/Applications/IBM/SPSS/Statistics/25/SPSSStatistics.app/Contents/ext/bin/spss.common:/Applications/IBM/SPSS/Statistics/25/SPSSStatistics.app/Contents/lib:/Applications/IBM/SPSS/Statistics/25/SPSSStatistics.app/Contents/Library/Frameworks/Sentinel.framework:/Applications/IBM/SPSS/Statistics/25/SPSSStatistics.app/Contents/Library/Frameworks/SuperPro.framework:/Applications/IBM/SPSS/Statistics/25/SPSSStatistics.app/Contents/JRE/lib/jli

Signal Handlers:
SIGSEGV: [libjvm.dylib+0x5b1141], sa_mask[0]=11111111011111110111111111111111, sa_flags=SA_ONSTACK|SA_RESTART|SA_SIGINFO
SIGBUS: [libjvm.dylib+0x5b1141], sa_mask[0]=11111111011111110111111111111111, sa_flags=SA_RESTART|SA_SIGINFO
SIGFPE: [libjvm.dylib+0x487bc4], sa_mask[0]=11111111011111110111111111111111, sa_flags=SA_RESTART|SA_SIGINFO
SIGPIPE: [libjvm.dylib+0x487bc4], sa_mask[0]=11111111011111110111111111111111, sa_flags=SA_RESTART|SA_SIGINFO
SIGXFSZ: [libjvm.dylib+0x487bc4], sa_mask[0]=11111111011111110111111111111111, sa_flags=SA_RESTART|SA_SIGINFO
SIGILL: [libjvm.dylib+0x487bc4], sa_mask[0]=11111111011111110111111111111111, sa_flags=SA_RESTART|SA_SIGINFO
SIGUSR1: SIG_DFL, sa_mask[0]=00000000000000000000000000000000, sa_flags=none
SIGUSR2: [libjvm.dylib+0x4876e2], sa_mask[0]=00100000000000000000000000000000, sa_flags=SA_RESTART|SA_SIGINFO
SIGHUP: [libjvm.dylib+0x485cb9], sa_mask[0]=11111111011111110111111111111111, sa_flags=SA_RESTART|SA_SIGINFO
SIGINT: [libjvm.dylib+0x485cb9], sa_mask[0]=11111111011111110111111111111111, sa_flags=SA_RESTART|SA_SIGINFO
SIGTERM: [libjvm.dylib+0x485cb9], sa_mask[0]=11111111011111110111111111111111, sa_flags=SA_RESTART|SA_SIGINFO
SIGQUIT: [libjvm.dylib+0x485cb9], sa_mask[0]=11111111011111110111111111111111, sa_flags=SA_RESTART|SA_SIGINFO


---------------  S Y S T E M  ---------------

OS:Bsduname:Darwin 17.3.0 Darwin Kernel Version 17.3.0: Thu Nov  9 18:09:22 PST 2017; root:xnu-4570.31.3~1/RELEASE_X86_64 x86_64
rlimit: STACK 8192k, CORE 0k, NPROC 1418, NOFILE 10240, AS infinity
load average:2.05 2.17 2.13

CPU:total 8 (4 cores per cpu, 2 threads per core) family 6 model 70 stepping 1, cmov, cx8, fxsr, mmx, sse, sse2, sse3, ssse3, sse4.1, sse4.2, popcnt, avx, avx2, aes, clmul, erms, lzcnt, ht, tsc, tscinvbit, bmi1, bmi2

Memory: 4k page, physical 16777216k(18056k free)

/proc/meminfo:


vm_info: Java HotSpot(TM) 64-Bit Server VM (25.121-b13) for bsd-amd64 JRE (1.8.0_121-b13), built on Dec 12 2016 20:39:32 by "java_re" with gcc 4.2.1 (Based on Apple Inc. build 5658) (LLVM build 2336.11.00)

time: Thu May 24 07:29:17 2018
elapsed time: 30 seconds (0d 0h 0m 30s)

